https://www.kechiq.com/product/armani-exchange-watch-ax2416-128750 ||| https://www.kechiq.com/src/img/products/armani-exchange-ax2416-128750.jpg ||| /Users/lcchai/Work/assets/kechiq/armani-exchange-ax2416-128750.jpg
https://www.kechiq.com/product/armani-exchange-watch-ax2417-128751 ||| https://www.kechiq.com/src/img/products/armani-exchange-ax2417-128751.jpg ||| /Users/lcchai/Work/assets/kechiq/armani-exchange-ax2417-128751.jpg
https://www.kechiq.com/product/armani-exchange-watch-ax2418-128752 ||| https://www.kechiq.com/src/img/products/armani-exchange-ax2418-128752.jpg ||| /Users/lcchai/Work/assets/kechiq/armani-exchange-ax2418-128752.jpg
https://www.kechiq.com/product/armani-exchange-watch-ax2724-128753 ||| https://www.kechiq.com/src/img/products/armani-exchange-ax2724-128753.jpg ||| /Users/lcchai/Work/assets/kechiq/armani-exchange-ax2724-128753.jpg
https://www.kechiq.com/product/armani-exchange-watch-ax2850-128754 ||| https://www.kechiq.com/src/img/products/armani-exchange-ax2850-128754.jpg ||| /Users/lcchai/Work/assets/kechiq/armani-exchange-ax2850-128754.jpg
https://www.kechiq.com/product/armani-exchange-watch-ax2852-128755 ||| https://www.kechiq.com/src/img/products/armani-exchange-ax2852-128755.jpg ||| /Users/lcchai/Work/assets/kechiq/armani-exchange-ax2852-128755.jpg
https://www.kechiq.com/product/armani-exchange-watch-ax4366-128756 ||| https://www.kechiq.com/src/img/products/armani-exchange-ax4366-128756.jpg ||| /Users/lcchai/Work/assets/kechiq/armani-exchange-ax4366-128756.jpg
https://www.kechiq.com/product/armani-exchange-watch-ax5379-128757 ||| https://www.kechiq.com/src/img/products/armani-exchange-ax5379-128757.jpg ||| /Users/lcchai/Work/assets/kechiq/armani-exchange-ax5379-128757.jpg
https://www.kechiq.com/product/armani-exchange-watch-ax5380-128758 ||| https://www.kechiq.com/src/img/products/armani-exchange-ax5380-128758.jpg ||| /Users/lcchai/Work/assets/kechiq/armani-exchange-ax5380-128758.jpg
https://www.kechiq.com/product/armani-exchange-watch-ax5381-128759 ||| https://www.kechiq.com/src/img/products/armani-exchange-ax5381-128759.jpg ||| /Users/lcchai/Work/assets/kechiq/armani-exchange-ax5381-128759.jpg
https://www.kechiq.com/product/armani-exchange-watch-ax54421-128760 ||| https://www.kechiq.com/src/img/products/armani-exchange-ax54421-128760.jpg ||| /Users/lcchai/Work/assets/kechiq/armani-exchange-ax54421-128760.jpg
https://www.kechiq.com/product/armani-exchange-watch-ax5565-128761 ||| https://www.kechiq.com/src/img/products/armani-exchange-ax5565-128761.jpg ||| /Users/lcchai/Work/assets/kechiq/armani-exchange-ax5565-128761.jpg
https://www.kechiq.com/product/armani-exchange-watch-ax5566-128762 ||| https://www.kechiq.com/src/img/products/armani-exchange-ax5566-128762.jpg ||| /Users/lcchai/Work/assets/kechiq/armani-exchange-ax5566-128762.jpg
https://www.kechiq.com/product/armani-exchange-watch-ax5567-128763 ||| https://www.kechiq.com/src/img/products/armani-exchange-ax5567-128763.jpg ||| /Users/lcchai/Work/assets/kechiq/armani-exchange-ax5567-128763.jpg
https://www.kechiq.com/product/armani-exchange-watch-ax5908-128764 ||| https://www.kechiq.com/src/img/products/armani-exchange-ax5908-128764.jpg ||| /Users/lcchai/Work/assets/kechiq/armani-exchange-ax5908-128764.jpg
https://www.kechiq.com/product/armani-exchange-watch-ax5909-128765 ||| https://www.kechiq.com/src/img/products/armani-exchange-ax5909-128765.jpg ||| /Users/lcchai/Work/assets/kechiq/armani-exchange-ax5909-128765.jpg
https://www.kechiq.com/product/armani-exchange-watch-ax5910-128766 ||| https://www.kechiq.com/src/img/products/armani-exchange-ax5910-128766.jpg ||| /Users/lcchai/Work/assets/kechiq/armani-exchange-ax5910-128766.jpg
https://www.kechiq.com/product/baldinini-watch-01g02adria-132409 ||| https://www.kechiq.com/src/img/products/baldinini-01g02adria-132409.jpg ||| /Users/lcchai/Work/assets/kechiq/baldinini-01g02adria-132409.jpg
https://www.kechiq.com/product/baldinini-watch-01g03adria-132410 ||| https://www.kechiq.com/src/img/products/baldinini-01g03adria-132410.jpg ||| /Users/lcchai/Work/assets/kechiq/baldinini-01g03adria-132410.jpg
https://www.kechiq.com/product/baldinini-watch-01g04adria-132411 ||| https://www.kechiq.com/src/img/products/baldinini-01g04adria-132411.jpg ||| /Users/lcchai/Work/assets/kechiq/baldinini-01g04adria-132411.jpg
https://www.kechiq.com/product/baldinini-watch-01g05adria-132412 ||| https://www.kechiq.com/src/img/products/baldinini-01g05adria-132412.jpg ||| /Users/lcchai/Work/assets/kechiq/baldinini-01g05adria-132412.jpg
https://www.kechiq.com/product/baldinini-watch-01l01adria-132414 ||| https://www.kechiq.com/src/img/products/baldinini-01l01adria-132414.jpg ||| /Users/lcchai/Work/assets/kechiq/baldinini-01l01adria-132414.jpg
https://www.kechiq.com/product/baldinini-watch-01l02adria-132415 ||| https://www.kechiq.com/src/img/products/baldinini-01l02adria-132415.jpg ||| /Users/lcchai/Work/assets/kechiq/baldinini-01l02adria-132415.jpg
https://www.kechiq.com/product/baldinini-watch-01l04adria-132417 ||| https://www.kechiq.com/src/img/products/baldinini-01l04adria-132417.jpg ||| /Users/lcchai/Work/assets/kechiq/baldinini-01l04adria-132417.jpg
https://www.kechiq.com/product/baldinini-watch-01l05adria-132418 ||| https://www.kechiq.com/src/img/products/baldinini-01l05adria-132418.jpg ||| /Users/lcchai/Work/assets/kechiq/baldinini-01l05adria-132418.jpg
https://www.kechiq.com/product/baldinini-watch-02g01acqua-132420 ||| https://www.kechiq.com/src/img/products/baldinini-02g01acqua-132420.jpg ||| /Users/lcchai/Work/assets/kechiq/baldinini-02g01acqua-132420.jpg
https://www.kechiq.com/product/baldinini-watch-02g02acqua-132421 ||| https://www.kechiq.com/src/img/products/baldinini-02g02acqua-132421.jpg ||| /Users/lcchai/Work/assets/kechiq/baldinini-02g02acqua-132421.jpg
https://www.kechiq.com/product/baldinini-watch-02g03acqua-132422 ||| https://www.kechiq.com/src/img/products/baldinini-02g03acqua-132422.jpg ||| /Users/lcchai/Work/assets/kechiq/baldinini-02g03acqua-132422.jpg
https://www.kechiq.com/product/baldinini-watch-02g04acqua-132423 ||| https://www.kechiq.com/src/img/products/baldinini-02g04acqua-132423.jpg ||| /Users/lcchai/Work/assets/kechiq/baldinini-02g04acqua-132423.jpg
https://www.kechiq.com/product/baldinini-watch-02g05acqua-132424 ||| https://www.kechiq.com/src/img/products/baldinini-02g05acqua-132424.jpg ||| /Users/lcchai/Work/assets/kechiq/baldinini-02g05acqua-132424.jpg
https://www.kechiq.com/product/baldinini-watch-02l01gibi-132425 ||| https://www.kechiq.com/src/img/products/baldinini-02l01gibi-132425.jpg ||| /Users/lcchai/Work/assets/kechiq/baldinini-02l01gibi-132425.jpg
https://www.kechiq.com/product/baldinini-watch-02l02gibi-132426 ||| https://www.kechiq.com/src/img/products/baldinini-02l02gibi-132426.jpg ||| /Users/lcchai/Work/assets/kechiq/baldinini-02l02gibi-132426.jpg
https://www.kechiq.com/product/baldinini-watch-02l03gibi-132427 ||| https://www.kechiq.com/src/img/products/baldinini-02l03gibi-132427.jpg ||| /Users/lcchai/Work/assets/kechiq/baldinini-02l03gibi-132427.jpg
https://www.kechiq.com/product/baldinini-watch-02l04gibi-132428 ||| https://www.kechiq.com/src/img/products/baldinini-02l04gibi-132428.jpg ||| /Users/lcchai/Work/assets/kechiq/baldinini-02l04gibi-132428.jpg
https://www.kechiq.com/product/baldinini-watch-02l05gibi-132429 ||| https://www.kechiq.com/src/img/products/baldinini-02l05gibi-132429.jpg ||| /Users/lcchai/Work/assets/kechiq/baldinini-02l05gibi-132429.jpg
https://www.kechiq.com/product/baldinini-watch-02l06gibi-132430 ||| https://www.kechiq.com/src/img/products/baldinini-02l06gibi-132430.jpg ||| /Users/lcchai/Work/assets/kechiq/baldinini-02l06gibi-132430.jpg
https://www.kechiq.com/product/baldinini-watch-03l01dona-132431 ||| https://www.kechiq.com/src/img/products/baldinini-03l01dona-132431.jpg ||| /Users/lcchai/Work/assets/kechiq/baldinini-03l01dona-132431.jpg
https://www.kechiq.com/product/baldinini-watch-03l02dona-132432 ||| https://www.kechiq.com/src/img/products/baldinini-03l02dona-132432.jpg ||| /Users/lcchai/Work/assets/kechiq/baldinini-03l02dona-132432.jpg
https://www.kechiq.com/product/baldinini-watch-03l03dona-132433 ||| https://www.kechiq.com/src/img/products/baldinini-03l03dona-132433.jpg ||| /Users/lcchai/Work/assets/kechiq/baldinini-03l03dona-132433.jpg
https://www.kechiq.com/product/baldinini-watch-03l04dona-132434 ||| https://www.kechiq.com/src/img/products/baldinini-03l04dona-132434.jpg ||| /Users/lcchai/Work/assets/kechiq/baldinini-03l04dona-132434.jpg
https://www.kechiq.com/product/bulova-watch-63b185-128767 ||| https://www.kechiq.com/src/img/products/bulova-63b185-128767.jpg ||| /Users/lcchai/Work/assets/kechiq/bulova-63b185-128767.jpg
https://www.kechiq.com/product/bulova-watch-64b124-128768 ||| https://www.kechiq.com/src/img/products/bulova-64b124-128768.jpg ||| /Users/lcchai/Work/assets/kechiq/bulova-64b124-128768.jpg
https://www.kechiq.com/product/bulova-watch-65a105-128769 ||| https://www.kechiq.com/src/img/products/bulova-65a105-128769.jpg ||| /Users/lcchai/Work/assets/kechiq/bulova-65a105-128769.jpg
https://www.kechiq.com/product/bulova-watch-96a227-128770 ||| https://www.kechiq.com/src/img/products/bulova-96a227-128770.jpg ||| /Users/lcchai/Work/assets/kechiq/bulova-96a227-128770.jpg
https://www.kechiq.com/product/bulova-watch-96a232-128771 ||| https://www.kechiq.com/src/img/products/bulova-96a232-128771.jpg ||| /Users/lcchai/Work/assets/kechiq/bulova-96a232-128771.jpg
https://www.kechiq.com/product/bulova-watch-96b235-128772 ||| https://www.kechiq.com/src/img/products/bulova-96b235-128772.jpg ||| /Users/lcchai/Work/assets/kechiq/bulova-96b235-128772.jpg
https://www.kechiq.com/product/bulova-watch-96b295-128774 ||| https://www.kechiq.com/src/img/products/bulova-96b295-128774.jpg ||| /Users/lcchai/Work/assets/kechiq/bulova-96b295-128774.jpg
https://www.kechiq.com/product/bulova-watch-96c105-128775 ||| https://www.kechiq.com/src/img/products/bulova-96c105-128775.jpg ||| /Users/lcchai/Work/assets/kechiq/bulova-96c105-128775.jpg
https://www.kechiq.com/product/bulova-watch-96l278-128776 ||| https://www.kechiq.com/src/img/products/bulova-96l278-128776.jpg ||| /Users/lcchai/Work/assets/kechiq/bulova-96l278-128776.jpg
https://www.kechiq.com/product/bulova-watch-96l291-128777 ||| https://www.kechiq.com/src/img/products/bulova-96l291-128777.jpg ||| /Users/lcchai/Work/assets/kechiq/bulova-96l291-128777.jpg
https://www.kechiq.com/product/bulova-watch-96r215-128778 ||| https://www.kechiq.com/src/img/products/bulova-96r215-128778.jpg ||| /Users/lcchai/Work/assets/kechiq/bulova-96r215-128778.jpg
https://www.kechiq.com/product/bulova-watch-96x144-128779 ||| https://www.kechiq.com/src/img/products/bulova-96x144-128779.jpg ||| /Users/lcchai/Work/assets/kechiq/bulova-96x144-128779.jpg
https://www.kechiq.com/product/bulova-watch-96x145-128780 ||| https://www.kechiq.com/src/img/products/bulova-96x145-128780.jpg ||| /Users/lcchai/Work/assets/kechiq/bulova-96x145-128780.jpg
https://www.kechiq.com/product/bulova-watch-96x155-128781 ||| https://www.kechiq.com/src/img/products/bulova-96x155-128781.jpg ||| /Users/lcchai/Work/assets/kechiq/bulova-96x155-128781.jpg
https://www.kechiq.com/product/bulova-watch-97c110-128782 ||| https://www.kechiq.com/src/img/products/bulova-97c110-128782.jpg ||| /Users/lcchai/Work/assets/kechiq/bulova-97c110-128782.jpg
https://www.kechiq.com/product/bulova-watch-97c111-128783 ||| https://www.kechiq.com/src/img/products/bulova-97c111-128783.jpg ||| /Users/lcchai/Work/assets/kechiq/bulova-97c111-128783.jpg
https://www.kechiq.com/product/bulova-watch-98a156-128784 ||| https://www.kechiq.com/src/img/products/bulova-98a156-128784.jpg ||| /Users/lcchai/Work/assets/kechiq/bulova-98a156-128784.jpg
https://www.kechiq.com/product/bulova-watch-98b178-128785 ||| https://www.kechiq.com/src/img/products/bulova-98b178-128785.jpg ||| /Users/lcchai/Work/assets/kechiq/bulova-98b178-128785.jpg
https://www.kechiq.com/product/bulova-watch-98c121-128786 ||| https://www.kechiq.com/src/img/products/bulova-98c121-128786.jpg ||| /Users/lcchai/Work/assets/kechiq/bulova-98c121-128786.jpg
https://www.kechiq.com/product/burberry-watch-bu1581-129848 ||| https://www.kechiq.com/src/img/products/burberry-bu1581-129848.jpg ||| /Users/lcchai/Work/assets/kechiq/burberry-bu1581-129848.jpg
https://www.kechiq.com/product/burberry-watch-bu9143-129849 ||| https://www.kechiq.com/src/img/products/burberry-bu9143-129849.jpg ||| /Users/lcchai/Work/assets/kechiq/burberry-bu9143-129849.jpg
https://www.kechiq.com/product/calvin-klein-watch-k3m5215x-98548 ||| https://www.kechiq.com/src/img/products/calvin-klein-k3m5215x-98548.jpg ||| /Users/lcchai/Work/assets/kechiq/calvin-klein-k3m5215x-98548.jpg
https://www.kechiq.com/product/calvin-klein-watch-k8m27121-132278 ||| https://www.kechiq.com/src/img/products/calvin-klein-k8m27121-132278.jpg ||| /Users/lcchai/Work/assets/kechiq/calvin-klein-k8m27121-132278.jpg
https://www.kechiq.com/product/calvin-klein-watch-k9a244cy-88490 ||| https://www.kechiq.com/src/img/products/calvin-klein-k9a244cy-88490.jpg ||| /Users/lcchai/Work/assets/kechiq/calvin-klein-k9a244cy-88490.jpg
https://www.kechiq.com/product/casio-g-shock-watch-dw-5600sb-2er-132293 ||| https://www.kechiq.com/src/img/products/casio-g-shock-dw-5600sb-2er-132293.jpg ||| /Users/lcchai/Work/assets/kechiq/casio-g-shock-dw-5600sb-2er-132293.jpg
https://www.kechiq.com/product/casio-g-shock-watch-dw-5600sb-4er-132294 ||| https://www.kechiq.com/src/img/products/casio-g-shock-dw-5600sb-4er-132294.jpg ||| /Users/lcchai/Work/assets/kechiq/casio-g-shock-dw-5600sb-4er-132294.jpg
https://www.kechiq.com/product/casio-g-shock-watch-dw-6900ls-1er-132295 ||| https://www.kechiq.com/src/img/products/casio-g-shock-dw-6900ls-1er-132295.jpg ||| /Users/lcchai/Work/assets/kechiq/casio-g-shock-dw-6900ls-1er-132295.jpg
https://www.kechiq.com/product/casio-watch-ae-1000w-1bvef-132279 ||| https://www.kechiq.com/src/img/products/casio-ae-1000w-1bvef-132279.jpg ||| /Users/lcchai/Work/assets/kechiq/casio-ae-1000w-1bvef-132279.jpg
https://www.kechiq.com/product/casio-watch-ae-1000w-4avef-132280 ||| https://www.kechiq.com/src/img/products/casio-ae-1000w-4avef-132280.jpg ||| /Users/lcchai/Work/assets/kechiq/casio-ae-1000w-4avef-132280.jpg
https://www.kechiq.com/product/casio-watch-ae-1000w-4bvef-132281 ||| https://www.kechiq.com/src/img/products/casio-ae-1000w-4bvef-132281.jpg ||| /Users/lcchai/Work/assets/kechiq/casio-ae-1000w-4bvef-132281.jpg
https://www.kechiq.com/product/casio-watch-ae-1200wh-1avef-101229 ||| https://www.kechiq.com/src/img/products/casio-ae-1200wh-1avef-101229.jpg ||| /Users/lcchai/Work/assets/kechiq/casio-ae-1200wh-1avef-101229.jpg
https://www.kechiq.com/product/casio-watch-ae-2100w-4avef-132282 ||| https://www.kechiq.com/src/img/products/casio-ae-2100w-4avef-132282.jpg ||| /Users/lcchai/Work/assets/kechiq/casio-ae-2100w-4avef-132282.jpg
https://www.kechiq.com/product/casio-watch-aeq-110w-2a2vef-132283 ||| https://www.kechiq.com/src/img/products/casio-aeq-110w-2a2vef-132283.jpg ||| /Users/lcchai/Work/assets/kechiq/casio-aeq-110w-2a2vef-132283.jpg
https://www.kechiq.com/product/casio-watch-ba-110-7a3er-132284 ||| https://www.kechiq.com/src/img/products/casio-ba-110-7a3er-132284.jpg ||| /Users/lcchai/Work/assets/kechiq/casio-ba-110-7a3er-132284.jpg
https://www.kechiq.com/product/casio-watch-ba-130-1a2er-132285 ||| https://www.kechiq.com/src/img/products/casio-ba-130-1a2er-132285.jpg ||| /Users/lcchai/Work/assets/kechiq/casio-ba-130-1a2er-132285.jpg
https://www.kechiq.com/product/casio-watch-ba-130-1a4er-132286 ||| https://www.kechiq.com/src/img/products/casio-ba-130-1a4er-132286.jpg ||| /Users/lcchai/Work/assets/kechiq/casio-ba-130-1a4er-132286.jpg
https://www.kechiq.com/product/casio-watch-ba110sc-7a-128808 ||| https://www.kechiq.com/src/img/products/casio-ba110sc-7a-128808.jpg ||| /Users/lcchai/Work/assets/kechiq/casio-ba110sc-7a-128808.jpg
https://www.kechiq.com/product/casio-watch-bg-169g-4b-128811 ||| https://www.kechiq.com/src/img/products/casio-bg-169g-4b-128811.jpg ||| /Users/lcchai/Work/assets/kechiq/casio-bg-169g-4b-128811.jpg
https://www.kechiq.com/product/casio-watch-bg-169r-8ber-132287 ||| https://www.kechiq.com/src/img/products/casio-bg-169r-8ber-132287.jpg ||| /Users/lcchai/Work/assets/kechiq/casio-bg-169r-8ber-132287.jpg
https://www.kechiq.com/product/casio-watch-bga-260-1aer-132288 ||| https://www.kechiq.com/src/img/products/casio-bga-260-1aer-132288.jpg ||| /Users/lcchai/Work/assets/kechiq/casio-bga-260-1aer-132288.jpg
https://www.kechiq.com/product/casio-watch-bga-260-7aer-132289 ||| https://www.kechiq.com/src/img/products/casio-bga-260-7aer-132289.jpg ||| /Users/lcchai/Work/assets/kechiq/casio-bga-260-7aer-132289.jpg
https://www.kechiq.com/product/casio-watch-bga-260sc-4aer-132290 ||| https://www.kechiq.com/src/img/products/casio-bga-260sc-4aer-132290.jpg ||| /Users/lcchai/Work/assets/kechiq/casio-bga-260sc-4aer-132290.jpg
https://www.kechiq.com/product/casio-watch-db-36-1av-132291 ||| https://www.kechiq.com/src/img/products/casio-db-36-1av-132291.jpg ||| /Users/lcchai/Work/assets/kechiq/casio-db-36-1av-132291.jpg
https://www.kechiq.com/product/casio-watch-dw-291h-1avef-132292 ||| https://www.kechiq.com/src/img/products/casio-dw-291h-1avef-132292.jpg ||| /Users/lcchai/Work/assets/kechiq/casio-dw-291h-1avef-132292.jpg
https://www.kechiq.com/product/casio-watch-gmas140nc-5a2-128821 ||| https://www.kechiq.com/src/img/products/casio-gmas140nc-5a2-128821.jpg ||| /Users/lcchai/Work/assets/kechiq/casio-gmas140nc-5a2-128821.jpg
https://www.kechiq.com/product/casio-watch-msg6s00g-7-128822 ||| https://www.kechiq.com/src/img/products/casio-msg6s00g-7-128822.jpg ||| /Users/lcchai/Work/assets/kechiq/casio-msg6s00g-7-128822.jpg
https://www.kechiq.com/product/casio-watch-msgs500g-7a-128823 ||| https://www.kechiq.com/src/img/products/casio-msgs500g-7a-128823.jpg ||| /Users/lcchai/Work/assets/kechiq/casio-msgs500g-7a-128823.jpg
https://www.kechiq.com/product/casio-watch-ws-1000h-3avef-65049 ||| https://www.kechiq.com/src/img/products/casio-ws-1000h-3avef-65049.jpg ||| /Users/lcchai/Work/assets/kechiq/casio-ws-1000h-3avef-65049.jpg
https://www.kechiq.com/product/citizen-watch-at8020-54l-134208 ||| https://www.kechiq.com/src/img/products/citizen-at8020-54l-134208.jpg ||| /Users/lcchai/Work/assets/kechiq/citizen-at8020-54l-134208.jpg
https://www.kechiq.com/product/citizen-watch-cb5860-27e-134209 ||| https://www.kechiq.com/src/img/products/citizen-cb5860-27e-134209.jpg ||| /Users/lcchai/Work/assets/kechiq/citizen-cb5860-27e-134209.jpg
https://www.kechiq.com/product/citizen-watch-cb5865-15e-134210 ||| https://www.kechiq.com/src/img/products/citizen-cb5865-15e-134210.jpg ||| /Users/lcchai/Work/assets/kechiq/citizen-cb5865-15e-134210.jpg
https://www.kechiq.com/product/citizen-watch-ny0086-16le-133503 ||| https://www.kechiq.com/src/img/products/citizen-ny0086-16le-133503.jpg ||| /Users/lcchai/Work/assets/kechiq/citizen-ny0086-16le-133503.jpg
https://www.kechiq.com/product/emporio-armani-smartwatch-art5020-75805 ||| https://www.kechiq.com/src/img/products/emporio-armani-connected-art5020-75805.jpg ||| /Users/lcchai/Work/assets/kechiq/emporio-armani-connected-art5020-75805.jpg
https://www.kechiq.com/product/emporio-armani-watch-ar11205-128846 ||| https://www.kechiq.com/src/img/products/emporio-armani-ar11205-128846.jpg ||| /Users/lcchai/Work/assets/kechiq/emporio-armani-ar11205-128846.jpg
https://www.kechiq.com/product/emporio-armani-watch-ar11338-128847 ||| https://www.kechiq.com/src/img/products/emporio-armani-ar11338-128847.jpg ||| /Users/lcchai/Work/assets/kechiq/emporio-armani-ar11338-128847.jpg
https://www.kechiq.com/product/emporio-armani-watch-ar11339-128848 ||| https://www.kechiq.com/src/img/products/emporio-armani-ar11339-128848.jpg ||| /Users/lcchai/Work/assets/kechiq/emporio-armani-ar11339-128848.jpg
https://www.kechiq.com/product/emporio-armani-watch-ar11341-128849 ||| https://www.kechiq.com/src/img/products/emporio-armani-ar11341-128849.jpg ||| /Users/lcchai/Work/assets/kechiq/emporio-armani-ar11341-128849.jpg
https://www.kechiq.com/product/emporio-armani-watch-ar11342-128850 ||| https://www.kechiq.com/src/img/products/emporio-armani-ar11342-128850.jpg ||| /Users/lcchai/Work/assets/kechiq/emporio-armani-ar11342-128850.jpg
https://www.kechiq.com/product/emporio-armani-watch-ar11344-128851 ||| https://www.kechiq.com/src/img/products/emporio-armani-ar11344-128851.jpg ||| /Users/lcchai/Work/assets/kechiq/emporio-armani-ar11344-128851.jpg
https://www.kechiq.com/product/emporio-armani-watch-ar11345-128852 ||| https://www.kechiq.com/src/img/products/emporio-armani-ar11345-128852.jpg ||| /Users/lcchai/Work/assets/kechiq/emporio-armani-ar11345-128852.jpg
https://www.kechiq.com/product/emporio-armani-watch-ar11346-128853 ||| https://www.kechiq.com/src/img/products/emporio-armani-ar11346-128853.jpg ||| /Users/lcchai/Work/assets/kechiq/emporio-armani-ar11346-128853.jpg
https://www.kechiq.com/product/emporio-armani-watch-ar11347-128854 ||| https://www.kechiq.com/src/img/products/emporio-armani-ar11347-128854.jpg ||| /Users/lcchai/Work/assets/kechiq/emporio-armani-ar11347-128854.jpg
https://www.kechiq.com/product/emporio-armani-watch-ar11351-128855 ||| https://www.kechiq.com/src/img/products/emporio-armani-ar11351-128855.jpg ||| /Users/lcchai/Work/assets/kechiq/emporio-armani-ar11351-128855.jpg
https://www.kechiq.com/product/emporio-armani-watch-ar11352-128856 ||| https://www.kechiq.com/src/img/products/emporio-armani-ar11352-128856.jpg ||| /Users/lcchai/Work/assets/kechiq/emporio-armani-ar11352-128856.jpg
https://www.kechiq.com/product/emporio-armani-watch-ar11353-128857 ||| https://www.kechiq.com/src/img/products/emporio-armani-ar11353-128857.jpg ||| /Users/lcchai/Work/assets/kechiq/emporio-armani-ar11353-128857.jpg
https://www.kechiq.com/product/emporio-armani-watch-ar60033-128858 ||| https://www.kechiq.com/src/img/products/emporio-armani-ar60033-128858.jpg ||| /Users/lcchai/Work/assets/kechiq/emporio-armani-ar60033-128858.jpg
https://www.kechiq.com/product/ferr-milano-watch-c-132473 ||| https://www.kechiq.com/src/img/products/ferr-milano-c-132473.jpg ||| /Users/lcchai/Work/assets/kechiq/ferr-milano-c-132473.jpg
https://www.kechiq.com/product/ferr-milano-watch-fm1g092m0081-132469 ||| https://www.kechiq.com/src/img/products/ferr-milano-fm1g092m0081-132469.jpg ||| /Users/lcchai/Work/assets/kechiq/ferr-milano-fm1g092m0081-132469.jpg
https://www.kechiq.com/product/ferr-milano-watch-fm1g092p0011-132470 ||| https://www.kechiq.com/src/img/products/ferr-milano-fm1g092p0011-132470.jpg ||| /Users/lcchai/Work/assets/kechiq/ferr-milano-fm1g092p0011-132470.jpg
https://www.kechiq.com/product/ferr-milano-watch-fm1g106l0011-132471 ||| https://www.kechiq.com/src/img/products/ferr-milano-fm1g106l0011-132471.jpg ||| /Users/lcchai/Work/assets/kechiq/ferr-milano-fm1g106l0011-132471.jpg
https://www.kechiq.com/product/ferr-milano-watch-fm1g106l0021-132472 ||| https://www.kechiq.com/src/img/products/ferr-milano-fm1g106l0021-132472.jpg ||| /Users/lcchai/Work/assets/kechiq/ferr-milano-fm1g106l0021-132472.jpg
https://www.kechiq.com/product/ferr-milano-watch-fm1g106m0041-132474 ||| https://www.kechiq.com/src/img/products/ferr-milano-fm1g106m0041-132474.jpg ||| /Users/lcchai/Work/assets/kechiq/ferr-milano-fm1g106m0041-132474.jpg
https://www.kechiq.com/product/ferr-milano-watch-fm1g106m0051-132475 ||| https://www.kechiq.com/src/img/products/ferr-milano-fm1g106m0051-132475.jpg ||| /Users/lcchai/Work/assets/kechiq/ferr-milano-fm1g106m0051-132475.jpg
https://www.kechiq.com/product/ferr-milano-watch-fm1g107m0021-132476 ||| https://www.kechiq.com/src/img/products/ferr-milano-fm1g107m0021-132476.jpg ||| /Users/lcchai/Work/assets/kechiq/ferr-milano-fm1g107m0021-132476.jpg
https://www.kechiq.com/product/ferr-milano-watch-fm1g109l0031-132477 ||| https://www.kechiq.com/src/img/products/ferr-milano-fm1g109l0031-132477.jpg ||| /Users/lcchai/Work/assets/kechiq/ferr-milano-fm1g109l0031-132477.jpg
https://www.kechiq.com/product/ferr-milano-watch-fm1g109m0051-132478 ||| https://www.kechiq.com/src/img/products/ferr-milano-fm1g109m0051-132478.jpg ||| /Users/lcchai/Work/assets/kechiq/ferr-milano-fm1g109m0051-132478.jpg
https://www.kechiq.com/product/ferr-milano-watch-fm1g109m0061-132479 ||| https://www.kechiq.com/src/img/products/ferr-milano-fm1g109m0061-132479.jpg ||| /Users/lcchai/Work/assets/kechiq/ferr-milano-fm1g109m0061-132479.jpg
https://www.kechiq.com/product/ferr-milano-watch-fm1g109m0071-132480 ||| https://www.kechiq.com/src/img/products/ferr-milano-fm1g109m0071-132480.jpg ||| /Users/lcchai/Work/assets/kechiq/ferr-milano-fm1g109m0071-132480.jpg
https://www.kechiq.com/product/ferr-milano-watch-fm1g110m0051-132481 ||| https://www.kechiq.com/src/img/products/ferr-milano-fm1g110m0051-132481.jpg ||| /Users/lcchai/Work/assets/kechiq/ferr-milano-fm1g110m0051-132481.jpg
https://www.kechiq.com/product/ferr-milano-watch-fm1g110m0061-132482 ||| https://www.kechiq.com/src/img/products/ferr-milano-fm1g110m0061-132482.jpg ||| /Users/lcchai/Work/assets/kechiq/ferr-milano-fm1g110m0061-132482.jpg
https://www.kechiq.com/product/ferr-milano-watch-fm1g111l0011-132483 ||| https://www.kechiq.com/src/img/products/ferr-milano-fm1g111l0011-132483.jpg ||| /Users/lcchai/Work/assets/kechiq/ferr-milano-fm1g111l0011-132483.jpg
https://www.kechiq.com/product/ferr-milano-watch-fm1g111l0021-132484 ||| https://www.kechiq.com/src/img/products/ferr-milano-fm1g111l0021-132484.jpg ||| /Users/lcchai/Work/assets/kechiq/ferr-milano-fm1g111l0021-132484.jpg
https://www.kechiq.com/product/ferr-milano-watch-fm1g111l0031-132485 ||| https://www.kechiq.com/src/img/products/ferr-milano-fm1g111l0031-132485.jpg ||| /Users/lcchai/Work/assets/kechiq/ferr-milano-fm1g111l0031-132485.jpg
https://www.kechiq.com/product/ferr-milano-watch-fm1g111m0041-132486 ||| https://www.kechiq.com/src/img/products/ferr-milano-fm1g111m0041-132486.jpg ||| /Users/lcchai/Work/assets/kechiq/ferr-milano-fm1g111m0041-132486.jpg
https://www.kechiq.com/product/ferr-milano-watch-fm1g111m0051-132487 ||| https://www.kechiq.com/src/img/products/ferr-milano-fm1g111m0051-132487.jpg ||| /Users/lcchai/Work/assets/kechiq/ferr-milano-fm1g111m0051-132487.jpg
https://www.kechiq.com/product/ferr-milano-watch-fm1g111m0061-132488 ||| https://www.kechiq.com/src/img/products/ferr-milano-fm1g111m0061-132488.jpg ||| /Users/lcchai/Work/assets/kechiq/ferr-milano-fm1g111m0061-132488.jpg
https://www.kechiq.com/product/ferr-milano-watch-fm1g111m0071-132489 ||| https://www.kechiq.com/src/img/products/ferr-milano-fm1g111m0071-132489.jpg ||| /Users/lcchai/Work/assets/kechiq/ferr-milano-fm1g111m0071-132489.jpg
https://www.kechiq.com/product/ferr-milano-watch-fm1g112l0221-132490 ||| https://www.kechiq.com/src/img/products/ferr-milano-fm1g112l0221-132490.jpg ||| /Users/lcchai/Work/assets/kechiq/ferr-milano-fm1g112l0221-132490.jpg
https://www.kechiq.com/product/ferr-milano-watch-fm1g112m0251-132491 ||| https://www.kechiq.com/src/img/products/ferr-milano-fm1g112m0251-132491.jpg ||| /Users/lcchai/Work/assets/kechiq/ferr-milano-fm1g112m0251-132491.jpg
https://www.kechiq.com/product/ferr-milano-watch-fm1g112m0261-132492 ||| https://www.kechiq.com/src/img/products/ferr-milano-fm1g112m0261-132492.jpg ||| /Users/lcchai/Work/assets/kechiq/ferr-milano-fm1g112m0261-132492.jpg
https://www.kechiq.com/product/ferr-milano-watch-fm1g112m0281-132493 ||| https://www.kechiq.com/src/img/products/ferr-milano-fm1g112m0281-132493.jpg ||| /Users/lcchai/Work/assets/kechiq/ferr-milano-fm1g112m0281-132493.jpg
https://www.kechiq.com/product/ferr-milano-watch-fm1g129l0021-132494 ||| https://www.kechiq.com/src/img/products/ferr-milano-fm1g129l0021-132494.jpg ||| /Users/lcchai/Work/assets/kechiq/ferr-milano-fm1g129l0021-132494.jpg
https://www.kechiq.com/product/ferr-milano-watch-fm1g129l0031-132495 ||| https://www.kechiq.com/src/img/products/ferr-milano-fm1g129l0031-132495.jpg ||| /Users/lcchai/Work/assets/kechiq/ferr-milano-fm1g129l0031-132495.jpg
https://www.kechiq.com/product/ferr-milano-watch-fm1g129l0041-132496 ||| https://www.kechiq.com/src/img/products/ferr-milano-fm1g129l0041-132496.jpg ||| /Users/lcchai/Work/assets/kechiq/ferr-milano-fm1g129l0041-132496.jpg
https://www.kechiq.com/product/ferr-milano-watch-fm1g129l0051-132497 ||| https://www.kechiq.com/src/img/products/ferr-milano-fm1g129l0051-132497.jpg ||| /Users/lcchai/Work/assets/kechiq/ferr-milano-fm1g129l0051-132497.jpg
https://www.kechiq.com/product/ferr-milano-watch-fm1g129m0061-132498 ||| https://www.kechiq.com/src/img/products/ferr-milano-fm1g129m0061-132498.jpg ||| /Users/lcchai/Work/assets/kechiq/ferr-milano-fm1g129m0061-132498.jpg
https://www.kechiq.com/product/ferr-milano-watch-fm1g129m0071-132499 ||| https://www.kechiq.com/src/img/products/ferr-milano-fm1g129m0071-132499.jpg ||| /Users/lcchai/Work/assets/kechiq/ferr-milano-fm1g129m0071-132499.jpg
https://www.kechiq.com/product/ferr-milano-watch-fm1g129m0091-132500 ||| https://www.kechiq.com/src/img/products/ferr-milano-fm1g129m0091-132500.jpg ||| /Users/lcchai/Work/assets/kechiq/ferr-milano-fm1g129m0091-132500.jpg
https://www.kechiq.com/product/ferr-milano-watch-fm1g130l0011-132501 ||| https://www.kechiq.com/src/img/products/ferr-milano-fm1g130l0011-132501.jpg ||| /Users/lcchai/Work/assets/kechiq/ferr-milano-fm1g130l0011-132501.jpg
https://www.kechiq.com/product/ferr-milano-watch-fm1g130l0021-132502 ||| https://www.kechiq.com/src/img/products/ferr-milano-fm1g130l0021-132502.jpg ||| /Users/lcchai/Work/assets/kechiq/ferr-milano-fm1g130l0021-132502.jpg
https://www.kechiq.com/product/ferr-milano-watch-fm1g130l0031-132503 ||| https://www.kechiq.com/src/img/products/ferr-milano-fm1g130l0031-132503.jpg ||| /Users/lcchai/Work/assets/kechiq/ferr-milano-fm1g130l0031-132503.jpg
https://www.kechiq.com/product/ferr-milano-watch-fm1g130l0041-132504 ||| https://www.kechiq.com/src/img/products/ferr-milano-fm1g130l0041-132504.jpg ||| /Users/lcchai/Work/assets/kechiq/ferr-milano-fm1g130l0041-132504.jpg
https://www.kechiq.com/product/ferr-milano-watch-fm1g130m0051-132505 ||| https://www.kechiq.com/src/img/products/ferr-milano-fm1g130m0051-132505.jpg ||| /Users/lcchai/Work/assets/kechiq/ferr-milano-fm1g130m0051-132505.jpg
https://www.kechiq.com/product/ferr-milano-watch-fm1g130m0071-132506 ||| https://www.kechiq.com/src/img/products/ferr-milano-fm1g130m0071-132506.jpg ||| /Users/lcchai/Work/assets/kechiq/ferr-milano-fm1g130m0071-132506.jpg
https://www.kechiq.com/product/ferr-milano-watch-fm1g131l0011-132507 ||| https://www.kechiq.com/src/img/products/ferr-milano-fm1g131l0011-132507.jpg ||| /Users/lcchai/Work/assets/kechiq/ferr-milano-fm1g131l0011-132507.jpg
https://www.kechiq.com/product/ferr-milano-watch-fm1g131l0021-132508 ||| https://www.kechiq.com/src/img/products/ferr-milano-fm1g131l0021-132508.jpg ||| /Users/lcchai/Work/assets/kechiq/ferr-milano-fm1g131l0021-132508.jpg
https://www.kechiq.com/product/ferr-milano-watch-fm1g131l0031-132509 ||| https://www.kechiq.com/src/img/products/ferr-milano-fm1g131l0031-132509.jpg ||| /Users/lcchai/Work/assets/kechiq/ferr-milano-fm1g131l0031-132509.jpg
https://www.kechiq.com/product/ferr-milano-watch-fm1g131l0041-132510 ||| https://www.kechiq.com/src/img/products/ferr-milano-fm1g131l0041-132510.jpg ||| /Users/lcchai/Work/assets/kechiq/ferr-milano-fm1g131l0041-132510.jpg
https://www.kechiq.com/product/ferr-milano-watch-fm1g131l0091-132511 ||| https://www.kechiq.com/src/img/products/ferr-milano-fm1g131l0091-132511.jpg ||| /Users/lcchai/Work/assets/kechiq/ferr-milano-fm1g131l0091-132511.jpg
https://www.kechiq.com/product/ferr-milano-watch-fm1g131m0051-132512 ||| https://www.kechiq.com/src/img/products/ferr-milano-fm1g131m0051-132512.jpg ||| /Users/lcchai/Work/assets/kechiq/ferr-milano-fm1g131m0051-132512.jpg
https://www.kechiq.com/product/ferr-milano-watch-fm1g131m0061-132513 ||| https://www.kechiq.com/src/img/products/ferr-milano-fm1g131m0061-132513.jpg ||| /Users/lcchai/Work/assets/kechiq/ferr-milano-fm1g131m0061-132513.jpg
https://www.kechiq.com/product/ferr-milano-watch-fm1g131m0071-132514 ||| https://www.kechiq.com/src/img/products/ferr-milano-fm1g131m0071-132514.jpg ||| /Users/lcchai/Work/assets/kechiq/ferr-milano-fm1g131m0071-132514.jpg
https://www.kechiq.com/product/ferr-milano-watch-fm1g131m0081-132515 ||| https://www.kechiq.com/src/img/products/ferr-milano-fm1g131m0081-132515.jpg ||| /Users/lcchai/Work/assets/kechiq/ferr-milano-fm1g131m0081-132515.jpg
https://www.kechiq.com/product/ferr-milano-watch-fm1g141m0051-132516 ||| https://www.kechiq.com/src/img/products/ferr-milano-fm1g141m0051-132516.jpg ||| /Users/lcchai/Work/assets/kechiq/ferr-milano-fm1g141m0051-132516.jpg
https://www.kechiq.com/product/ferr-milano-watch-fm1g141m0061-132517 ||| https://www.kechiq.com/src/img/products/ferr-milano-fm1g141m0061-132517.jpg ||| /Users/lcchai/Work/assets/kechiq/ferr-milano-fm1g141m0061-132517.jpg
https://www.kechiq.com/product/ferr-milano-watch-fm1g141m0071-132518 ||| https://www.kechiq.com/src/img/products/ferr-milano-fm1g141m0071-132518.jpg ||| /Users/lcchai/Work/assets/kechiq/ferr-milano-fm1g141m0071-132518.jpg
https://www.kechiq.com/product/ferr-milano-watch-fm1g141m0081-132519 ||| https://www.kechiq.com/src/img/products/ferr-milano-fm1g141m0081-132519.jpg ||| /Users/lcchai/Work/assets/kechiq/ferr-milano-fm1g141m0081-132519.jpg
https://www.kechiq.com/product/ferr-milano-watch-fm1g143l0011-132520 ||| https://www.kechiq.com/src/img/products/ferr-milano-fm1g143l0011-132520.jpg ||| /Users/lcchai/Work/assets/kechiq/ferr-milano-fm1g143l0011-132520.jpg
https://www.kechiq.com/product/ferr-milano-watch-fm1g143l0031-132521 ||| https://www.kechiq.com/src/img/products/ferr-milano-fm1g143l0031-132521.jpg ||| /Users/lcchai/Work/assets/kechiq/ferr-milano-fm1g143l0031-132521.jpg
https://www.kechiq.com/product/ferr-milano-watch-fm1g143l0041-132522 ||| https://www.kechiq.com/src/img/products/ferr-milano-fm1g143l0041-132522.jpg ||| /Users/lcchai/Work/assets/kechiq/ferr-milano-fm1g143l0041-132522.jpg
https://www.kechiq.com/product/ferr-milano-watch-fm1g143m0061-132523 ||| https://www.kechiq.com/src/img/products/ferr-milano-fm1g143m0061-132523.jpg ||| /Users/lcchai/Work/assets/kechiq/ferr-milano-fm1g143m0061-132523.jpg
https://www.kechiq.com/product/ferr-milano-watch-fm1g143m0071-132524 ||| https://www.kechiq.com/src/img/products/ferr-milano-fm1g143m0071-132524.jpg ||| /Users/lcchai/Work/assets/kechiq/ferr-milano-fm1g143m0071-132524.jpg
https://www.kechiq.com/product/fossil-smartwatch-ftw5054-128901 ||| https://www.kechiq.com/src/img/products/fossil-ftw5054-128901.jpg ||| /Users/lcchai/Work/assets/kechiq/fossil-ftw5054-128901.jpg
https://www.kechiq.com/product/fossil-watch-bq1580-129878 ||| https://www.kechiq.com/src/img/products/fossil-bq1580-129878.jpg ||| /Users/lcchai/Work/assets/kechiq/fossil-bq1580-129878.jpg
https://www.kechiq.com/product/fossil-watch-ch3029-88016 ||| https://www.kechiq.com/src/img/products/fossil-ch3029-88016.jpg ||| /Users/lcchai/Work/assets/kechiq/fossil-ch3029-88016.jpg
https://www.kechiq.com/product/fossil-watch-es3885-76905 ||| https://www.kechiq.com/src/img/products/fossil-es3885-76905.jpg ||| /Users/lcchai/Work/assets/kechiq/fossil-es3885-76905.jpg
https://www.kechiq.com/product/fossil-watch-es4534-128863 ||| https://www.kechiq.com/src/img/products/fossil-es4534-128863.jpg ||| /Users/lcchai/Work/assets/kechiq/fossil-es4534-128863.jpg
https://www.kechiq.com/product/fossil-watch-es4541-128864 ||| https://www.kechiq.com/src/img/products/fossil-es4541-128864.jpg ||| /Users/lcchai/Work/assets/kechiq/fossil-es4541-128864.jpg
https://www.kechiq.com/product/fossil-watch-es4641-128865 ||| https://www.kechiq.com/src/img/products/fossil-es4641-128865.jpg ||| /Users/lcchai/Work/assets/kechiq/fossil-es4641-128865.jpg
https://www.kechiq.com/product/fossil-watch-es4898-128871 ||| https://www.kechiq.com/src/img/products/fossil-es4898-128871.jpg ||| /Users/lcchai/Work/assets/kechiq/fossil-es4898-128871.jpg
https://www.kechiq.com/product/fossil-watch-es4905-128872 ||| https://www.kechiq.com/src/img/products/fossil-es4905-128872.jpg ||| /Users/lcchai/Work/assets/kechiq/fossil-es4905-128872.jpg
https://www.kechiq.com/product/fossil-watch-es4945-128873 ||| https://www.kechiq.com/src/img/products/fossil-es4945-128873.jpg ||| /Users/lcchai/Work/assets/kechiq/fossil-es4945-128873.jpg
https://www.kechiq.com/product/fossil-watch-es4973-128876 ||| https://www.kechiq.com/src/img/products/fossil-es4973-128876.jpg ||| /Users/lcchai/Work/assets/kechiq/fossil-es4973-128876.jpg
https://www.kechiq.com/product/fossil-watch-fs5102-78601 ||| https://www.kechiq.com/src/img/products/fossil-fs5102-78601.jpg ||| /Users/lcchai/Work/assets/kechiq/fossil-fs5102-78601.jpg
https://www.kechiq.com/product/fossil-watch-fs5113-129960 ||| https://www.kechiq.com/src/img/products/fossil-fs5113-129960.jpg ||| /Users/lcchai/Work/assets/kechiq/fossil-fs5113-129960.jpg
https://www.kechiq.com/product/fossil-watch-fs5267-93704 ||| https://www.kechiq.com/src/img/products/fossil-fs5267-93704.jpg ||| /Users/lcchai/Work/assets/kechiq/fossil-fs5267-93704.jpg
https://www.kechiq.com/product/fossil-watch-fs5641-128880 ||| https://www.kechiq.com/src/img/products/fossil-fs5641-128880.jpg ||| /Users/lcchai/Work/assets/kechiq/fossil-fs5641-128880.jpg
https://www.kechiq.com/product/fossil-watch-fs5712-128888 ||| https://www.kechiq.com/src/img/products/fossil-fs5712-128888.jpg ||| /Users/lcchai/Work/assets/kechiq/fossil-fs5712-128888.jpg
https://www.kechiq.com/product/fossil-watch-fs5713-128889 ||| https://www.kechiq.com/src/img/products/fossil-fs5713-128889.jpg ||| /Users/lcchai/Work/assets/kechiq/fossil-fs5713-128889.jpg
https://www.kechiq.com/product/fossil-watch-fs5714-128890 ||| https://www.kechiq.com/src/img/products/fossil-fs5714-128890.jpg ||| /Users/lcchai/Work/assets/kechiq/fossil-fs5714-128890.jpg
https://www.kechiq.com/product/fossil-watch-fs5715-128891 ||| https://www.kechiq.com/src/img/products/fossil-fs5715-128891.jpg ||| /Users/lcchai/Work/assets/kechiq/fossil-fs5715-128891.jpg
https://www.kechiq.com/product/fossil-watch-fs5727-128892 ||| https://www.kechiq.com/src/img/products/fossil-fs5727-128892.jpg ||| /Users/lcchai/Work/assets/kechiq/fossil-fs5727-128892.jpg
https://www.kechiq.com/product/fossil-watch-fs5763-128894 ||| https://www.kechiq.com/src/img/products/fossil-fs5763-128894.jpg ||| /Users/lcchai/Work/assets/kechiq/fossil-fs5763-128894.jpg
https://www.kechiq.com/product/fossil-watch-fs5768-128895 ||| https://www.kechiq.com/src/img/products/fossil-fs5768-128895.jpg ||| /Users/lcchai/Work/assets/kechiq/fossil-fs5768-128895.jpg
https://www.kechiq.com/product/fossil-watch-fs5770-128896 ||| https://www.kechiq.com/src/img/products/fossil-fs5770-128896.jpg ||| /Users/lcchai/Work/assets/kechiq/fossil-fs5770-128896.jpg
https://www.kechiq.com/product/fossil-watch-fs5771-128897 ||| https://www.kechiq.com/src/img/products/fossil-fs5771-128897.jpg ||| /Users/lcchai/Work/assets/kechiq/fossil-fs5771-128897.jpg
https://www.kechiq.com/product/fossil-watch-fs5772-128898 ||| https://www.kechiq.com/src/img/products/fossil-fs5772-128898.jpg ||| /Users/lcchai/Work/assets/kechiq/fossil-fs5772-128898.jpg
https://www.kechiq.com/product/fossil-watch-fs5773-128899 ||| https://www.kechiq.com/src/img/products/fossil-fs5773-128899.jpg ||| /Users/lcchai/Work/assets/kechiq/fossil-fs5773-128899.jpg
https://www.kechiq.com/product/fossil-watch-me3183-128902 ||| https://www.kechiq.com/src/img/products/fossil-me3183-128902.jpg ||| /Users/lcchai/Work/assets/kechiq/fossil-me3183-128902.jpg
https://www.kechiq.com/product/furla-watch-r4251101502-10566 ||| https://www.kechiq.com/src/img/products/furla-r4251101502-10566.jpg ||| /Users/lcchai/Work/assets/kechiq/furla-r4251101502-10566.jpg
https://www.kechiq.com/product/furla-watch-r4251102517-10568 ||| https://www.kechiq.com/src/img/products/furla-r4251102517-10568.jpg ||| /Users/lcchai/Work/assets/kechiq/furla-r4251102517-10568.jpg
https://www.kechiq.com/product/gucci-watch-ya101202-131845 ||| https://www.kechiq.com/src/img/products/gucci-ya101202-131845.jpg ||| /Users/lcchai/Work/assets/kechiq/gucci-ya101202-131845.jpg
https://www.kechiq.com/product/gucci-watch-ya101203-128903 ||| https://www.kechiq.com/src/img/products/gucci-ya101203-128903.jpg ||| /Users/lcchai/Work/assets/kechiq/gucci-ya101203-128903.jpg
https://www.kechiq.com/product/gucci-watch-ya126286-128904 ||| https://www.kechiq.com/src/img/products/gucci-ya126286-128904.jpg ||| /Users/lcchai/Work/assets/kechiq/gucci-ya126286-128904.jpg
https://www.kechiq.com/product/gucci-watch-ya126348-128905 ||| https://www.kechiq.com/src/img/products/gucci-ya126348-128905.jpg ||| /Users/lcchai/Work/assets/kechiq/gucci-ya126348-128905.jpg
https://www.kechiq.com/product/gucci-watch-ya1264007a-128906 ||| https://www.kechiq.com/src/img/products/gucci-ya1264007a-128906.jpg ||| /Users/lcchai/Work/assets/kechiq/gucci-ya1264007a-128906.jpg
https://www.kechiq.com/product/gucci-watch-ya1264153-128908 ||| https://www.kechiq.com/src/img/products/gucci-ya1264153-128908.jpg ||| /Users/lcchai/Work/assets/kechiq/gucci-ya1264153-128908.jpg
https://www.kechiq.com/product/gucci-watch-ya1264154-128909 ||| https://www.kechiq.com/src/img/products/gucci-ya1264154-128909.jpg ||| /Users/lcchai/Work/assets/kechiq/gucci-ya1264154-128909.jpg
https://www.kechiq.com/product/gucci-watch-ya1265009-132109 ||| https://www.kechiq.com/src/img/products/gucci-ya1265009-132109.jpg ||| /Users/lcchai/Work/assets/kechiq/gucci-ya1265009-132109.jpg
https://www.kechiq.com/product/gucci-watch-ya1265013-128911 ||| https://www.kechiq.com/src/img/products/gucci-ya1265013-128911.jpg ||| /Users/lcchai/Work/assets/kechiq/gucci-ya1265013-128911.jpg
https://www.kechiq.com/product/gucci-watch-ya1265016-128912 ||| https://www.kechiq.com/src/img/products/gucci-ya1265016-128912.jpg ||| /Users/lcchai/Work/assets/kechiq/gucci-ya1265016-128912.jpg
https://www.kechiq.com/product/gucci-watch-ya1265020-128913 ||| https://www.kechiq.com/src/img/products/gucci-ya1265020-128913.jpg ||| /Users/lcchai/Work/assets/kechiq/gucci-ya1265020-128913.jpg
https://www.kechiq.com/product/gucci-watch-ya141512-132110 ||| https://www.kechiq.com/src/img/products/gucci-ya141512-132110.jpg ||| /Users/lcchai/Work/assets/kechiq/gucci-ya141512-132110.jpg
https://www.kechiq.com/product/gucci-watch-ya147503-128915 ||| https://www.kechiq.com/src/img/products/gucci-ya147503-128915.jpg ||| /Users/lcchai/Work/assets/kechiq/gucci-ya147503-128915.jpg
https://www.kechiq.com/product/guess-watch-w0111l1-4292 ||| https://www.kechiq.com/src/img/products/guess-w0111l1-4292.jpg ||| /Users/lcchai/Work/assets/kechiq/guess-w0111l1-4292.jpg
https://www.kechiq.com/product/guess-watch-w0366g4-97900 ||| https://www.kechiq.com/src/img/products/guess-w0366g4-97900.jpg ||| /Users/lcchai/Work/assets/kechiq/guess-w0366g4-97900.jpg
https://www.kechiq.com/product/guess-watch-w0448l5-105974 ||| https://www.kechiq.com/src/img/products/guess-w0448l5-105974.jpg ||| /Users/lcchai/Work/assets/kechiq/guess-w0448l5-105974.jpg
https://www.kechiq.com/product/guess-watch-w0448l9-2364 ||| https://www.kechiq.com/src/img/products/guess-w0448l9-2364.jpg ||| /Users/lcchai/Work/assets/kechiq/guess-w0448l9-2364.jpg
https://www.kechiq.com/product/guess-watch-w1254g1-97913 ||| https://www.kechiq.com/src/img/products/guess-w1254g1-97913.jpg ||| /Users/lcchai/Work/assets/kechiq/guess-w1254g1-97913.jpg
https://www.kechiq.com/product/guess-watch-w1254g3-128929 ||| https://www.kechiq.com/src/img/products/guess-w1254g3-128929.jpg ||| /Users/lcchai/Work/assets/kechiq/guess-w1254g3-128929.jpg
https://www.kechiq.com/product/guess-watch-w14052g2-3885 ||| https://www.kechiq.com/src/img/products/guess-w14052g2-3885.jpg ||| /Users/lcchai/Work/assets/kechiq/guess-w14052g2-3885.jpg
https://www.kechiq.com/product/just-cavalli-time-watch-r7251119001-9500 ||| https://www.kechiq.com/src/img/products/just-cavalli-time-r7251119001-9500.jpg ||| /Users/lcchai/Work/assets/kechiq/just-cavalli-time-r7251119001-9500.jpg
https://www.kechiq.com/product/just-cavalli-time-watch-r7251202507-12036 ||| https://www.kechiq.com/src/img/products/just-cavalli-time-r7251202507-12036.jpg ||| /Users/lcchai/Work/assets/kechiq/just-cavalli-time-r7251202507-12036.jpg
https://www.kechiq.com/product/just-cavalli-time-watch-r7251211503-12038 ||| https://www.kechiq.com/src/img/products/just-cavalli-time-r7251211503-12038.jpg ||| /Users/lcchai/Work/assets/kechiq/just-cavalli-time-r7251211503-12038.jpg
https://www.kechiq.com/product/komono-watch-kom-w2030-126736 ||| https://www.kechiq.com/src/img/products/komono-kom-w2030-126736.jpg ||| /Users/lcchai/Work/assets/kechiq/komono-kom-w2030-126736.jpg
https://www.kechiq.com/product/komono-watch-kom-w2031-126737 ||| https://www.kechiq.com/src/img/products/komono-kom-w2031-126737.jpg ||| /Users/lcchai/Work/assets/kechiq/komono-kom-w2031-126737.jpg
https://www.kechiq.com/product/komono-watch-kom-w2032-126738 ||| https://www.kechiq.com/src/img/products/komono-kom-w2032-126738.jpg ||| /Users/lcchai/Work/assets/kechiq/komono-kom-w2032-126738.jpg
https://www.kechiq.com/product/komono-watch-kom-w4054-126759 ||| https://www.kechiq.com/src/img/products/komono-kom-w4054-126759.jpg ||| /Users/lcchai/Work/assets/kechiq/komono-kom-w4054-126759.jpg
https://www.kechiq.com/product/komono-watch-kom-w4060-126760 ||| https://www.kechiq.com/src/img/products/komono-kom-w4060-126760.jpg ||| /Users/lcchai/Work/assets/kechiq/komono-kom-w4060-126760.jpg
https://www.kechiq.com/product/komono-watch-kom-w4071-126761 ||| https://www.kechiq.com/src/img/products/komono-kom-w4071-126761.jpg ||| /Users/lcchai/Work/assets/kechiq/komono-kom-w4071-126761.jpg
https://www.kechiq.com/product/komono-watch-kom-w4076-126762 ||| https://www.kechiq.com/src/img/products/komono-kom-w4076-126762.jpg ||| /Users/lcchai/Work/assets/kechiq/komono-kom-w4076-126762.jpg
https://www.kechiq.com/product/komono-watch-kom-w4078-126763 ||| https://www.kechiq.com/src/img/products/komono-kom-w4078-126763.jpg ||| /Users/lcchai/Work/assets/kechiq/komono-kom-w4078-126763.jpg
https://www.kechiq.com/product/komono-watch-kom-w4079-126764 ||| https://www.kechiq.com/src/img/products/komono-kom-w4079-126764.jpg ||| /Users/lcchai/Work/assets/kechiq/komono-kom-w4079-126764.jpg
https://www.kechiq.com/product/komono-watch-kom-w4106-91149 ||| https://www.kechiq.com/src/img/products/komono-kom-w4106-91149.jpg ||| /Users/lcchai/Work/assets/kechiq/komono-kom-w4106-91149.jpg
https://www.kechiq.com/product/komono-watch-kom-w4107-91150 ||| https://www.kechiq.com/src/img/products/komono-kom-w4107-91150.jpg ||| /Users/lcchai/Work/assets/kechiq/komono-kom-w4107-91150.jpg
https://www.kechiq.com/product/liu-jo-watch-tlj1007-19828 ||| https://www.kechiq.com/src/img/products/liu-jo-tlj1007-19828.jpg ||| /Users/lcchai/Work/assets/kechiq/liu-jo-tlj1007-19828.jpg
https://www.kechiq.com/product/marc-jacobs-watch-mbm3443-130334 ||| https://www.kechiq.com/src/img/products/marc-jacobs-mbm3443-130334.jpg ||| /Users/lcchai/Work/assets/kechiq/marc-jacobs-mbm3443-130334.jpg
https://www.kechiq.com/product/michael-kors-watch-mk5835-28033 ||| https://www.kechiq.com/src/img/products/michael-kors-mk5835-28033.jpg ||| /Users/lcchai/Work/assets/kechiq/michael-kors-mk5835-28033.jpg
https://www.kechiq.com/product/millner-watch-8425402504710-115161 ||| https://www.kechiq.com/src/img/products/millner-8425402504710-115161.jpg ||| /Users/lcchai/Work/assets/kechiq/millner-8425402504710-115161.jpg
https://www.kechiq.com/product/millner-watch-8425402504741-115162 ||| https://www.kechiq.com/src/img/products/millner-8425402504741-115162.jpg ||| /Users/lcchai/Work/assets/kechiq/millner-8425402504741-115162.jpg
https://www.kechiq.com/product/millner-watch-8425402504758-115163 ||| https://www.kechiq.com/src/img/products/millner-8425402504758-115163.jpg ||| /Users/lcchai/Work/assets/kechiq/millner-8425402504758-115163.jpg
https://www.kechiq.com/product/millner-watch-8425402504765-115164 ||| https://www.kechiq.com/src/img/products/millner-8425402504765-115164.jpg ||| /Users/lcchai/Work/assets/kechiq/millner-8425402504765-115164.jpg
https://www.kechiq.com/product/millner-watch-8425402504772-115165 ||| https://www.kechiq.com/src/img/products/millner-8425402504772-115165.jpg ||| /Users/lcchai/Work/assets/kechiq/millner-8425402504772-115165.jpg
https://www.kechiq.com/product/millner-watch-8425402504789-115166 ||| https://www.kechiq.com/src/img/products/millner-8425402504789-115166.jpg ||| /Users/lcchai/Work/assets/kechiq/millner-8425402504789-115166.jpg
https://www.kechiq.com/product/millner-watch-8425402504796-115167 ||| https://www.kechiq.com/src/img/products/millner-8425402504796-115167.jpg ||| /Users/lcchai/Work/assets/kechiq/millner-8425402504796-115167.jpg
https://www.kechiq.com/product/millner-watch-8425402504819-115169 ||| https://www.kechiq.com/src/img/products/millner-8425402504819-115169.jpg ||| /Users/lcchai/Work/assets/kechiq/millner-8425402504819-115169.jpg
https://www.kechiq.com/product/millner-watch-8425402504826-115170 ||| https://www.kechiq.com/src/img/products/millner-8425402504826-115170.jpg ||| /Users/lcchai/Work/assets/kechiq/millner-8425402504826-115170.jpg
https://www.kechiq.com/product/millner-watch-8425402504840-115172 ||| https://www.kechiq.com/src/img/products/millner-8425402504840-115172.jpg ||| /Users/lcchai/Work/assets/kechiq/millner-8425402504840-115172.jpg
https://www.kechiq.com/product/millner-watch-8425402504857-115173 ||| https://www.kechiq.com/src/img/products/millner-8425402504857-115173.jpg ||| /Users/lcchai/Work/assets/kechiq/millner-8425402504857-115173.jpg
https://www.kechiq.com/product/millner-watch-8425402504864-115174 ||| https://www.kechiq.com/src/img/products/millner-8425402504864-115174.jpg ||| /Users/lcchai/Work/assets/kechiq/millner-8425402504864-115174.jpg
https://www.kechiq.com/product/millner-watch-8425402504871-115175 ||| https://www.kechiq.com/src/img/products/millner-8425402504871-115175.jpg ||| /Users/lcchai/Work/assets/kechiq/millner-8425402504871-115175.jpg
https://www.kechiq.com/product/millner-watch-8425402504888-115176 ||| https://www.kechiq.com/src/img/products/millner-8425402504888-115176.jpg ||| /Users/lcchai/Work/assets/kechiq/millner-8425402504888-115176.jpg
https://www.kechiq.com/product/millner-watch-8425402504895-115177 ||| https://www.kechiq.com/src/img/products/millner-8425402504895-115177.jpg ||| /Users/lcchai/Work/assets/kechiq/millner-8425402504895-115177.jpg
https://www.kechiq.com/product/millner-watch-8425402504901-115178 ||| https://www.kechiq.com/src/img/products/millner-8425402504901-115178.jpg ||| /Users/lcchai/Work/assets/kechiq/millner-8425402504901-115178.jpg
https://www.kechiq.com/product/millner-watch-8425402504918-115179 ||| https://www.kechiq.com/src/img/products/millner-8425402504918-115179.jpg ||| /Users/lcchai/Work/assets/kechiq/millner-8425402504918-115179.jpg
https://www.kechiq.com/product/millner-watch-8425402504925-115180 ||| https://www.kechiq.com/src/img/products/millner-8425402504925-115180.jpg ||| /Users/lcchai/Work/assets/kechiq/millner-8425402504925-115180.jpg
https://www.kechiq.com/product/millner-watch-8425402504932-115181 ||| https://www.kechiq.com/src/img/products/millner-8425402504932-115181.jpg ||| /Users/lcchai/Work/assets/kechiq/millner-8425402504932-115181.jpg
https://www.kechiq.com/product/millner-watch-8425402504949-115182 ||| https://www.kechiq.com/src/img/products/millner-8425402504949-115182.jpg ||| /Users/lcchai/Work/assets/kechiq/millner-8425402504949-115182.jpg
https://www.kechiq.com/product/millner-watch-8425402504956-115183 ||| https://www.kechiq.com/src/img/products/millner-8425402504956-115183.jpg ||| /Users/lcchai/Work/assets/kechiq/millner-8425402504956-115183.jpg
https://www.kechiq.com/product/millner-watch-8425402504963-115184 ||| https://www.kechiq.com/src/img/products/millner-8425402504963-115184.jpg ||| /Users/lcchai/Work/assets/kechiq/millner-8425402504963-115184.jpg
https://www.kechiq.com/product/millner-watch-8425402504970-115185 ||| https://www.kechiq.com/src/img/products/millner-8425402504970-115185.jpg ||| /Users/lcchai/Work/assets/kechiq/millner-8425402504970-115185.jpg
https://www.kechiq.com/product/millner-watch-8425402504987-115186 ||| https://www.kechiq.com/src/img/products/millner-8425402504987-115186.jpg ||| /Users/lcchai/Work/assets/kechiq/millner-8425402504987-115186.jpg
https://www.kechiq.com/product/millner-watch-8425402504994-115187 ||| https://www.kechiq.com/src/img/products/millner-8425402504994-115187.jpg ||| /Users/lcchai/Work/assets/kechiq/millner-8425402504994-115187.jpg
https://www.kechiq.com/product/millner-watch-8425402505007-115188 ||| https://www.kechiq.com/src/img/products/millner-8425402505007-115188.jpg ||| /Users/lcchai/Work/assets/kechiq/millner-8425402505007-115188.jpg
https://www.kechiq.com/product/orient-watch-fab00003c9-132078 ||| https://www.kechiq.com/src/img/products/orient-fab00003c9-132078.jpg ||| /Users/lcchai/Work/assets/kechiq/orient-fab00003c9-132078.jpg
https://www.kechiq.com/product/orient-watch-fab00003w9-132079 ||| https://www.kechiq.com/src/img/products/orient-fab00003w9-132079.jpg ||| /Users/lcchai/Work/assets/kechiq/orient-fab00003w9-132079.jpg
https://www.kechiq.com/product/orient-watch-fab00004t9-132080 ||| https://www.kechiq.com/src/img/products/orient-fab00004t9-132080.jpg ||| /Users/lcchai/Work/assets/kechiq/orient-fab00004t9-132080.jpg
https://www.kechiq.com/product/orient-watch-fab0000fw9-132081 ||| https://www.kechiq.com/src/img/products/orient-fab0000fw9-132081.jpg ||| /Users/lcchai/Work/assets/kechiq/orient-fab0000fw9-132081.jpg
https://www.kechiq.com/product/orient-watch-fab0b001d9-132082 ||| https://www.kechiq.com/src/img/products/orient-fab0b001d9-132082.jpg ||| /Users/lcchai/Work/assets/kechiq/orient-fab0b001d9-132082.jpg
https://www.kechiq.com/product/orient-watch-fac00001b0-132083 ||| https://www.kechiq.com/src/img/brands/box/orient-wristwatch.jpg ||| /Users/lcchai/Work/assets/kechiq/orient-wristwatch.jpg
https://www.kechiq.com/product/orient-watch-fkv00003b0-132084 ||| https://www.kechiq.com/src/img/products/orient-fkv00003b0-132084.jpg ||| /Users/lcchai/Work/assets/kechiq/orient-fkv00003b0-132084.jpg
https://www.kechiq.com/product/orient-watch-fkv00004w0-132085 ||| https://www.kechiq.com/src/img/products/orient-fkv00004w0-132085.jpg ||| /Users/lcchai/Work/assets/kechiq/orient-fkv00004w0-132085.jpg
https://www.kechiq.com/product/orient-watch-fug0q005s6-132086 ||| https://www.kechiq.com/src/img/products/orient-fug0q005s6-132086.jpg ||| /Users/lcchai/Work/assets/kechiq/orient-fug0q005s6-132086.jpg
https://www.kechiq.com/product/orient-watch-fuy07001d0-132087 ||| https://www.kechiq.com/src/img/products/orient-fuy07001d0-132087.jpg ||| /Users/lcchai/Work/assets/kechiq/orient-fuy07001d0-132087.jpg
https://www.kechiq.com/product/orient-watch-ra-ab0006s19b-132088 ||| https://www.kechiq.com/src/img/products/orient-ra-ab0006s19b-132088.jpg ||| /Users/lcchai/Work/assets/kechiq/orient-ra-ab0006s19b-132088.jpg
https://www.kechiq.com/product/orient-watch-ra-ab0018g19b-132089 ||| https://www.kechiq.com/src/img/products/orient-ra-ab0018g19b-132089.jpg ||| /Users/lcchai/Work/assets/kechiq/orient-ra-ab0018g19b-132089.jpg
https://www.kechiq.com/product/orient-watch-ra-ab0025s19b-132090 ||| https://www.kechiq.com/src/img/products/orient-ra-ab0025s19b-132090.jpg ||| /Users/lcchai/Work/assets/kechiq/orient-ra-ab0025s19b-132090.jpg
https://www.kechiq.com/product/orient-watch-ra-ab0035b19b-132091 ||| https://www.kechiq.com/src/img/products/orient-ra-ab0035b19b-132091.jpg ||| /Users/lcchai/Work/assets/kechiq/orient-ra-ab0035b19b-132091.jpg
https://www.kechiq.com/product/orient-watch-ra-ac0j02b10b-132092 ||| https://www.kechiq.com/src/img/products/orient-ra-ac0j02b10b-132092.jpg ||| /Users/lcchai/Work/assets/kechiq/orient-ra-ac0j02b10b-132092.jpg
https://www.kechiq.com/product/orient-watch-ra-ac0j03l10b-132093 ||| https://www.kechiq.com/src/img/products/orient-ra-ac0j03l10b-132093.jpg ||| /Users/lcchai/Work/assets/kechiq/orient-ra-ac0j03l10b-132093.jpg
https://www.kechiq.com/product/orient-watch-ra-ac0j04s10b-132094 ||| https://www.kechiq.com/src/img/products/orient-ra-ac0j04s10b-132094.jpg ||| /Users/lcchai/Work/assets/kechiq/orient-ra-ac0j04s10b-132094.jpg
https://www.kechiq.com/product/orient-watch-ra-ac0j05l10b-132095 ||| https://www.kechiq.com/src/img/products/orient-ra-ac0j05l10b-132095.jpg ||| /Users/lcchai/Work/assets/kechiq/orient-ra-ac0j05l10b-132095.jpg
https://www.kechiq.com/product/orient-watch-ra-ac0j06s10b-132096 ||| https://www.kechiq.com/src/img/products/orient-ra-ac0j06s10b-132096.jpg ||| /Users/lcchai/Work/assets/kechiq/orient-ra-ac0j06s10b-132096.jpg
https://www.kechiq.com/product/orient-watch-ra-as0104e00b-132097 ||| https://www.kechiq.com/src/img/products/orient-ra-as0104e00b-132097.jpg ||| /Users/lcchai/Work/assets/kechiq/orient-ra-as0104e00b-132097.jpg
https://www.kechiq.com/product/orient-watch-ra-kv0303b10b-132098 ||| https://www.kechiq.com/src/img/products/orient-ra-kv0303b10b-132098.jpg ||| /Users/lcchai/Work/assets/kechiq/orient-ra-kv0303b10b-132098.jpg
https://www.kechiq.com/product/orient-watch-ra-kv0501e10b-132099 ||| https://www.kechiq.com/src/img/products/orient-ra-kv0501e10b-132099.jpg ||| /Users/lcchai/Work/assets/kechiq/orient-ra-kv0501e10b-132099.jpg
https://www.kechiq.com/product/orient-watch-ra-kv0502b10b-132100 ||| https://www.kechiq.com/src/img/products/orient-ra-kv0502b10b-132100.jpg ||| /Users/lcchai/Work/assets/kechiq/orient-ra-kv0502b10b-132100.jpg
https://www.kechiq.com/product/orient-watch-ra-nb0101b10b-132101 ||| https://www.kechiq.com/src/img/products/orient-ra-nb0101b10b-132101.jpg ||| /Users/lcchai/Work/assets/kechiq/orient-ra-nb0101b10b-132101.jpg
https://www.kechiq.com/product/orient-watch-ra-nb0102s10b-132102 ||| https://www.kechiq.com/src/img/products/orient-ra-nb0102s10b-132102.jpg ||| /Users/lcchai/Work/assets/kechiq/orient-ra-nb0102s10b-132102.jpg
https://www.kechiq.com/product/orient-watch-ra-nb0103s10b-132103 ||| https://www.kechiq.com/src/img/products/orient-ra-nb0103s10b-132103.jpg ||| /Users/lcchai/Work/assets/kechiq/orient-ra-nb0103s10b-132103.jpg
https://www.kechiq.com/product/orient-watch-ra-nb0105s10b-132104 ||| https://www.kechiq.com/src/img/products/orient-ra-nb0105s10b-132104.jpg ||| /Users/lcchai/Work/assets/kechiq/orient-ra-nb0105s10b-132104.jpg
https://www.kechiq.com/product/orient-watch-ra-sp0001b10b-132105 ||| https://www.kechiq.com/src/img/products/orient-ra-sp0001b10b-132105.jpg ||| /Users/lcchai/Work/assets/kechiq/orient-ra-sp0001b10b-132105.jpg
https://www.kechiq.com/product/orient-watch-ra-sp0005n10b-132106 ||| https://www.kechiq.com/src/img/products/orient-ra-sp0005n10b-132106.jpg ||| /Users/lcchai/Work/assets/kechiq/orient-ra-sp0005n10b-132106.jpg
https://www.kechiq.com/product/orient-watch-ra-sp0006e10b-132107 ||| https://www.kechiq.com/src/img/products/orient-ra-sp0006e10b-132107.jpg ||| /Users/lcchai/Work/assets/kechiq/orient-ra-sp0006e10b-132107.jpg
https://www.kechiq.com/product/orient-watch-ra-sp0007s10b-132108 ||| https://www.kechiq.com/src/img/products/orient-ra-sp0007s10b-132108.jpg ||| /Users/lcchai/Work/assets/kechiq/orient-ra-sp0007s10b-132108.jpg
https://www.kechiq.com/product/skagen-watch-skw6461-46697 ||| https://www.kechiq.com/src/img/products/skagen-skw6461-46697.jpg ||| /Users/lcchai/Work/assets/kechiq/skagen-skw6461-46697.jpg
https://www.kechiq.com/product/swatch-watch-ycs114-38966 ||| https://www.kechiq.com/src/img/products/swatch-ycs114-38966.jpg ||| /Users/lcchai/Work/assets/kechiq/swatch-ycs114-38966.jpg
https://www.kechiq.com/product/tissot-watch-t0064241105300-33350 ||| https://www.kechiq.com/src/img/products/tissot-t0064241105300-33350.jpg ||| /Users/lcchai/Work/assets/kechiq/tissot-t0064241105300-33350.jpg
https://www.kechiq.com/product/tissot-watch-t0064283605800-33355 ||| https://www.kechiq.com/src/img/products/tissot-t0064283605800-33355.jpg ||| /Users/lcchai/Work/assets/kechiq/tissot-t0064283605800-33355.jpg
https://www.kechiq.com/product/tissot-watch-t0080104406100-33363 ||| https://www.kechiq.com/src/img/products/tissot-t0080104406100-33363.jpg ||| /Users/lcchai/Work/assets/kechiq/tissot-t0080104406100-33363.jpg
https://www.kechiq.com/product/tissot-watch-t0134201720700-33370 ||| https://www.kechiq.com/src/img/products/tissot-t0134201720700-33370.jpg ||| /Users/lcchai/Work/assets/kechiq/tissot-t0134201720700-33370.jpg
https://www.kechiq.com/product/tissot-watch-t0194303603101-129165 ||| https://www.kechiq.com/src/img/products/tissot-t0194303603101-129165.jpg ||| /Users/lcchai/Work/assets/kechiq/tissot-t0194303603101-129165.jpg
https://www.kechiq.com/product/tissot-watch-t0194303605101-129166 ||| https://www.kechiq.com/src/img/products/tissot-t0194303605101-129166.jpg ||| /Users/lcchai/Work/assets/kechiq/tissot-t0194303605101-129166.jpg
https://www.kechiq.com/product/tissot-watch-t0323091111701-129167 ||| https://www.kechiq.com/src/img/products/tissot-t0323091111701-129167.jpg ||| /Users/lcchai/Work/assets/kechiq/tissot-t0323091111701-129167.jpg
https://www.kechiq.com/product/tissot-watch-t0354101105100-129168 ||| https://www.kechiq.com/src/img/products/tissot-t0354101105100-129168.jpg ||| /Users/lcchai/Work/assets/kechiq/tissot-t0354101105100-129168.jpg
https://www.kechiq.com/product/tissot-watch-t0354281603100-129169 ||| https://www.kechiq.com/src/img/products/tissot-t0354281603100-129169.jpg ||| /Users/lcchai/Work/assets/kechiq/tissot-t0354281603100-129169.jpg
https://www.kechiq.com/product/tissot-watch-t0384301105700-129170 ||| https://www.kechiq.com/src/img/products/tissot-t0384301105700-129170.jpg ||| /Users/lcchai/Work/assets/kechiq/tissot-t0384301105700-129170.jpg
https://www.kechiq.com/product/tissot-watch-t0484172703700-129171 ||| https://www.kechiq.com/src/img/products/tissot-t0484172703700-129171.jpg ||| /Users/lcchai/Work/assets/kechiq/tissot-t0484172703700-129171.jpg
https://www.kechiq.com/product/tissot-watch-t0484172705700-129172 ||| https://www.kechiq.com/src/img/products/tissot-t0484172705700-129172.jpg ||| /Users/lcchai/Work/assets/kechiq/tissot-t0484172705700-129172.jpg
https://www.kechiq.com/product/tissot-watch-t0494101101700-129173 ||| https://www.kechiq.com/src/img/products/tissot-t0494101101700-129173.jpg ||| /Users/lcchai/Work/assets/kechiq/tissot-t0494101101700-129173.jpg
https://www.kechiq.com/product/tissot-watch-t0494171605700-33410 ||| https://www.kechiq.com/src/img/products/tissot-t0494171605700-33410.jpg ||| /Users/lcchai/Work/assets/kechiq/tissot-t0494171605700-33410.jpg
https://www.kechiq.com/product/tissot-watch-t0554171601700-129174 ||| https://www.kechiq.com/src/img/products/tissot-t0554171601700-129174.jpg ||| /Users/lcchai/Work/assets/kechiq/tissot-t0554171601700-129174.jpg
https://www.kechiq.com/product/tissot-watch-t0630091101800-129175 ||| https://www.kechiq.com/src/img/products/tissot-t0630091101800-129175.jpg ||| /Users/lcchai/Work/assets/kechiq/tissot-t0630091101800-129175.jpg
https://www.kechiq.com/product/tissot-watch-t0659301103100-129176 ||| https://www.kechiq.com/src/img/products/tissot-t0659301103100-129176.jpg ||| /Users/lcchai/Work/assets/kechiq/tissot-t0659301103100-129176.jpg
https://www.kechiq.com/product/tissot-watch-t0659301105100-129177 ||| https://www.kechiq.com/src/img/products/tissot-t0659301105100-129177.jpg ||| /Users/lcchai/Work/assets/kechiq/tissot-t0659301105100-129177.jpg
https://www.kechiq.com/product/tissot-watch-t0854071101100-129178 ||| https://www.kechiq.com/src/img/products/tissot-t0854071101100-129178.jpg ||| /Users/lcchai/Work/assets/kechiq/tissot-t0854071101100-129178.jpg
https://www.kechiq.com/product/tissot-watch-t0854071105100-129179 ||| https://www.kechiq.com/src/img/products/tissot-t0854071105100-129179.jpg ||| /Users/lcchai/Work/assets/kechiq/tissot-t0854071105100-129179.jpg
https://www.kechiq.com/product/tissot-watch-t0914204705700-129180 ||| https://www.kechiq.com/src/img/products/tissot-t0914204705700-129180.jpg ||| /Users/lcchai/Work/assets/kechiq/tissot-t0914204705700-129180.jpg
https://www.kechiq.com/product/tissot-watch-t0914204720700-129181 ||| https://www.kechiq.com/src/img/products/tissot-t0914204720700-129181.jpg ||| /Users/lcchai/Work/assets/kechiq/tissot-t0914204720700-129181.jpg
https://www.kechiq.com/product/tissot-watch-t0924172705702-129182 ||| https://www.kechiq.com/src/img/products/tissot-t0924172705702-129182.jpg ||| /Users/lcchai/Work/assets/kechiq/tissot-t0924172705702-129182.jpg
https://www.kechiq.com/product/tissot-watch-t0994071644700-129183 ||| https://www.kechiq.com/src/img/products/tissot-t0994071644700-129183.jpg ||| /Users/lcchai/Work/assets/kechiq/tissot-t0994071644700-129183.jpg
https://www.kechiq.com/product/tissot-watch-t1004301605100-129184 ||| https://www.kechiq.com/src/img/products/tissot-t1004301605100-129184.jpg ||| /Users/lcchai/Work/assets/kechiq/tissot-t1004301605100-129184.jpg
https://www.kechiq.com/product/tissot-watch-t1004303720100-129185 ||| https://www.kechiq.com/src/img/products/tissot-t1004303720100-129185.jpg ||| /Users/lcchai/Work/assets/kechiq/tissot-t1004303720100-129185.jpg
https://www.kechiq.com/product/tissot-watch-t1014511605100-129186 ||| https://www.kechiq.com/src/img/products/tissot-t1014511605100-129186.jpg ||| /Users/lcchai/Work/assets/kechiq/tissot-t1014511605100-129186.jpg
https://www.kechiq.com/product/tissot-watch-t1094101803200-129187 ||| https://www.kechiq.com/src/img/products/tissot-t1094101803200-129187.jpg ||| /Users/lcchai/Work/assets/kechiq/tissot-t1094101803200-129187.jpg
https://www.kechiq.com/product/tissot-watch-t1096103303200-129188 ||| https://www.kechiq.com/src/img/products/tissot-t1096103303200-129188.jpg ||| /Users/lcchai/Work/assets/kechiq/tissot-t1096103303200-129188.jpg
https://www.kechiq.com/product/tissot-watch-t1114173744103-129189 ||| https://www.kechiq.com/src/img/products/tissot-t1114173744103-129189.jpg ||| /Users/lcchai/Work/assets/kechiq/tissot-t1114173744103-129189.jpg
https://www.kechiq.com/product/tissot-watch-t125-617-16-051-01-80432 ||| https://www.kechiq.com/src/img/products/tissot-t125-617-16-051-01-80432.jpg ||| /Users/lcchai/Work/assets/kechiq/tissot-t125-617-16-051-01-80432.jpg
https://www.kechiq.com/product/tommy-hilfiger-watch-1781904-94099 ||| https://www.kechiq.com/src/img/products/tommy-hilfiger-1781904-94099.jpg ||| /Users/lcchai/Work/assets/kechiq/tommy-hilfiger-1781904-94099.jpg
https://www.kechiq.com/product/tommy-hilfiger-watch-1791322-101177 ||| https://www.kechiq.com/src/img/products/tommy-hilfiger-1791322-101177.jpg ||| /Users/lcchai/Work/assets/kechiq/tommy-hilfiger-1791322-101177.jpg
https://www.kechiq.com/product/tommy-hilfiger-watch-1791397-102298 ||| https://www.kechiq.com/src/img/products/tommy-hilfiger-1791397-102298.jpg ||| /Users/lcchai/Work/assets/kechiq/tommy-hilfiger-1791397-102298.jpg
https://www.kechiq.com/product/tommy-hilfiger-watch-1791399-94118 ||| https://www.kechiq.com/src/img/products/tommy-hilfiger-1791399-94118.jpg ||| /Users/lcchai/Work/assets/kechiq/tommy-hilfiger-1791399-94118.jpg
https://www.kechiq.com/product/tommy-hilfiger-watch-1791508-101181 ||| https://www.kechiq.com/src/img/products/tommy-hilfiger-1791508-101181.jpg ||| /Users/lcchai/Work/assets/kechiq/tommy-hilfiger-1791508-101181.jpg
https://www.kechiq.com/product/tommy-hilfiger-watch-1791509-101182 ||| https://www.kechiq.com/src/img/products/tommy-hilfiger-1791509-101182.jpg ||| /Users/lcchai/Work/assets/kechiq/tommy-hilfiger-1791509-101182.jpg
https://www.kechiq.com/product/tommy-hilfiger-watch-1791532-94122 ||| https://www.kechiq.com/src/img/products/tommy-hilfiger-1791532-94122.jpg ||| /Users/lcchai/Work/assets/kechiq/tommy-hilfiger-1791532-94122.jpg
https://www.kechiq.com/product/tommy-hilfiger-watch-1791563-101183 ||| https://www.kechiq.com/src/img/products/tommy-hilfiger-1791563-101183.jpg ||| /Users/lcchai/Work/assets/kechiq/tommy-hilfiger-1791563-101183.jpg
https://www.kechiq.com/product/victorinox-watch-241770-117300 ||| https://www.kechiq.com/src/img/products/victorinox-241770-117300.jpg ||| /Users/lcchai/Work/assets/kechiq/victorinox-241770-117300.jpg
