https://cdn2.jomashop.com/media/catalog/product/cache/bd69c9f438c854e0d2d88b4657bdd9c3/p/r/pre-owned-cartier-roadster-quartz-pink-dial-ladies-watch-w62017v3.jpg
      https://synopsis.cosmos.ieplsg.com/files/6,08bffe4e8fe308
https://www.breitling.com/media/image/1/gallery_square_700/asset-version-3e090c9083/ab01192a1l1x1-aviator-8-b01-chronograph-43-curtiss-warhawk-soldier.png
      https://synopsis.cosmos.ieplsg.com/files/6,05de767a4e1afa
https://www.breitling.com/media/image/1/gallery_square_700/asset-version-1b65d67ea1/m173152a1l1x1-aviator-8-automatic-41-black-steel-curtiss-warhawk-soldier.png
      https://synopsis.cosmos.ieplsg.com/files/6,05de7ba5ece3e3
https://www.breitling.com/media/image/1/gallery_square_700/asset-version-1282c6dfc4/a17315101b1x3-aviator-8-automatic-41-soldier.png
      https://synopsis.cosmos.ieplsg.com/files/5,05de70e69e3c03
https://www.breitling.com/media/image/1/gallery_square_700/asset-version-44edc36793/ab01194a1b1x1-aviator-8-b01-chronograph-43-mosquito-soldier.png
      https://synopsis.cosmos.ieplsg.com/files/6,05de72107b5c42
https://www.breitling.com/media/image/1/gallery_square_700/asset-version-406a81ff83/rb0119131q1p1-aviator-8-b01-chronograph-43-soldier.png
      https://synopsis.cosmos.ieplsg.com/files/5,05de5f7ce45bb0
https://www.breitling.com/media/image/1/gallery_square_700/asset-version-fb85f5eee3/ab0119131c1p2-aviator-8-b01-chronograph-43-soldier.png
      https://synopsis.cosmos.ieplsg.com/files/4,05de6194c775d2
https://meistersinger.us/wp-content/uploads/2018/07/meistersinger-n01-40mm_dm317_sv03_960x1280px_20200212-min-300x400.png
      https://synopsis.cosmos.ieplsg.com/files/4,065ec3251f1bbc
https://meistersinger.us/wp-content/uploads/2018/07/meistersinger-neoplus-ne403-scf02_960x1280px_20200213-300x400.png
      https://synopsis.cosmos.ieplsg.com/files/4,065f0874d7eb68
https://meistersinger.us/wp-content/uploads/2018/07/meistersinger-salthora-metax-samx902-srk01r_960x1280_20200218-300x400.png
      https://synopsis.cosmos.ieplsg.com/files/4,065f400fbc07cf
https://meistersinger.us/wp-content/uploads/2018/07/meistersinger-metris_me902bl_svsl03_960x1280px_20200204-min-300x400.png
      https://synopsis.cosmos.ieplsg.com/files/5,065effc3f1c69e
https://meistersinger.us/wp-content/uploads/2018/07/meistersinger-phanero-phm1g-mgb18_960x1280_20200218-300x400.png
      https://synopsis.cosmos.ieplsg.com/files/6,065f704f293b91
https://meistersinger.us/wp-content/uploads/2018/07/meistersinger-salthora-meta-sam909-sg02_960x1280_20200218-300x400.png
      https://synopsis.cosmos.ieplsg.com/files/4,065f3d6ecf1ea4
https://meistersinger.us/wp-content/uploads/2018/07/meistersinger-circularis-ccp317g-sl03_960x1280px_20200204-min-300x400.png
      https://synopsis.cosmos.ieplsg.com/files/5,065eab777b9a35
https://meistersinger.us/wp-content/uploads/2018/07/meistersinger-circularis-ccp303-sl03_960x1280px_20200204-min-300x400.png
      https://synopsis.cosmos.ieplsg.com/files/4,065ea8f23f22fd
https://meistersinger.us/wp-content/uploads/2018/07/meistersinger-neoplus-ne401-scf01_960x1280px_20200213-300x400.png
      https://synopsis.cosmos.ieplsg.com/files/5,065f05699815ae
https://meistersinger.us/wp-content/uploads/2018/07/meistersinger-pangaea-day-date-pdd9z17s-scf02_960x1280_20200218-300x400.png
      https://synopsis.cosmos.ieplsg.com/files/6,065ee7e4738071
https://meistersinger.us/wp-content/uploads/2018/07/meistersinger-phanero-phm1b-mgb18_960x1280_20200218-300x400.png
      https://synopsis.cosmos.ieplsg.com/files/6,065f6ae0172f47
https://meistersinger.us/wp-content/uploads/2018/07/meistersinger-circularis-cc303-SG02_960x1280px_20200204-min-300x400.png
      https://synopsis.cosmos.ieplsg.com/files/5,065e813bfa5bc9
https://meistersinger.us/wp-content/uploads/2018/07/meistersinger-neo-ne908n-sv16_960x1280px_20200213-300x400.png
      https://synopsis.cosmos.ieplsg.com/files/5,065f1a2b9aa774
https://meistersinger.us/wp-content/uploads/2018/07/meistersinger-metris_me917br_svf02_960x1280px_20200204-min-300x400.png
      https://synopsis.cosmos.ieplsg.com/files/6,065efc88221ad0
https://meistersinger.us/wp-content/uploads/2020/01/meistersinger-neo_plus_pointer-ned401-mln20_960x1280_20200218-300x400.png
      https://synopsis.cosmos.ieplsg.com/files/6,065f0ebe23bb3e
https://meistersinger.us/wp-content/uploads/2018/07/meistersinger-phanero-ph303-mbg18_960x1280_20200218-300x400.png
      https://synopsis.cosmos.ieplsg.com/files/4,065f61b46e229a
https://storage.seikowatches.com/image/2020/11/19052036314845/0/SRX017P1.png
      https://synopsis.cosmos.ieplsg.com/files/6,06c413d9ee98f2
https://storage.seikowatches.com/image/2020/11/19045031986486/0/SPB079J1.png
      https://synopsis.cosmos.ieplsg.com/files/6,06c12faa2f4517
https://storage.seikowatches.com/image/2020/02/25200438828075/0/SPB149J1.png
      https://synopsis.cosmos.ieplsg.com/files/4,06c0e790369bba
https://storage.seikowatches.com/image/2020/11/19045055438188/0/SPB093J1.png
      https://synopsis.cosmos.ieplsg.com/files/6,06c06a72123f93
https://storage.seikowatches.com/image/2020/11/19050545699056/0/SRPB46J1.png
      https://synopsis.cosmos.ieplsg.com/files/4,06c07d930567ce
https://storage.seikowatches.com/image/2020/01/29110302242659/0/SRPE07K1.png
      https://synopsis.cosmos.ieplsg.com/files/5,06c0f0aab65174
https://storage.seikowatches.com/image/2020/01/29113448081245/0/SSC757J1.png
      https://synopsis.cosmos.ieplsg.com/files/5,06c0f2f08bd254
https://storage.seikowatches.com/image/2020/08/13200748297820/0/SRPF19K1.png
      https://synopsis.cosmos.ieplsg.com/files/4,06c392731b8913
https://storage.seikowatches.com/image/2020/09/25200822255053/0/SRPF69K1.png
      https://synopsis.cosmos.ieplsg.com/files/5,06c38df9de4df5
https://storage.seikowatches.com/image/2020/11/19051305412776/0/SRPC99J1.png
      https://synopsis.cosmos.ieplsg.com/files/6,06c06f64292509
https://storage.seikowatches.com/image/2020/11/19044821345290/0/SNR041J1.png
      https://synopsis.cosmos.ieplsg.com/files/6,06c0fe28978484
https://storage.seikowatches.com/image/2020/09/25200825276540/0/SRPF70K1.png
      https://synopsis.cosmos.ieplsg.com/files/5,06c380c2d1c1e9
https://storage.seikowatches.com/image/2020/01/29113451050127/0/SSC759J1.png
      https://synopsis.cosmos.ieplsg.com/files/6,06c0f339d4d437
https://storage.seikowatches.com/image/2020/11/19051406782573/0/SRPD31K1.png
      https://synopsis.cosmos.ieplsg.com/files/5,06c1081d95bbc1
https://storage.seikowatches.com/image/2020/08/13200745081271/0/SRPF17K1.png
      https://synopsis.cosmos.ieplsg.com/files/6,06c391910217c9
https://storage.seikowatches.com/image/2020/12/02210210420439/0/SJE083J1.png
      https://synopsis.cosmos.ieplsg.com/files/6,06c18f4d8a8f0f
https://storage.seikowatches.com/image/2020/11/05200558892914/0/SPB185J1.png
      https://synopsis.cosmos.ieplsg.com/files/5,06c0b8aa68cc71
https://storage.seikowatches.com/image/2020/09/08200752821764/0/SRPE55K1.png
      https://synopsis.cosmos.ieplsg.com/files/6,06c3c6a4ff155d
https://storage.seikowatches.com/image/2020/09/25200833638185/0/SRPF73K1.png
      https://synopsis.cosmos.ieplsg.com/files/6,06c383af2f692f
https://storage.seikowatches.com/image/2020/10/19200442548914/0/SNR049J1.png
      https://synopsis.cosmos.ieplsg.com/files/5,06c0c5dbdd0b92
https://storage.seikowatches.com/image/2020/07/11044237953365/0/SRPE35K1.png
      https://synopsis.cosmos.ieplsg.com/files/6,06c0d8b4976b27
https://storage.seikowatches.com/image/2020/11/19051240542549/0/SRPC91K1.png
      https://synopsis.cosmos.ieplsg.com/files/4,06c12baa448b58
https://storage.seikowatches.com/image/2021/01/19040802244691/0/SRPF49J1.png
      https://synopsis.cosmos.ieplsg.com/files/4,0723b1f83dae63
https://storage.seikowatches.com/image/2020/11/19045028555102/0/SPB077J1.png
      https://synopsis.cosmos.ieplsg.com/files/5,06c12ee5ae366f
https://storage.seikowatches.com/image/2020/08/31200457507110/0/SPB157J1.png
      https://synopsis.cosmos.ieplsg.com/files/6,06c0ccecb1af68
https://storage.seikowatches.com/image/2020/01/29102629029514/0/SNE547P1.png
      https://synopsis.cosmos.ieplsg.com/files/4,06c0fa95b2b036
https://storage.seikowatches.com/image/2020/08/13200751325994/0/SRPF20K1.png
      https://synopsis.cosmos.ieplsg.com/files/4,06c393c6af94a2
https://storage.seikowatches.com/image/2020/01/29102625640759/0/SNE545P1.png
      https://synopsis.cosmos.ieplsg.com/files/4,06c0fb95198aa2
https://storage.seikowatches.com/image/2020/11/19055913011256/0/SSH003J1.png
      https://synopsis.cosmos.ieplsg.com/files/6,06c358af54027d
https://storage.seikowatches.com/image/2020/08/31200452446738/0/SPB155J1.png
      https://synopsis.cosmos.ieplsg.com/files/5,06c0ca0c91e698
https://storage.seikowatches.com/image/2020/01/29103632968994/0/SPB117J1.png
      https://synopsis.cosmos.ieplsg.com/files/5,06c0f5df7a14f7
https://storage.seikowatches.com/image/2021/01/19040801547633/0/SRPF47J1.png
      https://synopsis.cosmos.ieplsg.com/files/4,0723aff815ec80
https://storage.seikowatches.com/image/2020/09/08200802014854/0/SRPE60K1.png
      https://synopsis.cosmos.ieplsg.com/files/6,06c3c38216b968
https://storage.seikowatches.com/image/2020/08/13200757209185/0/SRPF21K1.png
      https://synopsis.cosmos.ieplsg.com/files/5,06c3900f3f7230
https://storage.seikowatches.com/image/2020/11/19052609892201/0/SSA343J1.png
      https://synopsis.cosmos.ieplsg.com/files/5,06c07b34cbd6a3
https://storage.seikowatches.com/image/2020/09/08200825153619/0/SRPE72K1.png
      https://synopsis.cosmos.ieplsg.com/files/4,06c39f19653012
https://storage.seikowatches.com/image/2020/11/19055754215833/0/SSE167J1.png
      https://synopsis.cosmos.ieplsg.com/files/5,06c35d789bed28
https://storage.seikowatches.com/image/2020/01/29104409498337/0/SRP837J1.png
      https://synopsis.cosmos.ieplsg.com/files/4,06c040da3a7ede
https://storage.seikowatches.com/image/2020/09/08200816540728/0/SRPE67K1.png
      https://synopsis.cosmos.ieplsg.com/files/4,06c3c1bd9b09e4
https://storage.seikowatches.com/image/2020/11/19055757774354/0/SSE169J1.png
      https://synopsis.cosmos.ieplsg.com/files/5,06c35e4848bed1
https://storage.seikowatches.com/image/2020/11/19055926247174/0/SSH009J1.png
      https://synopsis.cosmos.ieplsg.com/files/6,06c35a29879b7f
https://storage.seikowatches.com/image/2020/01/29110316656493/0/SRPE17J1.png
      https://synopsis.cosmos.ieplsg.com/files/5,06c03ed61974fd
https://storage.seikowatches.com/image/2020/09/08200842718840/0/SRPE80K1.png
      https://synopsis.cosmos.ieplsg.com/files/5,06c3bb08a438ed
https://storage.seikowatches.com/image/2020/11/19055936492862/0/SSH021J1.png
      https://synopsis.cosmos.ieplsg.com/files/5,06c3541cf41035
https://storage.seikowatches.com/image/2020/11/19054010907021/0/SSC376P9.png
      https://synopsis.cosmos.ieplsg.com/files/4,06c40073f14f2b
https://www.prestigetime.com/images/watches/a1338111c870-3rt_main.jpg?ver=1
      https://synopsis.cosmos.ieplsg.com/files/4,033a0359ed99fe
https://www.cartier.com/content/dam/rcq/car/15/91/46/0/1591460.png
      https://synopsis.cosmos.ieplsg.com/files/4,06ca89c5379b19
https://www.cartier.com/content/dam/rcq/car/11/72/51/8/1172518.png
      https://synopsis.cosmos.ieplsg.com/files/4,06cba1731a1229
https://www.cartier.com/content/dam/rcq/car/14/41/34/0/1441340.png
      https://synopsis.cosmos.ieplsg.com/files/4,06cbc568281c7c
https://www.cartier.com/content/dam/rcq/car/17/33/11/8/1733118.png
      https://synopsis.cosmos.ieplsg.com/files/6,06cb462d9e2479
https://www.cartier.com/content/dam/rcq/car/14/62/75/1/1462751.png
      https://synopsis.cosmos.ieplsg.com/files/6,06ca5f8ce42a96
https://www.cartier.com/content/dam/rcq/car/17/32/93/4/1732934.png
      https://synopsis.cosmos.ieplsg.com/files/6,06cb5a88d5296f
https://www.cartier.com/content/dam/rcq/car/17/33/11/6/1733116.png
      https://synopsis.cosmos.ieplsg.com/files/6,06cb42e1a19923
https://www.cartier.com/content/dam/rcq/car/17/33/11/7/1733117.png
      https://synopsis.cosmos.ieplsg.com/files/5,06cb4105879ba1
https://www.cartier.com/content/dam/rcq/car/64/97/74/649774.png
      https://synopsis.cosmos.ieplsg.com/files/4,06cbaba45c124f
https://cdn2.jomashop.com/media/catalog/product/cache/58f0f1ce05a070793bb96714c48ef741/p/r/pre-owned-omega-speedmaster-chronograph-automatic-black-dial-mens-watch-3520.50.jpg
      https://synopsis.cosmos.ieplsg.com/files/5,0756e404e5cd33
https://storage.seikowatches.com/image/2020/08/13200803407392/0/SRPF24K1.png
      https://synopsis.cosmos.ieplsg.com/files/6,06c38ed35be98a
https://storage.seikowatches.com/image/2020/01/29110311118146/0/SRPE15J1.png
      https://synopsis.cosmos.ieplsg.com/files/5,06c03deecbef09
https://storage.seikowatches.com/image/2020/01/29101049776033/0/SJE081J1.png
      https://synopsis.cosmos.ieplsg.com/files/4,06c043fb130d7c
https://storage.seikowatches.com/image/2020/09/08200839797683/0/SRPE79K1.png
      https://synopsis.cosmos.ieplsg.com/files/5,06c3bcbe5a6799
https://www.cartier.com/content/dam/rcq/car/10/39/79/8/1039798.png
      https://synopsis.cosmos.ieplsg.com/files/4,06cc2c3e1a1b87
https://storage.seikowatches.com/image/2020/11/19044108364699/0/SNE535P1.png
      https://synopsis.cosmos.ieplsg.com/files/4,06c123e8587a47
https://storage.seikowatches.com/image/2020/01/29101046845396/0/SJE079J1.png
      https://synopsis.cosmos.ieplsg.com/files/5,06c047456d26af
https://meistersinger.us/wp-content/uploads/2018/07/meistersinger-circularis-cc903-sl02_960x1280px_20200204-min-300x400.png
      https://synopsis.cosmos.ieplsg.com/files/6,065e8493476ef3
https://meistersinger.us/wp-content/uploads/2019/04/meistersinger-vintago-vt902-sn03_960x1280_20200218-300x400.png
      https://synopsis.cosmos.ieplsg.com/files/4,065e8007154a28
https://meistersinger.us/wp-content/uploads/2019/05/meistersinger-pangaea-date-pmd908-sg03_960x1280_20200218-300x400.png
      https://synopsis.cosmos.ieplsg.com/files/6,065ede240319ff
https://www.cartier.com/content/dam/rcq/car/72/37/98/723798.png
      https://synopsis.cosmos.ieplsg.com/files/5,06cbefb8f16857
https://storage.seikowatches.com/image/2020/11/19050526941079/0/SRPB41J1.png
      https://synopsis.cosmos.ieplsg.com/files/5,06c079d4211d6b
https://storage.seikowatches.com/image/2020/11/19045045225452/0/SPB087J1.png
      https://synopsis.cosmos.ieplsg.com/files/4,06c117d0f5d51a
https://meistersinger.us/wp-content/uploads/2018/07/meistersinger-circularis-cc327g-sg02_960x1280px_20200204-min-300x400.png
      https://synopsis.cosmos.ieplsg.com/files/4,065e83a612490d
https://storage.seikowatches.com/image/2020/11/19055929802605/0/SSH011J1.png
      https://synopsis.cosmos.ieplsg.com/files/6,06c35b9218e6ce
https://cdn2.jomashop.com/media/catalog/product/cache/fde19e4197824625333be074956e7640/p/r/pre-owned-rolex-masterpiece-automatic-chronometer-diamond-champagne-dial-ladies-watch-80298-cdpm.jpg?width=546&height=546
      https://synopsis.cosmos.ieplsg.com/files/4,04a4d4a723485f
https://meistersinger.us/wp-content/uploads/2018/07/meistersinger-n01-40mm_dm303_sv02_960x1280px_20200212-min-300x400.png
      https://synopsis.cosmos.ieplsg.com/files/6,065ec0836d494b
https://storage.seikowatches.com/image/2020/02/10200652829950/0/SRPE03K1.png
      https://synopsis.cosmos.ieplsg.com/files/6,06c0f9c3ee1f7c
https://meistersinger.us/wp-content/uploads/2018/07/meistersinger-n03_am908_sg03_960x1280px_20200212-min-300x400.png
      https://synopsis.cosmos.ieplsg.com/files/6,065ec993742cf2
https://storage.seikowatches.com/image/2020/01/29110319564944/0/SRPE19J1.png
      https://synopsis.cosmos.ieplsg.com/files/5,06c03fda869736
https://storage.seikowatches.com/image/2020/01/29114407969855/0/SSH047J1.png
      https://synopsis.cosmos.ieplsg.com/files/5,06c34d2245e663
https://meistersinger.us/wp-content/uploads/2019/05/meistersinger-pangaea-date-pmd903-sg02_960x1280_20200218-300x400.png
      https://synopsis.cosmos.ieplsg.com/files/6,065ee15c54fd7b
https://storage.seikowatches.com/image/2020/09/25200836784481/0/SRPF75K1.png
      https://synopsis.cosmos.ieplsg.com/files/4,06c38280075f61
https://www.breitling.com/media/image/1/gallery_square_700/asset-version-ef98f21b83/u17326211m1p1-navitimer-automatic-41-soldier.png
      https://synopsis.cosmos.ieplsg.com/files/4,05de4d395ff06c
https://meistersinger.us/wp-content/uploads/2018/07/meistersinger-urban-ur902-skk03_960x1280_20200218-300x400.png
      https://synopsis.cosmos.ieplsg.com/files/5,065f4cf5ada07a
https://storage.seikowatches.com/image/2020/09/17200754148927/0/SRPE75K1.png
      https://synopsis.cosmos.ieplsg.com/files/5,06c3bfafacbfc6
https://storage.seikowatches.com/image/2020/11/19055933061154/0/SSH019J1.png
      https://synopsis.cosmos.ieplsg.com/files/4,06c35546a0f9f3
https://meistersinger.us/wp-content/uploads/2020/01/meistersinger-astroscope_AS902B_SG03_960x1280px_20200204-300x400.png
      https://synopsis.cosmos.ieplsg.com/files/4,065f25296432bf
https://storage.seikowatches.com/image/2020/11/19044735433789/0/SNQ155P1.png
      https://synopsis.cosmos.ieplsg.com/files/4,06c414363e03be
https://www.cartier.com/content/dam/rcq/car/17/33/12/0/1733120.png
      https://synopsis.cosmos.ieplsg.com/files/4,06cb3fdf05003a
https://objects.chopard.com/media/catalog/product/cache/60af90f403b68cc44becb1068da1dcb9/2/9/298600-3001_1.jpg
      https://synopsis.cosmos.ieplsg.com/files/4,02c8be236907bd
https://storage.seikowatches.com/image/2020/08/13200800417588/0/SRPF23K1.png
      https://synopsis.cosmos.ieplsg.com/files/4,06c38f4bdf0028
https://meistersinger.us/wp-content/uploads/2019/01/meistersinger-urban-daydate-urdd908-skk03_960x1280_20200218-300x400.png
      https://synopsis.cosmos.ieplsg.com/files/5,065f5b31b6cd4d
https://www.cartier.com/content/dam/rcq/car/58/98/15/589815.png
      https://synopsis.cosmos.ieplsg.com/files/4,06cbcb55aa4cd8
https://storage.seikowatches.com/image/2020/11/05200615038798/0/SPB191J1.png
      https://synopsis.cosmos.ieplsg.com/files/5,06c0bae69a058a
https://meistersinger.us/wp-content/uploads/2018/07/meistersinger-phanero-phm1c-mgb18_960x1280_20200218-300x400.png
      https://synopsis.cosmos.ieplsg.com/files/6,065f6d17d00b08
https://meistersinger.us/wp-content/uploads/2018/07/meistersinger-perigraph-am1003-sg02w_960x1280_20200218-300x400.png
      https://synopsis.cosmos.ieplsg.com/files/4,065f28ec0f5365
https://cdn2.jomashop.com/media/catalog/product/cache/bd69c9f438c854e0d2d88b4657bdd9c3/p/r/pre-owned-rolex-datejust-automatic-chronometer-diamond-black-dial-ladies-watch-79174-bkdj.jpg
      https://synopsis.cosmos.ieplsg.com/files/5,04a30fc6d55add
https://storage.seikowatches.com/image/2020/02/20200328353543/0/SLA037J1.png
      https://synopsis.cosmos.ieplsg.com/files/5,06c0e895336543
https://meistersinger.us/wp-content/uploads/2018/07/meistersinger-urban-ur913-skk02_960x1280_20200218-300x400.png
      https://synopsis.cosmos.ieplsg.com/files/5,065f52bf65c8a0
https://www.cartier.com/content/dam/rcq/car/59/27/21/592721.png
      https://synopsis.cosmos.ieplsg.com/files/4,06cbf974c82676
https://cdn2.jomashop.com/media/catalog/product/cache/76ca28a553ae7feaf63d5d8d3b95ff3e/p/r/pre-owned-omega-seamaster-quartz-blue-dial-unisex-watch-2561.80.jpg?width=546&height=546
      https://synopsis.cosmos.ieplsg.com/files/5,05fc190aab5bf2
https://meistersinger.us/wp-content/uploads/2018/07/meistersinger-salthora-meta-sam908-sg03_960x1280_20200218-300x400.png
      https://synopsis.cosmos.ieplsg.com/files/5,065f3a4d49a1b5
https://storage.seikowatches.com/image/2020/09/25200830612712/0/SRPF71K1.png
      https://synopsis.cosmos.ieplsg.com/files/4,06c381c8ce65fe
https://www.cartier.com/content/dam/rcq/car/17/74/46/6/1774466.png
      https://synopsis.cosmos.ieplsg.com/files/4,06cb5cd1f3b558
https://www.cartier.com/content/dam/rcq/car/66/23/72/662372.png
      https://synopsis.cosmos.ieplsg.com/files/6,06cbb1bf8eb22e
https://www.cartier.com/content/dam/rcq/car/17/33/11/9/1733119.png
      https://synopsis.cosmos.ieplsg.com/files/4,06cb443a3a4b17
https://www.cartier.com/content/dam/rcq/car/16/23/15/7/1623157.png
      https://synopsis.cosmos.ieplsg.com/files/6,06cb5436eb58ac
https://storage.seikowatches.com/image/2020/11/19061138273858/0/SUN065P1.png
      https://synopsis.cosmos.ieplsg.com/files/4,06c1774a483f05
https://www.cartier.com/content/dam/rcq/car/59/13/84/591384.png
      https://synopsis.cosmos.ieplsg.com/files/5,06ca6488ced6f1
https://cdn2.jomashop.com/media/catalog/product/cache/58f0f1ce05a070793bb96714c48ef741/p/r/pre-owned-rolex-oysterquartz-champagne-dial-mens-watch-17013.jpg
      https://synopsis.cosmos.ieplsg.com/files/6,079eac54ebe8e7
https://www.cartier.com/content/dam/rcq/car/60/08/03/600803.png
      https://synopsis.cosmos.ieplsg.com/files/4,06ca712b2a62a8
https://www.cartier.com/content/dam/rcq/car/10/39/80/1/1039801.png
      https://synopsis.cosmos.ieplsg.com/files/6,06cbd3747090e1
https://meistersinger.us/wp-content/uploads/2018/07/meistersinger-pangaea-day-date-pdd908-sg03_960x1280_20200218-300x400.png
      https://synopsis.cosmos.ieplsg.com/files/4,065eed935d40de
https://www.prestigetime.com/images/watches/a1733110bc31-1rt_main.jpg?ver=1
      https://synopsis.cosmos.ieplsg.com/files/6,05c29b26e0180b
https://storage.seikowatches.com/image/2020/11/19044759826794/0/SNR033J1.png
      https://synopsis.cosmos.ieplsg.com/files/4,06c1127b4ab445
https://www.prestigetime.com/images/watches/a1733110i519-1rt_main.jpg?ver=1
      https://synopsis.cosmos.ieplsg.com/files/5,08da107daf8a4d
https://meistersinger.us/wp-content/uploads/2018/07/meistersinger-circularis-cc308-sg03_960x1280px_20200204-min-300x400.png
      https://synopsis.cosmos.ieplsg.com/files/6,065e8287bb27eb
https://meistersinger.us/wp-content/uploads/2018/07/meistersinger-n01-40mm_dm301_sv05_960x1280px_20200212-min-300x400.png
      https://synopsis.cosmos.ieplsg.com/files/4,065ec699f41dbd
https://meistersinger.us/wp-content/uploads/2018/07/meistersinger-n03_am917br_svf02_960x1280px_20200212-min-300x400.png
      https://synopsis.cosmos.ieplsg.com/files/4,065ecf0cd9d8e1
https://www.cartier.com/content/dam/rcq/car/58/92/22/589222.png
      https://synopsis.cosmos.ieplsg.com/files/5,06cba3b1012afc
https://storage.seikowatches.com/image/2020/09/29200243576153/0/SLA043J1.png
      https://synopsis.cosmos.ieplsg.com/files/4,06c0c36563d5eb
https://meistersinger.us/wp-content/uploads/2018/07/meistersinger-metris_me908_sd04_960x1280px_20200204-min-300x400.png
      https://synopsis.cosmos.ieplsg.com/files/6,065f0285d9d64c
https://storage.seikowatches.com/image/2020/11/19045018510476/0/SPB071J1.png
      https://synopsis.cosmos.ieplsg.com/files/4,06c143f8b4aeb7
https://meistersinger.us/wp-content/uploads/2018/07/meistersinger-urban-ur901-skk03_960x1280_20200218-300x400.png
      https://synopsis.cosmos.ieplsg.com/files/6,065f4926f47e4d
https://cdn2.jomashop.com/media/catalog/product/cache/bd69c9f438c854e0d2d88b4657bdd9c3/p/r/pre-owned-rolex-datejust-automatic-champagne-dial-ladies-watch-6917-csl.jpg
      https://synopsis.cosmos.ieplsg.com/files/4,049c39b1e0d70f
https://www.cartier.com/content/dam/rcq/car/16/23/17/2/1623172.png
      https://synopsis.cosmos.ieplsg.com/files/5,06cb473c6fdde0
https://meistersinger.us/wp-content/uploads/2018/07/meistersinger-metris_me902_sd01_960x1280px_20200204-min-300x400.png
      https://synopsis.cosmos.ieplsg.com/files/4,065ef78f3258d7
https://www.cartier.com/content/dam/rcq/car/65/22/65/652265.png
      https://synopsis.cosmos.ieplsg.com/files/4,06cc222825d848
https://meistersinger.us/wp-content/uploads/2018/07/meistersinger-n03-40mm_dm908_sg06_960x1280px_20200212-300x400.png
      https://synopsis.cosmos.ieplsg.com/files/6,065edbfbdb086c
https://meistersinger.us/wp-content/uploads/2018/07/meistersinger-perigraph-am1002bl-svsl02_960x1280_20200218-300x400.png
      https://synopsis.cosmos.ieplsg.com/files/4,065f2b93dd78d2
https://meistersinger.us/wp-content/uploads/2019/01/meistersinger-urban-daydate-urdd902-skk01_960x1280_20200218-300x400.png
      https://synopsis.cosmos.ieplsg.com/files/5,065f58b0181231
https://www.breitling.com/media/image/1/gallery_square_700/asset-version-ec7d01d969/a13316101b1x3-aviator-8-chronograph-43-soldier.png
      https://synopsis.cosmos.ieplsg.com/files/4,05de69ee9673bc
https://meistersinger.us/wp-content/uploads/2018/07/meistersinger-salthora-meta-sam903-sg02_960x1280_20200218-300x400.png
      https://synopsis.cosmos.ieplsg.com/files/6,065f373e2c82b3
https://storage.seikowatches.com/image/2020/12/15040450478572/0/SPB181J1.png
      https://synopsis.cosmos.ieplsg.com/files/4,06c0b15b199e61
https://storage.seikowatches.com/image/2020/09/25200819222268/0/SRPF67K1.png
      https://synopsis.cosmos.ieplsg.com/files/4,06c3847d0f06da
https://storage.seikowatches.com/image/2020/01/29104414610755/0/SRP841J1.png
      https://synopsis.cosmos.ieplsg.com/files/5,06c0414d132e53
https://cdn2.jomashop.com/media/catalog/product/cache/bd69c9f438c854e0d2d88b4657bdd9c3/p/r/pre-owned-rolex-datejust-automatic-chronometer-champagne-dial-ladies-watch-69173-crj.jpg
      https://synopsis.cosmos.ieplsg.com/files/6,049c8590103210
https://meistersinger.us/wp-content/uploads/2019/01/meistersinger-urban-daydate-urdd913-skk02_960x1280_20200218-300x400.png
      https://synopsis.cosmos.ieplsg.com/files/5,065f5e3b5e4b67
https://storage.seikowatches.com/image/2020/03/12200506339455/0/SPB163J1.png
      https://synopsis.cosmos.ieplsg.com/files/4,06c03a9f3a4dda
https://www.cartier.com/content/dam/rcq/car/58/85/47/588547.png
      https://synopsis.cosmos.ieplsg.com/files/5,06ca61f6a31294
https://storage.seikowatches.com/image/2020/11/19055909452787/0/SSH001J1.png
      https://synopsis.cosmos.ieplsg.com/files/6,06c35c898b27d0
https://www.cartier.com/content/dam/rcq/car/17/33/12/1/1733121.png
      https://synopsis.cosmos.ieplsg.com/files/5,06cb3dcd26041c
https://storage.seikowatches.com/image/2020/01/29103635976088/0/SPB119J1.png
      https://synopsis.cosmos.ieplsg.com/files/6,06c0f602432c17
https://meistersinger.us/wp-content/uploads/2019/01/meistersinger-urban-daydate-urdd901-skk03_960x1280_20200218-300x400.png
      https://synopsis.cosmos.ieplsg.com/files/4,065f5546d50df3
https://storage.seikowatches.com/image/2021/01/16040748454695/0/SRPF45J1.png
      https://synopsis.cosmos.ieplsg.com/files/4,0723b9cafbb2d1
https://meistersinger.us/wp-content/uploads/2018/07/meistersinger-n03-40mm_dm901_sg03_960x1280px_20200212-300x400.png
      https://synopsis.cosmos.ieplsg.com/files/4,065ed50236c087
https://meistersinger.us/wp-content/uploads/2018/07/meistersinger-pangaea-day-date-pdd9z17b-scf03_960x1280_20200218-300x400.png
      https://synopsis.cosmos.ieplsg.com/files/6,065eea306f2aec
https://meistersinger.us/wp-content/uploads/2018/07/meistersinger-n03_am903_sg02_960x1280px_20200212-min-300x400.png
      https://synopsis.cosmos.ieplsg.com/files/6,065ecc99d633b5
https://www.prestigetime.com/images/watches/551-nomos-glashutte-ahoi-datum-watch_main.jpg?ver=1
      https://synopsis.cosmos.ieplsg.com/files/4,08dbd1d374289f
https://storage.seikowatches.com/image/2020/11/19045058725305/0/SPB095J1.png
      https://synopsis.cosmos.ieplsg.com/files/4,06c06124c2b422
https://meistersinger.us/wp-content/uploads/2018/06/meistersinger-n01_am3301_sv03_960x1280px_20200212-min-300x400.png
      https://synopsis.cosmos.ieplsg.com/files/4,065eb750a59527
https://meistersinger.us/wp-content/uploads/2019/07/meistersinger-circularis-cc9z02-SVSL02_960x1280px_20200204-min-300x400.png
      https://synopsis.cosmos.ieplsg.com/files/4,065ea5a1272498
https://storage.seikowatches.com/image/2020/11/19054836122620/0/SSC707P1.png
      https://synopsis.cosmos.ieplsg.com/files/4,06c11e6796787a
https://meistersinger.us/wp-content/uploads/2018/07/meistersinger-lunascope-ls908g-sg03_960x1280px_20200204-min-300x400.png
      https://synopsis.cosmos.ieplsg.com/files/6,065eb4cb525bb6
https://meistersinger.us/wp-content/uploads/2018/07/meistersinger-neo-ne901n-sv14_960x1280px_20200213-300x400.png
      https://synopsis.cosmos.ieplsg.com/files/5,065f14870c346f
https://www.cartier.com/content/dam/rcq/car/16/23/14/9/1623149.png
      https://synopsis.cosmos.ieplsg.com/files/5,06cb494ffb98db
https://www.cartier.com/content/dam/rcq/car/15/15/37/3/1515373.png
      https://synopsis.cosmos.ieplsg.com/files/6,06ca62176556f1
https://meistersinger.us/wp-content/uploads/2018/07/meistersinger-neo-ne917g-sv13_960x1280px_20200213-300x400.png
      https://synopsis.cosmos.ieplsg.com/files/6,065f1d903a0513
https://meistersinger.us/wp-content/uploads/2018/07/meistersinger-lunascope-ls901-sg02_960x1280px_20200204-min-300x400.png
      https://synopsis.cosmos.ieplsg.com/files/4,065eae22f37363
https://storage.seikowatches.com/image/2020/11/19044955398717/0/SPB053J1.png
      https://synopsis.cosmos.ieplsg.com/files/5,06c14c7a0b157f
https://storage.seikowatches.com/image/2020/11/19052739551782/0/SSA379J1.png
      https://synopsis.cosmos.ieplsg.com/files/4,06c071680a11f9
https://storage.seikowatches.com/image/2020/09/25200816238024/0/SRPF65K1.png
      https://synopsis.cosmos.ieplsg.com/files/5,06c38c78bf1daf
https://www.cartier.com/content/dam/rcq/car/65/22/66/652266.png
      https://synopsis.cosmos.ieplsg.com/files/4,06cc25bf1fbf12
https://meistersinger.us/wp-content/uploads/2018/07/meistersinger-neo-ne903n-sv12_960x1280px_20200213-300x400.png
      https://synopsis.cosmos.ieplsg.com/files/5,065f177bb9df58
https://meistersinger.us/wp-content/uploads/2019/05/meistersinger-pangaea-date-pmd901-sg02_960x1280_20200218-300x400.png
      https://synopsis.cosmos.ieplsg.com/files/5,065ee4de4b89df
https://meistersinger.us/wp-content/uploads/2019/04/meistersinger-vintago-vt908-sn03_960x1280_20200218-300x400.png
      https://synopsis.cosmos.ieplsg.com/files/6,065e7e48560fb9
https://storage.seikowatches.com/image/2020/11/19044057731951/0/SNE533P1.png
      https://synopsis.cosmos.ieplsg.com/files/5,06c121a4aa6aca
https://meistersinger.us/wp-content/uploads/2019/04/meistersinger-vintago-vt903-sn02_960x1280_20200218-300x400.png
      https://synopsis.cosmos.ieplsg.com/files/4,065e7f192540eb
https://www.cartier.com/content/dam/rcq/car/59/16/97/591697.png
      https://synopsis.cosmos.ieplsg.com/files/4,06cc185490f6a6
https://storage.seikowatches.com/image/2020/01/29100643705561/0/SBXD002J.png
      https://synopsis.cosmos.ieplsg.com/files/5,06c350e677260b
https://cdn2.jomashop.com/media/catalog/product/cache/bd69c9f438c854e0d2d88b4657bdd9c3/p/r/pre-owned-omega-speedmaster-chronograph-automatic-black-dial-mens-watch-3539.50.jpg
      https://synopsis.cosmos.ieplsg.com/files/4,04bf74e4f6ca8a
https://meistersinger.us/wp-content/uploads/2018/07/meistersinger-n03_am902bl_svsl03_960x1280px_20200212-min-300x400.png
      https://synopsis.cosmos.ieplsg.com/files/5,065ed226893511
https://meistersinger.us/wp-content/uploads/2018/07/meistersinger-neoplus-ne417g-scf02_960x1280px_20200213-300x400.png
      https://synopsis.cosmos.ieplsg.com/files/6,065f11f3af7a22
https://www.breitling.com/media/image/1/gallery_square_700/asset-version-e7efb6d9f3/a17326211c1p3-navitimer-automatic-41-soldier.png
      https://synopsis.cosmos.ieplsg.com/files/6,05de53eaf30ec7
https://meistersinger.us/wp-content/uploads/2018/07/meistersinger-phanero-ph307g-mgb18_960x1280_20200218-300x400.png
      https://synopsis.cosmos.ieplsg.com/files/4,065f64c57ec3a2
https://www.breitling.com/media/image/1/gallery_square_700/asset-version-61ddd00d24/a17326211b1p2-navitimer-automatic-41-soldier.png
      https://synopsis.cosmos.ieplsg.com/files/6,05de582aa6be37
https://meistersinger.us/wp-content/uploads/2020/01/meistersinger-astroscope_AS90OR_SG02_960x1280px_20200204-300x400.png
      https://synopsis.cosmos.ieplsg.com/files/5,065f22a8f13281
https://meistersinger.us/wp-content/uploads/2018/07/meistersinger-circularis-cc908-SL03_960x1280px_20200204-min-300x400.png
      https://synopsis.cosmos.ieplsg.com/files/6,065e85c2bf1828
https://storage.seikowatches.com/image/2020/11/19052736455229/0/SSA377J1.png
      https://synopsis.cosmos.ieplsg.com/files/5,06c0707d0ec7cb
https://storage.seikowatches.com/image/2020/11/19055916290656/0/SSH006J1.png
      https://synopsis.cosmos.ieplsg.com/files/5,06c359d234de0f
https://www.cartier.com/content/dam/rcq/car/59/23/96/592396.png
      https://synopsis.cosmos.ieplsg.com/files/6,06cbf0ef106645
https://storage.seikowatches.com/image/2020/12/15061227945315/0/SSC795J1.png
      https://synopsis.cosmos.ieplsg.com/files/6,06c0b2ca1649a9
https://meistersinger.us/wp-content/uploads/2018/07/meistersinger-perigraph-am1008-sg03_960x1280_20200218-300x400.png
      https://synopsis.cosmos.ieplsg.com/files/5,065f34d208d178
https://storage.seikowatches.com/image/2020/01/29103644532360/0/SPB123J1.png
      https://synopsis.cosmos.ieplsg.com/files/6,06c0f837d5fd49
https://storage.seikowatches.com/image/2020/11/05200611540160/0/SPB189J1.png
      https://synopsis.cosmos.ieplsg.com/files/6,06c0b7b2ca550e
https://storage.seikowatches.com/image/2020/11/19051824033281/0/SRQ025J1.png
      https://synopsis.cosmos.ieplsg.com/files/6,06c0916df3db75
https://www.prestigetime.com/images/watches/xb0170e4i533154sm_main.jpg?ver=1
      https://synopsis.cosmos.ieplsg.com/files/6,036a9db9a61402
https://meistersinger.us/wp-content/uploads/2018/07/meistersinger-circularis-cc927g-sl03_960x1280px_20200204-min-300x400.png
      https://synopsis.cosmos.ieplsg.com/files/5,065e86cabd9522
https://meistersinger.us/wp-content/uploads/2018/06/meistersinger-n01_am3303_sg02_960x1280px_20200212-min-300x400.png
      https://synopsis.cosmos.ieplsg.com/files/6,065eba6096eea5
https://www.cartier.com/content/dam/rcq/car/18/01/98/6/1801986.png
      https://synopsis.cosmos.ieplsg.com/files/4,06cb4a1d1a836a
https://meistersinger.us/wp-content/uploads/2018/07/meistersinger-metris_me901_sd01_960x1280px_20200204-min-300x400.png
      https://synopsis.cosmos.ieplsg.com/files/6,065eeb22744ea0
https://storage.seikowatches.com/image/2020/01/29113457160510/0/SSC761J1.png
      https://synopsis.cosmos.ieplsg.com/files/4,06c0ecb0479ffd
https://www.breitling.com/media/image/1/gallery_square_700/asset-version-fbecf076bc/a17315101c1x1-aviator-8-automatic-41-soldier.png
      https://synopsis.cosmos.ieplsg.com/files/6,069e578273b30a
https://meistersinger.us/wp-content/uploads/2018/07/meistersinger-phanero-ph308-mgb18_960x1280_20200218-300x400.png
      https://synopsis.cosmos.ieplsg.com/files/4,065f6783318669
https://meistersinger.us/wp-content/uploads/2018/07/meistersinger-n03-40mm_dm903_sg02_960x1280px_20200212-300x400.png
      https://synopsis.cosmos.ieplsg.com/files/5,065ed81d42a9bf
https://meistersinger.us/wp-content/uploads/2018/07/meistersinger-urban-ur908-skk03_960x1280_20200218-300x400.png
      https://synopsis.cosmos.ieplsg.com/files/4,065f4fc1343890
https://meistersinger.us/wp-content/uploads/2018/07/meistersinger-pangaea-day-date-pdd903-sg02w_960x1280_20200218-300x400.png
      https://synopsis.cosmos.ieplsg.com/files/6,065eec773afc89
https://storage.seikowatches.com/image/2020/11/19044958566236/0/SPB059J1.png
      https://synopsis.cosmos.ieplsg.com/files/4,06c09b32018a19
https://www.cartier.com/content/dam/rcq/car/59/23/13/592313.png
      https://synopsis.cosmos.ieplsg.com/files/5,06ca9694ea5e3d
https://meistersinger.us/wp-content/uploads/2018/06/meistersinger-n01_am3308_sv06_960x1280px_20200212-min-300x400.png
      https://synopsis.cosmos.ieplsg.com/files/4,065ebd9f7a7284
https://meistersinger.us/wp-content/uploads/2018/07/meistersinger-neoplus-ne408-scf03_960x1280px_20200213-300x400.png
      https://synopsis.cosmos.ieplsg.com/files/4,065f0b9daafdb9
https://storage.seikowatches.com/image/2020/11/19044803127779/0/SNR035J1.png
      https://synopsis.cosmos.ieplsg.com/files/6,06c11a72d6e8d7
https://meistersinger.us/wp-content/uploads/2018/07/meistersinger-perigraph-am1017br-svf02_960x1280_20200218-300x400.png
      https://synopsis.cosmos.ieplsg.com/files/6,065f2ea234d375
https://meistersinger.us/wp-content/uploads/2018/07/meistersinger-metris_me903_sd04_960x1280px_20200204-min-300x400.png
      https://synopsis.cosmos.ieplsg.com/files/6,065eee22ccc0c3
https://meistersinger.us/wp-content/uploads/2019/04/meistersinger-vintago-vt901-skk01_960x1280_20200218-300x400.png
      https://synopsis.cosmos.ieplsg.com/files/4,065e7dac675512
https://meistersinger.us/wp-content/uploads/2018/07/meistersinger-lunascope-ls908-sg03_960x1280px_20200204-min-300x400.png
      https://synopsis.cosmos.ieplsg.com/files/4,065eb1582be74d
https://storage.seikowatches.com/image/2020/11/19052616019259/0/SSA345J1.png
      https://synopsis.cosmos.ieplsg.com/files/4,06c0acaddd8410
https://meistersinger.us/wp-content/uploads/2018/07/meistersinger-salthora-metax-samx908-svsl03_960x1280_20200218-300x400.png
      https://synopsis.cosmos.ieplsg.com/files/5,065f4629f7738d
https://meistersinger.us/wp-content/uploads/2018/07/meistersinger-salthora-metax-samx902gr-srk01g_960x1280_20200218-300x400.png
      https://synopsis.cosmos.ieplsg.com/files/5,065f434400ac54
https://storage.seikowatches.com/image/2020/11/19052032690368/0/SRX015P1.png
      https://synopsis.cosmos.ieplsg.com/files/4,06c4120e60141d
https://meistersinger.us/wp-content/uploads/2018/07/meistersinger-perigraph-am1007r-sg06w_960x1280_20200218-300x400.png
      https://synopsis.cosmos.ieplsg.com/files/6,065f3159c6f3d9
https://storage.seikowatches.com/image/2020/01/29104412014953/0/SRP839J1.png
      https://synopsis.cosmos.ieplsg.com/files/6,06c042fbdfc3db
