https://www.armani.com/sg/armanicom/emporio-armani/_cod50230740kl.html#dept=wtchs ||| 404
https://www.armani.com/sg/armanicom/emporio-armani/_cod50232372hg.html#dept=wtchs ||| 404
https://www.armani.com/sg/armanicom/emporio-armani/_cod50236516ld.html#dept=wtchs ||| 404
https://www.armani.com/sg/armanicom/emporio-armani/_cod50237185ao.html#dept=wtchs ||| 404
https://www.armani.com/sg/armanicom/emporio-armani/_cod50239604lu.html#dept=wtchs ||| 404
https://www.armani.com/sg/armanicom/emporio-armani/_cod50239607cb.html#dept=wtchs ||| 404
https://www.armani.com/sg/armanicom/emporio-armani/_cod50240639ke.html#dept=wtchs ||| 404
https://www.armani.com/sg/armanicom/emporio-armani/_cod50252580xw.html#dept=wtchs ||| 404
https://www.armani.com/sg/armanicom/emporio-armani/_cod50252585pw.html#dept=wtchs ||| 404
https://www.armani.com/sg/armanicom/emporio-armani/_cod50252587tg.html#dept=wtchs ||| 404
https://www.armani.com/sg/armanicom/emporio-armani/_cod50252588gv.html#dept=wtchs ||| 404
https://www.armani.com/sg/armanicom/emporio-armani/_cod50252592iu.html#dept=wtchs ||| 404
https://www.armani.com/sg/armanicom/emporio-armani/automatic-gunmetal-stainless-steel-watch_cod50249307an.html#dept=wtchs ||| 404
https://www.armani.com/sg/armanicom/emporio-armani/multifunction-black-leather-watch_cod50253463vr.html#dept=wtchs ||| 404
https://www.armani.com/sg/armanicom/emporio-armani/multifunction-stainless-steel-watch_cod50253461vr.html#dept=wtchs ||| 404
https://www.armani.com/sg/armanicom/emporio-armani/orologio-con-cinturino-in-pelle-e-movimento-al-quarzo_cod50249837sq.html#dept=wtchs ||| 404
https://www.armani.com/sg/armanicom/emporio-armani/orologio-con-cinturino-in-pelle-e-movimento-automatico_cod50232372hg.html#dept=wtchs ||| 404
https://www.armani.com/sg/armanicom/emporio-armani/orologio-con-movimento-meccanico-e-quadrante-con-fondo-trasparente_cod50236516ld.html#dept=wtchs ||| 404
https://www.armani.com/sg/armanicom/emporio-armani/orologio-con-movimento-meccanico-e-quadrante-con-fondo-trasparente_cod50240639ke.html#dept=wtchs ||| 404
https://www.armani.com/sg/armanicom/emporio-armani/orologio-con-movimento-meccanico-e-quadrante-con-fondo-trasparente_cod50249307an.html#dept=wtchs ||| 404
https://www.armani.com/sg/armanicom/emporio-armani/orologio-con-quadrante-tondo-e-cinturino-in-pelle_cod50239604lu.html#dept=wtchs ||| 404
https://www.armani.com/sg/armanicom/emporio-armani/orologio-con-quadrante-tondo-e-cinturino-in-pelle_cod50239607cb.html#dept=wtchs ||| 404
https://www.armani.com/sg/armanicom/emporio-armani/orologio-da-donna-a-due-lancette-in-acciaio_cod50237185ao.html#dept=wtchs ||| 404
https://www.armani.com/sg/armanicom/emporio-armani/orologio-da-donna-al-quarzo-in-acciaio-inox_cod50249838on.html#dept=wtchs ||| 404
https://www.armani.com/sg/armanicom/emporio-armani/orologio-in-acciaio-con-movimento-al-quarzo_cod50230740kl.html#dept=wtchs ||| 404
https://www.armani.com/sg/armanicom/emporio-armani/orologio-swiss-made-in-acciaio_cod50232371tb.html#dept=wtchs ||| 404
https://www.armani.com/sg/armanicom/emporio-armani/three-hand-brown-leather-watch_cod50252958jf.html#dept=wtchs ||| 404
https://www.armani.com/sg/armanicom/emporio-armani/two-hand-red-leather-watch_cod50249837sq.html#dept=wtchs ||| 404
https://www.armani.com/sg/armanicom/emporio-armani/two-hand-rose-gold-tone-stainless-steel-watch_cod50249838on.html#dept=wtchs ||| 404
