https://www.baume-et-mercier.com/us/en/collections/baume-/watch-baume-10587-date.html ||| https://www.baume-et-mercier.com/content/dam/rcq/bem/20/88/94/3/2088943.png.transform.bemproddetails.png ||| /Users/lcchai/Work/assets/official/baume/2088943.png.transform.bemproddetails.png
https://www.baume-et-mercier.com/us/en/collections/baume-/watch-baume-10590.html ||| https://www.baume-et-mercier.com/content/dam/rcq/bem/20/88/93/5/2088935.png.transform.bemproddetails.png ||| /Users/lcchai/Work/assets/official/baume/2088935.png.transform.bemproddetails.png
https://www.baume-et-mercier.com/us/en/collections/baume-/watch-baume-10599-small-seconds.html ||| https://www.baume-et-mercier.com/content/dam/rcq/bem/20/88/94/5/2088945.png.transform.bemproddetails.png ||| /Users/lcchai/Work/assets/official/baume/2088945.png.transform.bemproddetails.png
https://www.baume-et-mercier.com/us/en/collections/baume-/watch-baume-10600-small-seconds.html ||| https://www.baume-et-mercier.com/content/dam/rcq/bem/20/88/94/6/2088946.png.transform.bemproddetails.png ||| /Users/lcchai/Work/assets/official/baume/2088946.png.transform.bemproddetails.png
https://www.baume-et-mercier.com/us/en/collections/baume-/watch-baume-10601-date.html ||| https://www.baume-et-mercier.com/content/dam/rcq/bem/20/88/94/7/2088947.png.transform.bemproddetails.png ||| /Users/lcchai/Work/assets/official/baume/2088947.png.transform.bemproddetails.png
https://www.baume-et-mercier.com/us/en/collections/baume-/watch-baume-10602-date.html ||| https://www.baume-et-mercier.com/content/dam/rcq/bem/20/88/94/8/2088948.png.transform.bemproddetails.png ||| /Users/lcchai/Work/assets/official/baume/2088948.png.transform.bemproddetails.png
https://www.baume-et-mercier.com/us/en/collections/baume-/watch-baume-10603-date.html ||| https://www.baume-et-mercier.com/content/dam/rcq/bem/20/88/95/6/2088956.png.transform.bemproddetails.png ||| /Users/lcchai/Work/assets/official/baume/2088956.png.transform.bemproddetails.png
https://www.baume-et-mercier.com/us/en/collections/baume-/watch-baume-10604-small-seconds.html ||| https://www.baume-et-mercier.com/content/dam/rcq/bem/20/88/94/9/2088949.png.transform.bemproddetails.png ||| /Users/lcchai/Work/assets/official/baume/2088949.png.transform.bemproddetails.png
https://www.baume-et-mercier.com/us/en/collections/classima-men/watch-classima-10416-date.html ||| https://www.baume-et-mercier.com/content/dam/rcq/bem/16/19/56/2/1619562.png.transform.bemproddetails.png ||| /Users/lcchai/Work/assets/official/baume/1619562.png.transform.bemproddetails.png
https://www.baume-et-mercier.com/us/en/collections/classima-men/watch-classima-10597-date.html ||| https://www.baume-et-mercier.com/content/dam/rcq/bem/21/54/56/1/2154561.png.transform.bemproddetails.png ||| /Users/lcchai/Work/assets/official/baume/2154561.png.transform.bemproddetails.png
https://www.baume-et-mercier.com/us/en/collections/classima-men/watch-classima-10607-date.html ||| https://www.baume-et-mercier.com/content/dam/rcq/bem/21/54/58/4/2154584.png.transform.bemproddetails.png ||| /Users/lcchai/Work/assets/official/baume/2154584.png.transform.bemproddetails.png
https://www.baume-et-mercier.com/us/en/collections/classima-men/watch-classima-10608-date.html ||| https://www.baume-et-mercier.com/content/dam/rcq/bem/21/54/56/2/2154562.png.transform.bemproddetails.png ||| /Users/lcchai/Work/assets/official/baume/2154562.png.transform.bemproddetails.png
https://www.baume-et-mercier.com/us/en/collections/classima-women/watch-classima-10598-date.html ||| https://www.baume-et-mercier.com/content/dam/rcq/bem/21/54/58/1/2154581.png.transform.bemproddetails.png ||| /Users/lcchai/Work/assets/official/baume/2154581.png.transform.bemproddetails.png
https://www.baume-et-mercier.com/us/en/collections/classima-women/watch-classima-10609-date.html ||| https://www.baume-et-mercier.com/content/dam/rcq/bem/21/54/58/8/2154588.png.transform.bemproddetails.png ||| /Users/lcchai/Work/assets/official/baume/2154588.png.transform.bemproddetails.png
https://www.baume-et-mercier.com/us/en/collections/classima-women/watch-classima-10610-date.html ||| https://www.baume-et-mercier.com/content/dam/rcq/bem/21/54/59/0/2154590.png.transform.bemproddetails.png ||| /Users/lcchai/Work/assets/official/baume/2154590.png.transform.bemproddetails.png
https://www.baume-et-mercier.com/us/en/collections/classima-women/watch-classima-10633-moon-phase.html ||| https://www.baume-et-mercier.com/content/dam/rcq/bem/21/54/56/9/2154569.png.transform.bemproddetails.png ||| /Users/lcchai/Work/assets/official/baume/2154569.png.transform.bemproddetails.png
https://www.baume-et-mercier.com/us/en/collections/clifton-club-men/watch-clifton-club-10338-date.html ||| https://www.baume-et-mercier.com/content/dam/rcq/bem/19/22/03/4/1922034.png.transform.bemproddetails.png ||| /Users/lcchai/Work/assets/official/baume/1922034.png.transform.bemproddetails.png
https://www.baume-et-mercier.com/us/en/collections/hampton-women/watch-hampton-10628.html ||| https://www.baume-et-mercier.com/content/dam/rcq/bem/21/54/57/8/2154578.png.transform.bemproddetails.png ||| /Users/lcchai/Work/assets/official/baume/2154578.png.transform.bemproddetails.png
https://www.baume-et-mercier.com/us/en/collections/hampton-women/watch-hampton-10629.html ||| https://www.baume-et-mercier.com/content/dam/rcq/bem/21/56/16/7/2156167.png.transform.bemproddetails.png ||| /Users/lcchai/Work/assets/official/baume/2156167.png.transform.bemproddetails.png
https://www.baume-et-mercier.com/us/en/collections/hampton-women/watch-hampton-10630.html ||| https://www.baume-et-mercier.com/content/dam/rcq/bem/21/55/44/6/2155446.png.transform.bemproddetails.png ||| /Users/lcchai/Work/assets/official/baume/2155446.png.transform.bemproddetails.png
https://www.baume-et-mercier.com/us/en/collections/hampton-women/watch-hampton-10631.html ||| https://www.baume-et-mercier.com/content/dam/rcq/bem/21/54/62/2/2154622.png.transform.bemproddetails.png ||| /Users/lcchai/Work/assets/official/baume/2154622.png.transform.bemproddetails.png
https://www.baume-et-mercier.com/us/en/collections/riviera-men/watch-riviera-10616-date.html ||| https://www.baume-et-mercier.com/content/dam/rcq/bem/21/54/61/3/2154613.png.transform.bemproddetails.png ||| /Users/lcchai/Work/assets/official/baume/2154613.png.transform.bemproddetails.png
https://www.baume-et-mercier.com/us/en/collections/riviera-men/watch-riviera-10617-date.html ||| https://www.baume-et-mercier.com/content/dam/rcq/bem/21/54/63/6/2154636.png.transform.bemproddetails.png ||| /Users/lcchai/Work/assets/official/baume/2154636.png.transform.bemproddetails.png
https://www.baume-et-mercier.com/us/en/collections/riviera-men/watch-riviera-10619-date.html ||| https://www.baume-et-mercier.com/content/dam/rcq/bem/21/54/64/0/2154640.png.transform.bemproddetails.png ||| /Users/lcchai/Work/assets/official/baume/2154640.png.transform.bemproddetails.png
https://www.baume-et-mercier.com/us/en/collections/riviera-men/watch-riviera-10620-date.html ||| https://www.baume-et-mercier.com/content/dam/rcq/bem/21/54/64/2/2154642.png.transform.bemproddetails.png ||| /Users/lcchai/Work/assets/official/baume/2154642.png.transform.bemproddetails.png
https://www.baume-et-mercier.com/us/en/collections/riviera-men/watch-riviera-10621-date.html ||| https://www.baume-et-mercier.com/content/dam/rcq/bem/21/61/60/5/2161605.png.transform.bemproddetails.png ||| /Users/lcchai/Work/assets/official/baume/2161605.png.transform.bemproddetails.png
https://www.baume-et-mercier.com/us/en/collections/riviera-men/watch-riviera-10622-date.html ||| https://www.baume-et-mercier.com/content/dam/rcq/bem/21/55/14/4/2155144.png.transform.bemproddetails.png ||| /Users/lcchai/Work/assets/official/baume/2155144.png.transform.bemproddetails.png
https://www.baume-et-mercier.com/us/en/collections/riviera-women/watch-riviera-10612-date.html ||| https://www.baume-et-mercier.com/content/dam/rcq/bem/21/54/62/6/2154626.png.transform.bemproddetails.png ||| /Users/lcchai/Work/assets/official/baume/2154626.png.transform.bemproddetails.png
https://www.baume-et-mercier.com/us/en/collections/riviera-women/watch-riviera-10613-date.html ||| https://www.baume-et-mercier.com/content/dam/rcq/bem/21/61/26/0/2161260.png.transform.bemproddetails.png ||| /Users/lcchai/Work/assets/official/baume/2161260.png.transform.bemproddetails.png
https://www.baume-et-mercier.com/us/en/collections/riviera-women/watch-riviera-10614-date.html ||| https://www.baume-et-mercier.com/content/dam/rcq/bem/21/54/60/7/2154607.png.transform.bemproddetails.png ||| /Users/lcchai/Work/assets/official/baume/2154607.png.transform.bemproddetails.png
https://www.baume-et-mercier.com/us/en/collections/riviera-women/watch-riviera-10615-date.html ||| https://www.baume-et-mercier.com/content/dam/rcq/bem/21/54/60/9/2154609.png.transform.bemproddetails.png ||| /Users/lcchai/Work/assets/official/baume/2154609.png.transform.bemproddetails.png
