https://www.bellross.com/our-collections/Experimental/br-x1/br-x1-chronographe/BR-X1-Black-Titanium ||| https://www.bellross.com/image/cache/catalog/product/BR X1/BR-X1_Black_Titanium-585x1050.png ||| /Users/lcchai/Work/assets/official/bellross/BR-X1_Black_Titanium-585x1050.png
https://www.bellross.com/our-collections/Experimental/br-x1/br-x1-chronographe/BR-X1-HYPERSTELLAR ||| https://www.bellross.com/image/cache/catalog/product/BR X1/BR-X1-Hyperstellar-585x1050.png ||| /Users/lcchai/Work/assets/official/bellross/BR-X1-Hyperstellar-585x1050.png
https://www.bellross.com/our-collections/Experimental/br-x1/br-x1-chronographe/BR-X1-PHANTOM ||| https://www.bellross.com/image/cache/catalog/product/BR X1/BR-X1-PHANTOM-ok-585x1050.png ||| /Users/lcchai/Work/assets/official/bellross/BR-X1-PHANTOM-ok-585x1050.png
https://www.bellross.com/our-collections/Experimental/br-x1/br-x1-chronographe/BR-X1-RS19 ||| https://www.bellross.com/image/cache/catalog/product/BR X1/BR-X1-RS19-585x1050.png ||| /Users/lcchai/Work/assets/official/bellross/BR-X1-RS19-585x1050.png
https://www.bellross.com/our-collections/Experimental/br-x1/br-x1-chronographe/BR-X1-RS20 ||| https://www.bellross.com/image/cache/catalog/product/2020/BR-X1/BR-X1-RS20-585x1050.png ||| /Users/lcchai/Work/assets/official/bellross/BR-X1-RS20-585x1050.png
https://www.bellross.com/our-collections/Experimental/br-x1/br-x1-chronographe/br-x1-military ||| https://www.bellross.com/image/cache/catalog/product/BR X1/BR-X1-military-585x1050.png ||| /Users/lcchai/Work/assets/official/bellross/BR-X1-military-585x1050.png
https://www.bellross.com/our-collections/Experimental/br-x1/br-x1-chronographe/br-x1-rose-gold-ceramic ||| https://www.bellross.com/image/cache/catalog/product/BR X1/BR-X1-Rose-Gold-ceramic-585x1050.png ||| /Users/lcchai/Work/assets/official/bellross/BR-X1-Rose-Gold-ceramic-585x1050.png
https://www.bellross.com/our-collections/Experimental/br-x1/br-x1-chronographe/br-x1-rs18 ||| https://www.bellross.com/image/cache/catalog/product/BR X1/BR-X1-RS18-585x1050.png ||| /Users/lcchai/Work/assets/official/bellross/BR-X1-RS18-585x1050.png
https://www.bellross.com/our-collections/Experimental/br-x1/br-x1-chronographe/br-x1-wood ||| https://www.bellross.com/image/cache/catalog/product/BR X1/BR-X1-Wood-boutique-585x1050.png ||| /Users/lcchai/Work/assets/official/bellross/BR-X1-Wood-boutique-585x1050.png
https://www.bellross.com/our-collections/Experimental/br-x1/br-x1-tourbillon-sapphire/brx1-skeleton-tourbillon-saphir-black ||| https://www.bellross.com/image/cache/catalog/product/BR X1/BR-X1_Tourbillon_Skeleton_Sapphire_Black-585x1050.png ||| /Users/lcchai/Work/assets/official/bellross/BR-X1_Tourbillon_Skeleton_Sapphire_Black-585x1050.png
https://www.bellross.com/our-collections/Experimental/br-x1/br-x1-tourbillon/BR-X1-TOURBILLON-INSTRUMENT-DE-MARINE ||| https://www.bellross.com/image/cache/catalog/product/BR X1/BR-X1-Tourbillon-IDM-585x1050.png ||| /Users/lcchai/Work/assets/official/bellross/BR-X1-Tourbillon-IDM-585x1050.png
https://www.bellross.com/our-collections/Experimental/br-x1/br-x1-tourbillon/BR-X1-TOURBILLON-RS19 ||| https://www.bellross.com/image/cache/catalog/product/BR X1/BR-X1-Tourbillon-RS19-585x1050.png ||| /Users/lcchai/Work/assets/official/bellross/BR-X1-Tourbillon-RS19-585x1050.png
https://www.bellross.com/our-collections/Experimental/br-x1/br-x1-tourbillon/BR-X1-TOURBILLON-RS20 ||| https://www.bellross.com/image/cache/catalog/product/2020/BR-X1/BR-X1-tourb-RS20-ok-585x1050.png ||| /Users/lcchai/Work/assets/official/bellross/BR-X1-tourb-RS20-ok-585x1050.png
https://www.bellross.com/our-collections/Experimental/br-x1/br-x1-tourbillon/BR-X1-TOURBILLON-WHITE-HAWK ||| https://www.bellross.com/image/cache/catalog/product/BR X1/BR-X1_White_Hawk_Tourbillon-585x1050.png ||| /Users/lcchai/Work/assets/official/bellross/BR-X1_White_Hawk_Tourbillon-585x1050.png
https://www.bellross.com/our-collections/Experimental/br-x1/br-x1-tourbillon/br-x1-tourbillon-rose-gold ||| https://www.bellross.com/image/cache/catalog/product/BR X1/BR-X1-Tourbillon-Or-585x1050.png ||| /Users/lcchai/Work/assets/official/bellross/BR-X1-Tourbillon-Or-585x1050.png
https://www.bellross.com/our-collections/Experimental/br-x1/br-x1-tourbillon/br-x1-tourbillon-rose-gold-diamonds ||| https://www.bellross.com/image/cache/catalog/product/BR X1/BR-X1-Tourbillon-Or-Sertie-585x1050.png ||| /Users/lcchai/Work/assets/official/bellross/BR-X1-Tourbillon-Or-Sertie-585x1050.png
https://www.bellross.com/our-collections/Experimental/br-x1/br-x1-tourbillon/br-x1-tourbillon-rs18 ||| https://www.bellross.com/image/cache/catalog/product/BR X1/BR-X1-Tourbillon-RS18-585x1050.png ||| /Users/lcchai/Work/assets/official/bellross/BR-X1-Tourbillon-RS18-585x1050.png
https://www.bellross.com/our-collections/Experimental/br-x1/br-x1-tourbillon/br-x1-tourbillon-titanium ||| https://www.bellross.com/image/cache/catalog/product/BR X1/BR-X1-Tourbillon-Titane-585x1050.png ||| /Users/lcchai/Work/assets/official/bellross/BR-X1-Tourbillon-Titane-585x1050.png
https://www.bellross.com/our-collections/Experimental/br-x1/br-x1-tourbillon/br-x1-tourbillon-titanium-diamonds ||| https://www.bellross.com/image/cache/catalog/product/BR X1/BR-X1-Tourbillon-Titane-Sertie-585x1050.png ||| /Users/lcchai/Work/assets/official/bellross/BR-X1-Tourbillon-Titane-Sertie-585x1050.png
https://www.bellross.com/our-collections/Experimental/br-x2/br-x2-tourbillon/BR-X2-MICRO-ROTOR ||| https://www.bellross.com/image/cache/catalog/product/BR X2/BRX2-Micro-Rotor-585x1050.png ||| /Users/lcchai/Work/assets/official/bellross/BRX2-Micro-Rotor-585x1050.png
https://www.bellross.com/our-collections/Experimental/br-x2/br-x2-tourbillon/br-x2-skeleton-tourbillon-micro-rotor ||| https://www.bellross.com/image/cache/catalog/product/BR X2/BR-X2_Skeleton_Tourbillon_Micro_Rotor-585x1050.png ||| /Users/lcchai/Work/assets/official/bellross/BR-X2_Skeleton_Tourbillon_Micro_Rotor-585x1050.png
https://www.bellross.com/our-collections/Instruments/br-01-46-mm/br-01-concept-skull/BR-01-CYBER-SKULL ||| https://www.bellross.com/image/cache/catalog/product/2020/BR 01/BR01-cyber-skull-ok-585x1050.png ||| /Users/lcchai/Work/assets/official/bellross/BR01-cyber-skull-ok-585x1050.png
https://www.bellross.com/our-collections/Instruments/br-01-46-mm/br-01-concept-skull/BR01-LAUGHING-SKULL-WHITE ||| https://www.bellross.com/image/cache/catalog/product/BR 01/2018/BR01_Skeleton_Skuwhitell-585x1050.png ||| /Users/lcchai/Work/assets/official/bellross/BR01_Skeleton_Skuwhitell-585x1050.png
https://www.bellross.com/our-collections/Instruments/br-01-46-mm/br-01-concept-skull/br-01-burning-skull ||| https://www.bellross.com/image/cache/catalog/product/BR 01/BR01-Burning_skull-585x1050.png ||| /Users/lcchai/Work/assets/official/bellross/BR01-Burning_skull-585x1050.png
https://www.bellross.com/our-collections/Instruments/br-01-46-mm/br-01-concept-skull/br01-laughing-skull ||| https://www.bellross.com/image/cache/catalog/product/BR 01/BR01_Skeleton_Skull-585x1050.png ||| /Users/lcchai/Work/assets/official/bellross/BR01_Skeleton_Skull-585x1050.png
https://www.bellross.com/our-collections/Instruments/br-03-42-mm/br-03-92-ceramic/BR-03-92-BI-COMPASS ||| https://www.bellross.com/image/cache/catalog/product/BR 03/BR03-92-bi-compass-585x1050.png ||| /Users/lcchai/Work/assets/official/bellross/BR03-92-bi-compass-585x1050.png
https://www.bellross.com/our-collections/Instruments/br-03-42-mm/br-03-92-ceramic/BR-03-92-MA-1 ||| https://www.bellross.com/image/cache/catalog/product/BR 03/BR03-92-MA-1-585x1050.png ||| /Users/lcchai/Work/assets/official/bellross/BR03-92-MA-1-585x1050.png
https://www.bellross.com/our-collections/Instruments/br-03-42-mm/br-03-92-ceramic/br-03-92-black-camo ||| https://www.bellross.com/image/cache/catalog/product/BR 03/BR03-92-Black-Camo-585x1050.png ||| /Users/lcchai/Work/assets/official/bellross/BR03-92-Black-Camo-585x1050.png
https://www.bellross.com/our-collections/Instruments/br-03-42-mm/br-03-92-ceramic/br-03-92-black-matte ||| https://www.bellross.com/image/cache/catalog/product/BR 03/BR03-92-Ceramic-Black-Matte-585x1050.png ||| /Users/lcchai/Work/assets/official/bellross/BR03-92-Ceramic-Black-Matte-585x1050.png
https://www.bellross.com/our-collections/Instruments/br-03-42-mm/br-03-92-ceramic/br-03-92-commando-ceramic ||| https://www.bellross.com/image/cache/catalog/product/BR 03/BR03-92-Ceramic-Commando-585x1050.png ||| /Users/lcchai/Work/assets/official/bellross/BR03-92-Ceramic-Commando-585x1050.png
https://www.bellross.com/our-collections/Instruments/br-03-42-mm/br-03-92-ceramic/br-03-92-heritage-ceramic ||| https://www.bellross.com/image/cache/catalog/product/BR 03/BR03-92-Ceramic-heritage-neew-585x1050.png ||| /Users/lcchai/Work/assets/official/bellross/BR03-92-Ceramic-heritage-neew-585x1050.png
https://www.bellross.com/our-collections/Instruments/br-03-42-mm/br-03-92-ceramic/br-03-92-military-type ||| https://www.bellross.com/image/cache/catalog/product/BR 03 BIS/BR03-92-Ceramic-Military-Type-585x1050.png ||| /Users/lcchai/Work/assets/official/bellross/BR03-92-Ceramic-Military-Type-585x1050.png
https://www.bellross.com/our-collections/Instruments/br-03-42-mm/br-03-92-ceramic/br-03-92-phantom-ceramic ||| https://www.bellross.com/image/cache/catalog/product/BR 03/BR03-92-Ceramic-Phantom-585x1050.png ||| /Users/lcchai/Work/assets/official/bellross/BR03-92-Ceramic-Phantom-585x1050.png
https://www.bellross.com/our-collections/Instruments/br-03-42-mm/br-03-92-steel/BR-03-92-BLUE-STEEL ||| https://www.bellross.com/image/cache/catalog/product/BR 03/BR03-92-blue-steel-585x1050.png ||| /Users/lcchai/Work/assets/official/bellross/BR03-92-blue-steel-585x1050.png
https://www.bellross.com/our-collections/Instruments/br-03-42-mm/br-03-92-steel/BR-03-92-HOROGRAPH ||| https://www.bellross.com/image/cache/catalog/product/BR 03/BR03-Horograph-585x1050.png ||| /Users/lcchai/Work/assets/official/bellross/BR03-Horograph-585x1050.png
https://www.bellross.com/our-collections/Instruments/br-03-42-mm/br-03-92-steel/br-03-92-golden-heritage-2021 ||| https://www.bellross.com/image/cache/catalog/notice/BR0392newgolden-heritage-585x1050.png ||| /Users/lcchai/Work/assets/official/bellross/BR0392newgolden-heritage-585x1050.png
https://www.bellross.com/our-collections/Instruments/br-03-42-mm/br-03-92-steel/br-03-92-steel-2016 ||| https://www.bellross.com/image/cache/catalog/product/BR 03/BR03-92-Steel-2016-585x1050.png ||| /Users/lcchai/Work/assets/official/bellross/BR03-92-Steel-2016-585x1050.png
https://www.bellross.com/our-collections/Instruments/br-03-42-mm/br-03-92-steel/br-03-92-steel-rose-gold ||| https://www.bellross.com/image/cache/catalog/product/BR 03/BR03-92-ST-RG-585x1050.png ||| /Users/lcchai/Work/assets/official/bellross/BR03-92-ST-RG-585x1050.png
https://www.bellross.com/our-collections/Instruments/br-03-42-mm/br-03-93-gmt/NEW-BR-03-93-GMT ||| https://www.bellross.com/image/cache/catalog/product/2021/BR03/BR0393-gmt-new-leather-585x1050.png ||| /Users/lcchai/Work/assets/official/bellross/BR0393-gmt-new-leather-585x1050.png
https://www.bellross.com/our-collections/Instruments/br-03-42-mm/br-03-93-gmt/br-03-93-gmt ||| https://www.bellross.com/image/cache/catalog/product/BR 03/BR03-93-GMT-585x1050.png ||| /Users/lcchai/Work/assets/official/bellross/BR03-93-GMT-585x1050.png
https://www.bellross.com/our-collections/Instruments/br-03-42-mm/br-03-94-chronographe/BR-03-94-BLUE-STEEL ||| https://www.bellross.com/image/cache/catalog/product/BR 03/BR03-94-Blue-Steel-585x1050.png ||| /Users/lcchai/Work/assets/official/bellross/BR03-94-Blue-Steel-585x1050.png
https://www.bellross.com/our-collections/Instruments/br-03-42-mm/br-03-94-chronographe/BR-03-94-RS19 ||| https://www.bellross.com/image/cache/catalog/product/BR 03/BR03-94-RS19-585x1050.png ||| /Users/lcchai/Work/assets/official/bellross/BR03-94-RS19-585x1050.png
https://www.bellross.com/our-collections/Instruments/br-03-42-mm/br-03-94-chronographe/BR-03-94-RS20 ||| https://www.bellross.com/image/cache/catalog/product/2020/BR03/BR0394-RS20-585x1050.png ||| /Users/lcchai/Work/assets/official/bellross/BR0394-RS20-585x1050.png
https://www.bellross.com/our-collections/Instruments/br-03-42-mm/br-03-94-chronographe/br-03-94-black-matte ||| https://www.bellross.com/image/cache/catalog/product/BR 03/BR03-94-CERAMIC-585x1050.png ||| /Users/lcchai/Work/assets/official/bellross/BR03-94-CERAMIC-585x1050.png
https://www.bellross.com/our-collections/Instruments/br-03-42-mm/br-03-94-chronographe/br-03-94-desert-type-ceramic ||| https://www.bellross.com/image/cache/catalog/product/BR 03/BR03-94-Desert-type-585x1050.png ||| /Users/lcchai/Work/assets/official/bellross/BR03-94-Desert-type-585x1050.png
https://www.bellross.com/our-collections/Instruments/br-03-42-mm/br-03-94-chronographe/br-03-94-golden-heritage ||| https://www.bellross.com/image/cache/catalog/product/BR 03/BR03-94-Golden-heritage-585x1050.png ||| /Users/lcchai/Work/assets/official/bellross/BR03-94-Golden-heritage-585x1050.png
https://www.bellross.com/our-collections/Instruments/br-03-42-mm/br-03-94-chronographe/br-03-94-heritage-ceramic ||| https://www.bellross.com/image/cache/catalog/product/BR 03/BR03-94-Ceramic-heritage-nnew-585x1050.png ||| /Users/lcchai/Work/assets/official/bellross/BR03-94-Ceramic-heritage-nnew-585x1050.png
https://www.bellross.com/our-collections/Instruments/br-03-42-mm/br-03-94-chronographe/br-03-94-horolum ||| https://www.bellross.com/image/cache/catalog/product/BR 03/BR_03-94_Horolum-585x1050.png ||| /Users/lcchai/Work/assets/official/bellross/BR_03-94_Horolum-585x1050.png
https://www.bellross.com/our-collections/Instruments/br-03-42-mm/br-03-94-chronographe/br-03-94-rs18 ||| https://www.bellross.com/image/cache/catalog/product/BR 03/BR_03-94_RS18-585x1050.png ||| /Users/lcchai/Work/assets/official/bellross/BR_03-94_RS18-585x1050.png
https://www.bellross.com/our-collections/Instruments/br-03-42-mm/br-03-97-reserve-de-marche/br-03-97-reserve-de-marche-2016 ||| https://www.bellross.com/image/cache/catalog/product/BR 03/BR03-97-Steel-2016-585x1050.png ||| /Users/lcchai/Work/assets/official/bellross/BR03-97-Steel-2016-585x1050.png
https://www.bellross.com/our-collections/Instruments/br-03-92-diver-watch/br-03-92-diver-c/BR-03-92-DIVER ||| https://www.bellross.com/image/cache/catalog/product/BR 03 BIS/BR03-92-Diver-585x1050.png ||| /Users/lcchai/Work/assets/official/bellross/BR03-92-Diver-585x1050.png
https://www.bellross.com/our-collections/Instruments/br-03-92-diver-watch/br-03-92-diver-c/BR-03-92-DIVER-BLACK-MATTE ||| https://www.bellross.com/image/cache/catalog/product/BR 03/BR03-92-Diver-Ceramic-585x1050.png ||| /Users/lcchai/Work/assets/official/bellross/BR03-92-Diver-Ceramic-585x1050.png
https://www.bellross.com/our-collections/Instruments/br-03-92-diver-watch/br-03-92-diver-c/BR-03-92-DIVER-BRONZE-BLUE ||| https://www.bellross.com/image/cache/catalog/product/2020/BR03/BR0392-diver-blue-bronze-leather-585x1050.png ||| /Users/lcchai/Work/assets/official/bellross/BR0392-diver-blue-bronze-leather-585x1050.png
https://www.bellross.com/our-collections/Instruments/br-03-92-diver-watch/br-03-92-diver-c/BR-03-92-DIVER-GREEN-BRONZE ||| https://www.bellross.com/image/cache/catalog/product/BR 03/BR03-92-Diver-Bronze-green-585x1050.png ||| /Users/lcchai/Work/assets/official/bellross/BR03-92-Diver-Bronze-green-585x1050.png
https://www.bellross.com/our-collections/Instruments/br-03-92-diver-watch/br-03-92-diver-c/BR-03-92-DIVER-RED-BRONZE ||| https://www.bellross.com/image/cache/catalog/product/2021/BR03/BR0392-diver-red-bronze-leather-585x1050.png ||| /Users/lcchai/Work/assets/official/bellross/BR0392-diver-red-bronze-leather-585x1050.png
https://www.bellross.com/our-collections/Instruments/br-03-92-diver-watch/br-03-92-diver-c/br-03-92-diver-blue ||| https://www.bellross.com/image/cache/catalog/product/BR 03/BR_03-92_Diver_Blue-585x1050.png ||| /Users/lcchai/Work/assets/official/bellross/BR_03-92_Diver_Blue-585x1050.png
https://www.bellross.com/our-collections/Instruments/br-05/br-05-chrono/BR-05-CHRONO-BLACK-STEEL-STEEL-BRACELET ||| https://www.bellross.com/image/cache/catalog/product/2020/BR05/BR05-chrono-black-steel-steel-ok-585x1050.png ||| /Users/lcchai/Work/assets/official/bellross/BR05-chrono-black-steel-steel-ok-585x1050.png
https://www.bellross.com/our-collections/Instruments/br-05/br-05-gold/br-05-gold-gold ||| https://www.bellross.com/image/cache/catalog/product/BR 05/BR05-auto-gold-gold-585x1050.png ||| /Users/lcchai/Work/assets/official/bellross/BR05-auto-gold-gold-585x1050.png
https://www.bellross.com/our-collections/Instruments/br-05/br-05-gold/br-05-gold-rubber ||| https://www.bellross.com/image/cache/catalog/product/BR 05/BR05-auto-gold-rubber-585x1050.png ||| /Users/lcchai/Work/assets/official/bellross/BR05-auto-gold-rubber-585x1050.png
https://www.bellross.com/our-collections/Instruments/br-05/br-05-skeleton/br-05-skeleton-rubber ||| https://www.bellross.com/image/cache/catalog/product/BR 05/BR05-auto-SK-rubber-585x1050.png ||| /Users/lcchai/Work/assets/official/bellross/BR05-auto-SK-rubber-585x1050.png
https://www.bellross.com/our-collections/Instruments/br-05/br-05-skeleton/br-05-skeleton-steel ||| https://www.bellross.com/image/cache/catalog/product/BR 05/BR05-auto-SK-metal-585x1050.png ||| /Users/lcchai/Work/assets/official/bellross/BR05-auto-SK-metal-585x1050.png
https://www.bellross.com/our-collections/Instruments/br-05/br-05-steel/br-05-black-steel-rubber ||| https://www.bellross.com/image/cache/catalog/product/BR 05/BR-05-auto-black-rubber-585x1050.png ||| /Users/lcchai/Work/assets/official/bellross/BR-05-auto-black-rubber-585x1050.png
https://www.bellross.com/our-collections/Instruments/br-05/br-05-steel/br-05-black-steel-steel ||| https://www.bellross.com/image/cache/catalog/product/BR 05/BR05-auto-black-metal-585x1050.png ||| /Users/lcchai/Work/assets/official/bellross/BR05-auto-black-metal-585x1050.png
https://www.bellross.com/our-collections/Instruments/br-05/br-05-steel/br-05-blue-steel-rubber ||| https://www.bellross.com/image/cache/catalog/product/BR 05/BR05-auto-blue-rubber-585x1050.png ||| /Users/lcchai/Work/assets/official/bellross/BR05-auto-blue-rubber-585x1050.png
https://www.bellross.com/our-collections/Instruments/br-05/br-05-steel/br-05-blue-steel-steel ||| https://www.bellross.com/image/cache/catalog/product/BR 05/BR05-auto-blue-metal-585x1050.png ||| /Users/lcchai/Work/assets/official/bellross/BR05-auto-blue-metal-585x1050.png
https://www.bellross.com/our-collections/Instruments/br-05/br-05-steel/br-05-grey-steel-rubber ||| https://www.bellross.com/image/cache/catalog/product/BR 05/BR05-auto-grey-rubber-585x1050.png ||| /Users/lcchai/Work/assets/official/bellross/BR05-auto-grey-rubber-585x1050.png
https://www.bellross.com/our-collections/Instruments/br-05/br-05-steel/br-05-grey-steel-steel ||| https://www.bellross.com/image/cache/catalog/product/BR 05/BR05-auto-grey-metal-585x1050.png ||| /Users/lcchai/Work/assets/official/bellross/BR05-auto-grey-metal-585x1050.png
https://www.bellross.com/our-collections/Instruments/br-s-39-mm/br-s-automatic/BRS-92-BLACK-STEEL ||| https://www.bellross.com/image/cache/catalog/product/BR S/BRS-Black-Steel-585x1050.png ||| /Users/lcchai/Work/assets/official/bellross/BRS-Black-Steel-585x1050.png
https://www.bellross.com/our-collections/Instruments/br-s-39-mm/br-s-automatic/BRS-92-BLUE-STEEL ||| https://www.bellross.com/image/cache/catalog/product/BR S/BRS-Blue-Steel-585x1050.png ||| /Users/lcchai/Work/assets/official/bellross/BRS-Blue-Steel-585x1050.png
https://www.bellross.com/our-collections/Instruments/br-s-39-mm/br-s-automatic/br-s-92-white-steel-alligator-strap ||| https://www.bellross.com/image/cache/catalog/product/BR S/BRS_White_Steel_croco-585x1050.png ||| /Users/lcchai/Work/assets/official/bellross/BRS_White_Steel_croco-585x1050.png
https://www.bellross.com/our-collections/Instruments/br-s-39-mm/br-s-automatic/br-s-golden-heritage ||| https://www.bellross.com/image/cache/catalog/product/BR S/BRS_Golden_Heritage_leather-585x1050.png ||| /Users/lcchai/Work/assets/official/bellross/BRS_Golden_Heritage_leather-585x1050.png
https://www.bellross.com/our-collections/Instruments/br-s-39-mm/br-s-automatic/br-s-mat-grey ||| https://www.bellross.com/image/cache/catalog/product/BR S/BRS_Matte_Grey-585x1050.png ||| /Users/lcchai/Work/assets/official/bellross/BRS_Matte_Grey-585x1050.png
https://www.bellross.com/our-collections/Instruments/br-s-39-mm/br-s-automatic/br-s-rose-gold ||| https://www.bellross.com/image/cache/catalog/product/BR S/BRS-Pink-Gold-585x1050.png ||| /Users/lcchai/Work/assets/official/bellross/BRS-Pink-Gold-585x1050.png
https://www.bellross.com/our-collections/Instruments/br-s-39-mm/br-s-quartz/BR-S-BLACK-DIAMOND-EAGLE ||| https://www.bellross.com/image/cache/catalog/product/BR S/BRS-black-diamond-eagle-sca0-585x1050.png ||| /Users/lcchai/Work/assets/official/bellross/BRS-black-diamond-eagle-sca0-585x1050.png
https://www.bellross.com/our-collections/Instruments/br-s-39-mm/br-s-quartz/BR-S-BLACK-DIAMOND-EAGLE-DIAMONDS ||| https://www.bellross.com/image/cache/catalog/product/BR S/BRS-black-diamond-eagle-diamonds-sca0-585x1050.png ||| /Users/lcchai/Work/assets/official/bellross/BRS-black-diamond-eagle-diamonds-sca0-585x1050.png
https://www.bellross.com/our-collections/Instruments/br-s-39-mm/br-s-quartz/BRS-GREEN-CAMO-DIAMONDS ||| https://www.bellross.com/image/cache/catalog/product/BR S/BRS-Camo-diam-Leather-585x1050.png ||| /Users/lcchai/Work/assets/official/bellross/BRS-Camo-diam-Leather-585x1050.png
https://www.bellross.com/our-collections/Instruments/br-s-39-mm/br-s-quartz/br-s-ceramic-matte ||| https://www.bellross.com/image/cache/catalog/product/BRS BIS/BRS-CERAMIC-MATTE-585x1050.png ||| /Users/lcchai/Work/assets/official/bellross/BRS-CERAMIC-MATTE-585x1050.png
https://www.bellross.com/our-collections/Instruments/br-s-39-mm/br-s-quartz/br-s-desert-type ||| https://www.bellross.com/image/cache/catalog/product/BR S/BRS-Desert-type-585x1050.png ||| /Users/lcchai/Work/assets/official/bellross/BRS-Desert-type-585x1050.png
https://www.bellross.com/our-collections/Instruments/br-s-39-mm/br-s-quartz/br-s-diamond-eagle ||| https://www.bellross.com/image/cache/catalog/product/BR S/BR-S-Diamond-Eagle-585x1050.png ||| /Users/lcchai/Work/assets/official/bellross/BR-S-Diamond-Eagle-585x1050.png
https://www.bellross.com/our-collections/Instruments/br-s-39-mm/br-s-quartz/br-s-diamond-eagle-diamonds ||| https://www.bellross.com/image/cache/catalog/product/BR S/BR-S-Diamond-Eagle-Diamonds-585x1050.png ||| /Users/lcchai/Work/assets/official/bellross/BR-S-Diamond-Eagle-Diamonds-585x1050.png
https://www.bellross.com/our-collections/Instruments/br-s-39-mm/br-s-quartz/br-s-grey-camouflage ||| https://www.bellross.com/image/cache/catalog/product/BRS BIS/BR-S-Camo-Nacre-585x1050.png ||| /Users/lcchai/Work/assets/official/bellross/BR-S-Camo-Nacre-585x1050.png
https://www.bellross.com/our-collections/Instruments/br-s-39-mm/br-s-quartz/br-s-grey-diamond-eagle-calfskin-strap ||| https://www.bellross.com/image/cache/catalog/product/BR S/BRS_Diamond_Eagle_Grey_Satin-585x1050.png ||| /Users/lcchai/Work/assets/official/bellross/BRS_Diamond_Eagle_Grey_Satin-585x1050.png
https://www.bellross.com/our-collections/Instruments/br-s-39-mm/br-s-quartz/br-s-heritage-ceramic ||| https://www.bellross.com/image/cache/catalog/product/BR S/BRS-HERITAGE-new-strap-585x1050.png ||| /Users/lcchai/Work/assets/official/bellross/BRS-HERITAGE-new-strap-585x1050.png
https://www.bellross.com/our-collections/Instruments/br-s-39-mm/br-s-quartz/br-s-pink-diamond-eagle-diamonds-alligator-strap ||| https://www.bellross.com/image/cache/catalog/product/BR S/BRS_Diamond_Eagle_Rose_Diamonds_Alligator-585x1050.png ||| /Users/lcchai/Work/assets/official/bellross/BRS_Diamond_Eagle_Rose_Diamonds_Alligator-585x1050.png
https://www.bellross.com/our-collections/Instruments/br-s-39-mm/br-s-quartz/br-s-steel ||| https://www.bellross.com/image/cache/catalog/product/BRS BIS/BRS-STEEL-2015-585x1050.png ||| /Users/lcchai/Work/assets/official/bellross/BRS-STEEL-2015-585x1050.png
https://www.bellross.com/our-collections/Instruments/br-s-39-mm/br-s-quartz/br-s-steel-heritage ||| https://www.bellross.com/image/cache/catalog/product/BR S/BRS-STEEL-heritage-585x1050.png ||| /Users/lcchai/Work/assets/official/bellross/BRS-STEEL-heritage-585x1050.png
https://www.bellross.com/our-collections/Instruments/br-s-39-mm/br-s-quartz/br-s-steel-heritage-w-calfskin-bracelet ||| https://www.bellross.com/image/cache/catalog/product/BR S/BRS_Steel_Heritage_W-585x1050.png ||| /Users/lcchai/Work/assets/official/bellross/BRS_Steel_Heritage_W-585x1050.png
https://www.bellross.com/our-collections/Instruments/br-s-39-mm/br-s-quartz/brs-grey-diamond-eagle-diamonds-calfskin-strap ||| https://www.bellross.com/image/cache/catalog/product/BR S/grey-diamonds-eagle-sca-585x1050.png ||| /Users/lcchai/Work/assets/official/bellross/grey-diamonds-eagle-sca-585x1050.png
https://www.bellross.com/our-collections/Instruments/br-s-39-mm/br-s-quartz/brs-pink-diamond-eagle-alligator-strap ||| https://www.bellross.com/image/cache/catalog/product/BR S/BRS_Diamond_Eagle_Rose_cro-585x1050.png ||| /Users/lcchai/Work/assets/official/bellross/BRS_Diamond_Eagle_Rose_cro-585x1050.png
https://www.bellross.com/our-collections/Instruments/br-s-39-mm/br-s-quartz?product_id=764 ||| https://www.bellross.com/image/cache/catalog/product/BR S/BRS-Camo-Leather-585x1050.png ||| /Users/lcchai/Work/assets/official/bellross/BRS-Camo-Leather-585x1050.png
https://www.bellross.com/our-collections/vintage/br-v1/br-v1-92/BR-V1-92-BELLYTANKER ||| https://www.bellross.com/image/cache/catalog/product/BR-V1/BRV1-92_Bellytanker2-585x1050.png ||| /Users/lcchai/Work/assets/official/bellross/BRV1-92_Bellytanker2-585x1050.png
https://www.bellross.com/our-collections/vintage/br-v1/br-v1-92/BR-V1-92-BLUE-STEEL ||| https://www.bellross.com/image/cache/catalog/product/BR-V1/BRV1-92-Blue-face-SGb-585x1050.png ||| /Users/lcchai/Work/assets/official/bellross/BRV1-92-Blue-face-SGb-585x1050.png
https://www.bellross.com/our-collections/vintage/br-v1/br-v1-92/BR-V1-92-MILITARY ||| https://www.bellross.com/image/cache/catalog/product/BR-V1/BRV-92-Military54564646-585x1050.png ||| /Users/lcchai/Work/assets/official/bellross/BRV-92-Military54564646-585x1050.png
https://www.bellross.com/our-collections/vintage/br-v1/br-v1-92/br-v1-92-black-steel ||| https://www.bellross.com/image/cache/catalog/product/BR-V1/BRV1-92-Black-Steel-585x1050.png ||| /Users/lcchai/Work/assets/official/bellross/BRV1-92-Black-Steel-585x1050.png
https://www.bellross.com/our-collections/vintage/br-v1/br-v1-92/br-v1-92-racing-bird ||| https://www.bellross.com/image/cache/catalog/product/BR-V1/BR_V1-92_Racing_Bird_leather-585x1050.png ||| /Users/lcchai/Work/assets/official/bellross/BR_V1-92_Racing_Bird_leather-585x1050.png
https://www.bellross.com/our-collections/vintage/br-v2/br-v2-92/BR-V2-92-AERONAVALE-SCA ||| https://www.bellross.com/image/cache/catalog/product/BR-V2/3D-FACE_Type2-92_Aeronavale_cuir-585x1050.png ||| /Users/lcchai/Work/assets/official/bellross/3D-FACE_Type2-92_Aeronavale_cuir-585x1050.png
https://www.bellross.com/our-collections/vintage/br-v2/br-v2-92/BR-V2-92-GARDE-COTES-SST ||| https://www.bellross.com/image/cache/catalog/product/BR-V2/FACE_BRV2-92_Garde-Cotes_steel2-585x1050.png ||| /Users/lcchai/Work/assets/official/bellross/FACE_BRV2-92_Garde-Cotes_steel2-585x1050.png
https://www.bellross.com/our-collections/vintage/br-v2/br-v2-92/BR-V2-92-MILITARY-BEIGE ||| https://www.bellross.com/image/cache/catalog/product/BR-V2/BR V2-92/BR-V2-92-Original-beige-nato3-585x1050.png ||| /Users/lcchai/Work/assets/official/bellross/BR-V2-92-Original-beige-nato3-585x1050.png
https://www.bellross.com/our-collections/vintage/br-v2/br-v2-92/BR-V2-92-MILITARY-GREEN-SF ||| https://www.bellross.com/image/cache/catalog/product/2020/BRV2-92/BR-V2-92-military-green-nato-ok-585x1050.png ||| /Users/lcchai/Work/assets/official/bellross/BR-V2-92-military-green-nato-ok-585x1050.png
https://www.bellross.com/our-collections/vintage/br-v2/br-v2-92/BR-V2-92-MILITARY-GREEN-SST ||| https://www.bellross.com/image/cache/catalog/product/2020/BRV2-92/BR-V2-92-military-green-steel-ok-585x1050.png ||| /Users/lcchai/Work/assets/official/bellross/BR-V2-92-military-green-steel-ok-585x1050.png
https://www.bellross.com/our-collections/vintage/br-v2/br-v2-92/br-v2-92-black-steel ||| https://www.bellross.com/image/cache/catalog/product/BR-V2/BRV2-92-Black-Steel-Steel-585x1050.png ||| /Users/lcchai/Work/assets/official/bellross/BRV2-92-Black-Steel-Steel-585x1050.png
https://www.bellross.com/our-collections/vintage/br-v2/br-v2-92/br-v2-92-steel-heritage-rubber ||| https://www.bellross.com/image/cache/catalog/product/BR-V2/BR_V2-92_Steel_Heritage_tropic-585x1050.png ||| /Users/lcchai/Work/assets/official/bellross/BR_V2-92_Steel_Heritage_tropic-585x1050.png
https://www.bellross.com/our-collections/vintage/br-v2/br-v2-93/BR-V2-93-GMT-BLUE ||| https://www.bellross.com/image/cache/catalog/product/2020/BRV2-93/BR-V2-93-gmt-blue-nato-585x1050.png ||| /Users/lcchai/Work/assets/official/bellross/BR-V2-93-gmt-blue-nato-585x1050.png
https://www.bellross.com/our-collections/vintage/br-v2/br-v2-93/BR-V2-93-GMT-BLUE-SST ||| https://www.bellross.com/image/cache/catalog/product/2020/BRV2-93/BR-V2-93-gmt-blue-steel-585x1050.png ||| /Users/lcchai/Work/assets/official/bellross/BR-V2-93-gmt-blue-steel-585x1050.png
https://www.bellross.com/our-collections/vintage/br-v2/br-v2-93/br-v2-93-gmt-steel-strap ||| https://www.bellross.com/image/cache/catalog/product/BR-V2/BR V2-93/BR_V2-93_GMT-585x1050.png ||| /Users/lcchai/Work/assets/official/bellross/BR_V2-93_GMT-585x1050.png
https://www.bellross.com/our-collections/vintage/br-v2/br-v2-94/BR-V2-94-AERONAVALE-BRONZE ||| https://www.bellross.com/image/cache/catalog/product/2020/BRV2-94/BR-V2-94-aeronavale-bronze-veau-585x1050.png ||| /Users/lcchai/Work/assets/official/bellross/BR-V2-94-aeronavale-bronze-veau-585x1050.png
https://www.bellross.com/our-collections/vintage/br-v2/br-v2-94/BR-V2-94-AERONAVALE-SCA ||| https://www.bellross.com/image/cache/catalog/product/BR-V2/3D-FACE_Type2-94_Aeronavale_cuir-585x1050.png ||| /Users/lcchai/Work/assets/official/bellross/3D-FACE_Type2-94_Aeronavale_cuir-585x1050.png
https://www.bellross.com/our-collections/vintage/br-v2/br-v2-94/BR-V2-94-BELLYTANKER ||| https://www.bellross.com/image/cache/catalog/product/BR-V2/FACE_BRV2-94_Bellytanker_Leather-585x1050.png ||| /Users/lcchai/Work/assets/official/bellross/FACE_BRV2-94_Bellytanker_Leather-585x1050.png
https://www.bellross.com/our-collections/vintage/br-v2/br-v2-94/BR-V2-94-BELLYTANKER-BRONZE ||| https://www.bellross.com/image/cache/catalog/product/BR-V2/BR V2-94/BRV2-94-Bellytanker-bronze-585x1050.png ||| /Users/lcchai/Work/assets/official/bellross/BRV2-94-Bellytanker-bronze-585x1050.png
https://www.bellross.com/our-collections/vintage/br-v2/br-v2-94/BR-V2-94-BLACK-STEEL ||| https://www.bellross.com/image/cache/catalog/product/BR-V2/BRV2-94-Black-Steel-calfskin-585x1050.png ||| /Users/lcchai/Work/assets/official/bellross/BRV2-94-Black-Steel-calfskin-585x1050.png
https://www.bellross.com/our-collections/vintage/br-v2/br-v2-94/BR-V2-94-GARDE-COTES-SST ||| https://www.bellross.com/image/cache/catalog/product/BR-V2/FACE_BRV2-94_Garde-Cotes_stee2m-585x1050.png ||| /Users/lcchai/Work/assets/official/bellross/FACE_BRV2-94_Garde-Cotes_stee2m-585x1050.png
https://www.bellross.com/our-collections/vintage/br-v2/br-v2-94/BR-V2-94-MILITARY-BEIGE ||| https://www.bellross.com/image/cache/catalog/product/BR-V2/BR V2-94/BR-V2-94-Original-beige-Nato-585x1050.png ||| /Users/lcchai/Work/assets/official/bellross/BR-V2-94-Original-beige-Nato-585x1050.png
https://www.bellross.com/our-collections/vintage/br-v2/br-v2-94/br-v2-94-racing-bird-calfskin-strap ||| https://www.bellross.com/image/cache/catalog/product/BR-V2/BR V2-94/BR_V2-94_Racing_Bird_leather-585x1050.png ||| /Users/lcchai/Work/assets/official/bellross/BR_V2-94_Racing_Bird_leather-585x1050.png
https://www.bellross.com/our-collections/vintage/br-v2/br-v2-94/br-v2-94-rs18-calfskin-strap ||| https://www.bellross.com/image/cache/catalog/product/BR-V2/BR V2-94/BR_V2-94_RS18_leather-585x1050.png ||| /Users/lcchai/Work/assets/official/bellross/BR_V2-94_RS18_leather-585x1050.png
https://www.bellross.com/our-collections/vintage/br-v2/br-v2-94/br-v2-94-steel-heritage-steelstrap ||| https://www.bellross.com/image/cache/catalog/product/BR-V2/BR V2-94/BR_V2-94_Steel_Heritage-585x1050.png ||| /Users/lcchai/Work/assets/official/bellross/BR_V2-94_Steel_Heritage-585x1050.png
https://www.bellross.com/our-collections/vintage/br-v3/br-v3-94/BR-V3-94-BLACK-STEEL-CALFSKIN ||| https://www.bellross.com/image/cache/catalog/product/2020/BRV3-94/BR-V3-94-black-steel-cuir-585x1050.png ||| /Users/lcchai/Work/assets/official/bellross/BR-V3-94-black-steel-cuir-585x1050.png
https://www.bellross.com/our-collections/vintage/br-v3/br-v3-94/BR-V3-94-RS19-SCA ||| https://www.bellross.com/image/cache/catalog/product/BR-V3/BR-V3-94-RS19-sca2-585x1050.png ||| /Users/lcchai/Work/assets/official/bellross/BR-V3-94-RS19-sca2-585x1050.png
https://www.bellross.com/our-collections/vintage/br-v3/br-v3-94/BR-V3-94-RS19-STEEL ||| https://www.bellross.com/image/cache/catalog/product/BR-V3/BR-V3-94-RS19-steel-585x1050.png ||| /Users/lcchai/Work/assets/official/bellross/BR-V3-94-RS19-steel-585x1050.png
https://www.bellross.com/our-collections/vintage/br-v3/br-v3-94/BR-V3-94-RS20-CALFSKIN ||| https://www.bellross.com/image/cache/catalog/product/2020/BRV3-94/BRV394-RS20-leather-585x1050.png ||| /Users/lcchai/Work/assets/official/bellross/BRV394-RS20-leather-585x1050.png
https://www.bellross.com/our-collections/vintage/br-v3/br-v3-94/BR-V3-94-RS20-STEEEL ||| https://www.bellross.com/image/cache/catalog/product/2020/BRV3-94/BRV394-RS20-steel-585x1050.png ||| /Users/lcchai/Work/assets/official/bellross/BRV394-RS20-steel-585x1050.png
