https://www.chaumet.com/en/bee-my-love-watch-extra-small-model-w16403-46bm ||| https://asset.chaumet.com/m/7e2cadc5f9fb92b2/original/W16403-46B_primary.jpg ||| /Users/lcchai/Work/assets/official/chaumet/W16403-46B_primary.jpg
https://www.chaumet.com/en/bee-my-love-watch-extra-small-model-w16503-46am ||| https://asset.chaumet.com/m/73db02cfbc53f299/original/W16503-46A_primary.jpg ||| /Users/lcchai/Work/assets/official/chaumet/W16503-46A_primary.jpg
https://www.chaumet.com/en/bolero-watch-small-model-w83756-001m ||| https://asset.chaumet.com/m/5b0cfec1e731b1e3/original/W83756-001_primary.jpg ||| /Users/lcchai/Work/assets/official/chaumet/W83756-001_primary.jpg
https://www.chaumet.com/en/bolero-watch-small-model-w83775-001m ||| https://asset.chaumet.com/m/3f7dc3c6a3d78cdf/original/W83775-001_primary.jpg ||| /Users/lcchai/Work/assets/official/chaumet/W83775-001_primary.jpg
https://www.chaumet.com/en/bolero-watch-small-model-w84500-001m ||| https://asset.chaumet.com/m/62e8288dcf016bdb/original/w84500-001_primary.jpg ||| /Users/lcchai/Work/assets/official/chaumet/w84500-001_primary.jpg
https://www.chaumet.com/en/bolero-watch-small-model-w84828-001m ||| https://asset.chaumet.com/m/43186e7bbc9210bc/original/W84828-001_primary.jpg ||| /Users/lcchai/Work/assets/official/chaumet/W84828-001_primary.jpg
https://www.chaumet.com/en/bolero-watch-small-model-w84982-001m ||| https://asset.chaumet.com/m/344444bf82ea0716/original/W84982-001_primary.jpg ||| /Users/lcchai/Work/assets/official/chaumet/W84982-001_primary.jpg
https://www.chaumet.com/en/bolero-watch-small-model-w84988-001m ||| https://asset.chaumet.com/m/66f01202784ae328/original/W84988-001_primary.jpg ||| /Users/lcchai/Work/assets/official/chaumet/W84988-001_primary.jpg
https://www.chaumet.com/en/class-one-watch-medium-model-w17224-33em ||| https://asset.chaumet.com/m/54bf9f1742c33358/original/W17224-33E-primary.jpg ||| /Users/lcchai/Work/assets/official/chaumet/W17224-33E-primary.jpg
https://www.chaumet.com/en/class-one-watch-medium-model-w1722h-35am ||| https://asset.chaumet.com/m/3c33dfa41be60ba6/original/W1722H-35A_primary.jpg ||| /Users/lcchai/Work/assets/official/chaumet/W1722H-35A_primary.jpg
https://www.chaumet.com/en/class-one-watch-medium-model-w1722i-35am ||| https://asset.chaumet.com/m/434b237538e58cb9/original/W1722I-35A_primary.jpg ||| /Users/lcchai/Work/assets/official/chaumet/W1722I-35A_primary.jpg
https://www.chaumet.com/en/class-one-watch-medium-model-w17624-35am ||| https://asset.chaumet.com/m/58bf0b610960383/original/W17624-35A_primary.jpg ||| /Users/lcchai/Work/assets/official/chaumet/W17624-35A_primary.jpg
https://www.chaumet.com/en/class-one-watch-w1722b-20bm ||| https://asset.chaumet.com/m/23bfa7d44299fcd/original/w1722b-20b_primary.jpg ||| /Users/lcchai/Work/assets/official/chaumet/w1722b-20b_primary.jpg
https://www.chaumet.com/en/class-one-watch-w1722w-20wm ||| https://asset.chaumet.com/m/349c2cd90d545721/original/w1722w-20w_primary.jpg ||| /Users/lcchai/Work/assets/official/chaumet/w1722w-20w_primary.jpg
https://www.chaumet.com/en/colombes-creative-complication-w24199-bc3m ||| https://asset.chaumet.com/m/1d433f37c8babeea/original/W24199-BC3_primary.jpg ||| /Users/lcchai/Work/assets/official/chaumet/W24199-BC3_primary.jpg
https://www.chaumet.com/en/dandy-watch-extra-large-model-w84416-001m ||| https://asset.chaumet.com/m/3003db28e782351/original/Horlogerie-Dandy-Categories-Montres-Homme.jpg ||| /Users/lcchai/Work/assets/official/chaumet/Horlogerie-Dandy-Categories-Montres-Homme.jpg
https://www.chaumet.com/en/dandy-watch-large-model-w11288-16bm ||| https://asset.chaumet.com/m/6ce3fc0e6d2c8eda/original/W11288-16B_primary.jpg ||| /Users/lcchai/Work/assets/official/chaumet/W11288-16B_primary.jpg
https://www.chaumet.com/en/dandy-watch-large-model-w11888-16cm ||| https://asset.chaumet.com/m/248e34a218ef9420/original/W11888-16C_primary.jpg ||| /Users/lcchai/Work/assets/official/chaumet/W11888-16C_primary.jpg
https://www.chaumet.com/en/dandy-watch-large-model-w83874-001m ||| https://asset.chaumet.com/m/3daa7df52c9f3f87/original/W83874-001_primary.jpg ||| /Users/lcchai/Work/assets/official/chaumet/W83874-001_primary.jpg
https://www.chaumet.com/en/dandy-watch-large-model-w83876-001m ||| https://asset.chaumet.com/m/2320070c1b4debbe/original/W83876-001_primary.jpg ||| /Users/lcchai/Work/assets/official/chaumet/W83876-001_primary.jpg
https://www.chaumet.com/en/eclosion-de-chaumet-watch-w84250-001m ||| https://asset.chaumet.com/m/30c5249195fc56cf/original/W84250-001M_primary.jpg ||| /Users/lcchai/Work/assets/official/chaumet/W84250-001M_primary.jpg
https://www.chaumet.com/en/eclosion-de-chaumet-watch-w84251-001m ||| https://asset.chaumet.com/m/14cbc1fb236e95f2/original/W84251-001M_primary.jpg ||| /Users/lcchai/Work/assets/official/chaumet/W84251-001M_primary.jpg
https://www.chaumet.com/en/eclosion-de-chaumet-watch-w84417-001m ||| https://asset.chaumet.com/m/700bc0b334ba4106/original/W84417-001M_primary.jpg ||| /Users/lcchai/Work/assets/official/chaumet/W84417-001M_primary.jpg
https://www.chaumet.com/en/eclosion-de-chaumet-watch-w84418-001m ||| https://asset.chaumet.com/m/416dbbf7f4067912/original/W84418-001M_primary.jpg ||| /Users/lcchai/Work/assets/official/chaumet/W84418-001M_primary.jpg
https://www.chaumet.com/en/ecritures-de-chaumet-watches-w25120-ca1m ||| https://asset.chaumet.com/m/413d6b0e7d3e0e14/original/W25120-CA1_primary.jpg ||| /Users/lcchai/Work/assets/official/chaumet/W25120-CA1_primary.jpg
https://www.chaumet.com/en/ecritures-de-chaumet-watches-w25120-ma1m ||| https://asset.chaumet.com/m/162dc27c9dde7e61/original/W25120-MA1_primary.jpg ||| /Users/lcchai/Work/assets/official/chaumet/W25120-MA1_primary.jpg
https://www.chaumet.com/en/ecritures-de-chaumet-watches-w25120-mo1m ||| https://asset.chaumet.com/m/48192b5c40d83e8f/original/W25120-MO1_primary.jpg ||| /Users/lcchai/Work/assets/official/chaumet/W25120-MO1_primary.jpg
https://www.chaumet.com/en/ecritures-de-chaumet-watches-w25820-rd1m ||| https://asset.chaumet.com/m/3a8dc6f75e2fff08/original/W25820-RD1_primary.jpg ||| /Users/lcchai/Work/assets/official/chaumet/W25820-RD1_primary.jpg
https://www.chaumet.com/en/ecritures-de-chaumet-watches-w25820-rn1m ||| https://asset.chaumet.com/m/78ae1f19ce645edb/original/W25820-RN1_primary.jpg ||| /Users/lcchai/Work/assets/official/chaumet/W25820-RN1_primary.jpg
https://www.chaumet.com/en/ecritures-de-chaumet-watches-w25820-vg1m ||| https://asset.chaumet.com/m/59283e7758855e04/original/W25820-VG1_primary.jpg ||| /Users/lcchai/Work/assets/official/chaumet/W25820-VG1_primary.jpg
https://www.chaumet.com/en/esquisse-de-chaumet-watch-w84249-001m ||| https://asset.chaumet.com/m/141d96b3e5a52101/original/W84249-001M_primary.jpg ||| /Users/lcchai/Work/assets/official/chaumet/W84249-001M_primary.jpg
https://www.chaumet.com/en/hortensia-eden-watch-limited-edition-w84253-001m ||| https://asset.chaumet.com/m/3747f94726f9d381/original/W84253-001_primary.jpg ||| /Users/lcchai/Work/assets/official/chaumet/W84253-001_primary.jpg
https://www.chaumet.com/en/hortensia-eden-watch-small-model-w20811-11mm ||| https://asset.chaumet.com/m/110e59101551a593/original/W20811-11M_primary.jpg ||| /Users/lcchai/Work/assets/official/chaumet/W20811-11M_primary.jpg
https://www.chaumet.com/en/hortensia-eden-watch-small-model-w20811-11nm ||| https://asset.chaumet.com/m/1b1dd38914a14894/original/W20811-11N_primary.jpg ||| /Users/lcchai/Work/assets/official/chaumet/W20811-11N_primary.jpg
https://www.chaumet.com/en/hortensia-eden-watch-small-model-w20811-11om ||| https://asset.chaumet.com/m/233a190757ce97f6/original/W20811-11O_primary.jpg ||| /Users/lcchai/Work/assets/official/chaumet/W20811-11O_primary.jpg
https://www.chaumet.com/en/hortensia-eden-watch-small-model-w20811-11tm ||| https://asset.chaumet.com/m/139a76ac3edcef58/original/W20811-11T_primary.jpg ||| /Users/lcchai/Work/assets/official/chaumet/W20811-11T_primary.jpg
https://www.chaumet.com/en/hortensia-eden-watch-w83877-001m ||| https://asset.chaumet.com/m/5dc75668db615f68/original/W83877-001_primary.jpg ||| /Users/lcchai/Work/assets/official/chaumet/W83877-001_primary.jpg
https://www.chaumet.com/en/hortensia-eden-watch-w83878-001m ||| https://asset.chaumet.com/m/29961d4af0751e2f/original/W83878-001_primary.jpg ||| /Users/lcchai/Work/assets/official/chaumet/W83878-001_primary.jpg
https://www.chaumet.com/en/hortensia-eden-watch-w83879-001m ||| https://asset.chaumet.com/m/28be77c202b07321/original/W83879-001_primary.jpg ||| /Users/lcchai/Work/assets/official/chaumet/W83879-001_primary.jpg
https://www.chaumet.com/en/hortensia-eden-watch-w83880-001m ||| https://asset.chaumet.com/m/794c17ab68075214/original/W83880-001_primary.jpg ||| /Users/lcchai/Work/assets/official/chaumet/W83880-001_primary.jpg
https://www.chaumet.com/en/hortensia-eden-watch-w83881-001m ||| https://asset.chaumet.com/m/7c2787036a511350/original/W83881-001_primary.jpg ||| /Users/lcchai/Work/assets/official/chaumet/W83881-001_primary.jpg
https://www.chaumet.com/en/hortensia-eden-watch-w83885-001m ||| https://asset.chaumet.com/m/76c95e30fe11d5a8/original/W83885-001_primary.jpg ||| /Users/lcchai/Work/assets/official/chaumet/W83885-001_primary.jpg
https://www.chaumet.com/en/hortensia-eden-watch-w84254-001m ||| https://asset.chaumet.com/m/55607293820fd351/original/W84254-001_primary.jpg ||| /Users/lcchai/Work/assets/official/chaumet/W84254-001_primary.jpg
https://www.chaumet.com/en/hortensia-eden-watch-w84534-001m ||| https://asset.chaumet.com/m/2a53c894edc2c2e4/original/W84534-001_primary.jpg ||| /Users/lcchai/Work/assets/official/chaumet/W84534-001_primary.jpg
https://www.chaumet.com/en/hortensia-eden-watch-w84826-001m ||| https://asset.chaumet.com/m/44d64d68f7718511/original/W84826-001_primary.jpg ||| /Users/lcchai/Work/assets/official/chaumet/W84826-001_primary.jpg
https://www.chaumet.com/en/hortensia-eden-watches-w20611-20bm ||| https://asset.chaumet.com/m/1577c55fb3ac958/original/W20611-20B_primary.jpg ||| /Users/lcchai/Work/assets/official/chaumet/W20611-20B_primary.jpg
https://www.chaumet.com/en/hortensia-eden-watches-w20611-20cm ||| https://asset.chaumet.com/m/a30de9749ad32a8/original/W20611-20C_primary.jpg ||| /Users/lcchai/Work/assets/official/chaumet/W20611-20C_primary.jpg
https://www.chaumet.com/en/hortensia-eden-watches-w20611-20mm ||| https://asset.chaumet.com/m/401654b957087502/original/W20611-20M_primary.jpg ||| /Users/lcchai/Work/assets/official/chaumet/W20611-20M_primary.jpg
https://www.chaumet.com/en/hortensia-eden-watches-w20611-20pm ||| https://asset.chaumet.com/m/5b04f8c13c5df41e/original/W20611-20P_primary.jpg ||| /Users/lcchai/Work/assets/official/chaumet/W20611-20P_primary.jpg
https://www.chaumet.com/en/hortensia-eden-watches-w20611-20tm ||| https://asset.chaumet.com/m/16032495bdea778/original/W20611-20T_primary.jpg ||| /Users/lcchai/Work/assets/official/chaumet/W20611-20T_primary.jpg
https://www.chaumet.com/en/hortensia-eden-watches-w20611-20wm ||| https://asset.chaumet.com/m/696d0706aacbc0ab/original/W20611-20W_primary.jpg ||| /Users/lcchai/Work/assets/official/chaumet/W20611-20W_primary.jpg
https://www.chaumet.com/en/hortensia-eden-watches-w20811-11gm ||| https://asset.chaumet.com/m/5792b5ef2798a4b3/original/W20811-11G_primary.jpg ||| /Users/lcchai/Work/assets/official/chaumet/W20811-11G_primary.jpg
https://www.chaumet.com/en/josephine-aigrette-imperiale-watch-small-model-w13900-01bm ||| https://asset.chaumet.com/m/1a990bef45b4f6a2/original/W13900-01b_primary.jpg ||| /Users/lcchai/Work/assets/official/chaumet/W13900-01b_primary.jpg
https://www.chaumet.com/en/josephine-aigrette-imperiale-watch-small-model-w13901-01bm ||| https://asset.chaumet.com/m/14d5a97f49b97269/original/W13901-01B_primary.jpg ||| /Users/lcchai/Work/assets/official/chaumet/W13901-01B_primary.jpg
https://www.chaumet.com/en/josephine-aigrette-imperiale-watch-small-model-w13902-01bm ||| https://asset.chaumet.com/m/6e0202e500adc3c3/original/W13902-01b_primary.jpg ||| /Users/lcchai/Work/assets/official/chaumet/W13902-01b_primary.jpg
https://www.chaumet.com/en/josephine-aigrette-imperiale-watch-small-model-w13903-01bm ||| https://asset.chaumet.com/m/139ff1dc87380ba/original/W13903-01b_primary.jpg ||| /Users/lcchai/Work/assets/official/chaumet/W13903-01b_primary.jpg
https://www.chaumet.com/en/josephine-aigrette-imperiale-watch-small-model-w13904-01bm ||| https://asset.chaumet.com/m/68cad2aa89da8f00/original/W13904-01b_primary.jpg ||| /Users/lcchai/Work/assets/official/chaumet/W13904-01b_primary.jpg
https://www.chaumet.com/en/josephine-aigrette-imperiale-watch-small-model-w13905-01bm ||| https://asset.chaumet.com/m/75f303271b6a14c2/original/W13905-01B_primary.jpg ||| /Users/lcchai/Work/assets/official/chaumet/W13905-01B_primary.jpg
https://www.chaumet.com/en/josephine-aigrette-imperiale-watch-small-model-w13906-01bm ||| https://asset.chaumet.com/m/72c7929351daf7c4/original/W13906-01B_primary.jpg ||| /Users/lcchai/Work/assets/official/chaumet/W13906-01B_primary.jpg
https://www.chaumet.com/en/josephine-aigrette-imperiale-watch-small-model-w13907-01bm ||| https://asset.chaumet.com/m/1c69688e7aa55c42/original/W13907-01B_primary.jpg ||| /Users/lcchai/Work/assets/official/chaumet/W13907-01B_primary.jpg
https://www.chaumet.com/en/josephine-aigrette-imperiale-watch-small-model-w13908-01bm ||| https://asset.chaumet.com/m/7c0c737c1642275a/original/W13908-01B_primary.jpg ||| /Users/lcchai/Work/assets/official/chaumet/W13908-01B_primary.jpg
https://www.chaumet.com/en/josephine-aigrette-timepiece-w85164-001m ||| https://asset.chaumet.com/m/7dd24ab7074b95b4/original/W85164-001_primary.jpg ||| /Users/lcchai/Work/assets/official/chaumet/W85164-001_primary.jpg
https://www.chaumet.com/en/josephine-aigrette-timepiece-w85165-001m ||| https://asset.chaumet.com/m/7449ae4f712dd144/original/W85165-001_primary.jpg ||| /Users/lcchai/Work/assets/official/chaumet/W85165-001_primary.jpg
https://www.chaumet.com/en/josephine-aigrette-timepiece-w85166-001m ||| https://asset.chaumet.com/m/4ee9ff91e12af6c1/original/W85166-001_primary.jpg ||| /Users/lcchai/Work/assets/official/chaumet/W85166-001_primary.jpg
https://www.chaumet.com/en/josephine-aigrette-timepiece-w85167-001m ||| https://asset.chaumet.com/m/73c34111f66b07ca/original/W85167-001_primary.jpg ||| /Users/lcchai/Work/assets/official/chaumet/W85167-001_primary.jpg
https://www.chaumet.com/en/josephine-aigrette-timepiece-w85168-001m ||| https://asset.chaumet.com/m/1f8de15c51462e77/original/W85168-001_primary.jpg ||| /Users/lcchai/Work/assets/official/chaumet/W85168-001_primary.jpg
https://www.chaumet.com/en/josephine-rondes-de-nuit-secret-watch-w84755-001m ||| https://asset.chaumet.com/m/773f5fd52b10710f/original/w84755-001_primary.jpg ||| /Users/lcchai/Work/assets/official/chaumet/w84755-001_primary.jpg
https://www.chaumet.com/en/josephine-rondes-de-nuit-watch-small-model-w13110-01bm ||| https://asset.chaumet.com/m/2a7cc4a5118f0774/original/W13110-01B_primary.jpg ||| /Users/lcchai/Work/assets/official/chaumet/W13110-01B_primary.jpg
https://www.chaumet.com/en/josephine-rondes-de-nuit-watch-small-model-w13511-01bm ||| https://asset.chaumet.com/m/52e49f4570086aa9/original/W13511-01B-_primary.jpg ||| /Users/lcchai/Work/assets/official/chaumet/W13511-01B-_primary.jpg
https://www.chaumet.com/en/laurier-secret-watch-medium-model-w83798-001m ||| https://asset.chaumet.com/m/6839c77d2e42aacd/original/W83798-001_primary.jpg ||| /Users/lcchai/Work/assets/official/chaumet/W83798-001_primary.jpg
https://www.chaumet.com/en/laurier-secret-watch-medium-model-w84675-001m ||| https://asset.chaumet.com/m/421ceeb858b059c7/original/W84675-001_primary.jpg ||| /Users/lcchai/Work/assets/official/chaumet/W84675-001_primary.jpg
https://www.chaumet.com/en/les-pierres-de-reve-de-chaumet-watch-w84017-001m ||| https://asset.chaumet.com/m/e10c1dc3babc4af/original/W84017-001_primary.jpg ||| /Users/lcchai/Work/assets/official/chaumet/W84017-001_primary.jpg
https://www.chaumet.com/en/les-pierres-de-reve-de-chaumet-watch-w84045-001m ||| https://asset.chaumet.com/m/283945c0f10e265b/original/W84045-001_primary.jpg ||| /Users/lcchai/Work/assets/official/chaumet/W84045-001_primary.jpg
https://www.chaumet.com/en/les-pierres-de-reve-de-chaumet-watch-w84047-001m ||| https://asset.chaumet.com/m/201906912ad3a1f0/original/W84047-001_primary.jpg ||| /Users/lcchai/Work/assets/official/chaumet/W84047-001_primary.jpg
https://www.chaumet.com/en/les-pierres-de-reve-de-chaumet-watch-w84048-001m ||| https://asset.chaumet.com/m/4a6a04174ebc67c9/original/W84048-001_primary.jpg ||| /Users/lcchai/Work/assets/official/chaumet/W84048-001_primary.jpg
https://www.chaumet.com/en/les-pierres-de-reve-de-chaumet-watch-w84049-001m ||| https://asset.chaumet.com/m/252e9e3c51ce1a41/original/W84049-001_primary.jpg ||| /Users/lcchai/Work/assets/official/chaumet/W84049-001_primary.jpg
https://www.chaumet.com/en/les-pierres-de-reve-de-chaumet-watch-w84063-001m ||| https://asset.chaumet.com/m/4ff2df09d97f0d6b/original/W84063-001_primary.jpg ||| /Users/lcchai/Work/assets/official/chaumet/W84063-001_primary.jpg
https://www.chaumet.com/en/les-pierres-de-reve-de-chaumet-watch-w84064-001m ||| https://asset.chaumet.com/m/be573cbd05701ad/original/W84064-001_primary.jpg ||| /Users/lcchai/Work/assets/official/chaumet/W84064-001_primary.jpg
https://www.chaumet.com/en/les-pierres-de-reve-de-chaumet-watch-w84206-001m ||| https://asset.chaumet.com/m/60390b7cc66d9030/original/W84206-001_primary.jpg ||| /Users/lcchai/Work/assets/official/chaumet/W84206-001_primary.jpg
https://www.chaumet.com/en/les-pierres-de-reve-de-chaumet-watch-w84207-001m ||| https://asset.chaumet.com/m/9d80ef690a9f962/original/W84207-001_primary.jpg ||| /Users/lcchai/Work/assets/official/chaumet/W84207-001_primary.jpg
https://www.chaumet.com/en/les-pierres-de-reve-de-chaumet-watch-w84420-001m ||| https://asset.chaumet.com/m/171fd7bfc61b41c0/original/W84420-001_primary.jpg ||| /Users/lcchai/Work/assets/official/chaumet/W84420-001_primary.jpg
https://www.chaumet.com/en/les-pierres-de-reve-de-chaumet-watch-w84421-001m ||| https://asset.chaumet.com/m/296f19ec97827e38/original/W84421-001_primary.jpg ||| /Users/lcchai/Work/assets/official/chaumet/W84421-001_primary.jpg
https://www.chaumet.com/en/liens-lumiere-medium-model-watch-w23175-31bm ||| https://asset.chaumet.com/m/162dea408d171465/original/W23175-31B_primary.jpg ||| /Users/lcchai/Work/assets/official/chaumet/W23175-31B_primary.jpg
https://www.chaumet.com/en/liens-lumiere-medium-model-watch-w23874-11am ||| https://asset.chaumet.com/m/68070ddd7b6ef95b/original/W23874-11A_primary.jpg ||| /Users/lcchai/Work/assets/official/chaumet/W23874-11A_primary.jpg
https://www.chaumet.com/en/liens-lumiere-medium-model-watch-w83882-001m ||| https://asset.chaumet.com/m/5f7055fa497e338f/original/W83882-001_primary.jpg ||| /Users/lcchai/Work/assets/official/chaumet/W83882-001_primary.jpg
https://www.chaumet.com/en/liens-lumiere-medium-model-watch-w84414-001m ||| https://asset.chaumet.com/m/dfabe22fa4c7bac/original/W84414-001_primary.jpg ||| /Users/lcchai/Work/assets/official/chaumet/W84414-001_primary.jpg
https://www.chaumet.com/en/liens-lumiere-medium-model-watch-w84415-001m ||| https://asset.chaumet.com/m/12915963ffc239d5/original/W84415_primary.jpg ||| /Users/lcchai/Work/assets/official/chaumet/W84415_primary.jpg
https://www.chaumet.com/en/liens-lumiere-small-model-watch-w23115-30bm ||| https://asset.chaumet.com/m/38a73026a1f11743/original/W23115-30B_primary.jpg ||| /Users/lcchai/Work/assets/official/chaumet/W23115-30B_primary.jpg
https://www.chaumet.com/en/liens-lumiere-small-model-watch-w83884-001m ||| https://asset.chaumet.com/m/2bfb2128436dabb8/original/W83884-001_primary.jpg ||| /Users/lcchai/Work/assets/official/chaumet/W83884-001_primary.jpg
https://www.chaumet.com/en/liens-lumiere-watch-w23114-10am ||| https://asset.chaumet.com/m/e69d90df8e745d8/original/W23114-10A_primary.jpg ||| /Users/lcchai/Work/assets/official/chaumet/W23114-10A_primary.jpg
https://www.chaumet.com/en/liens-watch-medium-model-w23174-10am ||| https://asset.chaumet.com/m/4ee2e90aee6d9f7e/original/W23174-10A_primary.jpg ||| /Users/lcchai/Work/assets/official/chaumet/W23174-10A_primary.jpg
