https://www.chopard.com/us/catalog/product/view/id/15832/s/happy-sport-oval-275362-5001/category/2456/ ||| 404
https://www.chopard.com/us/catalog/product/view/id/27013/s/l-u-c-quattro-161926-1002/category/2450/ ||| 404
https://www.chopard.com/us/catalog/product/view/id/27475/s/happy-diamonds-icons-209415-5002/category/2456/ ||| 404
https://www.chopard.com/us/catalog/product/view/id/27913/s/mille-miglia-gts-azzurro-power-control-168566-6002/category/5/ ||| 404
https://www.chopard.com/us/catalog/product/view/id/4112/s/happy-sport-joaillerie-274891-5002/category/2082/ ||| 404
https://www.chopard.com/us/catalog/product/view/id/4163/s/l-u-c-xps-131968-1001/category/2450/ ||| 404
https://www.chopard.com/us/catalog/product/view/id/5197/s/happy-sport-274808-5007/category/2456/ ||| 404
https://www.chopard.com/us/happy-ocean-278587-3001 ||| error
https://www.chopard.com/us/happy-ocean-278587-3002 ||| error
https://www.chopard.com/us/happy-palm-275366-0001 ||| error
https://www.chopard.com/us/watches/all-ladies-watches/happy-moon-274894-5001 ||| 404
https://www.chopard.com/us/watches/all-ladies-watches/happy-sport-274893-5011 ||| 404
https://www.chopard.com/us/watches/all-ladies-watches/happy-sport-274893-5012 ||| 404
https://www.chopard.com/us/watches/all-ladies-watches/happy-sport-274893-5013 ||| 404
https://www.chopard.com/us/watches/all-ladies-watches/happy-sport-274893-5014 ||| 404
https://www.chopard.com/us/watches/all-ladies-watches/happy-sport-oval-275362-5005 ||| 404
https://www.chopard.com/us/watches/all-ladies-watches/happy-sport-oval-275372-1002 ||| 404
https://www.chopard.com/us/watches/all-ladies-watches/imperiale-joaillerie-384296-5001 ||| 404
https://www.chopard.com/us/watches/all-men-s-watches/alpine-eagle-large-298600-3001 ||| 404
https://www.chopard.com/us/watches/all-men-s-watches/alpine-eagle-large-298600-6001 ||| 404
https://www.chopard.com/us/watches/all-men-s-watches/alpine-eagle-small-295370-5002 ||| 404
https://www.chopard.com/us/watches/all-men-s-watches/alpine-eagle-small-298601-3002 ||| 404
https://www.chopard.com/us/watches/all-men-s-watches/l-u-c-perpetual-t-171940-9002 ||| 404
https://www.chopard.com/us/watches/all-men-s-watches/mille-miglia-classic-chronograph-168588-6001 ||| 404
https://www.chopard.com/us/watches/all-men-s-watches/mille-miglia-classic-chronograph-178588-3002 ||| 404
https://www.chopard.com/us/watches/all-men-s-watches/mille-miglia-gts-power-control-168566-3011 ||| 404
https://www.chopard.com/us/watches/ladies-watches/alpine-eagle/alpine-eagle-large-298600-3001 ||| 404
https://www.chopard.com/us/watches/ladies-watches/alpine-eagle/alpine-eagle-small-295370-5001 ||| 404
https://www.chopard.com/us/watches/ladies-watches/alpine-eagle/alpine-eagle-small-295370-5002 ||| 404
https://www.chopard.com/us/watches/ladies-watches/alpine-eagle/alpine-eagle-small-295370-5003 ||| 404
https://www.chopard.com/us/watches/ladies-watches/alpine-eagle/alpine-eagle-small-298601-3001 ||| 404
https://www.chopard.com/us/watches/ladies-watches/alpine-eagle/alpine-eagle-small-298601-3002 ||| 404
https://www.chopard.com/us/watches/ladies-watches/alpine-eagle/alpine-eagle-small-298601-6001 ||| 404
https://www.chopard.com/us/watches/ladies-watches/alpine-eagle/alpine-eagle-small-298601-6002 ||| 404
https://www.chopard.com/us/watches/ladies-watches/classic-racing/mille-miglia-classic-chronograph-168588-3001 ||| 404
https://www.chopard.com/us/watches/ladies-watches/classic-racing/mille-miglia-classic-chronograph-168588-6001 ||| 404
https://www.chopard.com/us/watches/ladies-watches/classic-racing/mille-miglia-classic-chronograph-178588-3001 ||| 404
https://www.chopard.com/us/watches/ladies-watches/classic-racing/mille-miglia-classic-chronograph-178588-3002 ||| 404
https://www.chopard.com/us/watches/ladies-watches/diamond-watches/oval-watches/l-heure-du-diamant-oval-medium-139383-1201 ||| 404
https://www.chopard.com/us/watches/ladies-watches/diamond-watches/oval-watches/l-heure-du-diamant-oval-medium-139383-5009 ||| 404
https://www.chopard.com/us/watches/ladies-watches/diamond-watches/oval-watches/l-heure-du-diamant-oval-small-109422-1101 ||| 404
https://www.chopard.com/us/watches/ladies-watches/diamond-watches/oval-watches/l-heure-du-diamant-oval-small-139384-5104 ||| 404
https://www.chopard.com/us/watches/ladies-watches/diamond-watches/round-watches/l-heure-du-diamant-round-medium-109419-5401 ||| 404
https://www.chopard.com/us/watches/ladies-watches/diamond-watches/round-watches/l-heure-du-diamant-round-medium-139419-1401 ||| 404
https://www.chopard.com/us/watches/ladies-watches/diamond-watches/vintage-small-watches/l-heure-du-diamant-oval-small-139384-5011 ||| 404
https://www.chopard.com/us/watches/ladies-watches/happy-diamonds/happy-diamonds-icons-203957-1214 ||| 404
https://www.chopard.com/us/watches/ladies-watches/happy-diamonds/happy-diamonds-icons-203957-5209 ||| 404
https://www.chopard.com/us/watches/ladies-watches/happy-diamonds/happy-diamonds-icons-203957-5214 ||| 404
https://www.chopard.com/us/watches/ladies-watches/happy-diamonds/happy-diamonds-icons-204180-1201 ||| 404
https://www.chopard.com/us/watches/ladies-watches/happy-diamonds/happy-diamonds-icons-204180-5201 ||| 404
https://www.chopard.com/us/watches/ladies-watches/happy-diamonds/happy-diamonds-icons-209415-5001 ||| 404
https://www.chopard.com/us/watches/ladies-watches/happy-diamonds/happy-diamonds-icons-209415-5002 ||| 404
https://www.chopard.com/us/watches/ladies-watches/happy-diamonds/happy-diamonds-icons-209426-1001 ||| 404
https://www.chopard.com/us/watches/ladies-watches/happy-diamonds/happy-diamonds-icons-209426-1201 ||| 404
https://www.chopard.com/us/watches/ladies-watches/happy-diamonds/happy-diamonds-icons-209426-5001 ||| 404
https://www.chopard.com/us/watches/ladies-watches/happy-diamonds/happy-diamonds-joaillerie-205369-5001 ||| 404
https://www.chopard.com/us/watches/ladies-watches/happy-diamonds/happy-diamonds-oval-204305-5301 ||| 404
https://www.chopard.com/us/watches/ladies-watches/happy-sport/happy-hearts-278582-3005 ||| 404
https://www.chopard.com/us/watches/ladies-watches/happy-sport/happy-hearts-278590-6005 ||| 404
https://www.chopard.com/us/watches/ladies-watches/happy-sport/happy-sport-274808-5007 ||| 404
https://www.chopard.com/us/watches/ladies-watches/happy-sport/happy-sport-274808-5009 ||| 404
https://www.chopard.com/us/watches/ladies-watches/happy-sport/happy-sport-278559-3008 ||| 404
https://www.chopard.com/us/watches/ladies-watches/happy-sport/happy-sport-278559-6003 ||| 404
https://www.chopard.com/us/watches/ladies-watches/happy-sport/happy-sport-278559-6006 ||| 404
https://www.chopard.com/us/watches/ladies-watches/happy-sport/happy-sport-278559-6009 ||| 404
https://www.chopard.com/us/watches/ladies-watches/happy-sport/happy-sport-278573-3011 ||| 404
https://www.chopard.com/us/watches/ladies-watches/happy-sport/happy-sport-278582-3001 ||| 404
https://www.chopard.com/us/watches/ladies-watches/happy-sport/happy-sport-278582-3002 ||| 404
https://www.chopard.com/us/watches/ladies-watches/happy-sport/happy-sport-278582-6001 ||| 404
https://www.chopard.com/us/watches/ladies-watches/happy-sport/happy-sport-278590-3001 ||| 404
https://www.chopard.com/us/watches/ladies-watches/happy-sport/happy-sport-joaillerie-274891-5002 ||| 404
https://www.chopard.com/us/watches/ladies-watches/happy-sport/happy-sport-oval-275362-5005 ||| 404
https://www.chopard.com/us/watches/ladies-watches/happy-sport/happy-sport-sun-moon-and-stars-278559-3011 ||| 404
https://www.chopard.com/us/watches/ladies-watches/ice-cube/ice-cube-104015-1001 ||| 404
https://www.chopard.com/us/watches/ladies-watches/ice-cube/ice-cube-104015-5001 ||| 404
https://www.chopard.com/us/watches/ladies-watches/ice-cube/ice-cube-114015-5001 ||| 404
https://www.chopard.com/us/watches/ladies-watches/ice-cube/ice-cube-124015-5001 ||| 404
https://www.chopard.com/us/watches/ladies-watches/ice-cube/ice-cube-134015-1001 ||| 404
https://www.chopard.com/us/watches/ladies-watches/ice-cube/ice-cube-134015-5001 ||| 404
https://www.chopard.com/us/watches/ladies-watches/imperiale/imperiale-388532-3001 ||| 404
https://www.chopard.com/us/watches/ladies-watches/imperiale/imperiale-388532-3002 ||| 404
https://www.chopard.com/us/watches/ladies-watches/imperiale/imperiale-388532-6001 ||| 404
https://www.chopard.com/us/watches/ladies-watches/imperiale/imperiale-388532-6002 ||| 404
https://www.chopard.com/us/watches/ladies-watches/imperiale/imperiale-388532-6007 ||| 404
https://www.chopard.com/us/watches/ladies-watches/imperiale/imperiale-388563-3006 ||| 404
https://www.chopard.com/us/watches/ladies-watches/imperiale/imperiale-388563-6006 ||| 404
https://www.chopard.com/us/watches/ladies-watches/imperiale/imperiale-388563-6013 ||| 404
https://www.chopard.com/us/watches/ladies-watches/imperiale/imperiale-joaillerie-384239-1013 ||| 404
https://www.chopard.com/us/watches/ladies-watches/imperiale/imperiale-joaillerie-384239-5010 ||| 404
https://www.chopard.com/us/watches/ladies-watches/imperiale/imperiale-joaillerie-384240-1003 ||| 404
https://www.chopard.com/us/watches/ladies-watches/imperiale/imperiale-joaillerie-384296-5001 ||| 404
https://www.chopard.com/us/watches/ladies-watches/imperiale/imperiale-joaillerie-rainbow-384239-5009 ||| 404
https://www.chopard.com/us/watches/ladies-watches/imperiale/imperiale-joaillerie-rainbow-384242-5019 ||| 404
https://www.chopard.com/us/watches/ladies-watches/imperiale/imperiale-joaillerie-rainbow-384242-5021 ||| 404
https://www.chopard.com/us/watches/ladies-watches/imperiale/imperiale-tourbillon-384250-5005 ||| 404
https://www.chopard.com/us/watches/ladies-watches/imperiale/large/imperiale-joaillerie-384239-5010 ||| 404
https://www.chopard.com/us/watches/ladies-watches/imperiale/medium/imperiale-384221-5013 ||| 404
https://www.chopard.com/us/watches/ladies-watches/l-u-c/l-u-c-xp-131972-1001 ||| 404
https://www.chopard.com/us/watches/ladies-watches/l-u-c/l-u-c-xp-131972-5001 ||| 404
https://www.chopard.com/us/watches/ladies-watches/l-u-c/l-u-c-xp-171966-1003 ||| 404
https://www.chopard.com/us/watches/ladies-watches/l-u-c/l-u-c-xp-171966-5003 ||| 404
https://www.chopard.com/us/watches/ladies-watches/l-u-c/l-u-c-xp-esprit-de-fleurier-peony-131944-5004 ||| 404
https://www.chopard.com/us/watches/ladies-watches/l-u-c/l-u-c-xps-131968-1001 ||| 404
https://www.chopard.com/us/watches/ladies-watches/l-u-c/l-u-c-xps-131968-5001 ||| 404
https://www.chopard.com/us/watches/mens-watches/alpine-eagle/alpine-eagle-large-298600-3001 ||| 404
https://www.chopard.com/us/watches/mens-watches/alpine-eagle/alpine-eagle-large-298600-3002 ||| 404
https://www.chopard.com/us/watches/mens-watches/alpine-eagle/alpine-eagle-large-298600-6001 ||| 404
https://www.chopard.com/us/watches/mens-watches/alpine-eagle/alpine-eagle-small-295370-5001 ||| 404
https://www.chopard.com/us/watches/mens-watches/alpine-eagle/alpine-eagle-small-298601-3001 ||| 404
https://www.chopard.com/us/watches/mens-watches/alpine-eagle/alpine-eagle-small-298601-3002 ||| 404
https://www.chopard.com/us/watches/mens-watches/alpine-eagle/alpine-eagle-small-298601-6001 ||| 404
https://www.chopard.com/us/watches/mens-watches/alpine-eagle/alpine-eagle-small-298601-6002 ||| 404
https://www.chopard.com/us/watches/mens-watches/classic-racing/mille-miglia/mille-miglia-2019-race-edition-168571-3004 ||| 404
https://www.chopard.com/us/watches/mens-watches/classic-racing/mille-miglia/mille-miglia-2019-race-edition-168571-6002 ||| 404
https://www.chopard.com/us/watches/mens-watches/classic-racing/mille-miglia/mille-miglia-classic-chronograph-168588-3001 ||| 404
https://www.chopard.com/us/watches/mens-watches/classic-racing/mille-miglia/mille-miglia-classic-chronograph-168588-6001 ||| 404
https://www.chopard.com/us/watches/mens-watches/classic-racing/mille-miglia/mille-miglia-classic-chronograph-168589-3001 ||| 404
https://www.chopard.com/us/watches/mens-watches/classic-racing/mille-miglia/mille-miglia-classic-chronograph-168589-3002 ||| 404
https://www.chopard.com/us/watches/mens-watches/classic-racing/mille-miglia/mille-miglia-classic-chronograph-168589-3003 ||| 404
https://www.chopard.com/us/watches/mens-watches/classic-racing/mille-miglia/mille-miglia-classic-chronograph-178588-3001 ||| 404
https://www.chopard.com/us/watches/mens-watches/classic-racing/mille-miglia/mille-miglia-classic-chronograph-178588-3002 ||| 404
https://www.chopard.com/us/watches/mens-watches/classic-racing/mille-miglia/mille-miglia-gts-power-control-168566-3011 ||| 404
https://www.chopard.com/us/watches/mens-watches/classic-racing/mille-miglia/mille-miglia-gts-power-control-168566-6001 ||| 404
https://www.chopard.com/us/watches/mens-watches/classic-racing/superfast/superfast-tourbillon-168599-3001 ||| 404
https://www.chopard.com/us/watches/mens-watches/l-u-c/chronograph/l-u-c-all-in-one-161925-5002 ||| 404
https://www.chopard.com/us/watches/mens-watches/l-u-c/chronograph/l-u-c-all-in-one-161925-9003 ||| 404
https://www.chopard.com/us/watches/mens-watches/l-u-c/chronograph/l-u-c-full-strike-161947-1001 ||| 404
https://www.chopard.com/us/watches/mens-watches/l-u-c/chronograph/l-u-c-full-strike-161947-5001 ||| 404
https://www.chopard.com/us/watches/mens-watches/l-u-c/chronograph/l-u-c-full-strike-168604-3001 ||| 404
https://www.chopard.com/us/watches/mens-watches/l-u-c/chronograph/l-u-c-perpetual-chrono-161973-1002 ||| 404
https://www.chopard.com/us/watches/mens-watches/l-u-c/chronograph/l-u-c-perpetual-chrono-161973-5002 ||| 404
https://www.chopard.com/us/watches/mens-watches/l-u-c/chronograph/l-u-c-perpetual-chrono-161973-9001 ||| 404
https://www.chopard.com/us/watches/mens-watches/l-u-c/chronograph/l-u-c-perpetual-t-161940-5001 ||| 404
https://www.chopard.com/us/watches/mens-watches/l-u-c/chronograph/l-u-c-perpetual-t-161940-9001 ||| 404
https://www.chopard.com/us/watches/mens-watches/l-u-c/chronograph/l-u-c-perpetual-t-171940-9002 ||| 404
https://www.chopard.com/us/watches/mens-watches/l-u-c/hour-minute/l-u-c-xp-168592-3001 ||| 404
https://www.chopard.com/us/watches/mens-watches/l-u-c/hour-minute/l-u-c-xp-168592-3002 ||| 404
https://www.chopard.com/us/watches/mens-watches/l-u-c/hour-minute/l-u-c-xps-161946-9001 ||| 404
https://www.chopard.com/us/watches/mens-watches/l-u-c/hour-minute/l-u-c-xps-161948-1001 ||| 404
https://www.chopard.com/us/watches/mens-watches/l-u-c/hour-minute/l-u-c-xps-161948-5001 ||| 404
https://www.chopard.com/us/watches/mens-watches/l-u-c/hour-minute/l-u-c-xps-168591-3001 ||| 404
https://www.chopard.com/us/watches/mens-watches/l-u-c/hour-minute/l-u-c-xps-spirit-of-nature-161948-5002 ||| 404
https://www.chopard.com/us/watches/mens-watches/l-u-c/hour-minute/l-u-c-xps-twist-qf-161945-1001 ||| 404
https://www.chopard.com/us/watches/mens-watches/l-u-c/moon-phases/l-u-c-heritage-grand-cru-162296-5001 ||| 404
https://www.chopard.com/us/watches/mens-watches/l-u-c/moon-phases/l-u-c-heritage-grand-cru-172296-1001 ||| 404
https://www.chopard.com/us/watches/mens-watches/l-u-c/pocket-watch/l-u-c-chrono-one-flyback-168596-3001 ||| 404
https://www.chopard.com/us/watches/mens-watches/l-u-c/pocket-watch/l-u-c-chrono-one-flyback-168596-3002 ||| 404
https://www.chopard.com/us/watches/mens-watches/l-u-c/pocket-watch/l-u-c-gmt-one-161943-5001 ||| 404
https://www.chopard.com/us/watches/mens-watches/l-u-c/pocket-watch/l-u-c-gmt-one-168579-3001 ||| 404
https://www.chopard.com/us/watches/mens-watches/l-u-c/pocket-watch/l-u-c-lunar-big-date-161969-5001 ||| 404
https://www.chopard.com/us/watches/mens-watches/l-u-c/pocket-watch/l-u-c-time-traveler-one-161942-5001 ||| 404
https://www.chopard.com/us/watches/mens-watches/l-u-c/pocket-watch/l-u-c-time-traveler-one-161942-9001 ||| 404
https://www.chopard.com/us/watches/mens-watches/l-u-c/pocket-watch/l-u-c-time-traveler-one-168574-3001 ||| 404
https://www.chopard.com/us/watches/mens-watches/racing-stripes/mille-miglia-classic-chronograph-california-mille-168589-3023 ||| 404
https://www.chopard.com/us/watches/mens-watches/racing-stripes/mille-miglia-classic-chronograph-racing-stripes-168589-3021 ||| 404
https://www.chopard.com/us/watches/watches-for-him/alpine-eagle/alpine-eagle-large-298600-3001 ||| 404
