https://www.fossil.com/en-us/products/adalyn-three-hand-date-gold-tone-stainless-steel-watch/BQ8007.html ||| https://fossil.scene7.com/is/image/FossilPartners/BQ8007_main?$sfcc_fos_large$ ||| /Users/lcchai/Work/assets/official/fossil/BQ8007_main
https://www.fossil.com/en-us/products/adalyn-three-hand-date-teal-leather-watch/BQ3587.html ||| https://fossil.scene7.com/is/image/FossilPartners/BQ3587_main?$sfcc_fos_large$ ||| /Users/lcchai/Work/assets/official/fossil/BQ3587_main
https://www.fossil.com/en-us/products/adalyn-three-hand-stainless-steel-watch/BQ3373.html ||| https://fossil.scene7.com/is/image/FossilPartners/BQ3373_main?$sfcc_fos_large$ ||| /Users/lcchai/Work/assets/official/fossil/BQ3373_main
https://www.fossil.com/en-us/products/adalyn-three-hand-two-tone-stainless-steel-watch/BQ3376.html ||| https://fossil.scene7.com/is/image/FossilPartners/BQ3376_main?$sfcc_fos_large$ ||| /Users/lcchai/Work/assets/official/fossil/BQ3376_main
https://www.fossil.com/en-us/products/autocross-multifunction-black-leather-watch/BQ2556.html ||| https://fossil.scene7.com/is/image/FossilPartners/BQ2556_main?$sfcc_fos_large$ ||| /Users/lcchai/Work/assets/official/fossil/BQ2556_main
https://www.fossil.com/en-us/products/autocross-multifunction-black-stainless-steel-watch/BQ2551.html ||| https://fossil.scene7.com/is/image/FossilPartners/BQ2551_main?$sfcc_fos_large$ ||| /Users/lcchai/Work/assets/official/fossil/BQ2551_main
https://www.fossil.com/en-us/products/autocross-multifunction-stainless-steel-watch/BQ2550.html ||| https://fossil.scene7.com/is/image/FossilPartners/BQ2550_main?$sfcc_fos_large$ ||| /Users/lcchai/Work/assets/official/fossil/BQ2550_main
https://www.fossil.com/en-us/products/bannon-multifunction-smoke-stainless-steel-watch/BQ2491.html ||| https://fossil.scene7.com/is/image/FossilPartners/BQ2491_main?$sfcc_fos_large$ ||| /Users/lcchai/Work/assets/official/fossil/BQ2491_main
https://www.fossil.com/en-us/products/bannon-multifunction-stainless-steel-watch/BQ2490.html ||| https://fossil.scene7.com/is/image/FossilPartners/BQ2490_main?$sfcc_fos_large$ ||| /Users/lcchai/Work/assets/official/fossil/BQ2490_main
https://www.fossil.com/en-us/products/barstow-three-hand-black-leather-watch/FS5511.html ||| https://fossil.scene7.com/is/image/FossilPartners/FS5511_main?$sfcc_fos_large$ ||| /Users/lcchai/Work/assets/official/fossil/FS5511_main
https://www.fossil.com/en-us/products/belmar-multifunction-stainless-steel-watch/FS5575.html ||| https://fossil.scene7.com/is/image/FossilPartners/FS5575_main?$sfcc_fos_large$ ||| /Users/lcchai/Work/assets/official/fossil/FS5575_main
https://www.fossil.com/en-us/products/bowman-chronograph-brown-leather-watch/FS5601.html ||| https://fossil.scene7.com/is/image/FossilPartners/FS5601_main?$sfcc_fos_large$ ||| /Users/lcchai/Work/assets/official/fossil/FS5601_main
https://www.fossil.com/en-us/products/bowman-chronograph-luggage-leather-watch/FS5602.html ||| https://fossil.scene7.com/is/image/FossilPartners/FS5602_main?$sfcc_fos_large$ ||| /Users/lcchai/Work/assets/official/fossil/FS5602_main
https://www.fossil.com/en-us/products/bowman-chronograph-stainless-steel-watch/FS5604.html ||| https://fossil.scene7.com/is/image/FossilPartners/FS5604_main?$sfcc_fos_large$ ||| /Users/lcchai/Work/assets/official/fossil/FS5604_main
https://www.fossil.com/en-us/products/bronson-chronograph-brown-croco-leather-watch/FS5713.html ||| https://fossil.scene7.com/is/image/FossilPartners/FS5713_main?$sfcc_fos_large$ ||| /Users/lcchai/Work/assets/official/fossil/FS5713_main
https://www.fossil.com/en-us/products/bronson-chronograph-luggage-leather-watch/FS5738.html ||| https://fossil.scene7.com/is/image/FossilPartners/FS5738_main?$sfcc_fos_large$ ||| /Users/lcchai/Work/assets/official/fossil/FS5738_main
https://www.fossil.com/en-us/products/brox-multifunction-gold-tone-stainless-steel-watch/BQ2531.html ||| https://fossil.scene7.com/is/image/FossilPartners/BQ2531_main?$sfcc_fos_large$ ||| /Users/lcchai/Work/assets/official/fossil/BQ2531_main
https://www.fossil.com/en-us/products/caleigh-multifunction-white-acetate-watch/BQ3343.html ||| https://fossil.scene7.com/is/image/FossilPartners/BQ3343_main?$sfcc_fos_large$ ||| /Users/lcchai/Work/assets/official/fossil/BQ3343_main
https://www.fossil.com/en-us/products/cambry-three-hand-blue-leather-watch/BQ3592.html ||| https://fossil.scene7.com/is/image/FossilPartners/BQ3592_main?$sfcc_fos_large$ ||| /Users/lcchai/Work/assets/official/fossil/BQ3592_main
https://www.fossil.com/en-us/products/cambry-three-hand-blush-leather-watch/BQ3588.html ||| https://fossil.scene7.com/is/image/FossilPartners/BQ3588_main?$sfcc_fos_large$ ||| /Users/lcchai/Work/assets/official/fossil/BQ3588_main
https://www.fossil.com/en-us/products/carlie-automatic-black-stainless-steel-mesh-watch/ME3177.html ||| https://fossil.scene7.com/is/image/FossilPartners/ME3177_main?$sfcc_fos_large$ ||| /Users/lcchai/Work/assets/official/fossil/ME3177_main
https://www.fossil.com/en-us/products/carlie-mini-three-hand-black-ceramic-watch/CE1105.html ||| https://fossil.scene7.com/is/image/FossilPartners/CE1105_main?$sfcc_fos_large$ ||| /Users/lcchai/Work/assets/official/fossil/CE1105_main
https://www.fossil.com/en-us/products/carlie-mini-three-hand-black-stainless-steel-watch/ES4690.html ||| https://fossil.scene7.com/is/image/FossilPartners/ES4690_main?$sfcc_fos_large$ ||| /Users/lcchai/Work/assets/official/fossil/ES4690_main
https://www.fossil.com/en-us/products/carlie-mini-three-hand-nude-leather-watch/ES4839.html ||| https://fossil.scene7.com/is/image/FossilPartners/ES4839_main?$sfcc_fos_large$ ||| /Users/lcchai/Work/assets/official/fossil/ES4839_main
https://www.fossil.com/en-us/products/carlie-mini-three-hand-rose-gold-tone-stainless-steel-watch-and-bracelet-box-set/ES4443SET.html ||| https://fossil.scene7.com/is/image/FossilPartners/ES4443SET_main?$sfcc_fos_large$ ||| /Users/lcchai/Work/assets/official/fossil/ES4443SET_main
https://www.fossil.com/en-us/products/carlie-mini-three-hand-rose-gold-tone-stainless-steel-watch/ES4646.html ||| https://fossil.scene7.com/is/image/FossilPartners/ES4646_main?$sfcc_fos_large$ ||| /Users/lcchai/Work/assets/official/fossil/ES4646_main
https://www.fossil.com/en-us/products/carlie-mini-three-hand-sand-leather-watch/ES4530.html ||| https://fossil.scene7.com/is/image/FossilPartners/ES4530_main?$sfcc_fos_large$ ||| /Users/lcchai/Work/assets/official/fossil/ES4530_main
https://www.fossil.com/en-us/products/classic-minute-three-hand-smoke-stainless-steel-watch/BQ3458.html ||| https://fossil.scene7.com/is/image/FossilPartners/BQ3458_main?$sfcc_fos_large$ ||| /Users/lcchai/Work/assets/official/fossil/BQ3458_main
https://www.fossil.com/en-us/products/classic-minute-three-hand-stainless-steel-watch/BQ3510.html ||| https://fossil.scene7.com/is/image/FossilPartners/BQ3510_main?$sfcc_fos_large$ ||| /Users/lcchai/Work/assets/official/fossil/BQ3510_main
https://www.fossil.com/en-us/products/coachman-chronograph-brown-leather-watch/CH2891.html ||| https://fossil.scene7.com/is/image/FossilPartners/CH2891_main?$sfcc_fos_large$ ||| /Users/lcchai/Work/assets/official/fossil/CH2891_main
https://www.fossil.com/en-us/products/copeland-42mm-three-hand-brown-leather-watch/FS5663.html ||| https://fossil.scene7.com/is/image/FossilPartners/FS5663_main?$sfcc_fos_large$ ||| /Users/lcchai/Work/assets/official/fossil/FS5663_main
https://www.fossil.com/en-us/products/copeland-three-hand-midnight-navy-leather-watch/ES4824.html ||| https://fossil.scene7.com/is/image/FossilPartners/ES4824_main?$sfcc_fos_large$ ||| /Users/lcchai/Work/assets/official/fossil/ES4824_main
https://www.fossil.com/en-us/products/daisy-three-hand-black-leather-watch/ES4793.html ||| https://fossil.scene7.com/is/image/FossilPartners/ES4793_main?$sfcc_fos_large$ ||| /Users/lcchai/Work/assets/official/fossil/ES4793_main
https://www.fossil.com/en-us/products/dayle-three-hand-date-rose-gold-tone-stainless-steel-watch/BQ3596.html ||| https://fossil.scene7.com/is/image/FossilPartners/BQ3596_main?$sfcc_fos_large$ ||| /Users/lcchai/Work/assets/official/fossil/BQ3596_main
https://www.fossil.com/en-us/products/dayle-three-hand-date-rose-gold-tone-stainless-steel-watch/BQ3599.html ||| https://fossil.scene7.com/is/image/FossilPartners/BQ3599_main?$sfcc_fos_large$ ||| /Users/lcchai/Work/assets/official/fossil/BQ3599_main
https://www.fossil.com/en-us/products/dayle-three-hand-date-two-tone-stainless-steel-watch/BQ3597.html ||| https://fossil.scene7.com/is/image/FossilPartners/BQ3597_main?$sfcc_fos_large$ ||| /Users/lcchai/Work/assets/official/fossil/BQ3597_main
https://www.fossil.com/en-us/products/decker-chronograph-stainless-steel-watch/CH2600IE.html ||| https://fossil.scene7.com/is/image/FossilPartners/CH2600_main?$sfcc_fos_large$ ||| /Users/lcchai/Work/assets/official/fossil/CH2600_main
https://www.fossil.com/en-us/products/dillinger-chronograph-smoke-stainless-steel-watch/FS5673.html ||| https://fossil.scene7.com/is/image/FossilPartners/FS5673_main?$sfcc_fos_large$ ||| /Users/lcchai/Work/assets/official/fossil/FS5673_main
https://www.fossil.com/en-us/products/dillinger-chronograph-two-tone-stainless-steel-and-silicone-watch/FS5672.html ||| https://fossil.scene7.com/is/image/FossilPartners/FS5672_main?$sfcc_fos_large$ ||| /Users/lcchai/Work/assets/official/fossil/FS5672_main
https://www.fossil.com/en-us/products/editor-three-hand-brown-leather-watch-and-wallet-box-set/BQ2338SET.html ||| https://fossil.scene7.com/is/image/FossilPartners/BQ2338SET_main?$sfcc_fos_large$ ||| /Users/lcchai/Work/assets/official/fossil/BQ2338SET_main
https://www.fossil.com/en-us/products/essentialist-three-hand-brown-luggage-watch/FS5473.html ||| https://fossil.scene7.com/is/image/FossilPartners/FS5473_main?$sfcc_fos_large$ ||| /Users/lcchai/Work/assets/official/fossil/FS5473_main
https://www.fossil.com/en-us/products/everett-three-hand-date-black-stainless-steel-watch/FS5824.html ||| https://fossil.scene7.com/is/image/FossilPartners/FS5824_main?$sfcc_fos_large$ ||| /Users/lcchai/Work/assets/official/fossil/FS5824_main
https://www.fossil.com/en-us/products/everett-three-hand-date-two-tone-stainless-steel-watch/FS5823.html ||| https://fossil.scene7.com/is/image/FossilPartners/FS5823_main?$sfcc_fos_large$ ||| /Users/lcchai/Work/assets/official/fossil/FS5823_main
https://www.fossil.com/en-us/products/fb-01-automatic-two-tone-stainless-steel-watch/ME3191.html ||| https://fossil.scene7.com/is/image/FossilPartners/ME3191_main?$sfcc_fos_large$ ||| /Users/lcchai/Work/assets/official/fossil/ME3191_main
https://www.fossil.com/en-us/products/fb-01-three-hand-black-ceramic-watch/CE1108.html ||| https://fossil.scene7.com/is/image/FossilPartners/CE1108_main?$sfcc_fos_large$ ||| /Users/lcchai/Work/assets/official/fossil/CE1108_main
https://www.fossil.com/en-us/products/fb-01-three-hand-date-gold-tone-stainless-steel-watch/ES4746.html ||| https://fossil.scene7.com/is/image/FossilPartners/ES4746_main?$sfcc_fos_large$ ||| /Users/lcchai/Work/assets/official/fossil/ES4746_main
https://www.fossil.com/en-us/products/fb-01-three-hand-date-gold-tone-stainless-steel-watch/ES4983.html ||| https://fossil.scene7.com/is/image/FossilPartners/ES4983_main?$sfcc_fos_large$ ||| /Users/lcchai/Work/assets/official/fossil/ES4983_main
https://www.fossil.com/en-us/products/fb-01-three-hand-date-neon-green-silicone-watch/FS5683.html ||| https://fossil.scene7.com/is/image/FossilPartners/FS5683_main?$sfcc_fos_large$ ||| /Users/lcchai/Work/assets/official/fossil/FS5683_main
https://www.fossil.com/en-us/products/fb-01-three-hand-date-stainless-steel-watch/FS5670.html ||| https://fossil.scene7.com/is/image/FossilPartners/FS5670_main?$sfcc_fos_large$ ||| /Users/lcchai/Work/assets/official/fossil/FS5670_main
https://www.fossil.com/en-us/products/fb-01-three-hand-date-yellow-silicone-watch/FS5684.html ||| https://fossil.scene7.com/is/image/FossilPartners/FS5684_main?$sfcc_fos_large$ ||| /Users/lcchai/Work/assets/official/fossil/FS5684_main
https://www.fossil.com/en-us/products/fb-01-three-hand-white-ceramic-watch/CE1107.html ||| https://fossil.scene7.com/is/image/FossilPartners/CE1107_main?$sfcc_fos_large$ ||| /Users/lcchai/Work/assets/official/fossil/CE1107_main
https://www.fossil.com/en-us/products/fb-02-three-hand-date-navy-silicone-watch/FS5700.html ||| https://fossil.scene7.com/is/image/FossilPartners/FS5700_main?$sfcc_fos_large$ ||| /Users/lcchai/Work/assets/official/fossil/FS5700_main
https://www.fossil.com/en-us/products/fb-02-three-hand-date-two-tone-stainless-steel-watch/FS5766.html ||| https://fossil.scene7.com/is/image/FossilPartners/FS5766_main?$sfcc_fos_large$ ||| /Users/lcchai/Work/assets/official/fossil/FS5766_main
https://www.fossil.com/en-us/products/fenmore-midsize-multifunction-brown-leather-watch/BQ2453.html ||| https://fossil.scene7.com/is/image/FossilPartners/BQ2453_main?$sfcc_fos_large$ ||| /Users/lcchai/Work/assets/official/fossil/BQ2453_main
https://www.fossil.com/en-us/products/fenmore-midsize-multifunction-stainless-steel-watch/BQ2406IE.html ||| https://fossil.scene7.com/is/image/FossilPartners/BQ2406_main?$sfcc_fos_large$ ||| /Users/lcchai/Work/assets/official/fossil/BQ2406_main
https://www.fossil.com/en-us/products/flynn-pilot-chronograph-stainless-steel-watch/BQ2119.html ||| https://fossil.scene7.com/is/image/FossilPartners/BQ2119_main?$sfcc_fos_large$ ||| /Users/lcchai/Work/assets/official/fossil/BQ2119_main
https://www.fossil.com/en-us/products/forrester-chronograph-black-stainless-steel-watch/FS5697.html ||| https://fossil.scene7.com/is/image/FossilPartners/FS5697_main?$sfcc_fos_large$ ||| /Users/lcchai/Work/assets/official/fossil/FS5697_main
https://www.fossil.com/en-us/products/forrester-chronograph-stainless-steel-watch/FS5605.html ||| https://fossil.scene7.com/is/image/FossilPartners/FS5605_main?$sfcc_fos_large$ ||| /Users/lcchai/Work/assets/official/fossil/FS5605_main
https://www.fossil.com/en-us/products/forrester-three-hand-date-stainless-steel-watch/FS5593.html ||| https://fossil.scene7.com/is/image/FossilPartners/FS5593_main?$sfcc_fos_large$ ||| /Users/lcchai/Work/assets/official/fossil/FS5593_main
https://www.fossil.com/en-us/products/forrester-three-hand-striped-black-silicone-watch/FS5613.html ||| https://fossil.scene7.com/is/image/FossilPartners/FS5613_main?$sfcc_fos_large$ ||| /Users/lcchai/Work/assets/official/fossil/FS5613_main
https://www.fossil.com/en-us/products/gabby-three-hand-date-brown-leather-watch/ES5101.html ||| https://fossil.scene7.com/is/image/FossilPartners/ES5101_main?$sfcc_fos_large$ ||| /Users/lcchai/Work/assets/official/fossil/ES5101_main
https://www.fossil.com/en-us/products/gabby-three-hand-date-nude-leather-watch/ES5100.html ||| https://fossil.scene7.com/is/image/FossilPartners/ES5100_main?$sfcc_fos_large$ ||| /Users/lcchai/Work/assets/official/fossil/ES5100_main
https://www.fossil.com/en-us/products/garrett-chronograph-black-silicone-watch/FS5695.html ||| https://fossil.scene7.com/is/image/FossilPartners/FS5695_main?$sfcc_fos_large$ ||| /Users/lcchai/Work/assets/official/fossil/FS5695_main
https://www.fossil.com/en-us/products/garrett-chronograph-brown-leather-watch/FS5626.html ||| https://fossil.scene7.com/is/image/FossilPartners/FS5626_main?$sfcc_fos_large$ ||| /Users/lcchai/Work/assets/official/fossil/FS5626_main
https://www.fossil.com/en-us/products/garrett-chronograph-smoke-stainless-steel-watch/FS5621.html ||| https://fossil.scene7.com/is/image/FossilPartners/FS5621_main?$sfcc_fos_large$ ||| /Users/lcchai/Work/assets/official/fossil/FS5621_main
https://www.fossil.com/en-us/products/goodwin-chronograph-luggage-leather-watch/FS5501.html ||| https://fossil.scene7.com/is/image/FossilPartners/FS5501_main?$sfcc_fos_large$ ||| /Users/lcchai/Work/assets/official/fossil/FS5501_main
https://www.fossil.com/en-us/products/grant-chronograph-black-ceramic-watch/CE5021.html ||| https://fossil.scene7.com/is/image/FossilPartners/CE5021_main?$sfcc_fos_large$ ||| /Users/lcchai/Work/assets/official/fossil/CE5021_main
https://www.fossil.com/en-us/products/grant-chronograph-light-brown-leather-watch/FS5210IE.html ||| https://fossil.scene7.com/is/image/FossilPartners/FS5210_main?$sfcc_fos_large$ ||| /Users/lcchai/Work/assets/official/fossil/FS5210_main
https://www.fossil.com/en-us/products/grant-chronograph-luggage-leather-watch/FS5241.html ||| https://fossil.scene7.com/is/image/FossilPartners/FS5241_main?$sfcc_fos_large$ ||| /Users/lcchai/Work/assets/official/fossil/FS5241_main
https://www.fossil.com/en-us/products/grant-sport-automatic-black-leather-watch/ME3138.html ||| https://fossil.scene7.com/is/image/FossilPartners/ME3138_main?$sfcc_fos_large$ ||| /Users/lcchai/Work/assets/official/fossil/ME3138_main
https://www.fossil.com/en-us/products/his-and-her-lux-luther-three-hand-two-tone-stainless-steel-watch-gift-set/BQ2467SET.html ||| https://fossil.scene7.com/is/image/FossilPartners/BQ2467SET_main?$sfcc_fos_large$ ||| /Users/lcchai/Work/assets/official/fossil/BQ2467SET_main
https://www.fossil.com/en-us/products/his-and-her-wylie-three-hand-black-stainless-steel-watch-box-set/BQ2471SET.html ||| https://fossil.scene7.com/is/image/FossilPartners/BQ2471SET_main?$sfcc_fos_large$ ||| /Users/lcchai/Work/assets/official/fossil/BQ2471SET_main
https://www.fossil.com/en-us/products/hutton-three-hand-black-leather-watch/BQ3461.html ||| https://fossil.scene7.com/is/image/FossilPartners/BQ3461_main?$sfcc_fos_large$ ||| /Users/lcchai/Work/assets/official/fossil/BQ3461_main
https://www.fossil.com/en-us/products/hutton-three-hand-luggage-leather-watch/BQ2438.html ||| https://fossil.scene7.com/is/image/FossilPartners/BQ2438_main?$sfcc_fos_large$ ||| /Users/lcchai/Work/assets/official/fossil/BQ2438_main
https://www.fossil.com/en-us/products/hutton-three-hand-stainless-steel-watch/BQ3465.html ||| https://fossil.scene7.com/is/image/FossilPartners/BQ3465_main?$sfcc_fos_large$ ||| /Users/lcchai/Work/assets/official/fossil/BQ3465_main
https://www.fossil.com/en-us/products/inscription-automatic-brown-leather-watch/BQ2571.html ||| https://fossil.scene7.com/is/image/FossilPartners/BQ2571_main?$sfcc_fos_large$ ||| /Users/lcchai/Work/assets/official/fossil/BQ2571_main
https://www.fossil.com/en-us/products/inscription-automatic-gold-tone-stainless-steel-watch/BQ2573.html ||| https://fossil.scene7.com/is/image/FossilPartners/BQ2573_main?$sfcc_fos_large$ ||| /Users/lcchai/Work/assets/official/fossil/BQ2573_main
https://www.fossil.com/en-us/products/isobel-three-hand-two-tone-stainless-steel-watch/BQ1068.html ||| https://fossil.scene7.com/is/image/FossilPartners/BQ1068_main?$sfcc_fos_large$ ||| /Users/lcchai/Work/assets/official/fossil/BQ1068_main
https://www.fossil.com/en-us/products/izzy-multifunction-stainless-steel-watch/ES4783.html ||| https://fossil.scene7.com/is/image/FossilPartners/ES4783_main?$sfcc_fos_large$ ||| /Users/lcchai/Work/assets/official/fossil/ES4783_main
https://www.fossil.com/en-us/products/jacqueline-gold-tone-stainless-steel-watch/ES3434.html ||| https://fossil.scene7.com/is/image/FossilPartners/ES3434_main?$sfcc_fos_large$ ||| /Users/lcchai/Work/assets/official/fossil/ES3434_main
https://www.fossil.com/en-us/products/jacqueline-mini-stainless-steel-watch/ES3797.html ||| https://fossil.scene7.com/is/image/FossilPartners/ES3797_main?$sfcc_fos_large$ ||| /Users/lcchai/Work/assets/official/fossil/ES3797_main
https://www.fossil.com/en-us/products/jacqueline-three-hand-date-brown-leather-watch/ES4368.html ||| https://fossil.scene7.com/is/image/FossilPartners/ES4368_main?$sfcc_fos_large$ ||| /Users/lcchai/Work/assets/official/fossil/ES4368_main
https://www.fossil.com/en-us/products/jacqueline-three-hand-date-brown-leather-watch/ES4629.html ||| https://fossil.scene7.com/is/image/FossilPartners/ES4629_main?$sfcc_fos_large$ ||| /Users/lcchai/Work/assets/official/fossil/ES4629_main
https://www.fossil.com/en-us/products/jacqueline-three-hand-date-wine-stainless-steel-watch/ES4100.html ||| https://fossil.scene7.com/is/image/FossilPartners/ES4100_main?$sfcc_fos_large$ ||| /Users/lcchai/Work/assets/official/fossil/ES4100_main
https://www.fossil.com/en-us/products/jacqueline-three-hand-rose-gold-tone-stainless-steel-watch-case/C141023.html ||| https://fossil.scene7.com/is/image/FossilPartners/C141023_main?$sfcc_fos_large$ ||| /Users/lcchai/Work/assets/official/fossil/C141023_main
https://www.fossil.com/en-us/products/jacqueline-three-hand-rose-gold-tone-stainless-steel-watch/ES4534.html ||| https://fossil.scene7.com/is/image/FossilPartners/ES4534_main?$sfcc_fos_large$ ||| /Users/lcchai/Work/assets/official/fossil/ES4534_main
https://www.fossil.com/en-us/products/janice-multifunction-gold-tone-stainless-steel-watch/BQ3317.html ||| https://fossil.scene7.com/is/image/FossilPartners/BQ3317_main?$sfcc_fos_large$ ||| /Users/lcchai/Work/assets/official/fossil/BQ3317_main
https://www.fossil.com/en-us/products/janice-multifunction-rose-gold-tone-stainless-steel-watch/BQ3316.html ||| https://fossil.scene7.com/is/image/FossilPartners/BQ3316_main?$sfcc_fos_large$ ||| /Users/lcchai/Work/assets/official/fossil/BQ3316_main
https://www.fossil.com/en-us/products/josey-three-hand-brown-leather-watch/ES4883.html ||| https://fossil.scene7.com/is/image/FossilPartners/ES4883_main?$sfcc_fos_large$ ||| /Users/lcchai/Work/assets/official/fossil/ES4883_main
https://www.fossil.com/en-us/products/jude-mini-two-hand-fuchsia-leather-watch/ES4865.html ||| https://fossil.scene7.com/is/image/FossilPartners/ES4865_main?$sfcc_fos_large$ ||| /Users/lcchai/Work/assets/official/fossil/ES4865_main
https://www.fossil.com/en-us/products/jude-three-hand-yellow-silicone-watch/ES4860.html ||| https://fossil.scene7.com/is/image/FossilPartners/ES4860_main?$sfcc_fos_large$ ||| /Users/lcchai/Work/assets/official/fossil/ES4860_main
https://www.fossil.com/en-us/products/kalya-three-hand-olive-leather-watch/ES4975.html ||| https://fossil.scene7.com/is/image/FossilPartners/ES4975_main?$sfcc_fos_large$ ||| /Users/lcchai/Work/assets/official/fossil/ES4975_main
https://www.fossil.com/en-us/products/karli-three-hand-stainless-steel-watch/BQ3182.html ||| https://fossil.scene7.com/is/image/FossilPartners/BQ3182_main?$sfcc_fos_large$ ||| /Users/lcchai/Work/assets/official/fossil/BQ3182_main
https://www.fossil.com/en-us/products/kerrigan-mini-three-hand-black-leather-watch/BQ3561.html ||| https://fossil.scene7.com/is/image/FossilPartners/BQ3561_main?$sfcc_fos_large$ ||| /Users/lcchai/Work/assets/official/fossil/BQ3561_main
https://www.fossil.com/en-us/products/kerrigan-mini-three-hand-black-leather-watch/BQ3562.html ||| https://fossil.scene7.com/is/image/FossilPartners/BQ3562_main?$sfcc_fos_large$ ||| /Users/lcchai/Work/assets/official/fossil/BQ3562_main
https://www.fossil.com/en-us/products/kerrigan-mini-three-hand-rose-gold-tone-stainless-steel-watch/BQ3560.html ||| https://fossil.scene7.com/is/image/FossilPartners/BQ3560_main?$sfcc_fos_large$ ||| /Users/lcchai/Work/assets/official/fossil/BQ3560_main
https://www.fossil.com/en-us/products/kerrigan-three-hand-two-tone-stainless-steel-watch/BQ3207.html ||| https://fossil.scene7.com/is/image/FossilPartners/BQ3207_main?$sfcc_fos_large$ ||| /Users/lcchai/Work/assets/official/fossil/BQ3207_main
https://www.fossil.com/en-us/products/kerrigan-three-hand-two-tone-stainless-steel-watch/BQ3519.html ||| https://fossil.scene7.com/is/image/FossilPartners/BQ3519_main?$sfcc_fos_large$ ||| /Users/lcchai/Work/assets/official/fossil/BQ3519_main
https://www.fossil.com/en-us/products/kinsey-three-hand-faux-cheetah-hair-leather-watch/ES4726.html ||| https://fossil.scene7.com/is/image/FossilPartners/ES4726_main?$sfcc_fos_large$ ||| /Users/lcchai/Work/assets/official/fossil/ES4726_main
https://www.fossil.com/en-us/products/kinsey-three-hand-two-tone-stainless-steel-watch/ES4449.html ||| https://fossil.scene7.com/is/image/FossilPartners/ES4449_main?$sfcc_fos_large$ ||| /Users/lcchai/Work/assets/official/fossil/ES4449_main
https://www.fossil.com/en-us/products/lance-three-hand-black-leather-watch/BQ1286.html ||| https://fossil.scene7.com/is/image/FossilPartners/BQ1286_main?$sfcc_fos_large$ ||| /Users/lcchai/Work/assets/official/fossil/BQ1286_main
https://www.fossil.com/en-us/products/latitude-chronograph-gold-tone-stainless-steel-watch/FS5752.html ||| https://fossil.scene7.com/is/image/FossilPartners/FS5752_main?$sfcc_fos_large$ ||| /Users/lcchai/Work/assets/official/fossil/FS5752_main
https://www.fossil.com/en-us/products/lexie-luther-three-hand-rose-gold-tone-stainless-steel-watch/BQ3567.html ||| https://fossil.scene7.com/is/image/FossilPartners/BQ3567_main?$sfcc_fos_large$ ||| /Users/lcchai/Work/assets/official/fossil/BQ3567_main
https://www.fossil.com/en-us/products/lexie-luther-three-hand-white-leather-watch/BQ3625.html ||| https://fossil.scene7.com/is/image/FossilPartners/BQ3625_main?$sfcc_fos_large$ ||| /Users/lcchai/Work/assets/official/fossil/BQ3625_main
https://www.fossil.com/en-us/products/limited-edition-curator-series-forrester-chronograph-tan-leather-watch/LE1109.html ||| https://fossil.scene7.com/is/image/FossilPartners/LE1109_main?$sfcc_fos_large$ ||| /Users/lcchai/Work/assets/official/fossil/LE1109_main
https://www.fossil.com/en-us/products/luther-chronograph-black-stainless-steel-watch/BQ2330IE.html ||| https://fossil.scene7.com/is/image/FossilPartners/BQ2330_main?$sfcc_fos_large$ ||| /Users/lcchai/Work/assets/official/fossil/BQ2330_main
https://www.fossil.com/en-us/products/luther-three-hand-black-leather-watch/BQ2423.html ||| https://fossil.scene7.com/is/image/FossilPartners/BQ2423_main?$sfcc_fos_large$ ||| /Users/lcchai/Work/assets/official/fossil/BQ2423_main
https://www.fossil.com/en-us/products/luther-three-hand-smoke-leather-watch/BQ2477.html ||| https://fossil.scene7.com/is/image/FossilPartners/BQ2477_main?$sfcc_fos_large$ ||| /Users/lcchai/Work/assets/official/fossil/BQ2477_main
https://www.fossil.com/en-us/products/lux-luther-three-hand-smoke-stainless-steel-watch/BQ2419.html ||| https://fossil.scene7.com/is/image/FossilPartners/BQ2419_main?$sfcc_fos_large$ ||| /Users/lcchai/Work/assets/official/fossil/BQ2419_main
https://www.fossil.com/en-us/products/lux-luther-three-hand-two-tone-stainless-steel-watch/BQ2417.html ||| https://fossil.scene7.com/is/image/FossilPartners/BQ2417_main?$sfcc_fos_large$ ||| /Users/lcchai/Work/assets/official/fossil/BQ2417_main
https://www.fossil.com/en-us/products/lux-luther-three-hand-two-tone-stainless-steel-watch/BQ2463.html ||| https://fossil.scene7.com/is/image/FossilPartners/BQ2463_main?$sfcc_fos_large$ ||| /Users/lcchai/Work/assets/official/fossil/BQ2463_main
https://www.fossil.com/en-us/products/lyric-automatic-navy-leather-watch/ME3199.html ||| https://fossil.scene7.com/is/image/FossilPartners/ME3199_main?$sfcc_fos_large$ ||| /Users/lcchai/Work/assets/official/fossil/ME3199_main
https://www.fossil.com/en-us/products/lyric-automatic-rose-gold-tone-stainless-steel-watch/ME3198.html ||| https://fossil.scene7.com/is/image/FossilPartners/ME3198_main?$sfcc_fos_large$ ||| /Users/lcchai/Work/assets/official/fossil/ME3198_main
https://www.fossil.com/en-us/products/lyric-three-hand-black-stainless-steel-watch/ES4713.html ||| https://fossil.scene7.com/is/image/FossilPartners/ES4713_main?$sfcc_fos_large$ ||| /Users/lcchai/Work/assets/official/fossil/ES4713_main
https://www.fossil.com/en-us/products/lyric-three-hand-blush-leather-watch/ES4707.html ||| https://fossil.scene7.com/is/image/FossilPartners/ES4707_main?$sfcc_fos_large$ ||| /Users/lcchai/Work/assets/official/fossil/ES4707_main
https://www.fossil.com/en-us/products/lyric-three-hand-brown-leather-watch/ES4706.html ||| https://fossil.scene7.com/is/image/FossilPartners/ES4706_main?$sfcc_fos_large$ ||| /Users/lcchai/Work/assets/official/fossil/ES4706_main
https://www.fossil.com/en-us/products/lyric-three-hand-faux-cheetah-hair-leather-watch/ES4719.html ||| https://fossil.scene7.com/is/image/FossilPartners/ES4719_main?$sfcc_fos_large$ ||| /Users/lcchai/Work/assets/official/fossil/ES4719_main
https://www.fossil.com/en-us/products/machine-black-stainless-steel-watch/FS4775.html ||| https://fossil.scene7.com/is/image/FossilPartners/FS4775_main?$sfcc_fos_large$ ||| /Users/lcchai/Work/assets/official/fossil/FS4775_main
https://www.fossil.com/en-us/products/machine-chronograph-black-silicone-watch/FS4487.html ||| https://fossil.scene7.com/is/image/FossilPartners/FS4487_main?$sfcc_fos_large$ ||| /Users/lcchai/Work/assets/official/fossil/FS4487_main
https://www.fossil.com/en-us/products/machine-chronograph-dark-brown-leather-watch-and-bracelet-box-set/FS5251SET.html ||| https://fossil.scene7.com/is/image/FossilPartners/FS5251SET_main?$sfcc_fos_large$ ||| /Users/lcchai/Work/assets/official/fossil/FS5251SET_main
https://www.fossil.com/en-us/products/machine-mid-size-chronograph-brown-leather-watch/FS4656.html ||| https://fossil.scene7.com/is/image/FossilPartners/FS4656_main?$sfcc_fos_large$ ||| /Users/lcchai/Work/assets/official/fossil/FS4656_main
https://www.fossil.com/en-us/products/modern-century-multifunction-antique-gold-tone-stainless-steel-watch/BQ2444.html ||| https://fossil.scene7.com/is/image/FossilPartners/BQ2444_main?$sfcc_fos_large$ ||| /Users/lcchai/Work/assets/official/fossil/BQ2444_main
https://www.fossil.com/en-us/products/modern-century-multifunction-black-leather-watch/BQ2204.html ||| https://fossil.scene7.com/is/image/FossilPartners/BQ2204_main?$sfcc_fos_large$ ||| /Users/lcchai/Work/assets/official/fossil/BQ2204_main
https://www.fossil.com/en-us/products/modern-century-multifunction-stainless-steel-watch/BQ2296.html ||| https://fossil.scene7.com/is/image/FossilPartners/BQ2296_main?$sfcc_fos_large$ ||| /Users/lcchai/Work/assets/official/fossil/BQ2296_main
https://www.fossil.com/en-us/products/modern-century-three-hand-smoke-stainless-steel-watch/BQ2333.html ||| https://fossil.scene7.com/is/image/FossilPartners/BQ2333_main?$sfcc_fos_large$ ||| /Users/lcchai/Work/assets/official/fossil/BQ2333_main
https://www.fossil.com/en-us/products/modern-courier-chronograph-gold-tone-stainless-steel-watch/BQ3378.html ||| https://fossil.scene7.com/is/image/FossilPartners/BQ3378_main?$sfcc_fos_large$ ||| /Users/lcchai/Work/assets/official/fossil/BQ3378_main
https://www.fossil.com/en-us/products/modern-courier-chronograph-rose-gold-tone-stainless-steel-watch/BQ3377.html ||| https://fossil.scene7.com/is/image/FossilPartners/BQ3377_main?$sfcc_fos_large$ ||| /Users/lcchai/Work/assets/official/fossil/BQ3377_main
https://www.fossil.com/en-us/products/modern-sophisticate-automatic-rose-gold-tone-stainless-steel-watch/BQ3651.html ||| https://fossil.scene7.com/is/image/FossilPartners/BQ3651_main?$sfcc_fos_large$ ||| /Users/lcchai/Work/assets/official/fossil/BQ3651_main
https://www.fossil.com/en-us/products/modern-sophisticate-automatic-stainless-steel-watch/BQ3649.html ||| https://fossil.scene7.com/is/image/FossilPartners/BQ3649_main?$sfcc_fos_large$ ||| /Users/lcchai/Work/assets/official/fossil/BQ3649_main
https://www.fossil.com/en-us/products/modern-sophisticate-automatic-two-tone-stainless-steel-watch/BQ3650.html ||| https://fossil.scene7.com/is/image/FossilPartners/BQ3650_main?$sfcc_fos_large$ ||| /Users/lcchai/Work/assets/official/fossil/BQ3650_main
https://www.fossil.com/en-us/products/modern-sophisticate-multifunction-wine-leather-watch/BQ3285.html ||| https://fossil.scene7.com/is/image/FossilPartners/BQ3285_main?$sfcc_fos_large$ ||| /Users/lcchai/Work/assets/official/fossil/BQ3285_main
https://www.fossil.com/en-us/products/monroe-three-hand-date-brown-leather-watch/ES4922.html ||| https://fossil.scene7.com/is/image/FossilPartners/ES4922_main?$sfcc_fos_large$ ||| /Users/lcchai/Work/assets/official/fossil/ES4922_main
https://www.fossil.com/en-us/products/monroe-three-hand-date-brown-luggage-watch/ES4923.html ||| https://fossil.scene7.com/is/image/FossilPartners/ES4923_main?$sfcc_fos_large$ ||| /Users/lcchai/Work/assets/official/fossil/ES4923_main
https://www.fossil.com/en-us/products/monroe-three-hand-date-two-tone-stainless-steel-watch/ES4925.html ||| https://fossil.scene7.com/is/image/FossilPartners/ES4925_main?$sfcc_fos_large$ ||| /Users/lcchai/Work/assets/official/fossil/ES4925_main
https://www.fossil.com/en-us/products/monty-chronograph-stainless-steel-watch/FS5637.html ||| https://fossil.scene7.com/is/image/FossilPartners/FS5637_main?$sfcc_fos_large$ ||| /Users/lcchai/Work/assets/official/fossil/FS5637_main
https://www.fossil.com/en-us/products/neely-three-hand-stainless-steel-watch/ES4644.html ||| https://fossil.scene7.com/is/image/FossilPartners/ES4644_main?$sfcc_fos_large$ ||| /Users/lcchai/Work/assets/official/fossil/ES4644_main
https://www.fossil.com/en-us/products/neomi-three-hand-brown-leather-watch/ES4953.html ||| https://fossil.scene7.com/is/image/FossilPartners/ES4953_main?$sfcc_fos_large$ ||| /Users/lcchai/Work/assets/official/fossil/ES4953_main
https://www.fossil.com/en-us/products/neomi-three-hand-light-brown-leather-watch/ES4954.html ||| https://fossil.scene7.com/is/image/FossilPartners/ES4954_main?$sfcc_fos_large$ ||| /Users/lcchai/Work/assets/official/fossil/ES4954_main
https://www.fossil.com/en-us/products/neutra-automatic-black-stainless-steel-watch/ME3183.html ||| https://fossil.scene7.com/is/image/FossilPartners/ME3183_main?$sfcc_fos_large$ ||| /Users/lcchai/Work/assets/official/fossil/ME3183_main
https://www.fossil.com/en-us/products/neutra-automatic-brown-leather-watch/ME3184.html ||| https://fossil.scene7.com/is/image/FossilPartners/ME3184_main?$sfcc_fos_large$ ||| /Users/lcchai/Work/assets/official/fossil/ME3184_main
https://www.fossil.com/en-us/products/neutra-automatic-smoke-stainless-steel-watch/ME3185.html ||| https://fossil.scene7.com/is/image/FossilPartners/ME3185_main?$sfcc_fos_large$ ||| /Users/lcchai/Work/assets/official/fossil/ME3185_main
https://www.fossil.com/en-us/products/neutra-chronograph-black-stainless-steel-watch/FS5474.html ||| https://fossil.scene7.com/is/image/FossilPartners/FS5474_main?$sfcc_fos_large$ ||| /Users/lcchai/Work/assets/official/fossil/FS5474_main
https://www.fossil.com/en-us/products/neutra-chronograph-brown-leather-watch/FS5453.html ||| https://fossil.scene7.com/is/image/FossilPartners/FS5453_main?$sfcc_fos_large$ ||| /Users/lcchai/Work/assets/official/fossil/FS5453_main
https://www.fossil.com/en-us/products/neutra-chronograph-brown-leather-watch/FS5763.html ||| https://fossil.scene7.com/is/image/FossilPartners/FS5763_main?$sfcc_fos_large$ ||| /Users/lcchai/Work/assets/official/fossil/FS5763_main
https://www.fossil.com/en-us/products/neutra-chronograph-brown-leather-watch/FS5764.html ||| https://fossil.scene7.com/is/image/FossilPartners/FS5764_main?$sfcc_fos_large$ ||| /Users/lcchai/Work/assets/official/fossil/FS5764_main
https://www.fossil.com/en-us/products/neutra-chronograph-navy-leather-watch/FS5790.html ||| https://fossil.scene7.com/is/image/FossilPartners/FS5790_main?$sfcc_fos_large$ ||| /Users/lcchai/Work/assets/official/fossil/FS5790_main
https://www.fossil.com/en-us/products/neutra-chronograph-stainless-steel-watch-case/C221044.html ||| https://fossil.scene7.com/is/image/FossilPartners/C221044_main?$sfcc_fos_large$ ||| /Users/lcchai/Work/assets/official/fossil/C221044_main
https://www.fossil.com/en-us/products/neutra-chronograph-stainless-steel-watch-case/C221045.html ||| https://fossil.scene7.com/is/image/FossilPartners/C221045_main?$sfcc_fos_large$ ||| /Users/lcchai/Work/assets/official/fossil/C221045_main
https://www.fossil.com/en-us/products/neutra-chronograph-stainless-steel-watch-case/C221046.html ||| https://fossil.scene7.com/is/image/FossilPartners/C221046_main?$sfcc_fos_large$ ||| /Users/lcchai/Work/assets/official/fossil/C221046_main
https://www.fossil.com/en-us/products/neutra-chronograph-two-tone-stainless-steel-watch/FS5706.html ||| https://fossil.scene7.com/is/image/FossilPartners/FS5706_main?$sfcc_fos_large$ ||| /Users/lcchai/Work/assets/official/fossil/FS5706_main
https://www.fossil.com/en-us/products/pierce-multifunction-alloy-watch/FS5679.html ||| https://fossil.scene7.com/is/image/FossilPartners/FS5679_main?$sfcc_fos_large$ ||| /Users/lcchai/Work/assets/official/fossil/FS5679_main
https://www.fossil.com/en-us/products/pierce-multifunction-luggage-leather-watch/FS5702.html ||| https://fossil.scene7.com/is/image/FossilPartners/FS5702_main?$sfcc_fos_large$ ||| /Users/lcchai/Work/assets/official/fossil/FS5702_main
https://www.fossil.com/en-us/products/pierce-multifunction-luggage-leather-watch/FS5703.html ||| https://fossil.scene7.com/is/image/FossilPartners/FS5703_main?$sfcc_fos_large$ ||| /Users/lcchai/Work/assets/official/fossil/FS5703_main
https://www.fossil.com/en-us/products/pierce-multifunction-two-tone-alloy-watch/FS5704.html ||| https://fossil.scene7.com/is/image/FossilPartners/FS5704_main?$sfcc_fos_large$ ||| /Users/lcchai/Work/assets/official/fossil/FS5704_main
https://www.fossil.com/en-us/products/prismatic-galaxy-three-hand-blue-leather-watch/ES4729.html ||| https://fossil.scene7.com/is/image/FossilPartners/ES4729_main?$sfcc_fos_large$ ||| /Users/lcchai/Work/assets/official/fossil/ES4729_main
https://www.fossil.com/en-us/products/privateer-sport-chronograph-black-stainless-steel-watch/BQ2196.html ||| https://fossil.scene7.com/is/image/FossilPartners/BQ2196_main?$sfcc_fos_large$ ||| /Users/lcchai/Work/assets/official/fossil/BQ2196_main
https://www.fossil.com/en-us/products/privateer-sport-chronograph-smoke-stainless-steel-watch/BQ2167IE.html ||| https://fossil.scene7.com/is/image/FossilPartners/BQ2167IE_main?$sfcc_fos_large$ ||| /Users/lcchai/Work/assets/official/fossil/BQ2167IE_main
https://www.fossil.com/en-us/products/privateer-sport-chronograph-smoke-stainless-steel-watch/BQ2345.html ||| https://fossil.scene7.com/is/image/FossilPartners/BQ2345_main?$sfcc_fos_large$ ||| /Users/lcchai/Work/assets/official/fossil/BQ2345_main
https://www.fossil.com/en-us/products/privateer-sport-chronograph-stainless-steel-watch/BQ2535.html ||| https://fossil.scene7.com/is/image/FossilPartners/BQ2535_main?$sfcc_fos_large$ ||| /Users/lcchai/Work/assets/official/fossil/BQ2535_main
https://www.fossil.com/en-us/products/privateer-sport-chronograph-two-tone-stainless-steel-watch/BQ2464.html ||| https://fossil.scene7.com/is/image/FossilPartners/BQ2464_main?$sfcc_fos_large$ ||| /Users/lcchai/Work/assets/official/fossil/BQ2464_main
https://www.fossil.com/en-us/products/reid-multifunction-rose-gold-tone-stainless-steel-watch/BQ3688.html ||| https://fossil.scene7.com/is/image/FossilPartners/BQ3688_main?$sfcc_fos_large$ ||| /Users/lcchai/Work/assets/official/fossil/BQ3688_main
https://www.fossil.com/en-us/products/reid-multifunction-stainless-steel-watch/BQ3687.html ||| https://fossil.scene7.com/is/image/FossilPartners/BQ3687_main?$sfcc_fos_large$ ||| /Users/lcchai/Work/assets/official/fossil/BQ3687_main
https://www.fossil.com/en-us/products/reid-multifunction-two-tone-stainless-steel-watch/BQ3686.html ||| https://fossil.scene7.com/is/image/FossilPartners/BQ3686_main?$sfcc_fos_large$ ||| /Users/lcchai/Work/assets/official/fossil/BQ3686_main
https://www.fossil.com/en-us/products/reid-three-hand-gold-tone-stainless-steel-watch/BQ3655.html ||| https://fossil.scene7.com/is/image/FossilPartners/BQ3655_main?$sfcc_fos_large$ ||| /Users/lcchai/Work/assets/official/fossil/BQ3655_main
https://www.fossil.com/en-us/products/reid-three-hand-rose-gold-tone-stainless-steel-watch/BQ3656.html ||| https://fossil.scene7.com/is/image/FossilPartners/BQ3656_main?$sfcc_fos_large$ ||| /Users/lcchai/Work/assets/official/fossil/BQ3656_main
https://www.fossil.com/en-us/products/reid-three-hand-stainless-steel-watch/BQ3654.html ||| https://fossil.scene7.com/is/image/FossilPartners/BQ3654_main?$sfcc_fos_large$ ||| /Users/lcchai/Work/assets/official/fossil/BQ3654_main
https://www.fossil.com/en-us/products/retro-digital-lcd-neon-blue-nylon-watch/FS5676.html ||| https://fossil.scene7.com/is/image/FossilPartners/FS5676_main?$sfcc_fos_large$ ||| /Users/lcchai/Work/assets/official/fossil/FS5676_main
https://www.fossil.com/en-us/products/rhett-chronograph-black-leather-watch/BQ1006.html ||| https://fossil.scene7.com/is/image/FossilPartners/BQ1006_main?$sfcc_fos_large$ ||| /Users/lcchai/Work/assets/official/fossil/BQ1006_main
https://www.fossil.com/en-us/products/rhett-chronograph-black-leather-watch/BQ1008.html ||| https://fossil.scene7.com/is/image/FossilPartners/BQ1008_main?$sfcc_fos_large$ ||| /Users/lcchai/Work/assets/official/fossil/BQ1008_main
https://www.fossil.com/en-us/products/rhett-chronograph-black-leather-watch/BQ1703.html ||| https://fossil.scene7.com/is/image/FossilPartners/BQ1703_main?$sfcc_fos_large$ ||| /Users/lcchai/Work/assets/official/fossil/BQ1703_main
https://www.fossil.com/en-us/products/rhett-chronograph-brown-leather-watch/BQ1009.html ||| https://fossil.scene7.com/is/image/FossilPartners/BQ1009_main?$sfcc_fos_large$ ||| /Users/lcchai/Work/assets/official/fossil/BQ1009_main
https://www.fossil.com/en-us/products/rhett-chronograph-brown-leather-watch/BQ2163.html ||| https://fossil.scene7.com/is/image/FossilPartners/BQ2163_main?$sfcc_fos_large$ ||| /Users/lcchai/Work/assets/official/fossil/BQ2163_main
https://www.fossil.com/en-us/products/rhett-chronograph-brown-leather-watch/BQ2459.html ||| https://fossil.scene7.com/is/image/FossilPartners/BQ2459_main?$sfcc_fos_large$ ||| /Users/lcchai/Work/assets/official/fossil/BQ2459_main
https://www.fossil.com/en-us/products/rhett-chronograph-navy-leather-watch/BQ1704.html ||| https://fossil.scene7.com/is/image/FossilPartners/BQ1704_main?$sfcc_fos_large$ ||| /Users/lcchai/Work/assets/official/fossil/BQ1704_main
https://www.fossil.com/en-us/products/rhett-chronograph-stainless-steel-watch/BQ1000.html ||| https://fossil.scene7.com/is/image/FossilPartners/BQ1000_main?$sfcc_fos_large$ ||| /Users/lcchai/Work/assets/official/fossil/BQ1000_main
https://www.fossil.com/en-us/products/rhett-three-hand-black-stainless-steel-watch/BQ2369.html ||| https://fossil.scene7.com/is/image/FossilPartners/BQ2369_main?$sfcc_fos_large$ ||| /Users/lcchai/Work/assets/official/fossil/BQ2369_main
https://www.fossil.com/en-us/products/rhett-three-hand-date-brown-leather-watch/BQ2288.html ||| https://fossil.scene7.com/is/image/FossilPartners/BQ2288_main?$sfcc_fos_large$ ||| /Users/lcchai/Work/assets/official/fossil/BQ2288_main
https://www.fossil.com/en-us/products/rhett-three-hand-smoke-stainless-steel-watch/BQ2370.html ||| https://fossil.scene7.com/is/image/FossilPartners/BQ2370_main?$sfcc_fos_large$ ||| /Users/lcchai/Work/assets/official/fossil/BQ2370_main
https://www.fossil.com/en-us/products/riley-multifunction-gold-tone-stainless-steel-watch/ES3203.html ||| https://fossil.scene7.com/is/image/FossilPartners/ES3203_main?$sfcc_fos_large$ ||| /Users/lcchai/Work/assets/official/fossil/ES3203_main
https://www.fossil.com/en-us/products/riley-multifunction-rose-tone-and-sand-leather-watch/ES3466.html ||| https://fossil.scene7.com/is/image/FossilPartners/ES3466_main?$sfcc_fos_large$ ||| /Users/lcchai/Work/assets/official/fossil/ES3466_main
https://www.fossil.com/en-us/products/riley-multifunction-rose-tone-stainless-steel-watch/ES2811.html ||| https://fossil.scene7.com/is/image/FossilPartners/ES2811_main?$sfcc_fos_large$ ||| /Users/lcchai/Work/assets/official/fossil/ES2811_main
https://www.fossil.com/en-us/products/riley-multifunction-two-tone-stainless-steel-watch/ES3204.html ||| https://fossil.scene7.com/is/image/FossilPartners/ES3204_main?$sfcc_fos_large$ ||| /Users/lcchai/Work/assets/official/fossil/ES3204_main
https://www.fossil.com/en-us/products/rye-multifunction-gold-tone-stainless-steel-watch/BQ3692.html ||| https://fossil.scene7.com/is/image/FossilPartners/BQ3692_main?$sfcc_fos_large$ ||| /Users/lcchai/Work/assets/official/fossil/BQ3692_main
https://www.fossil.com/en-us/products/rye-multifunction-rose-gold-tone-stainless-steel-watch/BQ3691.html ||| https://fossil.scene7.com/is/image/FossilPartners/BQ3691_main?$sfcc_fos_large$ ||| /Users/lcchai/Work/assets/official/fossil/BQ3691_main
https://www.fossil.com/en-us/products/rye-three-hand-date-gold-tone-stainless-steel-watch/BQ3634.html ||| https://fossil.scene7.com/is/image/FossilPartners/BQ3634_main?$sfcc_fos_large$ ||| /Users/lcchai/Work/assets/official/fossil/BQ3634_main
https://www.fossil.com/en-us/products/rye-three-hand-date-gold-tone-stainless-steel-watch/BQ3635.html ||| https://fossil.scene7.com/is/image/FossilPartners/BQ3635_main?$sfcc_fos_large$ ||| /Users/lcchai/Work/assets/official/fossil/BQ3635_main
https://www.fossil.com/en-us/products/rye-three-hand-date-gold-tone-stainless-steel-watch/BQ3638.html ||| https://fossil.scene7.com/is/image/FossilPartners/BQ3638_main?$sfcc_fos_large$ ||| /Users/lcchai/Work/assets/official/fossil/BQ3638_main
https://www.fossil.com/en-us/products/rye-three-hand-date-rose-gold-tone-stainless-steel-watch/BQ3636.html ||| https://fossil.scene7.com/is/image/FossilPartners/BQ3636_main?$sfcc_fos_large$ ||| /Users/lcchai/Work/assets/official/fossil/BQ3636_main
https://www.fossil.com/en-us/products/rye-three-hand-date-rose-gold-tone-stainless-steel-watch/BQ3639.html ||| https://fossil.scene7.com/is/image/FossilPartners/BQ3639_main?$sfcc_fos_large$ ||| /Users/lcchai/Work/assets/official/fossil/BQ3639_main
https://www.fossil.com/en-us/products/rye-three-hand-date-stainless-steel-watch/BQ3637.html ||| https://fossil.scene7.com/is/image/FossilPartners/BQ3637_main?$sfcc_fos_large$ ||| /Users/lcchai/Work/assets/official/fossil/BQ3637_main
https://www.fossil.com/en-us/products/sadie-multifunction-blush-leather-watch/ES4785.html ||| https://fossil.scene7.com/is/image/FossilPartners/ES4785_main?$sfcc_fos_large$ ||| /Users/lcchai/Work/assets/official/fossil/ES4785_main
https://www.fossil.com/en-us/products/sadie-multifunction-gold-tone-stainless-steel-watch-case/C181030.html ||| https://fossil.scene7.com/is/image/FossilPartners/C181030_main?$sfcc_fos_large$ ||| /Users/lcchai/Work/assets/official/fossil/C181030_main
https://www.fossil.com/en-us/products/sadie-multifunction-gold-tone-stainless-steel-watch/ES4780.html ||| https://fossil.scene7.com/is/image/FossilPartners/ES4780_main?$sfcc_fos_large$ ||| /Users/lcchai/Work/assets/official/fossil/ES4780_main
https://www.fossil.com/en-us/products/sadie-multifunction-rose-gold-tone-stainless-steel-watch-case/C181029.html ||| https://fossil.scene7.com/is/image/FossilPartners/C181029_main?$sfcc_fos_large$ ||| /Users/lcchai/Work/assets/official/fossil/C181029_main
https://www.fossil.com/en-us/products/sadie-multifunction-rose-gold-tone-stainless-steel-watch/ES4779.html ||| https://fossil.scene7.com/is/image/FossilPartners/ES4779_main?$sfcc_fos_large$ ||| /Users/lcchai/Work/assets/official/fossil/ES4779_main
https://www.fossil.com/en-us/products/sadie-multifunction-rose-gold-tone-stainless-steel-watch/ES4926.html ||| https://fossil.scene7.com/is/image/FossilPartners/ES4926_main?$sfcc_fos_large$ ||| /Users/lcchai/Work/assets/official/fossil/ES4926_main
https://www.fossil.com/en-us/products/sadie-multifunction-stainless-steel-watch-case/C181028.html ||| https://fossil.scene7.com/is/image/FossilPartners/C181028_main?$sfcc_fos_large$ ||| /Users/lcchai/Work/assets/official/fossil/C181028_main
https://www.fossil.com/en-us/products/sadie-multifunction-stainless-steel-watch/ES4778.html ||| https://fossil.scene7.com/is/image/FossilPartners/ES4778_main?$sfcc_fos_large$ ||| /Users/lcchai/Work/assets/official/fossil/ES4778_main
https://www.fossil.com/en-us/products/sadie-multifunction-two-tone-stainless-steel-watch/ES4781.html ||| https://fossil.scene7.com/is/image/FossilPartners/ES4781_main?$sfcc_fos_large$ ||| /Users/lcchai/Work/assets/official/fossil/ES4781_main
https://www.fossil.com/en-us/products/scarlette-micro-three-hand-date-gold-tone-stainless-steel-watch/ES5037.html ||| https://fossil.scene7.com/is/image/FossilPartners/ES5037_main?$sfcc_fos_large$ ||| /Users/lcchai/Work/assets/official/fossil/ES5037_main
https://www.fossil.com/en-us/products/scarlette-micro-three-hand-date-rose-gold-tone-stainless-steel-watch/ES4992.html ||| https://fossil.scene7.com/is/image/FossilPartners/ES4992_main?$sfcc_fos_large$ ||| /Users/lcchai/Work/assets/official/fossil/ES4992_main
https://www.fossil.com/en-us/products/scarlette-micro-three-hand-date-rose-gold-tone-stainless-steel-watch/ES5038.html ||| https://fossil.scene7.com/is/image/FossilPartners/ES5038_main?$sfcc_fos_large$ ||| /Users/lcchai/Work/assets/official/fossil/ES5038_main
https://www.fossil.com/en-us/products/scarlette-micro-three-hand-date-stainless-steel-watch/ES4991.html ||| https://fossil.scene7.com/is/image/FossilPartners/ES4991_main?$sfcc_fos_large$ ||| /Users/lcchai/Work/assets/official/fossil/ES4991_main
https://www.fossil.com/en-us/products/scarlette-micro-three-hand-date-stainless-steel-watch/ES5039.html ||| https://fossil.scene7.com/is/image/FossilPartners/ES5039_main?$sfcc_fos_large$ ||| /Users/lcchai/Work/assets/official/fossil/ES5039_main
https://www.fossil.com/en-us/products/scarlette-micro-three-hand-date-two-tone-stainless-steel-watch/ES5034.html ||| https://fossil.scene7.com/is/image/FossilPartners/ES5034_main?$sfcc_fos_large$ ||| /Users/lcchai/Work/assets/official/fossil/ES5034_main
https://www.fossil.com/en-us/products/scarlette-mini-three-hand-date-gold-tone-stainless-steel-watch/ES4903.html ||| https://fossil.scene7.com/is/image/FossilPartners/ES4903_main?$sfcc_fos_large$ ||| /Users/lcchai/Work/assets/official/fossil/ES4903_main
https://www.fossil.com/en-us/products/scarlette-mini-three-hand-date-rose-gold-tone-stainless-steel-watch/ES4318.html ||| https://fossil.scene7.com/is/image/FossilPartners/ES4318_main?$sfcc_fos_large$ ||| /Users/lcchai/Work/assets/official/fossil/ES4318_main
https://www.fossil.com/en-us/products/scarlette-mini-three-hand-date-rose-gold-tone-stainless-steel-watch/ES4898.html ||| https://fossil.scene7.com/is/image/FossilPartners/ES4898_main?$sfcc_fos_large$ ||| /Users/lcchai/Work/assets/official/fossil/ES4898_main
https://www.fossil.com/en-us/products/scarlette-mini-three-hand-date-rose-gold-tone-stainless-steel-watch/ES4901.html ||| https://fossil.scene7.com/is/image/FossilPartners/ES4901_main?$sfcc_fos_large$ ||| /Users/lcchai/Work/assets/official/fossil/ES4901_main
https://www.fossil.com/en-us/products/scarlette-mini-three-hand-date-stainless-steel-watch/ES4897.html ||| https://fossil.scene7.com/is/image/FossilPartners/ES4897_main?$sfcc_fos_large$ ||| /Users/lcchai/Work/assets/official/fossil/ES4897_main
https://www.fossil.com/en-us/products/scarlette-mini-three-hand-date-stainless-steel-watch/ES4902.html ||| https://fossil.scene7.com/is/image/FossilPartners/ES4902_main?$sfcc_fos_large$ ||| /Users/lcchai/Work/assets/official/fossil/ES4902_main
https://www.fossil.com/en-us/products/scarlette-mini-three-hand-date-stainless-steel-watch/ES5061.html ||| https://fossil.scene7.com/is/image/FossilPartners/ES5061_main?$sfcc_fos_large$ ||| /Users/lcchai/Work/assets/official/fossil/ES5061_main
https://www.fossil.com/en-us/products/scarlette-mini-three-hand-date-tortoise-acetate-watch/ES4638.html ||| https://fossil.scene7.com/is/image/FossilPartners/ES4638_main?$sfcc_fos_large$ ||| /Users/lcchai/Work/assets/official/fossil/ES4638_main
https://www.fossil.com/en-us/products/scarlette-mini-three-hand-date-two-tone-stainless-steel-watch/ES4319.html ||| https://fossil.scene7.com/is/image/FossilPartners/ES4319_main?$sfcc_fos_large$ ||| /Users/lcchai/Work/assets/official/fossil/ES4319_main
https://www.fossil.com/en-us/products/scarlette-mini-three-hand-date-two-tone-stainless-steel-watch/ES4899.html ||| https://fossil.scene7.com/is/image/FossilPartners/ES4899_main?$sfcc_fos_large$ ||| /Users/lcchai/Work/assets/official/fossil/ES4899_main
https://www.fossil.com/en-us/products/scarlette-mini-three-hand-date-two-tone-stainless-steel-watch/ES4948.html ||| https://fossil.scene7.com/is/image/FossilPartners/ES4948_main?$sfcc_fos_large$ ||| /Users/lcchai/Work/assets/official/fossil/ES4948_main
https://www.fossil.com/en-us/products/scarlette-mini-three-hand-date-two-tone-stainless-steel-watch/ES5060.html ||| https://fossil.scene7.com/is/image/FossilPartners/ES5060_main?$sfcc_fos_large$ ||| /Users/lcchai/Work/assets/official/fossil/ES5060_main
https://www.fossil.com/en-us/products/shae-mini-three-hand-gold-tone-stainless-steel-watch/BQ3372.html ||| https://fossil.scene7.com/is/image/FossilPartners/BQ3372_main?$sfcc_fos_large$ ||| /Users/lcchai/Work/assets/official/fossil/BQ3372_main
https://www.fossil.com/en-us/products/shae-mini-three-hand-stainless-rose-gold-tone-steel-watch/BQ3371.html ||| https://fossil.scene7.com/is/image/FossilPartners/BQ3371_main?$sfcc_fos_large$ ||| /Users/lcchai/Work/assets/official/fossil/BQ3371_main
https://www.fossil.com/en-us/products/shae-mini-three-hand-stainless-steel-watch/BQ3370.html ||| https://fossil.scene7.com/is/image/FossilPartners/BQ3370_main?$sfcc_fos_large$ ||| /Users/lcchai/Work/assets/official/fossil/BQ3370_main
https://www.fossil.com/en-us/products/slater-digital-blue-camo-silicone-watch/BQ2548.html ||| https://fossil.scene7.com/is/image/FossilPartners/BQ2548_main?$sfcc_fos_large$ ||| /Users/lcchai/Work/assets/official/fossil/BQ2548_main
https://www.fossil.com/en-us/products/slater-digital-smoke-stainless-steel-watch/BQ2546.html ||| https://fossil.scene7.com/is/image/FossilPartners/BQ2546_main?$sfcc_fos_large$ ||| /Users/lcchai/Work/assets/official/fossil/BQ2546_main
https://www.fossil.com/en-us/products/stella-multifunction-rose-tone-stainless-steel-watch/ES3590.html ||| https://fossil.scene7.com/is/image/FossilPartners/ES3590_main?$sfcc_fos_large$ ||| /Users/lcchai/Work/assets/official/fossil/ES3590_main
https://www.fossil.com/en-us/products/stella-multifunction-tortoise-resin-watch/ES2795.html ||| https://fossil.scene7.com/is/image/FossilPartners/ES2795_main?$sfcc_fos_large$ ||| /Users/lcchai/Work/assets/official/fossil/ES2795_main
https://www.fossil.com/en-us/products/stella-multifunction-two-tone-stainless-steel-and-acetate-watch/ES4755.html ||| https://fossil.scene7.com/is/image/FossilPartners/ES4755_main?$sfcc_fos_large$ ||| /Users/lcchai/Work/assets/official/fossil/ES4755_main
https://www.fossil.com/en-us/products/suitor-mini-three-hand-black-stainless-steel-watch/BQ3439.html ||| https://fossil.scene7.com/is/image/FossilPartners/BQ3439_main?$sfcc_fos_large$ ||| /Users/lcchai/Work/assets/official/fossil/BQ3439_main
https://www.fossil.com/en-us/products/suitor-mini-three-hand-rose-gold-tone-stainless-steel-watch/BQ3333.html ||| https://fossil.scene7.com/is/image/FossilPartners/BQ3333_main?$sfcc_fos_large$ ||| /Users/lcchai/Work/assets/official/fossil/BQ3333_main
https://www.fossil.com/en-us/products/suitor-mini-three-hand-white-leather-watch/BQ3485.html ||| https://fossil.scene7.com/is/image/FossilPartners/BQ3485_main?$sfcc_fos_large$ ||| /Users/lcchai/Work/assets/official/fossil/BQ3485_main
https://www.fossil.com/en-us/products/suitor-three-hand-rose-gold-tone-alloy-watch-and-bracelet-box-set/BQ3543SET.html ||| https://fossil.scene7.com/is/image/FossilPartners/BQ3543SET_main?$sfcc_fos_large$ ||| /Users/lcchai/Work/assets/official/fossil/BQ3543SET_main
https://www.fossil.com/en-us/products/suitor-three-hand-white-leather-watch/BQ8003.html ||| https://fossil.scene7.com/is/image/FossilPartners/BQ8003_main?$sfcc_fos_large$ ||| /Users/lcchai/Work/assets/official/fossil/BQ8003_main
https://www.fossil.com/en-us/products/sullivan-multifunction-black-silicone-watch/BQ2445.html ||| https://fossil.scene7.com/is/image/FossilPartners/BQ2445_main?$sfcc_fos_large$ ||| /Users/lcchai/Work/assets/official/fossil/BQ2445_main
https://www.fossil.com/en-us/products/sullivan-multifunction-black-stainless-steel-watch/BQ2448.html ||| https://fossil.scene7.com/is/image/FossilPartners/BQ2448_main?$sfcc_fos_large$ ||| /Users/lcchai/Work/assets/official/fossil/BQ2448_main
https://www.fossil.com/en-us/products/sullivan-multifunction-blue-camo-silicone-watch/BQ2529.html ||| https://fossil.scene7.com/is/image/FossilPartners/BQ2529_main?$sfcc_fos_large$ ||| /Users/lcchai/Work/assets/official/fossil/BQ2529_main
https://www.fossil.com/en-us/products/sullivan-multifunction-blue-silicone-watch/BQ2528.html ||| https://fossil.scene7.com/is/image/FossilPartners/BQ2528_main?$sfcc_fos_large$ ||| /Users/lcchai/Work/assets/official/fossil/BQ2528_main
https://www.fossil.com/en-us/products/sullivan-multifunction-green-camo-silicone-watch/BQ2526.html ||| https://fossil.scene7.com/is/image/FossilPartners/BQ2526_main?$sfcc_fos_large$ ||| /Users/lcchai/Work/assets/official/fossil/BQ2526_main
https://www.fossil.com/en-us/products/sullivan-multifunction-green-nylon-watch/BQ2524.html ||| https://fossil.scene7.com/is/image/FossilPartners/BQ2524_main?$sfcc_fos_large$ ||| /Users/lcchai/Work/assets/official/fossil/BQ2524_main
https://www.fossil.com/en-us/products/sullivan-multifunction-green-silicone-watch/BQ2527.html ||| https://fossil.scene7.com/is/image/FossilPartners/BQ2527_main?$sfcc_fos_large$ ||| /Users/lcchai/Work/assets/official/fossil/BQ2527_main
https://www.fossil.com/en-us/products/sullivan-multifunction-orange-nylon-watch/BQ2525.html ||| https://fossil.scene7.com/is/image/FossilPartners/BQ2525_main?$sfcc_fos_large$ ||| /Users/lcchai/Work/assets/official/fossil/BQ2525_main
https://www.fossil.com/en-us/products/sullivan-multifunction-yellow-nylon-watch/BQ2523.html ||| https://fossil.scene7.com/is/image/FossilPartners/BQ2523_main?$sfcc_fos_large$ ||| /Users/lcchai/Work/assets/official/fossil/BQ2523_main
https://www.fossil.com/en-us/products/tailor-automatic-blue-leather-watch/ME3186.html ||| https://fossil.scene7.com/is/image/FossilPartners/ME3186_main?$sfcc_fos_large$ ||| /Users/lcchai/Work/assets/official/fossil/ME3186_main
https://www.fossil.com/en-us/products/tailor-automatic-rose-gold-tone-stainless-steel-mesh-watch/ME3187.html ||| https://fossil.scene7.com/is/image/FossilPartners/ME3187_main?$sfcc_fos_large$ ||| /Users/lcchai/Work/assets/official/fossil/ME3187_main
https://www.fossil.com/en-us/products/tailor-mechanical-rose-gold-tone-stainless-steel-watch/ME3165.html ||| https://fossil.scene7.com/is/image/FossilPartners/ME3165_main?$sfcc_fos_large$ ||| /Users/lcchai/Work/assets/official/fossil/ME3165_main
https://www.fossil.com/en-us/products/tailor-mechanical-stainless-steel-watch/ME3166.html ||| https://fossil.scene7.com/is/image/FossilPartners/ME3166_main?$sfcc_fos_large$ ||| /Users/lcchai/Work/assets/official/fossil/ME3166_main
https://www.fossil.com/en-us/products/tailor-mini-three-hand-two-tone-stainless-steel-watch/ES4498.html ||| https://fossil.scene7.com/is/image/FossilPartners/ES4498_main?$sfcc_fos_large$ ||| /Users/lcchai/Work/assets/official/fossil/ES4498_main
https://www.fossil.com/en-us/products/tailor-multifunction-rose-tone-stainless-steel-watch/ES3713.html ||| https://fossil.scene7.com/is/image/FossilPartners/ES3713_main?$sfcc_fos_large$ ||| /Users/lcchai/Work/assets/official/fossil/ES3713_main
https://www.fossil.com/en-us/products/tailor-multifunction-stainless-steel-watch/ES3712.html ||| https://fossil.scene7.com/is/image/FossilPartners/ES3712_main?$sfcc_fos_large$ ||| /Users/lcchai/Work/assets/official/fossil/ES3712_main
https://www.fossil.com/en-us/products/ten-piece-watch-box/MLG0642001.html ||| https://fossil.scene7.com/is/image/FossilPartners/MLG0642001_main?$sfcc_fos_large$ ||| /Users/lcchai/Work/assets/official/fossil/MLG0642001_main
https://www.fossil.com/en-us/products/ten-piece-watch-box/MLG0642201.html ||| https://fossil.scene7.com/is/image/FossilPartners/MLG0642201_main?$sfcc_fos_large$ ||| /Users/lcchai/Work/assets/official/fossil/MLG0642201_main
https://www.fossil.com/en-us/products/the-archival-series-mood-watch-three-hand-black-leather-watch/LE1066.html ||| https://fossil.scene7.com/is/image/FossilPartners/LE1066_main?$sfcc_fos_large$ ||| /Users/lcchai/Work/assets/official/fossil/LE1066_main
https://www.fossil.com/en-us/products/the-minimalist-archival-series-three-hand-green-nylon-watch/LE1103.html ||| https://fossil.scene7.com/is/image/FossilPartners/LE1103_main?$sfcc_fos_large$ ||| /Users/lcchai/Work/assets/official/fossil/LE1103_main
https://www.fossil.com/en-us/products/the-minimalist-archival-series-two-hand-blue-silicone-watch/LE1105.html ||| https://fossil.scene7.com/is/image/FossilPartners/LE1105_main?$sfcc_fos_large$ ||| /Users/lcchai/Work/assets/official/fossil/LE1105_main
https://www.fossil.com/en-us/products/the-minimalist-slim-three-hand-light-brown-leather-watch/FS5304.html ||| https://fossil.scene7.com/is/image/FossilPartners/FS5304_main?$sfcc_fos_large$ ||| /Users/lcchai/Work/assets/official/fossil/FS5304_main
https://www.fossil.com/en-us/products/the-minimalist-slim-three-hand-light-brown-leather-watch/FS5305.html ||| https://fossil.scene7.com/is/image/FossilPartners/FS5305_main?$sfcc_fos_large$ ||| /Users/lcchai/Work/assets/official/fossil/FS5305_main
https://www.fossil.com/en-us/products/the-minimalist-three-hand-amber-leather-watch/FS5513.html ||| https://fossil.scene7.com/is/image/FossilPartners/FS5513_main?$sfcc_fos_large$ ||| /Users/lcchai/Work/assets/official/fossil/FS5513_main
https://www.fossil.com/en-us/products/the-minimalist-three-hand-brown-leather-watch/FS5439.html ||| https://fossil.scene7.com/is/image/FossilPartners/FS5439_main?$sfcc_fos_large$ ||| /Users/lcchai/Work/assets/official/fossil/FS5439_main
https://www.fossil.com/en-us/products/the-minimalist-three-hand-brown-leather-watch/FS5756.html ||| https://fossil.scene7.com/is/image/FossilPartners/FS5756_main?$sfcc_fos_large$ ||| /Users/lcchai/Work/assets/official/fossil/FS5756_main
https://www.fossil.com/en-us/products/the-minimalist-three-hand-navy-leather-watch/FS5789.html ||| https://fossil.scene7.com/is/image/FossilPartners/FS5789_main?$sfcc_fos_large$ ||| /Users/lcchai/Work/assets/official/fossil/FS5789_main
https://www.fossil.com/en-us/products/the-minimalist-three-hand-smoke-stainless-steel-watch/FS5459.html ||| https://fossil.scene7.com/is/image/FossilPartners/FS5459_main?$sfcc_fos_large$ ||| /Users/lcchai/Work/assets/official/fossil/FS5459_main
https://www.fossil.com/en-us/products/tillie-mini-three-hand-dark-brown-leather-watch/BQ3557.html ||| https://fossil.scene7.com/is/image/FossilPartners/BQ3557_main?$sfcc_fos_large$ ||| /Users/lcchai/Work/assets/official/fossil/BQ3557_main
https://www.fossil.com/en-us/products/tillie-mini-three-hand-faux-cheetah-hair-leather-watch/BQ3556.html ||| https://fossil.scene7.com/is/image/FossilPartners/BQ3556_main?$sfcc_fos_large$ ||| /Users/lcchai/Work/assets/official/fossil/BQ3556_main
https://www.fossil.com/en-us/products/tillie-mini-three-hand-fern-leather-watch/BQ3558.html ||| https://fossil.scene7.com/is/image/FossilPartners/BQ3558_main?$sfcc_fos_large$ ||| /Users/lcchai/Work/assets/official/fossil/BQ3558_main
https://www.fossil.com/en-us/products/tillie-mini-three-hand-gray-leather-watch/BQ3505.html ||| https://fossil.scene7.com/is/image/FossilPartners/BQ3505_main?$sfcc_fos_large$ ||| /Users/lcchai/Work/assets/official/fossil/BQ3505_main
https://www.fossil.com/en-us/products/tillie-mini-three-hand-gray-leather-watch/BQ3533.html ||| https://fossil.scene7.com/is/image/FossilPartners/BQ3533_main?$sfcc_fos_large$ ||| /Users/lcchai/Work/assets/official/fossil/BQ3533_main
https://www.fossil.com/en-us/products/tillie-mini-three-hand-orange-leather-watch/BQ3623.html ||| https://fossil.scene7.com/is/image/FossilPartners/BQ3623_main?$sfcc_fos_large$ ||| /Users/lcchai/Work/assets/official/fossil/BQ3623_main
https://www.fossil.com/en-us/products/tillie-three-hand-blush-leather-watch/BQ3573.html ||| https://fossil.scene7.com/is/image/FossilPartners/BQ3573_main?$sfcc_fos_large$ ||| /Users/lcchai/Work/assets/official/fossil/BQ3573_main
https://www.fossil.com/en-us/products/tillie-three-hand-dark-brown-leather-watch/BQ3551.html ||| https://fossil.scene7.com/is/image/FossilPartners/BQ3551_main?$sfcc_fos_large$ ||| /Users/lcchai/Work/assets/official/fossil/BQ3551_main
https://www.fossil.com/en-us/products/tillie-three-hand-fern-leather-watch/BQ3552.html ||| https://fossil.scene7.com/is/image/FossilPartners/BQ3552_main?$sfcc_fos_large$ ||| /Users/lcchai/Work/assets/official/fossil/BQ3552_main
https://www.fossil.com/en-us/products/tillie-three-hand-gray-leather-watch/BQ3500.html ||| https://fossil.scene7.com/is/image/FossilPartners/BQ3500_main?$sfcc_fos_large$ ||| /Users/lcchai/Work/assets/official/fossil/BQ3500_main
https://www.fossil.com/en-us/products/tillie-three-hand-gray-leather-watch/BQ3532.html ||| https://fossil.scene7.com/is/image/FossilPartners/BQ3532_main?$sfcc_fos_large$ ||| /Users/lcchai/Work/assets/official/fossil/BQ3532_main
https://www.fossil.com/en-us/products/tillie-three-hand-pastel-pink-stainless-steel-watch/BQ3601.html ||| https://fossil.scene7.com/is/image/FossilPartners/BQ3601_main?$sfcc_fos_large$ ||| /Users/lcchai/Work/assets/official/fossil/BQ3601_main
https://www.fossil.com/en-us/products/tillie-three-hand-pink-leather-watch/BQ3574.html ||| https://fossil.scene7.com/is/image/FossilPartners/BQ3574_main?$sfcc_fos_large$ ||| /Users/lcchai/Work/assets/official/fossil/BQ3574_main
https://www.fossil.com/en-us/products/tillie-three-hand-purple-leather-watch/BQ3624.html ||| https://fossil.scene7.com/is/image/FossilPartners/BQ3624_main?$sfcc_fos_large$ ||| /Users/lcchai/Work/assets/official/fossil/BQ3624_main
https://www.fossil.com/en-us/products/tillie-three-hand-rose-gold-tone-stainless-steel-watch/BQ3497.html ||| https://fossil.scene7.com/is/image/FossilPartners/BQ3497_main?$sfcc_fos_large$ ||| /Users/lcchai/Work/assets/official/fossil/BQ3497_main
https://www.fossil.com/en-us/products/tillie-three-hand-two-tone-stainless-steel-watch/BQ3522.html ||| https://fossil.scene7.com/is/image/FossilPartners/BQ3522_main?$sfcc_fos_large$ ||| /Users/lcchai/Work/assets/official/fossil/BQ3522_main
https://www.fossil.com/en-us/products/townsman-44mm-chronograph-luggage-leather-watch/FS5279.html ||| https://fossil.scene7.com/is/image/FossilPartners/FS5279_main?$sfcc_fos_large$ ||| /Users/lcchai/Work/assets/official/fossil/FS5279_main
https://www.fossil.com/en-us/products/townsman-48mm-automatic-amber-leather-watch/ME3181.html ||| https://fossil.scene7.com/is/image/FossilPartners/ME3181_main?$sfcc_fos_large$ ||| /Users/lcchai/Work/assets/official/fossil/ME3181_main
https://www.fossil.com/en-us/products/townsman-48mm-automatic-light-brown-leather-watch/ME3154.html ||| https://fossil.scene7.com/is/image/FossilPartners/ME3154_main?$sfcc_fos_large$ ||| /Users/lcchai/Work/assets/official/fossil/ME3154_main
https://www.fossil.com/en-us/products/townsman-automatic-black-leather-watch/ME3170.html ||| https://fossil.scene7.com/is/image/FossilPartners/ME3170_main?$sfcc_fos_large$ ||| /Users/lcchai/Work/assets/official/fossil/ME3170_main
https://www.fossil.com/en-us/products/townsman-automatic-brown-leather-watch/ME3110.html ||| https://fossil.scene7.com/is/image/FossilPartners/ME3110_main?$sfcc_fos_large$ ||| /Users/lcchai/Work/assets/official/fossil/ME3110_main
https://www.fossil.com/en-us/products/townsman-automatic-dark-brown-leather-watch/ME3098.html ||| https://fossil.scene7.com/is/image/FossilPartners/ME3098_main?$sfcc_fos_large$ ||| /Users/lcchai/Work/assets/official/fossil/ME3098_main
https://www.fossil.com/en-us/products/townsman-automatic-navy-leather-watch/ME3171.html ||| https://fossil.scene7.com/is/image/FossilPartners/ME3171_main?$sfcc_fos_large$ ||| /Users/lcchai/Work/assets/official/fossil/ME3171_main
https://www.fossil.com/en-us/products/townsman-automatic-smoke-stainless-steel-watch/ME3172.html ||| https://fossil.scene7.com/is/image/FossilPartners/ME3172_main?$sfcc_fos_large$ ||| /Users/lcchai/Work/assets/official/fossil/ME3172_main
https://www.fossil.com/en-us/products/townsman-automatic-stainless-steel-watch-%E2%80%93-black/ME3062.html ||| https://fossil.scene7.com/is/image/FossilPartners/ME3062_main?$sfcc_fos_large$ ||| /Users/lcchai/Work/assets/official/fossil/ME3062_main
https://www.fossil.com/en-us/products/townsman-chronograph-amber-leather-watch/FS5522.html ||| https://fossil.scene7.com/is/image/FossilPartners/FS5522_main?$sfcc_fos_large$ ||| /Users/lcchai/Work/assets/official/fossil/FS5522_main
https://www.fossil.com/en-us/products/townsman-chronograph-black-leather-watch/FS5548.html ||| https://fossil.scene7.com/is/image/FossilPartners/FS5548_main?$sfcc_fos_large$ ||| /Users/lcchai/Work/assets/official/fossil/FS5548_main
https://www.fossil.com/en-us/products/vale-chronograph-rose-gold-tone-stainless-steel-watch/BQ3659.html ||| https://fossil.scene7.com/is/image/FossilPartners/BQ3659_main?$sfcc_fos_large$ ||| /Users/lcchai/Work/assets/official/fossil/BQ3659_main
https://www.fossil.com/en-us/products/vale-chronograph-stainless-steel-watch/BQ3657.html ||| https://fossil.scene7.com/is/image/FossilPartners/BQ3657_main?$sfcc_fos_large$ ||| /Users/lcchai/Work/assets/official/fossil/BQ3657_main
https://www.fossil.com/en-us/products/virginia-rose-tone-and-horn-acetate-stainless-steel-watch/ES3716.html ||| https://fossil.scene7.com/is/image/FossilPartners/ES3716_main?$sfcc_fos_large$ ||| /Users/lcchai/Work/assets/official/fossil/ES3716_main
https://www.fossil.com/en-us/products/virginia-rose-tone-stainless-steel-watch/ES3284.html ||| https://fossil.scene7.com/is/image/FossilPartners/ES3284_main?$sfcc_fos_large$ ||| /Users/lcchai/Work/assets/official/fossil/ES3284_main
https://www.fossil.com/en-us/products/virginia-two-tone-stainless-steel-watch/ES3405.html ||| https://fossil.scene7.com/is/image/FossilPartners/ES3405_main?$sfcc_fos_large$ ||| /Users/lcchai/Work/assets/official/fossil/ES3405_main
https://www.fossil.com/en-us/products/windfield-multifunction-black-leather-watch/BQ2592.html ||| https://fossil.scene7.com/is/image/FossilPartners/BQ2592_main?$sfcc_fos_large$ ||| /Users/lcchai/Work/assets/official/fossil/BQ2592_main
https://www.fossil.com/en-us/products/windfield-multifunction-stainless-steel-watch/BQ2589.html ||| https://fossil.scene7.com/is/image/FossilPartners/BQ2589_main?$sfcc_fos_large$ ||| /Users/lcchai/Work/assets/official/fossil/BQ2589_main
https://www.fossil.com/en-us/products/windfield-multifunction-two-tone-stainless-steel-watch/BQ2591.html ||| https://fossil.scene7.com/is/image/FossilPartners/BQ2591_main?$sfcc_fos_large$ ||| /Users/lcchai/Work/assets/official/fossil/BQ2591_main
https://www.fossil.com/en-us/products/wylie-multifunction-black-leather-watch/BQ2483.html ||| https://fossil.scene7.com/is/image/FossilPartners/BQ2483_main?$sfcc_fos_large$ ||| /Users/lcchai/Work/assets/official/fossil/BQ2483_main
https://www.fossil.com/en-us/products/wylie-multifunction-blue-leather-watch/BQ2514.html ||| https://fossil.scene7.com/is/image/FossilPartners/BQ2514_main?$sfcc_fos_large$ ||| /Users/lcchai/Work/assets/official/fossil/BQ2514_main
https://www.fossil.com/en-us/products/wylie-multifunction-brown-leather-watch/BQ2510.html ||| https://fossil.scene7.com/is/image/FossilPartners/BQ2510_main?$sfcc_fos_large$ ||| /Users/lcchai/Work/assets/official/fossil/BQ2510_main
https://www.fossil.com/en-us/products/wylie-multifunction-camo-stainless-steel-watch/BQ2486.html ||| https://fossil.scene7.com/is/image/FossilPartners/BQ2486_main?$sfcc_fos_large$ ||| /Users/lcchai/Work/assets/official/fossil/BQ2486_main
https://www.fossil.com/en-us/products/wylie-multifunction-green-leather-watch/BQ2515.html ||| https://fossil.scene7.com/is/image/FossilPartners/BQ2515_main?$sfcc_fos_large$ ||| /Users/lcchai/Work/assets/official/fossil/BQ2515_main
https://www.fossil.com/en-us/products/wylie-multifunction-luggage-leather-watch/BQ2482.html ||| https://fossil.scene7.com/is/image/FossilPartners/BQ2482_main?$sfcc_fos_large$ ||| /Users/lcchai/Work/assets/official/fossil/BQ2482_main
https://www.fossil.com/en-us/products/wylie-multifunction-navy-nylon-watch/BQ2518.html ||| https://fossil.scene7.com/is/image/FossilPartners/BQ2518_main?$sfcc_fos_large$ ||| /Users/lcchai/Work/assets/official/fossil/BQ2518_main
https://www.fossil.com/en-us/products/wylie-multifunction-smoke-stainless-steel-watch/BQ2485.html ||| https://fossil.scene7.com/is/image/FossilPartners/BQ2485_main?$sfcc_fos_large$ ||| /Users/lcchai/Work/assets/official/fossil/BQ2485_main
https://www.fossil.com/en-us/products/wylie-multifunction-stainless-steel-watch/BQ2484.html ||| https://fossil.scene7.com/is/image/FossilPartners/BQ2484_main?$sfcc_fos_large$ ||| /Users/lcchai/Work/assets/official/fossil/BQ2484_main
https://www.fossil.com/en-us/products/wylie-multifunction-stainless-steel-watch/BQ2516.html ||| https://fossil.scene7.com/is/image/FossilPartners/BQ2516_main?$sfcc_fos_large$ ||| /Users/lcchai/Work/assets/official/fossil/BQ2516_main
https://www.fossil.com/en-us/products/wylie-multifunction-white-nylon-watch/BQ2519.html ||| https://fossil.scene7.com/is/image/FossilPartners/BQ2519_main?$sfcc_fos_large$ ||| /Users/lcchai/Work/assets/official/fossil/BQ2519_main
https://www.fossil.com/en-us/products/wylie-three-hand-date-stainless-steel-watch/BQ2513.html ||| https://fossil.scene7.com/is/image/FossilPartners/BQ2513_main?$sfcc_fos_large$ ||| /Users/lcchai/Work/assets/official/fossil/BQ2513_main
https://www.fossil.com/en-us/products/wylie-three-hand-gray-leather-watch/BQ2488.html ||| https://fossil.scene7.com/is/image/FossilPartners/BQ2488_main?$sfcc_fos_large$ ||| /Users/lcchai/Work/assets/official/fossil/BQ2488_main
https://www.fossil.com/en-us/products/wylie-three-hand-luggage-leather-watch/BQ2487.html ||| https://fossil.scene7.com/is/image/FossilPartners/BQ2487_main?$sfcc_fos_large$ ||| /Users/lcchai/Work/assets/official/fossil/BQ2487_main
https://www.fossil.com/en-us/products/yorke-multifunction-brown-leather-watch/BQ2543.html ||| https://fossil.scene7.com/is/image/FossilPartners/BQ2543_main?$sfcc_fos_large$ ||| /Users/lcchai/Work/assets/official/fossil/BQ2543_main
https://www.fossil.com/en-us/products/yorke-multifunction-gold-tone-stainless-steel-watch/BQ2542.html ||| https://fossil.scene7.com/is/image/FossilPartners/BQ2542_main?$sfcc_fos_large$ ||| /Users/lcchai/Work/assets/official/fossil/BQ2542_main
https://www.fossil.com/en-us/products/yorke-multifunction-stainless-steel-watch/BQ2541.html ||| https://fossil.scene7.com/is/image/FossilPartners/BQ2541_main?$sfcc_fos_large$ ||| /Users/lcchai/Work/assets/official/fossil/BQ2541_main
https://www.fossil.com/en-us/products/yorke-multifunction-two-tone-stainless-steel-watch/BQ2540.html ||| https://fossil.scene7.com/is/image/FossilPartners/BQ2540_main?$sfcc_fos_large$ ||| /Users/lcchai/Work/assets/official/fossil/BQ2540_main
