https://frederiqueconstant.com/products/art-deco-oval-fc-200mpw2v6b ||| http://cdn.shopify.com/s/files/1/0264/6605/8287/products/FC-200MPW2V6B_1200x.png ||| /Users/lcchai/Work/assets/official/frederique/FC-200MPW2V6B_1200x.png
https://frederiqueconstant.com/products/classics-index-automatic-1 ||| http://cdn.shopify.com/s/files/1/0264/6605/8287/products/Front_FC-303NB5B6_Web_1200x.png ||| /Users/lcchai/Work/assets/official/frederique/Front_FC-303NB5B6_Web_1200x.png
https://frederiqueconstant.com/products/classics-index-automatic-2 ||| http://cdn.shopify.com/s/files/1/0264/6605/8287/products/Front_FC-303NN5B6B_Web_1200x.png ||| /Users/lcchai/Work/assets/official/frederique/Front_FC-303NN5B6B_Web_1200x.png
https://frederiqueconstant.com/products/classics-quartz ||| http://cdn.shopify.com/s/files/1/0264/6605/8287/products/Front_FC-220SS5B6_Web_1200x.png ||| /Users/lcchai/Work/assets/official/frederique/Front_FC-220SS5B6_Web_1200x.png
https://frederiqueconstant.com/products/classics-quartz-1 ||| http://cdn.shopify.com/s/files/1/0264/6605/8287/products/Front_FC-220NS5B6B_Web_1200x.png ||| /Users/lcchai/Work/assets/official/frederique/Front_FC-220NS5B6B_Web_1200x.png
https://frederiqueconstant.com/products/classics-quartz-chronograph-ladies ||| http://cdn.shopify.com/s/files/1/0264/6605/8287/products/Front_FC-291MPWD2R2B_Web_1200x.jpg ||| /Users/lcchai/Work/assets/official/frederique/Front_FC-291MPWD2R2B_Web_1200x.jpg
https://frederiqueconstant.com/products/classics-quartz-chronograph-ladies-1 ||| http://cdn.shopify.com/s/files/1/0264/6605/8287/products/Front_FC-291MPWD2R6_Web_1200x.png ||| /Users/lcchai/Work/assets/official/frederique/Front_FC-291MPWD2R6_Web_1200x.png
https://frederiqueconstant.com/products/classics-quartz-chronograph-ladies-2 ||| http://cdn.shopify.com/s/files/1/0264/6605/8287/products/Front_FC-291MPND2R6_Web_1200x.jpg ||| /Users/lcchai/Work/assets/official/frederique/Front_FC-291MPND2R6_Web_1200x.jpg
https://frederiqueconstant.com/products/classics-quartz-gmt ||| http://cdn.shopify.com/s/files/1/0264/6605/8287/products/Front_FC-252DGS5B6B_Web_1200x.png ||| /Users/lcchai/Work/assets/official/frederique/Front_FC-252DGS5B6B_Web_1200x.png
https://frederiqueconstant.com/products/classics-quartz-gmt-1 ||| http://cdn.shopify.com/s/files/1/0264/6605/8287/products/Front_FC-252NS5B6_Web_1200x.png ||| /Users/lcchai/Work/assets/official/frederique/Front_FC-252NS5B6_Web_1200x.png
https://frederiqueconstant.com/products/copy-of-classics-index-automatic ||| http://cdn.shopify.com/s/files/1/0264/6605/8287/products/Front_FC-303NN5B6_Web_1200x.png ||| /Users/lcchai/Work/assets/official/frederique/Front_FC-303NN5B6_Web_1200x.png
https://frederiqueconstant.com/products/copy-of-classics-index-automatic-1 ||| http://cdn.shopify.com/s/files/1/0264/6605/8287/products/Front_FC-303NV5B4_Web_1200x.png ||| /Users/lcchai/Work/assets/official/frederique/Front_FC-303NV5B4_Web_1200x.png
https://frederiqueconstant.com/products/copy-of-classics-index-automatic-2 ||| http://cdn.shopify.com/s/files/1/0264/6605/8287/products/FC-303NS5B6_Front_Web_1200x.png ||| /Users/lcchai/Work/assets/official/frederique/FC-303NS5B6_Front_Web_1200x.png
https://frederiqueconstant.com/products/copy-of-classics-quartz ||| http://cdn.shopify.com/s/files/1/0264/6605/8287/products/Front_FC-220DGS5B6_Web_1200x.png ||| /Users/lcchai/Work/assets/official/frederique/Front_FC-220DGS5B6_Web_1200x.png
https://frederiqueconstant.com/products/copy-of-classics-quartz-gmt ||| http://cdn.shopify.com/s/files/1/0264/6605/8287/products/Front_FC-252SS5B6_Web_1200x.png ||| /Users/lcchai/Work/assets/official/frederique/Front_FC-252SS5B6_Web_1200x.png
https://frederiqueconstant.com/products/fcs-b14x12-ss ||| http://cdn.shopify.com/s/files/1/0264/6605/8287/products/FCS-B14X12SS_1200x.png ||| /Users/lcchai/Work/assets/official/frederique/FCS-B14X12SS_1200x.png
https://frederiqueconstant.com/products/fcs-b20x18-ss ||| http://cdn.shopify.com/s/files/1/0264/6605/8287/products/FCS-B20X18SS_5a1ff7b4-06d0-496e-b572-c4214181b163_1200x.png ||| /Users/lcchai/Work/assets/official/frederique/FCS-B20X18SS_5a1ff7b4-06d0-496e-b572-c4214181b163_1200x.png
https://frederiqueconstant.com/products/fcs-b22x18-rgp ||| http://cdn.shopify.com/s/files/1/0264/6605/8287/products/FCS-B22X18RGP_1200x.png ||| /Users/lcchai/Work/assets/official/frederique/FCS-B22X18RGP_1200x.png
https://frederiqueconstant.com/products/fcs-b22x18-ss ||| http://cdn.shopify.com/s/files/1/0264/6605/8287/products/FCS-B22X18SS_1200x.png ||| /Users/lcchai/Work/assets/official/frederique/FCS-B22X18SS_1200x.png
https://frederiqueconstant.com/products/fcs-black18x16-rgp ||| http://cdn.shopify.com/s/files/1/0264/6605/8287/products/FCS-BLACK18X16RGP_1200x.png ||| /Users/lcchai/Work/assets/official/frederique/FCS-BLACK18X16RGP_1200x.png
https://frederiqueconstant.com/products/fcs-black18x16-ss ||| http://cdn.shopify.com/s/files/1/0264/6605/8287/products/FCS-BLACK18X16SS_1200x.png ||| /Users/lcchai/Work/assets/official/frederique/FCS-BLACK18X16SS_1200x.png
https://frederiqueconstant.com/products/fcs-blue15x12-shiny-rgp ||| http://cdn.shopify.com/s/files/1/0264/6605/8287/products/FCS-BLUE15X12ShinyRGP_1200x.png ||| /Users/lcchai/Work/assets/official/frederique/FCS-BLUE15X12ShinyRGP_1200x.png
https://frederiqueconstant.com/products/fcs-bs20x18-ss ||| http://cdn.shopify.com/s/files/1/0264/6605/8287/products/FCS-BS20X18SS_1200x.png ||| /Users/lcchai/Work/assets/official/frederique/FCS-BS20X18SS_1200x.png
https://frederiqueconstant.com/products/fcs-dblue15x12-shiny-rgp ||| http://cdn.shopify.com/s/files/1/0264/6605/8287/products/FCS-DBLUE15X12ShinyRGP_96060c11-d1b9-48f5-aa96-c91054c21f69_1200x.png ||| /Users/lcchai/Work/assets/official/frederique/FCS-DBLUE15X12ShinyRGP_96060c11-d1b9-48f5-aa96-c91054c21f69_1200x.png
https://frederiqueconstant.com/products/fcs-dblue15x12-shiny-ss ||| http://cdn.shopify.com/s/files/1/0264/6605/8287/products/FCS-DBLUE15X12ShinySS_ad319b20-3f25-4042-a085-56a3b0110f9b_1200x.png ||| /Users/lcchai/Work/assets/official/frederique/FCS-DBLUE15X12ShinySS_ad319b20-3f25-4042-a085-56a3b0110f9b_1200x.png
https://frederiqueconstant.com/products/fcs-dbr14x12-rgp ||| http://cdn.shopify.com/s/files/1/0264/6605/8287/products/FCS-DBR14X12-RGP_b8e0fe2f-94d6-4ceb-a3f7-061a8ca258d1_1200x.png ||| /Users/lcchai/Work/assets/official/frederique/FCS-DBR14X12-RGP_b8e0fe2f-94d6-4ceb-a3f7-061a8ca258d1_1200x.png
https://frederiqueconstant.com/products/fcs-dbr14x12-ygp ||| http://cdn.shopify.com/s/files/1/0264/6605/8287/products/FCS-DBR14X12YGP_Front_1200x.png ||| /Users/lcchai/Work/assets/official/frederique/FCS-DBR14X12YGP_Front_1200x.png
https://frederiqueconstant.com/products/fcs-dbr20x18-rgp ||| http://cdn.shopify.com/s/files/1/0264/6605/8287/products/FCS-DBR20X18RGP_356e78aa-a68b-4e12-91d2-c4d3dd721f82_1200x.png ||| /Users/lcchai/Work/assets/official/frederique/FCS-DBR20X18RGP_356e78aa-a68b-4e12-91d2-c4d3dd721f82_1200x.png
https://frederiqueconstant.com/products/fcs-dbr20x18-ygp ||| http://cdn.shopify.com/s/files/1/0264/6605/8287/products/FCS-DBR20X18YGP_1200x.png ||| /Users/lcchai/Work/assets/official/frederique/FCS-DBR20X18YGP_1200x.png
https://frederiqueconstant.com/products/fcs-dbr21x18-rgp ||| http://cdn.shopify.com/s/files/1/0264/6605/8287/products/FCS-DBR21X18RGP_1200x.png ||| /Users/lcchai/Work/assets/official/frederique/FCS-DBR21X18RGP_1200x.png
https://frederiqueconstant.com/products/fcs-dbr22x18-rgp ||| http://cdn.shopify.com/s/files/1/0264/6605/8287/products/FCS-DBR22X18RGP_afbb7f9f-bbca-468a-b7f6-a021cf0ce09a_1200x.png ||| /Users/lcchai/Work/assets/official/frederique/FCS-DBR22X18RGP_afbb7f9f-bbca-468a-b7f6-a021cf0ce09a_1200x.png
https://frederiqueconstant.com/products/fcs-dbrs20x18-rgp ||| http://cdn.shopify.com/s/files/1/0264/6605/8287/products/FCS-DBRS20X18-RGP_1200x.png ||| /Users/lcchai/Work/assets/official/frederique/FCS-DBRS20X18-RGP_1200x.png
https://frederiqueconstant.com/products/fcs-dbrs20x18-ygp ||| http://cdn.shopify.com/s/files/1/0264/6605/8287/products/FCS-DBRS20X18YGP_9e7de663-aa84-4b45-96bf-f8f7b215f094_1200x.png ||| /Users/lcchai/Work/assets/official/frederique/FCS-DBRS20X18YGP_9e7de663-aa84-4b45-96bf-f8f7b215f094_1200x.png
https://frederiqueconstant.com/products/fcs-nw21x18-clip-ss ||| http://cdn.shopify.com/s/files/1/0264/6605/8287/products/FCS-NW21X18CLIPSS_1200x.png ||| /Users/lcchai/Work/assets/official/frederique/FCS-NW21X18CLIPSS_1200x.png
https://frederiqueconstant.com/products/slimline-monolithic-manufacture ||| http://cdn.shopify.com/s/files/1/0264/6605/8287/products/front_FC-810MC3S9_Web_1200x.jpg ||| /Users/lcchai/Work/assets/official/frederique/front_FC-810MC3S9_Web_1200x.jpg
https://frederiqueconstant.com/products/slimline-monolithic-manufacture-1 ||| http://cdn.shopify.com/s/files/1/0264/6605/8287/products/front_FC-810MC3S6_Web_1200x.png ||| /Users/lcchai/Work/assets/official/frederique/front_FC-810MC3S6_Web_1200x.png
https://frederiqueconstant.com/products/slimline-monolithic-manufacture-2 ||| http://cdn.shopify.com/s/files/1/0264/6605/8287/products/front_FC-810MCN3S6_Web_1200x.jpg ||| /Users/lcchai/Work/assets/official/frederique/front_FC-810MCN3S6_Web_1200x.jpg
