https://buy.garmin.com/en-US/US/p/137024 ||| https://static.garmincdn.com/en/products/010-01174-00/v/cf-lg.jpg ||| /Users/lcchai/Work/assets/official/garmin/010-01174-00.jpg
https://buy.garmin.com/en-US/US/p/144530 ||| https://static.garmincdn.com/en/products/010-01231-00/g/cf-lg.jpg ||| /Users/lcchai/Work/assets/official/garmin/010-01231-00.jpg
https://buy.garmin.com/en-US/US/p/150767 ||| https://static.garmincdn.com/en/products/010-01297-00/v/cf-lg.jpg ||| /Users/lcchai/Work/assets/official/garmin/010-01297-00.jpg
https://buy.garmin.com/en-US/US/p/160512 ||| https://static.garmincdn.com/en/products/010-01338-00/v/cf-lg.jpg ||| /Users/lcchai/Work/assets/official/garmin/010-01338-00.jpg
https://buy.garmin.com/en-US/US/p/164366 ||| https://static.garmincdn.com/en/products/010-01353-00/v/cf-lg.jpg ||| /Users/lcchai/Work/assets/official/garmin/010-01353-00.jpg
https://buy.garmin.com/en-US/US/p/505083 ||| https://static.garmincdn.com/en/products/010-01409-00/g/cf-lg.jpg ||| /Users/lcchai/Work/assets/official/garmin/010-01409-00.jpg
https://buy.garmin.com/en-US/US/p/516105 ||| https://static.garmincdn.com/en/products/010-03717-00/v/cf-lg.jpg ||| /Users/lcchai/Work/assets/official/garmin/010-03717-00.jpg
https://buy.garmin.com/en-US/US/p/516207 ||| https://static.garmincdn.com/en/products/010-03723-01/v/cf-lg.jpg ||| /Users/lcchai/Work/assets/official/garmin/010-03723-01.jpg
https://buy.garmin.com/en-US/US/p/516207/pn/010-03723-00 ||| https://static.garmincdn.com/en/products/010-03723-00/v/cf-lg.jpg ||| /Users/lcchai/Work/assets/official/garmin/010-03723-00.jpg
https://buy.garmin.com/en-US/US/p/516207/pn/010-03723-01 ||| https://static.garmincdn.com/en/products/010-03723-01/v/cf-lg.jpg ||| /Users/lcchai/Work/assets/official/garmin/010-03723-01.jpg
https://buy.garmin.com/en-US/US/p/516207/pn/010-03723-02 ||| https://static.garmincdn.com/en/products/010-03723-02/v/cf-lg.jpg ||| /Users/lcchai/Work/assets/official/garmin/010-03723-02.jpg
https://buy.garmin.com/en-US/US/p/516207/pn/010-03723-03 ||| https://static.garmincdn.com/en/products/010-03723-03/v/cf-lg.jpg ||| /Users/lcchai/Work/assets/official/garmin/010-03723-03.jpg
https://buy.garmin.com/en-US/US/p/516264 ||| https://static.garmincdn.com/en/products/010-01338-20/v/cf-lg.jpg ||| /Users/lcchai/Work/assets/official/garmin/010-01338-20.jpg
https://buy.garmin.com/en-US/US/p/519298 ||| https://static.garmincdn.com/en/products/010-01513-03/v/cf-lg.jpg ||| /Users/lcchai/Work/assets/official/garmin/010-01513-03.jpg
https://buy.garmin.com/en-US/US/p/519298/pn/010-01513-00 ||| https://static.garmincdn.com/en/products/010-01513-00/v/cf-lg.jpg ||| /Users/lcchai/Work/assets/official/garmin/010-01513-00.jpg
https://buy.garmin.com/en-US/US/p/519298/pn/010-01513-01 ||| https://static.garmincdn.com/en/products/010-01513-01/v/cf-lg.jpg ||| /Users/lcchai/Work/assets/official/garmin/010-01513-01.jpg
https://buy.garmin.com/en-US/US/p/519298/pn/010-01513-02 ||| https://static.garmincdn.com/en/products/010-01513-02/v/cf-lg.jpg ||| /Users/lcchai/Work/assets/official/garmin/010-01513-02.jpg
https://buy.garmin.com/en-US/US/p/519298/pn/010-01513-03 ||| https://static.garmincdn.com/en/products/010-01513-03/v/cf-lg.jpg ||| /Users/lcchai/Work/assets/official/garmin/010-01513-03.jpg
https://buy.garmin.com/en-US/US/p/519298/pn/010-01513-04 ||| https://static.garmincdn.com/en/products/010-01513-04/v/cf-lg.jpg ||| /Users/lcchai/Work/assets/official/garmin/010-01513-04.jpg
https://buy.garmin.com/en-US/US/p/523893 ||| https://static.garmincdn.com/en/products/010-03717-40/v/cf-lg.jpg ||| /Users/lcchai/Work/assets/official/garmin/010-03717-40.jpg
https://buy.garmin.com/en-US/US/p/529988 ||| https://static.garmincdn.com/en/products/010-03717-54/v/cf-lg.jpg ||| /Users/lcchai/Work/assets/official/garmin/010-03717-54.jpg
https://buy.garmin.com/en-US/US/p/531166 ||| https://static.garmincdn.com/en/products/010-01955-06/v/cf-lg.jpg ||| /Users/lcchai/Work/assets/official/garmin/010-01955-06.jpg
https://buy.garmin.com/en-US/US/p/531166/pn/010-01955-06 ||| https://static.garmincdn.com/en/products/010-01955-06/v/cf-lg.jpg ||| /Users/lcchai/Work/assets/official/garmin/010-01955-06.jpg
https://buy.garmin.com/en-US/US/p/531166/pn/010-01955-07 ||| https://static.garmincdn.com/en/products/010-01955-07/v/cf-lg.jpg ||| /Users/lcchai/Work/assets/official/garmin/010-01955-07.jpg
https://buy.garmin.com/en-US/US/p/531166/pn/010-01955-08 ||| https://static.garmincdn.com/en/products/010-01955-08/v/cf-lg.jpg ||| /Users/lcchai/Work/assets/official/garmin/010-01955-08.jpg
https://buy.garmin.com/en-US/US/p/531166/pn/010-01955-09 ||| https://static.garmincdn.com/en/products/010-01955-09/v/cf-lg.jpg ||| /Users/lcchai/Work/assets/official/garmin/010-01955-09.jpg
https://buy.garmin.com/en-US/US/p/532035 ||| https://static.garmincdn.com/en/products/010-01957-00/v/cf-lg.jpg ||| /Users/lcchai/Work/assets/official/garmin/010-01957-00.jpg
https://buy.garmin.com/en-US/US/p/532035/pn/010-01957-00 ||| https://static.garmincdn.com/en/products/010-01957-00/v/cf-lg.jpg ||| /Users/lcchai/Work/assets/official/garmin/010-01957-00.jpg
https://buy.garmin.com/en-US/US/p/532035/pn/010-01957-01 ||| https://static.garmincdn.com/en/products/010-01957-01/v/cf-lg.jpg ||| /Users/lcchai/Work/assets/official/garmin/010-01957-01.jpg
https://buy.garmin.com/en-US/US/p/532035/pn/010-01957-02 ||| https://static.garmincdn.com/en/products/010-01957-02/v/cf-lg.jpg ||| /Users/lcchai/Work/assets/official/garmin/010-01957-02.jpg
https://buy.garmin.com/en-US/US/p/538374 ||| https://static.garmincdn.com/en/products/010-01605-03/g/cf-lg.jpg ||| /Users/lcchai/Work/assets/official/garmin/010-01605-03.jpg
https://buy.garmin.com/en-US/US/p/539963 ||| https://static.garmincdn.com/en/products/010-01608-00/v/cf-lg.jpg ||| /Users/lcchai/Work/assets/official/garmin/010-01608-00.jpg
https://buy.garmin.com/en-US/US/p/541225 ||| https://static.garmincdn.com/en/products/010-01614-00/v/cf-lg.jpg ||| /Users/lcchai/Work/assets/official/garmin/010-01614-00.jpg
https://buy.garmin.com/en-US/US/p/544984 ||| https://static.garmincdn.com/en/products/010-01634-00/v/cf-lg.jpg ||| /Users/lcchai/Work/assets/official/garmin/010-01634-00.jpg
https://buy.garmin.com/en-US/US/p/544984/pn/010-01634-00 ||| https://static.garmincdn.com/en/products/010-01634-00/v/cf-lg.jpg ||| /Users/lcchai/Work/assets/official/garmin/010-01634-00.jpg
https://buy.garmin.com/en-US/US/p/544984/pn/010-01634-01 ||| https://static.garmincdn.com/en/products/010-01634-01/v/cf-lg.jpg ||| /Users/lcchai/Work/assets/official/garmin/010-01634-01.jpg
https://buy.garmin.com/en-US/US/p/544984/pn/010-01634-02 ||| https://static.garmincdn.com/en/products/010-01634-02/v/cf-lg.jpg ||| /Users/lcchai/Work/assets/official/garmin/010-01634-02.jpg
https://buy.garmin.com/en-US/US/p/545411 ||| https://static.garmincdn.com/en/products/010-01338-1A/g/cf-lg.jpg ||| /Users/lcchai/Work/assets/official/garmin/010-01338-1A.jpg
https://buy.garmin.com/en-US/US/p/545480 ||| https://static.garmincdn.com/en/products/010-01338-70/g/cf-lg.jpg ||| /Users/lcchai/Work/assets/official/garmin/010-01338-70.jpg
https://buy.garmin.com/en-US/US/p/552237 ||| https://static.garmincdn.com/en/products/010-01685-00/v/cf-lg.jpg ||| /Users/lcchai/Work/assets/official/garmin/010-01685-00.jpg
https://buy.garmin.com/en-US/US/p/552237/pn/010-01685-00 ||| https://static.garmincdn.com/en/products/010-01685-00/v/cf-lg.jpg ||| /Users/lcchai/Work/assets/official/garmin/010-01685-00.jpg
https://buy.garmin.com/en-US/US/p/552237/pn/010-01685-01 ||| https://static.garmincdn.com/en/products/010-01685-01/v/cf-lg.jpg ||| /Users/lcchai/Work/assets/official/garmin/010-01685-01.jpg
https://buy.garmin.com/en-US/US/p/552237/pn/010-01685-02 ||| https://static.garmincdn.com/en/products/010-01685-02/v/cf-lg.jpg ||| /Users/lcchai/Work/assets/official/garmin/010-01685-02.jpg
https://buy.garmin.com/en-US/US/p/552237/pn/010-01685-10 ||| https://static.garmincdn.com/en/products/010-01685-10/v/cf-lg.jpg ||| /Users/lcchai/Work/assets/official/garmin/010-01685-10.jpg
https://buy.garmin.com/en-US/US/p/552237/pn/010-01685-12 ||| https://static.garmincdn.com/en/products/010-01685-12/v/cf-lg.jpg ||| /Users/lcchai/Work/assets/official/garmin/010-01685-12.jpg
https://buy.garmin.com/en-US/US/p/552237/pn/010-01685-14 ||| https://static.garmincdn.com/en/products/010-01685-14/v/cf-lg.jpg ||| /Users/lcchai/Work/assets/official/garmin/010-01685-14.jpg
https://buy.garmin.com/en-US/US/p/552237/pn/010-01685-16 ||| https://static.garmincdn.com/en/products/010-01685-16/v/cf-lg.jpg ||| /Users/lcchai/Work/assets/official/garmin/010-01685-16.jpg
https://buy.garmin.com/en-US/US/p/552962 ||| https://static.garmincdn.com/en/products/010-01689-00/v/cf-lg.jpg ||| /Users/lcchai/Work/assets/official/garmin/010-01689-00.jpg
https://buy.garmin.com/en-US/US/p/552962/pn/010-01689-00 ||| https://static.garmincdn.com/en/products/010-01689-00/v/cf-lg.jpg ||| /Users/lcchai/Work/assets/official/garmin/010-01689-00.jpg
https://buy.garmin.com/en-US/US/p/552962/pn/010-01689-01 ||| https://static.garmincdn.com/en/products/010-01689-01/v/cf-lg.jpg ||| /Users/lcchai/Work/assets/official/garmin/010-01689-01.jpg
https://buy.garmin.com/en-US/US/p/552962/pn/010-01689-02 ||| https://static.garmincdn.com/en/products/010-01689-02/v/cf-lg.jpg ||| /Users/lcchai/Work/assets/official/garmin/010-01689-02.jpg
https://buy.garmin.com/en-US/US/p/552962/pn/010-01689-03 ||| https://static.garmincdn.com/en/products/010-01689-03/v/cf-lg.jpg ||| /Users/lcchai/Work/assets/official/garmin/010-01689-03.jpg
https://buy.garmin.com/en-US/US/p/552982 ||| https://static.garmincdn.com/en/products/010-01688-00/v/cf-lg.jpg ||| /Users/lcchai/Work/assets/official/garmin/010-01688-00.jpg
https://buy.garmin.com/en-US/US/p/552982/pn/010-01688-00 ||| https://static.garmincdn.com/en/products/010-01688-00/v/cf-lg.jpg ||| /Users/lcchai/Work/assets/official/garmin/010-01688-00.jpg
https://buy.garmin.com/en-US/US/p/552982/pn/010-01688-01 ||| https://static.garmincdn.com/en/products/010-01688-01/v/cf-lg.jpg ||| /Users/lcchai/Work/assets/official/garmin/010-01688-01.jpg
https://buy.garmin.com/en-US/US/p/552982/pn/010-01688-02 ||| https://static.garmincdn.com/en/products/010-01688-02/v/cf-lg.jpg ||| /Users/lcchai/Work/assets/official/garmin/010-01688-02.jpg
https://buy.garmin.com/en-US/US/p/552982/pn/010-01688-10 ||| https://static.garmincdn.com/en/products/010-01688-10/v/cf-lg.jpg ||| /Users/lcchai/Work/assets/official/garmin/010-01688-10.jpg
https://buy.garmin.com/en-US/US/p/552982/pn/010-01688-20 ||| https://static.garmincdn.com/en/products/010-01688-20/v/cf-lg.jpg ||| /Users/lcchai/Work/assets/official/garmin/010-01688-20.jpg
https://buy.garmin.com/en-US/US/p/552982/pn/010-01688-30 ||| https://static.garmincdn.com/en/products/010-01688-30/v/cf-lg.jpg ||| /Users/lcchai/Work/assets/official/garmin/010-01688-30.jpg
https://buy.garmin.com/en-US/US/p/552982/pn/010-01688-31 ||| https://static.garmincdn.com/en/products/010-01688-31/v/cf-lg.jpg ||| /Users/lcchai/Work/assets/official/garmin/010-01688-31.jpg
https://buy.garmin.com/en-US/US/p/554662 ||| https://static.garmincdn.com/en/products/010-01702-00/v/cf-lg.jpg ||| /Users/lcchai/Work/assets/official/garmin/010-01702-00.jpg
https://buy.garmin.com/en-US/US/p/554662/pn/010-01702-00 ||| https://static.garmincdn.com/en/products/010-01702-00/v/cf-lg.jpg ||| /Users/lcchai/Work/assets/official/garmin/010-01702-00.jpg
https://buy.garmin.com/en-US/US/p/554662/pn/010-01702-01 ||| https://static.garmincdn.com/en/products/010-01702-01/v/cf-lg.jpg ||| /Users/lcchai/Work/assets/official/garmin/010-01702-01.jpg
https://buy.garmin.com/en-US/US/p/560327 ||| https://static.garmincdn.com/en/products/010-01733-00/v/cf-lg.jpg ||| /Users/lcchai/Work/assets/official/garmin/010-01733-00.jpg
https://buy.garmin.com/en-US/US/p/560327/pn/010-01733-00 ||| https://static.garmincdn.com/en/products/010-01733-00/v/cf-lg.jpg ||| /Users/lcchai/Work/assets/official/garmin/010-01733-00.jpg
https://buy.garmin.com/en-US/US/p/560327/pn/010-01733-04 ||| https://static.garmincdn.com/en/products/010-01733-04/v/cf-lg.jpg ||| /Users/lcchai/Work/assets/official/garmin/010-01733-04.jpg
https://buy.garmin.com/en-US/US/p/564291 ||| https://static.garmincdn.com/en/products/010-01746-02/v/cf-lg.jpg ||| /Users/lcchai/Work/assets/official/garmin/010-01746-02.jpg
https://buy.garmin.com/en-US/US/p/567813 ||| https://static.garmincdn.com/en/products/010-01755-10/v/cf-lg.jpg ||| /Users/lcchai/Work/assets/official/garmin/010-01755-10.jpg
https://buy.garmin.com/en-US/US/p/567813/pn/010-01755-10 ||| https://static.garmincdn.com/en/products/010-01755-10/v/cf-lg.jpg ||| /Users/lcchai/Work/assets/official/garmin/010-01755-10.jpg
https://buy.garmin.com/en-US/US/p/567813/pn/010-01755-11 ||| https://static.garmincdn.com/en/products/010-01755-11/v/cf-lg.jpg ||| /Users/lcchai/Work/assets/official/garmin/010-01755-11.jpg
https://buy.garmin.com/en-US/US/p/567813/pn/010-01755-13 ||| https://static.garmincdn.com/en/products/010-01755-13/v/cf-lg.jpg ||| /Users/lcchai/Work/assets/official/garmin/010-01755-13.jpg
https://buy.garmin.com/en-US/US/p/568181 ||| https://static.garmincdn.com/en/products/010-01760-00/v/cf-lg.jpg ||| /Users/lcchai/Work/assets/official/garmin/010-01760-00.jpg
https://buy.garmin.com/en-US/US/p/568181/pn/010-01760-00 ||| https://static.garmincdn.com/en/products/010-01760-00/v/cf-lg.jpg ||| /Users/lcchai/Work/assets/official/garmin/010-01760-00.jpg
https://buy.garmin.com/en-US/US/p/568181/pn/010-01760-01 ||| https://static.garmincdn.com/en/products/010-01760-01/v/cf-lg.jpg ||| /Users/lcchai/Work/assets/official/garmin/010-01760-01.jpg
https://buy.garmin.com/en-US/US/p/568181/pn/010-01760-02 ||| https://static.garmincdn.com/en/products/010-01760-02/v/cf-lg-cd4765d9-42cc-4456-9525-ba2317c5dc0b.jpg ||| /Users/lcchai/Work/assets/official/garmin/010-01760-02.jpg
https://buy.garmin.com/en-US/US/p/571520 ||| https://static.garmincdn.com/en/products/010-01769-01/v/cf-lg-f1ecd357-fab5-4120-87f1-52b7a5d7d1fc.jpg ||| /Users/lcchai/Work/assets/official/garmin/010-01769-01.jpg
https://buy.garmin.com/en-US/US/p/571520/pn/010-01769-01 ||| https://static.garmincdn.com/en/products/010-01769-01/v/cf-lg-f1ecd357-fab5-4120-87f1-52b7a5d7d1fc.jpg ||| /Users/lcchai/Work/assets/official/garmin/010-01769-01.jpg
https://buy.garmin.com/en-US/US/p/571520/pn/010-01769-09 ||| https://static.garmincdn.com/en/products/010-01769-09/v/cf-lg-e226aeed-bf8f-477b-b80b-c92508c79215.jpg ||| /Users/lcchai/Work/assets/official/garmin/010-01769-09.jpg
https://buy.garmin.com/en-US/US/p/571520/pn/010-01769-11 ||| https://static.garmincdn.com/en/products/010-01769-11/v/cf-lg-b342fafb-4658-465a-8ccc-eb52a7113c99.jpg ||| /Users/lcchai/Work/assets/official/garmin/010-01769-11.jpg
https://buy.garmin.com/en-US/US/p/571520/pn/010-01769-21 ||| https://static.garmincdn.com/en/products/010-01769-21/v/cf-lg-a68a8f09-2b60-461c-8dce-dd8a0b613b2a.jpg ||| /Users/lcchai/Work/assets/official/garmin/010-01769-21.jpg
https://buy.garmin.com/en-US/US/p/572178 ||| https://static.garmincdn.com/en/products/010-01771-00/g/cf-lg-0d6af805-ad3b-4e98-babe-22979fac1acf.jpg ||| /Users/lcchai/Work/assets/official/garmin/010-01771-00.jpg
https://buy.garmin.com/en-US/US/p/574602 ||| https://static.garmincdn.com/en/products/010-01789-10/v/cf-lg.jpg ||| /Users/lcchai/Work/assets/official/garmin/010-01789-10.jpg
https://buy.garmin.com/en-US/US/p/574602/pn/010-01789-10 ||| https://static.garmincdn.com/en/products/010-01789-10/v/cf-lg.jpg ||| /Users/lcchai/Work/assets/official/garmin/010-01789-10.jpg
https://buy.garmin.com/en-US/US/p/574602/pn/010-01789-11 ||| https://static.garmincdn.com/en/products/010-01789-11/v/cf-lg.jpg ||| /Users/lcchai/Work/assets/official/garmin/010-01789-11.jpg
https://buy.garmin.com/en-US/US/p/574602/pn/010-01789-12 ||| https://static.garmincdn.com/en/products/010-01789-12/v/cf-lg.jpg ||| /Users/lcchai/Work/assets/official/garmin/010-01789-12.jpg
https://buy.garmin.com/en-US/US/p/574602/pn/010-01789-13 ||| https://static.garmincdn.com/en/products/010-01789-13/v/cf-lg.jpg ||| /Users/lcchai/Work/assets/official/garmin/010-01789-13.jpg
https://buy.garmin.com/en-US/US/p/580642 ||| https://static.garmincdn.com/en/products/010-01688-40/g/cf-lg.jpg ||| /Users/lcchai/Work/assets/official/garmin/010-01688-40.jpg
https://buy.garmin.com/en-US/US/p/580642/pn/010-01688-40 ||| https://static.garmincdn.com/en/products/010-01688-40/g/cf-lg.jpg ||| /Users/lcchai/Work/assets/official/garmin/010-01688-40.jpg
https://buy.garmin.com/en-US/US/p/582444 ||| https://static.garmincdn.com/en/products/010-01847-01/v/cf-lg-1bd621dd-6ff0-4992-9184-cc09f55feb47.jpg ||| /Users/lcchai/Work/assets/official/garmin/010-01847-01.jpg
https://buy.garmin.com/en-US/US/p/582444/pn/010-01847-00 ||| https://static.garmincdn.com/en/products/010-01847-00/v/cf-lg-ae239cf4-b88a-426d-96bd-cd08153d9066.jpg ||| /Users/lcchai/Work/assets/official/garmin/010-01847-00.jpg
https://buy.garmin.com/en-US/US/p/582444/pn/010-01847-01 ||| https://static.garmincdn.com/en/products/010-01847-01/v/cf-lg-1bd621dd-6ff0-4992-9184-cc09f55feb47.jpg ||| /Users/lcchai/Work/assets/official/garmin/010-01847-01.jpg
https://buy.garmin.com/en-US/US/p/582444/pn/010-01847-02 ||| https://static.garmincdn.com/en/products/010-01847-02/v/cf-lg-dd86c703-3d94-46bd-98d8-93e505069ba2.jpg ||| /Users/lcchai/Work/assets/official/garmin/010-01847-02.jpg
https://buy.garmin.com/en-US/US/p/582444/pn/010-01847-03 ||| https://static.garmincdn.com/en/products/010-01847-03/v/cf-lg-aa7c74ec-4547-4121-8db3-2368aeb5371d.jpg ||| /Users/lcchai/Work/assets/official/garmin/010-01847-03.jpg
https://buy.garmin.com/en-US/US/p/583562 ||| https://static.garmincdn.com/en/products/010-01850-AC/v/cf-lg-f28d559e-32d8-4179-ae47-c0eca4ac8e4c.jpg ||| /Users/lcchai/Work/assets/official/garmin/010-01850-AC.jpg
https://buy.garmin.com/en-US/US/p/583562/pn/010-01850-10 ||| https://static.garmincdn.com/en/products/010-01850-10/v/cf-lg-b2b30caa-3814-45fe-9a42-15bcc238edb9.jpg ||| /Users/lcchai/Work/assets/official/garmin/010-01850-10.jpg
https://buy.garmin.com/en-US/US/p/583562/pn/010-01850-11 ||| https://static.garmincdn.com/en/products/010-01850-11/v/cf-lg-2232d709-f900-4781-994c-52b25bd792c3.jpg ||| /Users/lcchai/Work/assets/official/garmin/010-01850-11.jpg
https://buy.garmin.com/en-US/US/p/583562/pn/010-01850-12 ||| https://static.garmincdn.com/en/products/010-01850-12/v/cf-lg-4ecbf222-a5d5-41d0-93b8-b0e6024b6b48.jpg ||| /Users/lcchai/Work/assets/official/garmin/010-01850-12.jpg
https://buy.garmin.com/en-US/US/p/583562/pn/010-01850-13 ||| https://static.garmincdn.com/en/products/010-01850-13/v/cf-lg-dfeba1c6-3452-4436-b300-ec2f4c5516bb.jpg ||| /Users/lcchai/Work/assets/official/garmin/010-01850-13.jpg
https://buy.garmin.com/en-US/US/p/583562/pn/010-01850-14 ||| https://static.garmincdn.com/en/products/010-01850-14/v/cf-lg-89180d3a-4333-422e-83fe-c35a97d496c8.jpg ||| /Users/lcchai/Work/assets/official/garmin/010-01850-14.jpg
https://buy.garmin.com/en-US/US/p/583562/pn/010-01850-15 ||| https://static.garmincdn.com/en/products/010-01850-15/v/cf-lg-34b252ec-d31a-4118-a315-09ad5d0a7379.jpg ||| /Users/lcchai/Work/assets/official/garmin/010-01850-15.jpg
https://buy.garmin.com/en-US/US/p/583562/pn/010-01850-16 ||| https://static.garmincdn.com/en/products/010-01850-16/v/cf-lg-d33547ac-d43b-4bb2-a81f-66fa2d7986b6.jpg ||| /Users/lcchai/Work/assets/official/garmin/010-01850-16.jpg
https://buy.garmin.com/en-US/US/p/583562/pn/010-01850-17 ||| https://static.garmincdn.com/en/products/010-01850-17/v/cf-lg-654123d4-5305-4405-bd91-72bb5723f771.jpg ||| /Users/lcchai/Work/assets/official/garmin/010-01850-17.jpg
https://buy.garmin.com/en-US/US/p/583562/pn/010-01850-18 ||| https://static.garmincdn.com/en/products/010-01850-18/v/cf-lg-a41c955a-ccdc-4678-b95a-4eebd8926861.jpg ||| /Users/lcchai/Work/assets/official/garmin/010-01850-18.jpg
https://buy.garmin.com/en-US/US/p/583562/pn/010-01850-19 ||| https://static.garmincdn.com/en/products/010-01850-19/v/cf-lg-ffe133a1-a8ee-4a9c-b5cd-0cb11e7e68a9.jpg ||| /Users/lcchai/Work/assets/official/garmin/010-01850-19.jpg
https://buy.garmin.com/en-US/US/p/583562/pn/010-01850-AA ||| https://static.garmincdn.com/en/products/010-01850-AA/v/cf-lg-99e44ba9-2987-4841-94d1-d088bf6ef47a.jpg ||| /Users/lcchai/Work/assets/official/garmin/010-01850-AA.jpg
https://buy.garmin.com/en-US/US/p/583562/pn/010-01850-AB ||| https://static.garmincdn.com/en/products/010-01850-AB/v/cf-lg-f69ce6cf-ded1-4976-833b-ba8ebb91b879.jpg ||| /Users/lcchai/Work/assets/official/garmin/010-01850-AB.jpg
https://buy.garmin.com/en-US/US/p/583562/pn/010-01850-AC ||| https://static.garmincdn.com/en/products/010-01850-AC/v/cf-lg-f28d559e-32d8-4179-ae47-c0eca4ac8e4c.jpg ||| /Users/lcchai/Work/assets/official/garmin/010-01850-AC.jpg
https://buy.garmin.com/en-US/US/p/583562/pn/010-01850-AD ||| https://static.garmincdn.com/en/products/010-01850-AD/v/cf-lg-dac63ddd-2d22-4ebd-9d76-c1764f436255.jpg ||| /Users/lcchai/Work/assets/official/garmin/010-01850-AD.jpg
https://buy.garmin.com/en-US/US/p/583980 ||| https://static.garmincdn.com/en/products/010-01851-00/v/cf-lg.jpg ||| /Users/lcchai/Work/assets/official/garmin/010-01851-00.jpg
https://buy.garmin.com/en-US/US/p/583980/pn/010-01851-00 ||| https://static.garmincdn.com/en/products/010-01851-00/v/cf-lg.jpg ||| /Users/lcchai/Work/assets/official/garmin/010-01851-00.jpg
https://buy.garmin.com/en-US/US/p/583980/pn/010-01851-01 ||| https://static.garmincdn.com/en/products/010-01851-01/v/cf-lg.jpg ||| /Users/lcchai/Work/assets/official/garmin/010-01851-01.jpg
https://buy.garmin.com/en-US/US/p/583980/pn/010-01851-03 ||| https://static.garmincdn.com/en/products/010-01851-03/v/cf-lg.jpg ||| /Users/lcchai/Work/assets/official/garmin/010-01851-03.jpg
https://buy.garmin.com/en-US/US/p/591311 ||| https://static.garmincdn.com/en/products/010-01863-00/v/cf-lg-2ee668b0-3d19-4a6f-8ec8-1c1fdc8f5cf4.jpg ||| /Users/lcchai/Work/assets/official/garmin/010-01863-00.jpg
https://buy.garmin.com/en-US/US/p/591311/pn/010-01863-00 ||| https://static.garmincdn.com/en/products/010-01863-00/v/cf-lg-2ee668b0-3d19-4a6f-8ec8-1c1fdc8f5cf4.jpg ||| /Users/lcchai/Work/assets/official/garmin/010-01863-00.jpg
https://buy.garmin.com/en-US/US/p/591311/pn/010-01863-01 ||| https://static.garmincdn.com/en/products/010-01863-01/v/cf-lg-e4f7a158-1f37-46b8-a8dc-685c096b732c.jpg ||| /Users/lcchai/Work/assets/official/garmin/010-01863-01.jpg
https://buy.garmin.com/en-US/US/p/595326 ||| https://static.garmincdn.com/en/products/010-01688-41/g/cf-lg.jpg ||| /Users/lcchai/Work/assets/official/garmin/010-01688-41.jpg
https://buy.garmin.com/en-US/US/p/595326/pn/010-01688-41 ||| https://static.garmincdn.com/en/products/010-01688-41/g/cf-lg.jpg ||| /Users/lcchai/Work/assets/official/garmin/010-01688-41.jpg
https://buy.garmin.com/en-US/US/p/602063 ||| https://static.garmincdn.com/en/products/010-01986-00/g/cf-lg-636bb233-dcd2-48df-9fab-b2ca0d66b881.jpg ||| /Users/lcchai/Work/assets/official/garmin/010-01986-00.jpg
https://buy.garmin.com/en-US/US/p/602068 ||| https://static.garmincdn.com/en/products/010-01985-01/v/cf-lg-b939931b-2c86-4e07-85d7-74ce01d4a0f4.jpg ||| /Users/lcchai/Work/assets/official/garmin/010-01985-01.jpg
https://buy.garmin.com/en-US/US/p/602068/pn/010-01985-01 ||| https://static.garmincdn.com/en/products/010-01985-01/v/cf-lg-b939931b-2c86-4e07-85d7-74ce01d4a0f4.jpg ||| /Users/lcchai/Work/assets/official/garmin/010-01985-01.jpg
https://buy.garmin.com/en-US/US/p/602068/pn/010-01985-31 ||| https://static.garmincdn.com/en/products/010-01985-31/v/cf-lg-dc41bb55-097c-461a-a094-6e56b7225116.jpg ||| /Users/lcchai/Work/assets/official/garmin/010-01985-31.jpg
https://buy.garmin.com/en-US/US/p/603201 ||| https://static.garmincdn.com/en/products/010-01987-06/v/cf-lg-eaecd4ff-6927-4ba5-a4b1-5222b561f4ad.jpg ||| /Users/lcchai/Work/assets/official/garmin/010-01987-06.jpg
https://buy.garmin.com/en-US/US/p/603201/pn/010-01987-00 ||| https://static.garmincdn.com/en/products/010-01987-00/v/cf-lg-941833f4-d452-4117-8614-50e79278261c.jpg ||| /Users/lcchai/Work/assets/official/garmin/010-01987-00.jpg
https://buy.garmin.com/en-US/US/p/603201/pn/010-01987-02 ||| https://static.garmincdn.com/en/products/010-01987-02/v/cf-lg-d53e617c-9ccc-42a7-bc3f-99bc856ec68d.jpg ||| /Users/lcchai/Work/assets/official/garmin/010-01987-02.jpg
https://buy.garmin.com/en-US/US/p/603201/pn/010-01987-06 ||| https://static.garmincdn.com/en/products/010-01987-06/v/cf-lg-eaecd4ff-6927-4ba5-a4b1-5222b561f4ad.jpg ||| /Users/lcchai/Work/assets/official/garmin/010-01987-06.jpg
https://buy.garmin.com/en-US/US/p/603229 ||| https://static.garmincdn.com/en/products/010-01989-00/v/cf-lg-68bb7959-eb15-49a3-89c1-199ba5d1c2ef.jpg ||| /Users/lcchai/Work/assets/official/garmin/010-01989-00.jpg
https://buy.garmin.com/en-US/US/p/603229/pn/010-01989-00 ||| https://static.garmincdn.com/en/products/010-01989-00/v/cf-lg-68bb7959-eb15-49a3-89c1-199ba5d1c2ef.jpg ||| /Users/lcchai/Work/assets/official/garmin/010-01989-00.jpg
https://buy.garmin.com/en-US/US/p/603267 ||| https://static.garmincdn.com/en/products/010-01988-00/v/cf-lg-e37adc65-8f4c-47a1-b178-1a70a53c8416.jpg ||| /Users/lcchai/Work/assets/official/garmin/010-01988-00.jpg
https://buy.garmin.com/en-US/US/p/603267/pn/010-01988-00 ||| https://static.garmincdn.com/en/products/010-01988-00/v/cf-lg-e37adc65-8f4c-47a1-b178-1a70a53c8416.jpg ||| /Users/lcchai/Work/assets/official/garmin/010-01988-00.jpg
https://buy.garmin.com/en-US/US/p/603267/pn/010-01988-20 ||| https://static.garmincdn.com/en/products/010-01988-20/v/cf-lg-1bda30b6-a4ea-4428-aff5-2f521b06f9f7.jpg ||| /Users/lcchai/Work/assets/official/garmin/010-01988-20.jpg
https://buy.garmin.com/en-US/US/p/605739 ||| https://static.garmincdn.com/en/products/010-01995-12/v/cf-lg-3d8813dc-de77-4572-b203-92d960e8efbd.jpg ||| /Users/lcchai/Work/assets/official/garmin/010-01995-12.jpg
https://buy.garmin.com/en-US/US/p/605739/pn/010-01995-10 ||| https://static.garmincdn.com/en/products/010-01995-10/v/cf-lg-f182b3fe-a3b4-48c2-81e9-7ee9d9f5abb8.jpg ||| /Users/lcchai/Work/assets/official/garmin/010-01995-10.jpg
https://buy.garmin.com/en-US/US/p/605739/pn/010-01995-11 ||| https://static.garmincdn.com/en/products/010-01995-11/v/cf-lg-f775aec1-a74b-4b84-9efe-3f136cf77beb.jpg ||| /Users/lcchai/Work/assets/official/garmin/010-01995-11.jpg
https://buy.garmin.com/en-US/US/p/605739/pn/010-01995-12 ||| https://static.garmincdn.com/en/products/010-01995-12/v/cf-lg-3d8813dc-de77-4572-b203-92d960e8efbd.jpg ||| /Users/lcchai/Work/assets/official/garmin/010-01995-12.jpg
https://buy.garmin.com/en-US/US/p/605739/pn/010-01995-13 ||| https://static.garmincdn.com/en/products/010-01995-13/v/cf-lg-a7c10e25-650d-4104-b352-7eaca240c0ae.jpg ||| /Users/lcchai/Work/assets/official/garmin/010-01995-13.jpg
https://buy.garmin.com/en-US/US/p/605739/pn/010-01995-14 ||| https://static.garmincdn.com/en/products/010-01995-14/v/cf-lg-c1759bbd-b581-493b-9d07-ed6ea4f60681.jpg ||| /Users/lcchai/Work/assets/official/garmin/010-01995-14.jpg
https://buy.garmin.com/en-US/US/p/608567 ||| https://static.garmincdn.com/en/products/010-02006-03/g/cf-lg-202f6cb2-08bc-401a-af69-d1f64f1dcab3.jpg ||| /Users/lcchai/Work/assets/official/garmin/010-02006-03.jpg
https://buy.garmin.com/en-US/US/p/608567/pn/010-02006-03 ||| https://static.garmincdn.com/en/products/010-02006-03/g/cf-lg-202f6cb2-08bc-401a-af69-d1f64f1dcab3.jpg ||| /Users/lcchai/Work/assets/official/garmin/010-02006-03.jpg
https://buy.garmin.com/en-US/US/p/608613 ||| https://static.garmincdn.com/en/products/010-02006-11/g/cf-lg-aff04d02-600b-4673-b5ca-f24770ad2be1.jpg ||| /Users/lcchai/Work/assets/official/garmin/010-02006-11.jpg
https://buy.garmin.com/en-US/US/p/608613/pn/010-02006-09 ||| https://static.garmincdn.com/en/products/010-02006-11/g/cf-lg-aff04d02-600b-4673-b5ca-f24770ad2be1.jpg ||| /Users/lcchai/Work/assets/official/garmin/010-02006-11.jpg
https://buy.garmin.com/en-US/US/p/608618 ||| https://static.garmincdn.com/en/products/010-02006-06/g/cf-lg-30b544c6-25b4-4fda-a718-c32d16e10dea.jpg ||| /Users/lcchai/Work/assets/official/garmin/010-02006-06.jpg
https://buy.garmin.com/en-US/US/p/608618/pn/010-02006-06 ||| https://static.garmincdn.com/en/products/010-02006-06/g/cf-lg-30b544c6-25b4-4fda-a718-c32d16e10dea.jpg ||| /Users/lcchai/Work/assets/official/garmin/010-02006-06.jpg
https://buy.garmin.com/en-US/US/p/608665 ||| https://static.garmincdn.com/en/products/010-02006-00/g/cf-lg-7085593e-3acb-485d-8ce4-61297b9c9458.jpg ||| /Users/lcchai/Work/assets/official/garmin/010-02006-00.jpg
https://buy.garmin.com/en-US/US/p/608665/pn/010-02006-00 ||| https://static.garmincdn.com/en/products/010-02006-00/g/cf-lg-7085593e-3acb-485d-8ce4-61297b9c9458.jpg ||| /Users/lcchai/Work/assets/official/garmin/010-02006-00.jpg
https://buy.garmin.com/en-US/US/p/611037 ||| https://static.garmincdn.com/en/products/010-02028-00/v/cf-lg-276fe8f6-bd6f-4684-920d-6f2af568e0b6.jpg ||| /Users/lcchai/Work/assets/official/garmin/010-02028-00.jpg
https://buy.garmin.com/en-US/US/p/611037/pn/010-02028-00 ||| https://static.garmincdn.com/en/products/010-02028-00/v/cf-lg-276fe8f6-bd6f-4684-920d-6f2af568e0b6.jpg ||| /Users/lcchai/Work/assets/official/garmin/010-02028-00.jpg
https://buy.garmin.com/en-US/US/p/611037/pn/010-02028-01 ||| https://static.garmincdn.com/en/products/010-02028-01/v/cf-lg-c4202590-747c-4765-a636-8c76d6b6d457.jpg ||| /Users/lcchai/Work/assets/official/garmin/010-02028-01.jpg
https://buy.garmin.com/en-US/US/p/611037/pn/010-02028-02 ||| https://static.garmincdn.com/en/products/010-02028-02/v/cf-lg-e3b5e8d8-0989-48e7-9a98-7212c374bbc1.jpg ||| /Users/lcchai/Work/assets/official/garmin/010-02028-02.jpg
https://buy.garmin.com/en-US/US/p/612476 ||| https://static.garmincdn.com/en/products/010-01863-20/v/cf-lg-55acdb3b-4616-4672-a1f1-659455ca2496.jpg ||| /Users/lcchai/Work/assets/official/garmin/010-01863-20.jpg
https://buy.garmin.com/en-US/US/p/612476/pn/010-01863-20 ||| https://static.garmincdn.com/en/products/010-01863-20/v/cf-lg-55acdb3b-4616-4672-a1f1-659455ca2496.jpg ||| /Users/lcchai/Work/assets/official/garmin/010-01863-20.jpg
https://buy.garmin.com/en-US/US/p/612476/pn/010-01863-21 ||| https://static.garmincdn.com/en/products/010-01863-21/v/cf-lg-66548745-af65-454f-a076-f635e030e4ef.jpg ||| /Users/lcchai/Work/assets/official/garmin/010-01863-21.jpg
https://buy.garmin.com/en-US/US/p/612476/pn/010-01863-22 ||| https://static.garmincdn.com/en/products/010-01863-22/v/cf-lg-73935be9-256c-4753-9cc4-a1c3a0f68388.jpg ||| /Users/lcchai/Work/assets/official/garmin/010-01863-22.jpg
https://buy.garmin.com/en-US/US/p/612476/pn/010-01863-23 ||| https://static.garmincdn.com/en/products/010-01863-23/v/cf-lg-e5d95e26-8f30-4d92-a67b-0204499c20f3.jpg ||| /Users/lcchai/Work/assets/official/garmin/010-01863-23.jpg
https://buy.garmin.com/en-US/US/p/621802 ||| https://static.garmincdn.com/en/products/010-02064-05/v/cf-lg-5204ff26-88c4-4d2a-89dd-4c62cfd36df7.jpg ||| /Users/lcchai/Work/assets/official/garmin/010-02064-05.jpg
https://buy.garmin.com/en-US/US/p/621802/pn/010-02064-00 ||| https://static.garmincdn.com/en/products/010-02064-00/v/cf-lg-18a7a0af-8bbf-4bba-9468-e4969090e9ca.jpg ||| /Users/lcchai/Work/assets/official/garmin/010-02064-00.jpg
https://buy.garmin.com/en-US/US/p/621802/pn/010-02064-01 ||| https://static.garmincdn.com/en/products/010-02064-01/v/cf-lg-835804d7-2a99-43b6-b37f-112283a95201.jpg ||| /Users/lcchai/Work/assets/official/garmin/010-02064-01.jpg
https://buy.garmin.com/en-US/US/p/621802/pn/010-02064-04 ||| https://static.garmincdn.com/en/products/010-02064-04/v/cf-lg-80e14b45-f55f-4f7e-a469-f25f7c68dd8f.jpg ||| /Users/lcchai/Work/assets/official/garmin/010-02064-04.jpg
https://buy.garmin.com/en-US/US/p/621802/pn/010-02064-05 ||| https://static.garmincdn.com/en/products/010-02064-05/v/cf-lg-5204ff26-88c4-4d2a-89dd-4c62cfd36df7.jpg ||| /Users/lcchai/Work/assets/official/garmin/010-02064-05.jpg
https://buy.garmin.com/en-US/US/p/621922 ||| https://static.garmincdn.com/en/products/010-02063-00/v/cf-lg-a1e3ec70-96ed-47fd-b4a4-0f786196f17c.jpg ||| /Users/lcchai/Work/assets/official/garmin/010-02063-00.jpg
https://buy.garmin.com/en-US/US/p/621922/pn/010-02063-00 ||| https://static.garmincdn.com/en/products/010-02063-00/v/cf-lg-a1e3ec70-96ed-47fd-b4a4-0f786196f17c.jpg ||| /Users/lcchai/Work/assets/official/garmin/010-02063-00.jpg
https://buy.garmin.com/en-US/US/p/621922/pn/010-02063-10 ||| https://static.garmincdn.com/en/products/010-02063-10/v/cf-lg-a416e7ee-3d8d-4102-97f0-15ffd4bcda9b.jpg ||| /Users/lcchai/Work/assets/official/garmin/010-02063-10.jpg
https://buy.garmin.com/en-US/US/p/623921 ||| https://static.garmincdn.com/en/products/010-02084-00/g/cf-lg-b6cc2880-6b9b-4d69-ac31-a7e26a12afd9.jpg ||| /Users/lcchai/Work/assets/official/garmin/010-02084-00.jpg
https://buy.garmin.com/en-US/US/p/628939 ||| https://static.garmincdn.com/en/products/010-02120-00/v/cf-lg-ecb01ad8-e7ce-4b80-97b0-cf8d1f3ece41.jpg ||| /Users/lcchai/Work/assets/official/garmin/010-02120-00.jpg
https://buy.garmin.com/en-US/US/p/628939/pn/010-02120-00 ||| https://static.garmincdn.com/en/products/010-02120-00/v/cf-lg-ecb01ad8-e7ce-4b80-97b0-cf8d1f3ece41.jpg ||| /Users/lcchai/Work/assets/official/garmin/010-02120-00.jpg
https://buy.garmin.com/en-US/US/p/628939/pn/010-02120-01 ||| https://static.garmincdn.com/en/products/010-02120-01/v/cf-lg-8311e12c-e015-4308-adbc-503273cd6e0e.jpg ||| /Users/lcchai/Work/assets/official/garmin/010-02120-01.jpg
https://buy.garmin.com/en-US/US/p/632320 ||| https://static.garmincdn.com/en/products/010-02132-01/v/cf-lg-9fe513c6-ff71-4e1a-a15c-61545696a57b.jpg ||| /Users/lcchai/Work/assets/official/garmin/010-02132-01.jpg
https://buy.garmin.com/en-US/US/p/632320/pn/010-02132-01 ||| https://static.garmincdn.com/en/products/010-02132-01/v/cf-lg-9fe513c6-ff71-4e1a-a15c-61545696a57b.jpg ||| /Users/lcchai/Work/assets/official/garmin/010-02132-01.jpg
https://buy.garmin.com/en-US/US/p/633356 ||| https://static.garmincdn.com/en/products/010-02132-00/v/cf-lg-90f9236a-78f2-4f4f-b461-d7d89eba9b42.jpg ||| /Users/lcchai/Work/assets/official/garmin/010-02132-00.jpg
https://buy.garmin.com/en-US/US/p/633356/pn/010-02132-00 ||| https://static.garmincdn.com/en/products/010-02132-00/v/cf-lg-90f9236a-78f2-4f4f-b461-d7d89eba9b42.jpg ||| /Users/lcchai/Work/assets/official/garmin/010-02132-00.jpg
https://buy.garmin.com/en-US/US/p/633625 ||| https://static.garmincdn.com/en/products/010-02006-15/g/cf-lg-120a8992-5b52-4728-a64e-40998f3548f4.jpg ||| /Users/lcchai/Work/assets/official/garmin/010-02006-15.jpg
https://buy.garmin.com/en-US/US/p/633625/pn/010-02006-15 ||| https://static.garmincdn.com/en/products/010-02006-15/g/cf-lg-120a8992-5b52-4728-a64e-40998f3548f4.jpg ||| /Users/lcchai/Work/assets/official/garmin/010-02006-15.jpg
https://buy.garmin.com/en-US/US/p/633646 ||| https://static.garmincdn.com/en/products/010-01989-30/g/cf-lg-e7230fb9-1d53-45a2-b7c7-f5c31984bfed.jpg ||| /Users/lcchai/Work/assets/official/garmin/010-01989-30.jpg
https://buy.garmin.com/en-US/US/p/633646/pn/010-01989-30 ||| https://static.garmincdn.com/en/products/010-01989-30/g/cf-lg-e7230fb9-1d53-45a2-b7c7-f5c31984bfed.jpg ||| /Users/lcchai/Work/assets/official/garmin/010-01989-30.jpg
https://buy.garmin.com/en-US/US/p/633654 ||| https://static.garmincdn.com/en/products/010-01988-30/g/cf-lg-eaf57934-b25e-494d-9a94-ac7f90fe4b41.jpg ||| /Users/lcchai/Work/assets/official/garmin/010-01988-30.jpg
https://buy.garmin.com/en-US/US/p/633654/pn/010-01988-30 ||| https://static.garmincdn.com/en/products/010-01988-30/g/cf-lg-eaf57934-b25e-494d-9a94-ac7f90fe4b41.jpg ||| /Users/lcchai/Work/assets/official/garmin/010-01988-30.jpg
https://buy.garmin.com/en-US/US/p/633685 ||| https://static.garmincdn.com/en/products/010-01987-30/g/cf-lg-de4d6881-1d09-4ff8-9dcf-e3a90418752a.jpg ||| /Users/lcchai/Work/assets/official/garmin/010-01987-30.jpg
https://buy.garmin.com/en-US/US/p/633685/pn/010-01987-30 ||| https://static.garmincdn.com/en/products/010-01987-30/g/cf-lg-de4d6881-1d09-4ff8-9dcf-e3a90418752a.jpg ||| /Users/lcchai/Work/assets/official/garmin/010-01987-30.jpg
https://buy.garmin.com/en-US/US/p/635923 ||| https://static.garmincdn.com/en/products/010-02140-00/v/cf-lg-9519a3f7-c8e6-41f7-a2fa-c6d26314c314.jpg ||| /Users/lcchai/Work/assets/official/garmin/010-02140-00.jpg
https://buy.garmin.com/en-US/US/p/635923/pn/010-02140-00 ||| https://static.garmincdn.com/en/products/010-02140-00/v/cf-lg-9519a3f7-c8e6-41f7-a2fa-c6d26314c314.jpg ||| /Users/lcchai/Work/assets/official/garmin/010-02140-00.jpg
https://buy.garmin.com/en-US/US/p/635923/pn/010-02140-01 ||| https://static.garmincdn.com/en/products/010-02140-01/v/cf-lg-7a92db02-0786-4da0-9d97-36ab04a8bf02.jpg ||| /Users/lcchai/Work/assets/official/garmin/010-02140-01.jpg
https://buy.garmin.com/en-US/US/p/635923/pn/010-02140-02 ||| https://static.garmincdn.com/en/products/010-02140-02/v/cf-lg-db2d6026-1289-438c-9eb2-32add07f8ec7.jpg ||| /Users/lcchai/Work/assets/official/garmin/010-02140-02.jpg
https://buy.garmin.com/en-US/US/p/637005 ||| https://static.garmincdn.com/en/products/010-01909-33/v/cf-lg-d546f707-6362-419c-97a2-6d6b68da38d8.jpg ||| /Users/lcchai/Work/assets/official/garmin/010-01909-33.jpg
https://buy.garmin.com/en-US/US/p/637005/pn/010-01909-33 ||| https://static.garmincdn.com/en/products/010-01909-33/v/cf-lg-d546f707-6362-419c-97a2-6d6b68da38d8.jpg ||| /Users/lcchai/Work/assets/official/garmin/010-01909-33.jpg
https://buy.garmin.com/en-US/US/p/637005/pn/010-01909-34 ||| https://static.garmincdn.com/en/products/010-01909-34/v/cf-lg-1a828bb1-ceb3-472c-b6de-11df75e2d699.jpg ||| /Users/lcchai/Work/assets/official/garmin/010-01909-34.jpg
https://buy.garmin.com/en-US/US/p/637006 ||| https://static.garmincdn.com/en/products/010-01909-36/v/cf-lg-54c32a3a-b8c9-47bb-807f-29c9fa0ecfdd.jpg ||| /Users/lcchai/Work/assets/official/garmin/010-01909-36.jpg
https://buy.garmin.com/en-US/US/p/637006/pn/010-01909-36 ||| https://static.garmincdn.com/en/products/010-01909-36/v/cf-lg-54c32a3a-b8c9-47bb-807f-29c9fa0ecfdd.jpg ||| /Users/lcchai/Work/assets/official/garmin/010-01909-36.jpg
https://buy.garmin.com/en-US/US/p/637006/pn/010-01909-37 ||| https://static.garmincdn.com/en/products/010-01909-37/v/cf-lg-081080d9-0866-4670-a3cf-430d700ef504.jpg ||| /Users/lcchai/Work/assets/official/garmin/010-01909-37.jpg
https://buy.garmin.com/en-US/US/p/641121 ||| https://static.garmincdn.com/en/products/010-02156-05/v/cf-lg-fa0ae0ab-63df-48e2-849b-270c1675c1a1.jpg ||| /Users/lcchai/Work/assets/official/garmin/010-02156-05.jpg
https://buy.garmin.com/en-US/US/p/641121/pn/010-02156-05 ||| https://static.garmincdn.com/en/products/010-02156-05/v/cf-lg-fa0ae0ab-63df-48e2-849b-270c1675c1a1.jpg ||| /Users/lcchai/Work/assets/official/garmin/010-02156-05.jpg
https://buy.garmin.com/en-US/US/p/641121/pn/010-02156-06 ||| https://static.garmincdn.com/en/products/010-02156-06/v/cf-lg-5c74be53-45e1-41c9-9994-a11c90ee4665.jpg ||| /Users/lcchai/Work/assets/official/garmin/010-02156-06.jpg
https://buy.garmin.com/en-US/US/p/641375 ||| https://static.garmincdn.com/en/products/010-02157-20/v/cf-lg-f8123592-8b9d-4db7-9563-75f287fb76a4.jpg ||| /Users/lcchai/Work/assets/official/garmin/010-02157-20.jpg
https://buy.garmin.com/en-US/US/p/641375/pn/010-02157-20 ||| https://static.garmincdn.com/en/products/010-02157-20/v/cf-lg-f8123592-8b9d-4db7-9563-75f287fb76a4.jpg ||| /Users/lcchai/Work/assets/official/garmin/010-02157-20.jpg
https://buy.garmin.com/en-US/US/p/641375/pn/010-02157-23 ||| https://static.garmincdn.com/en/products/010-02157-23/v/cf-lg-b1a5264c-ce35-484c-9fd3-ee0b190c7896.jpg ||| /Users/lcchai/Work/assets/official/garmin/010-02157-23.jpg
https://buy.garmin.com/en-US/US/p/641435 ||| https://static.garmincdn.com/en/products/010-02157-00/v/cf-lg-ecea6607-4328-4761-be0b-cb997234b58b.jpg ||| /Users/lcchai/Work/assets/official/garmin/010-02157-00.jpg
https://buy.garmin.com/en-US/US/p/641435/pn/010-02157-00 ||| https://static.garmincdn.com/en/products/010-02157-00/v/cf-lg-ecea6607-4328-4761-be0b-cb997234b58b.jpg ||| /Users/lcchai/Work/assets/official/garmin/010-02157-00.jpg
https://buy.garmin.com/en-US/US/p/641435/pn/010-02157-10 ||| https://static.garmincdn.com/en/products/010-02157-10/v/cf-lg-e8dc39b5-158d-4aab-8ecf-eac6b9295eac.jpg ||| /Users/lcchai/Work/assets/official/garmin/010-02157-10.jpg
https://buy.garmin.com/en-US/US/p/641435/pn/010-02157-13 ||| https://static.garmincdn.com/en/products/010-02157-13/v/cf-lg-f4417e5e-a7d0-4e7d-9a56-2807af82e3ba.jpg ||| /Users/lcchai/Work/assets/official/garmin/010-02157-13.jpg
https://buy.garmin.com/en-US/US/p/641449 ||| https://static.garmincdn.com/en/products/010-02158-00/g/cf-lg-a92acf0a-4c66-4e9e-8154-d7e1859bbde3.jpg ||| /Users/lcchai/Work/assets/official/garmin/010-02158-00.jpg
https://buy.garmin.com/en-US/US/p/641449/pn/010-02158-00 ||| https://static.garmincdn.com/en/products/010-02158-00/g/cf-lg-a92acf0a-4c66-4e9e-8154-d7e1859bbde3.jpg ||| /Users/lcchai/Work/assets/official/garmin/010-02158-00.jpg
https://buy.garmin.com/en-US/US/p/641479 ||| https://static.garmincdn.com/en/products/010-02158-13/v/cf-lg-a836df96-628f-4aa8-8bc0-3d6ecaf0e1f4.jpg ||| /Users/lcchai/Work/assets/official/garmin/010-02158-13.jpg
https://buy.garmin.com/en-US/US/p/641479/pn/010-02158-01 ||| https://static.garmincdn.com/en/products/010-02158-01/v/cf-lg-87252131-3fd0-4bf1-ba10-3b93700cc40e.jpg ||| /Users/lcchai/Work/assets/official/garmin/010-02158-01.jpg
https://buy.garmin.com/en-US/US/p/641479/pn/010-02158-10 ||| https://static.garmincdn.com/en/products/010-02158-10/v/cf-lg-e7aa5de3-8bbc-4179-acc9-9acef70eeabe.jpg ||| /Users/lcchai/Work/assets/official/garmin/010-02158-10.jpg
https://buy.garmin.com/en-US/US/p/641479/pn/010-02158-13 ||| https://static.garmincdn.com/en/products/010-02158-13/v/cf-lg-a836df96-628f-4aa8-8bc0-3d6ecaf0e1f4.jpg ||| /Users/lcchai/Work/assets/official/garmin/010-02158-13.jpg
https://buy.garmin.com/en-US/US/p/641479/pn/010-02158-16 ||| https://static.garmincdn.com/en/products/010-02158-16/v/cf-lg-9faa84b6-d9d5-4144-b9ea-726b2227e62c.jpg ||| /Users/lcchai/Work/assets/official/garmin/010-02158-16.jpg
https://buy.garmin.com/en-US/US/p/641479/pn/010-02158-22 ||| https://static.garmincdn.com/en/products/010-02158-22/v/cf-lg-1dc0e640-4559-4402-a7ff-993b25806190.jpg ||| /Users/lcchai/Work/assets/official/garmin/010-02158-22.jpg
https://buy.garmin.com/en-US/US/p/641501 ||| https://static.garmincdn.com/en/products/010-02159-00/v/cf-lg-c79f00ad-c932-42ae-b89c-d3116a5539ff.jpg ||| /Users/lcchai/Work/assets/official/garmin/010-02159-00.jpg
https://buy.garmin.com/en-US/US/p/641501/pn/010-02159-00 ||| https://static.garmincdn.com/en/products/010-02159-00/v/cf-lg-c79f00ad-c932-42ae-b89c-d3116a5539ff.jpg ||| /Users/lcchai/Work/assets/official/garmin/010-02159-00.jpg
https://buy.garmin.com/en-US/US/p/641501/pn/010-02159-01 ||| https://static.garmincdn.com/en/products/010-02159-01/v/cf-lg-6c0ada4b-58cb-45f4-a228-df6a25e915ff.jpg ||| /Users/lcchai/Work/assets/official/garmin/010-02159-01.jpg
https://buy.garmin.com/en-US/US/p/641530 ||| https://static.garmincdn.com/en/products/010-02159-10/v/cf-lg-877bbbbd-9b15-41cd-9c8f-e212602518ee.jpg ||| /Users/lcchai/Work/assets/official/garmin/010-02159-10.jpg
https://buy.garmin.com/en-US/US/p/641530/pn/010-02159-10 ||| https://static.garmincdn.com/en/products/010-02159-10/v/cf-lg-877bbbbd-9b15-41cd-9c8f-e212602518ee.jpg ||| /Users/lcchai/Work/assets/official/garmin/010-02159-10.jpg
https://buy.garmin.com/en-US/US/p/641530/pn/010-02159-13 ||| https://static.garmincdn.com/en/products/010-02159-13/v/cf-lg-04582ce8-6391-4e4a-ac33-08aa2499c868.jpg ||| /Users/lcchai/Work/assets/official/garmin/010-02159-13.jpg
https://buy.garmin.com/en-US/US/p/641530/pn/010-02159-20 ||| https://static.garmincdn.com/en/products/010-02159-20/v/cf-lg-8920c999-d614-4927-8873-d480d4ffb215.jpg ||| /Users/lcchai/Work/assets/official/garmin/010-02159-20.jpg
https://buy.garmin.com/en-US/US/p/641530/pn/010-02159-24 ||| https://static.garmincdn.com/en/products/010-02159-24/v/cf-lg-33f2ff86-490a-458e-870a-09f1a6abc5f2.jpg ||| /Users/lcchai/Work/assets/official/garmin/010-02159-24.jpg
https://buy.garmin.com/en-US/US/p/641530/pn/010-02159-36 ||| https://static.garmincdn.com/en/products/010-02159-36/v/cf-lg-e751df94-17ac-4334-95d6-242ec93d7a83.jpg ||| /Users/lcchai/Work/assets/official/garmin/010-02159-36.jpg
https://buy.garmin.com/en-US/US/p/641530/pn/010-02159-39 ||| https://static.garmincdn.com/en/products/010-02159-39/v/cf-lg-7c0a3325-7f2a-400a-8d2f-dc78dc6a5c1f.jpg ||| /Users/lcchai/Work/assets/official/garmin/010-02159-39.jpg
https://buy.garmin.com/en-US/US/p/643260 ||| https://static.garmincdn.com/en/products/010-02173-21/v/cf-lg-8b00258c-e1e3-41f7-bc0d-db214b0d8d6d.jpg ||| /Users/lcchai/Work/assets/official/garmin/010-02173-21.jpg
https://buy.garmin.com/en-US/US/p/643260/pn/010-02173-01 ||| https://static.garmincdn.com/en/products/010-02173-01/v/cf-lg-73f388e3-3428-4ecb-a0ad-1fd4a226bd62.jpg ||| /Users/lcchai/Work/assets/official/garmin/010-02173-01.jpg
https://buy.garmin.com/en-US/US/p/643260/pn/010-02173-11 ||| https://static.garmincdn.com/en/products/010-02173-11/v/cf-lg-de9b68c1-5cb9-4da3-85e0-1d627a90488d.jpg ||| /Users/lcchai/Work/assets/official/garmin/010-02173-11.jpg
https://buy.garmin.com/en-US/US/p/643260/pn/010-02173-21 ||| https://static.garmincdn.com/en/products/010-02173-21/v/cf-lg-8b00258c-e1e3-41f7-bc0d-db214b0d8d6d.jpg ||| /Users/lcchai/Work/assets/official/garmin/010-02173-21.jpg
https://buy.garmin.com/en-US/US/p/643260/pn/010-02173-31 ||| https://static.garmincdn.com/en/products/010-02173-31/v/cf-lg-9525fc2b-9a21-4111-b35d-fdbf90b0e79a.jpg ||| /Users/lcchai/Work/assets/official/garmin/010-02173-31.jpg
https://buy.garmin.com/en-US/US/p/643382 ||| https://static.garmincdn.com/en/products/010-02174-11/v/cf-lg-f8f623bb-985b-4162-bdea-e38f6b184712.jpg ||| /Users/lcchai/Work/assets/official/garmin/010-02174-11.jpg
https://buy.garmin.com/en-US/US/p/643382/pn/010-02174-01 ||| https://static.garmincdn.com/en/products/010-02174-01/v/cf-lg-a7a42f50-df93-4f76-b5a0-55dfa6f849ca.jpg ||| /Users/lcchai/Work/assets/official/garmin/010-02174-01.jpg
https://buy.garmin.com/en-US/US/p/643382/pn/010-02174-11 ||| https://static.garmincdn.com/en/products/010-02174-11/v/cf-lg-f8f623bb-985b-4162-bdea-e38f6b184712.jpg ||| /Users/lcchai/Work/assets/official/garmin/010-02174-11.jpg
https://buy.garmin.com/en-US/US/p/643399 ||| https://static.garmincdn.com/en/products/010-02172-31/v/cf-lg-56ccdfa0-768f-4f13-bf02-ca8c388ebf44.jpg ||| /Users/lcchai/Work/assets/official/garmin/010-02172-31.jpg
https://buy.garmin.com/en-US/US/p/643399/pn/010-02172-01 ||| https://static.garmincdn.com/en/products/010-02172-01/v/cf-lg-4b4f3374-567f-4a7f-a167-0579e7fc1c92.jpg ||| /Users/lcchai/Work/assets/official/garmin/010-02172-01.jpg
https://buy.garmin.com/en-US/US/p/643399/pn/010-02172-11 ||| https://static.garmincdn.com/en/products/010-02172-11/v/cf-lg-742c8e0d-f35b-4643-90cb-4da8dd7d5a06.jpg ||| /Users/lcchai/Work/assets/official/garmin/010-02172-11.jpg
https://buy.garmin.com/en-US/US/p/643399/pn/010-02172-21 ||| https://static.garmincdn.com/en/products/010-02172-21/v/cf-lg-cb045e19-10c0-4c8f-b62f-89a54b717d12.jpg ||| /Users/lcchai/Work/assets/official/garmin/010-02172-21.jpg
https://buy.garmin.com/en-US/US/p/643399/pn/010-02172-31 ||| https://static.garmincdn.com/en/products/010-02172-31/v/cf-lg-56ccdfa0-768f-4f13-bf02-ca8c388ebf44.jpg ||| /Users/lcchai/Work/assets/official/garmin/010-02172-31.jpg
https://buy.garmin.com/en-US/US/p/646690 ||| https://static.garmincdn.com/en/products/010-02120-21/v/cf-lg-24a31854-2918-4cda-ac8a-d17eaf4d95c7.jpg ||| /Users/lcchai/Work/assets/official/garmin/010-02120-21.jpg
https://buy.garmin.com/en-US/US/p/646690/pn/010-02120-20 ||| https://static.garmincdn.com/en/products/010-02120-20/v/cf-lg-75c316f0-9fbb-408f-8a22-c8b876373ae9.jpg ||| /Users/lcchai/Work/assets/official/garmin/010-02120-20.jpg
https://buy.garmin.com/en-US/US/p/646690/pn/010-02120-21 ||| https://static.garmincdn.com/en/products/010-02120-21/v/cf-lg-24a31854-2918-4cda-ac8a-d17eaf4d95c7.jpg ||| /Users/lcchai/Work/assets/official/garmin/010-02120-21.jpg
https://buy.garmin.com/en-US/US/p/646690/pn/010-02120-22 ||| https://static.garmincdn.com/en/products/010-02120-22/v/cf-lg-0e865d1e-d9a7-464b-bf88-50e0daf70812.jpg ||| /Users/lcchai/Work/assets/official/garmin/010-02120-22.jpg
https://buy.garmin.com/en-US/US/p/647267 ||| https://static.garmincdn.com/en/products/010-02200-00/v/cf-lg-19b33cf3-f705-44da-8ea8-2139048fb066.jpg ||| /Users/lcchai/Work/assets/official/garmin/010-02200-00.jpg
https://buy.garmin.com/en-US/US/p/647267/pn/010-02200-00 ||| https://static.garmincdn.com/en/products/010-02200-00/v/cf-lg-19b33cf3-f705-44da-8ea8-2139048fb066.jpg ||| /Users/lcchai/Work/assets/official/garmin/010-02200-00.jpg
https://buy.garmin.com/en-US/US/p/647267/pn/010-02200-01 ||| https://static.garmincdn.com/en/products/010-02200-01/v/cf-lg-42e0c03d-6967-4ea7-a0c5-fb8b2e78aa95.jpg ||| /Users/lcchai/Work/assets/official/garmin/010-02200-01.jpg
https://buy.garmin.com/en-US/US/p/657098 ||| https://static.garmincdn.com/en/products/010-03723-13/g/cf-lg-9ead71a3-5dd8-4e3b-ad6c-6b2c4df40bb7.jpg ||| /Users/lcchai/Work/assets/official/garmin/010-03723-13.jpg
https://buy.garmin.com/en-US/US/p/662694 ||| https://static.garmincdn.com/en/products/010-02241-08/v/cf-lg-b030ba97-7c22-4aa6-bdc9-76e4e93c3c95.jpg ||| /Users/lcchai/Work/assets/official/garmin/010-02241-08.jpg
https://buy.garmin.com/en-US/US/p/662694/pn/010-02241-00 ||| https://static.garmincdn.com/en/products/010-02241-00/v/cf-lg-55bb2c7d-f00a-4168-8557-dee61a049baa.jpg ||| /Users/lcchai/Work/assets/official/garmin/010-02241-00.jpg
https://buy.garmin.com/en-US/US/p/662694/pn/010-02241-01 ||| https://static.garmincdn.com/en/products/010-02241-01/v/cf-lg-0c912640-4e04-4b57-a315-cb09b738861e.jpg ||| /Users/lcchai/Work/assets/official/garmin/010-02241-01.jpg
https://buy.garmin.com/en-US/US/p/662694/pn/010-02241-02 ||| https://static.garmincdn.com/en/products/010-02241-02/v/cf-lg-4b61e80d-eb84-464f-89d7-c8534bad408f.jpg ||| /Users/lcchai/Work/assets/official/garmin/010-02241-02.jpg
https://buy.garmin.com/en-US/US/p/662694/pn/010-02241-03 ||| https://static.garmincdn.com/en/products/010-02241-03/v/cf-lg-4cfbeaf7-4c06-459a-a951-1e80a2acd3df.jpg ||| /Users/lcchai/Work/assets/official/garmin/010-02241-03.jpg
https://buy.garmin.com/en-US/US/p/662694/pn/010-02241-04 ||| https://static.garmincdn.com/en/products/010-02241-04/v/cf-lg-cde290f8-1d09-4b29-8d89-ba46fa8e0f66.jpg ||| /Users/lcchai/Work/assets/official/garmin/010-02241-04.jpg
https://buy.garmin.com/en-US/US/p/662694/pn/010-02241-08 ||| https://static.garmincdn.com/en/products/010-02241-08/v/cf-lg-b030ba97-7c22-4aa6-bdc9-76e4e93c3c95.jpg ||| /Users/lcchai/Work/assets/official/garmin/010-02241-08.jpg
https://buy.garmin.com/en-US/US/p/662790 ||| https://static.garmincdn.com/en/products/010-02238-03/v/cf-lg-c2acf19f-ac74-4223-9372-b957e7ff34fc.jpg ||| /Users/lcchai/Work/assets/official/garmin/010-02238-03.jpg
https://buy.garmin.com/en-US/US/p/662790/pn/010-02238-00 ||| https://static.garmincdn.com/en/products/010-02238-00/v/cf-lg-cf139e98-00b1-4ba8-9eaa-35061fd6aad9.jpg ||| /Users/lcchai/Work/assets/official/garmin/010-02238-00.jpg
https://buy.garmin.com/en-US/US/p/662790/pn/010-02238-01 ||| https://static.garmincdn.com/en/products/010-02238-01/v/cf-lg-d4f2db8b-76a8-4ef1-b5cb-388f0da32dd0.jpg ||| /Users/lcchai/Work/assets/official/garmin/010-02238-01.jpg
https://buy.garmin.com/en-US/US/p/662790/pn/010-02238-02 ||| https://static.garmincdn.com/en/products/010-02238-02/v/cf-lg-081bae5b-610f-47b6-9936-8a1b08a7d8c8.jpg ||| /Users/lcchai/Work/assets/official/garmin/010-02238-02.jpg
https://buy.garmin.com/en-US/US/p/662790/pn/010-02238-03 ||| https://static.garmincdn.com/en/products/010-02238-03/v/cf-lg-c2acf19f-ac74-4223-9372-b957e7ff34fc.jpg ||| /Users/lcchai/Work/assets/official/garmin/010-02238-03.jpg
https://buy.garmin.com/en-US/US/p/662825 ||| https://static.garmincdn.com/en/products/010-02240-02/v/cf-lg-55aee57f-6396-41bc-9062-ae1aaeaa2a03.jpg ||| /Users/lcchai/Work/assets/official/garmin/010-02240-02.jpg
https://buy.garmin.com/en-US/US/p/662825/pn/010-02240-00 ||| https://static.garmincdn.com/en/products/010-02240-00/v/cf-lg-546a8e3c-3d24-4808-9a0b-181c116d8308.jpg ||| /Users/lcchai/Work/assets/official/garmin/010-02240-00.jpg
https://buy.garmin.com/en-US/US/p/662825/pn/010-02240-01 ||| https://static.garmincdn.com/en/products/010-02240-01/v/cf-lg-a801b318-432a-456e-ae4c-66153fd51fe1.jpg ||| /Users/lcchai/Work/assets/official/garmin/010-02240-01.jpg
https://buy.garmin.com/en-US/US/p/662825/pn/010-02240-02 ||| https://static.garmincdn.com/en/products/010-02240-02/v/cf-lg-55aee57f-6396-41bc-9062-ae1aaeaa2a03.jpg ||| /Users/lcchai/Work/assets/official/garmin/010-02240-02.jpg
https://buy.garmin.com/en-US/US/p/662825/pn/010-02240-03 ||| https://static.garmincdn.com/en/products/010-02240-03/v/cf-lg-f8caeecf-5949-43e6-99a5-747ed2133f29.jpg ||| /Users/lcchai/Work/assets/official/garmin/010-02240-03.jpg
https://buy.garmin.com/en-US/US/p/665374 ||| https://static.garmincdn.com/en/products/010-02247-01/v/cf-lg-ab75ebee-c3ed-4229-b81f-a690120d578f.jpg ||| /Users/lcchai/Work/assets/official/garmin/010-02247-01.jpg
https://buy.garmin.com/en-US/US/p/665374/pn/010-02247-00 ||| https://static.garmincdn.com/en/products/010-02247-00/v/cf-lg-652a8cc3-8dac-4b61-8865-4c904c541a6e.jpg ||| /Users/lcchai/Work/assets/official/garmin/010-02247-00.jpg
https://buy.garmin.com/en-US/US/p/665374/pn/010-02247-01 ||| https://static.garmincdn.com/en/products/010-02247-01/v/cf-lg-ab75ebee-c3ed-4229-b81f-a690120d578f.jpg ||| /Users/lcchai/Work/assets/official/garmin/010-02247-01.jpg
https://buy.garmin.com/en-US/US/p/667002 ||| https://static.garmincdn.com/en/products/010-02172-51/g/cf-lg-7082c68b-118a-4b4f-b4a8-dbd265b338ff.jpg ||| /Users/lcchai/Work/assets/official/garmin/010-02172-51.jpg
https://buy.garmin.com/en-US/US/p/667002/pn/010-02172-51 ||| https://static.garmincdn.com/en/products/010-02172-51/g/cf-lg-7082c68b-118a-4b4f-b4a8-dbd265b338ff.jpg ||| /Users/lcchai/Work/assets/official/garmin/010-02172-51.jpg
https://buy.garmin.com/en-US/US/p/667005 ||| https://static.garmincdn.com/en/products/010-02172-41/g/cf-lg-64967bdb-b02f-4c39-915b-6f9f97a7b6e5.jpg ||| /Users/lcchai/Work/assets/official/garmin/010-02172-41.jpg
https://buy.garmin.com/en-US/US/p/667005/pn/010-02172-41 ||| https://static.garmincdn.com/en/products/010-02172-41/g/cf-lg-64967bdb-b02f-4c39-915b-6f9f97a7b6e5.jpg ||| /Users/lcchai/Work/assets/official/garmin/010-02172-41.jpg
https://buy.garmin.com/en-US/US/p/676016 ||| https://static.garmincdn.com/en/products/010-02140-03/g/cf-lg-766a4b69-4dee-44f0-8d3f-1cca9692081e.jpg ||| /Users/lcchai/Work/assets/official/garmin/010-02140-03.jpg
https://buy.garmin.com/en-US/US/p/676016/pn/010-02140-03 ||| https://static.garmincdn.com/en/products/010-02140-03/g/cf-lg-766a4b69-4dee-44f0-8d3f-1cca9692081e.jpg ||| /Users/lcchai/Work/assets/official/garmin/010-02140-03.jpg
https://buy.garmin.com/en-US/US/p/679335 ||| https://static.garmincdn.com/en/products/010-02293-10/v/cf-lg-b31fcc72-a9a9-466b-9231-8e57a732e677.jpg ||| /Users/lcchai/Work/assets/official/garmin/010-02293-10.jpg
https://buy.garmin.com/en-US/US/p/679335/pn/010-02293-10 ||| https://static.garmincdn.com/en/products/010-02293-10/v/cf-lg-b31fcc72-a9a9-466b-9231-8e57a732e677.jpg ||| /Users/lcchai/Work/assets/official/garmin/010-02293-10.jpg
https://buy.garmin.com/en-US/US/p/679335/pn/010-02293-11 ||| https://static.garmincdn.com/en/products/010-02293-11/v/cf-lg-77f7840e-148b-40f3-a5bb-16868cf561a7.jpg ||| /Users/lcchai/Work/assets/official/garmin/010-02293-11.jpg
https://buy.garmin.com/en-US/US/p/679335/pn/010-02293-12 ||| https://static.garmincdn.com/en/products/010-02293-12/v/cf-lg-8bffa8c0-9a51-40f0-8da8-1a6c905941a2.jpg ||| /Users/lcchai/Work/assets/official/garmin/010-02293-12.jpg
https://buy.garmin.com/en-US/US/p/679335/pn/010-02293-19 ||| https://static.garmincdn.com/en/products/010-02293-19/v/cf-lg-9edd271d-7b6b-4f52-8270-537de432c14e.jpg ||| /Users/lcchai/Work/assets/official/garmin/010-02293-19.jpg
https://buy.garmin.com/en-US/US/p/679335/pn/010-02293-21 ||| https://static.garmincdn.com/en/products/010-02293-21/v/cf-lg-23931cc0-9847-44fb-a9ac-49a8c23f5c4d.jpg ||| /Users/lcchai/Work/assets/official/garmin/010-02293-21.jpg
https://buy.garmin.com/en-US/US/p/681612 ||| https://static.garmincdn.com/en/products/010-01909-38/v/cf-lg-d21d90ad-3d98-4be3-b8d8-e7a2dffe8107.jpg ||| /Users/lcchai/Work/assets/official/garmin/010-01909-38.jpg
https://buy.garmin.com/en-US/US/p/681612/pn/010-01909-38 ||| https://static.garmincdn.com/en/products/010-01909-38/v/cf-lg-d21d90ad-3d98-4be3-b8d8-e7a2dffe8107.jpg ||| /Users/lcchai/Work/assets/official/garmin/010-01909-38.jpg
https://buy.garmin.com/en-US/US/p/681612/pn/010-01909-39 ||| https://static.garmincdn.com/en/products/010-01909-39/v/cf-lg-a849c200-848e-43c6-8fde-ab53751e38fa.jpg ||| /Users/lcchai/Work/assets/official/garmin/010-01909-39.jpg
https://buy.garmin.com/en-US/US/p/681757 ||| https://static.garmincdn.com/en/products/010-01909-3B/v/cf-lg-3e2b39c5-7add-4918-a2d2-c4c176ebf4d4.jpg ||| /Users/lcchai/Work/assets/official/garmin/010-01909-3B.jpg
https://buy.garmin.com/en-US/US/p/681757/pn/010-01909-3A ||| https://static.garmincdn.com/en/products/010-01909-3A/v/cf-lg-54f85c76-e71b-4ef8-9d62-7f2196e73bfb.jpg ||| /Users/lcchai/Work/assets/official/garmin/010-01909-3A.jpg
https://buy.garmin.com/en-US/US/p/681757/pn/010-01909-3B ||| https://static.garmincdn.com/en/products/010-01909-3B/v/cf-lg-3e2b39c5-7add-4918-a2d2-c4c176ebf4d4.jpg ||| /Users/lcchai/Work/assets/official/garmin/010-01909-3B.jpg
https://buy.garmin.com/en-US/US/p/682416 ||| https://static.garmincdn.com/en/products/010-02156-01/v/cf-lg-3fc0aa4b-4a52-49d6-9440-52ac1a1e2355.jpg ||| /Users/lcchai/Work/assets/official/garmin/010-02156-01.jpg
https://buy.garmin.com/en-US/US/p/682416/pn/010-02156-00 ||| https://static.garmincdn.com/en/products/010-02156-00/v/cf-lg-c0833bf0-4289-4e0b-81cc-e48f1e60b87c.jpg ||| /Users/lcchai/Work/assets/official/garmin/010-02156-00.jpg
https://buy.garmin.com/en-US/US/p/682416/pn/010-02156-01 ||| https://static.garmincdn.com/en/products/010-02156-01/v/cf-lg-3fc0aa4b-4a52-49d6-9440-52ac1a1e2355.jpg ||| /Users/lcchai/Work/assets/official/garmin/010-02156-01.jpg
https://buy.garmin.com/en-US/US/p/682416/pn/010-02156-02 ||| https://static.garmincdn.com/en/products/010-02156-02/v/cf-lg-583899f8-0a7f-4b58-a292-053cb2161f72.jpg ||| /Users/lcchai/Work/assets/official/garmin/010-02156-02.jpg
https://buy.garmin.com/en-US/US/p/690051 ||| https://static.garmincdn.com/en/products/010-02064-70/v/cf-lg-9c1a3be9-7c41-4009-9f84-d32bad3f31b6.jpg ||| /Users/lcchai/Work/assets/official/garmin/010-02064-70.jpg
https://buy.garmin.com/en-US/US/p/690051/pn/010-02064-70 ||| https://static.garmincdn.com/en/products/010-02064-70/v/cf-lg-9c1a3be9-7c41-4009-9f84-d32bad3f31b6.jpg ||| /Users/lcchai/Work/assets/official/garmin/010-02064-70.jpg
https://buy.garmin.com/en-US/US/p/690051/pn/010-02064-71 ||| https://static.garmincdn.com/en/products/010-02064-71/v/cf-lg-114d9722-fc84-4a33-b87f-06b1341735ff.jpg ||| /Users/lcchai/Work/assets/official/garmin/010-02064-71.jpg
https://buy.garmin.com/en-US/US/p/695447 ||| https://static.garmincdn.com/en/products/010-02174-41/g/cf-lg-1488b8f7-7154-4eec-a549-9dbceaf6d9a7.jpg ||| /Users/lcchai/Work/assets/official/garmin/010-02174-41.jpg
https://buy.garmin.com/en-US/US/p/695447/pn/010-02174-41 ||| https://static.garmincdn.com/en/products/010-02174-41/g/cf-lg-1488b8f7-7154-4eec-a549-9dbceaf6d9a7.jpg ||| /Users/lcchai/Work/assets/official/garmin/010-02174-41.jpg
https://buy.garmin.com/en-US/US/p/695448 ||| https://static.garmincdn.com/en/products/010-02174-51/g/cf-lg-aed15f23-82b8-4afd-8e0b-213a22245803.jpg ||| /Users/lcchai/Work/assets/official/garmin/010-02174-51.jpg
https://buy.garmin.com/en-US/US/p/695448/pn/010-02174-51 ||| https://static.garmincdn.com/en/products/010-02174-51/g/cf-lg-aed15f23-82b8-4afd-8e0b-213a22245803.jpg ||| /Users/lcchai/Work/assets/official/garmin/010-02174-51.jpg
https://buy.garmin.com/en-US/US/p/696004 ||| https://static.garmincdn.com/en/products/010-02357-10/v/cf-lg-03189da7-4d7c-4293-ac82-527e2882daa2.jpg ||| /Users/lcchai/Work/assets/official/garmin/010-02357-10.jpg
https://buy.garmin.com/en-US/US/p/696004/pn/010-02357-10 ||| https://static.garmincdn.com/en/products/010-02357-10/v/cf-lg-03189da7-4d7c-4293-ac82-527e2882daa2.jpg ||| /Users/lcchai/Work/assets/official/garmin/010-02357-10.jpg
https://buy.garmin.com/en-US/US/p/696005 ||| https://static.garmincdn.com/en/products/010-02357-00/g/cf-lg-2c2fad14-11ab-4115-90bf-22cd64eae0d4.jpg ||| /Users/lcchai/Work/assets/official/garmin/010-02357-00.jpg
https://buy.garmin.com/en-US/US/p/696005/pn/010-02357-00 ||| https://static.garmincdn.com/en/products/010-02357-00/g/cf-lg-2c2fad14-11ab-4115-90bf-22cd64eae0d4.jpg ||| /Users/lcchai/Work/assets/official/garmin/010-02357-00.jpg
https://buy.garmin.com/en-US/US/p/698394 ||| https://static.garmincdn.com/en/products/010-02239-00/v/cf-lg-11e27c39-8eaf-4731-9975-1225a94f5231.jpg ||| /Users/lcchai/Work/assets/official/garmin/010-02239-00.jpg
https://buy.garmin.com/en-US/US/p/698394/pn/010-02239-00 ||| https://static.garmincdn.com/en/products/010-02239-00/v/cf-lg-11e27c39-8eaf-4731-9975-1225a94f5231.jpg ||| /Users/lcchai/Work/assets/official/garmin/010-02239-00.jpg
https://buy.garmin.com/en-US/US/p/698394/pn/010-02239-01 ||| https://static.garmincdn.com/en/products/010-02239-01/v/cf-lg-9581ac21-c11f-4daa-bbcf-46aaf64e57db.jpg ||| /Users/lcchai/Work/assets/official/garmin/010-02239-01.jpg
https://buy.garmin.com/en-US/US/p/698519 ||| https://static.garmincdn.com/en/products/010-02384-00/v/cf-lg-fc2a9acd-9fd6-4c66-8704-143c2cb1e183.jpg ||| /Users/lcchai/Work/assets/official/garmin/010-02384-00.jpg
https://buy.garmin.com/en-US/US/p/698519/pn/010-02384-00 ||| https://static.garmincdn.com/en/products/010-02384-00/v/cf-lg-fc2a9acd-9fd6-4c66-8704-143c2cb1e183.jpg ||| /Users/lcchai/Work/assets/official/garmin/010-02384-00.jpg
https://buy.garmin.com/en-US/US/p/698519/pn/010-02384-01 ||| https://static.garmincdn.com/en/products/010-02384-01/v/cf-lg-8a3f7549-835b-4ca3-8ade-6d82c673c470.jpg ||| /Users/lcchai/Work/assets/official/garmin/010-02384-01.jpg
https://buy.garmin.com/en-US/US/p/698519/pn/010-02384-02 ||| https://static.garmincdn.com/en/products/010-02384-02/v/cf-lg-af9c449a-4521-44e2-98af-fcb6db39d6a8.jpg ||| /Users/lcchai/Work/assets/official/garmin/010-02384-02.jpg
https://buy.garmin.com/en-US/US/p/699548 ||| https://static.garmincdn.com/en/products/010-02006-26/g/cf-lg-fe412f6d-0f17-49e1-811c-eaff50eb230b.jpg ||| /Users/lcchai/Work/assets/official/garmin/010-02006-26.jpg
https://buy.garmin.com/en-US/US/p/699548/pn/010-02006-26 ||| https://static.garmincdn.com/en/products/010-02006-26/g/cf-lg-fe412f6d-0f17-49e1-811c-eaff50eb230b.jpg ||| /Users/lcchai/Work/assets/official/garmin/010-02006-26.jpg
https://buy.garmin.com/en-US/US/p/699976 ||| https://static.garmincdn.com/en/products/010-02158-90/g/cf-lg-75ccd32f-c34f-408f-90db-06472aed9598.jpg ||| /Users/lcchai/Work/assets/official/garmin/010-02158-90.jpg
https://buy.garmin.com/en-US/US/p/699976/pn/010-02158-90 ||| https://static.garmincdn.com/en/products/010-02158-90/g/cf-lg-75ccd32f-c34f-408f-90db-06472aed9598.jpg ||| /Users/lcchai/Work/assets/official/garmin/010-02158-90.jpg
https://buy.garmin.com/en-US/US/p/700139 ||| https://static.garmincdn.com/en/products/010-02158-94/g/cf-lg-a771a3aa-94ef-4adc-b90b-f0ff3743be96.jpg ||| /Users/lcchai/Work/assets/official/garmin/010-02158-94.jpg
https://buy.garmin.com/en-US/US/p/700139/pn/010-02158-94 ||| https://static.garmincdn.com/en/products/010-02158-94/g/cf-lg-a771a3aa-94ef-4adc-b90b-f0ff3743be96.jpg ||| /Users/lcchai/Work/assets/official/garmin/010-02158-94.jpg
https://buy.garmin.com/en-US/US/p/700437 ||| https://static.garmincdn.com/en/products/010-02394-00/g/cf-lg-1b110fa8-21b0-4fdd-9237-2f2c99bddb11.jpg ||| /Users/lcchai/Work/assets/official/garmin/010-02394-00.jpg
https://buy.garmin.com/en-US/US/p/700437/pn/010-02394-00 ||| https://static.garmincdn.com/en/products/010-02394-00/g/cf-lg-1b110fa8-21b0-4fdd-9237-2f2c99bddb11.jpg ||| /Users/lcchai/Work/assets/official/garmin/010-02394-00.jpg
https://buy.garmin.com/en-US/US/p/702242 ||| https://static.garmincdn.com/en/products/010-02404-00/g/cf-lg-a45c9f0c-d69e-4cbe-8523-a6f56bb90b46.jpg ||| /Users/lcchai/Work/assets/official/garmin/010-02404-00.jpg
https://buy.garmin.com/en-US/US/p/702242/pn/010-02404-00 ||| https://static.garmincdn.com/en/products/010-02404-00/g/cf-lg-a45c9f0c-d69e-4cbe-8523-a6f56bb90b46.jpg ||| /Users/lcchai/Work/assets/official/garmin/010-02404-00.jpg
https://buy.garmin.com/en-US/US/p/702786 ||| https://static.garmincdn.com/en/products/010-02409-10/v/cf-lg-d9aecb98-184c-4159-b791-78bac0c8190c.jpg ||| /Users/lcchai/Work/assets/official/garmin/010-02409-10.jpg
https://buy.garmin.com/en-US/US/p/702786/pn/010-02409-10 ||| https://static.garmincdn.com/en/products/010-02409-10/v/cf-lg-d9aecb98-184c-4159-b791-78bac0c8190c.jpg ||| /Users/lcchai/Work/assets/official/garmin/010-02409-10.jpg
https://buy.garmin.com/en-US/US/p/702786/pn/010-02409-14 ||| https://static.garmincdn.com/en/products/010-02409-14/v/cf-lg-7fc6a230-90e0-4155-9da0-4471edb8224a.jpg ||| /Users/lcchai/Work/assets/official/garmin/010-02409-14.jpg
https://buy.garmin.com/en-US/US/p/702797 ||| https://static.garmincdn.com/en/products/010-02408-00/v/cf-lg-04000e87-146f-479c-a0d1-5fb2546242ff.jpg ||| /Users/lcchai/Work/assets/official/garmin/010-02408-00.jpg
https://buy.garmin.com/en-US/US/p/702797/pn/010-02408-00 ||| https://static.garmincdn.com/en/products/010-02408-00/v/cf-lg-04000e87-146f-479c-a0d1-5fb2546242ff.jpg ||| /Users/lcchai/Work/assets/official/garmin/010-02408-00.jpg
https://buy.garmin.com/en-US/US/p/702797/pn/010-02408-01 ||| https://static.garmincdn.com/en/products/010-02408-01/v/cf-lg-6ce4d81a-517c-417b-a06a-4a700d3634d2.jpg ||| /Users/lcchai/Work/assets/official/garmin/010-02408-01.jpg
https://buy.garmin.com/en-US/US/p/702902 ||| https://static.garmincdn.com/en/products/010-02410-14/v/cf-lg-8beb21e8-4285-4569-ab2b-0b6dfbb47e84.jpg ||| /Users/lcchai/Work/assets/official/garmin/010-02410-14.jpg
https://buy.garmin.com/en-US/US/p/702902/pn/010-02410-10 ||| https://static.garmincdn.com/en/products/010-02410-10/v/cf-lg-90c3d106-4455-4164-96e2-24a38eb5493a.jpg ||| /Users/lcchai/Work/assets/official/garmin/010-02410-10.jpg
https://buy.garmin.com/en-US/US/p/702902/pn/010-02410-14 ||| https://static.garmincdn.com/en/products/010-02410-14/v/cf-lg-8beb21e8-4285-4569-ab2b-0b6dfbb47e84.jpg ||| /Users/lcchai/Work/assets/official/garmin/010-02410-14.jpg
https://buy.garmin.com/en-US/US/p/702902/pn/010-02410-18 ||| https://static.garmincdn.com/en/products/010-02410-18/v/cf-lg-f2c68208-7667-4c67-b445-e9874a8b7f69.jpg ||| /Users/lcchai/Work/assets/official/garmin/010-02410-18.jpg
https://buy.garmin.com/en-US/US/p/702902/pn/010-02410-22 ||| https://static.garmincdn.com/en/products/010-02410-22/v/cf-lg-d914c466-c789-4f3b-b04d-d37a87d696ef.jpg ||| /Users/lcchai/Work/assets/official/garmin/010-02410-22.jpg
https://buy.garmin.com/en-US/US/p/707174 ||| https://static.garmincdn.com/en/products/010-02427-02/v/cf-lg-c5a4a117-cf52-4664-8b8e-8253ba329d89.jpg ||| /Users/lcchai/Work/assets/official/garmin/010-02427-02.jpg
https://buy.garmin.com/en-US/US/p/707174/pn/010-02427-00 ||| https://static.garmincdn.com/en/products/010-02427-00/v/cf-lg-5c9c3397-9775-4ff7-a292-52c14b8730ea.jpg ||| /Users/lcchai/Work/assets/official/garmin/010-02427-00.jpg
https://buy.garmin.com/en-US/US/p/707174/pn/010-02427-01 ||| https://static.garmincdn.com/en/products/010-02427-01/v/cf-lg-73b2135c-ca69-4a91-bb2a-b2ecfd0a9d03.jpg ||| /Users/lcchai/Work/assets/official/garmin/010-02427-01.jpg
https://buy.garmin.com/en-US/US/p/707174/pn/010-02427-02 ||| https://static.garmincdn.com/en/products/010-02427-02/v/cf-lg-c5a4a117-cf52-4664-8b8e-8253ba329d89.jpg ||| /Users/lcchai/Work/assets/official/garmin/010-02427-02.jpg
https://buy.garmin.com/en-US/US/p/707225 ||| https://static.garmincdn.com/en/products/010-02426-00/v/cf-lg-8cf5f8e2-c3b7-4d7f-95eb-7c0b28d99f91.jpg ||| /Users/lcchai/Work/assets/official/garmin/010-02426-00.jpg
https://buy.garmin.com/en-US/US/p/707225/pn/010-02426-00 ||| https://static.garmincdn.com/en/products/010-02426-00/v/cf-lg-8cf5f8e2-c3b7-4d7f-95eb-7c0b28d99f91.jpg ||| /Users/lcchai/Work/assets/official/garmin/010-02426-00.jpg
https://buy.garmin.com/en-US/US/p/707225/pn/010-02426-01 ||| https://static.garmincdn.com/en/products/010-02426-01/v/cf-lg-1f134ed3-c53d-4fbc-a2c9-41901da12188.jpg ||| /Users/lcchai/Work/assets/official/garmin/010-02426-01.jpg
https://buy.garmin.com/en-US/US/p/707225/pn/010-02426-02 ||| https://static.garmincdn.com/en/products/010-02426-02/v/cf-lg-cd12f518-523d-4833-a24d-829c5e388bd9.jpg ||| /Users/lcchai/Work/assets/official/garmin/010-02426-02.jpg
https://buy.garmin.com/en-US/US/p/707225/pn/010-02426-03 ||| https://static.garmincdn.com/en/products/010-02426-03/v/cf-lg-2983f916-5b20-49ac-bb6d-ad2bac141070.jpg ||| /Users/lcchai/Work/assets/official/garmin/010-02426-03.jpg
https://buy.garmin.com/en-US/US/p/707225/pn/010-02426-04 ||| https://static.garmincdn.com/en/products/010-02426-04/v/cf-lg-ee4b5c78-456f-4ce1-a4c7-7441add73105.jpg ||| /Users/lcchai/Work/assets/official/garmin/010-02426-04.jpg
https://buy.garmin.com/en-US/US/p/707225/pn/010-02426-05 ||| https://static.garmincdn.com/en/products/010-02426-05/v/cf-lg-013f9c47-741d-4236-8c3f-8ffe0fa6892d.jpg ||| /Users/lcchai/Work/assets/official/garmin/010-02426-05.jpg
https://buy.garmin.com/en-US/US/p/707506 ||| https://static.garmincdn.com/en/products/010-02173-41/g/cf-lg-fb4833b5-650e-4c32-addb-65e0a52b5e35.jpg ||| /Users/lcchai/Work/assets/official/garmin/010-02173-41.jpg
https://buy.garmin.com/en-US/US/p/711488 ||| https://static.garmincdn.com/en/products/010-02441-30/v/cf-lg-152d6fbf-3dba-4115-af13-358f3ec81efc.jpg ||| /Users/lcchai/Work/assets/official/garmin/010-02441-30.jpg
https://buy.garmin.com/en-US/US/p/711488/pn/010-02441-30 ||| https://static.garmincdn.com/en/products/010-02441-30/v/cf-lg-152d6fbf-3dba-4115-af13-358f3ec81efc.jpg ||| /Users/lcchai/Work/assets/official/garmin/010-02441-30.jpg
https://buy.garmin.com/en-US/US/p/711488/pn/010-02441-31 ||| https://static.garmincdn.com/en/products/010-02441-31/v/cf-lg-3563934c-201d-437d-be7a-7d9f766c03b4.jpg ||| /Users/lcchai/Work/assets/official/garmin/010-02441-31.jpg
https://buy.garmin.com/en-US/US/p/711489 ||| https://static.garmincdn.com/en/products/010-02441-32/v/cf-lg-43502fe6-9df1-4670-92ee-4b29049344fa.jpg ||| /Users/lcchai/Work/assets/official/garmin/010-02441-32.jpg
https://buy.garmin.com/en-US/US/p/711489/pn/010-02441-32 ||| https://static.garmincdn.com/en/products/010-02441-32/v/cf-lg-43502fe6-9df1-4670-92ee-4b29049344fa.jpg ||| /Users/lcchai/Work/assets/official/garmin/010-02441-32.jpg
https://buy.garmin.com/en-US/US/p/711489/pn/010-02441-33 ||| https://static.garmincdn.com/en/products/010-02441-33/v/cf-lg-9d008c7a-002d-495a-b420-9414aca308ee.jpg ||| /Users/lcchai/Work/assets/official/garmin/010-02441-33.jpg
https://buy.garmin.com/en-US/US/p/711538 ||| https://static.garmincdn.com/en/products/010-02441-20/v/cf-lg-f3d7d20b-0015-4e5f-9209-5aef114a2b26.jpg ||| /Users/lcchai/Work/assets/official/garmin/010-02441-20.jpg
https://buy.garmin.com/en-US/US/p/711538/pn/010-02441-20 ||| https://static.garmincdn.com/en/products/010-02441-20/v/cf-lg-f3d7d20b-0015-4e5f-9209-5aef114a2b26.jpg ||| /Users/lcchai/Work/assets/official/garmin/010-02441-20.jpg
https://buy.garmin.com/en-US/US/p/711538/pn/010-02441-21 ||| https://static.garmincdn.com/en/products/010-02441-21/v/cf-lg-8f3c2692-711c-48c0-90e5-f71b0ad5f379.jpg ||| /Users/lcchai/Work/assets/official/garmin/010-02441-21.jpg
https://buy.garmin.com/en-US/US/p/711538/pn/010-02441-22 ||| https://static.garmincdn.com/en/products/010-02441-22/v/cf-lg-a3433a6d-66d2-4131-8dff-24aed9cc7259.jpg ||| /Users/lcchai/Work/assets/official/garmin/010-02441-22.jpg
https://buy.garmin.com/en-US/US/p/712161 ||| https://static.garmincdn.com/en/products/010-02200-02/g/cf-lg-fcf0271f-c0f5-4737-9a39-c040eb396497.jpg ||| /Users/lcchai/Work/assets/official/garmin/010-02200-02.jpg
https://buy.garmin.com/en-US/US/p/712161/pn/010-02200-02 ||| https://static.garmincdn.com/en/products/010-02200-02/g/cf-lg-fcf0271f-c0f5-4737-9a39-c040eb396497.jpg ||| /Users/lcchai/Work/assets/official/garmin/010-02200-02.jpg
https://buy.garmin.com/en-US/US/p/713363 ||| https://static.garmincdn.com/en/products/010-02445-00/v/cf-lg-176dc461-6f42-455e-a71c-7d2e9ed90f59.jpg ||| /Users/lcchai/Work/assets/official/garmin/010-02445-00.jpg
https://buy.garmin.com/en-US/US/p/713363/pn/010-02445-00 ||| https://static.garmincdn.com/en/products/010-02445-00/v/cf-lg-176dc461-6f42-455e-a71c-7d2e9ed90f59.jpg ||| /Users/lcchai/Work/assets/official/garmin/010-02445-00.jpg
https://buy.garmin.com/en-US/US/p/713363/pn/010-02445-01 ||| https://static.garmincdn.com/en/products/010-02445-01/v/cf-lg-79578cf9-68de-457b-8063-6b7bdc53adb7.jpg ||| /Users/lcchai/Work/assets/official/garmin/010-02445-01.jpg
https://buy.garmin.com/en-US/US/p/713363/pn/010-02445-02 ||| https://static.garmincdn.com/en/products/010-02445-02/v/cf-lg-21ae8d49-c4ad-4c5c-a802-b89992db414b.jpg ||| /Users/lcchai/Work/assets/official/garmin/010-02445-02.jpg
https://buy.garmin.com/en-US/US/p/713363/pn/010-02445-03 ||| https://static.garmincdn.com/en/products/010-02445-03/v/cf-lg-edb77306-ed8d-4ed1-a93a-3bc2991431d1.jpg ||| /Users/lcchai/Work/assets/official/garmin/010-02445-03.jpg
https://buy.garmin.com/en-US/US/p/715733 ||| https://static.garmincdn.com/en/products/010-02293-15/v/cf-lg-26211879-13ca-40c8-986c-eff32d5095c7.jpg ||| /Users/lcchai/Work/assets/official/garmin/010-02293-15.jpg
https://buy.garmin.com/en-US/US/p/715733/pn/010-02293-15 ||| https://static.garmincdn.com/en/products/010-02293-15/v/cf-lg-26211879-13ca-40c8-986c-eff32d5095c7.jpg ||| /Users/lcchai/Work/assets/official/garmin/010-02293-15.jpg
https://buy.garmin.com/en-US/US/p/715733/pn/010-02293-16 ||| https://static.garmincdn.com/en/products/010-02293-16/v/cf-lg-90088c2f-d8f3-460e-a504-a781dcebebcb.jpg ||| /Users/lcchai/Work/assets/official/garmin/010-02293-16.jpg
https://buy.garmin.com/en-US/US/p/715736 ||| https://static.garmincdn.com/en/products/010-02293-17/v/cf-lg-96e7e174-004c-4ceb-a162-24a82121784f.jpg ||| /Users/lcchai/Work/assets/official/garmin/010-02293-17.jpg
https://buy.garmin.com/en-US/US/p/715736/pn/010-02293-17 ||| https://static.garmincdn.com/en/products/010-02293-17/v/cf-lg-96e7e174-004c-4ceb-a162-24a82121784f.jpg ||| /Users/lcchai/Work/assets/official/garmin/010-02293-17.jpg
https://buy.garmin.com/en-US/US/p/715736/pn/010-02293-18 ||| https://static.garmincdn.com/en/products/010-02293-18/v/cf-lg-30d4fa1f-3573-44f4-9951-5449b77274a1.jpg ||| /Users/lcchai/Work/assets/official/garmin/010-02293-18.jpg
https://buy.garmin.com/en-US/US/p/715870 ||| https://static.garmincdn.com/en/products/010-02454-00/g/cf-lg-dd0c1a30-e449-43b6-a076-b3ad59e3b72b.jpg ||| /Users/lcchai/Work/assets/official/garmin/010-02454-00.jpg
https://buy.garmin.com/en-US/US/p/715870/pn/010-02454-00 ||| https://static.garmincdn.com/en/products/010-02454-00/g/cf-lg-dd0c1a30-e449-43b6-a076-b3ad59e3b72b.jpg ||| /Users/lcchai/Work/assets/official/garmin/010-02454-00.jpg
https://buy.garmin.com/en-US/US/p/716891 ||| https://static.garmincdn.com/en/products/010-02293-13/v/cf-lg-c8b74ddb-47f2-4ec6-8550-9b237aef02b0.jpg ||| /Users/lcchai/Work/assets/official/garmin/010-02293-13.jpg
https://buy.garmin.com/en-US/US/p/716891/pn/010-02293-13 ||| https://static.garmincdn.com/en/products/010-02293-13/v/cf-lg-c8b74ddb-47f2-4ec6-8550-9b237aef02b0.jpg ||| /Users/lcchai/Work/assets/official/garmin/010-02293-13.jpg
https://buy.garmin.com/en-US/US/p/716891/pn/010-02293-14 ||| https://static.garmincdn.com/en/products/010-02293-14/v/cf-lg-f39feb99-de80-4473-b3fd-561355f7a3a3.jpg ||| /Users/lcchai/Work/assets/official/garmin/010-02293-14.jpg
https://buy.garmin.com/en-US/US/p/719696 ||| https://static.garmincdn.com/en/products/010-02384-A0/v/cf-lg-adb1b830-fff8-453a-a87c-43fbf3c683e5.jpg ||| /Users/lcchai/Work/assets/official/garmin/010-02384-A0.jpg
https://buy.garmin.com/en-US/US/p/719696/pn/010-02384-A0 ||| https://static.garmincdn.com/en/products/010-02384-A0/v/cf-lg-adb1b830-fff8-453a-a87c-43fbf3c683e5.jpg ||| /Users/lcchai/Work/assets/official/garmin/010-02384-A0.jpg
https://buy.garmin.com/en-US/US/p/719696/pn/010-02384-A1 ||| https://static.garmincdn.com/en/products/010-02384-A1/v/cf-lg-64f1e779-8d0d-47eb-8a9b-b41c409693ca.jpg ||| /Users/lcchai/Work/assets/official/garmin/010-02384-A1.jpg
https://buy.garmin.com/en-US/US/p/719696/pn/010-02384-A3 ||| https://static.garmincdn.com/en/products/010-02384-A3/v/cf-lg-acb7ca1b-4c5a-486e-ad5f-eec5d0529178.jpg ||| /Users/lcchai/Work/assets/official/garmin/010-02384-A3.jpg
https://buy.garmin.com/en-US/US/p/721216 ||| https://static.garmincdn.com/en/products/010-02472-00/v/cf-lg-b3827053-718e-41bf-8d07-124cffacad41.jpg ||| /Users/lcchai/Work/assets/official/garmin/010-02472-00.jpg
https://buy.garmin.com/en-US/US/p/721216/pn/010-02472-00 ||| https://static.garmincdn.com/en/products/010-02472-00/v/cf-lg-b3827053-718e-41bf-8d07-124cffacad41.jpg ||| /Users/lcchai/Work/assets/official/garmin/010-02472-00.jpg
https://buy.garmin.com/en-US/US/p/721216/pn/010-02472-01 ||| https://static.garmincdn.com/en/products/010-02472-01/v/cf-lg-bff519e2-3b80-4c45-abd2-ece0af2dd8fc.jpg ||| /Users/lcchai/Work/assets/official/garmin/010-02472-01.jpg
https://buy.garmin.com/en-US/US/p/721216/pn/010-02472-02 ||| https://static.garmincdn.com/en/products/010-02472-02/v/cf-lg-b470ce34-e17c-4047-a065-f354894fa14b.jpg ||| /Users/lcchai/Work/assets/official/garmin/010-02472-02.jpg
https://buy.garmin.com/en-US/US/p/725447 ||| https://static.garmincdn.com/en/products/010-02157-30/g/cf-lg-51ceb9e7-a658-4506-8b3a-a8eea58fed3d.jpg ||| /Users/lcchai/Work/assets/official/garmin/010-02157-30.jpg
https://buy.garmin.com/en-US/US/p/725447/pn/010-02157-30 ||| https://static.garmincdn.com/en/products/010-02157-30/g/cf-lg-51ceb9e7-a658-4506-8b3a-a8eea58fed3d.jpg ||| /Users/lcchai/Work/assets/official/garmin/010-02157-30.jpg
https://buy.garmin.com/en-US/US/p/733535 ||| https://static.garmincdn.com/en/products/010-02357-50/v/cf-lg-6a8b18fd-6977-4cb8-b54f-953460997ce0.jpg ||| /Users/lcchai/Work/assets/official/garmin/010-02357-50.jpg
https://buy.garmin.com/en-US/US/p/733535/pn/010-02357-50 ||| https://static.garmincdn.com/en/products/010-02357-50/v/cf-lg-6a8b18fd-6977-4cb8-b54f-953460997ce0.jpg ||| /Users/lcchai/Work/assets/official/garmin/010-02357-50.jpg
https://buy.garmin.com/en-US/US/p/742152 ||| https://static.garmincdn.com/en/products/010-02567-30/g/cf-lg-dd2cff3b-8234-4487-abd8-ccd7fd147540.jpg ||| /Users/lcchai/Work/assets/official/garmin/010-02567-30.jpg
https://buy.garmin.com/en-US/US/p/742152/pn/010-02567-30 ||| https://static.garmincdn.com/en/products/010-02567-30/g/cf-lg-dd2cff3b-8234-4487-abd8-ccd7fd147540.jpg ||| /Users/lcchai/Work/assets/official/garmin/010-02567-30.jpg
https://buy.garmin.com/en-US/US/p/742170 ||| https://static.garmincdn.com/en/products/010-02567-00/g/cf-lg-c5f3d700-9d74-4394-8eb0-294291ad7707.jpg ||| /Users/lcchai/Work/assets/official/garmin/010-02567-00.jpg
https://buy.garmin.com/en-US/US/p/742170/pn/010-02567-00 ||| https://static.garmincdn.com/en/products/010-02567-00/g/cf-lg-c5f3d700-9d74-4394-8eb0-294291ad7707.jpg ||| /Users/lcchai/Work/assets/official/garmin/010-02567-00.jpg
https://buy.garmin.com/en-US/US/p/742174 ||| https://static.garmincdn.com/en/products/010-02567-20/g/cf-lg-e5a85376-d962-45aa-9763-82e067bb5ab0.jpg ||| /Users/lcchai/Work/assets/official/garmin/010-02567-20.jpg
https://buy.garmin.com/en-US/US/p/742174/pn/010-02567-20 ||| https://static.garmincdn.com/en/products/010-02567-20/g/cf-lg-e5a85376-d962-45aa-9763-82e067bb5ab0.jpg ||| /Users/lcchai/Work/assets/official/garmin/010-02567-20.jpg
https://buy.garmin.com/en-US/US/p/742207 ||| https://static.garmincdn.com/en/products/010-02567-10/g/cf-lg-30273226-d8fd-4982-bf3b-8c176be118d8.jpg ||| /Users/lcchai/Work/assets/official/garmin/010-02567-10.jpg
https://buy.garmin.com/en-US/US/p/742207/pn/010-02567-10 ||| https://static.garmincdn.com/en/products/010-02567-10/g/cf-lg-30273226-d8fd-4982-bf3b-8c176be118d8.jpg ||| /Users/lcchai/Work/assets/official/garmin/010-02567-10.jpg
https://buy.garmin.com/en-US/US/p/743387 ||| https://static.garmincdn.com/en/products/010-02572-10/v/cf-lg-5ed90c18-d9f4-4994-af6d-7dce137f35b7.jpg ||| /Users/lcchai/Work/assets/official/garmin/010-02572-10.jpg
https://buy.garmin.com/en-US/US/p/743387/pn/010-02572-10 ||| https://static.garmincdn.com/en/products/010-02572-10/v/cf-lg-5ed90c18-d9f4-4994-af6d-7dce137f35b7.jpg ||| /Users/lcchai/Work/assets/official/garmin/010-02572-10.jpg
https://buy.garmin.com/en-US/US/p/743387/pn/010-02572-11 ||| https://static.garmincdn.com/en/products/010-02572-11/v/cf-lg-5c8dd3ec-49ea-4419-9cb1-137964c18627.jpg ||| /Users/lcchai/Work/assets/official/garmin/010-02572-11.jpg
https://buy.garmin.com/en-US/US/p/743387/pn/010-02572-12 ||| https://static.garmincdn.com/en/products/010-02572-12/v/cf-lg-2b8652a3-cf52-4e1a-9744-75a287b9276a.jpg ||| /Users/lcchai/Work/assets/official/garmin/010-02572-12.jpg
https://buy.garmin.com/en-US/US/p/761998 ||| https://static.garmincdn.com/en/products/010-02064-72/g/cf-lg-2be98ce2-6828-41c5-9a9b-7d54709eaaf1.jpg ||| /Users/lcchai/Work/assets/official/garmin/010-02064-72.jpg
https://buy.garmin.com/en-US/US/p/761998/pn/010-02064-73 ||| https://static.garmincdn.com/en/products/010-02064-72/g/cf-lg-2be98ce2-6828-41c5-9a9b-7d54709eaaf1.jpg ||| /Users/lcchai/Work/assets/official/garmin/010-02064-72.jpg
