https://www.glashuette-original.com/collection/ladies/lady-serenade/1-39-22-02-02-34 ||| 404
https://www.glashuette-original.com/collection/ladies/lady-serenade/1-39-22-02-22-34 ||| 404
https://www.glashuette-original.com/collection/ladies/lady-serenade/1-39-22-08-02-34 ||| 404
https://www.glashuette-original.com/collection/ladies/lady-serenade/1-39-22-08-22-34 ||| 404
https://www.glashuette-original.com/collection/ladies/lady-serenade/1-39-22-09-06-34 ||| 404
https://www.glashuette-original.com/collection/ladies/lady-serenade/1-39-22-09-16-34 ||| 404
https://www.glashuette-original.com/collection/ladies/lady-serenade/1-39-22-11-02-34 ||| 404
https://www.glashuette-original.com/collection/ladies/lady-serenade/1-39-22-11-22-34 ||| 404
https://www.glashuette-original.com/collection/ladies/lady-serenade/1-39-22-12-02-34 ||| 404
https://www.glashuette-original.com/collection/ladies/lady-serenade/1-39-22-12-22-34 ||| 404
https://www.glashuette-original.com/collection/ladies/lady-serenade/1-39-22-20-02-34 ||| 404
https://www.glashuette-original.com/collection/ladies/lady-serenade/1-39-22-20-22-34 ||| 404
https://www.glashuette-original.com/collection/ladies/panomatic-luna/1-90-12-01-12-01 ||| 404
https://www.glashuette-original.com/collection/ladies/panomatic-luna/1-90-12-01-12-02 ||| 404
https://www.glashuette-original.com/collection/ladies/panomatic-luna/1-90-12-02-12-02 ||| 404
https://www.glashuette-original.com/collection/pano/panograph/1-61-03-25-15-04 ||| 404
https://www.glashuette-original.com/collection/pano/panomaticlunar/1-90-02-13-32-70 ||| 404
https://www.glashuette-original.com/collection/pano/panomaticlunar/1-90-02-45-35-05 ||| 404
https://www.glashuette-original.com/collection/pano/panoreserve/1-65-01-25-15-04 ||| 404
https://www.glashuette-original.com/collection/senator/senator-chronograph-panorama-date/1-37-01-03-02-33 ||| 404
https://www.glashuette-original.com/collection/senator/senator-cosmopolite/1-89-02-05-02-70 ||| 404
https://www.glashuette-original.com/collection/senator/senator-observer/100-14-02-02-04 ||| 404
https://www.glashuette-original.com/collection/senator/senator-observer/100-14-02-02-05 ||| 404
https://www.glashuette-original.com/collection/senator/senator-observer/100-14-05-02-04 ||| 404
https://www.glashuette-original.com/collection/senator/senator-observer/100-14-05-02-14 ||| 404
https://www.glashuette-original.com/collection/senator/senator-observer/100-14-07-02-70 ||| 404
https://www.glashuette-original.com/collection/spezialist/seaq-panorama-date/1-36-13-02-81-70 ||| 404
https://www.glashuette-original.com/collection/spezialist/seaq-panorama-date/1-36-13-03-90-34 ||| 404
https://www.glashuette-original.com/collection/spezialist/seaq/1-39-11-09-81-70 ||| 404
https://www.glashuette-original.com/collection/vintage/seventies-chronograph-panorama-date/1-37-02-01-02-33 ||| 404
https://www.glashuette-original.com/collection/vintage/seventies-chronograph-panorama-date/1-37-02-01-02-70 ||| 404
https://www.glashuette-original.com/collection/vintage/seventies-chronograph-panorama-date/1-37-02-03-02-33 ||| 404
https://www.glashuette-original.com/collection/vintage/seventies-chronograph-panorama-date/1-37-02-03-02-70 ||| 404
https://www.glashuette-original.com/collection/vintage/seventies-panorama-date/2-39-47-12-12-04 ||| 404
https://www.glashuette-original.com/collection/vintage/seventies-panorama-date/2-39-47-12-12-14 ||| 404
https://www.glashuette-original.com/en/watches/spezialist/seaq-1-39-11-13-83-33/ ||| 404
https://www.glashuette-original.com/en/watches/spezialist/seaq-1-39-11-13-83-34/ ||| 404
https://www.glashuette-original.com/en/watches/spezialist/seaq-1-39-11-13-83-70/ ||| 404
