https://www.gucci.com/us/en/pr/jewelry-watches/watches/watches-for-men/doraemon-x-gucci-dive-watch-40mm-p-656359ICTA08740 ||| 404
https://www.gucci.com/us/en/pr/jewelry-watches/watches/watches-for-men/doraemon-x-gucci-dive-watch-40mm-p-656359ICTA08740 ||| no thumbnail
https://www.gucci.com/us/en/pr/jewelry-watches/watches/watches-for-men/g-timeless-watch-38mm-p-529710I18A08489?position=30&listName=ProductGrid&categoryPath=Jewelry-Watches/Watches/Watches-For-Men ||| 404
https://www.gucci.com/us/en/pr/jewelry-watches/watches/watches-for-men/g-timeless-watch-38mm-p-530236I16001402?position=12&listName=ProductGrid&categoryPath=Jewelry-Watches/Watches/Watches-For-Men ||| 404
https://www.gucci.com/us/en/pr/jewelry-watches/watches/watches-for-men/g-timeless-watch-38mm-p-530237I86008486?position=13&listName=ProductGrid&categoryPath=Jewelry-Watches/Watches/Watches-For-Men ||| 404
https://www.gucci.com/us/en/pr/jewelry-watches/watches/watches-for-men/g-timeless-watch-38mm-p-584145I16008561?position=29&listName=ProductGrid&categoryPath=Jewelry-Watches/Watches/Watches-For-Men ||| 404
https://www.gucci.com/us/en/pr/jewelry-watches/watches/watches-for-men/g-timeless-watch-38mm-p-609936I16008489?position=21&listName=ProductGrid&categoryPath=Jewelry-Watches/Watches/Watches-For-Men ||| 404
https://www.gucci.com/us/en/pr/jewelry-watches/watches/watches-for-men/g-timeless-watch-40mm-p-559773I18G08605?position=36&listName=ProductGrid&categoryPath=Jewelry-Watches/Watches/Watches-For-Men ||| 404
https://www.gucci.com/us/en/pr/jewelry-watches/watches/watches-for-men/g-timeless-watch-42mm-p-584164I16008460?position=32&listName=ProductGrid&categoryPath=Jewelry-Watches/Watches/Watches-For-Men ||| 404
https://www.gucci.com/us/en/pr/jewelry-watches/watches/watches-for-men/grip-38-mm-p-652698I16008605 ||| 404
https://www.gucci.com/us/en/pr/jewelry-watches/watches/watches-for-men/gucci-dive-watch-45mm-p-559810I16001402?position=20&listName=ProductGrid&categoryPath=Jewelry-Watches/Watches/Watches-For-Men ||| 404
https://www.gucci.com/us/en/pr/jewelry-watches/watches/watches-for-men/gucci-dive-watch-45mm-p-559817I86108757?position=16&listName=ProductGrid&categoryPath=Jewelry-Watches/Watches/Watches-For-Men ||| 404
https://www.gucci.com/us/en/pr/jewelry-watches/watches/watches-for-women/disney-x-gucci-donald-duck-g-timeless-contemporary-38-mm-p-652707ICSA08521 ||| 404
https://www.gucci.com/us/en/pr/jewelry-watches/watches/watches-for-women/disney-x-gucci-donald-duck-g-timeless-contemporary-38-mm-p-652707ICSA08521 ||| no thumbnail
https://www.gucci.com/us/en/pr/jewelry-watches/watches/watches-for-women/doraemon-x-gucci-dive-watch-40mm-p-656375ICSA08740 ||| 404
https://www.gucci.com/us/en/pr/jewelry-watches/watches/watches-for-women/doraemon-x-gucci-dive-watch-40mm-p-656375ICSA08740 ||| no thumbnail
https://www.gucci.com/us/en/pr/jewelry-watches/watches/watches-for-women/g-timeless-watch-27mm-p-530242I16001402?position=13&listName=ProductGrid&categoryPath=Jewelry-Watches/Watches/Watches-For-Women ||| 404
https://www.gucci.com/us/en/pr/jewelry-watches/watches/watches-for-women/g-timeless-watch-27mm-p-530243I86008486?position=14&listName=ProductGrid&categoryPath=Jewelry-Watches/Watches/Watches-For-Women ||| 404
https://www.gucci.com/us/en/pr/jewelry-watches/watches/watches-for-women/g-timeless-watch-27mm-p-561451I16001402?position=15&listName=ProductGrid&categoryPath=Jewelry-Watches/Watches/Watches-For-Women ||| 404
https://www.gucci.com/us/en/pr/jewelry-watches/watches/watches-for-women/g-timeless-watch-27mm-p-609961J6A708591?position=16&listName=ProductGrid&categoryPath=Jewelry-Watches/Watches/Watches-For-Women ||| 404
https://www.gucci.com/us/en/pr/jewelry-watches/watches/watches-for-women/g-timeless-watch-38mm-p-561365I16008489?position=12&listName=ProductGrid&categoryPath=Jewelry-Watches/Watches/Watches-For-Women ||| 404
https://www.gucci.com/us/en/pr/jewelry-watches/watches/watches-for-women/g-timeless-watch-38mm-p-561365I16008489?position=14&listName=ProductGrid&categoryPath=Jewelry-Watches/Watches/Watches-For-Men ||| 404
https://www.gucci.com/us/en/pr/jewelry-watches/watches/watches-for-women/g-timeless-watch-38mm-p-561378I86Q09786?position=18&listName=ProductGrid&categoryPath=Jewelry-Watches/Watches/Watches-For-Women ||| 404
https://www.gucci.com/us/en/pr/jewelry-watches/watches/watches-for-women/g-timeless-watch-38mm-p-584150I16008606?position=11&listName=ProductGrid&categoryPath=Jewelry-Watches/Watches/Watches-For-Men ||| 404
https://www.gucci.com/us/en/pr/jewelry-watches/watches/watches-for-women/g-timeless-watch-38mm-p-584150I16008606?position=11&listName=ProductGrid&categoryPath=Jewelry-Watches/Watches/Watches-For-Women ||| 404
https://www.gucci.com/us/en/pr/jewelry-watches/watches/watches-for-women/g-timeless-watch-38mm-p-584154I86A08505?position=25&listName=ProductGrid&categoryPath=Jewelry-Watches/Watches/Watches-For-Women ||| 404
https://www.gucci.com/us/en/pr/jewelry-watches/watches/watches-for-women/g-timeless-watch-40mm-p-559787I86A08759?position=21&listName=ProductGrid&categoryPath=Jewelry-Watches/Watches/Watches-For-Women ||| 404
https://www.gucci.com/us/en/pr/jewelry-watches/watches/watches-for-women/g-timeless-watch-40mm-p-609966I16001108?position=9&listName=ProductGrid&categoryPath=Jewelry-Watches/Watches/Watches-For-Women ||| 404
https://www.gucci.com/us/en/pr/jewelry-watches/watches/watches-for-women/grip-watch-35mm-p-584267I16008504?position=1&listName=ProductGrid&categoryPath=Jewelry-Watches/Watches/Watches-For-Men ||| 404
https://www.gucci.com/us/en/pr/jewelry-watches/watches/watches-for-women/grip-watch-35mm-p-584267I16008504?position=1&listName=ProductGrid&categoryPath=Jewelry-Watches/Watches/Watches-For-Women ||| 404
https://www.gucci.com/us/en/pr/jewelry-watches/watches/watches-for-women/grip-watch-35mm-p-584271ICBA08576?position=6&listName=ProductGrid&categoryPath=Jewelry-Watches/Watches/Watches-For-Men ||| 404
https://www.gucci.com/us/en/pr/jewelry-watches/watches/watches-for-women/grip-watch-35mm-p-584271ICBA08576?position=6&listName=ProductGrid&categoryPath=Jewelry-Watches/Watches/Watches-For-Women ||| 404
https://www.gucci.com/us/en/pr/jewelry-watches/watches/watches-for-women/grip-watch-35mm-p-584272I86008740?position=2&listName=ProductGrid&categoryPath=Jewelry-Watches/Watches/Watches-For-Men ||| 404
https://www.gucci.com/us/en/pr/jewelry-watches/watches/watches-for-women/grip-watch-35mm-p-584272I86008740?position=2&listName=ProductGrid&categoryPath=Jewelry-Watches/Watches/Watches-For-Women ||| 404
https://www.gucci.com/us/en/pr/jewelry-watches/watches/watches-for-women/grip-watch-35mm-p-584275I18V08508?position=5&listName=ProductGrid&categoryPath=Jewelry-Watches/Watches/Watches-For-Men ||| 404
https://www.gucci.com/us/en/pr/jewelry-watches/watches/watches-for-women/grip-watch-35mm-p-584275I18V08508?position=5&listName=ProductGrid&categoryPath=Jewelry-Watches/Watches/Watches-For-Women ||| 404
https://www.gucci.com/us/en/pr/jewelry-watches/watches/watches-for-women/grip-watch-38mm-p-596509I86008740?position=3&listName=ProductGrid&categoryPath=Jewelry-Watches/Watches/Watches-For-Men ||| 404
https://www.gucci.com/us/en/pr/jewelry-watches/watches/watches-for-women/grip-watch-38mm-p-596509I86008740?position=3&listName=ProductGrid&categoryPath=Jewelry-Watches/Watches/Watches-For-Women ||| 404
https://www.gucci.com/us/en/pr/jewelry-watches/watches/watches-for-women/grip-watch-38mm-p-596512I16008504?position=4&listName=ProductGrid&categoryPath=Jewelry-Watches/Watches/Watches-For-Men ||| 404
https://www.gucci.com/us/en/pr/jewelry-watches/watches/watches-for-women/grip-watch-38mm-p-596512I16008504?position=4&listName=ProductGrid&categoryPath=Jewelry-Watches/Watches/Watches-For-Women ||| 404
https://www.gucci.com/us/en/pr/jewelry-watches/watches/watches-for-women/grip-watch-38mm-p-596517ICBA08576?position=7&listName=ProductGrid&categoryPath=Jewelry-Watches/Watches/Watches-For-Men ||| 404
https://www.gucci.com/us/en/pr/jewelry-watches/watches/watches-for-women/grip-watch-38mm-p-596517ICBA08576?position=7&listName=ProductGrid&categoryPath=Jewelry-Watches/Watches/Watches-For-Women ||| 404
https://www.gucci.com/us/en/pr/jewelry-watches/watches/watches-for-women/grip-watch-38mm-p-596518I18V08508?position=8&listName=ProductGrid&categoryPath=Jewelry-Watches/Watches/Watches-For-Men ||| 404
https://www.gucci.com/us/en/pr/jewelry-watches/watches/watches-for-women/grip-watch-38mm-p-596518I18V08508?position=8&listName=ProductGrid&categoryPath=Jewelry-Watches/Watches/Watches-For-Women ||| 404
https://www.gucci.com/us/en/pr/jewelry-watches/watches/watches-for-women/le-marche-des-merveilles-watch-38mm-p-561241I18A08606?position=27&listName=ProductGrid&categoryPath=Jewelry-Watches/Watches/Watches-For-Men ||| 404
