https://www.hublot.com/en-us/watches/big-bang-black-magic-44-mm ||| 404
https://www.hublot.com/en-us/watches/big-bang-ceramic-blue-44-mm ||| 404
https://www.hublot.com/en-us/watches/big-bang-e-black-ceramic-42-mm ||| 404
https://www.hublot.com/en-us/watches/big-bang-e-premier-league-42-mm ||| 404
https://www.hublot.com/en-us/watches/big-bang-e-uefa-champions-leaguetm-42-mm ||| 404
https://www.hublot.com/en-us/watches/big-bang-ferrari-unico-carbon-red-ceramic-45-mm ||| 404
https://www.hublot.com/en-us/watches/big-bang-gold-white-diamonds-38-mm ||| 404
https://www.hublot.com/en-us/watches/big-bang-integral-king-gold-42-mm ||| 404
https://www.hublot.com/en-us/watches/big-bang-integral-titanium-42-mm ||| 404
https://www.hublot.com/en-us/watches/big-bang-meca-10-ceramic-blue-45-mm ||| 404
https://www.hublot.com/en-us/watches/big-bang-meca-10-king-gold-45-mm ||| 404
https://www.hublot.com/en-us/watches/big-bang-one-click-steel-diamonds-39-mm ||| 404
https://www.hublot.com/en-us/watches/big-bang-sang-bleu-ii-king-gold-white-45-mm ||| 404
https://www.hublot.com/en-us/watches/big-bang-sang-bleu-ii-king-gold-white-pave-45-mm ||| 404
https://www.hublot.com/en-us/watches/big-bang-sang-bleu-ii-titanium-white-45-mm ||| 404
https://www.hublot.com/en-us/watches/big-bang-sang-bleu-ii-titanium-white-pave-45-mm ||| 404
https://www.hublot.com/en-us/watches/big-bang-unico-berluti-cold-brown-45-mm ||| 404
https://www.hublot.com/en-us/watches/big-bang-unico-blue-magic-42-mm ||| 404
https://www.hublot.com/en-us/watches/big-bang-unico-camo-yohji-yamamoto-45-mm ||| 404
https://www.hublot.com/en-us/watches/big-bang-unico-king-gold-blue-42-mm ||| 404
https://www.hublot.com/en-us/watches/big-bang-unico-red-carbon-alex-ovechkin-45-mm ||| 404
https://www.hublot.com/en-us/watches/big-bang-unico-titanium-blue-42-mm ||| 404
https://www.hublot.com/en-us/watches/classic-fusion-chronograph-titanium-rubber-42-mm ||| 404
https://www.hublot.com/en-us/watches/classic-fusion-chronograph-titanium-rubber-45-mm ||| 404
https://www.hublot.com/en-us/watches/classic-fusion-concrete-jungle-new-york-45-mm ||| 404
https://www.hublot.com/en-us/watches/classic-fusion-ferrari-gt-titanium-45-mm ||| 404
https://www.hublot.com/en-us/watches/classic-fusion-king-gold-33-mm ||| 404
https://www.hublot.com/en-us/watches/classic-fusion-king-gold-38-mm ||| 404
https://www.hublot.com/en-us/watches/classic-fusion-king-gold-42-mm ||| 404
https://www.hublot.com/en-us/watches/classic-fusion-king-gold-45-mm ||| 404
https://www.hublot.com/en-us/watches/classic-fusion-king-gold-diamonds-33-mm ||| 404
https://www.hublot.com/en-us/watches/classic-fusion-king-gold-diamonds-38-mm ||| 404
https://www.hublot.com/en-us/watches/classic-fusion-orlinski-king-gold-40-mm ||| 404
https://www.hublot.com/en-us/watches/classic-fusion-orlinski-king-gold-pave-40-mm ||| 404
https://www.hublot.com/en-us/watches/classic-fusion-orlinski-king-gold-white-40-mm ||| 404
https://www.hublot.com/en-us/watches/classic-fusion-orlinski-king-gold-white-alternative-pave-40-mm ||| 404
https://www.hublot.com/en-us/watches/classic-fusion-orlinski-king-gold-white-pave-40-mm ||| 404
https://www.hublot.com/en-us/watches/classic-fusion-orlinski-titanium-40-mm ||| 404
https://www.hublot.com/en-us/watches/classic-fusion-orlinski-titanium-pave-40-mm ||| 404
https://www.hublot.com/en-us/watches/classic-fusion-orlinski-titanium-white-40-mm ||| 404
https://www.hublot.com/en-us/watches/classic-fusion-orlinski-titanium-white-alternative-pave-40-mm ||| 404
https://www.hublot.com/en-us/watches/classic-fusion-orlinski-titanium-white-pave-40-mm ||| 404
https://www.hublot.com/en-us/watches/classic-fusion-titanium-diamonds-33-mm ||| 404
https://www.hublot.com/en-us/watches/classic-fusion-titanium-diamonds-38-mm ||| 404
https://www.hublot.com/en-us/watches/classic-fusion-titanium-king-gold-33-mm ||| 404
https://www.hublot.com/en-us/watches/classic-fusion-titanium-king-gold-38-mm ||| 404
https://www.hublot.com/en-us/watches/classic-fusion-titanium-king-gold-42-mm ||| 404
https://www.hublot.com/en-us/watches/classic-fusion-titanium-king-gold-45-mm ||| 404
https://www.hublot.com/en-us/watches/classic-fusion-titanium-rubber-33-mm ||| 404
https://www.hublot.com/en-us/watches/classic-fusion-titanium-rubber-38-mm ||| 404
https://www.hublot.com/en-us/watches/classic-fusion-titanium-rubber-42-mm ||| 404
https://www.hublot.com/en-us/watches/classic-fusion-titanium-rubber-45-mm ||| 404
https://www.hublot.com/en-us/watches/classic-fusion/classic-fusion-chronograph-las-vegas-boutique-45-mm ||| 404
https://www.hublot.com/en-us/watches/classic-fusion/classic-fusion-chronograph-las-vegas-boutique-diamonds-45-mm ||| 404
https://www.hublot.com/en-us/watches/spirit-of-big-bang-black-magic-42-mm ||| 404
https://www.hublot.com/en-us/watches/spirit-of-big-bang-black-magic-45-mm ||| 404
https://www.hublot.com/en-us/watches/spirit-of-big-bang-king-gold-diamonds-39-mm ||| 404
https://www.hublot.com/en-us/watches/spirit-of-big-bang-king-gold-white-diamonds-39-mm ||| 404
https://www.hublot.com/en-us/watches/spirit-of-big-bang-sapphire-42-mm ||| 404
https://www.hublot.com/en-us/watches/spirit-of-big-bang-titanium-diamonds-39-mm ||| 404
https://www.hublot.com/en-us/watches/spirit-of-big-bang-titanium-white-diamonds-39-mm ||| 404
https://www.hublot.com/en/collection/big-bang/big-bang-black-magic-44 ||| 404
https://www.hublot.com/en/collection/big-bang/big-bang-ceramic-blue-44mm ||| 404
https://www.hublot.com/en/collection/big-bang/big-bang-ceramic-blue-diamonds-38mm ||| 404
https://www.hublot.com/en/collection/big-bang/big-bang-ceramic-blue-diamonds-41mm ||| 404
https://www.hublot.com/en/collection/big-bang/big-bang-ferrari-chronograph-unico-carbon-red-ceramic-45mm ||| 404
https://www.hublot.com/en/collection/big-bang/big-bang-ferrari-chronograph-unico-magic-gold-45mm ||| 404
https://www.hublot.com/en/collection/big-bang/big-bang-ferrari-chronograph-unico-titanium-45mm ||| 404
https://www.hublot.com/en/collection/big-bang/big-bang-gold-44 ||| 404
https://www.hublot.com/en/collection/big-bang/big-bang-gold-44-1 ||| 404
https://www.hublot.com/en/collection/big-bang/big-bang-gold-blue-44mm ||| 404
https://www.hublot.com/en/collection/big-bang/big-bang-gold-blue-diamonds-38mm ||| 404
https://www.hublot.com/en/collection/big-bang/big-bang-gold-blue-diamonds-41mm ||| 404
https://www.hublot.com/en/collection/big-bang/big-bang-gold-ceramic-44 ||| 404
https://www.hublot.com/en/collection/big-bang/big-bang-gold-ceramic-44-1 ||| 404
https://www.hublot.com/en/collection/big-bang/big-bang-gold-diamonds-38 ||| 404
https://www.hublot.com/en/collection/big-bang/big-bang-gold-diamonds-41 ||| 404
https://www.hublot.com/en/collection/big-bang/big-bang-gold-diamonds-44 ||| 404
https://www.hublot.com/en/collection/big-bang/big-bang-gold-pave-38 ||| 404
https://www.hublot.com/en/collection/big-bang/big-bang-gold-pave-41 ||| 404
https://www.hublot.com/en/collection/big-bang/big-bang-gold-pave-44 ||| 404
https://www.hublot.com/en/collection/big-bang/big-bang-gold-white-diamonds-38 ||| 404
https://www.hublot.com/en/collection/big-bang/big-bang-gold-white-diamonds-41 ||| 404
https://www.hublot.com/en/collection/big-bang/big-bang-gold-white-pave-38 ||| 404
https://www.hublot.com/en/collection/big-bang/big-bang-gold-white-pave-41 ||| 404
https://www.hublot.com/en/collection/big-bang/big-bang-meca-10-black-magic-45mm ||| 404
https://www.hublot.com/en/collection/big-bang/big-bang-meca-10-ceramic-blue-45mm ||| 404
https://www.hublot.com/en/collection/big-bang/big-bang-meca-10-full-magic-gold-45mm ||| 404
https://www.hublot.com/en/collection/big-bang/big-bang-meca-10-king-gold-45mm ||| 404
https://www.hublot.com/en/collection/big-bang/big-bang-meca-10-king-gold-blue-45mm ||| 404
https://www.hublot.com/en/collection/big-bang/big-bang-meca-10-titanium-45mm ||| 404
https://www.hublot.com/en/collection/big-bang/big-bang-mp-11-power-reserve-14-days-king-gold-3d-carbon-45mm ||| 404
https://www.hublot.com/en/collection/big-bang/big-bang-one-click-blue-sapphire-diamonds-39mm ||| 404
https://www.hublot.com/en/collection/big-bang/big-bang-one-click-king-gold-blue-diamonds-39mm ||| 404
https://www.hublot.com/en/collection/big-bang/big-bang-one-click-king-gold-full-pave-39mm ||| 404
https://www.hublot.com/en/collection/big-bang/big-bang-one-click-king-gold-white-full-pave-39mm ||| 404
https://www.hublot.com/en/collection/big-bang/big-bang-one-click-pink-sapphire-diamonds-39mm ||| 404
https://www.hublot.com/en/collection/big-bang/big-bang-one-click-rainbow-king-gold-39mm ||| 404
https://www.hublot.com/en/collection/big-bang/big-bang-one-click-sapphire-diamonds-39mm ||| 404
https://www.hublot.com/en/collection/big-bang/big-bang-one-click-steel-blue-diamonds-39mm ||| 404
https://www.hublot.com/en/collection/big-bang/big-bang-one-click-steel-full-pave-39mm ||| 404
https://www.hublot.com/en/collection/big-bang/big-bang-one-click-steel-white-full-pave-39mm ||| 404
https://www.hublot.com/en/collection/big-bang/big-bang-steel-44 ||| 404
https://www.hublot.com/en/collection/big-bang/big-bang-steel-44-1 ||| 404
https://www.hublot.com/en/collection/big-bang/big-bang-steel-blue-44mm ||| 404
https://www.hublot.com/en/collection/big-bang/big-bang-steel-blue-diamonds-38mm ||| 404
https://www.hublot.com/en/collection/big-bang/big-bang-steel-ceramic-44 ||| 404
https://www.hublot.com/en/collection/big-bang/big-bang-steel-ceramic-44-1 ||| 404
https://www.hublot.com/en/collection/big-bang/big-bang-steel-diamonds-38 ||| 404
https://www.hublot.com/en/collection/big-bang/big-bang-steel-diamonds-41 ||| 404
https://www.hublot.com/en/collection/big-bang/big-bang-steel-diamonds-44 ||| 404
https://www.hublot.com/en/collection/big-bang/big-bang-steel-pave-38 ||| 404
https://www.hublot.com/en/collection/big-bang/big-bang-steel-pave-41 ||| 404
https://www.hublot.com/en/collection/big-bang/big-bang-steel-pave-44 ||| 404
https://www.hublot.com/en/collection/big-bang/big-bang-steel-white-diamonds-38 ||| 404
https://www.hublot.com/en/collection/big-bang/big-bang-steel-white-pave-38 ||| 404
https://www.hublot.com/en/collection/big-bang/big-bang-tourbillon-power-reserve-5-days-all-black-45mm ||| 404
https://www.hublot.com/en/collection/big-bang/big-bang-tourbillon-power-reserve-5-days-blue-sapphire-45mm ||| 404
https://www.hublot.com/en/collection/big-bang/big-bang-tourbillon-power-reserve-5-days-full-magic-gold-45mm ||| error
https://www.hublot.com/en/collection/big-bang/big-bang-tourbillon-power-reserve-5-days-king-gold ||| 404
https://www.hublot.com/en/collection/big-bang/big-bang-tourbillon-power-reserve-5-days-red-sapphire-45mm ||| 404
https://www.hublot.com/en/collection/big-bang/big-bang-tourbillon-power-reserve-5-days-sapphire-45mm ||| 404
https://www.hublot.com/en/collection/big-bang/big-bang-unico-black-magic-42mm ||| 404
https://www.hublot.com/en/collection/big-bang/big-bang-unico-black-magic-45 ||| 404
https://www.hublot.com/en/collection/big-bang/big-bang-unico-blue-magic-45mm ||| 404
https://www.hublot.com/en/collection/big-bang/big-bang-unico-blue-sapphire-45mm ||| 404
https://www.hublot.com/en/collection/big-bang/big-bang-unico-gmt-carbon-blue-ceramic-45mm ||| 404
https://www.hublot.com/en/collection/big-bang/big-bang-unico-gmt-king-gold-blue-ceramic-45mm ||| 404
https://www.hublot.com/en/collection/big-bang/big-bang-unico-gmt-titanium-blue-ceramic-45mm ||| 404
https://www.hublot.com/en/collection/big-bang/big-bang-unico-golf-45mm ||| 404
https://www.hublot.com/en/collection/big-bang/big-bang-unico-king-gold-42mm ||| 404
https://www.hublot.com/en/collection/big-bang/big-bang-unico-king-gold-45 ||| 404
https://www.hublot.com/en/collection/big-bang/big-bang-unico-king-gold-blue-45mm ||| 404
https://www.hublot.com/en/collection/big-bang/big-bang-unico-king-gold-ceramic-42mm ||| 404
https://www.hublot.com/en/collection/big-bang/big-bang-unico-king-gold-ceramic-45 ||| 404
https://www.hublot.com/en/collection/big-bang/big-bang-unico-king-gold-diamonds-42mm ||| 404
https://www.hublot.com/en/collection/big-bang/big-bang-unico-king-gold-diamonds-45mm ||| 404
https://www.hublot.com/en/collection/big-bang/big-bang-unico-king-gold-jewellery-42mm ||| 404
https://www.hublot.com/en/collection/big-bang/big-bang-unico-king-gold-jewellery-45 ||| 404
https://www.hublot.com/en/collection/big-bang/big-bang-unico-king-gold-pave-42mm ||| 404
https://www.hublot.com/en/collection/big-bang/big-bang-unico-king-gold-pave-45 ||| 404
https://www.hublot.com/en/collection/big-bang/big-bang-unico-king-gold-white-42mm ||| 404
https://www.hublot.com/en/collection/big-bang/big-bang-unico-king-gold-white-diamonds-42mm ||| 404
https://www.hublot.com/en/collection/big-bang/big-bang-unico-king-gold-white-pave-42mm ||| 404
https://www.hublot.com/en/collection/big-bang/big-bang-unico-magic-gold ||| 404
https://www.hublot.com/en/collection/big-bang/big-bang-unico-magic-sapphire-45mm ||| 404
https://www.hublot.com/en/collection/big-bang/big-bang-unico-rainbow-king-gold-45mm ||| 404
https://www.hublot.com/en/collection/big-bang/big-bang-unico-red-sapphire-45mm ||| 404
https://www.hublot.com/en/collection/big-bang/big-bang-unico-titanium-42mm ||| 404
https://www.hublot.com/en/collection/big-bang/big-bang-unico-titanium-45 ||| 404
https://www.hublot.com/en/collection/big-bang/big-bang-unico-titanium-blue-45mm ||| 404
https://www.hublot.com/en/collection/big-bang/big-bang-unico-titanium-ceramic-42mm ||| 404
https://www.hublot.com/en/collection/big-bang/big-bang-unico-titanium-ceramic-45 ||| 404
https://www.hublot.com/en/collection/big-bang/big-bang-unico-titanium-diamonds-42mm ||| 404
https://www.hublot.com/en/collection/big-bang/big-bang-unico-titanium-diamonds-45mm ||| 404
https://www.hublot.com/en/collection/big-bang/big-bang-unico-titanium-jewellery-42mm ||| 404
https://www.hublot.com/en/collection/big-bang/big-bang-unico-titanium-jewellery-45 ||| 404
https://www.hublot.com/en/collection/big-bang/big-bang-unico-titanium-pave-42mm ||| 404
https://www.hublot.com/en/collection/big-bang/big-bang-unico-titanium-pave-45 ||| 404
https://www.hublot.com/en/collection/big-bang/big-bang-unico-titanium-white-42mm ||| 404
https://www.hublot.com/en/collection/big-bang/big-bang-unico-titanium-white-diamonds-42mm ||| 404
https://www.hublot.com/en/collection/big-bang/big-bang-unico-titanium-white-pave-42mm ||| 404
https://www.hublot.com/en/collection/big-bang/big-bang-unico-white-ceramic-42mm ||| 404
https://www.hublot.com/en/collection/big-bang/big-bang-unico-white-ceramic-45mm ||| 404
https://www.hublot.com/en/collection/classic-fusion/classic-fusion-aerofusion-black-magic-45 ||| 404
https://www.hublot.com/en/collection/classic-fusion/classic-fusion-aerofusion-chronograph-orlinski-king-gold-alternative-pave-45mm ||| 404
https://www.hublot.com/en/collection/classic-fusion/classic-fusion-aerofusion-chronograph-orlinski-king-gold-pave-45mm ||| 404
https://www.hublot.com/en/collection/classic-fusion/classic-fusion-aerofusion-chronograph-orlinski-red-ceramic-45mm ||| 404
https://www.hublot.com/en/collection/classic-fusion/classic-fusion-aerofusion-chronograph-orlinski-titanium-pave-45mm ||| 404
https://www.hublot.com/en/collection/classic-fusion/classic-fusion-aerofusion-king-gold-45 ||| 404
https://www.hublot.com/en/collection/classic-fusion/classic-fusion-aerofusion-king-gold-pave-45mm ||| 404
https://www.hublot.com/en/collection/classic-fusion/classic-fusion-aerofusion-moonphase-black-magic ||| 404
https://www.hublot.com/en/collection/classic-fusion/classic-fusion-aerofusion-moonphase-king-gold-diamonds-45 ||| 404
https://www.hublot.com/en/collection/classic-fusion/classic-fusion-aerofusion-moonphase-king-gold-pave-45 ||| 404
https://www.hublot.com/en/collection/classic-fusion/classic-fusion-aerofusion-moonphase-titanium-diamonds-45 ||| 404
https://www.hublot.com/en/collection/classic-fusion/classic-fusion-aerofusion-moonphase-titanium-pave-45 ||| 404
https://www.hublot.com/en/collection/classic-fusion/classic-fusion-aerofusion-titanium-45 ||| 404
https://www.hublot.com/en/collection/classic-fusion/classic-fusion-aerofusion-titanium-diamonds-45mm ||| 404
https://www.hublot.com/en/collection/classic-fusion/classic-fusion-black-magic-45mm ||| 404
https://www.hublot.com/en/collection/classic-fusion/classic-fusion-black-magic-bracelet-45mm ||| 404
https://www.hublot.com/en/collection/classic-fusion/classic-fusion-black-magic-bracelet-diamonds-38mm ||| 404
https://www.hublot.com/en/collection/classic-fusion/classic-fusion-blue-chronograph-king-gold-bracelet-45mm ||| 404
https://www.hublot.com/en/collection/classic-fusion/classic-fusion-blue-chronograph-titanium-45mm ||| 404
https://www.hublot.com/en/collection/classic-fusion/classic-fusion-blue-chronograph-titanium-bracelet-45mm ||| 404
https://www.hublot.com/en/collection/classic-fusion/classic-fusion-blue-king-gold-45mm ||| 404
https://www.hublot.com/en/collection/classic-fusion/classic-fusion-blue-king-gold-bracelet-45mm ||| 404
https://www.hublot.com/en/collection/classic-fusion/classic-fusion-blue-titanium-45mm ||| 404
https://www.hublot.com/en/collection/classic-fusion/classic-fusion-blue-titanium-bracelet-45mm ||| 404
https://www.hublot.com/en/collection/classic-fusion/classic-fusion-ceramic-blue-45mm ||| 404
https://www.hublot.com/en/collection/classic-fusion/classic-fusion-ceramic-blue-bracelet-45mm ||| 404
https://www.hublot.com/en/collection/classic-fusion/classic-fusion-ceramic-blue-bracelet-diamonds-38mm ||| 404
https://www.hublot.com/en/collection/classic-fusion/classic-fusion-ceramic-blue-chronograph-45mm ||| 404
https://www.hublot.com/en/collection/classic-fusion/classic-fusion-ceramic-king-gold-45mm ||| 404
https://www.hublot.com/en/collection/classic-fusion/classic-fusion-chronograph-berluti-cold-brown-45mm ||| 404
https://www.hublot.com/en/collection/classic-fusion/classic-fusion-chronograph-black-magic-45mm ||| 404
https://www.hublot.com/en/collection/classic-fusion/classic-fusion-chronograph-black-magic-bracelet-45mm ||| 404
https://www.hublot.com/en/collection/classic-fusion/classic-fusion-chronograph-ceramic-blue-bracelet-45mm ||| 404
https://www.hublot.com/en/collection/classic-fusion/classic-fusion-chronograph-ceramic-king-gold-45mm ||| 404
https://www.hublot.com/en/collection/classic-fusion/classic-fusion-chronograph-green-king-gold-45mm ||| 404
https://www.hublot.com/en/collection/classic-fusion/classic-fusion-chronograph-king-gold-45 ||| 404
https://www.hublot.com/en/collection/classic-fusion/classic-fusion-chronograph-king-gold-bracelet-45mm ||| 404
https://www.hublot.com/en/collection/classic-fusion/classic-fusion-chronograph-king-gold-opalin-45 ||| 404
https://www.hublot.com/en/collection/classic-fusion/classic-fusion-chronograph-king-gold-pave-45 ||| 404
https://www.hublot.com/en/collection/classic-fusion/classic-fusion-chronograph-titanium-45 ||| 404
https://www.hublot.com/en/collection/classic-fusion/classic-fusion-chronograph-titanium-bracelet-45mm ||| 404
https://www.hublot.com/en/collection/classic-fusion/classic-fusion-chronograph-titanium-diamonds-45 ||| 404
https://www.hublot.com/en/collection/classic-fusion/classic-fusion-chronograph-titanium-king-gold-45 ||| 404
https://www.hublot.com/en/collection/classic-fusion/classic-fusion-chronograph-titanium-opalin-45 ||| 404
https://www.hublot.com/en/collection/classic-fusion/classic-fusion-chronograph-titanium-pave-45 ||| 404
https://www.hublot.com/en/collection/classic-fusion/classic-fusion-integrated-bracelet-king-gold-brown-diamonds-38mm ||| 404
https://www.hublot.com/en/collection/classic-fusion/classic-fusion-king-gold-45 ||| 404
https://www.hublot.com/en/collection/classic-fusion/classic-fusion-king-gold-bracelet-45 ||| 404
https://www.hublot.com/en/collection/classic-fusion/classic-fusion-king-gold-diamonds-45 ||| 404
https://www.hublot.com/en/collection/classic-fusion/classic-fusion-king-gold-opalin-45 ||| 404
https://www.hublot.com/en/collection/classic-fusion/classic-fusion-king-gold-pave-45 ||| 404
https://www.hublot.com/en/collection/classic-fusion/classic-fusion-orlinski-king-gold-40mm ||| 404
https://www.hublot.com/en/collection/classic-fusion/classic-fusion-orlinski-king-gold-alternative-pave-40mm ||| 404
https://www.hublot.com/en/collection/classic-fusion/classic-fusion-orlinski-king-gold-pave-40mm ||| 404
https://www.hublot.com/en/collection/classic-fusion/classic-fusion-orlinski-titanium-40mm ||| 404
https://www.hublot.com/en/collection/classic-fusion/classic-fusion-orlinski-titanium-alternative-pave-40mm ||| 404
https://www.hublot.com/en/collection/classic-fusion/classic-fusion-orlinski-titanium-pave-40mm ||| 404
https://www.hublot.com/en/collection/classic-fusion/classic-fusion-racing-grey-chronograph-king-gold-45 ||| 404
https://www.hublot.com/en/collection/classic-fusion/classic-fusion-racing-grey-chronograph-titanium-45 ||| 404
https://www.hublot.com/en/collection/classic-fusion/classic-fusion-racing-grey-king-gold-45 ||| 404
https://www.hublot.com/en/collection/classic-fusion/classic-fusion-racing-grey-titanium-45 ||| 404
https://www.hublot.com/en/collection/classic-fusion/classic-fusion-titanium-45 ||| 404
https://www.hublot.com/en/collection/classic-fusion/classic-fusion-titanium-bracelet-45 ||| 404
https://www.hublot.com/en/collection/classic-fusion/classic-fusion-titanium-diamonds-45 ||| 404
https://www.hublot.com/en/collection/classic-fusion/classic-fusion-titanium-king-gold-45 ||| 404
https://www.hublot.com/en/collection/classic-fusion/classic-fusion-titanium-opalin-45 ||| 404
https://www.hublot.com/en/collection/classic-fusion/classic-fusion-titanium-pave-45 ||| 404
https://www.hublot.com/en/collection/classic-fusion/classic-fusion-tourbillon-power-reserve-5-days-orlinski-black-magic-45mm ||| 404
https://www.hublot.com/en/collection/classic-fusion/classic-fusion-tourbillon-power-reserve-5-days-orlinski-king-gold-45mm ||| 404
https://www.hublot.com/en/collection/mp/mp-09-tourbillon-bi-axis-3d-carbon ||| 404
https://www.hublot.com/en/collection/novelties/techframe-ferrari-tourbillon-chronograph-carbon-yellow-45mm ||| 404
https://www.hublot.com/en/collection/novelties/techframe-ferrari-tourbillon-chronograph-sapphire-white-gold ||| 404
https://www.hublot.com/en/collection/spirit-of-big-bang/spirit-of-big-bang-black-magic ||| 404
https://www.hublot.com/en/collection/spirit-of-big-bang/spirit-of-big-bang-blue-sapphire-42mm ||| 404
https://www.hublot.com/en/collection/spirit-of-big-bang/spirit-of-big-bang-full-magic-gold-45mm ||| 404
https://www.hublot.com/en/collection/spirit-of-big-bang/spirit-of-big-bang-king-gold ||| 404
https://www.hublot.com/en/collection/spirit-of-big-bang/spirit-of-big-bang-king-gold-blue-diamonds-39mm ||| 404
https://www.hublot.com/en/collection/spirit-of-big-bang/spirit-of-big-bang-king-gold-ceramic ||| 404
https://www.hublot.com/en/collection/spirit-of-big-bang/spirit-of-big-bang-king-gold-diamonds ||| 404
https://www.hublot.com/en/collection/spirit-of-big-bang/spirit-of-big-bang-king-gold-diamonds-39mm ||| 404
https://www.hublot.com/en/collection/spirit-of-big-bang/spirit-of-big-bang-king-gold-full-pave-39mm ||| 404
https://www.hublot.com/en/collection/spirit-of-big-bang/spirit-of-big-bang-king-gold-jewellery ||| 404
https://www.hublot.com/en/collection/spirit-of-big-bang/spirit-of-big-bang-king-gold-pave ||| 404
https://www.hublot.com/en/collection/spirit-of-big-bang/spirit-of-big-bang-king-gold-pave-39mm ||| 404
https://www.hublot.com/en/collection/spirit-of-big-bang/spirit-of-big-bang-king-gold-white-diamonds-39mm ||| 404
https://www.hublot.com/en/collection/spirit-of-big-bang/spirit-of-big-bang-king-gold-white-full-pave-39mm ||| 404
https://www.hublot.com/en/collection/spirit-of-big-bang/spirit-of-big-bang-king-gold-white-pave-39mm ||| 404
https://www.hublot.com/en/collection/spirit-of-big-bang/spirit-of-big-bang-light-blue-ceramic-king-gold-diamonds-39mm ||| 404
https://www.hublot.com/en/collection/spirit-of-big-bang/spirit-of-big-bang-light-blue-ceramic-titanium-diamonds-39mm ||| 404
https://www.hublot.com/en/collection/spirit-of-big-bang/spirit-of-big-bang-moonphase-king-gold ||| 404
https://www.hublot.com/en/collection/spirit-of-big-bang/spirit-of-big-bang-moonphase-king-gold-white-diamonds-42mm ||| 404
https://www.hublot.com/en/collection/spirit-of-big-bang/spirit-of-big-bang-moonphase-king-gold-white-pave-42mm ||| 404
https://www.hublot.com/en/collection/spirit-of-big-bang/spirit-of-big-bang-moonphase-titanium ||| 404
https://www.hublot.com/en/collection/spirit-of-big-bang/spirit-of-big-bang-moonphase-titanium-white-diamonds-42mm ||| 404
https://www.hublot.com/en/collection/spirit-of-big-bang/spirit-of-big-bang-moonphase-titanium-white-pave-42mm ||| 404
https://www.hublot.com/en/collection/spirit-of-big-bang/spirit-of-big-bang-pink-ceramic-king-gold-diamonds-39mm ||| 404
https://www.hublot.com/en/collection/spirit-of-big-bang/spirit-of-big-bang-pink-ceramic-titanium-diamonds-39mm ||| 404
https://www.hublot.com/en/collection/spirit-of-big-bang/spirit-of-big-bang-sapphire-45mm ||| error
https://www.hublot.com/en/collection/spirit-of-big-bang/spirit-of-big-bang-titanium ||| 404
https://www.hublot.com/en/collection/spirit-of-big-bang/spirit-of-big-bang-titanium-blue-45mm ||| 404
https://www.hublot.com/en/collection/spirit-of-big-bang/spirit-of-big-bang-titanium-blue-diamonds-39mm ||| 404
https://www.hublot.com/en/collection/spirit-of-big-bang/spirit-of-big-bang-titanium-ceramic ||| 404
https://www.hublot.com/en/collection/spirit-of-big-bang/spirit-of-big-bang-titanium-diamonds-39mm ||| 404
https://www.hublot.com/en/collection/spirit-of-big-bang/spirit-of-big-bang-titanium-full-pave-39mm ||| 404
https://www.hublot.com/en/collection/spirit-of-big-bang/spirit-of-big-bang-titanium-jewellery ||| 404
https://www.hublot.com/en/collection/spirit-of-big-bang/spirit-of-big-bang-titanium-pave ||| 404
https://www.hublot.com/en/collection/spirit-of-big-bang/spirit-of-big-bang-titanium-pave-39mm ||| 404
https://www.hublot.com/en/collection/spirit-of-big-bang/spirit-of-big-bang-titanium-white-diamonds-39mm ||| 404
https://www.hublot.com/en/collection/spirit-of-big-bang/spirit-of-big-bang-titanium-white-full-pave-39mm ||| 404
https://www.hublot.com/en/collection/spirit-of-big-bang/spirit-of-big-bang-titanium-white-pave-39mm ||| 404
https://www.hublot.com/en/collection/spirit-of-big-bang/spirit-of-big-bang-tourbillon-carbon-black-42mm ||| 404
https://www.hublot.com/en/collection/spirit-of-big-bang/spirit-of-big-bang-tourbillon-carbon-blue-42mm ||| 404
https://www.hublot.com/en/collection/spirit-of-big-bang/spirit-of-big-bang-white-ceramic ||| 404
