https://www.hugoboss.com/black-plated-chronograph-watch-with-gold-effect-elements/hbeu58089064_999.html ||| 404
https://www.hugoboss.com/black-plated-stainless-steel-watch-with-beige-perforated-leather-strap-/hbeu58070356_999.html ||| 404
https://www.hugoboss.com/black-plated-watch-with-black-dial-and-italian-leather-strap/hbeu58079070_999.html ||| 404
https://www.hugoboss.com/black-plated-watch-with-black-dial-and-luminescent-details/hbeu58079018_999.html ||| 404
https://www.hugoboss.com/black-plated-watch-with-luminescent-details-and-silicone-strap/hbeu58079055_999.html ||| 404
https://www.hugoboss.com/black-plated-watch-with-skeleton-subdials-and-link-bracelet-/hbeu58089085_999.html ||| 404
https://www.hugoboss.com/blue-dial-watch-with-textured-bezel-and-tan-leather-strap/hbeu58079047_999.html ||| 404
https://www.hugoboss.com/blue-plated-watch-with-textured-dial-and-logo-strap/hbeu58089066_999.html ||| 404
https://www.hugoboss.com/blue-plated-watch-with-tonal-mesh-bracelet-and-dial/hbeu58089071_999.html ||| 404
https://www.hugoboss.com/brushed-stainless-steel-watch-with-black-dial/hbeu58089054_999.html ||| 404
https://www.hugoboss.com/brushed-steel-watch-with-blue-dial-and-link-bracelet/hbeu58089084_999.html ||| 404
https://www.hugoboss.com/carnation-gold-effect-chronograph-watch-with-black-dial/hbeu58089061_999.html ||| 404
https://www.hugoboss.com/carnation-gold-effect-chronograph-watch-with-black-leather-strap/hbeu58089029_999.html ||| 404
https://www.hugoboss.com/carnation-gold-plated-watch-with-embossed-reverse-logo-dial/hbeu58083000_999.html ||| 404
https://www.hugoboss.com/carnation-gold-plated-watch-with-link-bracelet/hbeu58082954_999.html ||| error
https://www.hugoboss.com/carnation-gold-tone-watch-with-h-link-bracelet/hbeu58089015_999.html ||| 404
https://www.hugoboss.com/carnation-gold-tone-watch-with-swarovski%C2%AE-crystals/hbeu58089017_999.html ||| 404
https://www.hugoboss.com/grey-dial-chronograph-watch-with-gold-effect-accents/hbeu58088994_999.html ||| 404
https://www.hugoboss.com/grey-dial-watch-with-beige-gold-finish/hbeu58089058_999.html ||| 404
https://www.hugoboss.com/grey-plated-watch-with-city-name-engraved-bezel/hbeu58082968_999.html ||| 404
https://www.hugoboss.com/ice-gold-effect-watch-with-honeycomb-textured-dial/hbeu58089094_999.html ||| 404
https://www.hugoboss.com/khaki-plated-watch-with-blue-dial-and-silicone-strap/hbeu58089090_999.html ||| 404
https://www.hugoboss.com/leather-strap-watch-with-black-sunray-brushed-dial/hbeu58082910_999.html ||| 404
https://www.hugoboss.com/leather-strap-watch-with-blue-bezel/hbeu58073838_999.html ||| 404
https://www.hugoboss.com/link-bracelet-chronograph-watch-with-black-dial/hbeu58089025_999.html ||| 404
https://www.hugoboss.com/link-bracelet-chronograph-watch-with-blue-dial/hbeu58089026_999.html ||| 404
https://www.hugoboss.com/mesh-bracelet-chronograph-watch-with-grey-dial/hbeu58089060_999.html ||| 404
https://www.hugoboss.com/mesh-bracelet-watch-with-camouflage-dial/hbeu58073834_999.html ||| 404
https://www.hugoboss.com/multi-eye-chronograph-watch-with-blue-leather-strap/hbeu58083004_999.html ||| 404
https://www.hugoboss.com/multi-eye-watch-with-black-honeycomb-dial-and-leather-strap/hbeu58089092_999.html ||| 404
https://www.hugoboss.com/pink-leather-strap-watch-with-silver-white-dial/hbeu58089057_999.html ||| 404
https://www.hugoboss.com/polished-stainless-steel-chronograph-watch-with-grey-dial-and-mesh-bracelet/hbeu58054498_999.html ||| 404
https://www.hugoboss.com/polished-stainless-steel-watch-with-swarovski%C2%AE-crystals/hbeu58089023_999.html ||| 404
https://www.hugoboss.com/round-watch-with-vertical-brushed-dial-and-slim-leather-strap/hbeu58082980_999.html ||| 404
https://www.hugoboss.com/stainless-steel-chronograph-watch-with-black-rotating-bezel/hbeu58079085_999.html ||| 404
https://www.hugoboss.com/stainless-steel-watch-with-black-dial-and-leather-strap/hbeu58088999_999.html ||| 404
https://www.hugoboss.com/stainless-steel-watch-with-black-tachymeter-and-brown-leather-strap/hbeu58079031_999.html ||| 404
https://www.hugoboss.com/stainless-steel-watch-with-swarovski%C2%AE-crystals-and-twisted-bar-details/hbeu58089020_999.html ||| 404
https://www.hugoboss.com/stainless-steel-watch-with-textured-bezel-and-link-strap/hbeu58079061_999.html ||| 404
https://www.hugoboss.com/stainless-steel-watch-with-tonal-dial-and-brown-leather-strap/hbeu58089043_999.html ||| 404
https://www.hugoboss.com/textured-bezel-watch-with-italian-leather-strap/hbeu58079033_999.html ||| 404
https://www.hugoboss.com/textured-bezel-watch-with-leather-lined-woven-strap/hbeu58078943_999.html ||| 404
https://www.hugoboss.com/textured-bezel-watch-with-stainless-steel-mesh-bracelet/hbeu58079048_999.html ||| 404
https://www.hugoboss.com/three-hand-watch-in-stainless-steel-with-stitched-rubber-strap/hbeu58073814_999.html ||| 404
https://www.hugoboss.com/unisex-camouflage-print-watch-with-reverse-logo/hbeu58073800_999.html ||| 404
https://www.hugoboss.com/unisex-reverse-logo-watch-with-white-silicone-strap/hbeu58073798_999.html ||| 404
https://www.hugoboss.com/unisex-silicone-strap-watch-with-reverse-logo/hbeu58073796_999.html ||| 404
https://www.hugoboss.com/yellow-gold-effect-chronograph-watch-with-black-dial/hbeu58089034_999.html ||| 404
https://www.hugoboss.com/yellow-gold-effect-watch-with-blue-dial/hbeu58089052_999.html ||| 404
https://www.hugoboss.com/yellow-gold-effect-watch-with-grey-dial/hbeu58089056_999.html ||| 404
https://www.hugoboss.com/yellow-gold-tone-watch-with-swarovski%C2%AE-crystals/hbeu58089022_999.html ||| 404
