https://www.hugoboss.com/angular-frame-sunglasses-with-black-and-gold-rim/hbeu58088345_999.html ||| https://images.hugoboss.com/is/image/boss/hbeu58088345_999_220?$social_sharing$ ||| /Users/lcchai/Work/assets/official/hugoboss/hbeu58088345_999_220.jpg
https://www.hugoboss.com/beige-gold-effect-watch-with-blue-leather-strap/hbeu58089058_999.html ||| https://images.hugoboss.com/is/image/boss/hbeu58089058_999_200?$social_sharing$ ||| /Users/lcchai/Work/assets/official/hugoboss/hbeu58089058_999_200.jpg
https://www.hugoboss.com/beige-gold-effect-watch-with-logo-link/hbeu58093818_999.html ||| https://images.hugoboss.com/is/image/boss/hbeu58093818_999_200?$social_sharing$ ||| /Users/lcchai/Work/assets/official/hugoboss/hbeu58093818_999_200.jpg
https://www.hugoboss.com/black-bezel-multi-eye-watch-with-leather-strap/hbeu58098376_999.html ||| https://images.hugoboss.com/is/image/boss/hbeu58098376_999_200?$social_sharing$ ||| /Users/lcchai/Work/assets/official/hugoboss/hbeu58098376_999_200.jpg
https://www.hugoboss.com/black-bezel-multi-eye-watch-with-link-bracelet/hbeu58098374_999.html ||| https://images.hugoboss.com/is/image/boss/hbeu58098374_999_200?$social_sharing$ ||| /Users/lcchai/Work/assets/official/hugoboss/hbeu58098374_999_200.jpg
https://www.hugoboss.com/black-dial-chronograph-watch-with-link-bracelet/hbeu58098447_999.html ||| https://images.hugoboss.com/is/image/boss/hbeu58098447_999_200?$social_sharing$ ||| /Users/lcchai/Work/assets/official/hugoboss/hbeu58098447_999_200.jpg
https://www.hugoboss.com/black-dial-watch-with-blue-perforated-leather-strap/hbeu58070357_999.html ||| https://images.hugoboss.com/is/image/boss/hbeu58070357_999_21?$social_sharing$ ||| /Users/lcchai/Work/assets/official/hugoboss/hbeu58070357_999_21.jpg
https://www.hugoboss.com/black-leather-strap-watch-with-textured-blue-dial/hbeu58093845_999.html ||| https://images.hugoboss.com/is/image/boss/hbeu58093845_999_200?$social_sharing$ ||| /Users/lcchai/Work/assets/official/hugoboss/hbeu58093845_999_200.jpg
https://www.hugoboss.com/black-leather-strap-watch-with-tonal-dial/hbeu58082980_999.html ||| https://images.hugoboss.com/is/image/boss/hbeu58082980_999_200?$social_sharing$ ||| /Users/lcchai/Work/assets/official/hugoboss/hbeu58082980_999_200.jpg
https://www.hugoboss.com/black-plated-chronograph-watch-with-link-bracelet/hbeu58098396_999.html ||| https://images.hugoboss.com/is/image/boss/hbeu58098396_999_200?$social_sharing$ ||| /Users/lcchai/Work/assets/official/hugoboss/hbeu58098396_999_200.jpg
https://www.hugoboss.com/black-plated-chronograph-watch-with-rotating-reflector-ring/hbeu58098421_999.html ||| https://images.hugoboss.com/is/image/boss/hbeu58098421_999_200?$social_sharing$ ||| /Users/lcchai/Work/assets/official/hugoboss/hbeu58098421_999_200.jpg
https://www.hugoboss.com/black-plated-chronograph-watch-with-silicone-strap/hbeu58098408_999.html ||| https://images.hugoboss.com/is/image/boss/hbeu58098408_999_200?$social_sharing$ ||| /Users/lcchai/Work/assets/official/hugoboss/hbeu58098408_999_200.jpg
https://www.hugoboss.com/black-plated-chronograph-watch-with-stitched-leather-strap/hbeu58098393_999.html ||| https://images.hugoboss.com/is/image/boss/hbeu58098393_999_200?$social_sharing$ ||| /Users/lcchai/Work/assets/official/hugoboss/hbeu58098393_999_200.jpg
https://www.hugoboss.com/black-plated-multi-eye-watch-with-textured-silicone-strap/hbeu58098519_999.html ||| https://images.hugoboss.com/is/image/boss/hbeu58098519_999_200?$social_sharing$ ||| /Users/lcchai/Work/assets/official/hugoboss/hbeu58098519_999_200.jpg
https://www.hugoboss.com/black-plated-two-hand-watch-with-mesh-bracelet/hbeu58093821_999.html ||| https://images.hugoboss.com/is/image/boss/hbeu58093821_999_200?$social_sharing$ ||| /Users/lcchai/Work/assets/official/hugoboss/hbeu58093821_999_200.jpg
https://www.hugoboss.com/black-plated-watch-with-brushed-and-polished-finishes/hbeu58093843_999.html ||| https://images.hugoboss.com/is/image/boss/hbeu58093843_999_200?$social_sharing$ ||| /Users/lcchai/Work/assets/official/hugoboss/hbeu58093843_999_200.jpg
https://www.hugoboss.com/black-plated-watch-with-link-bracelet/hbeu58098451_999.html ||| https://images.hugoboss.com/is/image/boss/hbeu58098451_999_200?$social_sharing$ ||| /Users/lcchai/Work/assets/official/hugoboss/hbeu58098451_999_200.jpg
https://www.hugoboss.com/black-plated-watch-with-mesh-effect-dial/hbeu58098533_999.html ||| https://images.hugoboss.com/is/image/boss/hbeu58098533_999_200?$social_sharing$ ||| /Users/lcchai/Work/assets/official/hugoboss/hbeu58098533_999_200.jpg
https://www.hugoboss.com/black-plated-watch-with-stardust-effect-dial/hbeu58082996_999.html ||| https://images.hugoboss.com/is/image/boss/hbeu58082996_999_200?$social_sharing$ ||| /Users/lcchai/Work/assets/official/hugoboss/hbeu58082996_999_200.jpg
https://www.hugoboss.com/black-plated-watch-with-swarovski%C2%AE-crystals-and-mesh-bracelet/hbeu58082944_999.html ||| https://images.hugoboss.com/is/image/boss/hbeu58082944_999_200?$social_sharing$ ||| /Users/lcchai/Work/assets/official/hugoboss/hbeu58082944_999_200.jpg
https://www.hugoboss.com/blue-bezel-multi-eye-watch-with-leather-strap/hbeu58098372_999.html ||| https://images.hugoboss.com/is/image/boss/hbeu58098372_999_200?$social_sharing$ ||| /Users/lcchai/Work/assets/official/hugoboss/hbeu58098372_999_200.jpg
https://www.hugoboss.com/blue-bezel-multi-eye-watch-with-link-bracelet/hbeu58098375_999.html ||| https://images.hugoboss.com/is/image/boss/hbeu58098375_999_200?$social_sharing$ ||| /Users/lcchai/Work/assets/official/hugoboss/hbeu58098375_999_200.jpg
https://www.hugoboss.com/blue-dial-chronograph-watch-with-h-link-bracelet/hbeu58098434_999.html ||| https://images.hugoboss.com/is/image/boss/hbeu58098434_999_200?$social_sharing$ ||| /Users/lcchai/Work/assets/official/hugoboss/hbeu58098434_999_200.jpg
https://www.hugoboss.com/blue-dial-chronograph-watch-with-stitched-leather-strap/hbeu58098433_999.html ||| https://images.hugoboss.com/is/image/boss/hbeu58098433_999_200?$social_sharing$ ||| /Users/lcchai/Work/assets/official/hugoboss/hbeu58098433_999_200.jpg
https://www.hugoboss.com/blue-plated-watch-with-blue-dial-and-mesh-bracelet/hbeu58082945_999.html ||| https://images.hugoboss.com/is/image/boss/hbeu58082945_999_200?$social_sharing$ ||| /Users/lcchai/Work/assets/official/hugoboss/hbeu58082945_999_200.jpg
https://www.hugoboss.com/blue-plated-watch-with-carbon-fibre-effect-dial/hbeu58093842_999.html ||| https://images.hugoboss.com/is/image/boss/hbeu58093842_999_200?$social_sharing$ ||| /Users/lcchai/Work/assets/official/hugoboss/hbeu58093842_999_200.jpg
https://www.hugoboss.com/blue-plated-watch-with-swarovski%C2%AE-crystals-and-mesh-bracelet/hbeu58082881_999.html ||| https://images.hugoboss.com/is/image/boss/hbeu58082881_999_200?$social_sharing$ ||| /Users/lcchai/Work/assets/official/hugoboss/hbeu58082881_999_200.jpg
https://www.hugoboss.com/blue-plated-watch-with-textured-tonal-bracelet/hbeu58098520_999.html ||| https://images.hugoboss.com/is/image/boss/hbeu58098520_999_200?$social_sharing$ ||| /Users/lcchai/Work/assets/official/hugoboss/hbeu58098520_999_200.jpg
https://www.hugoboss.com/carnation-gold-effect-watch-with-branded-h-link-bracelet/hbeu58098472_999.html ||| https://images.hugoboss.com/is/image/boss/hbeu58098472_999_200?$social_sharing$ ||| /Users/lcchai/Work/assets/official/hugoboss/hbeu58098472_999_200.jpg
https://www.hugoboss.com/carnation-gold-effect-watch-with-crystal-markers/hbeu58093795_999.html ||| https://images.hugoboss.com/is/image/boss/hbeu58093795_999_200?$social_sharing$ ||| /Users/lcchai/Work/assets/official/hugoboss/hbeu58093795_999_200.jpg
https://www.hugoboss.com/carnation-gold-effect-watch-with-logo-bezel/hbeu58098470_999.html ||| https://images.hugoboss.com/is/image/boss/hbeu58098470_999_200?$social_sharing$ ||| /Users/lcchai/Work/assets/official/hugoboss/hbeu58098470_999_200.jpg
https://www.hugoboss.com/carnation-gold-effect-watch-with-reverse-logo-dial/hbeu58083000_999.html ||| https://images.hugoboss.com/is/image/boss/hbeu58083000_999_200?$social_sharing$ ||| /Users/lcchai/Work/assets/official/hugoboss/hbeu58083000_999_200.jpg
https://www.hugoboss.com/carnation-gold-effect-watch-with-swarovski%C2%AE-crystal-indexes/hbeu58098378_999.html ||| https://images.hugoboss.com/is/image/boss/hbeu58098378_999_200?$social_sharing$ ||| /Users/lcchai/Work/assets/official/hugoboss/hbeu58098378_999_200.jpg
https://www.hugoboss.com/carnation-gold-effect-watch-with-swarovski%C2%AE-crystals/hbeu58093805_999.html ||| https://images.hugoboss.com/is/image/boss/hbeu58093805_999_200?$social_sharing$ ||| /Users/lcchai/Work/assets/official/hugoboss/hbeu58093805_999_200.jpg
https://www.hugoboss.com/carnation-gold-effect-watch-with-swarovski%C2%AE-crystals/hbeu58093840_999.html ||| https://images.hugoboss.com/is/image/boss/hbeu58093840_999_200?$social_sharing$ ||| /Users/lcchai/Work/assets/official/hugoboss/hbeu58093840_999_200.jpg
https://www.hugoboss.com/carnation-gold-effect-watch-with-swarovski%C2%AE-crystals/hbeu58098444_999.html ||| https://images.hugoboss.com/is/image/boss/hbeu58098444_999_200?$social_sharing$ ||| /Users/lcchai/Work/assets/official/hugoboss/hbeu58098444_999_200.jpg
https://www.hugoboss.com/carnation-gold-finish-watch-with-swarovski%C2%AE-crystal-markers/hbeu58093797_999.html ||| https://images.hugoboss.com/is/image/boss/hbeu58093797_999_200?$social_sharing$ ||| /Users/lcchai/Work/assets/official/hugoboss/hbeu58093797_999_200.jpg
https://www.hugoboss.com/carnation-gold-plated-crystal-trimmed-watch-with-mesh-bracelet/hbeu58079058_999.html ||| https://images.hugoboss.com/is/image/boss/hbeu58079058_999_200?$social_sharing$ ||| /Users/lcchai/Work/assets/official/hugoboss/hbeu58079058_999_200.jpg
https://www.hugoboss.com/carnation-gold-plated-watch-with-blue-two-tier-dial/hbeu58082959_999.html ||| https://images.hugoboss.com/is/image/boss/hbeu58082959_999_200?$social_sharing$ ||| /Users/lcchai/Work/assets/official/hugoboss/hbeu58082959_999_200.jpg
https://www.hugoboss.com/carnation-gold-plated-watch-with-dark-grey-textured-dial/hbeu58079016_999.html ||| https://images.hugoboss.com/is/image/boss/hbeu58079016_999_200?$social_sharing$ ||| /Users/lcchai/Work/assets/official/hugoboss/hbeu58079016_999_200.jpg
https://www.hugoboss.com/carnation-gold-plated-watch-with-embossed-reverse-logo-dial/hbeu58083000_999.html ||| https://images.hugoboss.com/is/image/boss/hbeu58083000_999_200?$social_sharing$ ||| /Users/lcchai/Work/assets/official/hugoboss/hbeu58083000_999_200.jpg
https://www.hugoboss.com/carnation-gold-plated-watch-with-slender-mesh-bracelet/hbeu58082946_999.html ||| https://images.hugoboss.com/is/image/boss/hbeu58082946_999_200?$social_sharing$ ||| /Users/lcchai/Work/assets/official/hugoboss/hbeu58082946_999_200.jpg
https://www.hugoboss.com/carnation-gold-plated-watch-with-swarovski%C2%AE-crystals/hbeu58082942_999.html ||| https://images.hugoboss.com/is/image/boss/hbeu58082942_999_200?$social_sharing$ ||| /Users/lcchai/Work/assets/official/hugoboss/hbeu58082942_999_200.jpg
https://www.hugoboss.com/carnation-gold-plated-watch-with-textured-dial/hbeu58079080_999.html ||| https://images.hugoboss.com/is/image/boss/hbeu58079080_999_200?$social_sharing$ ||| /Users/lcchai/Work/assets/official/hugoboss/hbeu58079080_999_200.jpg
https://www.hugoboss.com/chronograph-watch-with-grey-plated-case-and-leather-strap/hbeu58070391_999.html ||| https://images.hugoboss.com/is/image/boss/hbeu58070391_999_200?$social_sharing$ ||| /Users/lcchai/Work/assets/official/hugoboss/hbeu58070391_999_200.jpg
https://www.hugoboss.com/gold-effect-watch-with-black-leather-strap/hbeu58098412_999.html ||| https://images.hugoboss.com/is/image/boss/hbeu58098412_999_200?$social_sharing$ ||| /Users/lcchai/Work/assets/official/hugoboss/hbeu58098412_999_200.jpg
https://www.hugoboss.com/green-dial-chronograph-watch-with-h-link-bracelet/hbeu58098435_999.html ||| https://images.hugoboss.com/is/image/boss/hbeu58098435_999_200?$social_sharing$ ||| /Users/lcchai/Work/assets/official/hugoboss/hbeu58098435_999_200.jpg
https://www.hugoboss.com/grey-bezel-multi-eye-watch-with-leather-strap/hbeu58098373_999.html ||| https://images.hugoboss.com/is/image/boss/hbeu58098373_999_200?$social_sharing$ ||| /Users/lcchai/Work/assets/official/hugoboss/hbeu58098373_999_200.jpg
https://www.hugoboss.com/grey-dial-watch-with-beige-gold-finish/hbeu58089058_999.html ||| https://images.hugoboss.com/is/image/boss/hbeu58089058_999_200?$social_sharing$ ||| /Users/lcchai/Work/assets/official/hugoboss/hbeu58089058_999_200.jpg
https://www.hugoboss.com/grey-plated-chronograph-watch-with-honeycomb-dial/hbeu58098407_999.html ||| https://images.hugoboss.com/is/image/boss/hbeu58098407_999_200?$social_sharing$ ||| /Users/lcchai/Work/assets/official/hugoboss/hbeu58098407_999_200.jpg
https://www.hugoboss.com/grey-plated-chronograph-watch-with-leather-strap/hbeu58098394_999.html ||| https://images.hugoboss.com/is/image/boss/hbeu58098394_999_200?$social_sharing$ ||| /Users/lcchai/Work/assets/official/hugoboss/hbeu58098394_999_200.jpg
https://www.hugoboss.com/grey-plated-chronograph-watch-with-mesh-bracelet/hbeu58098432_999.html ||| https://images.hugoboss.com/is/image/boss/hbeu58098432_999_200?$social_sharing$ ||| /Users/lcchai/Work/assets/official/hugoboss/hbeu58098432_999_200.jpg
https://www.hugoboss.com/grey-plated-watch-with-brushed-blue-dial/hbeu58098460_999.html ||| https://images.hugoboss.com/is/image/boss/hbeu58098460_999_200?$social_sharing$ ||| /Users/lcchai/Work/assets/official/hugoboss/hbeu58098460_999_200.jpg
https://www.hugoboss.com/grey-plated-watch-with-crystal-trimmed-mother-of-pearl-dial/hbeu58079093_999.html ||| https://images.hugoboss.com/is/image/boss/hbeu58079093_999_200?$social_sharing$ ||| /Users/lcchai/Work/assets/official/hugoboss/hbeu58079093_999_200.jpg
https://www.hugoboss.com/grey-plated-watch-with-golden-bezel-and-crystal-hour-markers/hbeu58079110_999.html ||| https://images.hugoboss.com/is/image/boss/hbeu58079110_999_200?$social_sharing$ ||| /Users/lcchai/Work/assets/official/hugoboss/hbeu58079110_999_200.jpg
https://www.hugoboss.com/grey-plated-watch-with-grey-dial-and-link-bracelet/hbeu58082955_999.html ||| https://images.hugoboss.com/is/image/boss/hbeu58082955_999_200?$social_sharing$ ||| /Users/lcchai/Work/assets/official/hugoboss/hbeu58082955_999_200.jpg
https://www.hugoboss.com/grey-plated-watch-with-grey-dial-and-mesh-bracelet/hbeu58082947_999.html ||| https://images.hugoboss.com/is/image/boss/hbeu58082947_999_200?$social_sharing$ ||| /Users/lcchai/Work/assets/official/hugoboss/hbeu58082947_999_200.jpg
https://www.hugoboss.com/honeycomb-dial-watch-in-black-plated-steel/hbeu58093850_999.html ||| https://images.hugoboss.com/is/image/boss/hbeu58093850_999_200?$social_sharing$ ||| /Users/lcchai/Work/assets/official/hugoboss/hbeu58093850_999_200.jpg
https://www.hugoboss.com/honeycomb-dial-watch-with-brown-leather-strap/hbeu58093849_999.html ||| https://images.hugoboss.com/is/image/boss/hbeu58093849_999_200?$social_sharing$ ||| /Users/lcchai/Work/assets/official/hugoboss/hbeu58093849_999_200.jpg
https://www.hugoboss.com/knurling-dial-watch-with-brown-leather-logo-strap/hbeu58093834_999.html ||| https://images.hugoboss.com/is/image/boss/hbeu58093834_999_200?$social_sharing$ ||| /Users/lcchai/Work/assets/official/hugoboss/hbeu58093834_999_200.jpg
https://www.hugoboss.com/leather-strap-chronograph-watch-with-luminescent-hands/hbeu58098395_999.html ||| https://images.hugoboss.com/is/image/boss/hbeu58098395_999_200?$social_sharing$ ||| /Users/lcchai/Work/assets/official/hugoboss/hbeu58098395_999_200.jpg
https://www.hugoboss.com/leather-strap-watch-with-black-dial/hbeu58098452_999.html ||| https://images.hugoboss.com/is/image/boss/hbeu58098452_999_200?$social_sharing$ ||| /Users/lcchai/Work/assets/official/hugoboss/hbeu58098452_999_200.jpg
https://www.hugoboss.com/leather-strap-watch-with-carbon-fibre-effect-dial/hbeu58093841_999.html ||| https://images.hugoboss.com/is/image/boss/hbeu58093841_999_200?$social_sharing$ ||| /Users/lcchai/Work/assets/official/hugoboss/hbeu58093841_999_200.jpg
https://www.hugoboss.com/leather-strap-watch-with-embossed-reverse-logo-dial/hbeu58083001_999.html ||| https://images.hugoboss.com/is/image/boss/hbeu58083001_999_200?$social_sharing$ ||| /Users/lcchai/Work/assets/official/hugoboss/hbeu58083001_999_200.jpg
https://www.hugoboss.com/leather-strap-watch-with-grey-dial/hbeu58098439_999.html ||| https://images.hugoboss.com/is/image/boss/hbeu58098439_999_200?$social_sharing$ ||| /Users/lcchai/Work/assets/official/hugoboss/hbeu58098439_999_200.jpg
https://www.hugoboss.com/leather-strap-watch-with-mesh-effect-dial/hbeu58098530_999.html ||| https://images.hugoboss.com/is/image/boss/hbeu58098530_999_200?$social_sharing$ ||| /Users/lcchai/Work/assets/official/hugoboss/hbeu58098530_999_200.jpg
https://www.hugoboss.com/leather-strap-watch-with-t-bar-case-design/hbeu58093816_999.html ||| https://images.hugoboss.com/is/image/boss/hbeu58093816_999_200?$social_sharing$ ||| /Users/lcchai/Work/assets/official/hugoboss/hbeu58093816_999_200.jpg
https://www.hugoboss.com/leather-strap-watch-with-two-tier-dial/hbeu58082958_999.html ||| https://images.hugoboss.com/is/image/boss/hbeu58082958_999_200?$social_sharing$ ||| /Users/lcchai/Work/assets/official/hugoboss/hbeu58082958_999_200.jpg
https://www.hugoboss.com/link-bracelet-chronograph-watch-with-honeycomb-dial/hbeu58098406_999.html ||| https://images.hugoboss.com/is/image/boss/hbeu58098406_999_200?$social_sharing$ ||| /Users/lcchai/Work/assets/official/hugoboss/hbeu58098406_999_200.jpg
https://www.hugoboss.com/link-bracelet-chronograph-watch-with-luminescent-hands/hbeu58098392_999.html ||| https://images.hugoboss.com/is/image/boss/hbeu58098392_999_200?$social_sharing$ ||| /Users/lcchai/Work/assets/official/hugoboss/hbeu58098392_999_200.jpg
https://www.hugoboss.com/link-bracelet-watch-with-blue-mesh-effect-dial/hbeu58098532_999.html ||| https://images.hugoboss.com/is/image/boss/hbeu58098532_999_200?$social_sharing$ ||| /Users/lcchai/Work/assets/official/hugoboss/hbeu58098532_999_200.jpg
https://www.hugoboss.com/link-bracelet-watch-with-carnation-gold-effect-dial/hbeu58098473_999.html ||| https://images.hugoboss.com/is/image/boss/hbeu58098473_999_200?$social_sharing$ ||| /Users/lcchai/Work/assets/official/hugoboss/hbeu58098473_999_200.jpg
https://www.hugoboss.com/link-bracelet-watch-with-gold-tone-logo-bezel/hbeu58098461_999.html ||| https://images.hugoboss.com/is/image/boss/hbeu58098461_999_200?$social_sharing$ ||| /Users/lcchai/Work/assets/official/hugoboss/hbeu58098461_999_200.jpg
https://www.hugoboss.com/link-bracelet-watch-with-knurling-textured-dial/hbeu58093833_999.html ||| https://images.hugoboss.com/is/image/boss/hbeu58093833_999_200?$social_sharing$ ||| /Users/lcchai/Work/assets/official/hugoboss/hbeu58093833_999_200.jpg
https://www.hugoboss.com/link-bracelet-watch-with-swarovski%C2%AE-trimmed-bezel/hbeu58093803_999.html ||| https://images.hugoboss.com/is/image/boss/hbeu58093803_999_200?$social_sharing$ ||| /Users/lcchai/Work/assets/official/hugoboss/hbeu58093803_999_200.jpg
https://www.hugoboss.com/link-bracelet-watch-with-textured-black-dial/hbeu58093847_999.html ||| https://images.hugoboss.com/is/image/boss/hbeu58093847_999_200?$social_sharing$ ||| /Users/lcchai/Work/assets/official/hugoboss/hbeu58093847_999_200.jpg
https://www.hugoboss.com/mesh-bracelet-watch-with-silver-finish-and-swarovski%C2%AE-crystals/hbeu58093828_999.html ||| https://images.hugoboss.com/is/image/boss/hbeu58093828_999_200?$social_sharing$ ||| /Users/lcchai/Work/assets/official/hugoboss/hbeu58093828_999_200.jpg
https://www.hugoboss.com/mesh-bracelet-watch-with-ultra-slim-case/hbeu58093835_999.html ||| https://images.hugoboss.com/is/image/boss/hbeu58093835_999_200?$social_sharing$ ||| /Users/lcchai/Work/assets/official/hugoboss/hbeu58093835_999_200.jpg
https://www.hugoboss.com/mirror-dial-two-hand-watch-with-silver-finish/hbeu58093830_999.html ||| https://images.hugoboss.com/is/image/boss/hbeu58093830_999_200?$social_sharing$ ||| /Users/lcchai/Work/assets/official/hugoboss/hbeu58093830_999_200.jpg
https://www.hugoboss.com/mirror-dial-watch-with-carnation-gold-finish/hbeu58093831_999.html ||| https://images.hugoboss.com/is/image/boss/hbeu58093831_999_200?$social_sharing$ ||| /Users/lcchai/Work/assets/official/hugoboss/hbeu58093831_999_200.jpg
https://www.hugoboss.com/multi-eye-chronograph-watch-with-blue-leather-strap/hbeu58083004_999.html ||| https://images.hugoboss.com/is/image/boss/hbeu58083004_999_200?$social_sharing$ ||| /Users/lcchai/Work/assets/official/hugoboss/hbeu58083004_999_200.jpg
https://www.hugoboss.com/purple-plated-stainless-steel-watch-with-mesh-bracelet/hbeu58079065_999.html ||| https://images.hugoboss.com/is/image/boss/hbeu58079065_999_200?$social_sharing$ ||| /Users/lcchai/Work/assets/official/hugoboss/hbeu58079065_999_200.jpg
https://www.hugoboss.com/round-watch-with-vertical-brushed-dial-and-slim-leather-strap/hbeu58082980_999.html ||| https://images.hugoboss.com/is/image/boss/hbeu58082980_999_200?$social_sharing$ ||| /Users/lcchai/Work/assets/official/hugoboss/hbeu58082980_999_200.jpg
https://www.hugoboss.com/silicone-strap-chronograph-watch-with-honeycomb-dial/hbeu58098404_999.html ||| https://images.hugoboss.com/is/image/boss/hbeu58098404_999_200?$social_sharing$ ||| /Users/lcchai/Work/assets/official/hugoboss/hbeu58098404_999_200.jpg
https://www.hugoboss.com/silver-effect-three-hand-watch-with-swarovski%C2%AE-crystals/hbeu58093804_999.html ||| https://images.hugoboss.com/is/image/boss/hbeu58093804_999_200?$social_sharing$ ||| /Users/lcchai/Work/assets/official/hugoboss/hbeu58093804_999_200.jpg
https://www.hugoboss.com/square-frame-sunglasses-with-black-and-gold-rim/hbeu58089294_999.html ||| https://images.hugoboss.com/is/image/boss/hbeu58089294_999_220?$social_sharing$ ||| /Users/lcchai/Work/assets/official/hugoboss/hbeu58089294_999_220.jpg
https://www.hugoboss.com/stainless-steel-chronograph-watch-with-blue-leather-strap/hbeu58083004_999.html ||| https://images.hugoboss.com/is/image/boss/hbeu58083004_999_200?$social_sharing$ ||| /Users/lcchai/Work/assets/official/hugoboss/hbeu58083004_999_200.jpg
https://www.hugoboss.com/stainless-steel-watch-with-chain-link-bracelet/hbeu58098425_999.html ||| https://images.hugoboss.com/is/image/boss/hbeu58098425_999_200?$social_sharing$ ||| /Users/lcchai/Work/assets/official/hugoboss/hbeu58098425_999_200.jpg
https://www.hugoboss.com/stainless-steel-watch-with-contrast-dial-and-swarovski%C2%AE-crystals/hbeu58093800_999.html ||| https://images.hugoboss.com/is/image/boss/hbeu58093800_999_200?$social_sharing$ ||| /Users/lcchai/Work/assets/official/hugoboss/hbeu58093800_999_200.jpg
https://www.hugoboss.com/stainless-steel-watch-with-link-bracelet-and-golden-accents/hbeu58082952_999.html ||| https://images.hugoboss.com/is/image/boss/hbeu58082952_999_200?$social_sharing$ ||| /Users/lcchai/Work/assets/official/hugoboss/hbeu58082952_999_200.jpg
https://www.hugoboss.com/stainless-steel-watch-with-link-bracelet/hbeu58098450_999.html ||| https://images.hugoboss.com/is/image/boss/hbeu58098450_999_200?$social_sharing$ ||| /Users/lcchai/Work/assets/official/hugoboss/hbeu58098450_999_200.jpg
https://www.hugoboss.com/stainless-steel-watch-with-patterned-blue-dial/hbeu58089075_999.html ||| https://images.hugoboss.com/is/image/boss/hbeu58089075_999_200?$social_sharing$ ||| /Users/lcchai/Work/assets/official/hugoboss/hbeu58089075_999_200.jpg
https://www.hugoboss.com/stainless-steel-watch-with-two-tier-dial-and-link-bracelet/hbeu58082960_999.html ||| https://images.hugoboss.com/is/image/boss/hbeu58082960_999_200?$social_sharing$ ||| /Users/lcchai/Work/assets/official/hugoboss/hbeu58082960_999_200.jpg
https://www.hugoboss.com/swarovski%C2%AE-crystal-studded-watch-with-carnation-gold-finish/hbeu58093829_999.html ||| https://images.hugoboss.com/is/image/boss/hbeu58093829_999_200?$social_sharing$ ||| /Users/lcchai/Work/assets/official/hugoboss/hbeu58093829_999_200.jpg
https://www.hugoboss.com/swarovski%C2%AE-crystal-studded-watch-with-pressed-mesh-bracelet/hbeu58098446_999.html ||| https://images.hugoboss.com/is/image/boss/hbeu58098446_999_200?$social_sharing$ ||| /Users/lcchai/Work/assets/official/hugoboss/hbeu58098446_999_200.jpg
https://www.hugoboss.com/two-tone-chronograph-watch-with-link-bracelet/hbeu58098422_999.html ||| https://images.hugoboss.com/is/image/boss/hbeu58098422_999_200?$social_sharing$ ||| /Users/lcchai/Work/assets/official/hugoboss/hbeu58098422_999_200.jpg
https://www.hugoboss.com/two-tone-watch-with-crystal-trimmed-mother-of-pearl-dial/hbeu58079092_999.html ||| https://images.hugoboss.com/is/image/boss/hbeu58079092_999_200?$social_sharing$ ||| /Users/lcchai/Work/assets/official/hugoboss/hbeu58079092_999_200.jpg
https://www.hugoboss.com/two-tone-watch-with-swarovski%C2%AE-trimmed-bezel/hbeu58093801_999.html ||| https://images.hugoboss.com/is/image/boss/hbeu58093801_999_200?$social_sharing$ ||| /Users/lcchai/Work/assets/official/hugoboss/hbeu58093801_999_200.jpg
https://www.hugoboss.com/two-tone-watch-with-swarovski%C2%AE-trimmed-bezel/hbeu58093802_999.html ||| https://images.hugoboss.com/is/image/boss/hbeu58093802_999_200?$social_sharing$ ||| /Users/lcchai/Work/assets/official/hugoboss/hbeu58093802_999_200.jpg
https://www.hugoboss.com/yellow-gold-effect-chronograph-watch-with-link-bracelet/hbeu58098423_999.html ||| https://images.hugoboss.com/is/image/boss/hbeu58098423_999_200?$social_sharing$ ||| /Users/lcchai/Work/assets/official/hugoboss/hbeu58098423_999_200.jpg
https://www.hugoboss.com/yellow-gold-effect-chronograph-watch-with-textured-silicone-strap/hbeu58098420_999.html ||| https://images.hugoboss.com/is/image/boss/hbeu58098420_999_200?$social_sharing$ ||| /Users/lcchai/Work/assets/official/hugoboss/hbeu58098420_999_200.jpg
https://www.hugoboss.com/yellow-gold-effect-watch-with-chain-link-bracelet/hbeu58098426_999.html ||| https://images.hugoboss.com/is/image/boss/hbeu58098426_999_200?$social_sharing$ ||| /Users/lcchai/Work/assets/official/hugoboss/hbeu58098426_999_200.jpg
https://www.hugoboss.com/yellow-gold-effect-watch-with-link-bracelet/hbeu58098419_999.html ||| https://images.hugoboss.com/is/image/boss/hbeu58098419_999_200?$social_sharing$ ||| /Users/lcchai/Work/assets/official/hugoboss/hbeu58098419_999_200.jpg
https://www.hugoboss.com/yellow-gold-effect-watch-with-logo-embossed-bezel/hbeu58098449_999.html ||| https://images.hugoboss.com/is/image/boss/hbeu58098449_999_200?$social_sharing$ ||| /Users/lcchai/Work/assets/official/hugoboss/hbeu58098449_999_200.jpg
https://www.hugoboss.com/yellow-gold-effect-watch-with-swarovski%C2%AE-crystal-indexes/hbeu58098427_999.html ||| https://images.hugoboss.com/is/image/boss/hbeu58098427_999_200?$social_sharing$ ||| /Users/lcchai/Work/assets/official/hugoboss/hbeu58098427_999_200.jpg
https://www.hugoboss.com/yellow-gold-effect-watch-with-textured-black-dial/hbeu58098522_999.html ||| https://images.hugoboss.com/is/image/boss/hbeu58098522_999_200?$social_sharing$ ||| /Users/lcchai/Work/assets/official/hugoboss/hbeu58098522_999_200.jpg
https://www.hugoboss.com/yellow-gold-effect-watch-with-textured-dial/hbeu58098417_999.html ||| https://images.hugoboss.com/is/image/boss/hbeu58098417_999_200?$social_sharing$ ||| /Users/lcchai/Work/assets/official/hugoboss/hbeu58098417_999_200.jpg
