https://www.iwc.com/en/past-collections/ingenieur/iw381802-ingenieur-perpetual-calendar-digital-date-month.html ||| https://www.iwc.com/content/dam/rcq/iwc/18/94/47/4/1894474.png ||| /Users/lcchai/Work/assets/official/iwc/1894474.png
https://www.iwc.com/en/past-collections/portofino/iw458108-portofino-automatic-37.html ||| https://www.iwc.com/content/dam/rcq/iwc/19/33/21/6/1933216.png ||| /Users/lcchai/Work/assets/official/iwc/1933216.png
https://www.iwc.com/en/watch-collections/pilot-watches/iw329301-big-pilots-watch-43.html ||| https://www.iwc.com/content/dam/rcq/iwc/21/50/05/7/2150057.png ||| /Users/lcchai/Work/assets/official/iwc/2150057.png
https://www.iwc.com/en/watch-collections/pilot-watches/iw329303-big-pilots-watch-43.html ||| https://www.iwc.com/content/dam/rcq/iwc/21/49/42/7/2149427.png ||| /Users/lcchai/Work/assets/official/iwc/2149427.png
https://www.iwc.com/en/watch-collections/pilot-watches/iw329304-big-pilots-watch-43.html ||| https://www.iwc.com/content/dam/rcq/iwc/21/49/42/5/2149425.png ||| /Users/lcchai/Work/assets/official/iwc/2149425.png
https://www.iwc.com/en/watch-collections/pilot-watches/iw357201-big-pilots-watch-shock-absorber-xpl.html ||| https://www.iwc.com/content/dam/rcq/iwc/21/58/32/4/2158324.png ||| /Users/lcchai/Work/assets/official/iwc/2158324.png
https://www.iwc.com/en/watch-collections/pilot-watches/iw387903-pilot_s-watch-chronograph-spitfire.html ||| https://www.iwc.com/content/dam/rcq/iwc/19/41/71/0/1941710.png ||| /Users/lcchai/Work/assets/official/iwc/1941710.png
https://www.iwc.com/en/watch-collections/pilot-watches/iw387905-pilot_s-watch-chonograph-edition-tribute-to-3705.html ||| https://www.iwc.com/content/dam/rcq/iwc/20/98/72/1/2098721.png ||| /Users/lcchai/Work/assets/official/iwc/2098721.png
https://www.iwc.com/en/watch-collections/pilot-watches/iw388101-pilot_s-watch-chronograph-41.html ||| https://www.iwc.com/content/dam/rcq/iwc/21/49/42/4/2149424.png ||| /Users/lcchai/Work/assets/official/iwc/2149424.png
https://www.iwc.com/en/watch-collections/pilot-watches/iw388102-pilot_s-watch-chronograph-41.html ||| https://www.iwc.com/content/dam/rcq/iwc/21/49/43/9/2149439.png ||| /Users/lcchai/Work/assets/official/iwc/2149439.png
https://www.iwc.com/en/watch-collections/pilot-watches/iw388103-pilot_s-watch-chronograph-41.html ||| https://www.iwc.com/content/dam/rcq/iwc/21/49/43/7/2149437.png ||| /Users/lcchai/Work/assets/official/iwc/2149437.png
https://www.iwc.com/en/watch-collections/pilot-watches/iw388104-pilot_s-watch-chronograph-41.html ||| https://www.iwc.com/content/dam/rcq/iwc/21/50/11/0/2150110.png ||| /Users/lcchai/Work/assets/official/iwc/2150110.png
https://www.iwc.com/en/watch-collections/pilot-watches/iw392202-pilot_s-watch-perpetual-calendar-chronograph-edition-le.html ||| https://www.iwc.com/content/dam/rcq/iwc/19/41/72/0/1941720.png ||| /Users/lcchai/Work/assets/official/iwc/1941720.png
https://www.iwc.com/en/watch-collections/pilot-watches/iw501015-big-pilots-watch.html ||| https://www.iwc.com/content/dam/rcq/iwc/21/50/99/7/2150997.png ||| /Users/lcchai/Work/assets/official/iwc/2150997.png
https://www.iwc.com/en/watch-collections/pilot-watches/iw503001-big-pilots-watch-perpetual-calendar-edition-rodeo-drive.html ||| https://www.iwc.com/content/dam/rcq/iwc/19/41/75/8/1941758.png ||| /Users/lcchai/Work/assets/official/iwc/1941758.png
https://www.iwc.com/en/watch-collections/pilot-watches/iw503004-big-pilots-watch-perpetual-calendar-top-gun-edition-moj.html ||| https://www.iwc.com/content/dam/rcq/iwc/21/49/44/7/2149447.png ||| /Users/lcchai/Work/assets/official/iwc/2149447.png
https://www.iwc.com/en/watch-collections/pilot-watches/iw503605-big-pilots-watch-perpetual-calendar.html ||| https://www.iwc.com/content/dam/rcq/iwc/21/49/61/5/2149615.png ||| /Users/lcchai/Work/assets/official/iwc/2149615.png
https://www.iwc.com/en/watch-collections/pilot-watches/iw506003-big-pilots-watch-top-gun-edition-mojave-desert.html ||| https://www.iwc.com/content/dam/rcq/iwc/21/49/59/9/2149599.png ||| /Users/lcchai/Work/assets/official/iwc/2149599.png
https://www.iwc.com/en/watch-collections/portofino/iw357401-portofino-automatic-34.html ||| https://www.iwc.com/content/dam/rcq/iwc/19/42/35/3/1942353.png ||| /Users/lcchai/Work/assets/official/iwc/1942353.png
https://www.iwc.com/en/watch-collections/portofino/iw357403-portofino-automatic-34.html ||| https://www.iwc.com/content/dam/rcq/iwc/19/42/34/2/1942342.png ||| /Users/lcchai/Work/assets/official/iwc/1942342.png
https://www.iwc.com/en/watch-collections/portofino/iw357406-portofino-automatic-34.html ||| https://www.iwc.com/content/dam/rcq/iwc/19/42/40/0/1942400.png ||| /Users/lcchai/Work/assets/official/iwc/1942400.png
https://www.iwc.com/en/watch-collections/portugieser/iw344001-portugieser-yacht-club-moon--tide.html ||| https://www.iwc.com/content/dam/rcq/iwc/20/94/29/6/2094296.png ||| /Users/lcchai/Work/assets/official/iwc/2094296.png
https://www.iwc.com/en/watch-collections/portugieser/iw371614-portugieser-chronograph-boutique-edition.html ||| https://www.iwc.com/content/dam/rcq/iwc/20/33/85/9/2033859.png ||| /Users/lcchai/Work/assets/official/iwc/2033859.png
https://www.iwc.com/en/watch-collections/portugieser/iw390701-portugieser-yacht-club-chronograph.html ||| https://www.iwc.com/content/dam/rcq/iwc/20/28/38/9/2028389.png ||| /Users/lcchai/Work/assets/official/iwc/2028389.png
https://www.iwc.com/en/watch-collections/portugieser/iw394006-portugieser-tourbillon-retrograde-chronograph.html ||| https://www.iwc.com/content/dam/rcq/iwc/20/28/95/2/2028952.png ||| /Users/lcchai/Work/assets/official/iwc/2028952.png
https://www.iwc.com/en/watch-collections/portugieser/iw500713-portugieser-automatic-boutique-edition.html ||| https://www.iwc.com/content/dam/rcq/iwc/20/28/94/9/2028949.png ||| /Users/lcchai/Work/assets/official/iwc/2028949.png
https://www.iwc.com/en/watch-collections/portugieser/iw503501-portugieser-annual-calendar.html ||| https://www.iwc.com/content/dam/rcq/iwc/15/29/49/7/1529497.png ||| /Users/lcchai/Work/assets/official/iwc/1529497.png
