https://www.jaeger-lecoultre.com/us/en/watches/duometre/duometre-chronographe/6012421.html ||| https://www.jaeger-lecoultre.com/content/dam/rcq/jlc/11/81/17/3/1181173.png ||| /Users/lcchai/Work/assets/official/jlc/1181173.png
https://www.jaeger-lecoultre.com/us/en/watches/duometre/duometre-quantieme-lunaire/6042421.html ||| https://www.jaeger-lecoultre.com/content/dam/rcq/jlc/11/81/17/4/1181174.png ||| /Users/lcchai/Work/assets/official/jlc/1181174.png
https://www.jaeger-lecoultre.com/us/en/watches/duometre/duometre-quantieme-lunaire/6042422.html ||| https://www.jaeger-lecoultre.com/content/dam/rcq/jlc/11/81/17/5/1181175.png ||| /Users/lcchai/Work/assets/official/jlc/1181175.png
https://www.jaeger-lecoultre.com/us/en/watches/duometre/duometre-quantieme-lunaire/6043420.html ||| https://www.jaeger-lecoultre.com/content/dam/rcq/jlc/13/47/76/9/1347769.png ||| /Users/lcchai/Work/assets/official/jlc/1347769.png
https://www.jaeger-lecoultre.com/us/en/watches/duometre/duometre-unique-travel-time/6062420.html ||| https://www.jaeger-lecoultre.com/content/dam/rcq/jlc/11/81/18/1/1181181.png ||| /Users/lcchai/Work/assets/official/jlc/1181181.png
https://www.jaeger-lecoultre.com/us/en/watches/jaeger-lecoultre-plrs/jaeger-lecoultre-plrs-automatic/9008170.html ||| https://www.jaeger-lecoultre.com/content/dam/rcq/jlc/16/40/77/6/1640776.png ||| /Users/lcchai/Work/assets/official/jlc/1640776.png
https://www.jaeger-lecoultre.com/us/en/watches/jaeger-lecoultre-plrs/jaeger-lecoultre-plrs-automatic/9008180.html ||| https://www.jaeger-lecoultre.com/content/dam/rcq/jlc/16/40/77/7/1640777.png ||| /Users/lcchai/Work/assets/official/jlc/1640777.png
https://www.jaeger-lecoultre.com/us/en/watches/jaeger-lecoultre-plrs/jaeger-lecoultre-plrs-automatic/9008471.html ||| https://www.jaeger-lecoultre.com/content/dam/rcq/jlc/16/40/77/9/1640779.png ||| /Users/lcchai/Work/assets/official/jlc/1640779.png
https://www.jaeger-lecoultre.com/us/en/watches/jaeger-lecoultre-plrs/jaeger-lecoultre-plrs-automatic/9008480.html ||| https://www.jaeger-lecoultre.com/content/dam/rcq/jlc/16/40/78/0/1640780.png ||| /Users/lcchai/Work/assets/official/jlc/1640780.png
https://www.jaeger-lecoultre.com/us/en/watches/jaeger-lecoultre-plrs/jaeger-lecoultre-plrs-chronograph-wt/905T470.html ||| https://www.jaeger-lecoultre.com/content/dam/rcq/jlc/16/40/79/1/1640791.png ||| /Users/lcchai/Work/assets/official/jlc/1640791.png
https://www.jaeger-lecoultre.com/us/en/watches/jaeger-lecoultre-plrs/jaeger-lecoultre-plrs-chronograph-wt/905T471.html ||| https://www.jaeger-lecoultre.com/content/dam/rcq/jlc/16/40/79/2/1640792.png ||| /Users/lcchai/Work/assets/official/jlc/1640792.png
https://www.jaeger-lecoultre.com/us/en/watches/jaeger-lecoultre-plrs/jaeger-lecoultre-plrs-chronograph-wt/905T480.html ||| https://www.jaeger-lecoultre.com/content/dam/rcq/jlc/16/40/77/4/1640774.png ||| /Users/lcchai/Work/assets/official/jlc/1640774.png
https://www.jaeger-lecoultre.com/us/en/watches/jaeger-lecoultre-plrs/jaeger-lecoultre-plrs-chronograph/9022450.html ||| https://www.jaeger-lecoultre.com/content/dam/rcq/jlc/16/41/91/1/1641911.png ||| /Users/lcchai/Work/assets/official/jlc/1641911.png
https://www.jaeger-lecoultre.com/us/en/watches/jaeger-lecoultre-plrs/jaeger-lecoultre-plrs-chronograph/9028170.html ||| https://www.jaeger-lecoultre.com/content/dam/rcq/jlc/16/40/78/2/1640782.png ||| /Users/lcchai/Work/assets/official/jlc/1640782.png
https://www.jaeger-lecoultre.com/us/en/watches/jaeger-lecoultre-plrs/jaeger-lecoultre-plrs-chronograph/9028180.html ||| https://www.jaeger-lecoultre.com/content/dam/rcq/jlc/16/40/78/3/1640783.png ||| /Users/lcchai/Work/assets/official/jlc/1640783.png
https://www.jaeger-lecoultre.com/us/en/watches/jaeger-lecoultre-plrs/jaeger-lecoultre-plrs-chronograph/9028471.html ||| https://www.jaeger-lecoultre.com/content/dam/rcq/jlc/16/40/78/5/1640785.png ||| /Users/lcchai/Work/assets/official/jlc/1640785.png
https://www.jaeger-lecoultre.com/us/en/watches/jaeger-lecoultre-plrs/jaeger-lecoultre-plrs-chronograph/9028480.html ||| https://www.jaeger-lecoultre.com/content/dam/rcq/jlc/16/40/78/6/1640786.png ||| /Users/lcchai/Work/assets/official/jlc/1640786.png
https://www.jaeger-lecoultre.com/us/en/watches/jaeger-lecoultre-plrs/jaeger-lecoultre-plrs-date/9068180.html ||| https://www.jaeger-lecoultre.com/content/dam/rcq/jlc/20/28/97/7/2028977.png ||| /Users/lcchai/Work/assets/official/jlc/2028977.png
https://www.jaeger-lecoultre.com/us/en/watches/jaeger-lecoultre-plrs/jaeger-lecoultre-plrs-date/9068670.html ||| https://www.jaeger-lecoultre.com/content/dam/rcq/jlc/16/40/78/9/1640789.png ||| /Users/lcchai/Work/assets/official/jlc/1640789.png
https://www.jaeger-lecoultre.com/us/en/watches/jaeger-lecoultre-plrs/jaeger-lecoultre-plrs-memovox/9038180.html ||| https://www.jaeger-lecoultre.com/content/dam/rcq/jlc/20/28/98/1/2028981.png ||| /Users/lcchai/Work/assets/official/jlc/2028981.png
https://www.jaeger-lecoultre.com/us/en/watches/master/master-calendar/4142520.html ||| https://www.jaeger-lecoultre.com/content/dam/rcq/jlc/20/27/63/9/2027639.png ||| /Users/lcchai/Work/assets/official/jlc/2027639.png
https://www.jaeger-lecoultre.com/us/en/watches/master/master-calendar/4148420.html ||| https://www.jaeger-lecoultre.com/content/dam/rcq/jlc/20/27/64/2/2027642.png ||| /Users/lcchai/Work/assets/official/jlc/2027642.png
https://www.jaeger-lecoultre.com/us/en/watches/master/master-control-chronograph-calendar/4132520.html ||| https://www.jaeger-lecoultre.com/content/dam/rcq/jlc/20/27/64/5/2027645.png ||| /Users/lcchai/Work/assets/official/jlc/2027645.png
https://www.jaeger-lecoultre.com/us/en/watches/master/master-control-chronograph-calendar/4138420.html ||| https://www.jaeger-lecoultre.com/content/dam/rcq/jlc/20/27/64/8/2027648.png ||| /Users/lcchai/Work/assets/official/jlc/2027648.png
https://www.jaeger-lecoultre.com/us/en/watches/master/master-control-date/4018420.html ||| https://www.jaeger-lecoultre.com/content/dam/rcq/jlc/20/27/65/2/2027652.png ||| /Users/lcchai/Work/assets/official/jlc/2027652.png
https://www.jaeger-lecoultre.com/us/en/watches/master/master-control-memovox-timer/410848J.html ||| https://www.jaeger-lecoultre.com/content/dam/rcq/jlc/20/26/16/4/2026164.png ||| /Users/lcchai/Work/assets/official/jlc/2026164.png
https://www.jaeger-lecoultre.com/us/en/watches/master/master-geographic/4122520.html ||| https://www.jaeger-lecoultre.com/content/dam/rcq/jlc/20/27/65/5/2027655.png ||| /Users/lcchai/Work/assets/official/jlc/2027655.png
https://www.jaeger-lecoultre.com/us/en/watches/master/master-geographic/4128420.html ||| https://www.jaeger-lecoultre.com/content/dam/rcq/jlc/20/27/63/3/2027633.png ||| /Users/lcchai/Work/assets/official/jlc/2027633.png
https://www.jaeger-lecoultre.com/us/en/watches/master/master-grande-tradition-gyrotourbillon-3/5032441.html ||| https://www.jaeger-lecoultre.com/content/dam/rcq/jlc/19/41/43/6/1941436.png ||| /Users/lcchai/Work/assets/official/jlc/1941436.png
https://www.jaeger-lecoultre.com/us/en/watches/master/master-grande-tradition-gyrotourbillon-3/5036420.html ||| https://www.jaeger-lecoultre.com/content/dam/rcq/jlc/10/61/40/7/1061407.png ||| /Users/lcchai/Work/assets/official/jlc/1061407.png
https://www.jaeger-lecoultre.com/us/en/watches/master/master-grande-tradition-gyrotourbillon-westminster-perpetual/5253420.html ||| https://www.jaeger-lecoultre.com/content/dam/rcq/jlc/19/23/47/2/1923472.png ||| /Users/lcchai/Work/assets/official/jlc/1923472.png
https://www.jaeger-lecoultre.com/us/en/watches/master/master-grande-tradition-repetition-minutes-quantieme-perpetuel/5233420.html ||| https://www.jaeger-lecoultre.com/content/dam/rcq/jlc/19/03/83/3/1903833.png ||| /Users/lcchai/Work/assets/official/jlc/1903833.png
https://www.jaeger-lecoultre.com/us/en/watches/master/master-grande-tradition-repetition-minutes-quantieme-perpetuel/52334E1.html ||| https://www.jaeger-lecoultre.com/content/dam/rcq/jlc/19/03/83/2/1903832.png ||| /Users/lcchai/Work/assets/official/jlc/1903832.png
https://www.jaeger-lecoultre.com/us/en/watches/master/master-grande-tradition-tourbillon-celeste0/5273480.html ||| https://www.jaeger-lecoultre.com/content/dam/rcq/jlc/19/42/01/4/1942014.png ||| /Users/lcchai/Work/assets/official/jlc/1942014.png
https://www.jaeger-lecoultre.com/us/en/watches/master/master-grande-tradition-tourbillon-cylindrique-a-quantieme-perpe/5042420.html ||| https://www.jaeger-lecoultre.com/content/dam/rcq/jlc/11/81/20/6/1181206.png ||| /Users/lcchai/Work/assets/official/jlc/1181206.png
https://www.jaeger-lecoultre.com/us/en/watches/master/master-grande-tradition-tourbillon-cylindrique-a-quantieme-perpe/5046520.html ||| https://www.jaeger-lecoultre.com/content/dam/rcq/jlc/99/84/48/998448.png ||| /Users/lcchai/Work/assets/official/jlc/998448.png
https://www.jaeger-lecoultre.com/us/en/watches/master/master-grande-tradition-tourbillon-cylindrique/5082420.html ||| https://www.jaeger-lecoultre.com/content/dam/rcq/jlc/13/49/23/7/1349237.png ||| /Users/lcchai/Work/assets/official/jlc/1349237.png
https://www.jaeger-lecoultre.com/us/en/watches/master/master-grande-tradition-tourbillon-cylindrique/5086420.html ||| https://www.jaeger-lecoultre.com/content/dam/rcq/jlc/13/49/24/2/1349242.png ||| /Users/lcchai/Work/assets/official/jlc/1349242.png
https://www.jaeger-lecoultre.com/us/en/watches/master/master-memovox/4118420.html ||| https://www.jaeger-lecoultre.com/content/dam/rcq/jlc/20/27/63/6/2027636.png ||| /Users/lcchai/Work/assets/official/jlc/2027636.png
https://www.jaeger-lecoultre.com/us/en/watches/master/master-tourbillon/1562401.html ||| https://www.jaeger-lecoultre.com/content/dam/rcq/jlc/14/34/44/7/1434447.png ||| /Users/lcchai/Work/assets/official/jlc/1434447.png
https://www.jaeger-lecoultre.com/us/en/watches/master/master-tourbillon/1562421.html ||| https://www.jaeger-lecoultre.com/content/dam/rcq/jlc/10/53/35/2/1053352.png ||| /Users/lcchai/Work/assets/official/jlc/1053352.png
https://www.jaeger-lecoultre.com/us/en/watches/master/master-tourbillon/1563480.html ||| https://www.jaeger-lecoultre.com/content/dam/rcq/jlc/11/81/22/3/1181223.png ||| /Users/lcchai/Work/assets/official/jlc/1181223.png
https://www.jaeger-lecoultre.com/us/en/watches/master/master-ultra-thin-date/1232501.html ||| https://www.jaeger-lecoultre.com/content/dam/rcq/jlc/18/15/34/2/1815342.png ||| /Users/lcchai/Work/assets/official/jlc/1815342.png
https://www.jaeger-lecoultre.com/us/en/watches/master/master-ultra-thin-date/1232510.html ||| https://www.jaeger-lecoultre.com/content/dam/rcq/jlc/18/15/34/5/1815345.png ||| /Users/lcchai/Work/assets/official/jlc/1815345.png
https://www.jaeger-lecoultre.com/us/en/watches/master/master-ultra-thin-date/1238420.html ||| https://www.jaeger-lecoultre.com/content/dam/rcq/jlc/18/15/34/9/1815349.png ||| /Users/lcchai/Work/assets/official/jlc/1815349.png
https://www.jaeger-lecoultre.com/us/en/watches/master/master-ultra-thin-knife/1152520.html ||| https://www.jaeger-lecoultre.com/content/dam/rcq/jlc/20/61/71/0/2061710.png ||| /Users/lcchai/Work/assets/official/jlc/2061710.png
https://www.jaeger-lecoultre.com/us/en/watches/master/master-ultra-thin-minute-repeater-flying-tourbillon/1313520.html ||| https://www.jaeger-lecoultre.com/content/dam/rcq/jlc/10/61/39/6/1061396.png ||| /Users/lcchai/Work/assets/official/jlc/1061396.png
https://www.jaeger-lecoultre.com/us/en/watches/master/master-ultra-thin-moon/1252501.html ||| https://www.jaeger-lecoultre.com/content/dam/rcq/jlc/15/31/34/0/1531340.png ||| /Users/lcchai/Work/assets/official/jlc/1531340.png
https://www.jaeger-lecoultre.com/us/en/watches/master/master-ultra-thin-moon/1252520.html ||| https://www.jaeger-lecoultre.com/content/dam/rcq/jlc/15/31/34/1/1531341.png ||| /Users/lcchai/Work/assets/official/jlc/1531341.png
https://www.jaeger-lecoultre.com/us/en/watches/master/master-ultra-thin-moon/1258401.html ||| https://www.jaeger-lecoultre.com/content/dam/rcq/jlc/15/31/34/2/1531342.png ||| /Users/lcchai/Work/assets/official/jlc/1531342.png
https://www.jaeger-lecoultre.com/us/en/watches/master/master-ultra-thin-moon/1258420.html ||| https://www.jaeger-lecoultre.com/content/dam/rcq/jlc/15/31/34/3/1531343.png ||| /Users/lcchai/Work/assets/official/jlc/1531343.png
https://www.jaeger-lecoultre.com/us/en/watches/master/master-ultra-thin-moon/1362501.html ||| https://www.jaeger-lecoultre.com/content/dam/rcq/jlc/10/53/29/5/1053295.png ||| /Users/lcchai/Work/assets/official/jlc/1053295.png
https://www.jaeger-lecoultre.com/us/en/watches/master/master-ultra-thin-moon/1362520.html ||| https://www.jaeger-lecoultre.com/content/dam/rcq/jlc/10/53/29/7/1053297.png ||| /Users/lcchai/Work/assets/official/jlc/1053297.png
https://www.jaeger-lecoultre.com/us/en/watches/master/master-ultra-thin-moon/136255J.html ||| https://www.jaeger-lecoultre.com/content/dam/rcq/jlc/10/61/39/3/1061393.png ||| /Users/lcchai/Work/assets/official/jlc/1061393.png
https://www.jaeger-lecoultre.com/us/en/watches/master/master-ultra-thin-moon/1363540.html ||| https://www.jaeger-lecoultre.com/content/dam/rcq/jlc/15/26/30/1/1526301.png ||| /Users/lcchai/Work/assets/official/jlc/1526301.png
https://www.jaeger-lecoultre.com/us/en/watches/master/master-ultra-thin-moon/1368420.html ||| https://www.jaeger-lecoultre.com/content/dam/rcq/jlc/10/53/30/1/1053301.png ||| /Users/lcchai/Work/assets/official/jlc/1053301.png
https://www.jaeger-lecoultre.com/us/en/watches/master/master-ultra-thin-moon/1368470.html ||| https://www.jaeger-lecoultre.com/content/dam/rcq/jlc/10/61/40/2/1061402.png ||| /Users/lcchai/Work/assets/official/jlc/1061402.png
https://www.jaeger-lecoultre.com/us/en/watches/master/master-ultra-thin-perpetual/1302501.html ||| https://www.jaeger-lecoultre.com/content/dam/rcq/jlc/10/61/39/7/1061397.png ||| /Users/lcchai/Work/assets/official/jlc/1061397.png
https://www.jaeger-lecoultre.com/us/en/watches/master/master-ultra-thin-perpetual/1302520.html ||| https://www.jaeger-lecoultre.com/content/dam/rcq/jlc/10/53/26/4/1053264.png ||| /Users/lcchai/Work/assets/official/jlc/1053264.png
https://www.jaeger-lecoultre.com/us/en/watches/master/master-ultra-thin-perpetual/1303501.html ||| https://www.jaeger-lecoultre.com/content/dam/rcq/jlc/13/49/10/4/1349104.png ||| /Users/lcchai/Work/assets/official/jlc/1349104.png
https://www.jaeger-lecoultre.com/us/en/watches/master/master-ultra-thin-perpetual/1303520.html ||| https://www.jaeger-lecoultre.com/content/dam/rcq/jlc/10/53/26/7/1053267.png ||| /Users/lcchai/Work/assets/official/jlc/1053267.png
https://www.jaeger-lecoultre.com/us/en/watches/master/master-ultra-thin-perpetual/130354J.html ||| https://www.jaeger-lecoultre.com/content/dam/rcq/jlc/15/26/31/6/1526316.png ||| /Users/lcchai/Work/assets/official/jlc/1526316.png
https://www.jaeger-lecoultre.com/us/en/watches/master/master-ultra-thin-perpetual/130842J.html ||| https://www.jaeger-lecoultre.com/content/dam/rcq/jlc/10/61/39/0/1061390.png ||| /Users/lcchai/Work/assets/official/jlc/1061390.png
https://www.jaeger-lecoultre.com/us/en/watches/master/master-ultra-thin-perpetual/1308470.html ||| https://www.jaeger-lecoultre.com/content/dam/rcq/jlc/13/49/10/7/1349107.png ||| /Users/lcchai/Work/assets/official/jlc/1349107.png
https://www.jaeger-lecoultre.com/us/en/watches/master/master-ultra-thin-reserve-de-marche/1372501.html ||| https://www.jaeger-lecoultre.com/content/dam/rcq/jlc/10/53/31/2/1053312.png ||| /Users/lcchai/Work/assets/official/jlc/1053312.png
https://www.jaeger-lecoultre.com/us/en/watches/master/master-ultra-thin-reserve-de-marche/1372520.html ||| https://www.jaeger-lecoultre.com/content/dam/rcq/jlc/10/53/30/6/1053306.png ||| /Users/lcchai/Work/assets/official/jlc/1053306.png
https://www.jaeger-lecoultre.com/us/en/watches/master/master-ultra-thin-reserve-de-marche/1378420.html ||| https://www.jaeger-lecoultre.com/content/dam/rcq/jlc/10/53/30/9/1053309.png ||| /Users/lcchai/Work/assets/official/jlc/1053309.png
https://www.jaeger-lecoultre.com/us/en/watches/master/master-ultra-thin-reserve-de-marche/1378480.html ||| https://www.jaeger-lecoultre.com/content/dam/rcq/jlc/15/26/30/3/1526303.png ||| /Users/lcchai/Work/assets/official/jlc/1526303.png
https://www.jaeger-lecoultre.com/us/en/watches/master/master-ultra-thin-small-second/1212501.html ||| https://www.jaeger-lecoultre.com/content/dam/rcq/jlc/18/15/33/3/1815333.png ||| /Users/lcchai/Work/assets/official/jlc/1815333.png
https://www.jaeger-lecoultre.com/us/en/watches/master/master-ultra-thin-small-second/1212510.html ||| https://www.jaeger-lecoultre.com/content/dam/rcq/jlc/18/15/33/6/1815336.png ||| /Users/lcchai/Work/assets/official/jlc/1815336.png
https://www.jaeger-lecoultre.com/us/en/watches/master/master-ultra-thin-small-second/1218420.html ||| https://www.jaeger-lecoultre.com/content/dam/rcq/jlc/18/15/33/9/1815339.png ||| /Users/lcchai/Work/assets/official/jlc/1815339.png
https://www.jaeger-lecoultre.com/us/en/watches/master/master-ultra-thin-tourbillon-moon/1692410.html ||| https://www.jaeger-lecoultre.com/content/dam/rcq/jlc/20/30/61/2/2030612.png ||| /Users/lcchai/Work/assets/official/jlc/2030612.png
https://www.jaeger-lecoultre.com/us/en/watches/master/master-ultra-thin-tourbillon/1682401.html ||| https://www.jaeger-lecoultre.com/content/dam/rcq/jlc/18/18/76/3/1818763.png ||| /Users/lcchai/Work/assets/official/jlc/1818763.png
https://www.jaeger-lecoultre.com/us/en/watches/master/master-ultra-thin-tourbillon/1682410.html ||| https://www.jaeger-lecoultre.com/content/dam/rcq/jlc/18/18/76/7/1818767.png ||| /Users/lcchai/Work/assets/official/jlc/1818767.png
https://www.jaeger-lecoultre.com/us/en/watches/master/metiers-rares-master-grande-tradition-gyrotourbillon3/5033401.html ||| https://www.jaeger-lecoultre.com/content/dam/rcq/jlc/13/49/11/5/1349115.png ||| /Users/lcchai/Work/assets/official/jlc/1349115.png
https://www.jaeger-lecoultre.com/us/en/watches/rendez-vous/rendez-vous-celestial/3482520.html ||| https://www.jaeger-lecoultre.com/content/dam/rcq/jlc/16/43/16/6/1643166.png ||| /Users/lcchai/Work/assets/official/jlc/1643166.png
https://www.jaeger-lecoultre.com/us/en/watches/rendez-vous/rendez-vous-date-medium-quartz/3472530.html ||| https://www.jaeger-lecoultre.com/content/dam/rcq/jlc/17/82/08/8/1782088.png ||| /Users/lcchai/Work/assets/official/jlc/1782088.png
https://www.jaeger-lecoultre.com/us/en/watches/rendez-vous/rendez-vous-date-small-quartz/3402530.html ||| https://www.jaeger-lecoultre.com/content/dam/rcq/jlc/17/72/39/1/1772391.png ||| /Users/lcchai/Work/assets/official/jlc/1772391.png
https://www.jaeger-lecoultre.com/us/en/watches/rendez-vous/rendez-vous-date-small-quartz/3408530.html ||| https://www.jaeger-lecoultre.com/content/dam/rcq/jlc/17/82/08/5/1782085.png ||| /Users/lcchai/Work/assets/official/jlc/1782085.png
https://www.jaeger-lecoultre.com/us/en/watches/rendez-vous/rendez-vous-moon-39/3532490.html ||| https://www.jaeger-lecoultre.com/content/dam/rcq/jlc/13/49/26/2/1349262.png ||| /Users/lcchai/Work/assets/official/jlc/1349262.png
https://www.jaeger-lecoultre.com/us/en/watches/rendez-vous/rendez-vous-moon-39/3533490.html ||| https://www.jaeger-lecoultre.com/content/dam/rcq/jlc/10/61/42/7/1061427.png ||| /Users/lcchai/Work/assets/official/jlc/1061427.png
https://www.jaeger-lecoultre.com/us/en/watches/rendez-vous/rendez-vous-moon-medium/3572430.html ||| https://www.jaeger-lecoultre.com/content/dam/rcq/jlc/18/09/25/5/1809255.png ||| /Users/lcchai/Work/assets/official/jlc/1809255.png
https://www.jaeger-lecoultre.com/us/en/watches/rendez-vous/rendez-vous-moon-medium/3578430.html ||| https://www.jaeger-lecoultre.com/content/dam/rcq/jlc/18/09/25/7/1809257.png ||| /Users/lcchai/Work/assets/official/jlc/1809257.png
https://www.jaeger-lecoultre.com/us/en/watches/rendez-vous/rendez-vous-moon/3522480.html ||| https://www.jaeger-lecoultre.com/content/dam/rcq/jlc/19/01/52/1/1901521.png ||| /Users/lcchai/Work/assets/official/jlc/1901521.png
https://www.jaeger-lecoultre.com/us/en/watches/rendez-vous/rendez-vous-moon/3523490.html ||| https://www.jaeger-lecoultre.com/content/dam/rcq/jlc/10/61/42/4/1061424.png ||| /Users/lcchai/Work/assets/official/jlc/1061424.png
https://www.jaeger-lecoultre.com/us/en/watches/rendez-vous/rendez-vous-moon/3523570.html ||| https://www.jaeger-lecoultre.com/content/dam/rcq/jlc/18/14/96/2/1814962.png ||| /Users/lcchai/Work/assets/official/jlc/1814962.png
https://www.jaeger-lecoultre.com/us/en/watches/rendez-vous/rendez-vous-night-and-day-medium/3432570.html ||| https://www.jaeger-lecoultre.com/content/dam/rcq/jlc/18/14/95/9/1814959.png ||| /Users/lcchai/Work/assets/official/jlc/1814959.png
https://www.jaeger-lecoultre.com/us/en/watches/rendez-vous/rendez-vous-night-and-day-medium/3433570.html ||| https://www.jaeger-lecoultre.com/content/dam/rcq/jlc/18/14/96/1/1814961.png ||| /Users/lcchai/Work/assets/official/jlc/1814961.png
https://www.jaeger-lecoultre.com/us/en/watches/rendez-vous/rendez-vous-night-and-day-medium/3442130.html ||| https://www.jaeger-lecoultre.com/content/dam/rcq/jlc/16/43/14/4/1643144.png ||| /Users/lcchai/Work/assets/official/jlc/1643144.png
https://www.jaeger-lecoultre.com/us/en/watches/rendez-vous/rendez-vous-night-and-day-medium/3442430.html ||| https://www.jaeger-lecoultre.com/content/dam/rcq/jlc/16/43/14/5/1643145.png ||| /Users/lcchai/Work/assets/official/jlc/1643145.png
https://www.jaeger-lecoultre.com/us/en/watches/rendez-vous/rendez-vous-night-and-day-medium/3442440.html ||| https://www.jaeger-lecoultre.com/content/dam/rcq/jlc/16/43/14/7/1643147.png ||| /Users/lcchai/Work/assets/official/jlc/1643147.png
https://www.jaeger-lecoultre.com/us/en/watches/rendez-vous/rendez-vous-night-and-day-medium/3448110.html ||| https://www.jaeger-lecoultre.com/content/dam/rcq/jlc/16/43/14/8/1643148.png ||| /Users/lcchai/Work/assets/official/jlc/1643148.png
https://www.jaeger-lecoultre.com/us/en/watches/rendez-vous/rendez-vous-night-and-day-medium/3448130.html ||| https://www.jaeger-lecoultre.com/content/dam/rcq/jlc/16/43/14/9/1643149.png ||| /Users/lcchai/Work/assets/official/jlc/1643149.png
https://www.jaeger-lecoultre.com/us/en/watches/rendez-vous/rendez-vous-night-and-day-medium/3448410.html ||| https://www.jaeger-lecoultre.com/content/dam/rcq/jlc/16/43/15/0/1643150.png ||| /Users/lcchai/Work/assets/official/jlc/1643150.png
https://www.jaeger-lecoultre.com/us/en/watches/rendez-vous/rendez-vous-night-and-day-medium/3448430.html ||| https://www.jaeger-lecoultre.com/content/dam/rcq/jlc/16/43/15/1/1643151.png ||| /Users/lcchai/Work/assets/official/jlc/1643151.png
https://www.jaeger-lecoultre.com/us/en/watches/rendez-vous/rendez-vous-night-and-day-medium/3448480.html ||| https://www.jaeger-lecoultre.com/content/dam/rcq/jlc/16/43/15/2/1643152.png ||| /Users/lcchai/Work/assets/official/jlc/1643152.png
https://www.jaeger-lecoultre.com/us/en/watches/rendez-vous/rendez-vous-night-and-day/3462130.html ||| https://www.jaeger-lecoultre.com/content/dam/rcq/jlc/16/43/15/3/1643153.png ||| /Users/lcchai/Work/assets/official/jlc/1643153.png
https://www.jaeger-lecoultre.com/us/en/watches/rendez-vous/rendez-vous-night-and-day/3462430.html ||| https://www.jaeger-lecoultre.com/content/dam/rcq/jlc/16/43/15/4/1643154.png ||| /Users/lcchai/Work/assets/official/jlc/1643154.png
https://www.jaeger-lecoultre.com/us/en/watches/rendez-vous/rendez-vous-night-and-day/3468110.html ||| https://www.jaeger-lecoultre.com/content/dam/rcq/jlc/16/43/15/5/1643155.png ||| /Users/lcchai/Work/assets/official/jlc/1643155.png
https://www.jaeger-lecoultre.com/us/en/watches/rendez-vous/rendez-vous-night-and-day/3468130.html ||| https://www.jaeger-lecoultre.com/content/dam/rcq/jlc/16/43/15/6/1643156.png ||| /Users/lcchai/Work/assets/official/jlc/1643156.png
https://www.jaeger-lecoultre.com/us/en/watches/rendez-vous/rendez-vous-night-and-day/3468410.html ||| https://www.jaeger-lecoultre.com/content/dam/rcq/jlc/16/43/15/7/1643157.png ||| /Users/lcchai/Work/assets/official/jlc/1643157.png
https://www.jaeger-lecoultre.com/us/en/watches/rendez-vous/rendez-vous-night-and-day/3468430.html ||| https://www.jaeger-lecoultre.com/content/dam/rcq/jlc/16/43/15/8/1643158.png ||| /Users/lcchai/Work/assets/official/jlc/1643158.png
https://www.jaeger-lecoultre.com/us/en/watches/rendez-vous/rendez-vous-night-and-day/3468480.html ||| https://www.jaeger-lecoultre.com/content/dam/rcq/jlc/16/43/15/9/1643159.png ||| /Users/lcchai/Work/assets/official/jlc/1643159.png
https://www.jaeger-lecoultre.com/us/en/watches/rendez-vous/rendez-vous-perpetual-calendar/3492420.html ||| https://www.jaeger-lecoultre.com/content/dam/rcq/jlc/14/34/26/2/1434262.png ||| /Users/lcchai/Work/assets/official/jlc/1434262.png
https://www.jaeger-lecoultre.com/us/en/watches/rendez-vous/rendez-vous-perpetual-calendar/3493420.html ||| https://www.jaeger-lecoultre.com/content/dam/rcq/jlc/10/61/42/3/1061423.png ||| /Users/lcchai/Work/assets/official/jlc/1061423.png
https://www.jaeger-lecoultre.com/us/en/watches/rendez-vous/rendez-vous-tourbillon/3412410.html ||| https://www.jaeger-lecoultre.com/content/dam/rcq/jlc/16/43/16/4/1643164.png ||| /Users/lcchai/Work/assets/official/jlc/1643164.png
https://www.jaeger-lecoultre.com/us/en/watches/rendez-vous/rendez-vous-tourbillon/3413403.html ||| https://www.jaeger-lecoultre.com/content/dam/rcq/jlc/10/53/41/6/1053416.png ||| /Users/lcchai/Work/assets/official/jlc/1053416.png
https://www.jaeger-lecoultre.com/us/en/watches/rendez-vous/rendez-vous-tourbillon/3413480.html ||| https://www.jaeger-lecoultre.com/content/dam/rcq/jlc/16/43/16/5/1643165.png ||| /Users/lcchai/Work/assets/official/jlc/1643165.png
https://www.jaeger-lecoultre.com/us/en/watches/reverso/reverso-classic-large-duoface-manuel/3842520.html ||| https://www.jaeger-lecoultre.com/content/dam/rcq/jlc/18/11/47/9/1811479.png ||| /Users/lcchai/Work/assets/official/jlc/1811479.png
https://www.jaeger-lecoultre.com/us/en/watches/reverso/reverso-classic-large-duoface-manuel/3848420.html ||| https://www.jaeger-lecoultre.com/content/dam/rcq/jlc/15/26/43/2/1526432.png ||| /Users/lcchai/Work/assets/official/jlc/1526432.png
https://www.jaeger-lecoultre.com/us/en/watches/reverso/reverso-classic-large-duoface-manuel/3848422.html ||| https://www.jaeger-lecoultre.com/content/dam/rcq/jlc/16/43/17/4/1643174.png ||| /Users/lcchai/Work/assets/official/jlc/1643174.png
https://www.jaeger-lecoultre.com/us/en/watches/reverso/reverso-classic-medium-duetto-manuel/2588120.html ||| https://www.jaeger-lecoultre.com/content/dam/rcq/jlc/15/26/41/2/1526412.png ||| /Users/lcchai/Work/assets/official/jlc/1526412.png
https://www.jaeger-lecoultre.com/us/en/watches/reverso/reverso-classic-medium-duetto-manuel/2588422.html ||| https://www.jaeger-lecoultre.com/content/dam/rcq/jlc/17/07/08/0/1707080.png ||| /Users/lcchai/Work/assets/official/jlc/1707080.png
https://www.jaeger-lecoultre.com/us/en/watches/reverso/reverso-classic-medium-duetto/2572420.html ||| https://www.jaeger-lecoultre.com/content/dam/rcq/jlc/10/61/43/1/1061431.png ||| /Users/lcchai/Work/assets/official/jlc/1061431.png
https://www.jaeger-lecoultre.com/us/en/watches/reverso/reverso-classic-medium-duetto/2578120.html ||| https://www.jaeger-lecoultre.com/content/dam/rcq/jlc/10/61/43/4/1061434.png ||| /Users/lcchai/Work/assets/official/jlc/1061434.png
https://www.jaeger-lecoultre.com/us/en/watches/reverso/reverso-classic-medium-duetto/2578422.html ||| https://www.jaeger-lecoultre.com/content/dam/rcq/jlc/17/07/08/5/1707085.png ||| /Users/lcchai/Work/assets/official/jlc/1707085.png
https://www.jaeger-lecoultre.com/us/en/watches/reverso/reverso-classic-medium-duoface-manuel/2458420.html ||| https://www.jaeger-lecoultre.com/content/dam/rcq/jlc/15/26/45/2/1526452.png ||| /Users/lcchai/Work/assets/official/jlc/1526452.png
https://www.jaeger-lecoultre.com/us/en/watches/reverso/reverso-classic-medium-duoface-manuel/2458422.html ||| https://www.jaeger-lecoultre.com/content/dam/rcq/jlc/16/51/86/3/1651863.png ||| /Users/lcchai/Work/assets/official/jlc/1651863.png
https://www.jaeger-lecoultre.com/us/en/watches/reverso/reverso-classic-small-duetto/2662130.html ||| https://www.jaeger-lecoultre.com/content/dam/rcq/jlc/10/61/43/8/1061438.png ||| /Users/lcchai/Work/assets/official/jlc/1061438.png
https://www.jaeger-lecoultre.com/us/en/watches/reverso/reverso-classic-small-duetto/2662430.html ||| https://www.jaeger-lecoultre.com/content/dam/rcq/jlc/10/61/43/6/1061436.png ||| /Users/lcchai/Work/assets/official/jlc/1061436.png
https://www.jaeger-lecoultre.com/us/en/watches/reverso/reverso-classic-small-duetto/2668130.html ||| https://www.jaeger-lecoultre.com/content/dam/rcq/jlc/10/61/43/7/1061437.png ||| /Users/lcchai/Work/assets/official/jlc/1061437.png
https://www.jaeger-lecoultre.com/us/en/watches/reverso/reverso-classic-small-duetto/2668432.html ||| https://www.jaeger-lecoultre.com/content/dam/rcq/jlc/17/07/07/8/1707078.png ||| /Users/lcchai/Work/assets/official/jlc/1707078.png
https://www.jaeger-lecoultre.com/us/en/watches/reverso/reverso-classic-small/2618140.html ||| https://www.jaeger-lecoultre.com/content/dam/rcq/jlc/18/10/97/1/1810971.png ||| /Users/lcchai/Work/assets/official/jlc/1810971.png
https://www.jaeger-lecoultre.com/us/en/watches/reverso/reverso-one-duetto-jewelry/3362201.html ||| https://www.jaeger-lecoultre.com/content/dam/rcq/jlc/15/26/42/7/1526427.png ||| /Users/lcchai/Work/assets/official/jlc/1526427.png
https://www.jaeger-lecoultre.com/us/en/watches/reverso/reverso-one-duetto-jewelry/3363401.html ||| https://www.jaeger-lecoultre.com/content/dam/rcq/jlc/15/26/42/9/1526429.png ||| /Users/lcchai/Work/assets/official/jlc/1526429.png
https://www.jaeger-lecoultre.com/us/en/watches/reverso/reverso-one-duetto-jewelry/3363402.html ||| https://www.jaeger-lecoultre.com/content/dam/rcq/jlc/15/26/43/0/1526430.png ||| /Users/lcchai/Work/assets/official/jlc/1526430.png
https://www.jaeger-lecoultre.com/us/en/watches/reverso/reverso-one-duetto-moon/3352120.html ||| https://www.jaeger-lecoultre.com/content/dam/rcq/jlc/13/49/31/9/1349319.png ||| /Users/lcchai/Work/assets/official/jlc/1349319.png
https://www.jaeger-lecoultre.com/us/en/watches/reverso/reverso-one-duetto-moon/3352420.html ||| https://www.jaeger-lecoultre.com/content/dam/rcq/jlc/13/49/32/2/1349322.png ||| /Users/lcchai/Work/assets/official/jlc/1349322.png
https://www.jaeger-lecoultre.com/us/en/watches/reverso/reverso-one-duetto-moon/3358120.html ||| https://www.jaeger-lecoultre.com/content/dam/rcq/jlc/13/49/32/5/1349325.png ||| /Users/lcchai/Work/assets/official/jlc/1349325.png
https://www.jaeger-lecoultre.com/us/en/watches/reverso/reverso-one-duetto-moon/3358420.html ||| https://www.jaeger-lecoultre.com/content/dam/rcq/jlc/13/49/33/5/1349335.png ||| /Users/lcchai/Work/assets/official/jlc/1349335.png
https://www.jaeger-lecoultre.com/us/en/watches/reverso/reverso-one-duetto/3342520.html ||| https://www.jaeger-lecoultre.com/content/dam/rcq/jlc/18/10/94/6/1810946.png ||| /Users/lcchai/Work/assets/official/jlc/1810946.png
https://www.jaeger-lecoultre.com/us/en/watches/reverso/reverso-one-duetto/3348120.html ||| https://www.jaeger-lecoultre.com/content/dam/rcq/jlc/18/10/95/4/1810954.png ||| /Users/lcchai/Work/assets/official/jlc/1810954.png
https://www.jaeger-lecoultre.com/us/en/watches/reverso/reverso-one-duetto/3348420.html ||| https://www.jaeger-lecoultre.com/content/dam/rcq/jlc/18/10/95/2/1810952.png ||| /Users/lcchai/Work/assets/official/jlc/1810952.png
https://www.jaeger-lecoultre.com/us/en/watches/reverso/reverso-one-quartz/3288120.html ||| https://www.jaeger-lecoultre.com/content/dam/rcq/jlc/15/26/42/4/1526424.png ||| /Users/lcchai/Work/assets/official/jlc/1526424.png
https://www.jaeger-lecoultre.com/us/en/watches/reverso/reverso-one-quartz/3288420.html ||| https://www.jaeger-lecoultre.com/content/dam/rcq/jlc/15/26/42/6/1526426.png ||| /Users/lcchai/Work/assets/official/jlc/1526426.png
https://www.jaeger-lecoultre.com/us/en/watches/reverso/reverso-one-quartz/3288560.html ||| https://www.jaeger-lecoultre.com/content/dam/rcq/jlc/20/32/37/0/2032370.png ||| /Users/lcchai/Work/assets/official/jlc/2032370.png
https://www.jaeger-lecoultre.com/us/en/watches/reverso/reverso-tribute-calendar/3912420.html ||| https://www.jaeger-lecoultre.com/content/dam/rcq/jlc/13/49/35/5/1349355.png ||| /Users/lcchai/Work/assets/official/jlc/1349355.png
https://www.jaeger-lecoultre.com/us/en/watches/reverso/reverso-tribute-duoface-medium/3988482.html ||| https://www.jaeger-lecoultre.com/content/dam/rcq/jlc/18/14/97/0/1814970.png ||| /Users/lcchai/Work/assets/official/jlc/1814970.png
https://www.jaeger-lecoultre.com/us/en/watches/reverso/reverso-tribute-gyrotourbillon/3946420.html ||| https://www.jaeger-lecoultre.com/content/dam/rcq/jlc/13/49/35/8/1349358.png ||| /Users/lcchai/Work/assets/official/jlc/1349358.png
https://www.jaeger-lecoultre.com/us/en/watches/reverso/reverso-tribute-monoface/397846J.html ||| https://www.jaeger-lecoultre.com/content/dam/rcq/jlc/18/18/24/6/1818246.png ||| /Users/lcchai/Work/assets/official/jlc/1818246.png
https://www.jaeger-lecoultre.com/us/en/watches/reverso/reverso-tribute-monoface/3978480.html ||| https://www.jaeger-lecoultre.com/content/dam/rcq/jlc/16/43/17/5/1643175.png ||| /Users/lcchai/Work/assets/official/jlc/1643175.png
https://www.jaeger-lecoultre.com/us/en/watches/reverso/reverso-tribute-moon/3958420.html ||| https://www.jaeger-lecoultre.com/content/dam/rcq/jlc/15/23/31/0/1523310.png ||| /Users/lcchai/Work/assets/official/jlc/1523310.png
https://www.jaeger-lecoultre.com/us/en/watches/reverso/reverso-tribute-tourbillon/3926480.html ||| https://www.jaeger-lecoultre.com/content/dam/rcq/jlc/10/83/28/1/1083281.png ||| /Users/lcchai/Work/assets/official/jlc/1083281.png
