https://www.muehle-glashuette.de/en/watch/29er-big-black-leather-strap/ ||| https://3z5g833g48ep4r53ky2hm17j-wpengine.netdna-ssl.com/wp-content/uploads/MuehleGlashuette_M1_25_33_LB.png ||| /Users/lcchai/Work/assets/official/muehle/MuehleGlashuette_M1_25_33_LB.png
https://www.muehle-glashuette.de/en/watch/29er-big-black-rubber-strap/ ||| https://3z5g833g48ep4r53ky2hm17j-wpengine.netdna-ssl.com/wp-content/uploads/29er-Big-schwarz-Leder-Kautschukband.png ||| /Users/lcchai/Work/assets/official/muehle/29er-Big-schwarz-Leder-Kautschukband.png
https://www.muehle-glashuette.de/en/watch/29er-big-white-leather-strap/ ||| https://3z5g833g48ep4r53ky2hm17j-wpengine.netdna-ssl.com/wp-content/uploads/MuehleGlashuette_M1_25_31_LB.png ||| /Users/lcchai/Work/assets/official/muehle/MuehleGlashuette_M1_25_31_LB.png
https://www.muehle-glashuette.de/en/watch/29er-big-white-metal-strap/ ||| https://3z5g833g48ep4r53ky2hm17j-wpengine.netdna-ssl.com/wp-content/uploads/MuehleGlashuette_M1_25_31_MB.png ||| /Users/lcchai/Work/assets/official/muehle/MuehleGlashuette_M1_25_31_MB.png
https://www.muehle-glashuette.de/en/watch/29er-black-leather-strap/ ||| https://3z5g833g48ep4r53ky2hm17j-wpengine.netdna-ssl.com/wp-content/uploads/MuehleGlashuette_M1_25_23_LB.png ||| /Users/lcchai/Work/assets/official/muehle/MuehleGlashuette_M1_25_23_LB.png
https://www.muehle-glashuette.de/en/watch/29er-black-metal-strap/ ||| https://3z5g833g48ep4r53ky2hm17j-wpengine.netdna-ssl.com/wp-content/uploads/MuehleGlashuette_M1_25_23_MB.png ||| /Users/lcchai/Work/assets/official/muehle/MuehleGlashuette_M1_25_23_MB.png
https://www.muehle-glashuette.de/en/watch/29er-casual-leather-strap/ ||| https://3z5g833g48ep4r53ky2hm17j-wpengine.netdna-ssl.com/wp-content/uploads/29er-Casual_braunes-Lederband.png ||| /Users/lcchai/Work/assets/official/muehle/29er-Casual_braunes-Lederband.png
https://www.muehle-glashuette.de/en/watch/29er-casual-textile-strap/ ||| https://3z5g833g48ep4r53ky2hm17j-wpengine.netdna-ssl.com/wp-content/uploads/29er-Casual_Textilband.png ||| /Users/lcchai/Work/assets/official/muehle/29er-Casual_Textilband.png
https://www.muehle-glashuette.de/en/watch/29er-casual-velours-strap/ ||| https://3z5g833g48ep4r53ky2hm17j-wpengine.netdna-ssl.com/wp-content/uploads/29er-Casual_graues-Lederband.png ||| /Users/lcchai/Work/assets/official/muehle/29er-Casual_graues-Lederband.png
https://www.muehle-glashuette.de/en/watch/29er-chronograph-black-leather-strap/ ||| https://3z5g833g48ep4r53ky2hm17j-wpengine.netdna-ssl.com/wp-content/uploads/MuehleGlashuette_M1_25_43_LB.png ||| /Users/lcchai/Work/assets/official/muehle/MuehleGlashuette_M1_25_43_LB.png
https://www.muehle-glashuette.de/en/watch/29er-chronograph-black-metal-strap/ ||| https://3z5g833g48ep4r53ky2hm17j-wpengine.netdna-ssl.com/wp-content/uploads/MuehleGlashuette_M1_25_43_MB.png ||| /Users/lcchai/Work/assets/official/muehle/MuehleGlashuette_M1_25_43_MB.png
https://www.muehle-glashuette.de/en/watch/29er-chronograph-black-rubber-strap/ ||| https://3z5g833g48ep4r53ky2hm17j-wpengine.netdna-ssl.com/wp-content/uploads/29er-Chronograph-Leder-Kautschukband.png ||| /Users/lcchai/Work/assets/official/muehle/29er-Chronograph-Leder-Kautschukband.png
https://www.muehle-glashuette.de/en/watch/29er-chronograph-white-leather-strap/ ||| https://3z5g833g48ep4r53ky2hm17j-wpengine.netdna-ssl.com/wp-content/uploads/MuehleGlashuette_M1_25_41_LB.png ||| /Users/lcchai/Work/assets/official/muehle/MuehleGlashuette_M1_25_41_LB.png
https://www.muehle-glashuette.de/en/watch/29er-leather-strap/ ||| https://3z5g833g48ep4r53ky2hm17j-wpengine.netdna-ssl.com/wp-content/uploads/MuehleGlashuette_M1_25_21_LB.png ||| /Users/lcchai/Work/assets/official/muehle/MuehleGlashuette_M1_25_21_LB.png
https://www.muehle-glashuette.de/en/watch/29er-tag-datum-metal-strap/ ||| https://3z5g833g48ep4r53ky2hm17j-wpengine.netdna-ssl.com/wp-content/uploads/29er_Tag-Datum_Edelstahlband.png ||| /Users/lcchai/Work/assets/official/muehle/29er_Tag-Datum_Edelstahlband.png
https://www.muehle-glashuette.de/en/watch/29er-white-metal-strap/ ||| https://3z5g833g48ep4r53ky2hm17j-wpengine.netdna-ssl.com/wp-content/uploads/MuehleGlashuette_M1_25_21_MB.png ||| /Users/lcchai/Work/assets/official/muehle/MuehleGlashuette_M1_25_21_MB.png
https://www.muehle-glashuette.de/en/watch/29er-zeigerdatum-textile-strap/ ||| https://3z5g833g48ep4r53ky2hm17j-wpengine.netdna-ssl.com/wp-content/uploads/S_M1-25-32-NB.png ||| /Users/lcchai/Work/assets/official/muehle/S_M1-25-32-NB.png
https://www.muehle-glashuette.de/en/watch/lunova-chronograph/ ||| https://3z5g833g48ep4r53ky2hm17j-wpengine.netdna-ssl.com/wp-content/uploads/Lunova-Chronograph-mit-Krokolederband.png ||| /Users/lcchai/Work/assets/official/muehle/Lunova-Chronograph-mit-Krokolederband.png
https://www.muehle-glashuette.de/en/watch/lunova-lady-leather/ ||| https://3z5g833g48ep4r53ky2hm17j-wpengine.netdna-ssl.com/wp-content/uploads/Lunova-Lady_Lederband.png ||| /Users/lcchai/Work/assets/official/muehle/Lunova-Lady_Lederband.png
https://www.muehle-glashuette.de/en/watch/lunova-tag-datum/ ||| https://3z5g833g48ep4r53ky2hm17j-wpengine.netdna-ssl.com/wp-content/uploads/Lunova-Tag-Datum-mit-Krokolederband.png ||| /Users/lcchai/Work/assets/official/muehle/Lunova-Tag-Datum-mit-Krokolederband.png
https://www.muehle-glashuette.de/en/watch/m29-classic-leather-strap/ ||| https://3z5g833g48ep4r53ky2hm17j-wpengine.netdna-ssl.com/wp-content/uploads/MuehleGlashuette_M1_25_57_LB.png ||| /Users/lcchai/Work/assets/official/muehle/MuehleGlashuette_M1_25_57_LB.png
https://www.muehle-glashuette.de/en/watch/m29-classic-metal-strap/ ||| https://3z5g833g48ep4r53ky2hm17j-wpengine.netdna-ssl.com/wp-content/uploads/MuehleGlashuette_M1_25_57_MB.png ||| /Users/lcchai/Work/assets/official/muehle/MuehleGlashuette_M1_25_57_MB.png
https://www.muehle-glashuette.de/en/watch/panova-blau-leather-strap-ostrich/ ||| https://3z5g833g48ep4r53ky2hm17j-wpengine.netdna-ssl.com/wp-content/uploads/Panova-Blau_braunes-Lederband.png ||| /Users/lcchai/Work/assets/official/muehle/Panova-Blau_braunes-Lederband.png
https://www.muehle-glashuette.de/en/watch/panova-blau-leather-strap-smooth/ ||| https://3z5g833g48ep4r53ky2hm17j-wpengine.netdna-ssl.com/wp-content/uploads/blau-leder-glatt.png ||| /Users/lcchai/Work/assets/official/muehle/blau-leder-glatt.png
https://www.muehle-glashuette.de/en/watch/panova-blau-nylon-strap/ ||| https://3z5g833g48ep4r53ky2hm17j-wpengine.netdna-ssl.com/wp-content/uploads/Blau_Nylon.png ||| /Users/lcchai/Work/assets/official/muehle/Blau_Nylon.png
https://www.muehle-glashuette.de/en/watch/panova-blau-textile-strap/ ||| https://3z5g833g48ep4r53ky2hm17j-wpengine.netdna-ssl.com/wp-content/uploads/S_M1-40-72-NB_mehrfarbigesB.png ||| /Users/lcchai/Work/assets/official/muehle/S_M1-40-72-NB_mehrfarbigesB.png
https://www.muehle-glashuette.de/en/watch/panova-grau-leather-strap-embossed/ ||| https://3z5g833g48ep4r53ky2hm17j-wpengine.netdna-ssl.com/wp-content/uploads/Grau-Leder-Strauss.png ||| /Users/lcchai/Work/assets/official/muehle/Grau-Leder-Strauss.png
https://www.muehle-glashuette.de/en/watch/panova-grau-leather-strap-smooth/ ||| https://3z5g833g48ep4r53ky2hm17j-wpengine.netdna-ssl.com/wp-content/uploads/S_Panova-Grau-LB.png ||| /Users/lcchai/Work/assets/official/muehle/S_Panova-Grau-LB.png
https://www.muehle-glashuette.de/en/watch/panova-grau-nylon-strap/ ||| https://3z5g833g48ep4r53ky2hm17j-wpengine.netdna-ssl.com/wp-content/uploads/Panova-Grau_Textilband.png ||| /Users/lcchai/Work/assets/official/muehle/Panova-Grau_Textilband.png
https://www.muehle-glashuette.de/en/watch/panova-grau-textile-strap/ ||| https://3z5g833g48ep4r53ky2hm17j-wpengine.netdna-ssl.com/wp-content/uploads/Grau-textil.png ||| /Users/lcchai/Work/assets/official/muehle/Grau-textil.png
https://www.muehle-glashuette.de/en/watch/panova-gruen-leather-strap-smooth/ ||| https://3z5g833g48ep4r53ky2hm17j-wpengine.netdna-ssl.com/wp-content/uploads/Gruen_Leder_glatt.png ||| /Users/lcchai/Work/assets/official/muehle/Gruen_Leder_glatt.png
https://www.muehle-glashuette.de/en/watch/panova-gruen-nylon-strap/ ||| https://3z5g833g48ep4r53ky2hm17j-wpengine.netdna-ssl.com/wp-content/uploads/Gruen_Nylon.png ||| /Users/lcchai/Work/assets/official/muehle/Gruen_Nylon.png
https://www.muehle-glashuette.de/en/watch/panova-gruen-textile-strap/ ||| https://3z5g833g48ep4r53ky2hm17j-wpengine.netdna-ssl.com/wp-content/uploads/Panova-Gruen_Textilband.png ||| /Users/lcchai/Work/assets/official/muehle/Panova-Gruen_Textilband.png
https://www.muehle-glashuette.de/en/watch/promare-datum-rubber-strap/ ||| https://3z5g833g48ep4r53ky2hm17j-wpengine.netdna-ssl.com/wp-content/uploads/ProMare-Datum-Leder-Kautschukband.png ||| /Users/lcchai/Work/assets/official/muehle/ProMare-Datum-Leder-Kautschukband.png
https://www.muehle-glashuette.de/en/watch/promare-go/ ||| https://3z5g833g48ep4r53ky2hm17j-wpengine.netdna-ssl.com/wp-content/uploads/ProMare-Go_Leder-Kautschukband.png ||| /Users/lcchai/Work/assets/official/muehle/ProMare-Go_Leder-Kautschukband.png
https://www.muehle-glashuette.de/en/watch/promare-lady-iceblue/ ||| https://3z5g833g48ep4r53ky2hm17j-wpengine.netdna-ssl.com/wp-content/uploads/ProMare-Lady-Leder-Kautschukband-hellblau.png ||| /Users/lcchai/Work/assets/official/muehle/ProMare-Lady-Leder-Kautschukband-hellblau.png
https://www.muehle-glashuette.de/en/watch/promare-lady-white/ ||| https://3z5g833g48ep4r53ky2hm17j-wpengine.netdna-ssl.com/wp-content/uploads/ProMare-Lady-Leder-Kautschukband.png ||| /Users/lcchai/Work/assets/official/muehle/ProMare-Lady-Leder-Kautschukband.png
https://www.muehle-glashuette.de/en/watch/s-a-r-flieger-chronograph-rubber-strap/ ||| https://3z5g833g48ep4r53ky2hm17j-wpengine.netdna-ssl.com/wp-content/uploads/S_M1-41-33-KB.png ||| /Users/lcchai/Work/assets/official/muehle/S_M1-41-33-KB.png
https://www.muehle-glashuette.de/en/watch/s-a-r-rescue-timer-lumen-rubber-strap/ ||| https://3z5g833g48ep4r53ky2hm17j-wpengine.netdna-ssl.com/wp-content/uploads/M1-41-08-KB.png ||| /Users/lcchai/Work/assets/official/muehle/M1-41-08-KB.png
https://www.muehle-glashuette.de/en/watch/s-a-r-rescue-timer-rubber-strap/ ||| https://3z5g833g48ep4r53ky2hm17j-wpengine.netdna-ssl.com/wp-content/uploads/M1-41-03-KB.png ||| /Users/lcchai/Work/assets/official/muehle/M1-41-03-KB.png
https://www.muehle-glashuette.de/en/watch/seebataillon_gmt/ ||| https://3z5g833g48ep4r53ky2hm17j-wpengine.netdna-ssl.com/wp-content/uploads/MuehleGlashuette_M1_28_62_KB.png ||| /Users/lcchai/Work/assets/official/muehle/MuehleGlashuette_M1_28_62_KB.png
https://www.muehle-glashuette.de/en/watch/terrasport-i-beobachter-black-leather-strap/ ||| https://3z5g833g48ep4r53ky2hm17j-wpengine.netdna-ssl.com/wp-content/uploads/MuehleGlashuetteM1_37_34_4_LB.png ||| /Users/lcchai/Work/assets/official/muehle/MuehleGlashuetteM1_37_34_4_LB.png
https://www.muehle-glashuette.de/en/watch/terrasport-i-beobachter-black-metal-strap/ ||| https://3z5g833g48ep4r53ky2hm17j-wpengine.netdna-ssl.com/wp-content/uploads/MuehleGlashuette_M1_37_34_4_MB.png ||| /Users/lcchai/Work/assets/official/muehle/MuehleGlashuette_M1_37_34_4_MB.png
https://www.muehle-glashuette.de/en/watch/terrasport-i-beobachter-cream-leather-strap/ ||| https://3z5g833g48ep4r53ky2hm17j-wpengine.netdna-ssl.com/wp-content/uploads/MuehleGlashuette_M1_37_37_4_LB.png ||| /Users/lcchai/Work/assets/official/muehle/MuehleGlashuette_M1_37_37_4_LB.png
https://www.muehle-glashuette.de/en/watch/terrasport-i-beobachter-cream-metal-strap/ ||| https://3z5g833g48ep4r53ky2hm17j-wpengine.netdna-ssl.com/wp-content/uploads/MuehleGlashuette_M1_37_37_4_MB.png ||| /Users/lcchai/Work/assets/official/muehle/MuehleGlashuette_M1_37_37_4_MB.png
https://www.muehle-glashuette.de/en/watch/terrasport-i-black-leather-strap/ ||| https://3z5g833g48ep4r53ky2hm17j-wpengine.netdna-ssl.com/wp-content/uploads/MuehleGlashuette_M1_37_34_LB.png ||| /Users/lcchai/Work/assets/official/muehle/MuehleGlashuette_M1_37_34_LB.png
https://www.muehle-glashuette.de/en/watch/terrasport-i-chronograph-black-leather-strap/ ||| https://3z5g833g48ep4r53ky2hm17j-wpengine.netdna-ssl.com/wp-content/uploads/MuehleGlashuette_M1_37_74_LB.png ||| /Users/lcchai/Work/assets/official/muehle/MuehleGlashuette_M1_37_74_LB.png
https://www.muehle-glashuette.de/en/watch/terrasport-i-chronograph-black-metal-strap/ ||| https://3z5g833g48ep4r53ky2hm17j-wpengine.netdna-ssl.com/wp-content/uploads/MuehleGlashuette_M1_37_74_MB.png ||| /Users/lcchai/Work/assets/official/muehle/MuehleGlashuette_M1_37_74_MB.png
https://www.muehle-glashuette.de/en/watch/terrasport-i-chronograph-cream-leather-strap/ ||| https://3z5g833g48ep4r53ky2hm17j-wpengine.netdna-ssl.com/wp-content/uploads/MuehleGlashuette_M1_37_77_LB.png ||| /Users/lcchai/Work/assets/official/muehle/MuehleGlashuette_M1_37_77_LB.png
https://www.muehle-glashuette.de/en/watch/terrasport-i-cream-leather-strap/ ||| https://3z5g833g48ep4r53ky2hm17j-wpengine.netdna-ssl.com/wp-content/uploads/MuehleGlashuette_M1_37_37_LB.png ||| /Users/lcchai/Work/assets/official/muehle/MuehleGlashuette_M1_37_37_LB.png
https://www.muehle-glashuette.de/en/watch/terrasport-i-cream-metal-strap/ ||| https://3z5g833g48ep4r53ky2hm17j-wpengine.netdna-ssl.com/wp-content/uploads/MuehleGlashuette_M1_37_37_MB.png ||| /Users/lcchai/Work/assets/official/muehle/MuehleGlashuette_M1_37_37_MB.png
https://www.muehle-glashuette.de/en/watch/terrasport-ii-black-leather-strap/ ||| https://3z5g833g48ep4r53ky2hm17j-wpengine.netdna-ssl.com/wp-content/uploads/MuehleGlashuette_M1_37_44_LB.png ||| /Users/lcchai/Work/assets/official/muehle/MuehleGlashuette_M1_37_44_LB.png
https://www.muehle-glashuette.de/en/watch/terrasport-ii-black-metal-strap/ ||| https://3z5g833g48ep4r53ky2hm17j-wpengine.netdna-ssl.com/wp-content/uploads/MuehleGlashuette_M1_37_44_MB.png ||| /Users/lcchai/Work/assets/official/muehle/MuehleGlashuette_M1_37_44_MB.png
https://www.muehle-glashuette.de/en/watch/terrasport-ii-cream-leather-strap/ ||| https://3z5g833g48ep4r53ky2hm17j-wpengine.netdna-ssl.com/wp-content/uploads/MuehleGlashuette_M1_37_47_LB.png ||| /Users/lcchai/Work/assets/official/muehle/MuehleGlashuette_M1_37_47_LB.png
https://www.muehle-glashuette.de/en/watch/terrasport-iii-black/ ||| https://3z5g833g48ep4r53ky2hm17j-wpengine.netdna-ssl.com/wp-content/uploads/MuehleGlashuette_M1_37_84_LB.png ||| /Users/lcchai/Work/assets/official/muehle/MuehleGlashuette_M1_37_84_LB.png
https://www.muehle-glashuette.de/en/watch/terrasport-iv-bronze/ ||| https://3z5g833g48ep4r53ky2hm17j-wpengine.netdna-ssl.com/wp-content/uploads/Terrasport-IV-BRONZE_gruenes-Zifferblatt.png ||| /Users/lcchai/Work/assets/official/muehle/Terrasport-IV-BRONZE_gruenes-Zifferblatt.png
https://www.muehle-glashuette.de/en/watch/terrasport-iv-gmt-metal-strap/ ||| https://3z5g833g48ep4r53ky2hm17j-wpengine.netdna-ssl.com/wp-content/uploads/Terrasport-IV-GMT_Edelstahlband.png ||| /Users/lcchai/Work/assets/official/muehle/Terrasport-IV-GMT_Edelstahlband.png
https://www.muehle-glashuette.de/en/watch/teutonia-ii-chronograph-blue-leather-strap/ ||| https://3z5g833g48ep4r53ky2hm17j-wpengine.netdna-ssl.com/wp-content/uploads/Teutonia-ii-Chronograph-MuehleGlashuette_M1_30_92_LB.png ||| /Users/lcchai/Work/assets/official/muehle/Teutonia-ii-Chronograph-MuehleGlashuette_M1_30_92_LB.png
https://www.muehle-glashuette.de/en/watch/teutonia-ii-chronograph-blue-metal-strap/ ||| https://3z5g833g48ep4r53ky2hm17j-wpengine.netdna-ssl.com/wp-content/uploads/Teutonia-ii-Chronograph-MuehleGlashuette_M1_30_92_MB.png ||| /Users/lcchai/Work/assets/official/muehle/Teutonia-ii-Chronograph-MuehleGlashuette_M1_30_92_MB.png
https://www.muehle-glashuette.de/en/watch/teutonia-ii-chronograph-silver-leather-strap/ ||| https://3z5g833g48ep4r53ky2hm17j-wpengine.netdna-ssl.com/wp-content/uploads/MuehleGlashuette_M1_30_95_LB-1.png ||| /Users/lcchai/Work/assets/official/muehle/MuehleGlashuette_M1_30_95_LB-1.png
https://www.muehle-glashuette.de/en/watch/teutonia-ii-chronograph-silver-metal-strap/ ||| https://3z5g833g48ep4r53ky2hm17j-wpengine.netdna-ssl.com/wp-content/uploads/Teutonia-ii-Chronograph-MuehleGlashuette_M1_30_95_MB.png ||| /Users/lcchai/Work/assets/official/muehle/Teutonia-ii-Chronograph-MuehleGlashuette_M1_30_95_MB.png
https://www.muehle-glashuette.de/en/watch/teutonia-ii-chronometer-leather-strap/ ||| https://3z5g833g48ep4r53ky2hm17j-wpengine.netdna-ssl.com/wp-content/uploads/MuehleGlashuette_M1_30_45_LB.png ||| /Users/lcchai/Work/assets/official/muehle/MuehleGlashuette_M1_30_45_LB.png
https://www.muehle-glashuette.de/en/watch/teutonia-ii-kleine-sekunde-blue-leather-strap/ ||| https://3z5g833g48ep4r53ky2hm17j-wpengine.netdna-ssl.com/wp-content/uploads/MuehleGlashuette_M1_33_42-LB.png ||| /Users/lcchai/Work/assets/official/muehle/MuehleGlashuette_M1_33_42-LB.png
https://www.muehle-glashuette.de/en/watch/teutonia-ii-kleine-sekunde-blue-metal-strap/ ||| https://3z5g833g48ep4r53ky2hm17j-wpengine.netdna-ssl.com/wp-content/uploads/MuehleGlashuette_M1_33_42_MB.png ||| /Users/lcchai/Work/assets/official/muehle/MuehleGlashuette_M1_33_42_MB.png
https://www.muehle-glashuette.de/en/watch/teutonia-ii-kleine-sekunde-silver-metal-strap/ ||| https://3z5g833g48ep4r53ky2hm17j-wpengine.netdna-ssl.com/wp-content/uploads/MuehleGlashuette_M1_33_45_MB.png ||| /Users/lcchai/Work/assets/official/muehle/MuehleGlashuette_M1_33_45_MB.png
https://www.muehle-glashuette.de/en/watch/teutonia-ii-medium-blue-leather-strap/ ||| https://3z5g833g48ep4r53ky2hm17j-wpengine.netdna-ssl.com/wp-content/uploads/Teutonia-ii-Medium-MuehleGlashuette_M1_30_22_LB.png ||| /Users/lcchai/Work/assets/official/muehle/Teutonia-ii-Medium-MuehleGlashuette_M1_30_22_LB.png
https://www.muehle-glashuette.de/en/watch/teutonia-ii-medium-blue-metal-strap/ ||| https://3z5g833g48ep4r53ky2hm17j-wpengine.netdna-ssl.com/wp-content/uploads/Teutonia-ii-Medium-MuehleGlashuette_M1_30_22_MB.png ||| /Users/lcchai/Work/assets/official/muehle/Teutonia-ii-Medium-MuehleGlashuette_M1_30_22_MB.png
https://www.muehle-glashuette.de/en/watch/teutonia-ii-medium-silber-leather-strap/ ||| https://3z5g833g48ep4r53ky2hm17j-wpengine.netdna-ssl.com/wp-content/uploads/MuehleGlashuette_M1_30_25_LB.png ||| /Users/lcchai/Work/assets/official/muehle/MuehleGlashuette_M1_30_25_LB.png
https://www.muehle-glashuette.de/en/watch/teutonia-ii-tag-datum-leather-strap/ ||| https://3z5g833g48ep4r53ky2hm17j-wpengine.netdna-ssl.com/wp-content/uploads/MuehleGlashuette_M1_33_65_LB.png ||| /Users/lcchai/Work/assets/official/muehle/MuehleGlashuette_M1_33_65_LB.png
https://www.muehle-glashuette.de/en/watch/teutonia-ii-tag-datum-metal-strap/ ||| https://3z5g833g48ep4r53ky2hm17j-wpengine.netdna-ssl.com/wp-content/uploads/MuehleGlashuette_M1_33_65_MB.png ||| /Users/lcchai/Work/assets/official/muehle/MuehleGlashuette_M1_33_65_MB.png
https://www.muehle-glashuette.de/en/watch/teutonia-ii-weltzeit-metal-strap/ ||| https://3z5g833g48ep4r53ky2hm17j-wpengine.netdna-ssl.com/wp-content/uploads/Teutonia-II-Weltzeit-Edelstahlband.png ||| /Users/lcchai/Work/assets/official/muehle/Teutonia-II-Weltzeit-Edelstahlband.png
https://www.muehle-glashuette.de/en/watch/teutonia-iv-kleine-sekunde-gold/ ||| https://3z5g833g48ep4r53ky2hm17j-wpengine.netdna-ssl.com/wp-content/uploads/Teutonia-IV-Kleine-Sekunde-GOLD-M1-44-22.png ||| /Users/lcchai/Work/assets/official/muehle/Teutonia-IV-Kleine-Sekunde-GOLD-M1-44-22.png
https://www.muehle-glashuette.de/en/watch/teutonia-iv-lady-gold/ ||| https://3z5g833g48ep4r53ky2hm17j-wpengine.netdna-ssl.com/wp-content/uploads/M1-44-25-VB-Teutonia-IV-lady-gold.png ||| /Users/lcchai/Work/assets/official/muehle/M1-44-25-VB-Teutonia-IV-lady-gold.png
https://www.muehle-glashuette.de/en/watch/teutonia-iv-mondphase-leather-strap/ ||| https://3z5g833g48ep4r53ky2hm17j-wpengine.netdna-ssl.com/wp-content/uploads/Teutonia-IV-Mondphase_Lederband.png ||| /Users/lcchai/Work/assets/official/muehle/Teutonia-IV-Mondphase_Lederband.png
https://www.muehle-glashuette.de/en/watch/teutonia-sport-i-cdp/ ||| https://3z5g833g48ep4r53ky2hm17j-wpengine.netdna-ssl.com/wp-content/uploads/Teutonia-Sport-I_silbernesZifferblatt.png ||| /Users/lcchai/Work/assets/official/muehle/Teutonia-Sport-I_silbernesZifferblatt.png
https://www.muehle-glashuette.de/en/watch/teutonia-sport-i/ ||| https://3z5g833g48ep4r53ky2hm17j-wpengine.netdna-ssl.com/wp-content/uploads/Teutonia-Sport-I.png ||| /Users/lcchai/Work/assets/official/muehle/Teutonia-Sport-I.png
https://www.muehle-glashuette.de/en/watch/teutonia-sport-ii-brg-leather-black/ ||| https://3z5g833g48ep4r53ky2hm17j-wpengine.netdna-ssl.com/wp-content/uploads/Teutonia-Sport-II-Racing-Band.png ||| /Users/lcchai/Work/assets/official/muehle/Teutonia-Sport-II-Racing-Band.png
https://www.muehle-glashuette.de/en/watch/teutonia-sport-ii-racing-green-leather-brown/ ||| https://3z5g833g48ep4r53ky2hm17j-wpengine.netdna-ssl.com/wp-content/uploads/Teutonia-Sport-II_braunes-Lederband.png ||| /Users/lcchai/Work/assets/official/muehle/Teutonia-Sport-II_braunes-Lederband.png
https://www.muehle-glashuette.de/en/wristwatches/functional-wristwatches/29er-casual/ ||| https://3z5g833g48ep4r53ky2hm17j-wpengine.netdna-ssl.com/wp-content/uploads/29er-Casual_braunes-Lederband.png ||| /Users/lcchai/Work/assets/official/muehle/29er-Casual_braunes-Lederband.png
https://www.muehle-glashuette.de/en/wristwatches/functional-wristwatches/lunova-chronograph/ ||| https://3z5g833g48ep4r53ky2hm17j-wpengine.netdna-ssl.com/wp-content/uploads/Lunova-Chronograph-mit-Krokolederband.png ||| /Users/lcchai/Work/assets/official/muehle/Lunova-Chronograph-mit-Krokolederband.png
https://www.muehle-glashuette.de/en/wristwatches/functional-wristwatches/lunova-tagdatum/ ||| https://3z5g833g48ep4r53ky2hm17j-wpengine.netdna-ssl.com/wp-content/uploads/Lunova-Tag-Datum-mit-Krokolederband.png ||| /Users/lcchai/Work/assets/official/muehle/Lunova-Tag-Datum-mit-Krokolederband.png
https://www.muehle-glashuette.de/en/wristwatches/functional-wristwatches/panova-blau/ ||| https://3z5g833g48ep4r53ky2hm17j-wpengine.netdna-ssl.com/wp-content/uploads/blau-leder-glatt.png ||| /Users/lcchai/Work/assets/official/muehle/blau-leder-glatt.png
https://www.muehle-glashuette.de/en/wristwatches/functional-wristwatches/panova-grau/ ||| https://3z5g833g48ep4r53ky2hm17j-wpengine.netdna-ssl.com/wp-content/uploads/Grau-Leder-Strauss.png ||| /Users/lcchai/Work/assets/official/muehle/Grau-Leder-Strauss.png
https://www.muehle-glashuette.de/en/wristwatches/functional-wristwatches/panova-gruen/ ||| https://3z5g833g48ep4r53ky2hm17j-wpengine.netdna-ssl.com/wp-content/uploads/Gruen_Nylon.png ||| /Users/lcchai/Work/assets/official/muehle/Gruen_Nylon.png
https://www.muehle-glashuette.de/en/wristwatches/functional-wristwatches/promare-go/ ||| https://3z5g833g48ep4r53ky2hm17j-wpengine.netdna-ssl.com/wp-content/uploads/ProMare-Go_Leder-Kautschukband.png ||| /Users/lcchai/Work/assets/official/muehle/ProMare-Go_Leder-Kautschukband.png
https://www.muehle-glashuette.de/en/wristwatches/functional-wristwatches/sea-timer-blackmotion/ ||| https://3z5g833g48ep4r53ky2hm17j-wpengine.netdna-ssl.com/wp-content/uploads/Sea-Timer-BlackMotion.png ||| /Users/lcchai/Work/assets/official/muehle/Sea-Timer-BlackMotion.png
https://www.muehle-glashuette.de/en/wristwatches/functional-wristwatches/seebataillon-gmt/ ||| https://3z5g833g48ep4r53ky2hm17j-wpengine.netdna-ssl.com/wp-content/uploads/MuehleGlashuette_M1_28_62_KB.png ||| /Users/lcchai/Work/assets/official/muehle/MuehleGlashuette_M1_28_62_KB.png
https://www.muehle-glashuette.de/en/wristwatches/functional-wristwatches/terrasport-i-beobachter/ ||| https://3z5g833g48ep4r53ky2hm17j-wpengine.netdna-ssl.com/wp-content/uploads/MuehleGlashuette_M1_37_37_4_MB.png ||| /Users/lcchai/Work/assets/official/muehle/MuehleGlashuette_M1_37_37_4_MB.png
https://www.muehle-glashuette.de/en/wristwatches/functional-wristwatches/teutonia-ii-chronograph/ ||| https://3z5g833g48ep4r53ky2hm17j-wpengine.netdna-ssl.com/wp-content/uploads/Teutonia-ii-Chronograph-MuehleGlashuette_M1_30_92_MB.png ||| /Users/lcchai/Work/assets/official/muehle/Teutonia-ii-Chronograph-MuehleGlashuette_M1_30_92_MB.png
https://www.muehle-glashuette.de/en/wristwatches/functional-wristwatches/teutonia-iv-kleine-sekunde-gold/ ||| https://3z5g833g48ep4r53ky2hm17j-wpengine.netdna-ssl.com/wp-content/uploads/Teutonia-IV-Kleine-Sekunde-GOLD-M1-44-22.png ||| /Users/lcchai/Work/assets/official/muehle/Teutonia-IV-Kleine-Sekunde-GOLD-M1-44-22.png
https://www.muehle-glashuette.de/en/wristwatches/functional-wristwatches/teutonia-iv-lady-gold/ ||| https://3z5g833g48ep4r53ky2hm17j-wpengine.netdna-ssl.com/wp-content/uploads/M1-44-25-VB-Teutonia-IV-lady-gold.png ||| /Users/lcchai/Work/assets/official/muehle/M1-44-25-VB-Teutonia-IV-lady-gold.png
https://www.muehle-glashuette.de/en/wristwatches/functional-wristwatches/teutonia-sport-i-clous-de-paris/ ||| https://3z5g833g48ep4r53ky2hm17j-wpengine.netdna-ssl.com/wp-content/uploads/Teutonia-Sport-I_silbernesZifferblatt.png ||| /Users/lcchai/Work/assets/official/muehle/Teutonia-Sport-I_silbernesZifferblatt.png
https://www.muehle-glashuette.de/en/wristwatches/functional-wristwatches/teutonia-sport-i/ ||| https://3z5g833g48ep4r53ky2hm17j-wpengine.netdna-ssl.com/wp-content/uploads/Teutonia-Sport-I.png ||| /Users/lcchai/Work/assets/official/muehle/Teutonia-Sport-I.png
