https://content.rolex.com/dam/2020/upright-bba/m116503-0011.png?impolicy=v6-upright
https://content.rolex.com/dam/2020/upright-bba/m116505-0014.png?impolicy=v6-upright
https://content.rolex.com/dam/2020/upright-bba/m116505-0015.png?impolicy=v6-upright
https://content.rolex.com/dam/2020/upright-bba/m116505-0016.png?impolicy=v6-upright
https://content.rolex.com/dam/2020/upright-bba/m116505-0017.png?impolicy=v6-upright
https://content.rolex.com/dam/2020/upright-bba/m116508-0015.png?impolicy=v6-upright
https://content.rolex.com/dam/2020/upright-bba/m116508-0016.png?impolicy=v6-upright
https://content.rolex.com/dam/2020/upright-bba/m116509-0073.png?impolicy=v6-upright
https://content.rolex.com/dam/2020/upright-bba/m116515ln-0055.png?impolicy=v6-upright
https://content.rolex.com/dam/2020/upright-bba/m116515ln-0057.png?impolicy=v6-upright
https://content.rolex.com/dam/2020/upright-bba/m116515ln-0059.png?impolicy=v6-upright
https://content.rolex.com/dam/2020/upright-bba/m116515ln-0061.png?impolicy=v6-upright
https://content.rolex.com/dam/2020/upright-bba/m116518ln-0076.png?impolicy=v6-upright
https://content.rolex.com/dam/2020/upright-bba/m116518ln-0078.png?impolicy=v6-upright
https://content.rolex.com/dam/2020/upright-bba/m116519ln-0038.png?impolicy=v6-upright
https://content.rolex.com/dam/2020/upright-bba/m124270-0001.png?impolicy=v6-upright
https://content.rolex.com/dam/2020/upright-bba/m124273-0001.png?impolicy=v6-upright
https://content.rolex.com/dam/2020/upright-bba/m126200-0017.png?impolicy=v6-upright
https://content.rolex.com/dam/2020/upright-bba/m126200-0018.png?impolicy=v6-upright
https://content.rolex.com/dam/2020/upright-bba/m126200-0019.png?impolicy=v6-upright
https://content.rolex.com/dam/2020/upright-bba/m126200-0020.png?impolicy=v6-upright
https://content.rolex.com/dam/2020/upright-bba/m126200-0021.png?impolicy=v6-upright
https://content.rolex.com/dam/2020/upright-bba/m126200-0022.png?impolicy=v6-upright
https://content.rolex.com/dam/2020/upright-bba/m126201-0029.png?impolicy=v6-upright
https://content.rolex.com/dam/2020/upright-bba/m126201-0030.png?impolicy=v6-upright
https://content.rolex.com/dam/2020/upright-bba/m126201-0031.png?impolicy=v6-upright
https://content.rolex.com/dam/2020/upright-bba/m126201-0032.png?impolicy=v6-upright
https://content.rolex.com/dam/2020/upright-bba/m126201-0033.png?impolicy=v6-upright
https://content.rolex.com/dam/2020/upright-bba/m126201-0034.png?impolicy=v6-upright
https://content.rolex.com/dam/2020/upright-bba/m126203-0035.png?impolicy=v6-upright
https://content.rolex.com/dam/2020/upright-bba/m126203-0036.png?impolicy=v6-upright
https://content.rolex.com/dam/2020/upright-bba/m126203-0037.png?impolicy=v6-upright
https://content.rolex.com/dam/2020/upright-bba/m126203-0038.png?impolicy=v6-upright
https://content.rolex.com/dam/2020/upright-bba/m126203-0039.png?impolicy=v6-upright
https://content.rolex.com/dam/2020/upright-bba/m126203-0040.png?impolicy=v6-upright
https://content.rolex.com/dam/2020/upright-bba/m126231-0029.png?impolicy=v6-upright
https://content.rolex.com/dam/2020/upright-bba/m126231-0030.png?impolicy=v6-upright
https://content.rolex.com/dam/2020/upright-bba/m126231-0031.png?impolicy=v6-upright
https://content.rolex.com/dam/2020/upright-bba/m126231-0032.png?impolicy=v6-upright
https://content.rolex.com/dam/2020/upright-bba/m126231-0033.png?impolicy=v6-upright
https://content.rolex.com/dam/2020/upright-bba/m126231-0034.png?impolicy=v6-upright
https://content.rolex.com/dam/2020/upright-bba/m126233-0035.png?impolicy=v6-upright
https://content.rolex.com/dam/2020/upright-bba/m126233-0036.png?impolicy=v6-upright
https://content.rolex.com/dam/2020/upright-bba/m126233-0037.png?impolicy=v6-upright
https://content.rolex.com/dam/2020/upright-bba/m126233-0038.png?impolicy=v6-upright
https://content.rolex.com/dam/2020/upright-bba/m126233-0039.png?impolicy=v6-upright
https://content.rolex.com/dam/2020/upright-bba/m126233-0040.png?impolicy=v6-upright
https://content.rolex.com/dam/2020/upright-bba/m126234-0045.png?impolicy=v6-upright
https://content.rolex.com/dam/2020/upright-bba/m126234-0046.png?impolicy=v6-upright
https://content.rolex.com/dam/2020/upright-bba/m126234-0047.png?impolicy=v6-upright
https://content.rolex.com/dam/2020/upright-bba/m126234-0048.png?impolicy=v6-upright
https://content.rolex.com/dam/2020/upright-bba/m126234-0049.png?impolicy=v6-upright
https://content.rolex.com/dam/2020/upright-bba/m126234-0050.png?impolicy=v6-upright
https://content.rolex.com/dam/2020/upright-bba/m126281rbr-0017.png?impolicy=v6-upright
https://content.rolex.com/dam/2020/upright-bba/m126281rbr-0018.png?impolicy=v6-upright
https://content.rolex.com/dam/2020/upright-bba/m126281rbr-0019.png?impolicy=v6-upright
https://content.rolex.com/dam/2020/upright-bba/m126281rbr-0020.png?impolicy=v6-upright
https://content.rolex.com/dam/2020/upright-bba/m126281rbr-0021.png?impolicy=v6-upright
https://content.rolex.com/dam/2020/upright-bba/m126281rbr-0022.png?impolicy=v6-upright
https://content.rolex.com/dam/2020/upright-bba/m126283rbr-0021.png?impolicy=v6-upright
https://content.rolex.com/dam/2020/upright-bba/m126283rbr-0022.png?impolicy=v6-upright
https://content.rolex.com/dam/2020/upright-bba/m126283rbr-0023.png?impolicy=v6-upright
https://content.rolex.com/dam/2020/upright-bba/m126283rbr-0024.png?impolicy=v6-upright
https://content.rolex.com/dam/2020/upright-bba/m126283rbr-0025.png?impolicy=v6-upright
https://content.rolex.com/dam/2020/upright-bba/m126283rbr-0026.png?impolicy=v6-upright
https://content.rolex.com/dam/2020/upright-bba/m126284rbr-0037.png?impolicy=v6-upright
https://content.rolex.com/dam/2020/upright-bba/m126284rbr-0038.png?impolicy=v6-upright
https://content.rolex.com/dam/2020/upright-bba/m126284rbr-0039.png?impolicy=v6-upright
https://content.rolex.com/dam/2020/upright-bba/m126284rbr-0040.png?impolicy=v6-upright
https://content.rolex.com/dam/2020/upright-bba/m126284rbr-0041.png?impolicy=v6-upright
https://content.rolex.com/dam/2020/upright-bba/m126284rbr-0042.png?impolicy=v6-upright
https://content.rolex.com/dam/2020/upright-bba/m126710blnr-0003.png?impolicy=v6-upright
https://content.rolex.com/dam/2020/upright-bba/m126710blro-0002.png?impolicy=v6-upright
https://content.rolex.com/dam/2020/upright-bba/m128235-0041.png?impolicy=v6-upright
https://content.rolex.com/dam/2020/upright-bba/m128235-0042.png?impolicy=v6-upright
https://content.rolex.com/dam/2020/upright-bba/m128235-0052.png?impolicy=v6-upright
https://content.rolex.com/dam/2020/upright-bba/m128235-0053.png?impolicy=v6-upright
https://content.rolex.com/dam/2020/upright-bba/m128345rbr-0044.png?impolicy=v6-upright
https://content.rolex.com/dam/2020/upright-bba/m128345rbr-0045.png?impolicy=v6-upright
https://content.rolex.com/dam/2020/upright-bba/m128345rbr-0054.png?impolicy=v6-upright
https://content.rolex.com/dam/2020/upright-bba/m128345rbr-0055.png?impolicy=v6-upright
https://content.rolex.com/dam/2020/upright-bba/m226570-0001.png?impolicy=v6-upright
https://content.rolex.com/dam/2020/upright-bba/m226570-0002.png?impolicy=v6-upright
https://content.rolex.com/dam/2020/upright-bba/m228206-0044.png?impolicy=v6-upright
https://content.rolex.com/dam/2020/upright-bba/m228206-0045.png?impolicy=v6-upright
https://content.rolex.com/dam/2020/upright-bba/m228235-0045.png?impolicy=v6-upright
https://content.rolex.com/dam/2020/upright-bba/m228239-0060.png?impolicy=v6-upright
https://content.rolex.com/dam/2020/upright-bba/m228345rbr-0016.png?impolicy=v6-upright
https://content.rolex.com/dam/2020/upright-bba/m228349rbr-0041.png?impolicy=v6-upright
https://content.rolex.com/dam/2020/upright-bba/m228396tbr-0030.png?impolicy=v6-upright
https://content.rolex.com/dam/2020/upright-bba/m228396tbr-0031.png?impolicy=v6-upright
https://content.rolex.com/dam/2020/upright-bba/m278240-0017.png?impolicy=v6-upright
https://content.rolex.com/dam/2020/upright-bba/m278240-0018.png?impolicy=v6-upright
https://content.rolex.com/dam/2020/upright-bba/m278274-0033.png?impolicy=v6-upright
https://content.rolex.com/dam/2020/upright-bba/m278274-0034.png?impolicy=v6-upright
https://content.rolex.com/dam/2020/upright-bba/m278289rbr-0023.png?impolicy=v6-upright
https://content.rolex.com/dam/2020/upright-bba/m278344rbr-0035.png?impolicy=v6-upright
https://content.rolex.com/dam/2020/upright-bba/m278344rbr-0036.png?impolicy=v6-upright
https://content.rolex.com/dam/2020/upright-bba/m278384rbr-0037.png?impolicy=v6-upright
https://content.rolex.com/dam/2020/upright-bba/m278384rbr-0038.png?impolicy=v6-upright
https://content.rolex.com/dam/2020/upright-bba/m279135rbr-0025.png?impolicy=v6-upright
https://content.rolex.com/dam/2020/upright-bba/m279135rbr-0026.png?impolicy=v6-upright
https://content.rolex.com/dam/2020/upright-bba/m279135rbr-0027.png?impolicy=v6-upright
https://content.rolex.com/dam/2020/upright-bba/m279135rbr-0028.png?impolicy=v6-upright
https://content.rolex.com/dam/2020/upright-bba/m279135rbr-0029.png?impolicy=v6-upright
https://content.rolex.com/dam/2020/upright-bba/m279135rbr-0030.png?impolicy=v6-upright
https://content.rolex.com/dam/2020/upright-bba/m279161-0023.png?impolicy=v6-upright
https://content.rolex.com/dam/2020/upright-bba/m279161-0024.png?impolicy=v6-upright
https://content.rolex.com/dam/2020/upright-bba/m279161-0025.png?impolicy=v6-upright
https://content.rolex.com/dam/2020/upright-bba/m279161-0026.png?impolicy=v6-upright
https://content.rolex.com/dam/2020/upright-bba/m279161-0027.png?impolicy=v6-upright
https://content.rolex.com/dam/2020/upright-bba/m279161-0028.png?impolicy=v6-upright
https://content.rolex.com/dam/2020/upright-bba/m279171-0023.png?impolicy=v6-upright
https://content.rolex.com/dam/2020/upright-bba/m279171-0024.png?impolicy=v6-upright
https://content.rolex.com/dam/2020/upright-bba/m279171-0025.png?impolicy=v6-upright
https://content.rolex.com/dam/2020/upright-bba/m279171-0026.png?impolicy=v6-upright
https://content.rolex.com/dam/2020/upright-bba/m279171-0027.png?impolicy=v6-upright
https://content.rolex.com/dam/2020/upright-bba/m279171-0028.png?impolicy=v6-upright
https://content.rolex.com/dam/2020/upright-bba/m279175-0025.png?impolicy=v6-upright
https://content.rolex.com/dam/2020/upright-bba/m279175-0026.png?impolicy=v6-upright
https://content.rolex.com/dam/2020/upright-bba/m279175-0027.png?impolicy=v6-upright
https://content.rolex.com/dam/2020/upright-bba/m279175-0028.png?impolicy=v6-upright
https://content.rolex.com/dam/2020/upright-bba/m279175-0029.png?impolicy=v6-upright
https://content.rolex.com/dam/2020/upright-bba/m279175-0030.png?impolicy=v6-upright
https://content.rolex.com/dam/2020/upright-bba/m279381rbr-0023.png?impolicy=v6-upright
https://content.rolex.com/dam/2020/upright-bba/m279381rbr-0024.png?impolicy=v6-upright
https://content.rolex.com/dam/2020/upright-bba/m279381rbr-0025.png?impolicy=v6-upright
https://content.rolex.com/dam/2020/upright-bba/m279381rbr-0026.png?impolicy=v6-upright
https://content.rolex.com/dam/2020/upright-bba/m279381rbr-0027.png?impolicy=v6-upright
https://content.rolex.com/dam/2020/upright-bba/m279381rbr-0028.png?impolicy=v6-upright
https://content.rolex.com/dam/2020/upright-bba/m279458rbr-0001.png?impolicy=v6-upright
https://content.rolex.com/dam/2020/upright-bba/m279459rbr-0001.png?impolicy=v6-upright
https://content.rolex.com/dam/2020/upright-bba/m326933-0004.png?impolicy=v6-upright
https://content.rolex.com/dam/2020/upright-bba/m326933-0005.png?impolicy=v6-upright
https://content.rolex.com/dam/2020/upright-bba/m326933-0010.png?impolicy=v6-upright
https://content.rolex.com/dam/2020/upright-bba/m326934-0002.png?impolicy=v6-upright
https://content.rolex.com/dam/2020/upright-bba/m326934-0004.png?impolicy=v6-upright
https://content.rolex.com/dam/2020/upright-bba/m326934-0006.png?impolicy=v6-upright
UNKNOWN : https://embed.widencdn.net/img/citizenwatch/couj0hm3cl/960x1200px/SUPER%20TITANIUM™%20SATELLITE%20WAVE%20GPS%20F950.png?u=41zuoe&crop=false&position=t&q=80&color=ffffff00
UNKNOWN : https://embed.widencdn.net/img/citizenwatch/ejlnbnkse0/420x480px/Super%20Titanium™%20Atomic%20Timekeeping.png?u=41zuoe&crop=false&position=t&q=80&color=ffffff00
UNKNOWN : https://embed.widencdn.net/img/citizenwatch/gq29ryrtlc/420x480px/SUPER%20TITANIUM™%20SATELLITE%20WAVE%20GPS%20F950.png?u=41zuoe&crop=false&position=t&q=80&color=ffffff00
UNKNOWN : https://fossil.scene7.com/is/image/FossilPartners/SUPWB0074_main?$sfcc_fos_large$
UNKNOWN : https://shoptommy.scene7.com/is/image/ShopTommy/1710378_001_FNT?wid=455&hei=607&fmt=jpeg&qlt=90%2c0&op_sharpen=1&resMode=trilin&op_usm=0.8%2c1.0%2c6%2c0&iccEmbed=0&cropN=0.125,0,0.75,1
UNKNOWN : https://shoptommy.scene7.com/is/image/ShopTommy/1710380_480_FNT?wid=455&hei=607&fmt=jpeg&qlt=90%2c0&op_sharpen=1&resMode=trilin&op_usm=0.8%2c1.0%2c6%2c0&iccEmbed=0&cropN=0.125,0,0.75,1
UNKNOWN : https://shoptommy.scene7.com/is/image/ShopTommy/1710397_480_FNT?wid=455&hei=607&fmt=jpeg&qlt=90%2c0&op_sharpen=1&resMode=trilin&op_usm=0.8%2c1.0%2c6%2c0&iccEmbed=0&cropN=0.125,0,0.75,1
UNKNOWN : https://shoptommy.scene7.com/is/image/ShopTommy/1781766_040_FNT?wid=455&hei=607&fmt=jpeg&qlt=90%2c0&op_sharpen=1&resMode=trilin&op_usm=0.8%2c1.0%2c6%2c0&iccEmbed=0&cropN=0.125,0,0.75,1
UNKNOWN : https://shoptommy.scene7.com/is/image/ShopTommy/1782233_340_FNT?wid=455&hei=607&fmt=jpeg&qlt=90%2c0&op_sharpen=1&resMode=trilin&op_usm=0.8%2c1.0%2c6%2c0&iccEmbed=0
UNKNOWN : https://shoptommy.scene7.com/is/image/ShopTommy/1782239_480_FNT?wid=455&hei=607&fmt=jpeg&qlt=90%2c0&op_sharpen=1&resMode=trilin&op_usm=0.8%2c1.0%2c6%2c0&iccEmbed=0&cropN=0.125,0,0.75,1
UNKNOWN : https://shoptommy.scene7.com/is/image/ShopTommy/1791274_001_FNT?wid=455&hei=607&fmt=jpeg&qlt=90%2c0&op_sharpen=1&resMode=trilin&op_usm=0.8%2c1.0%2c6%2c0&iccEmbed=0&cropN=0.125,0,0.75,1
UNKNOWN : https://shoptommy.scene7.com/is/image/ShopTommy/1791399_480_FNT?wid=455&hei=607&fmt=jpeg&qlt=90%2c0&op_sharpen=1&resMode=trilin&op_usm=0.8%2c1.0%2c6%2c0&iccEmbed=0&cropN=0.125,0,0.75,1
UNKNOWN : https://shoptommy.scene7.com/is/image/ShopTommy/1791561_480_FNT?wid=455&hei=607&fmt=jpeg&qlt=90%2c0&op_sharpen=1&resMode=trilin&op_usm=0.8%2c1.0%2c6%2c0&iccEmbed=0&cropN=0.125,0,0.75,1
UNKNOWN : https://shoptommy.scene7.com/is/image/ShopTommy/1791618_480_FNT?wid=455&hei=607&fmt=jpeg&qlt=90%2c0&op_sharpen=1&resMode=trilin&op_usm=0.8%2c1.0%2c6%2c0&iccEmbed=0&cropN=0.125,0,0.75,1
UNKNOWN : https://shoptommy.scene7.com/is/image/ShopTommy/1791667_480_FNT?wid=455&hei=607&fmt=jpeg&qlt=90%2c0&op_sharpen=1&resMode=trilin&op_usm=0.8%2c1.0%2c6%2c0&iccEmbed=0&cropN=0.125,0,0.75,1
UNKNOWN : https://shoptommy.scene7.com/is/image/ShopTommy/1791720_480_FNT?wid=455&hei=607&fmt=jpeg&qlt=90%2c0&op_sharpen=1&resMode=trilin&op_usm=0.8%2c1.0%2c6%2c0&iccEmbed=0&cropN=0.125,0,0.75,1
https://www.audemarspiguet.com/images/watch_images/header/03fb0dc02f2a11ba851bd7e32aca2971_desktop.jpg
https://www.audemarspiguet.com/images/watch_images/header/1293929974d1699008d74900ece90956_desktop.jpg
https://www.audemarspiguet.com/images/watch_images/header/17157e81ffb245add63df18e0d773ee7faee2bdf_desktop.jpg
https://www.audemarspiguet.com/images/watch_images/header/535c367004273a94a8be861990525e69_desktop.jpg
https://www.audemarspiguet.com/images/watch_images/header/5bcc9e41e4ae098085c2ab7ecf9b3043d01da5b4_desktop.jpg
https://www.audemarspiguet.com/images/watch_images/header/5d2b972aed9690ed311fbf419547934e_desktop.jpg
https://www.audemarspiguet.com/images/watch_images/header/703705b820950a9af0b2a3fe8904e693_desktop.jpg
https://www.audemarspiguet.com/images/watch_images/header/7146c16cc5b8354ee40ae0d272764058_desktop.jpg
https://www.audemarspiguet.com/images/watch_images/header/76c3aea15af72dd595eb7c34f279ea58_desktop.jpg
https://www.audemarspiguet.com/images/watch_images/header/87326b3e685dacf49ecd7c1ad9076525277624f0_desktop.jpg
https://www.audemarspiguet.com/images/watch_images/header/932d9605b7a800454a2f3f220a80aaf6_desktop.jpg
https://www.audemarspiguet.com/images/watch_images/header/954bbe14a3d940b1c4d51a9641972c3d9a1cd726_desktop.jpg
https://www.audemarspiguet.com/images/watch_images/header/9cd22dcbe525a9447deec751ec949493_desktop.jpg
https://www.audemarspiguet.com/images/watch_images/header/a2b58c2d63b0d03f4ced2d482e4b7ca5_desktop.jpg
https://www.audemarspiguet.com/images/watch_images/header/a3e3dd677fac52acc9d3204c71593426_desktop.jpg
https://www.audemarspiguet.com/images/watch_images/header/a98a58e7c1e30b071dfbdffcf3249043858c7b60_desktop.jpg
https://www.audemarspiguet.com/images/watch_images/header/acc6766cb0bcef6e93d8a5f2830f5297_desktop.jpg
https://www.audemarspiguet.com/images/watch_images/header/c617142d6beb4dfb57de1e451f93f8e4_desktop.jpg
https://www.audemarspiguet.com/images/watch_images/header/d90d502594a8e33ff0309f009aa5625950b66339_desktop.jpg
https://www.audemarspiguet.com/images/watch_images/header/dbbe6b5cc58ad7fac02f92ebe945e656_desktop.jpg
https://www.audemarspiguet.com/images/watch_images/header/dbd6649913607a3cdb7e5b387496bace_desktop.jpg
https://www.audemarspiguet.com/images/watch_images/header/e941777ec503580f369a1bdf092e2794_desktop.jpg
https://www.audemarspiguet.com/images/watch_images/standup/large/5508abaf6262f37ffb8081ebd6bcf8ec.png
https://www.audemarspiguet.com/uploads/layout/modules/brand_campaign/e0c78a0c5d1c7eb7aa45f692ae5f6979_desktop.jpg
https://www.audemarspiguet.com/uploads/layout/modules/watch_detail_case_features/13e3ce739117c9cd60ca273593096b4f_desktop.jpg
https://www.audemarspiguet.com/uploads/layout/modules/watch_detail_case_features/2055a22143727e604475d3e84200a277_desktop.jpg
https://www.audemarspiguet.com/uploads/layout/modules/watch_detail_case_features/589c47aa4bc61952fc69d491af0cae31_desktop.jpg
https://www.audemarspiguet.com/uploads/layout/modules/watch_detail_case_features/5b5c92f87249c229f91260e3bc05dcf8_desktop.jpg
https://www.audemarspiguet.com/uploads/layout/modules/watch_detail_case_features/5f1af472940069a3db9c4b8875dce4dc_desktop.jpg
https://www.audemarspiguet.com/uploads/layout/modules/watch_detail_case_features/6df5ee612af9ab328291fd5164e44529_desktop.jpg
https://www.audemarspiguet.com/uploads/layout/modules/watch_detail_case_features/75bb10571f93fdc4141a9f33c85e4002_desktop.jpg
https://www.audemarspiguet.com/uploads/layout/modules/watch_detail_case_features/7f9da3096092261786a993a35f6da2eb_desktop.jpg
https://www.audemarspiguet.com/uploads/layout/modules/watch_detail_case_features/99c276ead317e4bf2324fa7495925e8c_desktop.jpg
https://www.audemarspiguet.com/uploads/layout/modules/watch_detail_case_features/aefca15b81a2148ae13638c2427ede33_desktop.jpg
https://www.audemarspiguet.com/uploads/layout/modules/watch_detail_case_features/afe721fcb5a2be6e001831d6ba768a5d_desktop.jpg
https://www.audemarspiguet.com/uploads/layout/modules/watch_detail_case_features/b14a4c893fdb1c4e39c3e4759f097122_desktop.jpg
https://www.audemarspiguet.com/uploads/layout/modules/watch_detail_case_features/b8150fca4e86b74d9367b3db4e60be50_desktop.jpg
https://www.audemarspiguet.com/uploads/layout/modules/watch_detail_case_features/bb0c7ee36e500daf9d3136a3e33d16a0_desktop.jpg
https://www.audemarspiguet.com/uploads/layout/modules/watch_detail_case_features/c36078bf1df429ce3d5f38de2c86de3e_desktop.jpg
https://www.audemarspiguet.com/uploads/layout/modules/watch_detail_case_features/da1bc140bb22679c77c7fabc6fbc5eb1_desktop.jpg
https://www.audemarspiguet.com/uploads/layout/modules/watch_detail_case_features/dbf5fa93cb00b47c9abfa9daaa42c719_desktop.jpg
https://www.audemarspiguet.com/uploads/layout/modules/watch_detail_case_features/dfbef056ea28fcfefe46c96420615e01_desktop.jpg
https://www.audemarspiguet.com/uploads/layout/modules/watch_detail_case_features/e3c9dcca7b75761610b157469c69be55_desktop.jpg
https://www.audemarspiguet.com/uploads/layout/modules/watch_detail_case_features/e907b2f968988c76c06fed918b2cd67f_desktop.jpg
https://www.audemarspiguet.com/uploads/layout/modules/watch_detail_case_features/eeb75a9e180c84de3298e978942ad699_desktop.jpg
https://www.audemarspiguet.com/uploads/layout/modules/watch_detail_case_features/f29b190810dbf582db3f664879e0c985_desktop.jpg
https://www.audemarspiguet.com/uploads/layout/modules/watch_detail_case_features/fc2049ede8146681c3eecf573c5eaacd_desktop.jpg
https://www.audemarspiguet.com/uploads/layout/modules/watch_detail_case_features/fc23e0e7f9a7f634ab453a6c1a2cc9a9_desktop.jpg
https://www.audemarspiguet.com/uploads/layout/modules/watch_detail_case_features/fed700ffae6bcbf4f7f68c2ba6e9f2c1_desktop.jpg
https://www.baume-et-mercier.com/us/en/content/dam/rcq/bem/20/88/93/5/2088935.png.transform.bemproddetails.png
https://www.baume-et-mercier.com/us/en/content/dam/rcq/bem/20/88/94/3/2088943.png.transform.bemproddetails.png
https://www.baume-et-mercier.com/us/en/content/dam/rcq/bem/20/88/94/5/2088945.png.transform.bemproddetails.png
https://www.baume-et-mercier.com/us/en/content/dam/rcq/bem/20/88/94/6/2088946.png.transform.bemproddetails.png
https://www.baume-et-mercier.com/us/en/content/dam/rcq/bem/20/88/94/7/2088947.png.transform.bemproddetails.png
https://www.baume-et-mercier.com/us/en/content/dam/rcq/bem/20/88/94/8/2088948.png.transform.bemproddetails.png
https://www.baume-et-mercier.com/us/en/content/dam/rcq/bem/20/88/94/9/2088949.png.transform.bemproddetails.png
https://www.baume-et-mercier.com/us/en/content/dam/rcq/bem/20/88/95/6/2088956.png.transform.bemproddetails.png
https://www.baume-et-mercier.com/us/en/content/dam/rcq/bem/21/54/56/1/2154561.png.transform.bemproddetails.png
https://www.baume-et-mercier.com/us/en/content/dam/rcq/bem/21/54/56/2/2154562.png.transform.bemproddetails.png
https://www.baume-et-mercier.com/us/en/content/dam/rcq/bem/21/54/56/9/2154569.png.transform.bemproddetails.png
https://www.baume-et-mercier.com/us/en/content/dam/rcq/bem/21/54/57/8/2154578.png.transform.bemproddetails.png
https://www.baume-et-mercier.com/us/en/content/dam/rcq/bem/21/54/58/1/2154581.png.transform.bemproddetails.png
https://www.baume-et-mercier.com/us/en/content/dam/rcq/bem/21/54/58/4/2154584.png.transform.bemproddetails.png
https://www.baume-et-mercier.com/us/en/content/dam/rcq/bem/21/54/58/8/2154588.png.transform.bemproddetails.png
https://www.baume-et-mercier.com/us/en/content/dam/rcq/bem/21/54/59/0/2154590.png.transform.bemproddetails.png
https://www.baume-et-mercier.com/us/en/content/dam/rcq/bem/21/54/60/7/2154607.png.transform.bemproddetails.png
https://www.baume-et-mercier.com/us/en/content/dam/rcq/bem/21/54/60/9/2154609.png.transform.bemproddetails.png
https://www.baume-et-mercier.com/us/en/content/dam/rcq/bem/21/54/61/3/2154613.png.transform.bemproddetails.png
https://www.baume-et-mercier.com/us/en/content/dam/rcq/bem/21/54/62/2/2154622.png.transform.bemproddetails.png
https://www.baume-et-mercier.com/us/en/content/dam/rcq/bem/21/54/62/6/2154626.png.transform.bemproddetails.png
https://www.baume-et-mercier.com/us/en/content/dam/rcq/bem/21/54/62/8/2154628.png.transform.bemproddetails.png
https://www.baume-et-mercier.com/us/en/content/dam/rcq/bem/21/54/63/6/2154636.png.transform.bemproddetails.png
https://www.baume-et-mercier.com/us/en/content/dam/rcq/bem/21/54/64/0/2154640.png.transform.bemproddetails.png
https://www.baume-et-mercier.com/us/en/content/dam/rcq/bem/21/54/64/2/2154642.png.transform.bemproddetails.png
https://www.baume-et-mercier.com/us/en/content/dam/rcq/bem/21/54/66/6/2154666.png.transform.bemproddetails.png
https://www.baume-et-mercier.com/us/en/content/dam/rcq/bem/21/55/14/4/2155144.png.transform.bemproddetails.png
https://www.baume-et-mercier.com/us/en/content/dam/rcq/bem/21/55/44/6/2155446.png.transform.bemproddetails.png
https://www.baume-et-mercier.com/us/en/content/dam/rcq/bem/21/56/16/7/2156167.png.transform.bemproddetails.png
UNKNOWN : https://www.baume-et-mercier.comundefined
UNKNOWN : https://www.cartier.comhttps://encartier.ipscdn.net/content/dam/rcq/car/10/19/48/3/1019483.png
UNKNOWN : https://www.cartier.comhttps://encartier.ipscdn.net/content/dam/rcq/car/10/36/70/0/1036700.png
UNKNOWN : https://www.cartier.comhttps://encartier.ipscdn.net/content/dam/rcq/car/10/36/70/2/1036702.png
UNKNOWN : https://www.cartier.comhttps://encartier.ipscdn.net/content/dam/rcq/car/10/36/70/4/1036704.png
UNKNOWN : https://www.cartier.comhttps://encartier.ipscdn.net/content/dam/rcq/car/10/36/70/5/1036705.png
UNKNOWN : https://www.cartier.comhttps://encartier.ipscdn.net/content/dam/rcq/car/10/36/70/9/1036709.png
UNKNOWN : https://www.cartier.comhttps://encartier.ipscdn.net/content/dam/rcq/car/10/36/71/0/1036710.png
UNKNOWN : https://www.cartier.comhttps://encartier.ipscdn.net/content/dam/rcq/car/10/39/79/8/1039798.png
UNKNOWN : https://www.cartier.comhttps://encartier.ipscdn.net/content/dam/rcq/car/10/39/80/0/1039800.png
UNKNOWN : https://www.cartier.comhttps://encartier.ipscdn.net/content/dam/rcq/car/10/41/67/5/1041675.png
UNKNOWN : https://www.cartier.comhttps://encartier.ipscdn.net/content/dam/rcq/car/10/44/05/0/1044050.png
UNKNOWN : https://www.cartier.comhttps://encartier.ipscdn.net/content/dam/rcq/car/10/44/05/1/1044051.png
UNKNOWN : https://www.cartier.comhttps://encartier.ipscdn.net/content/dam/rcq/car/10/44/05/2/1044052.png
UNKNOWN : https://www.cartier.comhttps://encartier.ipscdn.net/content/dam/rcq/car/10/44/05/3/1044053.png
UNKNOWN : https://www.cartier.comhttps://encartier.ipscdn.net/content/dam/rcq/car/10/44/05/4/1044054.png
UNKNOWN : https://www.cartier.comhttps://encartier.ipscdn.net/content/dam/rcq/car/10/44/05/6/1044056.png
UNKNOWN : https://www.cartier.comhttps://encartier.ipscdn.net/content/dam/rcq/car/10/44/14/0/1044140.png
UNKNOWN : https://www.cartier.comhttps://encartier.ipscdn.net/content/dam/rcq/car/10/44/14/1/1044141.png
UNKNOWN : https://www.cartier.comhttps://encartier.ipscdn.net/content/dam/rcq/car/10/57/55/5/1057555.png
UNKNOWN : https://www.cartier.comhttps://encartier.ipscdn.net/content/dam/rcq/car/11/10/44/8/1110448.png
UNKNOWN : https://www.cartier.comhttps://encartier.ipscdn.net/content/dam/rcq/car/11/10/44/9/1110449.png
UNKNOWN : https://www.cartier.comhttps://encartier.ipscdn.net/content/dam/rcq/car/11/10/45/0/1110450.png
UNKNOWN : https://www.cartier.comhttps://encartier.ipscdn.net/content/dam/rcq/car/11/72/50/5/1172505.png
UNKNOWN : https://www.cartier.comhttps://encartier.ipscdn.net/content/dam/rcq/car/11/72/51/8/1172518.png
UNKNOWN : https://www.cartier.comhttps://encartier.ipscdn.net/content/dam/rcq/car/11/72/68/3/1172683.png
UNKNOWN : https://www.cartier.comhttps://encartier.ipscdn.net/content/dam/rcq/car/13/07/20/2/1307202.png
UNKNOWN : https://www.cartier.comhttps://encartier.ipscdn.net/content/dam/rcq/car/14/28/30/0/1428300.png
UNKNOWN : https://www.cartier.comhttps://encartier.ipscdn.net/content/dam/rcq/car/14/37/97/8/1437978.png
UNKNOWN : https://www.cartier.comhttps://encartier.ipscdn.net/content/dam/rcq/car/14/37/97/9/1437979.png
UNKNOWN : https://www.cartier.comhttps://encartier.ipscdn.net/content/dam/rcq/car/14/37/98/0/1437980.png
UNKNOWN : https://www.cartier.comhttps://encartier.ipscdn.net/content/dam/rcq/car/14/37/98/1/1437981.png
UNKNOWN : https://www.cartier.comhttps://encartier.ipscdn.net/content/dam/rcq/car/14/37/98/5/1437985.png
UNKNOWN : https://www.cartier.comhttps://encartier.ipscdn.net/content/dam/rcq/car/14/37/98/6/1437986.png
UNKNOWN : https://www.cartier.comhttps://encartier.ipscdn.net/content/dam/rcq/car/14/37/98/7/1437987.png
UNKNOWN : https://www.cartier.comhttps://encartier.ipscdn.net/content/dam/rcq/car/14/37/98/8/1437988.png
UNKNOWN : https://www.cartier.comhttps://encartier.ipscdn.net/content/dam/rcq/car/14/37/99/1/1437991.png
UNKNOWN : https://www.cartier.comhttps://encartier.ipscdn.net/content/dam/rcq/car/14/37/99/2/1437992.png
UNKNOWN : https://www.cartier.comhttps://encartier.ipscdn.net/content/dam/rcq/car/14/37/99/3/1437993.png
UNKNOWN : https://www.cartier.comhttps://encartier.ipscdn.net/content/dam/rcq/car/14/37/99/4/1437994.png
UNKNOWN : https://www.cartier.comhttps://encartier.ipscdn.net/content/dam/rcq/car/14/37/99/6/1437996.png
UNKNOWN : https://www.cartier.comhttps://encartier.ipscdn.net/content/dam/rcq/car/14/37/99/7/1437997.png
UNKNOWN : https://www.cartier.comhttps://encartier.ipscdn.net/content/dam/rcq/car/14/39/79/1/1439791.png
UNKNOWN : https://www.cartier.comhttps://encartier.ipscdn.net/content/dam/rcq/car/14/39/79/2/1439792.png
UNKNOWN : https://www.cartier.comhttps://encartier.ipscdn.net/content/dam/rcq/car/14/41/32/5/1441325.png
UNKNOWN : https://www.cartier.comhttps://encartier.ipscdn.net/content/dam/rcq/car/14/41/33/0/1441330.png
UNKNOWN : https://www.cartier.comhttps://encartier.ipscdn.net/content/dam/rcq/car/14/62/75/0/1462750.png
UNKNOWN : https://www.cartier.comhttps://encartier.ipscdn.net/content/dam/rcq/car/14/62/75/1/1462751.png
UNKNOWN : https://www.cartier.comhttps://encartier.ipscdn.net/content/dam/rcq/car/14/62/75/5/1462755.png
UNKNOWN : https://www.cartier.comhttps://encartier.ipscdn.net/content/dam/rcq/car/14/62/75/6/1462756.png
UNKNOWN : https://www.cartier.comhttps://encartier.ipscdn.net/content/dam/rcq/car/14/62/75/7/1462757.png
UNKNOWN : https://www.cartier.comhttps://encartier.ipscdn.net/content/dam/rcq/car/14/62/75/8/1462758.png
UNKNOWN : https://www.cartier.comhttps://encartier.ipscdn.net/content/dam/rcq/car/14/70/71/8/1470718.png
UNKNOWN : https://www.cartier.comhttps://encartier.ipscdn.net/content/dam/rcq/car/14/70/72/1/1470721.png
UNKNOWN : https://www.cartier.comhttps://encartier.ipscdn.net/content/dam/rcq/car/14/70/72/2/1470722.png
UNKNOWN : https://www.cartier.comhttps://encartier.ipscdn.net/content/dam/rcq/car/14/82/65/3/1482653.png
UNKNOWN : https://www.cartier.comhttps://encartier.ipscdn.net/content/dam/rcq/car/14/82/65/4/1482654.png
UNKNOWN : https://www.cartier.comhttps://encartier.ipscdn.net/content/dam/rcq/car/14/82/65/5/1482655.png
UNKNOWN : https://www.cartier.comhttps://encartier.ipscdn.net/content/dam/rcq/car/14/82/65/6/1482656.png
UNKNOWN : https://www.cartier.comhttps://encartier.ipscdn.net/content/dam/rcq/car/14/82/65/7/1482657.png
UNKNOWN : https://www.cartier.comhttps://encartier.ipscdn.net/content/dam/rcq/car/15/15/33/0/1515330.png
UNKNOWN : https://www.cartier.comhttps://encartier.ipscdn.net/content/dam/rcq/car/15/15/34/5/1515345.png
UNKNOWN : https://www.cartier.comhttps://encartier.ipscdn.net/content/dam/rcq/car/15/15/35/9/1515359.png
UNKNOWN : https://www.cartier.comhttps://encartier.ipscdn.net/content/dam/rcq/car/15/15/37/3/1515373.png
UNKNOWN : https://www.cartier.comhttps://encartier.ipscdn.net/content/dam/rcq/car/15/15/38/7/1515387.png
UNKNOWN : https://www.cartier.comhttps://encartier.ipscdn.net/content/dam/rcq/car/15/15/40/1/1515401.png
UNKNOWN : https://www.cartier.comhttps://encartier.ipscdn.net/content/dam/rcq/car/15/91/45/3/1591453.png
UNKNOWN : https://www.cartier.comhttps://encartier.ipscdn.net/content/dam/rcq/car/15/91/45/7/1591457.png
UNKNOWN : https://www.cartier.comhttps://encartier.ipscdn.net/content/dam/rcq/car/15/91/45/8/1591458.png
UNKNOWN : https://www.cartier.comhttps://encartier.ipscdn.net/content/dam/rcq/car/15/91/45/9/1591459.png
UNKNOWN : https://www.cartier.comhttps://encartier.ipscdn.net/content/dam/rcq/car/15/91/46/0/1591460.png
UNKNOWN : https://www.cartier.comhttps://encartier.ipscdn.net/content/dam/rcq/car/15/91/46/1/1591461.png
UNKNOWN : https://www.cartier.comhttps://encartier.ipscdn.net/content/dam/rcq/car/15/91/46/2/1591462.png
UNKNOWN : https://www.cartier.comhttps://encartier.ipscdn.net/content/dam/rcq/car/15/91/46/3/1591463.png
UNKNOWN : https://www.cartier.comhttps://encartier.ipscdn.net/content/dam/rcq/car/15/91/46/4/1591464.png
UNKNOWN : https://www.cartier.comhttps://encartier.ipscdn.net/content/dam/rcq/car/15/91/50/4/1591504.png
UNKNOWN : https://www.cartier.comhttps://encartier.ipscdn.net/content/dam/rcq/car/15/95/55/2/1595552.png
UNKNOWN : https://www.cartier.comhttps://encartier.ipscdn.net/content/dam/rcq/car/15/95/55/3/1595553.png
UNKNOWN : https://www.cartier.comhttps://encartier.ipscdn.net/content/dam/rcq/car/15/95/55/4/1595554.png
UNKNOWN : https://www.cartier.comhttps://encartier.ipscdn.net/content/dam/rcq/car/15/95/55/5/1595555.png
UNKNOWN : https://www.cartier.comhttps://encartier.ipscdn.net/content/dam/rcq/car/15/95/55/6/1595556.png
UNKNOWN : https://www.cartier.comhttps://encartier.ipscdn.net/content/dam/rcq/car/15/95/55/7/1595557.png
UNKNOWN : https://www.cartier.comhttps://encartier.ipscdn.net/content/dam/rcq/car/15/95/55/8/1595558.png
UNKNOWN : https://www.cartier.comhttps://encartier.ipscdn.net/content/dam/rcq/car/15/95/55/9/1595559.png
UNKNOWN : https://www.cartier.comhttps://encartier.ipscdn.net/content/dam/rcq/car/16/23/14/7/1623147.png
UNKNOWN : https://www.cartier.comhttps://encartier.ipscdn.net/content/dam/rcq/car/16/23/14/9/1623149.png
UNKNOWN : https://www.cartier.comhttps://encartier.ipscdn.net/content/dam/rcq/car/16/23/15/2/1623152.png
UNKNOWN : https://www.cartier.comhttps://encartier.ipscdn.net/content/dam/rcq/car/16/23/15/4/1623154.png
UNKNOWN : https://www.cartier.comhttps://encartier.ipscdn.net/content/dam/rcq/car/16/23/15/5/1623155.png
UNKNOWN : https://www.cartier.comhttps://encartier.ipscdn.net/content/dam/rcq/car/16/23/15/7/1623157.png
UNKNOWN : https://www.cartier.comhttps://encartier.ipscdn.net/content/dam/rcq/car/16/23/16/2/1623162.png
UNKNOWN : https://www.cartier.comhttps://encartier.ipscdn.net/content/dam/rcq/car/16/23/16/3/1623163.png
UNKNOWN : https://www.cartier.comhttps://encartier.ipscdn.net/content/dam/rcq/car/16/23/16/5/1623165.png
UNKNOWN : https://www.cartier.comhttps://encartier.ipscdn.net/content/dam/rcq/car/16/23/16/7/1623167.png
UNKNOWN : https://www.cartier.comhttps://encartier.ipscdn.net/content/dam/rcq/car/16/23/17/2/1623172.png
UNKNOWN : https://www.cartier.comhttps://encartier.ipscdn.net/content/dam/rcq/car/16/24/38/2/1624382.png
UNKNOWN : https://www.cartier.comhttps://encartier.ipscdn.net/content/dam/rcq/car/16/42/49/6/1642496.png
UNKNOWN : https://www.cartier.comhttps://encartier.ipscdn.net/content/dam/rcq/car/16/42/50/9/1642509.png
UNKNOWN : https://www.cartier.comhttps://encartier.ipscdn.net/content/dam/rcq/car/16/65/89/4/1665894.png
UNKNOWN : https://www.cartier.comhttps://encartier.ipscdn.net/content/dam/rcq/car/16/66/09/3/1666093.png
UNKNOWN : https://www.cartier.comhttps://encartier.ipscdn.net/content/dam/rcq/car/16/66/12/0/1666120.png
UNKNOWN : https://www.cartier.comhttps://encartier.ipscdn.net/content/dam/rcq/car/16/66/12/8/1666128.png
UNKNOWN : https://www.cartier.comhttps://encartier.ipscdn.net/content/dam/rcq/car/16/66/14/3/1666143.png
UNKNOWN : https://www.cartier.comhttps://encartier.ipscdn.net/content/dam/rcq/car/16/66/35/6/1666356.png
UNKNOWN : https://www.cartier.comhttps://encartier.ipscdn.net/content/dam/rcq/car/16/66/38/1/1666381.png
UNKNOWN : https://www.cartier.comhttps://encartier.ipscdn.net/content/dam/rcq/car/16/66/40/0/1666400.png
UNKNOWN : https://www.cartier.comhttps://encartier.ipscdn.net/content/dam/rcq/car/16/66/40/9/1666409.png
UNKNOWN : https://www.cartier.comhttps://encartier.ipscdn.net/content/dam/rcq/car/16/66/42/5/1666425.png
UNKNOWN : https://www.cartier.comhttps://encartier.ipscdn.net/content/dam/rcq/car/16/72/48/8/1672488.png
UNKNOWN : https://www.cartier.comhttps://encartier.ipscdn.net/content/dam/rcq/car/16/72/53/1/1672531.png
UNKNOWN : https://www.cartier.comhttps://encartier.ipscdn.net/content/dam/rcq/car/16/99/17/2/1699172.png
UNKNOWN : https://www.cartier.comhttps://encartier.ipscdn.net/content/dam/rcq/car/17/02/11/8/1702118.png
UNKNOWN : https://www.cartier.comhttps://encartier.ipscdn.net/content/dam/rcq/car/17/02/11/9/1702119.png
UNKNOWN : https://www.cartier.comhttps://encartier.ipscdn.net/content/dam/rcq/car/17/02/12/0/1702120.png
UNKNOWN : https://www.cartier.comhttps://encartier.ipscdn.net/content/dam/rcq/car/17/02/12/1/1702121.png
UNKNOWN : https://www.cartier.comhttps://encartier.ipscdn.net/content/dam/rcq/car/17/02/12/2/1702122.png
UNKNOWN : https://www.cartier.comhttps://encartier.ipscdn.net/content/dam/rcq/car/17/02/12/3/1702123.png
UNKNOWN : https://www.cartier.comhttps://encartier.ipscdn.net/content/dam/rcq/car/17/04/49/1/1704491.png
UNKNOWN : https://www.cartier.comhttps://encartier.ipscdn.net/content/dam/rcq/car/17/04/49/2/1704492.png
UNKNOWN : https://www.cartier.comhttps://encartier.ipscdn.net/content/dam/rcq/car/17/04/49/3/1704493.png
UNKNOWN : https://www.cartier.comhttps://encartier.ipscdn.net/content/dam/rcq/car/17/04/49/6/1704496.png
UNKNOWN : https://www.cartier.comhttps://encartier.ipscdn.net/content/dam/rcq/car/17/09/95/1/1709951.png
UNKNOWN : https://www.cartier.comhttps://encartier.ipscdn.net/content/dam/rcq/car/17/32/93/4/1732934.png
UNKNOWN : https://www.cartier.comhttps://encartier.ipscdn.net/content/dam/rcq/car/17/32/93/6/1732936.png
UNKNOWN : https://www.cartier.comhttps://encartier.ipscdn.net/content/dam/rcq/car/17/33/11/6/1733116.png
UNKNOWN : https://www.cartier.comhttps://encartier.ipscdn.net/content/dam/rcq/car/17/33/11/7/1733117.png
UNKNOWN : https://www.cartier.comhttps://encartier.ipscdn.net/content/dam/rcq/car/17/33/11/8/1733118.png
UNKNOWN : https://www.cartier.comhttps://encartier.ipscdn.net/content/dam/rcq/car/17/33/11/9/1733119.png
UNKNOWN : https://www.cartier.comhttps://encartier.ipscdn.net/content/dam/rcq/car/17/33/12/0/1733120.png
UNKNOWN : https://www.cartier.comhttps://encartier.ipscdn.net/content/dam/rcq/car/17/33/12/1/1733121.png
UNKNOWN : https://www.cartier.comhttps://encartier.ipscdn.net/content/dam/rcq/car/17/40/42/7/1740427.png
UNKNOWN : https://www.cartier.comhttps://encartier.ipscdn.net/content/dam/rcq/car/17/40/42/8/1740428.png
UNKNOWN : https://www.cartier.comhttps://encartier.ipscdn.net/content/dam/rcq/car/17/40/43/6/1740436.png
UNKNOWN : https://www.cartier.comhttps://encartier.ipscdn.net/content/dam/rcq/car/17/40/43/8/1740438.png
UNKNOWN : https://www.cartier.comhttps://encartier.ipscdn.net/content/dam/rcq/car/17/40/43/9/1740439.png
UNKNOWN : https://www.cartier.comhttps://encartier.ipscdn.net/content/dam/rcq/car/17/40/44/0/1740440.png
UNKNOWN : https://www.cartier.comhttps://encartier.ipscdn.net/content/dam/rcq/car/17/40/49/2/1740492.png
UNKNOWN : https://www.cartier.comhttps://encartier.ipscdn.net/content/dam/rcq/car/17/40/50/6/1740506.png
UNKNOWN : https://www.cartier.comhttps://encartier.ipscdn.net/content/dam/rcq/car/17/50/86/2/1750862.png
UNKNOWN : https://www.cartier.comhttps://encartier.ipscdn.net/content/dam/rcq/car/17/53/19/7/1753197.png
UNKNOWN : https://www.cartier.comhttps://encartier.ipscdn.net/content/dam/rcq/car/17/53/19/8/1753198.png
UNKNOWN : https://www.cartier.comhttps://encartier.ipscdn.net/content/dam/rcq/car/17/53/20/2/1753202.png
UNKNOWN : https://www.cartier.comhttps://encartier.ipscdn.net/content/dam/rcq/car/17/74/46/6/1774466.png
UNKNOWN : https://www.cartier.comhttps://encartier.ipscdn.net/content/dam/rcq/car/17/74/90/0/1774900.png
UNKNOWN : https://www.cartier.comhttps://encartier.ipscdn.net/content/dam/rcq/car/17/90/21/5/1790215.png
UNKNOWN : https://www.cartier.comhttps://encartier.ipscdn.net/content/dam/rcq/car/17/92/69/7/1792697.png
UNKNOWN : https://www.cartier.comhttps://encartier.ipscdn.net/content/dam/rcq/car/18/01/98/6/1801986.png
UNKNOWN : https://www.cartier.comhttps://encartier.ipscdn.net/content/dam/rcq/car/18/02/16/6/1802166.png
UNKNOWN : https://www.cartier.comhttps://encartier.ipscdn.net/content/dam/rcq/car/18/02/16/7/1802167.png
UNKNOWN : https://www.cartier.comhttps://encartier.ipscdn.net/content/dam/rcq/car/18/02/17/7/1802177.png
UNKNOWN : https://www.cartier.comhttps://encartier.ipscdn.net/content/dam/rcq/car/18/02/17/8/1802178.png
UNKNOWN : https://www.cartier.comhttps://encartier.ipscdn.net/content/dam/rcq/car/18/02/18/0/1802180.png
UNKNOWN : https://www.cartier.comhttps://encartier.ipscdn.net/content/dam/rcq/car/18/02/18/1/1802181.png
UNKNOWN : https://www.cartier.comhttps://encartier.ipscdn.net/content/dam/rcq/car/18/02/18/2/1802182.png
UNKNOWN : https://www.cartier.comhttps://encartier.ipscdn.net/content/dam/rcq/car/18/02/18/3/1802183.png
UNKNOWN : https://www.cartier.comhttps://encartier.ipscdn.net/content/dam/rcq/car/18/02/18/4/1802184.png
UNKNOWN : https://www.cartier.comhttps://encartier.ipscdn.net/content/dam/rcq/car/18/02/18/5/1802185.png
UNKNOWN : https://www.cartier.comhttps://encartier.ipscdn.net/content/dam/rcq/car/18/02/18/6/1802186.png
UNKNOWN : https://www.cartier.comhttps://encartier.ipscdn.net/content/dam/rcq/car/18/02/18/7/1802187.png
UNKNOWN : https://www.cartier.comhttps://encartier.ipscdn.net/content/dam/rcq/car/18/02/18/8/1802188.png
UNKNOWN : https://www.cartier.comhttps://encartier.ipscdn.net/content/dam/rcq/car/18/02/75/5/1802755.png
UNKNOWN : https://www.cartier.comhttps://encartier.ipscdn.net/content/dam/rcq/car/18/02/75/6/1802756.png
UNKNOWN : https://www.cartier.comhttps://encartier.ipscdn.net/content/dam/rcq/car/18/09/23/7/1809237.png
UNKNOWN : https://www.cartier.comhttps://encartier.ipscdn.net/content/dam/rcq/car/18/09/23/8/1809238.png
UNKNOWN : https://www.cartier.comhttps://encartier.ipscdn.net/content/dam/rcq/car/18/09/94/9/1809949.png
UNKNOWN : https://www.cartier.comhttps://encartier.ipscdn.net/content/dam/rcq/car/18/11/52/0/1811520.png
UNKNOWN : https://www.cartier.comhttps://encartier.ipscdn.net/content/dam/rcq/car/18/11/52/1/1811521.png
UNKNOWN : https://www.cartier.comhttps://encartier.ipscdn.net/content/dam/rcq/car/18/11/52/2/1811522.png
UNKNOWN : https://www.cartier.comhttps://encartier.ipscdn.net/content/dam/rcq/car/18/11/54/5/1811545.png
UNKNOWN : https://www.cartier.comhttps://encartier.ipscdn.net/content/dam/rcq/car/18/11/54/6/1811546.png
UNKNOWN : https://www.cartier.comhttps://encartier.ipscdn.net/content/dam/rcq/car/18/94/48/3/1894483.png
UNKNOWN : https://www.cartier.comhttps://encartier.ipscdn.net/content/dam/rcq/car/19/57/99/4/1957994.png
UNKNOWN : https://www.cartier.comhttps://encartier.ipscdn.net/content/dam/rcq/car/19/57/99/6/1957996.png
UNKNOWN : https://www.cartier.comhttps://encartier.ipscdn.net/content/dam/rcq/car/19/57/99/7/1957997.png
UNKNOWN : https://www.cartier.comhttps://encartier.ipscdn.net/content/dam/rcq/car/19/58/00/3/1958003.png
UNKNOWN : https://www.cartier.comhttps://encartier.ipscdn.net/content/dam/rcq/car/19/58/00/7/1958007.png
UNKNOWN : https://www.cartier.comhttps://encartier.ipscdn.net/content/dam/rcq/car/19/58/01/8/1958018.png
UNKNOWN : https://www.cartier.comhttps://encartier.ipscdn.net/content/dam/rcq/car/19/58/08/9/1958089.png
UNKNOWN : https://www.cartier.comhttps://encartier.ipscdn.net/content/dam/rcq/car/19/58/09/8/1958098.png
UNKNOWN : https://www.cartier.comhttps://encartier.ipscdn.net/content/dam/rcq/car/19/58/10/1/1958101.png
UNKNOWN : https://www.cartier.comhttps://encartier.ipscdn.net/content/dam/rcq/car/19/59/00/5/1959005.png
UNKNOWN : https://www.cartier.comhttps://encartier.ipscdn.net/content/dam/rcq/car/19/60/12/1/1960121.png
UNKNOWN : https://www.cartier.comhttps://encartier.ipscdn.net/content/dam/rcq/car/19/62/23/3/1962233.png
UNKNOWN : https://www.cartier.comhttps://encartier.ipscdn.net/content/dam/rcq/car/19/62/23/5/1962235.png
UNKNOWN : https://www.cartier.comhttps://encartier.ipscdn.net/content/dam/rcq/car/19/62/62/2/1962622.png
UNKNOWN : https://www.cartier.comhttps://encartier.ipscdn.net/content/dam/rcq/car/19/62/62/8/1962628.png
UNKNOWN : https://www.cartier.comhttps://encartier.ipscdn.net/content/dam/rcq/car/19/62/62/9/1962629.png
UNKNOWN : https://www.cartier.comhttps://encartier.ipscdn.net/content/dam/rcq/car/20/32/65/6/2032656.png
UNKNOWN : https://www.cartier.comhttps://encartier.ipscdn.net/content/dam/rcq/car/20/32/65/7/2032657.png
UNKNOWN : https://www.cartier.comhttps://encartier.ipscdn.net/content/dam/rcq/car/21/09/12/6/2109126.png
UNKNOWN : https://www.cartier.comhttps://encartier.ipscdn.net/content/dam/rcq/car/56/82/10/568210.png
UNKNOWN : https://www.cartier.comhttps://encartier.ipscdn.net/content/dam/rcq/car/58/31/55/583155.png
UNKNOWN : https://www.cartier.comhttps://encartier.ipscdn.net/content/dam/rcq/car/58/32/22/583222.png
UNKNOWN : https://www.cartier.comhttps://encartier.ipscdn.net/content/dam/rcq/car/58/32/54/583254.png
UNKNOWN : https://www.cartier.comhttps://encartier.ipscdn.net/content/dam/rcq/car/58/36/83/583683.png
UNKNOWN : https://www.cartier.comhttps://encartier.ipscdn.net/content/dam/rcq/car/58/40/85/584085.png
UNKNOWN : https://www.cartier.comhttps://encartier.ipscdn.net/content/dam/rcq/car/58/43/63/584363.png
UNKNOWN : https://www.cartier.comhttps://encartier.ipscdn.net/content/dam/rcq/car/58/43/64/584364.png
UNKNOWN : https://www.cartier.comhttps://encartier.ipscdn.net/content/dam/rcq/car/58/45/52/584552.png
UNKNOWN : https://www.cartier.comhttps://encartier.ipscdn.net/content/dam/rcq/car/58/47/28/584728.png
UNKNOWN : https://www.cartier.comhttps://encartier.ipscdn.net/content/dam/rcq/car/58/52/28/585228.png
UNKNOWN : https://www.cartier.comhttps://encartier.ipscdn.net/content/dam/rcq/car/58/53/07/585307.png
UNKNOWN : https://www.cartier.comhttps://encartier.ipscdn.net/content/dam/rcq/car/58/53/61/585361.png
UNKNOWN : https://www.cartier.comhttps://encartier.ipscdn.net/content/dam/rcq/car/58/56/56/585656.png
UNKNOWN : https://www.cartier.comhttps://encartier.ipscdn.net/content/dam/rcq/car/58/56/73/585673.png
UNKNOWN : https://www.cartier.comhttps://encartier.ipscdn.net/content/dam/rcq/car/58/57/18/585718.png
UNKNOWN : https://www.cartier.comhttps://encartier.ipscdn.net/content/dam/rcq/car/58/58/72/585872.png
UNKNOWN : https://www.cartier.comhttps://encartier.ipscdn.net/content/dam/rcq/car/58/58/93/585893.png
UNKNOWN : https://www.cartier.comhttps://encartier.ipscdn.net/content/dam/rcq/car/58/59/31/585931.png
UNKNOWN : https://www.cartier.comhttps://encartier.ipscdn.net/content/dam/rcq/car/58/59/57/585957.png
UNKNOWN : https://www.cartier.comhttps://encartier.ipscdn.net/content/dam/rcq/car/58/60/33/586033.png
UNKNOWN : https://www.cartier.comhttps://encartier.ipscdn.net/content/dam/rcq/car/58/61/86/586186.png
UNKNOWN : https://www.cartier.comhttps://encartier.ipscdn.net/content/dam/rcq/car/58/62/00/586200.png
UNKNOWN : https://www.cartier.comhttps://encartier.ipscdn.net/content/dam/rcq/car/58/63/33/586333.png
UNKNOWN : https://www.cartier.comhttps://encartier.ipscdn.net/content/dam/rcq/car/58/63/81/586381.png
UNKNOWN : https://www.cartier.comhttps://encartier.ipscdn.net/content/dam/rcq/car/58/73/98/587398.png
UNKNOWN : https://www.cartier.comhttps://encartier.ipscdn.net/content/dam/rcq/car/58/74/21/587421.png
UNKNOWN : https://www.cartier.comhttps://encartier.ipscdn.net/content/dam/rcq/car/58/75/41/587541.png
UNKNOWN : https://www.cartier.comhttps://encartier.ipscdn.net/content/dam/rcq/car/58/75/62/587562.png
UNKNOWN : https://www.cartier.comhttps://encartier.ipscdn.net/content/dam/rcq/car/58/78/03/587803.png
UNKNOWN : https://www.cartier.comhttps://encartier.ipscdn.net/content/dam/rcq/car/58/78/05/587805.png
UNKNOWN : https://www.cartier.comhttps://encartier.ipscdn.net/content/dam/rcq/car/58/78/25/587825.png
UNKNOWN : https://www.cartier.comhttps://encartier.ipscdn.net/content/dam/rcq/car/58/78/29/587829.png
UNKNOWN : https://www.cartier.comhttps://encartier.ipscdn.net/content/dam/rcq/car/58/78/68/587868.png
UNKNOWN : https://www.cartier.comhttps://encartier.ipscdn.net/content/dam/rcq/car/58/79/30/587930.png
UNKNOWN : https://www.cartier.comhttps://encartier.ipscdn.net/content/dam/rcq/car/58/81/24/588124.png
UNKNOWN : https://www.cartier.comhttps://encartier.ipscdn.net/content/dam/rcq/car/58/82/47/588247.png
UNKNOWN : https://www.cartier.comhttps://encartier.ipscdn.net/content/dam/rcq/car/58/83/21/588321.png
UNKNOWN : https://www.cartier.comhttps://encartier.ipscdn.net/content/dam/rcq/car/58/85/10/588510.png
UNKNOWN : https://www.cartier.comhttps://encartier.ipscdn.net/content/dam/rcq/car/58/85/16/588516.png
UNKNOWN : https://www.cartier.comhttps://encartier.ipscdn.net/content/dam/rcq/car/58/85/47/588547.png
UNKNOWN : https://www.cartier.comhttps://encartier.ipscdn.net/content/dam/rcq/car/58/86/33/588633.png
UNKNOWN : https://www.cartier.comhttps://encartier.ipscdn.net/content/dam/rcq/car/58/87/34/588734.png
UNKNOWN : https://www.cartier.comhttps://encartier.ipscdn.net/content/dam/rcq/car/58/88/17/588817.png
UNKNOWN : https://www.cartier.comhttps://encartier.ipscdn.net/content/dam/rcq/car/58/92/71/589271.png
UNKNOWN : https://www.cartier.comhttps://encartier.ipscdn.net/content/dam/rcq/car/58/93/14/589314.png
UNKNOWN : https://www.cartier.comhttps://encartier.ipscdn.net/content/dam/rcq/car/58/93/21/589321.png
UNKNOWN : https://www.cartier.comhttps://encartier.ipscdn.net/content/dam/rcq/car/58/97/45/589745.png
UNKNOWN : https://www.cartier.comhttps://encartier.ipscdn.net/content/dam/rcq/car/58/98/15/589815.png
UNKNOWN : https://www.cartier.comhttps://encartier.ipscdn.net/content/dam/rcq/car/59/00/40/590040.png
UNKNOWN : https://www.cartier.comhttps://encartier.ipscdn.net/content/dam/rcq/car/59/02/09/590209.png
UNKNOWN : https://www.cartier.comhttps://encartier.ipscdn.net/content/dam/rcq/car/59/04/92/590492.png
UNKNOWN : https://www.cartier.comhttps://encartier.ipscdn.net/content/dam/rcq/car/59/06/06/590606.png
UNKNOWN : https://www.cartier.comhttps://encartier.ipscdn.net/content/dam/rcq/car/59/06/56/590656.png
UNKNOWN : https://www.cartier.comhttps://encartier.ipscdn.net/content/dam/rcq/car/59/12/01/591201.png
UNKNOWN : https://www.cartier.comhttps://encartier.ipscdn.net/content/dam/rcq/car/59/12/50/591250.png
UNKNOWN : https://www.cartier.comhttps://encartier.ipscdn.net/content/dam/rcq/car/59/13/40/591340.png
UNKNOWN : https://www.cartier.comhttps://encartier.ipscdn.net/content/dam/rcq/car/59/13/84/591384.png
UNKNOWN : https://www.cartier.comhttps://encartier.ipscdn.net/content/dam/rcq/car/59/14/42/591442.png
UNKNOWN : https://www.cartier.comhttps://encartier.ipscdn.net/content/dam/rcq/car/59/14/51/591451.png
UNKNOWN : https://www.cartier.comhttps://encartier.ipscdn.net/content/dam/rcq/car/59/14/79/591479.png
UNKNOWN : https://www.cartier.comhttps://encartier.ipscdn.net/content/dam/rcq/car/59/16/97/591697.png
UNKNOWN : https://www.cartier.comhttps://encartier.ipscdn.net/content/dam/rcq/car/59/22/46/592246.png
UNKNOWN : https://www.cartier.comhttps://encartier.ipscdn.net/content/dam/rcq/car/59/23/13/592313.png
UNKNOWN : https://www.cartier.comhttps://encartier.ipscdn.net/content/dam/rcq/car/59/23/44/592344.png
UNKNOWN : https://www.cartier.comhttps://encartier.ipscdn.net/content/dam/rcq/car/59/23/50/592350.png
UNKNOWN : https://www.cartier.comhttps://encartier.ipscdn.net/content/dam/rcq/car/59/23/96/592396.png
UNKNOWN : https://www.cartier.comhttps://encartier.ipscdn.net/content/dam/rcq/car/59/24/84/592484.png
UNKNOWN : https://www.cartier.comhttps://encartier.ipscdn.net/content/dam/rcq/car/59/26/19/592619.png
UNKNOWN : https://www.cartier.comhttps://encartier.ipscdn.net/content/dam/rcq/car/59/30/01/593001.png
UNKNOWN : https://www.cartier.comhttps://encartier.ipscdn.net/content/dam/rcq/car/59/30/27/593027.png
UNKNOWN : https://www.cartier.comhttps://encartier.ipscdn.net/content/dam/rcq/car/59/34/54/593454.png
UNKNOWN : https://www.cartier.comhttps://encartier.ipscdn.net/content/dam/rcq/car/59/35/76/593576.png
UNKNOWN : https://www.cartier.comhttps://encartier.ipscdn.net/content/dam/rcq/car/59/36/36/593636.png
UNKNOWN : https://www.cartier.comhttps://encartier.ipscdn.net/content/dam/rcq/car/59/38/52/593852.png
UNKNOWN : https://www.cartier.comhttps://encartier.ipscdn.net/content/dam/rcq/car/59/51/41/595141.png
UNKNOWN : https://www.cartier.comhttps://encartier.ipscdn.net/content/dam/rcq/car/59/51/52/595152.png
UNKNOWN : https://www.cartier.comhttps://encartier.ipscdn.net/content/dam/rcq/car/59/51/62/595162.png
UNKNOWN : https://www.cartier.comhttps://encartier.ipscdn.net/content/dam/rcq/car/59/51/63/595163.png
UNKNOWN : https://www.cartier.comhttps://encartier.ipscdn.net/content/dam/rcq/car/59/51/66/595166.png
UNKNOWN : https://www.cartier.comhttps://encartier.ipscdn.net/content/dam/rcq/car/59/51/75/595175.png
UNKNOWN : https://www.cartier.comhttps://encartier.ipscdn.net/content/dam/rcq/car/59/51/76/595176.png
UNKNOWN : https://www.cartier.comhttps://encartier.ipscdn.net/content/dam/rcq/car/59/52/06/595206.png
UNKNOWN : https://www.cartier.comhttps://encartier.ipscdn.net/content/dam/rcq/car/59/52/10/595210.png
UNKNOWN : https://www.cartier.comhttps://encartier.ipscdn.net/content/dam/rcq/car/59/52/13/595213.png
UNKNOWN : https://www.cartier.comhttps://encartier.ipscdn.net/content/dam/rcq/car/59/52/18/595218.png
UNKNOWN : https://www.cartier.comhttps://encartier.ipscdn.net/content/dam/rcq/car/59/52/20/595220.png
UNKNOWN : https://www.cartier.comhttps://encartier.ipscdn.net/content/dam/rcq/car/59/52/22/595222.png
UNKNOWN : https://www.cartier.comhttps://encartier.ipscdn.net/content/dam/rcq/car/59/52/25/595225.png
UNKNOWN : https://www.cartier.comhttps://encartier.ipscdn.net/content/dam/rcq/car/59/52/26/595226.png
UNKNOWN : https://www.cartier.comhttps://encartier.ipscdn.net/content/dam/rcq/car/59/52/27/595227.png
UNKNOWN : https://www.cartier.comhttps://encartier.ipscdn.net/content/dam/rcq/car/59/52/28/595228.png
UNKNOWN : https://www.cartier.comhttps://encartier.ipscdn.net/content/dam/rcq/car/59/52/31/595231.png
UNKNOWN : https://www.cartier.comhttps://encartier.ipscdn.net/content/dam/rcq/car/59/52/37/595237.png
UNKNOWN : https://www.cartier.comhttps://encartier.ipscdn.net/content/dam/rcq/car/60/07/95/600795.png
UNKNOWN : https://www.cartier.comhttps://encartier.ipscdn.net/content/dam/rcq/car/60/07/98/600798.png
UNKNOWN : https://www.cartier.comhttps://encartier.ipscdn.net/content/dam/rcq/car/60/08/00/600800.png
UNKNOWN : https://www.cartier.comhttps://encartier.ipscdn.net/content/dam/rcq/car/60/08/01/600801.png
UNKNOWN : https://www.cartier.comhttps://encartier.ipscdn.net/content/dam/rcq/car/60/08/03/600803.png
UNKNOWN : https://www.cartier.comhttps://encartier.ipscdn.net/content/dam/rcq/car/61/82/64/618264.png
UNKNOWN : https://www.cartier.comhttps://encartier.ipscdn.net/content/dam/rcq/car/62/07/64/620764.png
UNKNOWN : https://www.cartier.comhttps://encartier.ipscdn.net/content/dam/rcq/car/63/97/89/639789.png
UNKNOWN : https://www.cartier.comhttps://encartier.ipscdn.net/content/dam/rcq/car/64/97/49/649749.png
UNKNOWN : https://www.cartier.comhttps://encartier.ipscdn.net/content/dam/rcq/car/64/97/71/649771.png
UNKNOWN : https://www.cartier.comhttps://encartier.ipscdn.net/content/dam/rcq/car/64/97/72/649772.png
UNKNOWN : https://www.cartier.comhttps://encartier.ipscdn.net/content/dam/rcq/car/64/97/75/649775.png
UNKNOWN : https://www.cartier.comhttps://encartier.ipscdn.net/content/dam/rcq/car/64/97/80/649780.png
UNKNOWN : https://www.cartier.comhttps://encartier.ipscdn.net/content/dam/rcq/car/64/97/83/649783.png
UNKNOWN : https://www.cartier.comhttps://encartier.ipscdn.net/content/dam/rcq/car/64/97/84/649784.png
UNKNOWN : https://www.cartier.comhttps://encartier.ipscdn.net/content/dam/rcq/car/64/97/85/649785.png
UNKNOWN : https://www.cartier.comhttps://encartier.ipscdn.net/content/dam/rcq/car/64/97/86/649786.png
UNKNOWN : https://www.cartier.comhttps://encartier.ipscdn.net/content/dam/rcq/car/64/97/87/649787.png
UNKNOWN : https://www.cartier.comhttps://encartier.ipscdn.net/content/dam/rcq/car/64/97/91/649791.png
UNKNOWN : https://www.cartier.comhttps://encartier.ipscdn.net/content/dam/rcq/car/64/97/92/649792.png
UNKNOWN : https://www.cartier.comhttps://encartier.ipscdn.net/content/dam/rcq/car/65/22/65/652265.png
UNKNOWN : https://www.cartier.comhttps://encartier.ipscdn.net/content/dam/rcq/car/65/22/66/652266.png
UNKNOWN : https://www.cartier.comhttps://encartier.ipscdn.net/content/dam/rcq/car/65/79/42/657942.png
UNKNOWN : https://www.cartier.comhttps://encartier.ipscdn.net/content/dam/rcq/car/65/79/44/657944.png
UNKNOWN : https://www.cartier.comhttps://encartier.ipscdn.net/content/dam/rcq/car/65/79/45/657945.png
UNKNOWN : https://www.cartier.comhttps://encartier.ipscdn.net/content/dam/rcq/car/65/79/46/657946.png
UNKNOWN : https://www.cartier.comhttps://encartier.ipscdn.net/content/dam/rcq/car/65/79/49/657949.png
UNKNOWN : https://www.cartier.comhttps://encartier.ipscdn.net/content/dam/rcq/car/65/80/04/658004.png
UNKNOWN : https://www.cartier.comhttps://encartier.ipscdn.net/content/dam/rcq/car/65/80/09/658009.png
UNKNOWN : https://www.cartier.comhttps://encartier.ipscdn.net/content/dam/rcq/car/66/23/72/662372.png
UNKNOWN : https://www.cartier.comhttps://encartier.ipscdn.net/content/dam/rcq/car/67/48/82/674882.png
UNKNOWN : https://www.cartier.comhttps://encartier.ipscdn.net/content/dam/rcq/car/67/48/84/674884.png
UNKNOWN : https://www.cartier.comhttps://encartier.ipscdn.net/content/dam/rcq/car/71/50/49/715049.png
UNKNOWN : https://www.cartier.comhttps://encartier.ipscdn.net/content/dam/rcq/car/72/37/97/723797.png
UNKNOWN : https://www.cartier.comhttps://encartier.ipscdn.net/content/dam/rcq/car/74/76/95/747695.png
UNKNOWN : https://www.cartier.comhttps://encartier.ipscdn.net/content/dam/rcq/car/75/88/71/758871.png
UNKNOWN : https://www.cartier.comhttps://encartier.ipscdn.net/content/dam/rcq/car/77/51/19/775119.png
UNKNOWN : https://www.cartier.comhttps://encartier.ipscdn.net/content/dam/rcq/car/77/51/20/775120.png
UNKNOWN : https://www.cartier.comhttps://encartier.ipscdn.net/content/dam/rcq/car/77/84/17/778417.png
UNKNOWN : https://www.cartier.comhttps://encartier.ipscdn.net/content/dam/rcq/car/82/47/41/824741.png
UNKNOWN : https://www.cartier.comhttps://encartier.ipscdn.net/content/dam/rcq/car/82/47/47/824747.png
UNKNOWN : https://www.cartier.comhttps://encartier.ipscdn.net/content/dam/rcq/car/82/47/68/824768.png
UNKNOWN : https://www.cartier.comhttps://encartier.ipscdn.net/content/dam/rcq/car/85/73/65/857365.png
UNKNOWN : https://www.cartier.comhttps://encartier.ipscdn.net/content/dam/rcq/car/85/73/66/857366.png
UNKNOWN : https://www.cartier.comhttps://encartier.ipscdn.net/content/dam/rcq/car/85/73/68/857368.png
UNKNOWN : https://www.cartier.comhttps://encartier.ipscdn.net/content/dam/rcq/car/85/73/72/857372.png
UNKNOWN : https://www.cartier.comhttps://encartier.ipscdn.net/content/dam/rcq/car/91/72/98/917298.png
https://www.hublot.com/magento/media/catalog/product/cache/1/thumbnail/505x640/9df78eab33525d08d6e5fb8d27136e95/3/0/301.ci.7170.lr-sd-hr-w-thumb3.png
https://www.hublot.com/magento/media/catalog/product/cache/1/thumbnail/505x640/9df78eab33525d08d6e5fb8d27136e95/4/1/414.mx.1138.rx-sd-hr-w-thumb.png
https://www.hublot.com/magento/media/catalog/product/cache/1/thumbnail/505x640/9df78eab33525d08d6e5fb8d27136e95/5/0/505.ci.1170.rx.orl19-thumb2.png
https://www.hublot.com/magento/media/catalog/product/cache/1/thumbnail/505x640/9df78eab33525d08d6e5fb8d27136e95/5/0/505.ox.1180.rx.orl19-thumb2.png
https://www.hublot.com/magento/media/catalog/product/cache/1/thumbnail/505x640/9df78eab33525d08d6e5fb8d27136e95/5/1/511.no.1181.lr-sd-hr-w_1_1.png
https://www.hublot.com/magento/media/catalog/product/cache/1/thumbnail/505x640/9df78eab33525d08d6e5fb8d27136e95/5/1/511.ox.1181.lr-sd-hr-w_1_1.png
https://www.hublot.com/magento/media/catalog/product/cache/1/thumbnail/505x640/9df78eab33525d08d6e5fb8d27136e95/5/2/521.no.1181.lr-sd-hr-w_1_1.png
https://www.hublot.com/magento/media/catalog/product/cache/1/thumbnail/505x640/9df78eab33525d08d6e5fb8d27136e95/5/2/521.nx.05ib.vr.ber19-thumb.png
https://www.hublot.com/magento/media/catalog/product/cache/1/thumbnail/505x640/9df78eab33525d08d6e5fb8d27136e95/5/2/521.ox.1181.lr-sd-hr-w_1_1.png
https://www.hublot.com/magento/media/catalog/product/cache/1/thumbnail/505x640/9df78eab33525d08d6e5fb8d27136e95/5/2/525.cf.0130.rx.orl19-thumb.png
https://www.hublot.com/magento/media/catalog/product/cache/1/thumbnail/505x640/9df78eab33525d08d6e5fb8d27136e95/6/0/601.jx.0120.rt_new_thumb.png
https://www.hublot.com/magento/media/catalog/product/cache/1/thumbnail/505x640/9df78eab33525d08d6e5fb8d27136e95/b/b/bb_5days_magicgold_1.png
https://www.mauricelacroix.com/media/catalog/product/cache/95afb0e77274576c89705f0182c572ee/a/i/ai1018_pvb01_334_1_240x300.jpg
https://www.mauricelacroix.com/media/catalog/product/cache/95afb0e77274576c89705f0182c572ee/l/c/lc6098_ss001_120_001_240x300.jpg
https://www.mauricelacroix.com/media/catalog/product/cache/95afb0e77274576c89705f0182c572ee/l/c/lc6098_ss001_121_001_240x300.jpg
https://www.memorigin.com/mem_1dot1images/product/4894379010113.png
https://www.memorigin.com/mem_1dot1images/product/4894379010724.png
https://www.memorigin.com/mem_1dot1images/product/4894379011318.png
https://www.memorigin.com/mem_1dot1images/product/4894379020129.png
https://www.memorigin.com/mem_1dot1images/product/4894379021027.png
https://www.memorigin.com/mem_1dot1images/product/4894379021720.png
https://www.memorigin.com/mem_1dot1images/product/4894379022321.png
https://www.memorigin.com/mem_1dot1images/product/4894379030128.png
https://www.memorigin.com/mem_1dot1images/product/4894379030210.png
https://www.memorigin.com/mem_1dot1images/product/4894379040226.png
https://www.memorigin.com/mem_1dot1images/product/4894379040714.png
https://www.memorigin.com/mem_1dot1images/product/4894379041223.png
https://www.memorigin.com/mem_1dot1images/product/4894379050119.png
https://www.memorigin.com/mem_1dot1images/product/4894379050218.png
https://www.memorigin.com/mem_1dot1images/product/4894379050317.png
https://www.memorigin.com/mem_1dot1images/product/4894379050713.png
https://www.memorigin.com/mem_1dot1images/product/4894379051284.png
https://www.memorigin.com/mem_1dot1images/product/4894379051383.png
https://www.memorigin.com/mem_1dot1images/product/4894379051680.png
https://www.memorigin.com/mem_1dot1images/product/4894379051789.png
https://www.memorigin.com/mem_1dot1images/product/4894379051888.png
https://www.memorigin.com/mem_1dot1images/product/4894379051918.png
https://www.memorigin.com/mem_1dot1images/product/4894379052380.png
https://www.memorigin.com/mem_1dot1images/product/4894379052489.png
https://www.memorigin.com/mem_1dot1images/product/4894379053615.png
https://www.memorigin.com/mem_1dot1images/product/4894379060118.png
https://www.memorigin.com/mem_1dot1images/product/4894379060217.png
https://www.memorigin.com/mem_1dot1images/product/4894379060910.png
https://www.memorigin.com/mem_1dot1images/product/4894379070131.png
https://www.memorigin.com/mem_1dot1images/product/4894379070414.png
https://www.memorigin.com/mem_1dot1images/product/4894379073811.png
https://www.memorigin.com/mem_1dot1images/product/4894379075181.png
https://www.memorigin.com/mem_1dot1images/product/4894379075280.png
https://www.memorigin.com/mem_1dot1images/product/4894379075488.png
https://www.memorigin.com/mem_1dot1images/product/4894379080116.png
https://www.memorigin.com/mem_1dot1images/product/4894379080215.png
https://www.memorigin.com/mem_1dot1images/product/4894379080710.png
https://www.memorigin.com/mem_1dot1images/product/4894379090115.png
https://www.memorigin.com/mem_1dot1images/product/4894379090238.png
https://www.memorigin.com/mem_1dot1images/product/4894379090887.png
https://www.memorigin.com/mem_1dot1images/product/4894379090986.png
https://www.memorigin.com/mem_1dot1images/product/4894379100111.png
https://www.memorigin.com/mem_1dot1images/product/4894379100524.png
https://www.memorigin.com/mem_1dot1images/product/4894379101026.png
https://www.memorigin.com/mem_1dot1images/product/4894379101316.png
https://www.memorigin.com/mem_1dot1images/product/4894379110110.png
https://www.memorigin.com/mem_1dot1images/product/4894379110219.png
https://www.memorigin.com/mem_1dot1images/product/4894379110721.png
https://www.memorigin.com/mem_1dot1images/product/4894379111087.png
https://www.memorigin.com/mem_1dot1images/product/4894379111186.png
https://www.memorigin.com/mem_1dot1images/product/4894379111285.png
https://www.memorigin.com/mem_1dot1images/product/4894379120133.png
https://www.memorigin.com/mem_1dot1images/product/4894379120416.png
https://www.memorigin.com/mem_1dot1images/product/4894379120812.png
https://www.memorigin.com/mem_1dot1images/product/4894379121116.png
https://www.memorigin.com/mem_1dot1images/product/4894379121628.png
https://www.memorigin.com/mem_1dot1images/product/4894379122670.png
https://www.memorigin.com/mem_1dot1images/product/4894379130118.png
https://www.memorigin.com/mem_1dot1images/product/4894379130316.png
https://www.memorigin.com/mem_1dot1images/product/4894379150123.png
https://www.memorigin.com/mem_1dot1images/product/4894379150277.png
https://www.memorigin.com/mem_1dot1images/product/4894379150314.png
https://www.memorigin.com/mem_1dot1images/product/4894379160214.png
https://www.memorigin.com/mem_1dot1images/product/4894379170220.png
https://www.memorigin.com/mem_1dot1images/product/4894379180137.png
https://www.memorigin.com/mem_1dot1images/product/4894379180236.png
https://www.memorigin.com/mem_1dot1images/product/4894379190136.png
https://www.memorigin.com/mem_1dot1images/product/4894379200125.png
https://www.memorigin.com/mem_1dot1images/product/4894379200224.png
https://www.memorigin.com/mem_1dot1images/product/4894379200316.png
https://www.memorigin.com/mem_1dot1images/product/4894379200422.png
https://www.memorigin.com/mem_1dot1images/product/4894379200521.png
https://www.memorigin.com/mem_1dot1images/product/4894379200620.png
https://www.memorigin.com/mem_1dot1images/product/4894379200729.png
https://www.memorigin.com/mem_1dot1images/product/4894379201313.png
https://www.memorigin.com/mem_1dot1images/product/4894379201412.png
https://www.memorigin.com/mem_1dot1images/product/4894379202313.png
https://www.memorigin.com/mem_1dot1images/product/4894379202518.png
https://www.memorigin.com/mem_1dot1images/product/4894379202815.png
https://www.memorigin.com/mem_1dot1images/product/4894379203218.png
https://www.memorigin.com/mem_1dot1images/product/4894379203416.png
https://www.memorigin.com/mem_1dot1images/product/4894379203515.png
https://www.memorigin.com/mem_1dot1images/product/4894379211541.png
https://www.memorigin.com/mem_1dot1images/product/4894379214940.png
https://www.memorigin.com/mem_1dot1images/product/4894379215341.png
https://www.memorigin.com/mem_1dot1images/product/4894379215440.png
https://www.memorigin.com/mem_1dot1images/product/4894379215549.png
https://www.memorigin.com/mem_1dot1images/product/4894379215648.png
https://www.memorigin.com/mem_1dot1images/product/4894379215747.png
https://www.memorigin.com/mem_1dot1images/product/4894379221847.png
https://www.memorigin.com/mem_1dot1images/product/4894379222684.png
https://www.memorigin.com/mem_1dot1images/product/4894379223445.png
https://www.memorigin.com/mem_1dot1images/product/4894379223643.png
https://www.memorigin.com/mem_1dot1images/product/4894379223742.png
https://www.memorigin.com/mem_1dot1images/product/4894379225944.png
https://www.memorigin.com/mem_1dot1images/product/4894379226040.png
https://www.memorigin.com/mem_1dot1images/product/4894379226941.png
https://www.memorigin.com/mem_1dot1images/product/4894379227047.png
https://www.memorigin.com/mem_1dot1images/product/4894379227146.png
https://www.memorigin.com/mem_1dot1images/product/4894379227245.png
https://www.memorigin.com/mem_1dot1images/product/4894379227740.png
https://www.memorigin.com/mem_1dot1images/product/4894379227849.png
https://www.memorigin.com/mem_1dot1images/product/4894379228440.png
https://www.memorigin.com/mem_1dot1images/product/4894379228549.png
https://www.memorigin.com/mem_1dot1images/product/4894379228648.png
https://www.memorigin.com/mem_1dot1images/product/4894379228747.png
https://www.memorigin.com/mem_1dot1images/product/4894379229744.png
https://www.memorigin.com/mem_1dot1images/product/4894379230184.png
https://www.memorigin.com/mem_1dot1images/product/4894379250137.png
https://www.memorigin.com/mem_1dot1images/product/4894379250243.png
https://www.memorigin.com/mem_1dot1images/product/4894379321311.png
https://www.memorigin.com/mem_1dot1images/product/4894379340319.png
https://www.memorigin.com/mem_1dot1images/product/4894379340418.png
https://www.memorigin.com/mem_1dot1images/product/4894379350141.png
https://www.memorigin.com/mem_1dot1images/product/4894379350240.png
https://www.memorigin.com/mem_1dot1images/product/4894379370149.png
https://www.memorigin.com/mem_1dot1images/product/4894379370248.png
https://www.memorigin.com/mem_1dot1images/product/4894379380186.png
https://www.memorigin.com/mem_1dot1images/product/4894379380285.png
https://www.memorigin.com/mem_1dot1images/product/4894379380384.png
https://www.memorigin.com/mem_1dot1images/product/4894379380483.png
https://www.memorigin.com/mem_1dot1images/product/4894379410418.png
https://www.memorigin.com/mem_1dot1images/product/4894379420318.png
https://www.memorigin.com/mem_1dot1images/product/4894379420417.png
https://www.memorigin.com/mem_1dot1images/product/4894379460185.png
https://www.memorigin.com/mem_1dot1images/product/4894379460284.png
https://www.memorigin.com/mem_1dot1images/product/4894379460383.png
https://www.memorigin.com/mem_1dot1images/product/4894379460482.png
https://www.memorigin.com/mem_1dot1images/product/4894379460581.png
https://www.memorigin.com/mem_1dot1images/product/4894379500140.png
https://www.memorigin.com/mem_1dot1images/product/4894379500249.png
https://www.memorigin.com/mem_1dot1images/product/4894379500843.png
https://www.memorigin.com/mem_1dot1images/product/4894379500942.png
https://www.memorigin.com/mem_1dot1images/product/4894379501048.png
https://www.memorigin.com/mem_1dot1images/product/4894379501147.png
https://www.memorigin.com/mem_1dot1images/product/4894379501246.png
https://www.memorigin.com/mem_1dot1images/product/4894379550114.png
https://www.memorigin.com/mem_1dot1images/product/4894379570310.png
https://www.memorigin.com/mem_1dot1images/product/4894379590189.png
https://www.memorigin.com/mem_1dot1images/product/4894379620121.png
https://www.memorigin.com/mem_1dot1images/product/4894379620220.png
https://www.memorigin.com/mem_1dot1images/product/4894379630182.png
https://www.memorigin.com/mem_1dot1images/product/4894379660110.png
https://www.memorigin.com/mem_1dot1images/product/4894379660211.png
https://www.memorigin.com/mem_1dot1images/product/4894379660318.png
https://www.memorigin.com/mem_1dot1images/product/4894379660417.png
https://www.memorigin.com/mem_1dot1images/product/4894379660714.png
https://www.memorigin.com/mem_1dot1images/product/4894379660813.png
https://www.memorigin.com/mem_1dot1images/product/4894379661483.png
https://www.memorigin.com/mem_1dot1images/product/4894379661780.png
https://www.memorigin.com/mem_1dot1images/product/4894379661889.png
https://www.memorigin.com/mem_1dot1images/product/4894379691381.png
https://www.memorigin.com/mem_1dot1images/product/4894379700144.png
https://www.memorigin.com/mem_1dot1images/product/4894379720142.png
https://www.memorigin.com/mem_1dot1images/product/4894379720241.png
https://www.memorigin.com/mem_1dot1images/product/4894379720340.png
https://www.memorigin.com/mem_1dot1images/product/4894379720449.png
https://www.memorigin.com/mem_1dot1images/product/4894379740157.png
https://www.memorigin.com/mem_1dot1images/product/4894379740256.png
https://www.memorigin.com/mem_1dot1images/product/4894379750149.png
https://www.memorigin.com/mem_1dot1images/product/4894379790145.png
https://www.memorigin.com/mem_1dot1images/product/4894379790244.png
https://www.memorigin.com/mem_1dot1images/product/4894379790343.png
https://www.memorigin.com/mem_1dot1images/product/4894379790442.png
https://www.memorigin.com/mem_1dot1images/product/4894379790947v3.png
https://www.memorigin.com/mem_1dot1images/product/4894379800189.png
https://www.memorigin.com/mem_1dot1images/product/4894379800486.png
https://www.memorigin.com/mem_1dot1images/product/4894379800745.png
https://www.memorigin.com/mem_1dot1images/product/4894379800943.png
https://www.memorigin.com/mem_1dot1images/product/4894379801742.png
https://www.memorigin.com/mem_1dot1images/product/4894379803418.png
https://www.memorigin.com/mem_1dot1images/product/4894379803746.png
https://www.memorigin.com/mem_1dot1images/product/4894379803845.png
https://www.memorigin.com/mem_1dot1images/product/4894379804415.png
https://www.memorigin.com/mem_1dot1images/product/4894379804545.png
https://www.memorigin.com/mem_1dot1images/product/4894379804613.png
https://www.memorigin.com/mem_1dot1images/product/4894379804712.png
https://www.memorigin.com/mem_1dot1images/product/4894379804910.png
https://www.memorigin.com/mem_1dot1images/product/4894379805412.png
https://www.memorigin.com/mem_1dot1images/product/4894379806549.png
https://www.memorigin.com/mem_1dot1images/product/4894379807089.png
https://www.memorigin.com/mem_1dot1images/product/4894379807188.png
https://www.memorigin.com/mem_1dot1images/product/4894379808512.png
https://www.memorigin.com/mem_1dot1images/product/4894379808819.png
https://www.memorigin.com/mem_1dot1images/product/4894379810140.png
https://www.memorigin.com/mem_1dot1images/product/4894379810249.png
https://www.memorigin.com/mem_1dot1images/product/4894379810348.png
https://www.memorigin.com/mem_1dot1images/product/4894379810645.png
https://www.memorigin.com/mem_1dot1images/product/4894379hongkong.png
https://www.memorigin.com/mem_1dot1images/product/formula_2B.png
https://www.memorigin.com/mem_1dot1images/product/fshblue.png
https://www.memorigin.com/mem_1dot1images/product/fshred.png
https://www.memorigin.com/mem_1dot1images/product/horse/4894379201016.png
https://www.memorigin.com/mem_1dot1images/product/horse/4894379201115.png
https://www.memorigin.com/mem_1dot1images/product/ipandas/starim_1.png
https://www.memorigin.com/mem_1dot1images/product/lovers01.png
https://www.memorigin.com/mem_1dot1images/product/lovers02.png
https://www.memorigin.com/mem_1dot1images/product/lovers03.png
https://www.memorigin.com/mem_1dot1images/product/shopwatch.png
https://www.omegawatches.com/en-us/pub/media/catalog/product/o/m/omega-constellation-12310246005001-list.jpg
https://www.omegawatches.com/en-us/pub/media/catalog/product/o/m/omega-constellation-12310246005002-list.jpg
https://www.omegawatches.com/en-us/pub/media/catalog/product/o/m/omega-constellation-12310246055001-list.jpg
https://www.omegawatches.com/en-us/pub/media/catalog/product/o/m/omega-constellation-12310246055002-list.jpg
https://www.omegawatches.com/en-us/pub/media/catalog/product/o/m/omega-constellation-12310246055003-list.jpg
https://www.omegawatches.com/en-us/pub/media/catalog/product/o/m/omega-constellation-12310246055004-list.jpg
https://www.omegawatches.com/en-us/pub/media/catalog/product/o/m/omega-constellation-12310246057001-list.jpg
https://www.omegawatches.com/en-us/pub/media/catalog/product/o/m/omega-constellation-12310246057002-list.jpg
https://www.omegawatches.com/en-us/pub/media/catalog/product/o/m/omega-constellation-12310246057003-list.jpg
https://www.omegawatches.com/en-us/pub/media/catalog/product/o/m/omega-constellation-12310276005001-list.jpg
https://www.omegawatches.com/en-us/pub/media/catalog/product/o/m/omega-constellation-12310276005002-list.jpg
https://www.omegawatches.com/en-us/pub/media/catalog/product/o/m/omega-constellation-12310276055001-list.jpg
https://www.omegawatches.com/en-us/pub/media/catalog/product/o/m/omega-constellation-12310276055002-list.jpg
https://www.omegawatches.com/en-us/pub/media/catalog/product/o/m/omega-constellation-12310276055003-list.jpg
https://www.omegawatches.com/en-us/pub/media/catalog/product/o/m/omega-constellation-12310276055004-list.jpg
https://www.omegawatches.com/en-us/pub/media/catalog/product/o/m/omega-constellation-12310276057001-list.jpg
https://www.omegawatches.com/en-us/pub/media/catalog/product/o/m/omega-constellation-12310276057002-list.jpg
https://www.omegawatches.com/en-us/pub/media/catalog/product/o/m/omega-constellation-12310276057003-list.jpg
https://www.omegawatches.com/en-us/pub/media/catalog/product/o/m/omega-constellation-12315246005001-list.jpg
https://www.omegawatches.com/en-us/pub/media/catalog/product/o/m/omega-constellation-12315246005002-list.jpg
https://www.omegawatches.com/en-us/pub/media/catalog/product/o/m/omega-constellation-12315246005003-list.jpg
https://www.omegawatches.com/en-us/pub/media/catalog/product/o/m/omega-constellation-12315246055001-list.jpg
https://www.omegawatches.com/en-us/pub/media/catalog/product/o/m/omega-constellation-12315246055002-list.jpg
https://www.omegawatches.com/en-us/pub/media/catalog/product/o/m/omega-constellation-12315246055003-list.jpg
https://www.omegawatches.com/en-us/pub/media/catalog/product/o/m/omega-constellation-12315246055004-list.jpg
https://www.omegawatches.com/en-us/pub/media/catalog/product/o/m/omega-constellation-12315246055005-list.jpg
https://www.omegawatches.com/en-us/pub/media/catalog/product/o/m/omega-constellation-12315246055006-list.jpg
https://www.omegawatches.com/en-us/pub/media/catalog/product/o/m/omega-constellation-12315246057001-list.jpg
https://www.omegawatches.com/en-us/pub/media/catalog/product/o/m/omega-constellation-12315276005001-list.jpg
https://www.omegawatches.com/en-us/pub/media/catalog/product/o/m/omega-constellation-12315276005002-list.jpg
https://www.omegawatches.com/en-us/pub/media/catalog/product/o/m/omega-constellation-12315276055001-list.jpg
https://www.omegawatches.com/en-us/pub/media/catalog/product/o/m/omega-constellation-12315276055002-list.jpg
https://www.omegawatches.com/en-us/pub/media/catalog/product/o/m/omega-constellation-12315276055003-list.jpg
https://www.omegawatches.com/en-us/pub/media/catalog/product/o/m/omega-constellation-12315276055005-list.jpg
https://www.omegawatches.com/en-us/pub/media/catalog/product/o/m/omega-constellation-12320246005001-list.jpg
UNKNOWN : https://www.omegawatches.com/en-us/pub/media/catalog/product/o/m/omega-constellation-12320246005002-list.jpg
https://www.omegawatches.com/en-us/pub/media/catalog/product/o/m/omega-constellation-12320246005003-list.jpg
https://www.omegawatches.com/en-us/pub/media/catalog/product/o/m/omega-constellation-12320246005004-list.jpg
https://www.omegawatches.com/en-us/pub/media/catalog/product/o/m/omega-constellation-12320246055001-list.jpg
https://www.omegawatches.com/en-us/pub/media/catalog/product/o/m/omega-constellation-12320246055002-list.jpg
https://www.omegawatches.com/en-us/pub/media/catalog/product/o/m/omega-constellation-12320246055003-list.jpg
https://www.omegawatches.com/en-us/pub/media/catalog/product/o/m/omega-constellation-12320246055004-list.jpg
https://www.omegawatches.com/en-us/pub/media/catalog/product/o/m/omega-constellation-12320246055007-list.jpg
https://www.omegawatches.com/en-us/pub/media/catalog/product/o/m/omega-constellation-12320246055008-list.jpg
https://www.omegawatches.com/en-us/pub/media/catalog/product/o/m/omega-constellation-12320246057001-list.jpg
https://www.omegawatches.com/en-us/pub/media/catalog/product/o/m/omega-constellation-12320246057002-list.jpg
https://www.omegawatches.com/en-us/pub/media/catalog/product/o/m/omega-constellation-12320246057003-list.jpg
https://www.omegawatches.com/en-us/pub/media/catalog/product/o/m/omega-constellation-12320246057004-list.jpg
https://www.omegawatches.com/en-us/pub/media/catalog/product/o/m/omega-constellation-12320246057005-list.jpg
https://www.omegawatches.com/en-us/pub/media/catalog/product/o/m/omega-constellation-12320246057006-list.jpg
https://www.omegawatches.com/en-us/pub/media/catalog/product/o/m/omega-constellation-12320276005001-list.jpg
https://www.omegawatches.com/en-us/pub/media/catalog/product/o/m/omega-constellation-12320276005002-list.jpg
https://www.omegawatches.com/en-us/pub/media/catalog/product/o/m/omega-constellation-12320276005003-list.jpg
https://www.omegawatches.com/en-us/pub/media/catalog/product/o/m/omega-constellation-12320276005004-list.jpg
https://www.omegawatches.com/en-us/pub/media/catalog/product/o/m/omega-constellation-12320276055001-list.jpg
https://www.omegawatches.com/en-us/pub/media/catalog/product/o/m/omega-constellation-12320276055002-list.jpg
https://www.omegawatches.com/en-us/pub/media/catalog/product/o/m/omega-constellation-12320276055003-list.jpg
https://www.omegawatches.com/en-us/pub/media/catalog/product/o/m/omega-constellation-12320276055004-list.jpg
https://www.omegawatches.com/en-us/pub/media/catalog/product/o/m/omega-constellation-12320276055005-list.jpg
https://www.omegawatches.com/en-us/pub/media/catalog/product/o/m/omega-constellation-12320276055006-list.jpg
https://www.omegawatches.com/en-us/pub/media/catalog/product/o/m/omega-constellation-12320276055007-list.jpg
https://www.omegawatches.com/en-us/pub/media/catalog/product/o/m/omega-constellation-12320276055008-list.jpg
https://www.omegawatches.com/en-us/pub/media/catalog/product/o/m/omega-constellation-12320276057001-list.jpg
https://www.omegawatches.com/en-us/pub/media/catalog/product/o/m/omega-constellation-12320276057002-list.jpg
https://www.omegawatches.com/en-us/pub/media/catalog/product/o/m/omega-constellation-12320276057004-list.jpg
https://www.omegawatches.com/en-us/pub/media/catalog/product/o/m/omega-constellation-12320276057005-list.jpg
https://www.omegawatches.com/en-us/pub/media/catalog/product/o/m/omega-constellation-12320276057006-list.jpg
https://www.omegawatches.com/en-us/pub/media/catalog/product/o/m/omega-constellation-12320276057007-list.jpg
https://www.omegawatches.com/en-us/pub/media/catalog/product/o/m/omega-constellation-12325246005001-list.jpg
https://www.omegawatches.com/en-us/pub/media/catalog/product/o/m/omega-constellation-12325246005002-list.jpg
https://www.omegawatches.com/en-us/pub/media/catalog/product/o/m/omega-constellation-12325246055001-list.jpg
https://www.omegawatches.com/en-us/pub/media/catalog/product/o/m/omega-constellation-12325246055002-list.jpg
https://www.omegawatches.com/en-us/pub/media/catalog/product/o/m/omega-constellation-12325246055003-list.jpg
https://www.omegawatches.com/en-us/pub/media/catalog/product/o/m/omega-constellation-12325246055004-list.jpg
https://www.omegawatches.com/en-us/pub/media/catalog/product/o/m/omega-constellation-12325246055005-list.jpg
https://www.omegawatches.com/en-us/pub/media/catalog/product/o/m/omega-constellation-12325246055006-list.jpg
https://www.omegawatches.com/en-us/pub/media/catalog/product/o/m/omega-constellation-12325246055007-list.jpg
https://www.omegawatches.com/en-us/pub/media/catalog/product/o/m/omega-constellation-12325246055008-list.jpg
https://www.omegawatches.com/en-us/pub/media/catalog/product/o/m/omega-constellation-12325246055009-list.jpg
https://www.omegawatches.com/en-us/pub/media/catalog/product/o/m/omega-constellation-12325246055010-list.jpg
https://www.omegawatches.com/en-us/pub/media/catalog/product/o/m/omega-constellation-12325246055011-list.jpg
https://www.omegawatches.com/en-us/pub/media/catalog/product/o/m/omega-constellation-12325246055012-list.jpg
https://www.omegawatches.com/en-us/pub/media/catalog/product/o/m/omega-constellation-12325246057001-list.jpg
https://www.omegawatches.com/en-us/pub/media/catalog/product/o/m/omega-constellation-12325246057002-list.jpg
https://www.omegawatches.com/en-us/pub/media/catalog/product/o/m/omega-constellation-12325276055001-list.jpg
https://www.omegawatches.com/en-us/pub/media/catalog/product/o/m/omega-constellation-12325276055002-list.jpg
https://www.omegawatches.com/en-us/pub/media/catalog/product/o/m/omega-constellation-12325276055003-list.jpg
https://www.omegawatches.com/en-us/pub/media/catalog/product/o/m/omega-constellation-12325276055004-list.jpg
https://www.omegawatches.com/en-us/pub/media/catalog/product/o/m/omega-constellation-12325276055005-list.jpg
https://www.omegawatches.com/en-us/pub/media/catalog/product/o/m/omega-constellation-12325276055006-list.jpg
https://www.omegawatches.com/en-us/pub/media/catalog/product/o/m/omega-constellation-12325276055007-list.jpg
https://www.omegawatches.com/en-us/pub/media/catalog/product/o/m/omega-constellation-12325276055008-list.jpg
https://www.omegawatches.com/en-us/pub/media/catalog/product/o/m/omega-constellation-12325276055010-list.jpg
https://www.omegawatches.com/en-us/pub/media/catalog/product/o/m/omega-constellation-12350246005001-list.jpg
https://www.omegawatches.com/en-us/pub/media/catalog/product/o/m/omega-constellation-12350246005002-list.jpg
https://www.omegawatches.com/en-us/pub/media/catalog/product/o/m/omega-constellation-12350246005003-list.jpg
https://www.omegawatches.com/en-us/pub/media/catalog/product/o/m/omega-constellation-12350246005004-list.jpg
https://www.omegawatches.com/en-us/pub/media/catalog/product/o/m/omega-constellation-12350246057001-list.jpg
https://www.omegawatches.com/en-us/pub/media/catalog/product/o/m/omega-constellation-12350276005001-list.jpg
https://www.omegawatches.com/en-us/pub/media/catalog/product/o/m/omega-constellation-12350276005002-list.jpg
https://www.omegawatches.com/en-us/pub/media/catalog/product/o/m/omega-constellation-12350276005003-list.jpg
https://www.omegawatches.com/en-us/pub/media/catalog/product/o/m/omega-constellation-12350276005004-list.jpg
https://www.omegawatches.com/en-us/pub/media/catalog/product/o/m/omega-constellation-12355246005001-list.jpg
https://www.omegawatches.com/en-us/pub/media/catalog/product/o/m/omega-constellation-12355246005002-list.jpg
https://www.omegawatches.com/en-us/pub/media/catalog/product/o/m/omega-constellation-12355246005003-list.jpg
https://www.omegawatches.com/en-us/pub/media/catalog/product/o/m/omega-constellation-12355246005004-list.jpg
https://www.omegawatches.com/en-us/pub/media/catalog/product/o/m/omega-constellation-12355246055001-list.jpg
https://www.omegawatches.com/en-us/pub/media/catalog/product/o/m/omega-constellation-12355246055003-list.jpg
https://www.omegawatches.com/en-us/pub/media/catalog/product/o/m/omega-constellation-12355246055004-list.jpg
https://www.omegawatches.com/en-us/pub/media/catalog/product/o/m/omega-constellation-12355246055005-list.jpg
https://www.omegawatches.com/en-us/pub/media/catalog/product/o/m/omega-constellation-12355246055006-list.jpg
https://www.omegawatches.com/en-us/pub/media/catalog/product/o/m/omega-constellation-12355246055007-list.jpg
https://www.omegawatches.com/en-us/pub/media/catalog/product/o/m/omega-constellation-12355246055008-list.jpg
https://www.omegawatches.com/en-us/pub/media/catalog/product/o/m/omega-constellation-12355246055009-list.jpg
https://www.omegawatches.com/en-us/pub/media/catalog/product/o/m/omega-constellation-12355246055010-list.jpg
https://www.omegawatches.com/en-us/pub/media/catalog/product/o/m/omega-constellation-12355246055011-list.jpg
https://www.omegawatches.com/en-us/pub/media/catalog/product/o/m/omega-constellation-12355246055012-list.jpg
https://www.omegawatches.com/en-us/pub/media/catalog/product/o/m/omega-constellation-12355246055013-list.jpg
https://www.omegawatches.com/en-us/pub/media/catalog/product/o/m/omega-constellation-12355246055014-list.jpg
https://www.omegawatches.com/en-us/pub/media/catalog/product/o/m/omega-constellation-12355246055015-list.jpg
https://www.omegawatches.com/en-us/pub/media/catalog/product/o/m/omega-constellation-12355246055016-list.jpg
https://www.omegawatches.com/en-us/pub/media/catalog/product/o/m/omega-constellation-12355246055017-list.jpg
https://www.omegawatches.com/en-us/pub/media/catalog/product/o/m/omega-constellation-12355246057001-list.jpg
https://www.omegawatches.com/en-us/pub/media/catalog/product/o/m/omega-constellation-12355276055001-list.jpg
https://www.omegawatches.com/en-us/pub/media/catalog/product/o/m/omega-constellation-12355276055003-list.jpg
https://www.omegawatches.com/en-us/pub/media/catalog/product/o/m/omega-constellation-12355276055005-list.jpg
https://www.omegawatches.com/en-us/pub/media/catalog/product/o/m/omega-constellation-12355276055007-list.jpg
https://www.omegawatches.com/en-us/pub/media/catalog/product/o/m/omega-constellation-12355276055008-list.jpg
https://www.omegawatches.com/en-us/pub/media/catalog/product/o/m/omega-constellation-12355276055009-list.jpg
https://www.omegawatches.com/en-us/pub/media/catalog/product/o/m/omega-constellation-12355276055010-list.jpg
https://www.omegawatches.com/en-us/pub/media/catalog/product/o/m/omega-constellation-12355276055011-list.jpg
https://www.omegawatches.com/en-us/pub/media/catalog/product/o/m/omega-constellation-12355276055012-list.jpg
https://www.omegawatches.com/en-us/pub/media/catalog/product/o/m/omega-constellation-12355276055013-list.jpg
https://www.omegawatches.com/en-us/pub/media/catalog/product/o/m/omega-constellation-12355276055014-list.jpg
https://www.omegawatches.com/en-us/pub/media/catalog/product/o/m/omega-constellation-12355276055015-list.jpg
https://www.omegawatches.com/en-us/pub/media/catalog/product/o/m/omega-constellation-12355276055016-list.jpg
https://www.omegawatches.com/en-us/pub/media/catalog/product/o/m/omega-constellation-13110256005001-list.jpg
https://www.omegawatches.com/en-us/pub/media/catalog/product/o/m/omega-constellation-13110256055001-list.jpg
https://www.omegawatches.com/en-us/pub/media/catalog/product/o/m/omega-constellation-13110286005001-list.jpg
https://www.omegawatches.com/en-us/pub/media/catalog/product/o/m/omega-constellation-13110286055001-list.jpg
https://www.omegawatches.com/en-us/pub/media/catalog/product/o/m/omega-constellation-13115256055001-list.jpg
https://www.omegawatches.com/en-us/pub/media/catalog/product/o/m/omega-constellation-13115286055001-list.jpg
https://www.omegawatches.com/en-us/pub/media/catalog/product/o/m/omega-constellation-13120256005001-list.jpg
https://www.omegawatches.com/en-us/pub/media/catalog/product/o/m/omega-constellation-13120256005002-list.jpg
https://www.omegawatches.com/en-us/pub/media/catalog/product/o/m/omega-constellation-13120256055001-list.jpg
https://www.omegawatches.com/en-us/pub/media/catalog/product/o/m/omega-constellation-13120256055002-list.jpg
https://www.omegawatches.com/en-us/pub/media/catalog/product/o/m/omega-constellation-13120286005001-list.jpg
https://www.omegawatches.com/en-us/pub/media/catalog/product/o/m/omega-constellation-13120286005002-list.jpg
https://www.omegawatches.com/en-us/pub/media/catalog/product/o/m/omega-constellation-13120286055001-list.jpg
https://www.omegawatches.com/en-us/pub/media/catalog/product/o/m/omega-constellation-13120286055002-list.jpg
https://www.omegawatches.com/en-us/pub/media/catalog/product/o/m/omega-constellation-13125256055001-list.jpg
https://www.omegawatches.com/en-us/pub/media/catalog/product/o/m/omega-constellation-13125256055002-list.jpg
https://www.omegawatches.com/en-us/pub/media/catalog/product/o/m/omega-constellation-13125286055001-list.jpg
https://www.omegawatches.com/en-us/pub/media/catalog/product/o/m/omega-constellation-13125286055002-list.jpg
https://www.omegawatches.com/en-us/pub/media/catalog/product/o/m/omega-constellation-13150256055001-list.jpg
https://www.omegawatches.com/en-us/pub/media/catalog/product/o/m/omega-constellation-13150256055002-list.jpg
https://www.omegawatches.com/en-us/pub/media/catalog/product/o/m/omega-constellation-13150286055001-list.jpg
https://www.omegawatches.com/en-us/pub/media/catalog/product/o/m/omega-constellation-13150286055002-list.jpg
https://www.omegawatches.com/en-us/pub/media/catalog/product/o/m/omega-constellation-13155256055001-list.jpg
https://www.omegawatches.com/en-us/pub/media/catalog/product/o/m/omega-constellation-13155256055002-list.jpg
https://www.omegawatches.com/en-us/pub/media/catalog/product/o/m/omega-constellation-13155286055001-list.jpg
https://www.omegawatches.com/en-us/pub/media/catalog/product/o/m/omega-constellation-13155286055002-list.jpg
https://www.omegawatches.com/en-us/pub/media/catalog/product/o/m/omega-constellation-13155286055003-list.jpg
https://www.omegawatches.com/en-us/pub/media/catalog/product/o/m/omega-constellation-13155286055004-list.jpg
https://www.omegawatches.com/en-us/pub/media/catalog/product/o/m/omega-constellation-13155286055005-list.jpg
https://www.omegawatches.com/en-us/pub/media/catalog/product/o/m/omega-constellation-13155286055007-list.jpg
https://www.omegawatches.com/en-us/pub/media/catalog/product/o/m/omega-de-ville-prestige-42410246005001-list.jpg
https://www.omegawatches.com/en-us/pub/media/catalog/product/o/m/omega-de-ville-prestige-42410246055001-list.jpg
https://www.omegawatches.com/en-us/pub/media/catalog/product/o/m/omega-de-ville-prestige-42410276005001-list.jpg
https://www.omegawatches.com/en-us/pub/media/catalog/product/o/m/omega-de-ville-prestige-42410276055001-list.jpg
https://www.omegawatches.com/en-us/pub/media/catalog/product/o/m/omega-de-ville-prestige-42410276057001-list.jpg
https://www.omegawatches.com/en-us/pub/media/catalog/product/o/m/omega-de-ville-prestige-42413276055001-list.jpg
https://www.omegawatches.com/en-us/pub/media/catalog/product/o/m/omega-de-ville-prestige-42415246055001-list.jpg
https://www.omegawatches.com/en-us/pub/media/catalog/product/o/m/omega-de-ville-prestige-42415276055001-list.jpg
https://www.omegawatches.com/en-us/pub/media/catalog/product/o/m/omega-de-ville-prestige-42418276055001-list.jpg
https://www.omegawatches.com/en-us/pub/media/catalog/product/o/m/omega-de-ville-prestige-42420246005001-list.jpg
https://www.omegawatches.com/en-us/pub/media/catalog/product/o/m/omega-de-ville-prestige-42420246005002-list.jpg
https://www.omegawatches.com/en-us/pub/media/catalog/product/o/m/omega-de-ville-prestige-42420246055001-list.jpg
https://www.omegawatches.com/en-us/pub/media/catalog/product/o/m/omega-de-ville-prestige-42420276005001-list.jpg
https://www.omegawatches.com/en-us/pub/media/catalog/product/o/m/omega-de-ville-prestige-42420276005002-list.jpg
https://www.omegawatches.com/en-us/pub/media/catalog/product/o/m/omega-de-ville-prestige-42420276055001-list.jpg
https://www.omegawatches.com/en-us/pub/media/catalog/product/o/m/omega-de-ville-prestige-42420276058001-list.jpg
https://www.omegawatches.com/en-us/pub/media/catalog/product/o/m/omega-de-ville-prestige-42425246055001-list.jpg
https://www.omegawatches.com/en-us/pub/media/catalog/product/o/m/omega-de-ville-prestige-42425246055002-list.jpg
https://www.omegawatches.com/en-us/pub/media/catalog/product/o/m/omega-de-ville-prestige-42425276055001-list.jpg
https://www.omegawatches.com/en-us/pub/media/catalog/product/o/m/omega-de-ville-prestige-42425276055002-list.jpg
https://www.omegawatches.com/en-us/pub/media/catalog/product/o/m/omega-de-ville-prestige-42450246005001-list.jpg
https://www.omegawatches.com/en-us/pub/media/catalog/product/o/m/omega-de-ville-prestige-42450276005001-list.jpg
https://www.omegawatches.com/en-us/pub/media/catalog/product/o/m/omega-de-ville-prestige-42450276005002-list.jpg
https://www.omegawatches.com/en-us/pub/media/catalog/product/o/m/omega-de-ville-prestige-42453276055001-list.jpg
https://www.omegawatches.com/en-us/pub/media/catalog/product/o/m/omega-de-ville-prestige-42453276055002-list.jpg
https://www.omegawatches.com/en-us/pub/media/catalog/product/o/m/omega-de-ville-prestige-42455246055001-list.jpg
https://www.omegawatches.com/en-us/pub/media/catalog/product/o/m/omega-de-ville-prestige-42455246055002-list.jpg
https://www.omegawatches.com/en-us/pub/media/catalog/product/o/m/omega-de-ville-prestige-42455246055003-list.jpg
https://www.omegawatches.com/en-us/pub/media/catalog/product/o/m/omega-de-ville-prestige-42455276055001-list.jpg
https://www.omegawatches.com/en-us/pub/media/catalog/product/o/m/omega-de-ville-prestige-42455276055002-list.jpg
https://www.omegawatches.com/en-us/pub/media/catalog/product/o/m/omega-de-ville-prestige-42455276055003-list.jpg
https://www.omegawatches.com/en-us/pub/media/catalog/product/o/m/omega-de-ville-prestige-42455276055004-list.jpg
https://www.omegawatches.com/en-us/pub/media/catalog/product/o/m/omega-de-ville-prestige-42455276055005-list.jpg
https://www.omegawatches.com/en-us/pub/media/catalog/product/o/m/omega-de-ville-prestige-42455276055006-list.jpg
https://www.omegawatches.com/en-us/pub/media/catalog/product/o/m/omega-de-ville-prestige-42458276055001-list.jpg
https://www.omegawatches.com/en-us/pub/media/catalog/product/o/m/omega-de-ville-prestige-42458276055002-list.jpg
https://www.omegawatches.com/en-us/pub/media/catalog/product/o/m/omega-de-ville-tresor-42817366005001-list.jpg
https://www.omegawatches.com/en-us/pub/media/catalog/product/o/m/omega-de-ville-tresor-42818366005002-list.jpg
https://www.omegawatches.com/en-us/pub/media/catalog/product/o/m/omega-de-ville-tresor-42818396005001-list.jpg
https://www.omegawatches.com/en-us/pub/media/catalog/product/o/m/omega-de-ville-tresor-42858366055001-list.jpg
https://www.omegawatches.com/en-us/pub/media/catalog/product/o/m/omega-seamaster-aqua-terra-150m-22010286055001-list.jpg
https://www.omegawatches.com/en-us/pub/media/catalog/product/o/m/omega-seamaster-aqua-terra-150m-23110306055001-list.jpg
https://www.omegawatches.com/en-us/pub/media/catalog/product/o/m/omega-seamaster-aqua-terra-150m-23110306155001-list.jpg
https://www.omegawatches.com/en-us/pub/media/catalog/product/o/m/omega-seamaster-aqua-terra-150m-23110392155001-list.jpg
https://www.omegawatches.com/en-us/pub/media/catalog/product/o/m/omega-seamaster-aqua-terra-150m-23113392155001-list.jpg
https://www.omegawatches.com/en-us/pub/media/catalog/product/o/m/omega-seamaster-aqua-terra-150m-23123392155001-list.jpg
https://www.omegawatches.com/en-us/pub/media/catalog/product/o/m/omega-specialities-31110393001002-list.jpg
https://www.omegawatches.com/en-us/pub/media/catalog/product/o/m/omega-specialities-32158445255001-list.jpg
UNKNOWN : https://www.omegawatches.com/media/catalog/product/cache/e7984e6883c65585a016084208a7f1f23dbda14c55ba5f81dd86443eff42d1f8/o/m/omega-seamaster-aqua-terra-150m-23110342055002-list.jpg
