https://www.panerai.com/en/collections/special-editions-archive/1997/pam00021-radiomir---47mm.html ||| https://www.panerai.com/content/dam/rcq/pan/53/71/14/537114.png ||| /Users/lcchai/Work/assets/official/panerai/537114.png
https://www.panerai.com/en/collections/special-editions-archive/1999/pam00052-luminor-chrono-titanioacciaio---40mm.html ||| https://www.panerai.com/content/dam/rcq/pan/73/47/56/734756.png ||| /Users/lcchai/Work/assets/official/panerai/734756.png
https://www.panerai.com/en/collections/special-editions-archive/2000/pam00060-luminor-chrono-flyback---40mm.html ||| https://www.panerai.com/content/dam/rcq/pan/73/47/60/734760.png ||| /Users/lcchai/Work/assets/official/panerai/734760.png
https://www.panerai.com/en/collections/special-editions-archive/2000/pam00064-luminor-submersible-1000m---44mm.html ||| https://www.panerai.com/content/dam/rcq/pan/73/47/67/734767.png ||| /Users/lcchai/Work/assets/official/panerai/734767.png
https://www.panerai.com/en/collections/special-editions-archive/2000/pam00065-radiomir-platinum---42mm.html ||| https://www.panerai.com/content/dam/rcq/pan/73/46/10/734610.png ||| /Users/lcchai/Work/assets/official/panerai/734610.png
https://www.panerai.com/en/collections/special-editions-archive/2000/pam00067-radiomir-zerograph---42mm.html ||| https://www.panerai.com/content/dam/rcq/pan/73/73/54/737354.png ||| /Users/lcchai/Work/assets/official/panerai/737354.png
https://www.panerai.com/en/collections/special-editions-archive/2000/pam00077-radiomir-tourbillon---42mm.html ||| https://www.panerai.com/content/dam/rcq/pan/73/73/58/737358.png ||| /Users/lcchai/Work/assets/official/panerai/737358.png
https://www.panerai.com/en/collections/special-editions-archive/2000/pam00081-luminor-automatic-montecarlo-2000---40mm.html ||| https://www.panerai.com/content/dam/rcq/pan/73/47/68/734768.png ||| /Users/lcchai/Work/assets/official/panerai/734768.png
https://www.panerai.com/en/collections/special-editions-archive/2000/pam00082-luminor-marina-militare---44mm.html ||| https://www.panerai.com/content/dam/rcq/pan/73/47/75/734775.png ||| /Users/lcchai/Work/assets/official/panerai/734775.png
https://www.panerai.com/en/collections/special-editions-archive/2001/pam00080-radiomir-independent---42mm.html ||| https://www.panerai.com/content/dam/rcq/pan/73/47/71/734771.png ||| /Users/lcchai/Work/assets/official/panerai/734771.png
https://www.panerai.com/en/collections/special-editions-archive/2001/pam00107-luminor-marina-regatta-2001---44mm.html ||| https://www.panerai.com/content/dam/rcq/pan/73/47/77/734777.png ||| /Users/lcchai/Work/assets/official/panerai/734777.png
https://www.panerai.com/en/collections/special-editions-archive/2002/pam00076-luminor-black-seal---44mm.html ||| https://www.panerai.com/content/dam/rcq/pan/73/47/65/734765.png ||| /Users/lcchai/Work/assets/official/panerai/734765.png
https://www.panerai.com/en/collections/special-editions-archive/2002/pam00105-luminor-chrono-automatic-white-gold-for-amg---40mm.html ||| https://www.panerai.com/content/dam/rcq/pan/73/47/74/734774.png ||| /Users/lcchai/Work/assets/official/panerai/734774.png
https://www.panerai.com/en/collections/special-editions-archive/2002/pam00108-luminor-chrono-automatic-titaniumsteel-for-amg---40mm.html ||| https://www.panerai.com/content/dam/rcq/pan/73/47/83/734783.png ||| /Users/lcchai/Work/assets/official/panerai/734783.png
https://www.panerai.com/en/collections/special-editions-archive/2002/pam00127-luminor-1950---47mm.html ||| https://www.panerai.com/content/dam/rcq/pan/73/47/84/734784.png ||| /Users/lcchai/Work/assets/official/panerai/734784.png
https://www.panerai.com/en/collections/special-editions-archive/2002/pam00147-radiomir-chrono-split-seconds---42mm.html ||| https://www.panerai.com/content/dam/rcq/pan/73/47/86/734786.png ||| /Users/lcchai/Work/assets/official/panerai/734786.png
https://www.panerai.com/en/collections/special-editions-archive/2002/pam00152-luminor-sealand-for-purdey---44mm.html ||| https://www.panerai.com/content/dam/rcq/pan/73/47/88/734788.png ||| /Users/lcchai/Work/assets/official/panerai/734788.png
https://www.panerai.com/en/collections/special-editions-archive/2002/pam00153-luminor-sealand-for-purdey---44mm.html ||| https://www.panerai.com/content/dam/rcq/pan/73/73/94/737394.png ||| /Users/lcchai/Work/assets/official/panerai/737394.png
https://www.panerai.com/en/collections/special-editions-archive/2002/pam00154-luminor-sealand-for-purdey---44mm.html ||| https://www.panerai.com/content/dam/rcq/pan/73/73/59/737359.png ||| /Users/lcchai/Work/assets/official/panerai/737359.png
https://www.panerai.com/en/collections/special-editions-archive/2002/pam00155-luminor-sealand-for-purdey---44mm.html ||| https://www.panerai.com/content/dam/rcq/pan/73/73/92/737392.png ||| /Users/lcchai/Work/assets/official/panerai/737392.png
https://www.panerai.com/en/collections/special-editions-archive/2002/pam00156-luminor-gmt-regatta-2002---44mm.html ||| https://www.panerai.com/content/dam/rcq/pan/73/47/89/734789.png ||| /Users/lcchai/Work/assets/official/panerai/734789.png
https://www.panerai.com/en/collections/special-editions-archive/2003/pam00158-radiomir-chrono-split-seconds-platinum---42mm.html ||| https://www.panerai.com/content/dam/rcq/pan/73/47/92/734792.png ||| /Users/lcchai/Work/assets/official/panerai/734792.png
https://www.panerai.com/en/collections/special-editions-archive/2003/pam00163-radiomir-chrono---44mm.html ||| https://www.panerai.com/content/dam/rcq/pan/73/47/95/734795.png ||| /Users/lcchai/Work/assets/official/panerai/734795.png
https://www.panerai.com/en/collections/special-editions-archive/2003/pam00168-luminor-chrono-regatta-2003---40mm.html ||| https://www.panerai.com/content/dam/rcq/pan/73/47/96/734796.png ||| /Users/lcchai/Work/assets/official/panerai/734796.png
https://www.panerai.com/en/collections/special-editions-archive/2003/pam00172-luminor-marina-tantalium---44mm.html ||| https://www.panerai.com/content/dam/rcq/pan/73/48/00/734800.png ||| /Users/lcchai/Work/assets/official/panerai/734800.png
https://www.panerai.com/en/collections/special-editions-archive/2004/pam00092-luminor-arktos---44mm.html ||| https://www.panerai.com/content/dam/rcq/pan/48/94/88/489488.png ||| /Users/lcchai/Work/assets/official/panerai/489488.png
https://www.panerai.com/en/collections/special-editions-archive/2004/pam00187-luminor-submersible-1950-chrono-1000m---47mm.html ||| https://www.panerai.com/content/dam/rcq/pan/73/48/03/734803.png ||| /Users/lcchai/Work/assets/official/panerai/734803.png
https://www.panerai.com/en/collections/special-editions-archive/2004/pam00189-luminor-chrono-white-gold---40mm.html ||| https://www.panerai.com/content/dam/rcq/pan/73/47/99/734799.png ||| /Users/lcchai/Work/assets/official/panerai/734799.png
https://www.panerai.com/en/collections/special-editions-archive/2004/pam00192-luminor-chrono-tantalium---44mm.html ||| https://www.panerai.com/content/dam/rcq/pan/48/64/35/486435.png ||| /Users/lcchai/Work/assets/official/panerai/486435.png
https://www.panerai.com/en/collections/special-editions-archive/2004/pam00194-luminor-submersible-2500m---47mm.html ||| https://www.panerai.com/content/dam/rcq/pan/73/48/06/734806.png ||| /Users/lcchai/Work/assets/official/panerai/734806.png
https://www.panerai.com/en/collections/special-editions-archive/2004/pam00198-radiomir-8-days---45mm.html ||| https://www.panerai.com/content/dam/rcq/pan/73/48/09/734809.png ||| /Users/lcchai/Work/assets/official/panerai/734809.png
https://www.panerai.com/en/collections/special-editions-archive/2004/pam00199-luminor-submersible-regatta---44mm.html ||| https://www.panerai.com/content/dam/rcq/pan/73/48/08/734808.png ||| /Users/lcchai/Work/assets/official/panerai/734808.png
https://www.panerai.com/en/collections/special-editions-archive/2004/pam00813-luminor-sealand-for-purdey---44mm.html ||| https://www.panerai.com/content/dam/rcq/pan/74/13/31/741331.png ||| /Users/lcchai/Work/assets/official/panerai/741331.png
https://www.panerai.com/en/collections/special-editions-archive/2004/pam00814-luminor-sealand-for-purdey---44mm.html ||| https://www.panerai.com/content/dam/rcq/pan/74/13/03/741303.png ||| /Users/lcchai/Work/assets/official/panerai/741303.png
https://www.panerai.com/en/collections/special-editions-archive/2004/pam00815-luminor-sealand-for-purdey---44mm.html ||| https://www.panerai.com/content/dam/rcq/pan/74/12/89/741289.png ||| /Users/lcchai/Work/assets/official/panerai/741289.png
https://www.panerai.com/en/collections/special-editions-archive/2005/pam00200-radiomir-8-days-gmt---45mm.html ||| https://www.panerai.com/content/dam/rcq/pan/73/48/10/734810.png ||| /Users/lcchai/Work/assets/official/panerai/734810.png
https://www.panerai.com/en/collections/special-editions-archive/2005/pam00201-radiomir-8-days-gmt-platinum---45-mm.html ||| https://www.panerai.com/content/dam/rcq/pan/74/12/70/741270.png ||| /Users/lcchai/Work/assets/official/panerai/741270.png
https://www.panerai.com/en/collections/special-editions-archive/2005/pam00202-luminor-submersible-1950-chrono-1000m-slytech---47mm.html ||| https://www.panerai.com/content/dam/rcq/pan/72/60/74/726074.png ||| /Users/lcchai/Work/assets/official/panerai/726074.png
https://www.panerai.com/en/collections/special-editions-archive/2005/pam00203-luminor-1950-8-days---47mm.html ||| https://www.panerai.com/content/dam/rcq/pan/72/61/02/726102.png ||| /Users/lcchai/Work/assets/official/panerai/726102.png
https://www.panerai.com/en/collections/special-editions-archive/2005/pam00215-luminor-chrono---40mm.html ||| https://www.panerai.com/content/dam/rcq/pan/74/12/76/741276.png ||| /Users/lcchai/Work/assets/official/panerai/741276.png
https://www.panerai.com/en/collections/special-editions-archive/2005/pam00216-luminor-sealand-jules-verne---44mm.html ||| https://www.panerai.com/content/dam/rcq/pan/72/61/03/726103.png ||| /Users/lcchai/Work/assets/official/panerai/726103.png
https://www.panerai.com/en/collections/special-editions-archive/2005/pam00217-luminor-marina-militare---47mm.html ||| https://www.panerai.com/content/dam/rcq/pan/74/12/74/741274.png ||| /Users/lcchai/Work/assets/official/panerai/741274.png
https://www.panerai.com/en/collections/special-editions-archive/2005/pam00222-luminor-power-reserve-regatta-2005---44mm.html ||| https://www.panerai.com/content/dam/rcq/pan/72/60/78/726078.png ||| /Users/lcchai/Work/assets/official/panerai/726078.png
https://www.panerai.com/en/collections/special-editions-archive/2005/pam00224-luminor-chrono-daylight-firenze---44mm.html ||| https://www.panerai.com/content/dam/rcq/pan/72/61/04/726104.png ||| /Users/lcchai/Work/assets/official/panerai/726104.png
https://www.panerai.com/en/collections/special-editions-archive/2005/pam00225-luminor-submersible-1950-chrono-1000m-slytech---47mm.html ||| https://www.panerai.com/content/dam/rcq/pan/72/60/82/726082.png ||| /Users/lcchai/Work/assets/official/panerai/726082.png
https://www.panerai.com/en/collections/special-editions-archive/2005/pam00228-luminor-gmt-firenze---44mm.html ||| https://www.panerai.com/content/dam/rcq/pan/72/61/11/726111.png ||| /Users/lcchai/Work/assets/official/panerai/726111.png
https://www.panerai.com/en/collections/special-editions-archive/2005/pam00229-luminor-marina-automatic-firenze---44mm.html ||| https://www.panerai.com/content/dam/rcq/pan/72/61/08/726108.png ||| /Users/lcchai/Work/assets/official/panerai/726108.png
https://www.panerai.com/en/collections/special-editions-archive/2005/pam00816-luminor-sealand-for-purdey---44mm.html ||| https://www.panerai.com/content/dam/rcq/pan/74/12/96/741296.png ||| /Users/lcchai/Work/assets/official/panerai/741296.png
https://www.panerai.com/en/collections/special-editions-archive/2005/pam00817-luminor-sealand-for-purdey---44mm.html ||| https://www.panerai.com/content/dam/rcq/pan/74/12/93/741293.png ||| /Users/lcchai/Work/assets/official/panerai/741293.png
https://www.panerai.com/en/collections/special-editions-archive/2005/pam00818-luminor-sealand-for-purdey---44mm.html ||| https://www.panerai.com/content/dam/rcq/pan/74/12/94/741294.png ||| /Users/lcchai/Work/assets/official/panerai/741294.png
https://www.panerai.com/en/collections/special-editions-archive/2006/pam00246-radiomir-oneeight-second---45mm.html ||| https://www.panerai.com/content/dam/rcq/pan/48/96/60/489660.png ||| /Users/lcchai/Work/assets/official/panerai/489660.png
https://www.panerai.com/en/collections/special-editions-archive/2006/pam00249-radiomir-1936---47mm.html ||| https://www.panerai.com/content/dam/rcq/pan/48/63/26/486326.png ||| /Users/lcchai/Work/assets/official/panerai/486326.png
https://www.panerai.com/en/collections/special-editions-archive/2006/pam00252-luminor-north-pole-gmt---44mm.html ||| https://www.panerai.com/content/dam/rcq/pan/48/63/43/486343.png ||| /Users/lcchai/Work/assets/official/panerai/486343.png
https://www.panerai.com/en/collections/special-editions-archive/2006/pam00253-luminor-1950-flyback-regatta---44mm.html ||| https://www.panerai.com/content/dam/rcq/pan/48/63/48/486348.png ||| /Users/lcchai/Work/assets/official/panerai/486348.png
https://www.panerai.com/en/collections/special-editions-archive/2007/pam00235-radiomir-10-days-gmt-white-gold---45mm.html ||| https://www.panerai.com/content/dam/rcq/pan/48/62/93/486293.png ||| /Users/lcchai/Work/assets/official/panerai/486293.png
https://www.panerai.com/en/collections/special-editions-archive/2007/pam00273-radiomir-10-days-gmt-pink-gold---45mm.html ||| https://www.panerai.com/content/dam/rcq/pan/48/59/89/485989.png ||| /Users/lcchai/Work/assets/official/panerai/485989.png
https://www.panerai.com/en/collections/special-editions-archive/2007/pam00274-radiomir-10-days-gmt-platinum---45mm.html ||| https://www.panerai.com/content/dam/rcq/pan/48/59/90/485990.png ||| /Users/lcchai/Work/assets/official/panerai/485990.png
https://www.panerai.com/en/collections/special-editions-archive/2007/pam00276-luminor-1950-tourbillon-gmt---47mm.html ||| https://www.panerai.com/content/dam/rcq/pan/48/57/34/485734.png ||| /Users/lcchai/Work/assets/official/panerai/485734.png
https://www.panerai.com/en/collections/special-editions-archive/2007/pam00277-luminor-1950-8-days-chrono-monopulsante-gmt-pink-gold--.html ||| https://www.panerai.com/content/dam/rcq/pan/53/72/03/537203.png ||| /Users/lcchai/Work/assets/official/panerai/537203.png
https://www.panerai.com/en/collections/special-editions-archive/2007/pam00286-luminor-1950-regatta-rattrapante---44mm.html ||| https://www.panerai.com/content/dam/rcq/pan/48/63/61/486361.png ||| /Users/lcchai/Work/assets/official/panerai/486361.png
https://www.panerai.com/en/collections/special-editions-archive/2007/pam00832-luminor-sealand-for-purdey---44mm.html ||| https://www.panerai.com/content/dam/rcq/pan/74/13/02/741302.png ||| /Users/lcchai/Work/assets/official/panerai/741302.png
https://www.panerai.com/en/collections/special-editions-archive/2007/pam00833-luminor-sealand-for-purdey---44mm.html ||| https://www.panerai.com/content/dam/rcq/pan/74/13/00/741300.png ||| /Users/lcchai/Work/assets/official/panerai/741300.png
https://www.panerai.com/en/collections/special-editions-archive/2008/pam00026-luminor-marina-left---handed---44mm.html ||| https://www.panerai.com/content/dam/rcq/pan/48/62/58/486258.png ||| /Users/lcchai/Work/assets/official/panerai/486258.png
https://www.panerai.com/en/collections/special-editions-archive/2008/pam00267-luminor-1950-8-days---47mm.html ||| https://www.panerai.com/content/dam/rcq/pan/48/63/60/486360.png ||| /Users/lcchai/Work/assets/official/panerai/486360.png
https://www.panerai.com/en/collections/special-editions-archive/2008/pam00285-luminor-submersible-2500m---47mm.html ||| https://www.panerai.com/content/dam/rcq/pan/48/57/42/485742.png ||| /Users/lcchai/Work/assets/official/panerai/485742.png
https://www.panerai.com/en/collections/special-editions-archive/2008/pam00306-luminor-1950-tourbillon-gmt-titanio---47mm.html ||| https://www.panerai.com/content/dam/rcq/pan/24/49/10/244910.png ||| /Users/lcchai/Work/assets/official/panerai/244910.png
https://www.panerai.com/en/collections/special-editions-archive/2008/pam00307-luminor--1950-pangaea-depth-gauge---47mm.html ||| https://www.panerai.com/content/dam/rcq/pan/48/58/49/485849.png ||| /Users/lcchai/Work/assets/official/panerai/485849.png
https://www.panerai.com/en/collections/special-editions-archive/2008/pam00308-luminor-regatta-chronograph---44mm.html ||| https://www.panerai.com/content/dam/rcq/pan/48/58/50/485850.png ||| /Users/lcchai/Work/assets/official/panerai/485850.png
https://www.panerai.com/en/collections/special-editions-archive/2008/pam00309-radiomir-titanium---47mm.html ||| https://www.panerai.com/content/dam/rcq/pan/48/63/62/486362.png ||| /Users/lcchai/Work/assets/official/panerai/486362.png
https://www.panerai.com/en/collections/special-editions-archive/2008/pam00315-radiomir-tourbillon-gmt-titanio---48mm.html ||| https://www.panerai.com/content/dam/rcq/pan/24/49/32/244932.png ||| /Users/lcchai/Work/assets/official/panerai/244932.png
https://www.panerai.com/en/collections/special-editions-archive/2008/pam00316-radiomir-tourbillon-gmt-platino---48mm.html ||| https://www.panerai.com/content/dam/rcq/pan/48/58/54/485854.png ||| /Users/lcchai/Work/assets/official/panerai/485854.png
https://www.panerai.com/en/collections/special-editions-archive/2008/pam00322-radiomir-titanium---47mm.html ||| https://www.panerai.com/content/dam/rcq/pan/48/58/68/485868.png ||| /Users/lcchai/Work/assets/official/panerai/485868.png
https://www.panerai.com/en/collections/special-editions-archive/2009/pam00028-luminor-power-reserve---44mm.html ||| https://www.panerai.com/content/dam/rcq/pan/48/62/61/486261.png ||| /Users/lcchai/Work/assets/official/panerai/486261.png
https://www.panerai.com/en/collections/special-editions-archive/2009/pam00318-luminor-marina-logo---44mm.html ||| https://www.panerai.com/content/dam/rcq/pan/48/58/57/485857.png ||| /Users/lcchai/Work/assets/official/panerai/485857.png
https://www.panerai.com/en/collections/special-editions-archive/2009/pam00319-luminor-1950-rattrapante-8-days-oro-rosa---47mm.html ||| https://www.panerai.com/content/dam/rcq/pan/48/58/59/485859.png ||| /Users/lcchai/Work/assets/official/panerai/485859.png
https://www.panerai.com/en/collections/special-editions-archive/2009/pam00330-radiomir-tourbillon-gmt-oro-rosa---48mm.html ||| https://www.panerai.com/content/dam/rcq/pan/39/37/11/393711.png ||| /Users/lcchai/Work/assets/official/panerai/393711.png
https://www.panerai.com/en/collections/special-editions-archive/2009/pam00332-luminor-1950-regatta-rattrapante---44mm.html ||| https://www.panerai.com/content/dam/rcq/pan/48/59/00/485900.png ||| /Users/lcchai/Work/assets/official/panerai/485900.png
https://www.panerai.com/en/collections/special-editions-archive/2009/pam00341-l_egiziano---60mm.html ||| https://www.panerai.com/content/dam/rcq/pan/48/59/27/485927.png ||| /Users/lcchai/Work/assets/official/panerai/485927.png
https://www.panerai.com/en/collections/special-editions-archive/2009/pam00344-luminor-1950-chrono-monopulsante-8-days-oro-rosa---44mm.html ||| https://www.panerai.com/content/dam/rcq/pan/48/59/24/485924.png ||| /Users/lcchai/Work/assets/official/panerai/485924.png
https://www.panerai.com/en/collections/special-editions-archive/2009/pam00349-radiomir-titanio---47mm.html ||| https://www.panerai.com/content/dam/rcq/pan/48/59/73/485973.png ||| /Users/lcchai/Work/assets/official/panerai/485973.png
https://www.panerai.com/en/collections/special-editions-archive/2010/pam00029-luminor-gmt---44mm.html ||| https://www.panerai.com/content/dam/rcq/pan/28/55/48/285548.png ||| /Users/lcchai/Work/assets/official/panerai/285548.png
https://www.panerai.com/en/collections/special-editions-archive/2010/pam00300-mare-nostrum---52mm.html ||| https://www.panerai.com/content/dam/rcq/pan/48/58/37/485837.png ||| /Users/lcchai/Work/assets/official/panerai/485837.png
https://www.panerai.com/en/collections/special-editions-archive/2010/pam00339-radiomir-composite-marina-militare-8-giorni---47mm.html ||| https://www.panerai.com/content/dam/rcq/pan/48/58/91/485891.png ||| /Users/lcchai/Work/assets/official/panerai/485891.png
https://www.panerai.com/en/collections/special-editions-archive/2010/pam00343-radiomir-regatta-18th-second-titanio---47mm.html ||| https://www.panerai.com/content/dam/rcq/pan/48/59/18/485918.png ||| /Users/lcchai/Work/assets/official/panerai/485918.png
https://www.panerai.com/en/collections/special-editions-archive/2010/pam00348-lo-scienziato---radiomir-tourbillon-gmt-ceramica---48mm.html ||| https://www.panerai.com/content/dam/rcq/pan/48/59/56/485956.png ||| /Users/lcchai/Work/assets/official/panerai/485956.png
https://www.panerai.com/en/collections/special-editions-archive/2010/pam00350-lo-scienziato---radiomir-tourbillon-gmt-ceramica---48mm.html ||| https://www.panerai.com/content/dam/rcq/pan/39/37/31/393731.png ||| /Users/lcchai/Work/assets/official/panerai/393731.png
https://www.panerai.com/en/collections/special-editions-archive/2010/pam36500-l_astronomo---luminor-1950-tourbillon-equation-of-time-.html ||| https://www.panerai.com/content/dam/rcq/pan/39/38/53/393853.png ||| /Users/lcchai/Work/assets/official/panerai/393853.png
https://www.panerai.com/en/collections/special-editions-archive/2010/pam36501-l_astronomo---luminor-1950-tourbillon-equation-of-time-.html ||| https://www.panerai.com/content/dam/rcq/pan/39/38/73/393873.png ||| /Users/lcchai/Work/assets/official/panerai/393873.png
https://www.panerai.com/en/collections/special-editions-archive/2010/pam36502-l_astronomo---luminor-1950-tourbillon-equation-of-time-.html ||| https://www.panerai.com/content/dam/rcq/pan/39/39/05/393905.png ||| /Users/lcchai/Work/assets/official/panerai/393905.png
https://www.panerai.com/en/collections/special-editions-archive/2011/pam00345-luminor-1950-chrono-monopulsante-left-handed-8-days-tit.html ||| https://www.panerai.com/content/dam/rcq/pan/71/46/85/714685.png ||| /Users/lcchai/Work/assets/official/panerai/714685.png
https://www.panerai.com/en/collections/special-editions-archive/2011/pam00368-luminor-1950-left-handed-8-days-titanio---47mm.html ||| https://www.panerai.com/content/dam/rcq/pan/28/49/15/284915.png ||| /Users/lcchai/Work/assets/official/panerai/284915.png
https://www.panerai.com/en/collections/special-editions-archive/2011/pam00371-luminor-submersible-1950-regatta-3-days-gtm-automatic-t.html ||| https://www.panerai.com/content/dam/rcq/pan/28/49/50/284950.png ||| /Users/lcchai/Work/assets/official/panerai/284950.png
https://www.panerai.com/en/collections/special-editions-archive/2011/pam00373-radiomir-3-days-platino---47mm.html ||| https://www.panerai.com/content/dam/rcq/pan/28/49/72/284972.png ||| /Users/lcchai/Work/assets/official/panerai/284972.png
https://www.panerai.com/en/collections/special-editions-archive/2011/pam00375-luminor-1950-3-days-composite---47mm.html ||| https://www.panerai.com/content/dam/rcq/pan/39/39/31/393931.png ||| /Users/lcchai/Work/assets/official/panerai/393931.png
https://www.panerai.com/en/collections/special-editions-archive/2011/pam00376-radiomir-3-days-oro-bianco---47mm.html ||| https://www.panerai.com/content/dam/rcq/pan/28/50/39/285039.png ||| /Users/lcchai/Work/assets/official/panerai/285039.png
https://www.panerai.com/en/collections/special-editions-archive/2011/pam00379-radiomir-3-days-oro-rosa---47mm.html ||| https://www.panerai.com/content/dam/rcq/pan/28/50/51/285051.png ||| /Users/lcchai/Work/assets/official/panerai/285051.png
https://www.panerai.com/en/collections/special-editions-archive/2011/pam00382-luminor-submersible-1950-3-days-automatic-bronzo---47mm.html ||| https://www.panerai.com/content/dam/rcq/pan/28/51/27/285127.png ||| /Users/lcchai/Work/assets/official/panerai/285127.png
https://www.panerai.com/en/collections/special-editions-archive/2011/pam00390-luminor-base---44mm.html ||| https://www.panerai.com/content/dam/rcq/pan/28/51/36/285136.png ||| /Users/lcchai/Work/assets/official/panerai/285136.png
https://www.panerai.com/en/collections/special-editions-archive/2012/pam00395-radiomir-8-days-gmt-oro-rosso---45mm.html ||| https://www.panerai.com/content/dam/rcq/pan/39/39/66/393966.png ||| /Users/lcchai/Work/assets/official/panerai/393966.png
https://www.panerai.com/en/collections/special-editions-archive/2012/pam00396-luminor-1950-tourbillon-gmt-automatic-ceramica---48mm.html ||| https://www.panerai.com/content/dam/rcq/pan/24/50/68/245068.png ||| /Users/lcchai/Work/assets/official/panerai/245068.png
https://www.panerai.com/en/collections/special-editions-archive/2012/pam00398-radiomir-1940-oro-rosso---47mm.html ||| https://www.panerai.com/content/dam/rcq/pan/39/40/01/394001.png ||| /Users/lcchai/Work/assets/official/panerai/394001.png
https://www.panerai.com/en/collections/special-editions-archive/2012/pam00399-radiomir-1940-acciao---47mm.html ||| https://www.panerai.com/content/dam/rcq/pan/39/40/14/394014.png ||| /Users/lcchai/Work/assets/official/panerai/394014.png
https://www.panerai.com/en/collections/special-editions-archive/2012/pam00427-luminor-1950-rattrapante-8-days-titanio---47mm---transa.html ||| https://www.panerai.com/content/dam/rcq/pan/48/95/51/489551.png ||| /Users/lcchai/Work/assets/official/panerai/489551.png
https://www.panerai.com/en/collections/special-editions-archive/2012/pam00448-radiomir-california-3-days---47mm.html ||| https://www.panerai.com/content/dam/rcq/pan/39/43/39/394339.png ||| /Users/lcchai/Work/assets/official/panerai/394339.png
https://www.panerai.com/en/collections/special-editions-archive/2012/pam00449-radiomir-slc-3-days---47mm.html ||| https://www.panerai.com/content/dam/rcq/pan/39/43/56/394356.png ||| /Users/lcchai/Work/assets/official/panerai/394356.png
https://www.panerai.com/en/collections/special-editions-archive/2012/pam00495-radiomir-10-days-gmt-automatic-platino---45mm.html ||| https://www.panerai.com/content/dam/rcq/pan/54/17/11/541711.png ||| /Users/lcchai/Work/assets/official/panerai/541711.png
https://www.panerai.com/en/collections/special-editions-archive/2012/pam00496-radiomir-10-days-gmt-automatic-oro-bianco---45mm.html ||| https://www.panerai.com/content/dam/rcq/pan/54/17/63/541763.png ||| /Users/lcchai/Work/assets/official/panerai/541763.png
https://www.panerai.com/en/collections/special-editions-archive/2012/pam00497-radiomir-10-days-gmt-automatic-oro-rosso---45mm.html ||| https://www.panerai.com/content/dam/rcq/pan/53/75/10/537510.png ||| /Users/lcchai/Work/assets/official/panerai/537510.png
https://www.panerai.com/en/collections/special-editions-archive/2013/pam00364-luminor-submersible-1950-2500m-3-days-automatic-titanio.html ||| https://www.panerai.com/content/dam/rcq/pan/28/42/50/284250.png ||| /Users/lcchai/Work/assets/official/panerai/284250.png
https://www.panerai.com/en/collections/special-editions-archive/2013/pam00507-luminor-submersible-1950-3-days-power-reserve-automatic.html ||| https://www.panerai.com/content/dam/rcq/pan/39/43/71/394371.png ||| /Users/lcchai/Work/assets/official/panerai/394371.png
https://www.panerai.com/en/collections/special-editions-archive/2013/pam00508-luminor-submersible-1950-3-days-automatic-ceramica---47.html ||| https://www.panerai.com/content/dam/rcq/pan/28/58/69/285869.png ||| /Users/lcchai/Work/assets/official/panerai/285869.png
https://www.panerai.com/en/collections/special-editions-archive/2013/pam00521-radiomir-platino---47mm.html ||| https://www.panerai.com/content/dam/rcq/pan/52/10/70/521070.png ||| /Users/lcchai/Work/assets/official/panerai/521070.png
https://www.panerai.com/en/collections/special-editions-archive/2013/pam00522-radiomir-oro-rosso---47mm.html ||| https://www.panerai.com/content/dam/rcq/pan/52/10/76/521076.png ||| /Users/lcchai/Work/assets/official/panerai/521076.png
https://www.panerai.com/en/collections/special-editions-archive/2013/pam00528-lo-scienziato---luminor-1950-tourbillon-gmt-ceramica---.html ||| https://www.panerai.com/content/dam/rcq/pan/28/56/48/285648.png ||| /Users/lcchai/Work/assets/official/panerai/285648.png
https://www.panerai.com/en/collections/special-editions-archive/2013/pam00532-radiomir-1940-3-days-paneristi-forever---47mm.html ||| https://www.panerai.com/content/dam/rcq/pan/48/59/84/485984.png ||| /Users/lcchai/Work/assets/official/panerai/485984.png
https://www.panerai.com/en/collections/special-editions-archive/2013/pam00538-radiomir-8-days-gmt-oro-rosso---45mm.html ||| https://www.panerai.com/content/dam/rcq/pan/50/20/59/502059.png ||| /Users/lcchai/Work/assets/official/panerai/502059.png
https://www.panerai.com/en/collections/special-editions-archive/2014/pam00447-pocket-watch-3-days-oro-rosso---50mm.html ||| https://www.panerai.com/content/dam/rcq/pan/59/63/31/596331.png ||| /Users/lcchai/Work/assets/official/panerai/596331.png
https://www.panerai.com/en/collections/special-editions-archive/2014/pam00529-pocket-watch-3-days-oro-bianco---50mm.html ||| https://www.panerai.com/content/dam/rcq/pan/59/62/57/596257.png ||| /Users/lcchai/Work/assets/official/panerai/596257.png
https://www.panerai.com/en/collections/special-editions-archive/2014/pam00558-radiomir-1940-tourbillon-gmt-oro-rosso---48mm.html ||| https://www.panerai.com/content/dam/rcq/pan/73/89/46/738946.png ||| /Users/lcchai/Work/assets/official/panerai/738946.png
https://www.panerai.com/en/collections/special-editions-archive/2014/pam00569-luminor-submersible-1950-left-handed-3-days-automatic-t.html ||| https://www.panerai.com/content/dam/rcq/pan/67/77/96/677796.png ||| /Users/lcchai/Work/assets/official/panerai/677796.png
https://www.panerai.com/en/collections/special-editions-archive/2014/pam00571-luminor-submersible-1950-3-days-automatic-titanio---47m.html ||| https://www.panerai.com/content/dam/rcq/pan/61/40/27/614027.png ||| /Users/lcchai/Work/assets/official/panerai/614027.png
https://www.panerai.com/en/collections/special-editions-archive/2014/pam00579-luminor-1950-chrono-monopulsante-left-handed-8-days-tit.html ||| https://www.panerai.com/content/dam/rcq/pan/59/62/93/596293.png ||| /Users/lcchai/Work/assets/official/panerai/596293.png
https://www.panerai.com/en/collections/special-editions-archive/2014/pam00587-radiomir-1940-3-days-marina-militare-acciaio---47mm.html ||| https://www.panerai.com/content/dam/rcq/pan/74/02/54/740254.png ||| /Users/lcchai/Work/assets/official/panerai/740254.png
https://www.panerai.com/en/collections/special-editions-archive/2014/pam00598-radiomir-3-days-gmt-oro-rosso---47mm.html ||| https://www.panerai.com/content/dam/rcq/pan/73/89/55/738955.png ||| /Users/lcchai/Work/assets/official/panerai/738955.png
https://www.panerai.com/en/collections/special-editions-archive/2014/pam00785-set-luminor-8-days---44mm.html ||| https://www.panerai.com/content/dam/rcq/pan/74/01/77/740177.png ||| /Users/lcchai/Work/assets/official/panerai/740177.png
https://www.panerai.com/en/collections/special-editions-archive/2015/pam00516-radiomir-1940-equation-of-time-8-days-acciaio---48mm.html ||| https://www.panerai.com/content/dam/rcq/pan/90/41/57/904157.png ||| /Users/lcchai/Work/assets/official/panerai/904157.png
https://www.panerai.com/en/collections/special-editions-archive/2015/pam00570-radiomir-1940-3-days-gmt-oro-rosso---47mm.html ||| https://www.panerai.com/content/dam/rcq/pan/91/00/04/910004.png ||| /Users/lcchai/Work/assets/official/panerai/910004.png
https://www.panerai.com/en/collections/special-editions-archive/2015/pam00601-luminor-1950-equation-of-time-8-days-acciaio---47mm.html ||| https://www.panerai.com/content/dam/rcq/pan/90/41/54/904154.png ||| /Users/lcchai/Work/assets/official/panerai/904154.png
https://www.panerai.com/en/collections/special-editions-archive/2015/pam00603-mare-nostrum-titanio---52mm.html ||| https://www.panerai.com/content/dam/rcq/pan/90/41/26/904126.png ||| /Users/lcchai/Work/assets/official/panerai/904126.png
https://www.panerai.com/en/collections/special-editions-archive/2015/pam00634-luminor-base-logo-acciaio---44mm.html ||| https://www.panerai.com/content/dam/rcq/pan/10/00/40/8/1000408.png ||| /Users/lcchai/Work/assets/official/panerai/1000408.png
https://www.panerai.com/en/collections/special-editions-archive/2015/pam00848-luminor-1950-sealand-3-days-automatic-acciaio---44mm.html ||| https://www.panerai.com/content/dam/rcq/pan/78/94/02/789402.png ||| /Users/lcchai/Work/assets/official/panerai/789402.png
https://www.panerai.com/en/collections/special-editions-archive/2016/pam00578-lo-scienziato---luminor-1950-tourbillon-gmt-titanio---4.html ||| https://www.panerai.com/content/dam/rcq/pan/11/06/03/9/1106039.png ||| /Users/lcchai/Work/assets/official/panerai/1106039.png
https://www.panerai.com/en/collections/special-editions-archive/2016/pam00662-radiomir-1940-3-days-acciaio---47mm.html ||| https://www.panerai.com/content/dam/rcq/pan/11/06/18/2/1106182.png ||| /Users/lcchai/Work/assets/official/panerai/1106182.png
https://www.panerai.com/en/collections/special-editions-archive/2016/pam00663-luminor-1950-3-days-acciao---47mm.html ||| https://www.panerai.com/content/dam/rcq/pan/11/06/20/8/1106208.png ||| /Users/lcchai/Work/assets/official/panerai/1106208.png
https://www.panerai.com/en/collections/special-editions-archive/2016/pam00673-luminor-1950-marina-militare-3-days-acciaio---47mm.html ||| https://www.panerai.com/content/dam/rcq/pan/11/56/57/4/1156574.png ||| /Users/lcchai/Work/assets/official/panerai/1156574.png
https://www.panerai.com/en/collections/special-editions-archive/2016/pam00719-luminor-submersible-1950-3-days-gmt-automatic-titanio--.html ||| https://www.panerai.com/content/dam/rcq/pan/14/42/31/7/1442317.png ||| /Users/lcchai/Work/assets/official/panerai/1442317.png
https://www.panerai.com/en/collections/special-editions-archive/2016/pam00786-luminor-8-days-set.html ||| https://www.panerai.com/content/dam/rcq/pan/11/06/12/0/1106120.png ||| /Users/lcchai/Work/assets/official/panerai/1106120.png
https://www.panerai.com/en/collections/special-editions-archive/2016/pam00850-luminor-1950-sealand-3-days-automatic-acciaio---44mm.html ||| https://www.panerai.com/content/dam/rcq/pan/11/10/18/5/1110185.png ||| /Users/lcchai/Work/assets/official/panerai/1110185.png
https://www.panerai.com/en/collections/special-editions-archive/2016/pam00853-luminor-1950-sealand-3-days-automatic-acciaio---44mm.html ||| https://www.panerai.com/content/dam/rcq/pan/14/29/83/9/1429839.png ||| /Users/lcchai/Work/assets/official/panerai/1429839.png
https://www.panerai.com/en/collections/special-editions-archive/2016/pam00854-luminor-1950-sealand-3-days-automatic-acciaio---44mm.html ||| https://www.panerai.com/content/dam/rcq/pan/14/29/84/0/1429840.png ||| /Users/lcchai/Work/assets/official/panerai/1429840.png
https://www.panerai.com/en/collections/special-editions-archive/2016/pam00855-luminor-1950-sealand-3-days-automatic-acciaio---44mm.html ||| https://www.panerai.com/content/dam/rcq/pan/14/29/83/6/1429836.png ||| /Users/lcchai/Work/assets/official/panerai/1429836.png
https://www.panerai.com/en/collections/special-editions-archive/2016/pam00856-luminor-1950-sealand-3-days-automatic-acciaio---44mm.html ||| https://www.panerai.com/content/dam/rcq/pan/14/29/83/7/1429837.png ||| /Users/lcchai/Work/assets/official/panerai/1429837.png
https://www.panerai.com/en/collections/special-editions-archive/2016/pam00857-luminor-1950-sealand-3-days-automatic-acciaio---44mm.html ||| https://www.panerai.com/content/dam/rcq/pan/14/29/84/1/1429841.png ||| /Users/lcchai/Work/assets/official/panerai/1429841.png
https://www.panerai.com/en/collections/special-editions-archive/2017/pam00671-luminor-submersible-1950-3-days-automatic-bronzo---47mm.html ||| https://www.panerai.com/content/dam/rcq/pan/14/45/88/5/1445885.png ||| /Users/lcchai/Work/assets/official/panerai/1445885.png
https://www.panerai.com/en/collections/special-editions-archive/2017/pam00685-radiomir-3-days-acciaio---47mm.html ||| https://www.panerai.com/content/dam/rcq/pan/14/61/56/5/1461565.png ||| /Users/lcchai/Work/assets/official/panerai/1461565.png
https://www.panerai.com/en/collections/special-editions-archive/2017/pam00687-radiomir-3-days-acciaio---47mm.html ||| https://www.panerai.com/content/dam/rcq/pan/14/61/56/6/1461566.png ||| /Users/lcchai/Work/assets/official/panerai/1461566.png
https://www.panerai.com/en/collections/special-editions-archive/2017/pam00700-panerai-lab-id---luminor-1950-carbotech-3-days---49mm.html ||| https://www.panerai.com/content/dam/rcq/pan/14/76/15/5/1476155.png ||| /Users/lcchai/Work/assets/official/panerai/1476155.png
https://www.panerai.com/en/collections/special-editions-archive/2017/pam00716-mare-nostrum-acciaio---42mm.html ||| https://www.panerai.com/content/dam/rcq/pan/14/70/09/8/1470098.png ||| /Users/lcchai/Work/assets/official/panerai/1470098.png
https://www.panerai.com/en/collections/special-editions-archive/2017/pam00720-radiomir-3-days-acciaio---47mm.html ||| https://www.panerai.com/content/dam/rcq/pan/16/99/39/2/1699392.png ||| /Users/lcchai/Work/assets/official/panerai/1699392.png
https://www.panerai.com/en/collections/special-editions-archive/2017/pam00721-radiomir-3-days-acciaio---47mm.html ||| https://www.panerai.com/content/dam/rcq/pan/17/19/07/4/1719074.png ||| /Users/lcchai/Work/assets/official/panerai/1719074.png
https://www.panerai.com/en/collections/special-editions-archive/2017/pam00724-luminor-marina-oracle-team-usa-8-days-acciaio---44mm.html ||| https://www.panerai.com/content/dam/rcq/pan/14/64/89/4/1464894.png ||| /Users/lcchai/Work/assets/official/panerai/1464894.png
https://www.panerai.com/en/collections/special-editions-archive/2017/pam00725-luminor-1950-oracle-team-usa-3-days-chrono-flyback-auto.html ||| https://www.panerai.com/content/dam/rcq/pan/14/64/90/0/1464900.png ||| /Users/lcchai/Work/assets/official/panerai/1464900.png
https://www.panerai.com/en/collections/special-editions-archive/2017/pam00726-luminor-1950-regatta-oracle-team-usa-3-days-chrono-flyb.html ||| https://www.panerai.com/content/dam/rcq/pan/14/64/90/7/1464907.png ||| /Users/lcchai/Work/assets/official/panerai/1464907.png
https://www.panerai.com/en/collections/special-editions-archive/2017/pam00727-luminor-marina-1950-americas-cup-3-days-automatic-accia.html ||| https://www.panerai.com/content/dam/rcq/pan/14/64/92/4/1464924.png ||| /Users/lcchai/Work/assets/official/panerai/1464924.png
https://www.panerai.com/en/collections/special-editions-archive/2017/pam00732-luminor-marina-1950-softbank-team-japan-3-days-automati.html ||| https://www.panerai.com/content/dam/rcq/pan/14/64/91/7/1464917.png ||| /Users/lcchai/Work/assets/official/panerai/1464917.png
https://www.panerai.com/en/collections/special-editions-archive/2017/pam00852-luminor-1950-sealand-3-days-automatic-acciaio---44mm.html ||| https://www.panerai.com/content/dam/rcq/pan/14/69/22/1/1469221.png ||| /Users/lcchai/Work/assets/official/panerai/1469221.png
https://www.panerai.com/en/collections/special-editions-archive/2018/pam00790-radiomir---47mm.html ||| https://www.panerai.com/content/dam/rcq/pan/16/90/34/2/1690342.png ||| /Users/lcchai/Work/assets/official/panerai/1690342.png
https://www.panerai.com/en/collections/special-editions-archive/2018/pam00791-radiomir---47mm.html ||| https://www.panerai.com/content/dam/rcq/pan/16/90/68/0/1690680.png ||| /Users/lcchai/Work/assets/official/panerai/1690680.png
https://www.panerai.com/en/collections/special-editions-archive/2018/pam00858-luminor-1950-sealand-3-days-automatic-acciaio---44mm.html ||| https://www.panerai.com/content/dam/rcq/pan/17/19/07/3/1719073.png ||| /Users/lcchai/Work/assets/official/panerai/1719073.png
https://www.panerai.com/us/en/collections/watch-collection/luminor/pam00510-luminor-8-days---44mm.html ||| https://www.panerai.com/content/dam/rcq/pan/28/55/81/285581.png ||| /Users/lcchai/Work/assets/official/panerai/285581.png
https://www.panerai.com/us/en/collections/watch-collection/luminor/pam00863-luminor-sealand---44mm.html ||| https://www.panerai.com/content/dam/rcq/pan/19/65/61/4/1965614.png ||| /Users/lcchai/Work/assets/official/panerai/1965614.png
https://www.panerai.com/us/en/collections/watch-collection/luminor/pam00914-luminor-base---44mm.html ||| https://www.panerai.com/content/dam/rcq/pan/19/71/27/5/1971275.png ||| /Users/lcchai/Work/assets/official/panerai/1971275.png
https://www.panerai.com/us/en/collections/watch-collection/luminor/pam00915-luminor-base---44mm.html ||| https://www.panerai.com/content/dam/rcq/pan/19/71/28/7/1971287.png ||| /Users/lcchai/Work/assets/official/panerai/1971287.png
https://www.panerai.com/us/en/collections/watch-collection/luminor/pam01084-luminor-logo---44mm.html ||| https://www.panerai.com/content/dam/rcq/pan/20/33/38/1/2033381.png ||| /Users/lcchai/Work/assets/official/panerai/2033381.png
https://www.panerai.com/us/en/collections/watch-collection/luminor/pam01085-luminor-blu-mare---44mm.html ||| https://www.panerai.com/content/dam/rcq/pan/20/33/39/1/2033391.png ||| /Users/lcchai/Work/assets/official/panerai/2033391.png
https://www.panerai.com/us/en/collections/watch-collection/luminor/pam01086-luminor-base-logo---44mm.html ||| https://www.panerai.com/content/dam/rcq/pan/20/33/39/8/2033398.png ||| /Users/lcchai/Work/assets/official/panerai/2033398.png
https://www.panerai.com/us/en/collections/watch-collection/luminor/pam01096-luminor-luna-rossa-gmt---42mm.html ||| https://www.panerai.com/content/dam/rcq/pan/20/42/24/2/2042242.png ||| /Users/lcchai/Work/assets/official/panerai/2042242.png
https://www.panerai.com/us/en/collections/watch-collection/luminor/pam01109-luminor-chrono.html ||| https://www.panerai.com/content/dam/rcq/pan/21/44/33/2/2144332.png ||| /Users/lcchai/Work/assets/official/panerai/2144332.png
https://www.panerai.com/us/en/collections/watch-collection/luminor/pam01110-luminor-chrono.html ||| https://www.panerai.com/content/dam/rcq/pan/21/48/74/6/2148746.png ||| /Users/lcchai/Work/assets/official/panerai/2148746.png
https://www.panerai.com/us/en/collections/watch-collection/luminor/pam01112-luminor-marina-goldtech---44mm.html ||| https://www.panerai.com/content/dam/rcq/pan/20/33/16/6/2033166.png ||| /Users/lcchai/Work/assets/official/panerai/2033166.png
https://www.panerai.com/us/en/collections/watch-collection/luminor/pam01116-luminor-marina-platinumtech---44mm.html ||| https://www.panerai.com/content/dam/rcq/pan/20/33/26/1/2033261.png ||| /Users/lcchai/Work/assets/official/panerai/2033261.png
https://www.panerai.com/us/en/collections/watch-collection/luminor/pam01117-luminor-marina---44mm.html ||| https://www.panerai.com/content/dam/rcq/pan/20/16/00/3/2016003.png ||| /Users/lcchai/Work/assets/official/panerai/2016003.png
https://www.panerai.com/us/en/collections/watch-collection/luminor/pam01118-luminor-marina-carbotech---44mm.html ||| https://www.panerai.com/content/dam/rcq/pan/20/33/27/6/2033276.png ||| /Users/lcchai/Work/assets/official/panerai/2033276.png
https://www.panerai.com/us/en/collections/watch-collection/luminor/pam01119-luminor-marina-fibratech---44mm.html ||| https://www.panerai.com/content/dam/rcq/pan/20/33/29/1/2033291.png ||| /Users/lcchai/Work/assets/official/panerai/2033291.png
https://www.panerai.com/us/en/collections/watch-collection/luminor/pam01135-luminor-chrono-monopulsante-8-giorni-gmt-blu-notte.html ||| https://www.panerai.com/content/dam/rcq/pan/21/48/72/3/2148723.png ||| /Users/lcchai/Work/assets/official/panerai/2148723.png
https://www.panerai.com/us/en/collections/watch-collection/luminor/pam01157-luminor-marina-esteel--blu-profondo.html ||| https://www.panerai.com/content/dam/rcq/pan/21/48/76/1/2148761.png ||| /Users/lcchai/Work/assets/official/panerai/2148761.png
https://www.panerai.com/us/en/collections/watch-collection/luminor/pam01218-luminor-chrono.html ||| https://www.panerai.com/content/dam/rcq/pan/21/48/79/8/2148798.png ||| /Users/lcchai/Work/assets/official/panerai/2148798.png
https://www.panerai.com/us/en/collections/watch-collection/luminor/pam01303-luminor-chrono-luna-rossa.html ||| https://www.panerai.com/content/dam/rcq/pan/21/49/92/0/2149920.png ||| /Users/lcchai/Work/assets/official/panerai/2149920.png
https://www.panerai.com/us/en/collections/watch-collection/luminor/pam01313-luminor-marina---44mm.html ||| https://www.panerai.com/content/dam/rcq/pan/20/33/17/3/2033173.png ||| /Users/lcchai/Work/assets/official/panerai/2033173.png
https://www.panerai.com/us/en/collections/watch-collection/luminor/pam01314-luminor-marina---44mm.html ||| https://www.panerai.com/content/dam/rcq/pan/20/33/13/8/2033138.png ||| /Users/lcchai/Work/assets/official/panerai/2033138.png
https://www.panerai.com/us/en/collections/watch-collection/luminor/pam01316-luminor-marina--specchio-blu---44mm.html ||| https://www.panerai.com/content/dam/rcq/pan/20/33/17/9/2033179.png ||| /Users/lcchai/Work/assets/official/panerai/2033179.png
https://www.panerai.com/us/en/collections/watch-collection/luminor/pam01356-luminor-marina-esteel--verde-smeraldo.html ||| https://www.panerai.com/content/dam/rcq/pan/21/48/93/0/2148930.png ||| /Users/lcchai/Work/assets/official/panerai/2148930.png
https://www.panerai.com/us/en/collections/watch-collection/luminor/pam01358-luminor-marina-esteel-grigio-roccia.html ||| https://www.panerai.com/content/dam/rcq/pan/21/49/96/2/2149962.png ||| /Users/lcchai/Work/assets/official/panerai/2149962.png
https://www.panerai.com/us/en/collections/watch-collection/luminor/pam01661-luminor-marina-carbotech---44mm.html ||| https://www.panerai.com/content/dam/rcq/pan/20/33/22/2/2033222.png ||| /Users/lcchai/Work/assets/official/panerai/2033222.png
https://www.panerai.com/us/en/collections/watch-collection/luminor/pam01662-luminor-marina---44mm.html ||| https://www.panerai.com/content/dam/rcq/pan/20/33/22/9/2033229.png ||| /Users/lcchai/Work/assets/official/panerai/2033229.png
https://www.panerai.com/us/en/collections/watch-collection/luminor/pam01663-luminor-marina-fibratech---44mm.html ||| https://www.panerai.com/content/dam/rcq/pan/20/33/05/2/2033052.png ||| /Users/lcchai/Work/assets/official/panerai/2033052.png
https://www.panerai.com/us/en/collections/watch-collection/luminor/pam02392-luminor-marina---42mm.html ||| https://www.panerai.com/content/dam/rcq/pan/20/33/40/8/2033408.png ||| /Users/lcchai/Work/assets/official/panerai/2033408.png
https://www.panerai.com/us/en/collections/watch-collection/radiomir/pam01078-radiomir---45mm.html ||| https://www.panerai.com/content/dam/rcq/pan/20/29/58/6/2029586.png ||| /Users/lcchai/Work/assets/official/panerai/2029586.png
https://www.panerai.com/us/en/collections/watch-collection/radiomir/pam01144-radiomir---42mm.html ||| https://www.panerai.com/content/dam/rcq/pan/20/29/79/5/2029795.png ||| /Users/lcchai/Work/assets/official/panerai/2029795.png
https://www.panerai.com/us/en/collections/watch-collection/submersible/pam01108-submersible-ecopangaea-tourbillon-gmt---50mm-mike-horn-.html ||| https://www.panerai.com/content/dam/rcq/pan/21/35/41/0/2135410.png ||| /Users/lcchai/Work/assets/official/panerai/2135410.png
