https://www.prestigetime.com/A-Lange-Sohne-Datograph-Perpetual-41mm-410-038.html ||| no thumbnail
https://www.prestigetime.com/A-Lange-Sohne-Saxonia-Automatic-380-027.html ||| no thumbnail
https://www.prestigetime.com/A-Lange-Sohne-Saxonia-Automatic-380-033.html ||| no thumbnail
https://www.prestigetime.com/Bell-Ross-BR-V2-92-BRV292-MKA-ST-SST-Military-Green.html ||| no thumbnail
https://www.prestigetime.com/Breitling-Navitimer-1-Automatic-41-u17326211m1u1.html ||| no thumbnail
https://www.prestigetime.com/Bulgari-BVLGARI-BVLGARI-Automatic-41mm-102930.html ||| no thumbnail
https://www.prestigetime.com/Bulgari-BVLGARI-BVLGARI-Automatic-41mm-103219.html ||| no thumbnail
https://www.prestigetime.com/Bulgari-BVLGARI-Roma-Finissimo-41mm-102357-BB41BSLXT.html ||| no thumbnail
https://www.prestigetime.com/Bulgari-Bulgari-Aluminium-103382.html ||| no thumbnail
https://www.prestigetime.com/Bulgari-Bulgari-Aluminium-103383.html ||| no thumbnail
https://www.prestigetime.com/Bulgari-Bulgari-Aluminium-103445.html ||| no thumbnail
https://www.prestigetime.com/Bulgari-Diagono-Velocissimo-102333-dgp41bgldch.html ||| no thumbnail
https://www.prestigetime.com/Bulgari-Diva-s-Dream-102840-DVP30WPGL-12.html ||| no thumbnail
https://www.prestigetime.com/Bulgari-Diva-s-Dream-102841-DVP30BPGL-12.html ||| no thumbnail
https://www.prestigetime.com/Bulgari-Lucea-Automatic-33mm-102638-LU33WSPGLD-11-BLUE.html ||| no thumbnail
https://www.prestigetime.com/Bulgari-Lucea-Automatic-33mm-102640-LU33WSPGLD-11-GRE.html ||| no thumbnail
https://www.prestigetime.com/Bulgari-Lucea-Automatic-33mm-103373-LU33SKSPGL.html ||| no thumbnail
https://www.prestigetime.com/Bulgari-Lucea-Automatic-33mm-103476-LLU33WMOPSLD-12.html ||| no thumbnail
https://www.prestigetime.com/Bulgari-Lucea-Automatic-33mm-103478-LU33WMOPSL-12.html ||| no thumbnail
https://www.prestigetime.com/Bulgari-Lucea-Automatic-33mm-103502-LU33SKD1SPGL-BLU.html ||| no thumbnail
https://www.prestigetime.com/Bulgari-Lucea-Automatic-33mm-103503-LU33BSCL-12.html ||| no thumbnail
https://www.prestigetime.com/Bulgari-Lucea-Automatic-36mm-lu36rspgl-12mp-102695.html ||| no thumbnail
https://www.prestigetime.com/Bulgari-Lucea-Quartz-28mm-102475-LU28WSPGDSPG-12.html ||| no thumbnail
https://www.prestigetime.com/Bulgari-Lucea-Quartz-28mm-103367-LU28WMOPSCL.html ||| no thumbnail
https://www.prestigetime.com/Bulgari-Octo-Automatic-41mm-102488-bgo41bbspgvdch.html ||| no thumbnail
https://www.prestigetime.com/Bulgari-Octo-Automatic-41mm-102906-bgop41bglr-mas-Maserati-GranLusso.html ||| no thumbnail
https://www.prestigetime.com/Bulgari-Octo-Automatic-41mm-103027.html ||| no thumbnail
https://www.prestigetime.com/Bulgari-Octo-Finissimo-Extra-Thin-40mm-102373-BGO40PDLXT.html ||| no thumbnail
https://www.prestigetime.com/Bulgari-Serpenti-27mm-102726-spp27c4pgl.html ||| no thumbnail
https://www.prestigetime.com/Bulgari-Serpenti-27mm-102727-spp27wpgdl.html ||| no thumbnail
https://www.prestigetime.com/Bulgari-Serpenti-27mm-102728-spp27bgg.html ||| no thumbnail
https://www.prestigetime.com/Bulgari-Serpenti-27mm-102967.html ||| no thumbnail
https://www.prestigetime.com/Bulgari-Serpenti-27mm-102968.html ||| no thumbnail
https://www.prestigetime.com/Bulgari-Serpenti-27mm-spp27c9pgdl-102730.html ||| no thumbnail
https://www.prestigetime.com/Bulgari-Serpenti-32mm-102918.html ||| no thumbnail
https://www.prestigetime.com/Bulgari-Serpenti-32mm-102919.html ||| no thumbnail
https://www.prestigetime.com/Bulgari-Serpenti-32mm-102921.html ||| no thumbnail
https://www.prestigetime.com/Bulgari-Serpenti-Seduttori-33mm-103274.html ||| no thumbnail
https://www.prestigetime.com/Bulgari-Serpenti-Seduttori-33mm-103277.html ||| no thumbnail
https://www.prestigetime.com/Bulgari-Serpenti-Spiga-102734-spc35bcbc-1t.html ||| no thumbnail
https://www.prestigetime.com/Bulgari-Serpenti-Spiga-102888.html ||| no thumbnail
https://www.prestigetime.com/Bulgari-Serpenti-Tubogas-35mm-103071-SP35C11SPGD-1T.html ||| no thumbnail
https://www.prestigetime.com/Bulgari-Serpenti-Tubogas-35mm-103150.html ||| no thumbnail
https://www.prestigetime.com/Bulgari-Serpenti-Tubogas-35mm-sp35c7sds-1t.html ||| no thumbnail
https://www.prestigetime.com/Cartier-Ballon-Blanc-26mm-wgbl0002.html ||| no thumbnail
https://www.prestigetime.com/Cartier-Ballon-Blanc-26mm-wjbl0004.html ||| no thumbnail
https://www.prestigetime.com/Cartier-Ballon-Blanc-26mm-wjbl0006.html ||| no thumbnail
https://www.prestigetime.com/Cartier-Ballon-Bleu-36mm-w4bb0024.html ||| no thumbnail
https://www.prestigetime.com/Cartier-Ballon-Bleu-36mm-wjbb0034.html ||| no thumbnail
https://www.prestigetime.com/Cartier-Ballon-Bleu-36mm-wjbb0037.html ||| no thumbnail
https://www.prestigetime.com/Cartier-Ballon-Bleu-36mm-wjbb0041.html ||| no thumbnail
https://www.prestigetime.com/Cartier-Ballon-Bleu-36mm-wjbb0043.html ||| no thumbnail
https://www.prestigetime.com/Cartier-Ballon-Bleu-36mm-wsbb0028.html ||| no thumbnail
https://www.prestigetime.com/Cartier-Ballon-Bleu-42mm-wjbb0035.html ||| no thumbnail
https://www.prestigetime.com/Cartier-Ballon-Bleu-42mm-wjbb0038.html ||| no thumbnail
https://www.prestigetime.com/Cartier-Ballon-Bleu-42mm-wsbb0049.html ||| no thumbnail
https://www.prestigetime.com/Cartier-Balon-Blanc-30mm-wgbl0003.html ||| no thumbnail
https://www.prestigetime.com/Cartier-Balon-Blanc-30mm-wjbl0005.html ||| no thumbnail
https://www.prestigetime.com/Cartier-Balon-Blanc-30mm-wjbl0008.html ||| no thumbnail
https://www.prestigetime.com/Cartier-Cle-De-Cartier-Automatic-31mm-wjcl0031.html ||| no thumbnail
https://www.prestigetime.com/Cartier-Cle-De-Cartier-Automatic-31mm-wjcl0034.html ||| no thumbnail
https://www.prestigetime.com/Cartier-Cle-De-Cartier-Automatic-31mm-wjcl0038.html ||| no thumbnail
https://www.prestigetime.com/Cartier-Cle-De-Cartier-Automatic-35mm-WJCL0032.html ||| no thumbnail
https://www.prestigetime.com/Cartier-Cle-De-Cartier-Automatic-35mm-WJCL0033.html ||| no thumbnail
https://www.prestigetime.com/Cartier-Panthere-de-Cartier-Medium-hpi01130.html ||| no thumbnail
https://www.prestigetime.com/Cartier-Panthere-de-Cartier-Small-hpi01129.html ||| no thumbnail
https://www.prestigetime.com/Cartier-Pasha-Automatic-35mm-wjpa0012.html ||| no thumbnail
https://www.prestigetime.com/Cartier-Pasha-Automatic-35mm-wjpa0013.html ||| no thumbnail
https://www.prestigetime.com/Cartier-Pasha-Automatic-35mm-wspa0012.html ||| no thumbnail
https://www.prestigetime.com/Cartier-Pasha-Automatic-35mm-wspa0013.html ||| no thumbnail
https://www.prestigetime.com/Cartier-Pasha-Automatic-41mm-wgpa0007.html ||| no thumbnail
https://www.prestigetime.com/Cartier-Pasha-Automatic-41mm-wspa0010.html ||| no thumbnail
https://www.prestigetime.com/Cartier-Santos-De-Cartier-Chronograph-wgsa0017.html ||| no thumbnail
https://www.prestigetime.com/Cartier-Tank-Louis-Large-wjta0014.html ||| no thumbnail
https://www.prestigetime.com/Cartier-Tank-Louis-Large-wjta0015.html ||| no thumbnail
https://www.prestigetime.com/Cartier-Tank-Louise-Small-wgta0010.html ||| no thumbnail
https://www.prestigetime.com/Cartier-Tank-Louise-Small-wjta0010.html ||| no thumbnail
https://www.prestigetime.com/Cartier-Tank-Louise-Small-wjta0011.html ||| no thumbnail
https://www.prestigetime.com/Ebel-Sport-Classic-Quartz-29mm-1216388A.html ||| no thumbnail
https://www.prestigetime.com/Hermes-H-Hour-Quartz-Medium-MM-044876ww00.html ||| no thumbnail
https://www.prestigetime.com/Hublot-Big-Bang-UNICO-Sang-Bleu-45mm-415-CX-1112-VR-MXM18-Black-Magic.html ||| no thumbnail
https://www.prestigetime.com/IWC-Da-Vinci-Automatic-36mm-iw458310.html ||| no thumbnail
https://www.prestigetime.com/IWC-Da-Vinci-Automatic-36mm-iw458312.html ||| no thumbnail
https://www.prestigetime.com/IWC-Da-Vinci-Automatic-Moonphase-36mm-iw459306.html ||| no thumbnail
https://www.prestigetime.com/IWC-Da-Vinci-Automatic-Moonphase-36mm-iw459307.html ||| no thumbnail
https://www.prestigetime.com/IWC-Da-Vinci-Automatic-Moonphase-36mm-iw459308.html ||| no thumbnail
https://www.prestigetime.com/IWC-Da-Vinci-Perpetual-Calendar-Chronograph-43mm-iw392101.html ||| no thumbnail
https://www.prestigetime.com/IWC-Da-Vinci-Perpetual-Calendar-Chronograph-43mm-iw392103.html ||| no thumbnail
https://www.prestigetime.com/IWC-Da-Vinci-Perpetual-Calendar-Chronograph-43mm-iw392104.html ||| no thumbnail
https://www.prestigetime.com/IWC-Da-Vinci-Tourbillon-Retrograde-Chronograph-44mm-iw393101.html ||| no thumbnail
https://www.prestigetime.com/IWC-Ingenieur-Perpetual-Calendar-Digital-Date-Month-45mm-iw381701.html ||| no thumbnail
https://www.prestigetime.com/IWC-Pilot-s-Chronograph-TOP-GUN-Miramar-IW389002.html ||| no thumbnail
https://www.prestigetime.com/IWC-Pilot-s-Watch-Spitfire-Chronograph-iw387901.html ||| no thumbnail
https://www.prestigetime.com/IWC-Pilot-s-Watch-Spitfire-Chronograph-iw387902-Bronze.html ||| no thumbnail
https://www.prestigetime.com/IWC-Portofino-Hand-Wound-Moonphase-Eight-Days-45mm-iw516401.html ||| no thumbnail
https://www.prestigetime.com/IWC-Portofino-Hand-Wound-Moonphase-Eight-Days-45mm-iw516403.html ||| no thumbnail
https://www.prestigetime.com/IWC-Portofino-Midsize-Automatic-Moonphase-37mm-iw459011.html ||| no thumbnail
https://www.prestigetime.com/IWC-Portugieser-Automatic-40mm-iw358303.html ||| no thumbnail
https://www.prestigetime.com/IWC-Portugieser-Automatic-40mm-iw358305.html ||| no thumbnail
https://www.prestigetime.com/Jaeger-LeCoultre-Atmos-Classique-5101202.html ||| no thumbnail
https://www.prestigetime.com/Jaeger-LeCoultre-Atmos-Classique-5107202.html ||| no thumbnail
https://www.prestigetime.com/Jaeger-LeCoultre-Atmos-Classique-Phases-de-Lune-5111202.html ||| no thumbnail
https://www.prestigetime.com/Jaeger-LeCoultre-Atmos-Classique-Phases-de-Lune-5117201.html ||| no thumbnail
https://www.prestigetime.com/Jaeger-LeCoultre-Duometre-a-Chronographe-6012421.html ||| no thumbnail
https://www.prestigetime.com/Jaeger-LeCoultre-Duometre-a-Chronographe-6012521.html ||| no thumbnail
https://www.prestigetime.com/Jaeger-LeCoultre-Duometre-a-Quantieme-Lunaire-6043420.html ||| no thumbnail
https://www.prestigetime.com/Jaeger-LeCoultre-Master-Control-Chronograph-Calendar-40mm-4138420.html ||| no thumbnail
https://www.prestigetime.com/Jaeger-LeCoultre-Master-Control-Date-40mm-4018420.html ||| no thumbnail
https://www.prestigetime.com/Jaeger-LeCoultre-Master-Control-Geographic-40mm-4128420.html ||| no thumbnail
https://www.prestigetime.com/Jaeger-LeCoultre-Master-Control-Memovox-40mm-4118420.html ||| no thumbnail
https://www.prestigetime.com/Jaeger-LeCoultre-Master-Grande-Tradition-Tourbillon-Cylindrique-5082420.html ||| no thumbnail
https://www.prestigetime.com/Jaeger-LeCoultre-Master-Ultra-Thin-Small-Seconds-39mm-1218420.html ||| no thumbnail
https://www.prestigetime.com/Jaeger-LeCoultre-Rendez-Vous-Moon-36mm-3523490.html ||| no thumbnail
https://www.prestigetime.com/Jaeger-LeCoultre-Rendez-Vous-Moon-39mm-3532490.html ||| no thumbnail
https://www.prestigetime.com/Jaeger-LeCoultre-Rendez-Vous-Moon-39mm-3533490.html ||| no thumbnail
https://www.prestigetime.com/Jaeger-LeCoultre-Rendez-Vous-Night-Day-3612420.html ||| no thumbnail
https://www.prestigetime.com/Jaeger-LeCoultre-Rendez-Vous-Tourbillon-3413403.html ||| no thumbnail
https://www.prestigetime.com/Jaeger-LeCoultre-Rendez-Vous-Tourbillon-3413408.html ||| no thumbnail
https://www.prestigetime.com/Longines-Symphonette-L2-305-5-83-7-L23055837.html ||| no thumbnail
https://www.prestigetime.com/Panerai-Luminor-1950-8-Days-GMT-Manual-Wind-44mm-pam00576.html ||| no thumbnail
https://www.prestigetime.com/Panerai-Luminor-8-Days-Power-Reserve-44mm-pam00797.html ||| no thumbnail
https://www.prestigetime.com/Panerai-Luminor-Due-3-Days-42mm-pam00677.html ||| no thumbnail
https://www.prestigetime.com/Panerai-Luminor-Due-38mm-pam00903.html ||| no thumbnail
https://www.prestigetime.com/Panerai-Luminor-Due-42mm-pam00904.html ||| no thumbnail
https://www.prestigetime.com/Panerai-Luminor-Due-42mm-pam01046.html ||| no thumbnail
https://www.prestigetime.com/Panerai-Luminor-Due-45mm-pam00674.html ||| no thumbnail
https://www.prestigetime.com/Panerai-Luminor-Marina-1950-3-Days-Automatic-42mm-pam01028.html ||| no thumbnail
https://www.prestigetime.com/Panerai-Radiomir-1940-3-Days-47mm-pam00736.html ||| no thumbnail
https://www.prestigetime.com/Panerai-Radiomir-42mm-pam00574.html ||| no thumbnail
https://www.prestigetime.com/Panerai-Radiomir-45mm-pam00619.html ||| no thumbnail
https://www.prestigetime.com/Panerai-Radiomir-Black-Seal-Logo-45mm-pam00754.html ||| no thumbnail
https://www.prestigetime.com/Panerai-Radiomir-S-L-C-3-Days-47mm-pam00424-California.html ||| no thumbnail
https://www.prestigetime.com/Panerai-Radiomir-SLC-3-Days-47mm-pam00425.html ||| no thumbnail
https://www.prestigetime.com/Panerai-Submersible-42mm-pam00974-GTIN-PT-7431156762772.html ||| no thumbnail
https://www.prestigetime.com/Panerai-Submersible-47mm-pam01616-CARBOTECH.html ||| 404
https://www.prestigetime.com/Piaget-Altiplano-Automatic-34mm-g0a40105.html ||| no thumbnail
https://www.prestigetime.com/Piaget-Altiplano-Skeleton-Automatic-38mm-g0a37132.html ||| no thumbnail
https://www.prestigetime.com/Rolex-Lady-Datejust-28mm-Everose-Gold-279135RBR-Pave-Chocolate-Roman-Jubilee.html ||| no thumbnail
https://www.prestigetime.com/Rolex-Lady-Datejust-28mm-Everose-Gold-279135RBR-Pave-Chocolate-Roman-President.html ||| no thumbnail
https://www.prestigetime.com/Rolex-Lady-Datejust-28mm-Everose-Gold-279135RBR-White-Roman-Jubilee.html ||| no thumbnail
https://www.prestigetime.com/Rolex-Lady-Datejust-28mm-Everose-Gold-279135RBR-White-Roman-President.html ||| no thumbnail
https://www.prestigetime.com/Rolex-Lady-Datejust-28mm-Everose-Gold-279175-Pave-Chocolate-Roman-Jubilee.html ||| no thumbnail
https://www.prestigetime.com/Rolex-Lady-Datejust-28mm-Everose-Gold-279175-Pave-Chocolate-Roman-President.html ||| no thumbnail
https://www.prestigetime.com/Rolex-Lady-Datejust-28mm-Everose-Gold-279175-White-Roman-Jubilee.html ||| no thumbnail
https://www.prestigetime.com/Rolex-Lady-Datejust-28mm-Everose-Gold-279175-White-Roman-President.html ||| no thumbnail
https://www.prestigetime.com/Vacheron-Constantin-FiftySix-Automatic-40mm-4600e-110a-b487.html ||| no thumbnail
https://www.prestigetime.com/Vacheron-Constantin-FiftySix-Complete-Calendar-40mm-4000e-000a-b548.html ||| no thumbnail
https://www.prestigetime.com/Vacheron-Constantin-Malter-Tourbillon-30130-000r-9754.html ||| no thumbnail
https://www.prestigetime.com/Vacheron-Constantin-Patrimony-Retrograde-Day-Date-4000u-000g-b112.html ||| no thumbnail
https://www.prestigetime.com/Vacheron-Constantin-Patrimony-Retrograde-Day-Date-4000u-000r-b110.html ||| no thumbnail
https://www.prestigetime.com/Vacheron-Constantin-Patrimony-Retrograde-Day-Date-4000u-000r-b111.html ||| no thumbnail
https://www.prestigetime.com/Zenith-Chronomaster-El-Primero-Skeleton-03-2522-400-69-m2280.html ||| no thumbnail
https://www.prestigetime.com/item/A-Lange-Sohne/1815-Chronograph-39-5mm/402.032.html ||| no thumbnail
https://www.prestigetime.com/item/A-Lange-Sohne/1815-Rattrapante-Perpetual-Calendar-41-9mm/421.025.html ||| no thumbnail
https://www.prestigetime.com/item/A-Lange-Sohne/1815-Rattrapante-Perpetual-Calendar-41-9mm/421.032.html ||| no thumbnail
https://www.prestigetime.com/item/A-Lange-Sohne/1815-Tourbillon-Manual-Wind-39-5mm/730.032.html ||| no thumbnail
https://www.prestigetime.com/item/A-Lange-Sohne/Datograph-Perpetual-41mm/410.032.html ||| no thumbnail
https://www.prestigetime.com/item/A-Lange-Sohne/Double-Split-43-2mm/404.032.html ||| no thumbnail
https://www.prestigetime.com/item/A-Lange-Sohne/Grand-Lange-1-Moonphase-41mm/139.021.html ||| no thumbnail
https://www.prestigetime.com/item/A-Lange-Sohne/Grand-Lange-1-Moonphase-41mm/139.032.html ||| no thumbnail
https://www.prestigetime.com/item/A-Lange-Sohne/Lange-1-Daymatic-39-5mm/320.025.html ||| no thumbnail
https://www.prestigetime.com/item/A-Lange-Sohne/Lange-1-Daymatic-39-5mm/320.032.html ||| no thumbnail
https://www.prestigetime.com/item/A-Lange-Sohne/Richard-Lange-Manual-Wind-38-5mm/232.025.html ||| no thumbnail
https://www.prestigetime.com/item/A-Lange-Sohne/Richard-Lange-Manual-Wind-38-5mm/232.032.html ||| no thumbnail
https://www.prestigetime.com/item/A-Lange-Sohne/Richard-Lange-Perpetual-Calendar-Terraluna-45-5mm/180.032.html ||| no thumbnail
https://www.prestigetime.com/item/A-Lange-Sohne/Saxonia-Annual-Calendar-38-5mm/330.025.html ||| no thumbnail
https://www.prestigetime.com/item/A-Lange-Sohne/Zeitwerk-Striking-Time-44-2mm/145.032.html ||| no thumbnail
https://www.prestigetime.com/item/Bulgari/Astrale-Cerchi-Quartz-36mm/ae36d2cbl.html ||| no thumbnail
https://www.prestigetime.com/item/Bulgari/Astrale-Cerchi-Quartz-36mm/aep36d2cwl.html ||| no thumbnail
https://www.prestigetime.com/item/Bulgari/BULGARI-BULGARI-Automatic-33mm/bbl33wss%7E12.html ||| no thumbnail
https://www.prestigetime.com/item/Bulgari/BVLGARI-BVLGARI-Automatic-37mm/102159.html ||| no thumbnail
https://www.prestigetime.com/item/Bulgari/BVLGARI-BVLGARI-Automatic-37mm/bbl37wspg%7E12.html ||| no thumbnail
https://www.prestigetime.com/item/Bulgari/BVLGARI-BVLGARI-Automatic-39mm/bb39wspgd.html ||| no thumbnail
https://www.prestigetime.com/item/Bulgari/BVLGARI-BVLGARI-Automatic-39mm/bb39wssd.html ||| no thumbnail
https://www.prestigetime.com/item/Bulgari/BVLGARI-BVLGARI-Automatic-39mm/bbp39wggd.html ||| no thumbnail
https://www.prestigetime.com/item/Bulgari/BVLGARI-BVLGARI-Automatic-41mm/bb41c3ssd.html ||| no thumbnail
https://www.prestigetime.com/item/Bulgari/Lucea-Automatic-33mm/102191.html ||| no thumbnail
https://www.prestigetime.com/item/Bulgari/Octo-Velocissimo-Chronograph-41mm/bgo41bsldch.html ||| no thumbnail
https://www.prestigetime.com/item/Bulgari/Octo-Velocissimo-Chronograph-41mm/bgop41bgldch.html ||| no thumbnail
https://www.prestigetime.com/item/Bulgari/Octo-Velocissimo-Chronograph-41mm/bgop41c11gldch.html ||| no thumbnail
https://www.prestigetime.com/item/Bulgari/Serpenti-Jewelery-Scaglie-26mm-/101787.html ||| no thumbnail
https://www.prestigetime.com/item/Bulgari/Serpenti-Jewelery-Scaglie-26mm-/101788.html ||| no thumbnail
https://www.prestigetime.com/item/Bulgari/Serpenti-Jewelery-Scaglie-26mm-/101790.html ||| no thumbnail
https://www.prestigetime.com/item/Bulgari/Serpenti-Jewelery-Scaglie-26mm-/spp26bgd1gbld1.2t.html ||| no thumbnail
https://www.prestigetime.com/item/Bulgari/Serpenti-Jewelery-Scaglie-26mm-/spp26bgd1gd2.2t.html ||| no thumbnail
https://www.prestigetime.com/item/Bulgari/Serpenti-Jewelery-Scaglie-26mm-/spp26bgd1gd2o.2t.html ||| no thumbnail
https://www.prestigetime.com/item/Bulgari/Serpenti-Jewelery-Scaglie-26mm-/spp26rgd1gd1rl.2t.html ||| no thumbnail
https://www.prestigetime.com/item/Bulgari/Serpenti-Jewelery-Scaglie-26mm-/spp26wgd1gd1.1t.html ||| no thumbnail
https://www.prestigetime.com/item/Bulgari/Serpenti-Jewelery-Scaglie-26mm-/spp26wgd1gd1w.1t.html ||| no thumbnail
https://www.prestigetime.com/item/Bulgari/Serpenti-Jewelery-Scaglie-26mm-/spp26wgd1gwld1.2t.html ||| no thumbnail
https://www.prestigetime.com/item/Bulgari/Serpenti-Jewelery-Scaglie-26mm-/spw26bgd1gd1o.2t.html ||| no thumbnail
https://www.prestigetime.com/item/Bulgari/Serpenti-Jewelery-Scaglie-26mm-/spw26wgd1gd2.2t.html ||| no thumbnail
https://www.prestigetime.com/item/Bulgari/Serpenti-Jewelery-Scaglie-26mm-/spw26wgd1gd2a.2t.html ||| no thumbnail
https://www.prestigetime.com/item/Bulgari/Serpenti-Spiga/sp35bsdbcsd1.1t.html ||| no thumbnail
https://www.prestigetime.com/item/Bulgari/Serpenti-Tubogas-35mm/101956.html ||| no thumbnail
https://www.prestigetime.com/item/Bulgari/Serpenti-Tubogas-35mm/sp35c6gdg.2t.html ||| no thumbnail
https://www.prestigetime.com/item/Bulgari/Serpenti-Tubogas-35mm/spw35d2gdg.1t.html ||| no thumbnail
https://www.prestigetime.com/item/Bulgari/Sotirio-Bulgari-Retrograde-Date-42mm/101707.html ||| no thumbnail
https://www.prestigetime.com/item/Cartier/Baignoire-Large/wb520003.html ||| no thumbnail
https://www.prestigetime.com/item/Cartier/Baignoire-Large/wb520005.html ||| no thumbnail
https://www.prestigetime.com/item/Cartier/Baignoire-Large/wb520009.html ||| no thumbnail
https://www.prestigetime.com/item/Cartier/Baignoire-Large/wb520010.html ||| no thumbnail
https://www.prestigetime.com/item/Cartier/Baignoire-Mini/w8000006.html ||| no thumbnail
https://www.prestigetime.com/item/Cartier/Baignoire-Mini/wb520025.html ||| no thumbnail
https://www.prestigetime.com/item/Cartier/Baignoire-Mini/wb520026.html ||| no thumbnail
https://www.prestigetime.com/item/Cartier/Baignoire-Mini/wb520028.html ||| no thumbnail
https://www.prestigetime.com/item/Cartier/Baignoire-Small/w8000005.html ||| no thumbnail
https://www.prestigetime.com/item/Cartier/Baignoire-Small/w8000008.html ||| no thumbnail
https://www.prestigetime.com/item/Cartier/Baignoire-Small/wb520002.html ||| no thumbnail
https://www.prestigetime.com/item/Cartier/Baignoire-Small/wb520004.html ||| no thumbnail
https://www.prestigetime.com/item/Cartier/Baignoire-Small/wb520006.html ||| no thumbnail
https://www.prestigetime.com/item/Cartier/Ballon-Bleu-33mm/we902047.html ||| no thumbnail
https://www.prestigetime.com/item/Cartier/Ballon-Bleu-33mm/we902048.html ||| no thumbnail
https://www.prestigetime.com/item/Cartier/Ballon-Bleu-40mm/we902055.html ||| no thumbnail
https://www.prestigetime.com/item/Cartier/Ballon-Bleu-40mm/we902056.html ||| no thumbnail
https://www.prestigetime.com/item/Cartier/Captive-de-Cartier/WG600006.html ||| no thumbnail
https://www.prestigetime.com/item/Cartier/Captive-de-Cartier/WG600007.html ||| no thumbnail
https://www.prestigetime.com/item/Cartier/Roadster/we500260.html ||| no thumbnail
https://www.prestigetime.com/item/Cartier/Ronde-Louis-Cartier/w6800251.html ||| no thumbnail
https://www.prestigetime.com/item/Cartier/Ronde-Louis-Cartier/wr000251.html ||| no thumbnail
https://www.prestigetime.com/item/Cartier/Ronde-Louis-Cartier/wr000351.html ||| no thumbnail
https://www.prestigetime.com/item/Cartier/Ronde-Louis-Cartier/wr000551.html ||| no thumbnail
https://www.prestigetime.com/item/Cartier/Ronde-Louis-Cartier/wr000651.html ||| no thumbnail
https://www.prestigetime.com/item/Cartier/Ronde-Louis-Cartier/wr007001.html ||| no thumbnail
https://www.prestigetime.com/item/Cartier/Rotonde-de-Cartier-Retrograde-Time-Zone/w1556240.html ||| no thumbnail
https://www.prestigetime.com/item/Cartier/Rotonde-de-Cartier-Retrograde-Time-Zone/w1556368.html ||| no thumbnail
https://www.prestigetime.com/item/Cartier/Tank-Americaine-Medium/wb710002.html ||| no thumbnail
https://www.prestigetime.com/item/Cartier/Tank-Americaine-Small/w26015k2.html ||| no thumbnail
https://www.prestigetime.com/item/Cartier/Tank-Americaine-Small/w26019L1.html ||| no thumbnail
https://www.prestigetime.com/item/Cartier/Tank-Americaine-Small/wb710014.html ||| no thumbnail
https://www.prestigetime.com/item/Cartier/Tank-Americaine-Small/wb710015.html ||| no thumbnail
https://www.prestigetime.com/item/Cartier/Tank-Francaise/we100231.html ||| no thumbnail
https://www.prestigetime.com/item/Cartier/Tank-Louis-Large/wt200006.html ||| no thumbnail
https://www.prestigetime.com/item/Cartier/Tank-Louise-XLarge/w1560003.html ||| no thumbnail
https://www.prestigetime.com/item/Cartier/Tank-MC/W5310026.html ||| no thumbnail
https://www.prestigetime.com/item/Cartier/Tank-MC/w5330005.html ||| no thumbnail
https://www.prestigetime.com/item/Cartier/Tank-MC/w5330008.html ||| no thumbnail
https://www.prestigetime.com/item/Cartier/Tankissime/w650018h.html ||| no thumbnail
https://www.prestigetime.com/item/Cartier/Tankissime/we70039h.html ||| no thumbnail
https://www.prestigetime.com/item/Cartier/Tortue-Medium/w1556362.html ||| no thumbnail
https://www.prestigetime.com/item/Cartier/Tortue-Medium/w1556363.html ||| no thumbnail
https://www.prestigetime.com/item/Cartier/Tortue-Medium/wa501008.html ||| no thumbnail
https://www.prestigetime.com/item/Cartier/Tortue-Medium/wa501009.html ||| no thumbnail
https://www.prestigetime.com/item/Cartier/Tortue-Small/w1556360.html ||| no thumbnail
https://www.prestigetime.com/item/Cartier/Tortue-Small/w1556361.html ||| no thumbnail
https://www.prestigetime.com/item/Cartier/Tortue-Small/w1556364.html ||| no thumbnail
https://www.prestigetime.com/item/Cartier/Tortue-Small/w1556365.html ||| no thumbnail
https://www.prestigetime.com/item/Cartier/Tortue-Small/wa501006.html ||| no thumbnail
https://www.prestigetime.com/item/Cartier/Tortue-Small/wa501007.html ||| no thumbnail
https://www.prestigetime.com/item/Cartier/Tortue-Small/wa501010.html ||| no thumbnail
https://www.prestigetime.com/item/Cartier/Tortue-Small/wa501011.html ||| no thumbnail
https://www.prestigetime.com/item/Hublot/Classic-Fusion-Chronograph-42mm/541.nx.9010.lr.1704.html ||| no thumbnail
https://www.prestigetime.com/item/IWC/Portofino-Midsize-Automatic-37mm/iw458107.html ||| no thumbnail
https://www.prestigetime.com/item/IWC/Portofino-Midsize-Automatic-Day-Night-37mm/iw459101.html ||| no thumbnail
https://www.prestigetime.com/item/IWC/Portofino-Midsize-Automatic-Day-Night-37mm/iw459102.html ||| no thumbnail
https://www.prestigetime.com/item/IWC/Portofino-Midsize-Automatic-Moonphase-37mm/iw459001.html ||| no thumbnail
https://www.prestigetime.com/item/IWC/Portofino-Midsize-Automatic-Moonphase-37mm/iw459002.html ||| no thumbnail
https://www.prestigetime.com/item/IWC/Portofino-Midsize-Automatic-Moonphase-37mm/iw459003.html ||| no thumbnail
https://www.prestigetime.com/item/IWC/Portofino-Midsize-Automatic-Moonphase-37mm/iw459004.html ||| no thumbnail
https://www.prestigetime.com/item/IWC/Portofino-Midsize-Automatic-Moonphase-37mm/iw459005.html ||| no thumbnail
https://www.prestigetime.com/item/IWC/Portugieser-Perpetual-Calendar-Perpetual-Double-Moonphase/iw503401.html ||| no thumbnail
https://www.prestigetime.com/item/IWC/Portugieser-Perpetual-Calendar-Perpetual-Double-Moonphase/iw503404.html ||| no thumbnail
https://www.prestigetime.com/item/IWC/Portugieser-Perpetual-Calendar-Perpetual-Single-Moonphase/iw503301.html ||| no thumbnail
https://www.prestigetime.com/item/IWC/Portugieser-Perpetual-Calendar-Perpetual-Single-Moonphase/iw503302.html ||| no thumbnail
https://www.prestigetime.com/item/IWC/Portuguese-Grande-Complication/IW377401.html ||| no thumbnail
https://www.prestigetime.com/item/IWC/Portuguese-Grande-Complication/IW377402.html ||| no thumbnail
https://www.prestigetime.com/item/Jaeger-LeCoultre/Duometre-a-Quantieme-Lunaire-40-5mm/6042521.html ||| no thumbnail
https://www.prestigetime.com/item/Jaeger-LeCoultre/Master-Grande-Tradition-Tourbillon-Cylindrique-Quantieme-Perpetual/5042520.html ||| no thumbnail
https://www.prestigetime.com/item/Jaeger-LeCoultre/Master-Tourbillon-41-5mm/1562421.html ||| no thumbnail
https://www.prestigetime.com/item/Jaeger-LeCoultre/Master-Tourbillon-41-5mm/1563480.html ||| no thumbnail
https://www.prestigetime.com/item/Jaeger-LeCoultre/Rendez-Vous-Perpetual-Calendar/3493420.html ||| no thumbnail
https://www.prestigetime.com/item/Jaquet-Droz/Petite-Heure-Minute-Heure-Astrale-39mm/j005014203.html ||| no thumbnail
https://www.prestigetime.com/item/Parmigiani/Tonda-Quator-Automatic-40mm/pfc272-1202400-ha1241.html ||| no thumbnail
https://www.prestigetime.com/item/Piaget/Limelight-Magic-Hour/g0a32099.html ||| no thumbnail
https://www.prestigetime.com/item/Piaget/Polo-Quartz-32mm/g0a36031.html ||| no thumbnail
https://www.prestigetime.com/item/Piaget/Polo-Quartz-32mm/g0a36231.html ||| no thumbnail
https://www.prestigetime.com/item/Tag-Heuer/Monaco-Automatic/TAG_Strap.html ||| no thumbnail
https://www.prestigetime.com/item/Vacheron-Constantin/Quai-de-L-Ile-Day-Date-Power-Reserve/85050%7E000r-i0p29.html ||| no thumbnail
https://www.prestigetime.com/item/Vacheron-Constantin/Traditionnelle-Calibre-2755/80172%7E000r-9300.html ||| no thumbnail
https://www.prestigetime.com/item/Vacheron-Constantin/Traditionnelle-Openworked-Automatic-38mm/43178%7E000g-9393.html ||| no thumbnail
https://www.prestigetime.com/item/Vacheron-Constantin/Traditionnelle-Openworked-Automatic-38mm/43578%7E000g-9393.html ||| no thumbnail
https://www.prestigetime.com/item/Vacheron-Constantin/Traditionnelle-Openworked-Manual-Wind-30mm/33158%7E000g-9394.html ||| no thumbnail
https://www.prestigetime.com/item/Vacheron-Constantin/Traditionnelle-Openworked-Manual-Wind-30mm/33558%7E000g-9394.html ||| no thumbnail
https://www.prestigetime.com/item/Vacheron-Constantin/Traditionnelle-Skeleton-Perpetual-Calendar-39mm/43172%7E000p-9236.html ||| no thumbnail
https://www.prestigetime.com/item/Vacheron-Constantin/Traditionnelle-Skeleton-Perpetual-Calendar-39mm/43172%7E000r-9241.html ||| no thumbnail
https://www.prestigetime.com/preowned/A-Lange-Sohne--Platinum_Deployant-101782 ||| no thumbnail
https://www.prestigetime.com/preowned/A-Lange-Sohne-1815-Up-Down-39mm-LIMITED-EDITION-234.049-52596 ||| no thumbnail
https://www.prestigetime.com/preowned/Audemars-Piguet-Jules-Audemars-Automatic-Chronograph-26100bc.oo.d002cr.01-27530 ||| no thumbnail
https://www.prestigetime.com/preowned/Breitling--235s_Blue_Twin_Pro_Rubber_With_Deployant-101347 ||| no thumbnail
https://www.prestigetime.com/preowned/Breitling--257s_Yellow_Military_Rubber_With_Deployant-101492 ||| no thumbnail
https://www.prestigetime.com/preowned/Breitling--438X.A20D.1_Dark_Brown_Calfskin_-_Steel_Deployant_Buckle-101348 ||| no thumbnail
https://www.prestigetime.com/preowned/Hermes--Black_Alligator-101349 ||| no thumbnail
https://www.prestigetime.com/preowned/Jaeger-LeCoultre--Reverso_-_Boxed_set-101578 ||| no thumbnail
https://www.prestigetime.com/preowned/Jaeger-LeCoultre--Reverso_Classic_Small-101777 ||| no thumbnail
https://www.prestigetime.com/preowned/Jaeger-LeCoultre--Stainless_Steel-101577 ||| no thumbnail
https://www.prestigetime.com/preowned/Nomos-Glashutte--Black_Horween_Genuine_Shell_Cordovan-101365 ||| no thumbnail
https://www.prestigetime.com/preowned/Nomos-Glashutte--Black_Horween_Genuine_Shell_Cordovan-101781 ||| no thumbnail
https://www.prestigetime.com/preowned/Nomos-Glashutte--Blue_Black_Woven_Textile-101490 ||| no thumbnail
https://www.prestigetime.com/preowned/Nomos-Glashutte--Light_Grey_Woven_Textile-101350 ||| no thumbnail
https://www.prestigetime.com/preowned/Omega-De-Ville-Central-Tourbillon-5933.30.32-45643 ||| no thumbnail
https://www.prestigetime.com/preowned/Oris--Deployant_Buckle-101489 ||| no thumbnail
https://www.prestigetime.com/preowned/Panerai--Black_Ceramic_Bracelet-101786 ||| no thumbnail
https://www.prestigetime.com/preowned/Panerai-Mare-Nostrum-42mm-pam00716-39706 ||| no thumbnail
https://www.prestigetime.com/preowned/Patek-Philippe--Travel_Time_Caliber_324-101494 ||| no thumbnail
https://www.prestigetime.com/preowned/Richard-Mille--Navy_Blue_Rubber_for_RM_67-01-101682 ||| no thumbnail
https://www.prestigetime.com/preowned/Richard-Mille--White_Blue_Rubber_for_RM_67-01-101683 ||| no thumbnail
https://www.prestigetime.com/preowned/Rolex--Steel_Link-101783 ||| no thumbnail
https://www.prestigetime.com/preowned/Rolex--Steel_Link-101784 ||| no thumbnail
https://www.prestigetime.com/preowned/Rolex-GMT-Master-II-PEPSI-126710blro-54051 ||| no thumbnail
