https://www.rolex.com/watches/cosmograph-daytona/m116503-0011.html ||| https://content.rolex.com/dam/2021/upright-bba/m116503-0011.png ||| /Users/lcchai/Work/assets/official/rolex/m116503-0011.png
https://www.rolex.com/watches/cosmograph-daytona/m116505-0014.html ||| https://content.rolex.com/dam/2021/upright-bba/m116505-0014.png ||| /Users/lcchai/Work/assets/official/rolex/m116505-0014.png
https://www.rolex.com/watches/cosmograph-daytona/m116505-0015.html ||| https://content.rolex.com/dam/2021/upright-bba/m116505-0015.png ||| /Users/lcchai/Work/assets/official/rolex/m116505-0015.png
https://www.rolex.com/watches/cosmograph-daytona/m116505-0016.html ||| https://content.rolex.com/dam/2021/upright-bba/m116505-0016.png ||| /Users/lcchai/Work/assets/official/rolex/m116505-0016.png
https://www.rolex.com/watches/cosmograph-daytona/m116505-0017.html ||| https://content.rolex.com/dam/2021/upright-bba/m116505-0017.png ||| /Users/lcchai/Work/assets/official/rolex/m116505-0017.png
https://www.rolex.com/watches/cosmograph-daytona/m116508-0015.html ||| https://content.rolex.com/dam/2021/upright-bba/m116508-0015.png ||| /Users/lcchai/Work/assets/official/rolex/m116508-0015.png
https://www.rolex.com/watches/cosmograph-daytona/m116508-0016.html ||| https://content.rolex.com/dam/2021/upright-bba/m116508-0016.png ||| /Users/lcchai/Work/assets/official/rolex/m116508-0016.png
https://www.rolex.com/watches/cosmograph-daytona/m116509-0073.html ||| https://content.rolex.com/dam/2021/upright-bba/m116509-0073.png ||| /Users/lcchai/Work/assets/official/rolex/m116509-0073.png
https://www.rolex.com/watches/cosmograph-daytona/m116515ln-0055.html ||| https://content.rolex.com/dam/2021/upright-bba/m116515ln-0055.png ||| /Users/lcchai/Work/assets/official/rolex/m116515ln-0055.png
https://www.rolex.com/watches/cosmograph-daytona/m116515ln-0057.html ||| https://content.rolex.com/dam/2021/upright-bba/m116515ln-0057.png ||| /Users/lcchai/Work/assets/official/rolex/m116515ln-0057.png
https://www.rolex.com/watches/cosmograph-daytona/m116515ln-0059.html ||| https://content.rolex.com/dam/2021/upright-bba/m116515ln-0059.png ||| /Users/lcchai/Work/assets/official/rolex/m116515ln-0059.png
https://www.rolex.com/watches/cosmograph-daytona/m116515ln-0061.html ||| https://content.rolex.com/dam/2021/upright-bba/m116515ln-0061.png ||| /Users/lcchai/Work/assets/official/rolex/m116515ln-0061.png
https://www.rolex.com/watches/cosmograph-daytona/m116518ln-0076.html ||| https://content.rolex.com/dam/2021/upright-bba/m116518ln-0076.png ||| /Users/lcchai/Work/assets/official/rolex/m116518ln-0076.png
https://www.rolex.com/watches/cosmograph-daytona/m116518ln-0078.html ||| https://content.rolex.com/dam/2021/upright-bba/m116518ln-0078.png ||| /Users/lcchai/Work/assets/official/rolex/m116518ln-0078.png
https://www.rolex.com/watches/cosmograph-daytona/m116519ln-0038.html ||| https://content.rolex.com/dam/2021/upright-bba/m116519ln-0038.png ||| /Users/lcchai/Work/assets/official/rolex/m116519ln-0038.png
https://www.rolex.com/watches/datejust/m126200-0017.html ||| https://content.rolex.com/dam/2021/upright-bba/m126200-0017.png ||| /Users/lcchai/Work/assets/official/rolex/m126200-0017.png
https://www.rolex.com/watches/datejust/m126200-0018.html ||| https://content.rolex.com/dam/2021/upright-bba/m126200-0018.png ||| /Users/lcchai/Work/assets/official/rolex/m126200-0018.png
https://www.rolex.com/watches/datejust/m126200-0019.html ||| https://content.rolex.com/dam/2021/upright-bba/m126200-0019.png ||| /Users/lcchai/Work/assets/official/rolex/m126200-0019.png
https://www.rolex.com/watches/datejust/m126200-0020.html ||| https://content.rolex.com/dam/2021/upright-bba/m126200-0020.png ||| /Users/lcchai/Work/assets/official/rolex/m126200-0020.png
https://www.rolex.com/watches/datejust/m126200-0021.html ||| https://content.rolex.com/dam/2021/upright-bba/m126200-0021.png ||| /Users/lcchai/Work/assets/official/rolex/m126200-0021.png
https://www.rolex.com/watches/datejust/m126200-0022.html ||| https://content.rolex.com/dam/2021/upright-bba/m126200-0022.png ||| /Users/lcchai/Work/assets/official/rolex/m126200-0022.png
https://www.rolex.com/watches/datejust/m126201-0029.html ||| https://content.rolex.com/dam/2021/upright-bba/m126201-0029.png ||| /Users/lcchai/Work/assets/official/rolex/m126201-0029.png
https://www.rolex.com/watches/datejust/m126201-0030.html ||| https://content.rolex.com/dam/2021/upright-bba/m126201-0030.png ||| /Users/lcchai/Work/assets/official/rolex/m126201-0030.png
https://www.rolex.com/watches/datejust/m126201-0031.html ||| https://content.rolex.com/dam/2021/upright-bba/m126201-0031.png ||| /Users/lcchai/Work/assets/official/rolex/m126201-0031.png
https://www.rolex.com/watches/datejust/m126201-0032.html ||| https://content.rolex.com/dam/2021/upright-bba/m126201-0032.png ||| /Users/lcchai/Work/assets/official/rolex/m126201-0032.png
https://www.rolex.com/watches/datejust/m126201-0033.html ||| https://content.rolex.com/dam/2021/upright-bba/m126201-0033.png ||| /Users/lcchai/Work/assets/official/rolex/m126201-0033.png
https://www.rolex.com/watches/datejust/m126201-0034.html ||| https://content.rolex.com/dam/2021/upright-bba/m126201-0034.png ||| /Users/lcchai/Work/assets/official/rolex/m126201-0034.png
https://www.rolex.com/watches/datejust/m126203-0035.html ||| https://content.rolex.com/dam/2021/upright-bba/m126203-0035.png ||| /Users/lcchai/Work/assets/official/rolex/m126203-0035.png
https://www.rolex.com/watches/datejust/m126203-0036.html ||| https://content.rolex.com/dam/2021/upright-bba/m126203-0036.png ||| /Users/lcchai/Work/assets/official/rolex/m126203-0036.png
https://www.rolex.com/watches/datejust/m126203-0037.html ||| https://content.rolex.com/dam/2021/upright-bba/m126203-0037.png ||| /Users/lcchai/Work/assets/official/rolex/m126203-0037.png
https://www.rolex.com/watches/datejust/m126203-0038.html ||| https://content.rolex.com/dam/2021/upright-bba/m126203-0038.png ||| /Users/lcchai/Work/assets/official/rolex/m126203-0038.png
https://www.rolex.com/watches/datejust/m126203-0039.html ||| https://content.rolex.com/dam/2021/upright-bba/m126203-0039.png ||| /Users/lcchai/Work/assets/official/rolex/m126203-0039.png
https://www.rolex.com/watches/datejust/m126203-0040.html ||| https://content.rolex.com/dam/2021/upright-bba/m126203-0040.png ||| /Users/lcchai/Work/assets/official/rolex/m126203-0040.png
https://www.rolex.com/watches/datejust/m126231-0029.html ||| https://content.rolex.com/dam/2021/upright-bba/m126231-0029.png ||| /Users/lcchai/Work/assets/official/rolex/m126231-0029.png
https://www.rolex.com/watches/datejust/m126231-0030.html ||| https://content.rolex.com/dam/2021/upright-bba/m126231-0030.png ||| /Users/lcchai/Work/assets/official/rolex/m126231-0030.png
https://www.rolex.com/watches/datejust/m126231-0031.html ||| https://content.rolex.com/dam/2021/upright-bba/m126231-0031.png ||| /Users/lcchai/Work/assets/official/rolex/m126231-0031.png
https://www.rolex.com/watches/datejust/m126231-0032.html ||| https://content.rolex.com/dam/2021/upright-bba/m126231-0032.png ||| /Users/lcchai/Work/assets/official/rolex/m126231-0032.png
https://www.rolex.com/watches/datejust/m126231-0033.html ||| https://content.rolex.com/dam/2021/upright-bba/m126231-0033.png ||| /Users/lcchai/Work/assets/official/rolex/m126231-0033.png
https://www.rolex.com/watches/datejust/m126231-0034.html ||| https://content.rolex.com/dam/2021/upright-bba/m126231-0034.png ||| /Users/lcchai/Work/assets/official/rolex/m126231-0034.png
https://www.rolex.com/watches/datejust/m126233-0035.html ||| https://content.rolex.com/dam/2021/upright-bba/m126233-0035.png ||| /Users/lcchai/Work/assets/official/rolex/m126233-0035.png
https://www.rolex.com/watches/datejust/m126233-0036.html ||| https://content.rolex.com/dam/2021/upright-bba/m126233-0036.png ||| /Users/lcchai/Work/assets/official/rolex/m126233-0036.png
https://www.rolex.com/watches/datejust/m126233-0037.html ||| https://content.rolex.com/dam/2021/upright-bba/m126233-0037.png ||| /Users/lcchai/Work/assets/official/rolex/m126233-0037.png
https://www.rolex.com/watches/datejust/m126233-0038.html ||| https://content.rolex.com/dam/2021/upright-bba/m126233-0038.png ||| /Users/lcchai/Work/assets/official/rolex/m126233-0038.png
https://www.rolex.com/watches/datejust/m126233-0039.html ||| https://content.rolex.com/dam/2021/upright-bba/m126233-0039.png ||| /Users/lcchai/Work/assets/official/rolex/m126233-0039.png
https://www.rolex.com/watches/datejust/m126233-0040.html ||| https://content.rolex.com/dam/2021/upright-bba/m126233-0040.png ||| /Users/lcchai/Work/assets/official/rolex/m126233-0040.png
https://www.rolex.com/watches/datejust/m126234-0045.html ||| https://content.rolex.com/dam/2021/upright-bba/m126234-0045.png ||| /Users/lcchai/Work/assets/official/rolex/m126234-0045.png
https://www.rolex.com/watches/datejust/m126234-0046.html ||| https://content.rolex.com/dam/2021/upright-bba/m126234-0046.png ||| /Users/lcchai/Work/assets/official/rolex/m126234-0046.png
https://www.rolex.com/watches/datejust/m126234-0047.html ||| https://content.rolex.com/dam/2021/upright-bba/m126234-0047.png ||| /Users/lcchai/Work/assets/official/rolex/m126234-0047.png
https://www.rolex.com/watches/datejust/m126234-0048.html ||| https://content.rolex.com/dam/2021/upright-bba/m126234-0048.png ||| /Users/lcchai/Work/assets/official/rolex/m126234-0048.png
https://www.rolex.com/watches/datejust/m126234-0049.html ||| https://content.rolex.com/dam/2021/upright-bba/m126234-0049.png ||| /Users/lcchai/Work/assets/official/rolex/m126234-0049.png
https://www.rolex.com/watches/datejust/m126234-0050.html ||| https://content.rolex.com/dam/2021/upright-bba/m126234-0050.png ||| /Users/lcchai/Work/assets/official/rolex/m126234-0050.png
https://www.rolex.com/watches/datejust/m126281rbr-0017.html ||| https://content.rolex.com/dam/2021/upright-bba/m126281rbr-0017.png ||| /Users/lcchai/Work/assets/official/rolex/m126281rbr-0017.png
https://www.rolex.com/watches/datejust/m126281rbr-0018.html ||| https://content.rolex.com/dam/2021/upright-bba/m126281rbr-0018.png ||| /Users/lcchai/Work/assets/official/rolex/m126281rbr-0018.png
https://www.rolex.com/watches/datejust/m126281rbr-0019.html ||| https://content.rolex.com/dam/2021/upright-bba/m126281rbr-0019.png ||| /Users/lcchai/Work/assets/official/rolex/m126281rbr-0019.png
https://www.rolex.com/watches/datejust/m126281rbr-0020.html ||| https://content.rolex.com/dam/2021/upright-bba/m126281rbr-0020.png ||| /Users/lcchai/Work/assets/official/rolex/m126281rbr-0020.png
https://www.rolex.com/watches/datejust/m126281rbr-0021.html ||| https://content.rolex.com/dam/2021/upright-bba/m126281rbr-0021.png ||| /Users/lcchai/Work/assets/official/rolex/m126281rbr-0021.png
https://www.rolex.com/watches/datejust/m126281rbr-0022.html ||| https://content.rolex.com/dam/2021/upright-bba/m126281rbr-0022.png ||| /Users/lcchai/Work/assets/official/rolex/m126281rbr-0022.png
https://www.rolex.com/watches/datejust/m126283rbr-0021.html ||| https://content.rolex.com/dam/2021/upright-bba/m126283rbr-0021.png ||| /Users/lcchai/Work/assets/official/rolex/m126283rbr-0021.png
https://www.rolex.com/watches/datejust/m126283rbr-0022.html ||| https://content.rolex.com/dam/2021/upright-bba/m126283rbr-0022.png ||| /Users/lcchai/Work/assets/official/rolex/m126283rbr-0022.png
https://www.rolex.com/watches/datejust/m126283rbr-0023.html ||| https://content.rolex.com/dam/2021/upright-bba/m126283rbr-0023.png ||| /Users/lcchai/Work/assets/official/rolex/m126283rbr-0023.png
https://www.rolex.com/watches/datejust/m126283rbr-0024.html ||| https://content.rolex.com/dam/2021/upright-bba/m126283rbr-0024.png ||| /Users/lcchai/Work/assets/official/rolex/m126283rbr-0024.png
https://www.rolex.com/watches/datejust/m126283rbr-0025.html ||| https://content.rolex.com/dam/2021/upright-bba/m126283rbr-0025.png ||| /Users/lcchai/Work/assets/official/rolex/m126283rbr-0025.png
https://www.rolex.com/watches/datejust/m126283rbr-0026.html ||| https://content.rolex.com/dam/2021/upright-bba/m126283rbr-0026.png ||| /Users/lcchai/Work/assets/official/rolex/m126283rbr-0026.png
https://www.rolex.com/watches/datejust/m126284rbr-0037.html ||| https://content.rolex.com/dam/2021/upright-bba/m126284rbr-0037.png ||| /Users/lcchai/Work/assets/official/rolex/m126284rbr-0037.png
https://www.rolex.com/watches/datejust/m126284rbr-0038.html ||| https://content.rolex.com/dam/2021/upright-bba/m126284rbr-0038.png ||| /Users/lcchai/Work/assets/official/rolex/m126284rbr-0038.png
https://www.rolex.com/watches/datejust/m126284rbr-0039.html ||| https://content.rolex.com/dam/2021/upright-bba/m126284rbr-0039.png ||| /Users/lcchai/Work/assets/official/rolex/m126284rbr-0039.png
https://www.rolex.com/watches/datejust/m126284rbr-0040.html ||| https://content.rolex.com/dam/2021/upright-bba/m126284rbr-0040.png ||| /Users/lcchai/Work/assets/official/rolex/m126284rbr-0040.png
https://www.rolex.com/watches/datejust/m126284rbr-0041.html ||| https://content.rolex.com/dam/2021/upright-bba/m126284rbr-0041.png ||| /Users/lcchai/Work/assets/official/rolex/m126284rbr-0041.png
https://www.rolex.com/watches/datejust/m126284rbr-0042.html ||| https://content.rolex.com/dam/2021/upright-bba/m126284rbr-0042.png ||| /Users/lcchai/Work/assets/official/rolex/m126284rbr-0042.png
https://www.rolex.com/watches/datejust/m278240-0017.html ||| https://content.rolex.com/dam/2021/upright-bba/m278240-0017.png ||| /Users/lcchai/Work/assets/official/rolex/m278240-0017.png
https://www.rolex.com/watches/datejust/m278240-0018.html ||| https://content.rolex.com/dam/2021/upright-bba/m278240-0018.png ||| /Users/lcchai/Work/assets/official/rolex/m278240-0018.png
https://www.rolex.com/watches/datejust/m278274-0033.html ||| https://content.rolex.com/dam/2021/upright-bba/m278274-0033.png ||| /Users/lcchai/Work/assets/official/rolex/m278274-0033.png
https://www.rolex.com/watches/datejust/m278274-0034.html ||| https://content.rolex.com/dam/2021/upright-bba/m278274-0034.png ||| /Users/lcchai/Work/assets/official/rolex/m278274-0034.png
https://www.rolex.com/watches/datejust/m278289rbr-0023.html ||| https://content.rolex.com/dam/2021/upright-bba/m278289rbr-0023.png ||| /Users/lcchai/Work/assets/official/rolex/m278289rbr-0023.png
https://www.rolex.com/watches/datejust/m278344rbr-0035.html ||| https://content.rolex.com/dam/2021/upright-bba/m278344rbr-0035.png ||| /Users/lcchai/Work/assets/official/rolex/m278344rbr-0035.png
https://www.rolex.com/watches/datejust/m278344rbr-0036.html ||| https://content.rolex.com/dam/2021/upright-bba/m278344rbr-0036.png ||| /Users/lcchai/Work/assets/official/rolex/m278344rbr-0036.png
https://www.rolex.com/watches/datejust/m278384rbr-0037.html ||| https://content.rolex.com/dam/2021/upright-bba/m278384rbr-0037.png ||| /Users/lcchai/Work/assets/official/rolex/m278384rbr-0037.png
https://www.rolex.com/watches/datejust/m278384rbr-0038.html ||| https://content.rolex.com/dam/2021/upright-bba/m278384rbr-0038.png ||| /Users/lcchai/Work/assets/official/rolex/m278384rbr-0038.png
https://www.rolex.com/watches/day-date/m128235-0041.html ||| https://content.rolex.com/dam/2021/upright-bba/m128235-0041.png ||| /Users/lcchai/Work/assets/official/rolex/m128235-0041.png
https://www.rolex.com/watches/day-date/m128235-0042.html ||| https://content.rolex.com/dam/2021/upright-bba/m128235-0042.png ||| /Users/lcchai/Work/assets/official/rolex/m128235-0042.png
https://www.rolex.com/watches/day-date/m128235-0052.html ||| https://content.rolex.com/dam/2021/upright-bba/m128235-0052.png ||| /Users/lcchai/Work/assets/official/rolex/m128235-0052.png
https://www.rolex.com/watches/day-date/m128235-0053.html ||| https://content.rolex.com/dam/2021/upright-bba/m128235-0053.png ||| /Users/lcchai/Work/assets/official/rolex/m128235-0053.png
https://www.rolex.com/watches/day-date/m128345rbr-0044.html ||| https://content.rolex.com/dam/2021/upright-bba/m128345rbr-0044.png ||| /Users/lcchai/Work/assets/official/rolex/m128345rbr-0044.png
https://www.rolex.com/watches/day-date/m128345rbr-0045.html ||| https://content.rolex.com/dam/2021/upright-bba/m128345rbr-0045.png ||| /Users/lcchai/Work/assets/official/rolex/m128345rbr-0045.png
https://www.rolex.com/watches/day-date/m128345rbr-0054.html ||| https://content.rolex.com/dam/2021/upright-bba/m128345rbr-0054.png ||| /Users/lcchai/Work/assets/official/rolex/m128345rbr-0054.png
https://www.rolex.com/watches/day-date/m128345rbr-0055.html ||| https://content.rolex.com/dam/2021/upright-bba/m128345rbr-0055.png ||| /Users/lcchai/Work/assets/official/rolex/m128345rbr-0055.png
https://www.rolex.com/watches/day-date/m228206-0044.html ||| https://content.rolex.com/dam/2021/upright-bba/m228206-0044.png ||| /Users/lcchai/Work/assets/official/rolex/m228206-0044.png
https://www.rolex.com/watches/day-date/m228206-0045.html ||| https://content.rolex.com/dam/2021/upright-bba/m228206-0045.png ||| /Users/lcchai/Work/assets/official/rolex/m228206-0045.png
https://www.rolex.com/watches/day-date/m228235-0045.html ||| https://content.rolex.com/dam/2021/upright-bba/m228235-0045.png ||| /Users/lcchai/Work/assets/official/rolex/m228235-0045.png
https://www.rolex.com/watches/day-date/m228239-0060.html ||| https://content.rolex.com/dam/2021/upright-bba/m228239-0060.png ||| /Users/lcchai/Work/assets/official/rolex/m228239-0060.png
https://www.rolex.com/watches/day-date/m228345rbr-0016.html ||| https://content.rolex.com/dam/2021/upright-bba/m228345rbr-0016.png ||| /Users/lcchai/Work/assets/official/rolex/m228345rbr-0016.png
https://www.rolex.com/watches/day-date/m228349rbr-0041.html ||| https://content.rolex.com/dam/2021/upright-bba/m228349rbr-0041.png ||| /Users/lcchai/Work/assets/official/rolex/m228349rbr-0041.png
https://www.rolex.com/watches/day-date/m228396tbr-0030.html ||| https://content.rolex.com/dam/2021/upright-bba/m228396tbr-0030.png ||| /Users/lcchai/Work/assets/official/rolex/m228396tbr-0030.png
https://www.rolex.com/watches/day-date/m228396tbr-0031.html ||| https://content.rolex.com/dam/2021/upright-bba/m228396tbr-0031.png ||| /Users/lcchai/Work/assets/official/rolex/m228396tbr-0031.png
https://www.rolex.com/watches/explorer/m124270-0001.html ||| https://content.rolex.com/dam/2021/upright-bba/m124270-0001.png ||| /Users/lcchai/Work/assets/official/rolex/m124270-0001.png
https://www.rolex.com/watches/explorer/m124273-0001.html ||| https://content.rolex.com/dam/2021/upright-bba/m124273-0001.png ||| /Users/lcchai/Work/assets/official/rolex/m124273-0001.png
https://www.rolex.com/watches/explorer/m226570-0001.html ||| https://content.rolex.com/dam/2021/upright-bba/m226570-0001.png ||| /Users/lcchai/Work/assets/official/rolex/m226570-0001.png
https://www.rolex.com/watches/explorer/m226570-0002.html ||| https://content.rolex.com/dam/2021/upright-bba/m226570-0002.png ||| /Users/lcchai/Work/assets/official/rolex/m226570-0002.png
https://www.rolex.com/watches/gmt-master-ii/m126710blnr-0003.html ||| https://content.rolex.com/dam/2021/upright-bba/m126710blnr-0003.png ||| /Users/lcchai/Work/assets/official/rolex/m126710blnr-0003.png
https://www.rolex.com/watches/gmt-master-ii/m126710blro-0002.html ||| https://content.rolex.com/dam/2021/upright-bba/m126710blro-0002.png ||| /Users/lcchai/Work/assets/official/rolex/m126710blro-0002.png
https://www.rolex.com/watches/lady-datejust/m279135rbr-0025.html ||| https://content.rolex.com/dam/2021/upright-bba/m279135rbr-0025.png ||| /Users/lcchai/Work/assets/official/rolex/m279135rbr-0025.png
https://www.rolex.com/watches/lady-datejust/m279135rbr-0026.html ||| https://content.rolex.com/dam/2021/upright-bba/m279135rbr-0026.png ||| /Users/lcchai/Work/assets/official/rolex/m279135rbr-0026.png
https://www.rolex.com/watches/lady-datejust/m279135rbr-0027.html ||| https://content.rolex.com/dam/2021/upright-bba/m279135rbr-0027.png ||| /Users/lcchai/Work/assets/official/rolex/m279135rbr-0027.png
https://www.rolex.com/watches/lady-datejust/m279135rbr-0028.html ||| https://content.rolex.com/dam/2021/upright-bba/m279135rbr-0028.png ||| /Users/lcchai/Work/assets/official/rolex/m279135rbr-0028.png
https://www.rolex.com/watches/lady-datejust/m279135rbr-0029.html ||| https://content.rolex.com/dam/2021/upright-bba/m279135rbr-0029.png ||| /Users/lcchai/Work/assets/official/rolex/m279135rbr-0029.png
https://www.rolex.com/watches/lady-datejust/m279135rbr-0030.html ||| https://content.rolex.com/dam/2021/upright-bba/m279135rbr-0030.png ||| /Users/lcchai/Work/assets/official/rolex/m279135rbr-0030.png
https://www.rolex.com/watches/lady-datejust/m279161-0023.html ||| https://content.rolex.com/dam/2021/upright-bba/m279161-0023.png ||| /Users/lcchai/Work/assets/official/rolex/m279161-0023.png
https://www.rolex.com/watches/lady-datejust/m279161-0024.html ||| https://content.rolex.com/dam/2021/upright-bba/m279161-0024.png ||| /Users/lcchai/Work/assets/official/rolex/m279161-0024.png
https://www.rolex.com/watches/lady-datejust/m279161-0025.html ||| https://content.rolex.com/dam/2021/upright-bba/m279161-0025.png ||| /Users/lcchai/Work/assets/official/rolex/m279161-0025.png
https://www.rolex.com/watches/lady-datejust/m279161-0026.html ||| https://content.rolex.com/dam/2021/upright-bba/m279161-0026.png ||| /Users/lcchai/Work/assets/official/rolex/m279161-0026.png
https://www.rolex.com/watches/lady-datejust/m279161-0027.html ||| https://content.rolex.com/dam/2021/upright-bba/m279161-0027.png ||| /Users/lcchai/Work/assets/official/rolex/m279161-0027.png
https://www.rolex.com/watches/lady-datejust/m279161-0028.html ||| https://content.rolex.com/dam/2021/upright-bba/m279161-0028.png ||| /Users/lcchai/Work/assets/official/rolex/m279161-0028.png
https://www.rolex.com/watches/lady-datejust/m279171-0023.html ||| https://content.rolex.com/dam/2021/upright-bba/m279171-0023.png ||| /Users/lcchai/Work/assets/official/rolex/m279171-0023.png
https://www.rolex.com/watches/lady-datejust/m279171-0024.html ||| https://content.rolex.com/dam/2021/upright-bba/m279171-0024.png ||| /Users/lcchai/Work/assets/official/rolex/m279171-0024.png
https://www.rolex.com/watches/lady-datejust/m279171-0025.html ||| https://content.rolex.com/dam/2021/upright-bba/m279171-0025.png ||| /Users/lcchai/Work/assets/official/rolex/m279171-0025.png
https://www.rolex.com/watches/lady-datejust/m279171-0026.html ||| https://content.rolex.com/dam/2021/upright-bba/m279171-0026.png ||| /Users/lcchai/Work/assets/official/rolex/m279171-0026.png
https://www.rolex.com/watches/lady-datejust/m279171-0027.html ||| https://content.rolex.com/dam/2021/upright-bba/m279171-0027.png ||| /Users/lcchai/Work/assets/official/rolex/m279171-0027.png
https://www.rolex.com/watches/lady-datejust/m279171-0028.html ||| https://content.rolex.com/dam/2021/upright-bba/m279171-0028.png ||| /Users/lcchai/Work/assets/official/rolex/m279171-0028.png
https://www.rolex.com/watches/lady-datejust/m279175-0025.html ||| https://content.rolex.com/dam/2021/upright-bba/m279175-0025.png ||| /Users/lcchai/Work/assets/official/rolex/m279175-0025.png
https://www.rolex.com/watches/lady-datejust/m279175-0026.html ||| https://content.rolex.com/dam/2021/upright-bba/m279175-0026.png ||| /Users/lcchai/Work/assets/official/rolex/m279175-0026.png
https://www.rolex.com/watches/lady-datejust/m279175-0027.html ||| https://content.rolex.com/dam/2021/upright-bba/m279175-0027.png ||| /Users/lcchai/Work/assets/official/rolex/m279175-0027.png
https://www.rolex.com/watches/lady-datejust/m279175-0028.html ||| https://content.rolex.com/dam/2021/upright-bba/m279175-0028.png ||| /Users/lcchai/Work/assets/official/rolex/m279175-0028.png
https://www.rolex.com/watches/lady-datejust/m279175-0029.html ||| https://content.rolex.com/dam/2021/upright-bba/m279175-0029.png ||| /Users/lcchai/Work/assets/official/rolex/m279175-0029.png
https://www.rolex.com/watches/lady-datejust/m279175-0030.html ||| https://content.rolex.com/dam/2021/upright-bba/m279175-0030.png ||| /Users/lcchai/Work/assets/official/rolex/m279175-0030.png
https://www.rolex.com/watches/lady-datejust/m279381rbr-0023.html ||| https://content.rolex.com/dam/2021/upright-bba/m279381rbr-0023.png ||| /Users/lcchai/Work/assets/official/rolex/m279381rbr-0023.png
https://www.rolex.com/watches/lady-datejust/m279381rbr-0024.html ||| https://content.rolex.com/dam/2021/upright-bba/m279381rbr-0024.png ||| /Users/lcchai/Work/assets/official/rolex/m279381rbr-0024.png
https://www.rolex.com/watches/lady-datejust/m279381rbr-0025.html ||| https://content.rolex.com/dam/2021/upright-bba/m279381rbr-0025.png ||| /Users/lcchai/Work/assets/official/rolex/m279381rbr-0025.png
https://www.rolex.com/watches/lady-datejust/m279381rbr-0026.html ||| https://content.rolex.com/dam/2021/upright-bba/m279381rbr-0026.png ||| /Users/lcchai/Work/assets/official/rolex/m279381rbr-0026.png
https://www.rolex.com/watches/lady-datejust/m279381rbr-0027.html ||| https://content.rolex.com/dam/2021/upright-bba/m279381rbr-0027.png ||| /Users/lcchai/Work/assets/official/rolex/m279381rbr-0027.png
https://www.rolex.com/watches/lady-datejust/m279381rbr-0028.html ||| https://content.rolex.com/dam/2021/upright-bba/m279381rbr-0028.png ||| /Users/lcchai/Work/assets/official/rolex/m279381rbr-0028.png
https://www.rolex.com/watches/lady-datejust/m279458rbr-0001.html ||| https://content.rolex.com/dam/2021/upright-bba/m279458rbr-0001.png ||| /Users/lcchai/Work/assets/official/rolex/m279458rbr-0001.png
https://www.rolex.com/watches/lady-datejust/m279459rbr-0001.html ||| https://content.rolex.com/dam/2021/upright-bba/m279459rbr-0001.png ||| /Users/lcchai/Work/assets/official/rolex/m279459rbr-0001.png
https://www.rolex.com/watches/sky-dweller/m326933-0004.html ||| https://content.rolex.com/dam/2021/upright-bba/m326933-0004.png ||| /Users/lcchai/Work/assets/official/rolex/m326933-0004.png
https://www.rolex.com/watches/sky-dweller/m326933-0005.html ||| https://content.rolex.com/dam/2021/upright-bba/m326933-0005.png ||| /Users/lcchai/Work/assets/official/rolex/m326933-0005.png
https://www.rolex.com/watches/sky-dweller/m326933-0010.html ||| https://content.rolex.com/dam/2021/upright-bba/m326933-0010.png ||| /Users/lcchai/Work/assets/official/rolex/m326933-0010.png
https://www.rolex.com/watches/sky-dweller/m326934-0002.html ||| https://content.rolex.com/dam/2021/upright-bba/m326934-0002.png ||| /Users/lcchai/Work/assets/official/rolex/m326934-0002.png
https://www.rolex.com/watches/sky-dweller/m326934-0004.html ||| https://content.rolex.com/dam/2021/upright-bba/m326934-0004.png ||| /Users/lcchai/Work/assets/official/rolex/m326934-0004.png
https://www.rolex.com/watches/sky-dweller/m326934-0006.html ||| https://content.rolex.com/dam/2021/upright-bba/m326934-0006.png ||| /Users/lcchai/Work/assets/official/rolex/m326934-0006.png
