https://www.seikowatches.com/au-en/products/astron/SSH077J1 ||| https://storage.seikowatches.com/image/2021/03/24041451839983/0/SSH077J1.png ||| /Users/lcchai/Work/assets/official/seiko/SSH077J1.png
https://www.seikowatches.com/au-en/products/astron/SSH079J1 ||| https://storage.seikowatches.com/image/2021/03/24041453035948/0/SSH079J1.png ||| /Users/lcchai/Work/assets/official/seiko/SSH079J1.png
https://www.seikowatches.com/au-en/products/presage/SRPF47J1 ||| https://storage.seikowatches.com/image/2021/03/24040932376021/0/SRPF47J1.png ||| /Users/lcchai/Work/assets/official/seiko/SRPF47J1.png
https://www.seikowatches.com/au-en/products/prospex/SLA021J1 ||| https://storage.seikowatches.com/image/2021/03/30040239712102/0/SLA021J1.png ||| /Users/lcchai/Work/assets/official/seiko/SLA021J1.png
https://www.seikowatches.com/au-en/products/prospex/SPB151J1 ||| https://storage.seikowatches.com/image/2021/03/30040509591055/0/SPB151J1.png ||| /Users/lcchai/Work/assets/official/seiko/SPB151J1.png
https://www.seikowatches.com/au-en/products/prospex/SPB153J1 ||| https://storage.seikowatches.com/image/2021/03/30040510373396/0/SPB153J1.png ||| /Users/lcchai/Work/assets/official/seiko/SPB153J1.png
https://www.seikowatches.com/au-en/products/prospex/SPB185J1 ||| https://storage.seikowatches.com/image/2021/03/24040540302252/0/SPB185J1.png ||| /Users/lcchai/Work/assets/official/seiko/SPB185J1.png
https://www.seikowatches.com/au-en/products/prospex/SRPE05K1 ||| https://storage.seikowatches.com/image/2021/03/30040814155770/0/SRPE05K1.png ||| /Users/lcchai/Work/assets/official/seiko/SRPE05K1.png
https://www.seikowatches.com/au-en/products/prospex/SRPE93K1 ||| https://storage.seikowatches.com/image/2021/03/30040830487092/0/SRPE93K1.png ||| /Users/lcchai/Work/assets/official/seiko/SRPE93K1.png
https://www.seikowatches.com/au-en/products/prospex/SRPE99K1 ||| https://storage.seikowatches.com/image/2021/03/30040832485655/0/SRPE99K1.png ||| /Users/lcchai/Work/assets/official/seiko/SRPE99K1.png
https://www.seikowatches.com/au-en/products/prospex/SRPF15K1 ||| https://storage.seikowatches.com/image/2021/03/30040835540268/0/SRPF15K1.png ||| /Users/lcchai/Work/assets/official/seiko/SRPF15K1.png
https://www.seikowatches.com/global-en/products/presage/SPB203J1 ||| https://storage.seikowatches.com/image/2021/03/24040543301496/0/SPB203J1.png ||| /Users/lcchai/Work/assets/official/seiko/SPB203J1.png
https://www.seikowatches.com/global-en/products/presage/SRPF45J1 ||| https://storage.seikowatches.com/image/2021/03/24040931684499/0/SRPF45J1.png ||| /Users/lcchai/Work/assets/official/seiko/SRPF45J1.png
https://www.seikowatches.com/global-en/products/presage/SRPF47J1 ||| https://storage.seikowatches.com/image/2021/03/24040932376021/0/SRPF47J1.png ||| /Users/lcchai/Work/assets/official/seiko/SRPF47J1.png
https://www.seikowatches.com/global-en/products/presage/SRPF50J1 ||| https://storage.seikowatches.com/image/2021/03/24040933446940/0/SRPF50J1.png ||| /Users/lcchai/Work/assets/official/seiko/SRPF50J1.png
https://www.seikowatches.com/global-en/products/presage/SSA421J1 ||| https://storage.seikowatches.com/image/2021/03/24041103477037/0/SSA421J1.png ||| /Users/lcchai/Work/assets/official/seiko/SSA421J1.png
https://www.seikowatches.com/global-en/products/prospex/SLA023J1 ||| https://storage.seikowatches.com/image/2021/03/30040240518744/0/SLA023J1.png ||| /Users/lcchai/Work/assets/official/seiko/SLA023J1.png
https://www.seikowatches.com/global-en/products/prospex/SPB143J1 ||| https://storage.seikowatches.com/image/2021/03/30040507103299/0/SPB143J1.png ||| /Users/lcchai/Work/assets/official/seiko/SPB143J1.png
https://www.seikowatches.com/global-en/products/prospex/SPB147J1 ||| https://storage.seikowatches.com/image/2021/03/30040508175559/0/SPB147J1.png ||| /Users/lcchai/Work/assets/official/seiko/SPB147J1.png
https://www.seikowatches.com/global-en/products/prospex/SPB151J1 ||| https://storage.seikowatches.com/image/2021/03/30040509591055/0/SPB151J1.png ||| /Users/lcchai/Work/assets/official/seiko/SPB151J1.png
https://www.seikowatches.com/global-en/products/prospex/SPB153J1 ||| https://storage.seikowatches.com/image/2021/03/30040510373396/0/SPB153J1.png ||| /Users/lcchai/Work/assets/official/seiko/SPB153J1.png
https://www.seikowatches.com/global-en/products/prospex/SPB185J1 ||| https://storage.seikowatches.com/image/2021/03/24040540302252/0/SPB185J1.png ||| /Users/lcchai/Work/assets/official/seiko/SPB185J1.png
https://www.seikowatches.com/global-en/products/prospex/SPB187J1 ||| https://storage.seikowatches.com/image/2021/03/24040541081634/0/SPB187J1.png ||| /Users/lcchai/Work/assets/official/seiko/SPB187J1.png
https://www.seikowatches.com/global-en/products/prospex/SPB189J1 ||| https://storage.seikowatches.com/image/2021/03/24040541829011/0/SPB189J1.png ||| /Users/lcchai/Work/assets/official/seiko/SPB189J1.png
https://www.seikowatches.com/global-en/products/prospex/SPB191J1 ||| https://storage.seikowatches.com/image/2021/03/24040542462796/0/SPB191J1.png ||| /Users/lcchai/Work/assets/official/seiko/SPB191J1.png
https://www.seikowatches.com/global-en/products/prospex/SRPD25K1 ||| https://storage.seikowatches.com/image/2021/03/30040748211760/0/SRPD25K1.png ||| /Users/lcchai/Work/assets/official/seiko/SRPD25K1.png
https://www.seikowatches.com/global-en/products/prospex/SRPE05K1 ||| https://storage.seikowatches.com/image/2021/03/30040814155770/0/SRPE05K1.png ||| /Users/lcchai/Work/assets/official/seiko/SRPE05K1.png
https://www.seikowatches.com/global-en/products/prospex/sla021j1 ||| https://storage.seikowatches.com/image/2021/03/30040239712102/0/SLA021J1.png ||| /Users/lcchai/Work/assets/official/seiko/SLA021J1.png
https://www.seikowatches.com/global-en/products/prospex/sla023j1 ||| https://storage.seikowatches.com/image/2021/03/30040240518744/0/SLA023J1.png ||| /Users/lcchai/Work/assets/official/seiko/SLA023J1.png
https://www.seikowatches.com/global-en/products/prospex/srpd25k1 ||| https://storage.seikowatches.com/image/2021/03/30040748211760/0/SRPD25K1.png ||| /Users/lcchai/Work/assets/official/seiko/SRPD25K1.png
https://www.seikowatches.com/global-en/products/prospex/srpe05k1 ||| https://storage.seikowatches.com/image/2021/03/30040814155770/0/SRPE05K1.png ||| /Users/lcchai/Work/assets/official/seiko/SRPE05K1.png
https://www.seikowatches.com/in-en/products/prospex/SRPE05K1 ||| https://storage.seikowatches.com/image/2021/03/30040814155770/0/SRPE05K1.png ||| /Users/lcchai/Work/assets/official/seiko/SRPE05K1.png
https://www.seikowatches.com/nz-en/products/astron/SSH077J1 ||| https://storage.seikowatches.com/image/2021/03/24041451839983/0/SSH077J1.png ||| /Users/lcchai/Work/assets/official/seiko/SSH077J1.png
https://www.seikowatches.com/nz-en/products/astron/SSH079J1 ||| https://storage.seikowatches.com/image/2021/03/24041453035948/0/SSH079J1.png ||| /Users/lcchai/Work/assets/official/seiko/SSH079J1.png
https://www.seikowatches.com/nz-en/products/presage/SRPF45J1 ||| https://storage.seikowatches.com/image/2021/03/24040931684499/0/SRPF45J1.png ||| /Users/lcchai/Work/assets/official/seiko/SRPF45J1.png
https://www.seikowatches.com/nz-en/products/presage/SRPF47J1 ||| https://storage.seikowatches.com/image/2021/03/24040932376021/0/SRPF47J1.png ||| /Users/lcchai/Work/assets/official/seiko/SRPF47J1.png
https://www.seikowatches.com/nz-en/products/prospex/S23633J1 ||| https://storage.seikowatches.com/image/2021/03/23200007272750/0/S23633J1.png ||| /Users/lcchai/Work/assets/official/seiko/S23633J1.png
https://www.seikowatches.com/nz-en/products/prospex/SPB151J1 ||| https://storage.seikowatches.com/image/2021/03/30040509591055/0/SPB151J1.png ||| /Users/lcchai/Work/assets/official/seiko/SPB151J1.png
https://www.seikowatches.com/nz-en/products/prospex/SPB153J1 ||| https://storage.seikowatches.com/image/2021/03/30040510373396/0/SPB153J1.png ||| /Users/lcchai/Work/assets/official/seiko/SPB153J1.png
https://www.seikowatches.com/nz-en/products/prospex/SPB185J1 ||| https://storage.seikowatches.com/image/2021/03/24040540302252/0/SPB185J1.png ||| /Users/lcchai/Work/assets/official/seiko/SPB185J1.png
https://www.seikowatches.com/nz-en/products/prospex/SPB187J1 ||| https://storage.seikowatches.com/image/2021/03/24040541081634/0/SPB187J1.png ||| /Users/lcchai/Work/assets/official/seiko/SPB187J1.png
https://www.seikowatches.com/nz-en/products/prospex/SPB189J1 ||| https://storage.seikowatches.com/image/2021/03/24040541829011/0/SPB189J1.png ||| /Users/lcchai/Work/assets/official/seiko/SPB189J1.png
https://www.seikowatches.com/nz-en/products/prospex/SPB191J1 ||| https://storage.seikowatches.com/image/2021/03/24040542462796/0/SPB191J1.png ||| /Users/lcchai/Work/assets/official/seiko/SPB191J1.png
https://www.seikowatches.com/nz-en/products/prospex/SRPE93K1 ||| https://storage.seikowatches.com/image/2021/03/30040830487092/0/SRPE93K1.png ||| /Users/lcchai/Work/assets/official/seiko/SRPE93K1.png
https://www.seikowatches.com/nz-en/products/prospex/SRPE99K1 ||| https://storage.seikowatches.com/image/2021/03/30040832485655/0/SRPE99K1.png ||| /Users/lcchai/Work/assets/official/seiko/SRPE99K1.png
https://www.seikowatches.com/nz-en/products/prospex/SRPF15K1 ||| https://storage.seikowatches.com/image/2021/03/30040835540268/0/SRPF15K1.png ||| /Users/lcchai/Work/assets/official/seiko/SRPF15K1.png
https://www.seikowatches.com/ph-en/products/astron/SSH077J1 ||| https://storage.seikowatches.com/image/2021/03/24041451839983/0/SSH077J1.png ||| /Users/lcchai/Work/assets/official/seiko/SSH077J1.png
https://www.seikowatches.com/ph-en/products/astron/SSH079J1 ||| https://storage.seikowatches.com/image/2021/03/24041453035948/0/SSH079J1.png ||| /Users/lcchai/Work/assets/official/seiko/SSH079J1.png
https://www.seikowatches.com/ph-en/products/presage/SPB203J1 ||| https://storage.seikowatches.com/image/2021/03/24040543301496/0/SPB203J1.png ||| /Users/lcchai/Work/assets/official/seiko/SPB203J1.png
https://www.seikowatches.com/ph-en/products/presage/SRPF37J1 ||| https://storage.seikowatches.com/image/2021/03/24040929489851/0/SRPF37J1.png ||| /Users/lcchai/Work/assets/official/seiko/SRPF37J1.png
https://www.seikowatches.com/ph-en/products/presage/SRPF39J1 ||| https://storage.seikowatches.com/image/2021/03/24040930136741/0/SRPF39J1.png ||| /Users/lcchai/Work/assets/official/seiko/SRPF39J1.png
https://www.seikowatches.com/ph-en/products/presage/SRPF45J1 ||| https://storage.seikowatches.com/image/2021/03/24040931684499/0/SRPF45J1.png ||| /Users/lcchai/Work/assets/official/seiko/SRPF45J1.png
https://www.seikowatches.com/ph-en/products/presage/SRPF47J1 ||| https://storage.seikowatches.com/image/2021/03/24040932376021/0/SRPF47J1.png ||| /Users/lcchai/Work/assets/official/seiko/SRPF47J1.png
https://www.seikowatches.com/ph-en/products/presage/SRPF50J1 ||| https://storage.seikowatches.com/image/2021/03/24040933446940/0/SRPF50J1.png ||| /Users/lcchai/Work/assets/official/seiko/SRPF50J1.png
https://www.seikowatches.com/ph-en/products/presage/SSA421J1 ||| https://storage.seikowatches.com/image/2021/03/24041103477037/0/SSA421J1.png ||| /Users/lcchai/Work/assets/official/seiko/SSA421J1.png
https://www.seikowatches.com/ph-en/products/prospex/SLA021J1 ||| https://storage.seikowatches.com/image/2021/03/30040239712102/0/SLA021J1.png ||| /Users/lcchai/Work/assets/official/seiko/SLA021J1.png
https://www.seikowatches.com/ph-en/products/prospex/SLA023J1 ||| https://storage.seikowatches.com/image/2021/03/30040240518744/0/SLA023J1.png ||| /Users/lcchai/Work/assets/official/seiko/SLA023J1.png
https://www.seikowatches.com/ph-en/products/prospex/SPB185J1 ||| https://storage.seikowatches.com/image/2021/03/24040540302252/0/SPB185J1.png ||| /Users/lcchai/Work/assets/official/seiko/SPB185J1.png
https://www.seikowatches.com/ph-en/products/prospex/SPB187J1 ||| https://storage.seikowatches.com/image/2021/03/24040541081634/0/SPB187J1.png ||| /Users/lcchai/Work/assets/official/seiko/SPB187J1.png
https://www.seikowatches.com/ph-en/products/prospex/SPB189J1 ||| https://storage.seikowatches.com/image/2021/03/24040541829011/0/SPB189J1.png ||| /Users/lcchai/Work/assets/official/seiko/SPB189J1.png
https://www.seikowatches.com/ph-en/products/prospex/SPB191J1 ||| https://storage.seikowatches.com/image/2021/03/24040542462796/0/SPB191J1.png ||| /Users/lcchai/Work/assets/official/seiko/SPB191J1.png
https://www.seikowatches.com/ph-en/products/prospex/SRPD25K1 ||| https://storage.seikowatches.com/image/2021/03/30040748211760/0/SRPD25K1.png ||| /Users/lcchai/Work/assets/official/seiko/SRPD25K1.png
https://www.seikowatches.com/uk-en/products/presage/SRPF45J1 ||| https://storage.seikowatches.com/image/2021/03/24040931684499/0/SRPF45J1.png ||| /Users/lcchai/Work/assets/official/seiko/SRPF45J1.png
https://www.seikowatches.com/uk-en/products/presage/SRPF47J1 ||| https://storage.seikowatches.com/image/2021/03/24040932376021/0/SRPF47J1.png ||| /Users/lcchai/Work/assets/official/seiko/SRPF47J1.png
https://www.seikowatches.com/uk-en/products/prospex/S23633J1 ||| https://storage.seikowatches.com/image/2021/03/23200007272750/0/S23633J1.png ||| /Users/lcchai/Work/assets/official/seiko/S23633J1.png
https://www.seikowatches.com/uk-en/products/prospex/SLA021J1 ||| https://storage.seikowatches.com/image/2021/03/30040239712102/0/SLA021J1.png ||| /Users/lcchai/Work/assets/official/seiko/SLA021J1.png
https://www.seikowatches.com/uk-en/products/prospex/SLA023J1 ||| https://storage.seikowatches.com/image/2021/03/30040240518744/0/SLA023J1.png ||| /Users/lcchai/Work/assets/official/seiko/SLA023J1.png
https://www.seikowatches.com/uk-en/products/prospex/SPB185J1 ||| https://storage.seikowatches.com/image/2021/03/24040540302252/0/SPB185J1.png ||| /Users/lcchai/Work/assets/official/seiko/SPB185J1.png
https://www.seikowatches.com/uk-en/products/prospex/SPB189J1 ||| https://storage.seikowatches.com/image/2021/03/24040541829011/0/SPB189J1.png ||| /Users/lcchai/Work/assets/official/seiko/SPB189J1.png
https://www.seikowatches.com/uk-en/products/prospex/SPB191J1 ||| https://storage.seikowatches.com/image/2021/03/24040542462796/0/SPB191J1.png ||| /Users/lcchai/Work/assets/official/seiko/SPB191J1.png
https://www.seikowatches.com/uk-en/products/prospex/SPB199J1 ||| https://storage.seikowatches.com/image/2021/01/13102755038378/0/SPB20134.jpg ||| /Users/lcchai/Work/assets/official/seiko/SPB20134.jpg
https://www.seikowatches.com/uk-en/products/prospex/SPB201J1 ||| https://storage.seikowatches.com/image/2021/01/13102755038378/0/SPB20134.jpg ||| /Users/lcchai/Work/assets/official/seiko/SPB20134.jpg
https://www.seikowatches.com/us-en/products/5sports/SBSA087 ||| https://storage.seikowatches.com/image/2020/10/21141228863335/0/SBSA087_1.png ||| /Users/lcchai/Work/assets/official/seiko/SBSA087_1.png
https://www.seikowatches.com/us-en/products/5sports/SBSA089 ||| https://storage.seikowatches.com/image/2020/10/21141016146198/0/SBSA089_1.png ||| /Users/lcchai/Work/assets/official/seiko/SBSA089_1.png
https://www.seikowatches.com/us-en/products/5sports/SBSA091 ||| https://storage.seikowatches.com/image/2020/10/21140457109127/0/SBSA091_1.png ||| /Users/lcchai/Work/assets/official/seiko/SBSA091_1.png
https://www.seikowatches.com/us-en/products/5sports/SBSA092 ||| https://storage.seikowatches.com/image/2020/10/21140327255679/0/SBSA092_1.png ||| /Users/lcchai/Work/assets/official/seiko/SBSA092_1.png
https://www.seikowatches.com/us-en/products/5sports/SBSA093 ||| https://storage.seikowatches.com/image/2020/10/21140031808463/0/SBSA093_1.png ||| /Users/lcchai/Work/assets/official/seiko/SBSA093_1.png
https://www.seikowatches.com/us-en/products/5sports/SBSA095 ||| https://storage.seikowatches.com/image/2020/10/21135446371679/0/SBSA095_1.png ||| /Users/lcchai/Work/assets/official/seiko/SBSA095_1.png
https://www.seikowatches.com/us-en/products/5sports/SBSA097 ||| https://storage.seikowatches.com/image/2020/10/21135302265469/0/SBSA097_1.png ||| /Users/lcchai/Work/assets/official/seiko/SBSA097_1.png
https://www.seikowatches.com/us-en/products/5sports/SRPD51 ||| https://storage.seikowatches.com/image/2020/03/20004408894362/0/SRPD51_1.png ||| /Users/lcchai/Work/assets/official/seiko/SRPD51_1.png
https://www.seikowatches.com/us-en/products/5sports/SRPD55 ||| https://storage.seikowatches.com/image/2020/03/20010713177655/0/SRPD55_1.png ||| /Users/lcchai/Work/assets/official/seiko/SRPD55_1.png
https://www.seikowatches.com/us-en/products/5sports/SRPD57 ||| https://storage.seikowatches.com/image/2020/03/20004626043433/0/SRPD57_1.png ||| /Users/lcchai/Work/assets/official/seiko/SRPD57_1.png
https://www.seikowatches.com/us-en/products/5sports/SRPD59 ||| https://storage.seikowatches.com/image/2020/03/19231832605510/0/SRPD59_1.png ||| /Users/lcchai/Work/assets/official/seiko/SRPD59_1.png
https://www.seikowatches.com/us-en/products/5sports/SRPD61 ||| https://storage.seikowatches.com/image/2020/03/20004905276513/0/SRPD61_1.png ||| /Users/lcchai/Work/assets/official/seiko/SRPD61_1.png
https://www.seikowatches.com/us-en/products/5sports/SRPD63 ||| https://storage.seikowatches.com/image/2020/03/20005131781610/0/SRPD63_1.png ||| /Users/lcchai/Work/assets/official/seiko/SRPD63_1.png
https://www.seikowatches.com/us-en/products/5sports/SRPD65 ||| https://storage.seikowatches.com/image/2020/03/19231610799221/0/SRPD65_1.png ||| /Users/lcchai/Work/assets/official/seiko/SRPD65_1.png
https://www.seikowatches.com/us-en/products/5sports/SRPD67 ||| https://storage.seikowatches.com/image/2020/03/20011321899190/0/SRPD67_1.png ||| /Users/lcchai/Work/assets/official/seiko/SRPD67_1.png
https://www.seikowatches.com/us-en/products/5sports/SRPD71 ||| https://storage.seikowatches.com/image/2020/03/20011616710934/0/SRPD71_1.png ||| /Users/lcchai/Work/assets/official/seiko/SRPD71_1.png
https://www.seikowatches.com/us-en/products/5sports/SRPD76 ||| https://storage.seikowatches.com/image/2020/03/20032836619780/0/SRPD76_1.png ||| /Users/lcchai/Work/assets/official/seiko/SRPD76_1.png
https://www.seikowatches.com/us-en/products/5sports/SRPD77 ||| https://storage.seikowatches.com/image/2020/03/20131906493646/0/SRPD77_1.png ||| /Users/lcchai/Work/assets/official/seiko/SRPD77_1.png
https://www.seikowatches.com/us-en/products/5sports/SRPD79 ||| https://storage.seikowatches.com/image/2020/03/20033611155114/0/SRPD79_1.png ||| /Users/lcchai/Work/assets/official/seiko/SRPD79_1.png
https://www.seikowatches.com/us-en/products/5sports/SRPD81 ||| https://storage.seikowatches.com/image/2020/03/20033320031920/0/SRPD81_1.png ||| /Users/lcchai/Work/assets/official/seiko/SRPD81_1.png
https://www.seikowatches.com/us-en/products/5sports/SRPD83 ||| https://storage.seikowatches.com/image/2020/03/20033934127671/0/SRPD83_1.png ||| /Users/lcchai/Work/assets/official/seiko/SRPD83_1.png
https://www.seikowatches.com/us-en/products/5sports/SRPD87 ||| https://storage.seikowatches.com/image/2020/03/20005657934949/0/SRPD87_1.png ||| /Users/lcchai/Work/assets/official/seiko/SRPD87_1.png
https://www.seikowatches.com/us-en/products/5sports/SRPD91 ||| https://storage.seikowatches.com/image/2020/03/20010450880285/0/SRPD91_1.png ||| /Users/lcchai/Work/assets/official/seiko/SRPD91_1.png
https://www.seikowatches.com/us-en/products/5sports/SRPD93 ||| https://storage.seikowatches.com/image/2020/03/20011933875014/0/SRPD93_1.png ||| /Users/lcchai/Work/assets/official/seiko/SRPD93_1.png
https://www.seikowatches.com/us-en/products/5sports/SRPD95 ||| https://storage.seikowatches.com/image/2020/03/20012158177284/0/SRPD95_1.png ||| /Users/lcchai/Work/assets/official/seiko/SRPD95_1.png
https://www.seikowatches.com/us-en/products/5sports/SRPE21 ||| https://storage.seikowatches.com/image/2020/03/20032537605608/0/SRPE21_1.png ||| /Users/lcchai/Work/assets/official/seiko/SRPE21_1.png
https://www.seikowatches.com/us-en/products/5sports/SRPE51 ||| https://storage.seikowatches.com/image/2020/07/24185933222770/0/SRPE51_1.png ||| /Users/lcchai/Work/assets/official/seiko/SRPE51_1.png
https://www.seikowatches.com/us-en/products/5sports/SRPE53 ||| https://storage.seikowatches.com/image/2020/07/24190128808517/0/SRPE53_1.png ||| /Users/lcchai/Work/assets/official/seiko/SRPE53_1.png
https://www.seikowatches.com/us-en/products/5sports/SRPE55 ||| https://storage.seikowatches.com/image/2020/07/24191407459188/0/SRPE55_1.png ||| /Users/lcchai/Work/assets/official/seiko/SRPE55_1.png
https://www.seikowatches.com/us-en/products/5sports/SRPE57 ||| https://storage.seikowatches.com/image/2020/07/24191800116557/0/SRPE57_1.png ||| /Users/lcchai/Work/assets/official/seiko/SRPE57_1.png
https://www.seikowatches.com/us-en/products/5sports/SRPE58 ||| https://storage.seikowatches.com/image/2020/07/24192124260719/0/SRPE58_1.png ||| /Users/lcchai/Work/assets/official/seiko/SRPE58_1.png
https://www.seikowatches.com/us-en/products/5sports/SRPE60 ||| https://storage.seikowatches.com/image/2020/07/24192415607998/0/SRPE60_1.png ||| /Users/lcchai/Work/assets/official/seiko/SRPE60_1.png
https://www.seikowatches.com/us-en/products/5sports/SRPE61 ||| https://storage.seikowatches.com/image/2020/07/24195934063811/0/SRPE61_1.png ||| /Users/lcchai/Work/assets/official/seiko/SRPE61_1.png
https://www.seikowatches.com/us-en/products/5sports/SRPE63 ||| https://storage.seikowatches.com/image/2020/07/24202754152363/0/SRPE63_1.png ||| /Users/lcchai/Work/assets/official/seiko/SRPE63_1.png
https://www.seikowatches.com/us-en/products/5sports/SRPE67 ||| https://storage.seikowatches.com/image/2020/07/24202542744114/0/SRPE67_1.png ||| /Users/lcchai/Work/assets/official/seiko/SRPE67_1.png
https://www.seikowatches.com/us-en/products/5sports/SRPE72 ||| https://storage.seikowatches.com/image/2020/07/24203219120634/0/SRPE72_1.png ||| /Users/lcchai/Work/assets/official/seiko/SRPE72_1.png
https://www.seikowatches.com/us-en/products/5sports/SRPE74 ||| https://storage.seikowatches.com/image/2020/07/24203511201877/0/SRPE74_1.png ||| /Users/lcchai/Work/assets/official/seiko/SRPE74_1.png
https://www.seikowatches.com/us-en/products/5sports/SRPE75 ||| https://storage.seikowatches.com/image/2020/07/24203918071867/0/SRPE75_1.png ||| /Users/lcchai/Work/assets/official/seiko/SRPE75_1.png
https://www.seikowatches.com/us-en/products/5sports/SRPE77 ||| https://storage.seikowatches.com/image/2020/07/24204118654308/0/SRPE77_1.png ||| /Users/lcchai/Work/assets/official/seiko/SRPE77_1.png
https://www.seikowatches.com/us-en/products/5sports/SRPE79 ||| https://storage.seikowatches.com/image/2020/07/24203704703139/0/SRPE79_1.png ||| /Users/lcchai/Work/assets/official/seiko/SRPE79_1.png
https://www.seikowatches.com/us-en/products/5sports/SRPE83 ||| https://storage.seikowatches.com/image/2020/06/02194931469149/0/SRPE83_1.png ||| /Users/lcchai/Work/assets/official/seiko/SRPE83_1.png
https://www.seikowatches.com/us-en/products/5sports/SRPF17 ||| https://storage.seikowatches.com/image/2020/08/24153448328033/0/SRPF17_1.png ||| /Users/lcchai/Work/assets/official/seiko/SRPF17_1.png
https://www.seikowatches.com/us-en/products/5sports/SRPF19 ||| https://storage.seikowatches.com/image/2020/08/24153131171299/0/SRPF19_1.png ||| /Users/lcchai/Work/assets/official/seiko/SRPF19_1.png
https://www.seikowatches.com/us-en/products/5sports/SRPF20 ||| https://storage.seikowatches.com/image/2020/08/24152917238711/0/SRPF20_1.png ||| /Users/lcchai/Work/assets/official/seiko/SRPF20_1.png
https://www.seikowatches.com/us-en/products/5sports/SRPF21 ||| https://storage.seikowatches.com/image/2020/08/24152618351092/0/SRPF21_1.png ||| /Users/lcchai/Work/assets/official/seiko/SRPF21_1.png
https://www.seikowatches.com/us-en/products/5sports/SRPF23 ||| https://storage.seikowatches.com/image/2020/08/24152015236563/0/SRPF23_1.png ||| /Users/lcchai/Work/assets/official/seiko/SRPF23_1.png
https://www.seikowatches.com/us-en/products/5sports/SRPF24 ||| https://storage.seikowatches.com/image/2020/08/24151356448930/0/SRPF24_1.png ||| /Users/lcchai/Work/assets/official/seiko/SRPF24_1.png
https://www.seikowatches.com/us-en/products/astron/SSH021 ||| https://storage.seikowatches.com/image/2020/03/24195155116035/0/SSH021_1.png ||| /Users/lcchai/Work/assets/official/seiko/SSH021_1.png
https://www.seikowatches.com/us-en/products/astron/SSH023 ||| https://storage.seikowatches.com/image/2020/03/24194433486628/0/SSH023_1.png ||| /Users/lcchai/Work/assets/official/seiko/SSH023_1.png
https://www.seikowatches.com/us-en/products/astron/SSH024 ||| https://storage.seikowatches.com/image/2020/03/24194143407488/0/SSH024_1.png ||| /Users/lcchai/Work/assets/official/seiko/SSH024_1.png
https://www.seikowatches.com/us-en/products/astron/SSH045 ||| https://storage.seikowatches.com/image/2020/03/24193951473589/0/SSH045_1.png ||| /Users/lcchai/Work/assets/official/seiko/SSH045_1.png
https://www.seikowatches.com/us-en/products/astron/SSH047 ||| https://storage.seikowatches.com/image/2020/03/24183741644466/0/SSH047_1.png ||| /Users/lcchai/Work/assets/official/seiko/SSH047_1.png
https://www.seikowatches.com/us-en/products/astron/SSH049 ||| https://storage.seikowatches.com/image/2020/06/18225857463227/0/SSH049_1.png ||| /Users/lcchai/Work/assets/official/seiko/SSH049_1.png
https://www.seikowatches.com/us-en/products/astron/SSH051 ||| https://storage.seikowatches.com/image/2020/06/18225630984790/0/SSH051_1.png ||| /Users/lcchai/Work/assets/official/seiko/SSH051_1.png
https://www.seikowatches.com/us-en/products/astron/SSH063 ||| https://storage.seikowatches.com/image/2020/06/18230303041558/0/SSH063_1.png ||| /Users/lcchai/Work/assets/official/seiko/SSH063_1.png
https://www.seikowatches.com/us-en/products/astron/SSH065 ||| https://storage.seikowatches.com/image/2020/09/11204957510671/0/SSH065_1.png ||| /Users/lcchai/Work/assets/official/seiko/SSH065_1.png
https://www.seikowatches.com/us-en/products/astron/SSH067 ||| https://storage.seikowatches.com/image/2020/06/18230537424693/0/SSH067_1.png ||| /Users/lcchai/Work/assets/official/seiko/SSH067_1.png
https://www.seikowatches.com/us-en/products/astron/SSH069 ||| https://storage.seikowatches.com/image/2020/06/18230757835513/0/SSH069_1.png ||| /Users/lcchai/Work/assets/official/seiko/SSH069_1.png
https://www.seikowatches.com/us-en/products/astron/SSH073 ||| https://storage.seikowatches.com/image/2020/09/11200451652713/0/SSH073_1.png ||| /Users/lcchai/Work/assets/official/seiko/SSH073_1.png
https://www.seikowatches.com/us-en/products/astron/SSH077 ||| https://storage.seikowatches.com/image/2020/10/23193942575138/0/SSH077_1.png ||| /Users/lcchai/Work/assets/official/seiko/SSH077_1.png
https://www.seikowatches.com/us-en/products/astron/SSH079 ||| https://storage.seikowatches.com/image/2020/10/26152508433809/0/SSH079_1.png ||| /Users/lcchai/Work/assets/official/seiko/SSH079_1.png
https://www.seikowatches.com/us-en/products/coutura/SNE412 ||| https://storage.seikowatches.com/image/2020/02/26192430105010/0/SNE412_1.png ||| /Users/lcchai/Work/assets/official/seiko/SNE412_1.png
https://www.seikowatches.com/us-en/products/coutura/SNE506 ||| https://storage.seikowatches.com/image/2020/02/26192900701302/0/SNE506_1.png ||| /Users/lcchai/Work/assets/official/seiko/SNE506_1.png
https://www.seikowatches.com/us-en/products/coutura/SSC376 ||| https://storage.seikowatches.com/image/2020/02/26185024833607/0/SSC376_1.png ||| /Users/lcchai/Work/assets/official/seiko/SSC376_1.png
https://www.seikowatches.com/us-en/products/coutura/SSC700 ||| https://storage.seikowatches.com/image/2020/02/05230232368518/0/SSC700.png ||| /Users/lcchai/Work/assets/official/seiko/SSC700.png
https://www.seikowatches.com/us-en/products/coutura/SSC743 ||| https://storage.seikowatches.com/image/2020/02/26165406119635/0/SSC743_1.png ||| /Users/lcchai/Work/assets/official/seiko/SSC743_1.png
https://www.seikowatches.com/us-en/products/coutura/SSC745 ||| https://storage.seikowatches.com/image/2020/02/26165256213634/0/SSC745_1.png ||| /Users/lcchai/Work/assets/official/seiko/SSC745_1.png
https://www.seikowatches.com/us-en/products/coutura/SSC747 ||| https://storage.seikowatches.com/image/2020/02/26164324978034/0/SSC747_1.png ||| /Users/lcchai/Work/assets/official/seiko/SSC747_1.png
https://www.seikowatches.com/us-en/products/coutura/SSG009 ||| https://storage.seikowatches.com/image/2020/02/26170519303518/0/SSG009_1.png ||| /Users/lcchai/Work/assets/official/seiko/SSG009_1.png
https://www.seikowatches.com/us-en/products/coutura/SSG010 ||| https://storage.seikowatches.com/image/2020/02/26171207155366/0/SSG010_1.png ||| /Users/lcchai/Work/assets/official/seiko/SSG010_1.png
https://www.seikowatches.com/us-en/products/coutura/SSG019 ||| https://storage.seikowatches.com/image/2020/02/26171650458937/0/SSG019_1.png ||| /Users/lcchai/Work/assets/official/seiko/SSG019_1.png
https://www.seikowatches.com/us-en/products/coutura/SSG020 ||| https://storage.seikowatches.com/image/2020/02/26183716160128/0/SSG020_1.png ||| /Users/lcchai/Work/assets/official/seiko/SSG020_1.png
https://www.seikowatches.com/us-en/products/coutura/SSG021 ||| https://storage.seikowatches.com/image/2020/02/26171420441162/0/SSG021_1.png ||| /Users/lcchai/Work/assets/official/seiko/SSG021_1.png
https://www.seikowatches.com/us-en/products/diamondcollection/SKK878 ||| https://storage.seikowatches.com/image/2020/01/23191540538017/0/SKK878_1.png ||| /Users/lcchai/Work/assets/official/seiko/SKK878_1.png
https://www.seikowatches.com/us-en/products/diamondcollection/SKK880 ||| https://storage.seikowatches.com/image/2020/01/23185405826065/0/SKK880_1.png ||| /Users/lcchai/Work/assets/official/seiko/SKK880_1.png
https://www.seikowatches.com/us-en/products/diamondcollection/SKK881 ||| https://storage.seikowatches.com/image/2020/01/23183840479354/0/SKK881_1.png ||| /Users/lcchai/Work/assets/official/seiko/SKK881_1.png
https://www.seikowatches.com/us-en/products/diamondcollection/SUT371 ||| https://storage.seikowatches.com/image/2020/01/23214823350707/0/SUT371P9_Resized.png ||| /Users/lcchai/Work/assets/official/seiko/SUT371P9_Resized.png
https://www.seikowatches.com/us-en/products/discovermore/SFQ800 ||| https://storage.seikowatches.com/image/2020/03/04143517135508/0/SFQ800_1.png ||| /Users/lcchai/Work/assets/official/seiko/SFQ800_1.png
https://www.seikowatches.com/us-en/products/discovermore/SFQ801 ||| https://storage.seikowatches.com/image/2020/03/04143755245079/0/SFQ801_1.png ||| /Users/lcchai/Work/assets/official/seiko/SFQ801_1.png
https://www.seikowatches.com/us-en/products/discovermore/SFQ802 ||| https://storage.seikowatches.com/image/2020/03/04145734825310/0/SFQ802_1.png ||| /Users/lcchai/Work/assets/official/seiko/SFQ802_1.png
https://www.seikowatches.com/us-en/products/discovermore/SFQ803 ||| https://storage.seikowatches.com/image/2020/03/04150557553128/0/SFQ803_1.png ||| /Users/lcchai/Work/assets/official/seiko/SFQ803_1.png
https://www.seikowatches.com/us-en/products/discovermore/SUT372 ||| https://storage.seikowatches.com/image/2021/01/05190721428378/0/SUT372P9.png ||| /Users/lcchai/Work/assets/official/seiko/SUT372P9.png
https://www.seikowatches.com/us-en/products/discovermore/SUT374 ||| https://storage.seikowatches.com/image/2021/01/05184915259866/0/SUT374_1.png ||| /Users/lcchai/Work/assets/official/seiko/SUT374_1.png
https://www.seikowatches.com/us-en/products/discovermore/SUT380 ||| https://storage.seikowatches.com/image/2021/01/05185336454176/0/SUT380_1.png ||| /Users/lcchai/Work/assets/official/seiko/SUT380_1.png
https://www.seikowatches.com/us-en/products/king-seiko/SJE083 ||| https://storage.seikowatches.com/image/2021/04/06171136408246/0/SJE083_1.png ||| /Users/lcchai/Work/assets/official/seiko/SJE083_1.png
https://www.seikowatches.com/us-en/products/presage/SJE075 ||| https://storage.seikowatches.com/image/2020/03/19015928787713/0/SJE075_1.png ||| /Users/lcchai/Work/assets/official/seiko/SJE075_1.png
https://www.seikowatches.com/us-en/products/presage/SJE077 ||| https://storage.seikowatches.com/image/2020/03/19020237001388/0/SJE077_1.png ||| /Users/lcchai/Work/assets/official/seiko/SJE077_1.png
https://www.seikowatches.com/us-en/products/presage/SJE079 ||| https://storage.seikowatches.com/image/2020/03/19022457397339/0/SJE079_1.png ||| /Users/lcchai/Work/assets/official/seiko/SJE079_1.png
https://www.seikowatches.com/us-en/products/presage/SJE081 ||| https://storage.seikowatches.com/image/2020/03/19023053656888/0/SJE081_1.png ||| /Users/lcchai/Work/assets/official/seiko/SJE081_1.png
https://www.seikowatches.com/us-en/products/presage/SNR037 ||| https://storage.seikowatches.com/image/2020/03/19014647949361/0/SNR037_1.png ||| /Users/lcchai/Work/assets/official/seiko/SNR037_1.png
https://www.seikowatches.com/us-en/products/presage/SNR039 ||| https://storage.seikowatches.com/image/2020/03/19014944409227/0/SNR039_1.png ||| /Users/lcchai/Work/assets/official/seiko/SNR039_1.png
https://www.seikowatches.com/us-en/products/presage/SNR047 ||| https://storage.seikowatches.com/image/2020/06/09025305525625/0/SNR047_1.png ||| /Users/lcchai/Work/assets/official/seiko/SNR047_1.png
https://www.seikowatches.com/us-en/products/presage/SPB045 ||| https://storage.seikowatches.com/image/2020/03/19021242042550/0/SPB045_1.png ||| /Users/lcchai/Work/assets/official/seiko/SPB045_1.png
https://www.seikowatches.com/us-en/products/presage/SPB047 ||| https://storage.seikowatches.com/image/2020/03/19021515046196/0/SPB047_1.png ||| /Users/lcchai/Work/assets/official/seiko/SPB047_1.png
https://www.seikowatches.com/us-en/products/presage/SPB049 ||| https://storage.seikowatches.com/image/2020/03/19021755337948/0/SPB049_1.png ||| /Users/lcchai/Work/assets/official/seiko/SPB049_1.png
https://www.seikowatches.com/us-en/products/presage/SPB085 ||| https://storage.seikowatches.com/image/2020/03/19022719374417/0/SPB085_1.png ||| /Users/lcchai/Work/assets/official/seiko/SPB085_1.png
https://www.seikowatches.com/us-en/products/presage/SPB091 ||| https://storage.seikowatches.com/image/2020/03/19020945569799/0/SPB091_1.png ||| /Users/lcchai/Work/assets/official/seiko/SPB091_1.png
https://www.seikowatches.com/us-en/products/presage/SPB093 ||| https://storage.seikowatches.com/image/2020/03/19023357620702/0/SPB093_1.png ||| /Users/lcchai/Work/assets/official/seiko/SPB093_1.png
https://www.seikowatches.com/us-en/products/presage/SPB095 ||| https://storage.seikowatches.com/image/2020/03/19023716259702/0/SPB095_1.png ||| /Users/lcchai/Work/assets/official/seiko/SPB095_1.png
https://www.seikowatches.com/us-en/products/presage/SPB111 ||| https://storage.seikowatches.com/image/2020/03/19020701786421/0/SPB111_1.png ||| /Users/lcchai/Work/assets/official/seiko/SPB111_1.png
https://www.seikowatches.com/us-en/products/presage/SPB113 ||| https://storage.seikowatches.com/image/2020/03/19015627122501/0/SPB113_1.png ||| /Users/lcchai/Work/assets/official/seiko/SPB113_1.png
https://www.seikowatches.com/us-en/products/presage/SPB115 ||| https://storage.seikowatches.com/image/2020/03/19015322104696/0/SPB115_1.png ||| /Users/lcchai/Work/assets/official/seiko/SPB115_1.png
https://www.seikowatches.com/us-en/products/presage/SPB127 ||| https://storage.seikowatches.com/image/2020/03/18160211032244/0/SPB127_1.png ||| /Users/lcchai/Work/assets/official/seiko/SPB127_1.png
https://www.seikowatches.com/us-en/products/presage/SPB129 ||| https://storage.seikowatches.com/image/2020/03/19014409553017/0/SPB129_1.png ||| /Users/lcchai/Work/assets/official/seiko/SPB129_1.png
https://www.seikowatches.com/us-en/products/presage/SPB131 ||| https://storage.seikowatches.com/image/2020/03/19014058913344/0/SPB131_1.png ||| /Users/lcchai/Work/assets/official/seiko/SPB131_1.png
https://www.seikowatches.com/us-en/products/presage/SPB161 ||| https://storage.seikowatches.com/image/2020/05/31022756572863/0/SPB161_1.png ||| /Users/lcchai/Work/assets/official/seiko/SPB161_1.png
https://www.seikowatches.com/us-en/products/presage/SPB163 ||| https://storage.seikowatches.com/image/2020/05/31023051325611/0/SPB163_1.png ||| /Users/lcchai/Work/assets/official/seiko/SPB163_1.png
https://www.seikowatches.com/us-en/products/presage/SPB165 ||| https://storage.seikowatches.com/image/2020/08/25155510156250/0/SPB165_1.png ||| /Users/lcchai/Work/assets/official/seiko/SPB165_1.png
https://www.seikowatches.com/us-en/products/presage/SPB167 ||| https://storage.seikowatches.com/image/2020/08/25154921984095/0/SPB167_1.png ||| /Users/lcchai/Work/assets/official/seiko/SPB167_1.png
https://www.seikowatches.com/us-en/products/presage/SPB169 ||| https://storage.seikowatches.com/image/2020/08/25160500260250/0/SPB169_1.png ||| /Users/lcchai/Work/assets/official/seiko/SPB169_1.png
https://www.seikowatches.com/us-en/products/presage/SPB170 ||| https://storage.seikowatches.com/image/2020/08/25160022911213/0/SPB170_1.png ||| /Users/lcchai/Work/assets/official/seiko/SPB170_1.png
https://www.seikowatches.com/us-en/products/presage/SPB171 ||| https://storage.seikowatches.com/image/2020/06/05152353085237/0/SPB171_1.png ||| /Users/lcchai/Work/assets/official/seiko/SPB171_1.png
https://www.seikowatches.com/us-en/products/presage/SPB173 ||| https://storage.seikowatches.com/image/2020/05/31022330630678/0/SPB173_1.png ||| /Users/lcchai/Work/assets/official/seiko/SPB173_1.png
https://www.seikowatches.com/us-en/products/presage/SRP837 ||| https://storage.seikowatches.com/image/2020/03/19155244896696/0/SRP837_1.png ||| /Users/lcchai/Work/assets/official/seiko/SRP837_1.png
https://www.seikowatches.com/us-en/products/presage/SRP839 ||| https://storage.seikowatches.com/image/2020/03/19160505197766/0/SRP839_1.png ||| /Users/lcchai/Work/assets/official/seiko/SRP839_1.png
https://www.seikowatches.com/us-en/products/presage/SRP841 ||| https://storage.seikowatches.com/image/2020/03/19154607585869/0/SRP841_1.png ||| /Users/lcchai/Work/assets/official/seiko/SRP841_1.png
https://www.seikowatches.com/us-en/products/presage/SRPB41 ||| https://storage.seikowatches.com/image/2020/03/19183545627372/0/SRPB41_1.png ||| /Users/lcchai/Work/assets/official/seiko/SRPB41_1.png
https://www.seikowatches.com/us-en/products/presage/SRPB43 ||| https://storage.seikowatches.com/image/2020/03/19175943333460/0/SRPB43_1.png ||| /Users/lcchai/Work/assets/official/seiko/SRPB43_1.png
https://www.seikowatches.com/us-en/products/presage/SRPB46 ||| https://storage.seikowatches.com/image/2020/03/19183055408026/0/SRPB46_1.png ||| /Users/lcchai/Work/assets/official/seiko/SRPB46_1.png
https://www.seikowatches.com/us-en/products/presage/SRPB77 ||| https://storage.seikowatches.com/image/2020/03/19183834168339/0/SRPB77_1.png ||| /Users/lcchai/Work/assets/official/seiko/SRPB77_1.png
https://www.seikowatches.com/us-en/products/presage/SRPC99 ||| https://storage.seikowatches.com/image/2020/02/25234742393516/0/SRPC99_1.png ||| /Users/lcchai/Work/assets/official/seiko/SRPC99_1.png
https://www.seikowatches.com/us-en/products/presage/SRPD36 ||| https://storage.seikowatches.com/image/2020/03/19161806908607/0/SRPD36_1.png ||| /Users/lcchai/Work/assets/official/seiko/SRPD36_1.png
https://www.seikowatches.com/us-en/products/presage/SRPD37 ||| https://storage.seikowatches.com/image/2020/03/19160146291897/0/SRPD37_1.png ||| /Users/lcchai/Work/assets/official/seiko/SRPD37_1.png
https://www.seikowatches.com/us-en/products/presage/SRPD39 ||| https://storage.seikowatches.com/image/2020/03/19190423658651/0/SRPD39_1.png ||| /Users/lcchai/Work/assets/official/seiko/SRPD39_1.png
https://www.seikowatches.com/us-en/products/presage/SRPD41 ||| https://storage.seikowatches.com/image/2020/03/19190622483610/0/SRPD41_1.png ||| /Users/lcchai/Work/assets/official/seiko/SRPD41_1.png
https://www.seikowatches.com/us-en/products/presage/SRPE15 ||| https://storage.seikowatches.com/image/2020/03/19155844039017/0/SRPE15_1.png ||| /Users/lcchai/Work/assets/official/seiko/SRPE15_1.png
https://www.seikowatches.com/us-en/products/presage/SRPE17 ||| https://storage.seikowatches.com/image/2020/03/19155003591202/0/SRPE17_1.png ||| /Users/lcchai/Work/assets/official/seiko/SRPE17_1.png
https://www.seikowatches.com/us-en/products/presage/SRPE19 ||| https://storage.seikowatches.com/image/2020/03/19154250369055/0/SRPE19_1.png ||| /Users/lcchai/Work/assets/official/seiko/SRPE19_1.png
https://www.seikowatches.com/us-en/products/presage/SRPE41 ||| https://storage.seikowatches.com/image/2020/08/06174643291079/0/SRPE41_1.png ||| /Users/lcchai/Work/assets/official/seiko/SRPE41_1.png
https://www.seikowatches.com/us-en/products/presage/SRPE43 ||| https://storage.seikowatches.com/image/2020/08/06175022562792/0/SRPE43_1.png ||| /Users/lcchai/Work/assets/official/seiko/SRPE43_1.png
https://www.seikowatches.com/us-en/products/presage/SRPE45 ||| https://storage.seikowatches.com/image/2020/08/06175231899355/0/SRPE45_1.png ||| /Users/lcchai/Work/assets/official/seiko/SRPE45_1.png
https://www.seikowatches.com/us-en/products/presage/SRPF41 ||| https://storage.seikowatches.com/image/2020/10/26183343903381/0/SRPF41_1.png ||| /Users/lcchai/Work/assets/official/seiko/SRPF41_1.png
https://www.seikowatches.com/us-en/products/presage/SRPF43 ||| https://storage.seikowatches.com/image/2020/10/26184407547329/0/SRPF43_1.png ||| /Users/lcchai/Work/assets/official/seiko/SRPF43_1.png
https://www.seikowatches.com/us-en/products/presage/SRPF47 ||| https://storage.seikowatches.com/image/2021/01/20220950170352/0/SRPF47_1.png ||| /Users/lcchai/Work/assets/official/seiko/SRPF47_1.png
https://www.seikowatches.com/us-en/products/presage/SRPF50 ||| https://storage.seikowatches.com/image/2021/01/20221316089475/0/SRPF50_1.png ||| /Users/lcchai/Work/assets/official/seiko/SRPF50_1.png
https://www.seikowatches.com/us-en/products/presage/SRPF51 ||| https://storage.seikowatches.com/image/2020/10/26185956550392/0/SRPF51_1.png ||| /Users/lcchai/Work/assets/official/seiko/SRPF51_1.png
https://www.seikowatches.com/us-en/products/presage/SRPF53 ||| https://storage.seikowatches.com/image/2020/10/27153149337554/0/SRPF53_1.png ||| /Users/lcchai/Work/assets/official/seiko/SRPF53_1.png
https://www.seikowatches.com/us-en/products/presage/SRPF54 ||| https://storage.seikowatches.com/image/2020/10/27153713320933/0/SRPF54_1.png ||| /Users/lcchai/Work/assets/official/seiko/SRPF54_1.png
https://www.seikowatches.com/us-en/products/presage/SRPF55 ||| https://storage.seikowatches.com/image/2020/10/27155512299488/0/SRPF55_1.png ||| /Users/lcchai/Work/assets/official/seiko/SRPF55_1.png
https://www.seikowatches.com/us-en/products/presage/SRQ023 ||| https://storage.seikowatches.com/image/2020/03/19022005075300/0/SRQ023_1.png ||| /Users/lcchai/Work/assets/official/seiko/SRQ023_1.png
https://www.seikowatches.com/us-en/products/presage/SRQ025 ||| https://storage.seikowatches.com/image/2020/03/19022230085251/0/SRQ025_1.png ||| /Users/lcchai/Work/assets/official/seiko/SRQ025_1.png
https://www.seikowatches.com/us-en/products/presage/SRQ031 ||| https://storage.seikowatches.com/image/2020/03/18145323096730/0/SRQ031_1.png ||| /Users/lcchai/Work/assets/official/seiko/SRQ031_1.png
https://www.seikowatches.com/us-en/products/presage/SRQ033 ||| https://storage.seikowatches.com/image/2020/05/31023534821259/0/SRQ033_1.png ||| /Users/lcchai/Work/assets/official/seiko/SRQ033_1.png
https://www.seikowatches.com/us-en/products/presage/SSA343 ||| https://storage.seikowatches.com/image/2020/03/19162352326491/0/SSA343_1.png ||| /Users/lcchai/Work/assets/official/seiko/SSA343_1.png
https://www.seikowatches.com/us-en/products/presage/SSA346 ||| https://storage.seikowatches.com/image/2020/02/25234118451745/0/SSA346_1.png ||| /Users/lcchai/Work/assets/official/seiko/SSA346_1.png
https://www.seikowatches.com/us-en/products/presage/SSA358 ||| https://storage.seikowatches.com/image/2020/03/19184512873902/0/SSA358_1.png ||| /Users/lcchai/Work/assets/official/seiko/SSA358_1.png
https://www.seikowatches.com/us-en/products/presage/SSA359 ||| https://storage.seikowatches.com/image/2020/03/19184245525329/0/SSA359_1.png ||| /Users/lcchai/Work/assets/official/seiko/SSA359_1.png
https://www.seikowatches.com/us-en/products/presage/SSA387 ||| https://storage.seikowatches.com/image/2020/03/19180200558737/0/SSA387_1.png ||| /Users/lcchai/Work/assets/official/seiko/SSA387_1.png
https://www.seikowatches.com/us-en/products/presage/SSA392 ||| https://storage.seikowatches.com/image/2020/03/19161122078229/0/SSA392_1.png ||| /Users/lcchai/Work/assets/official/seiko/SSA392_1.png
https://www.seikowatches.com/us-en/products/presage/SSA393 ||| https://storage.seikowatches.com/image/2020/03/19182335187275/0/SSA393_1.png ||| /Users/lcchai/Work/assets/official/seiko/SSA393_1.png
https://www.seikowatches.com/us-en/products/presage/SSA395 ||| https://storage.seikowatches.com/image/2020/06/16204941307480/0/SSA395_1.png ||| /Users/lcchai/Work/assets/official/seiko/SSA395_1.png
https://www.seikowatches.com/us-en/products/presage/SSA397 ||| https://storage.seikowatches.com/image/2020/03/19185108011679/0/SSA397_1.png ||| /Users/lcchai/Work/assets/official/seiko/SSA397_1.png
https://www.seikowatches.com/us-en/products/presage/SSA405 ||| https://storage.seikowatches.com/image/2020/03/19152953706062/0/SSA405_1.png ||| /Users/lcchai/Work/assets/official/seiko/SSA405_1.png
https://www.seikowatches.com/us-en/products/presage/SSA407 ||| https://storage.seikowatches.com/image/2020/03/19153636277015/0/SSA407_1.png ||| /Users/lcchai/Work/assets/official/seiko/SSA407_1.png
https://www.seikowatches.com/us-en/products/presage/SSA409 ||| https://storage.seikowatches.com/image/2020/03/19024006412288/0/SSA409_1.png ||| /Users/lcchai/Work/assets/official/seiko/SSA409_1.png
https://www.seikowatches.com/us-en/products/presage/SSA781 ||| https://storage.seikowatches.com/image/2020/03/19151013905308/0/SSA781_1.png ||| /Users/lcchai/Work/assets/official/seiko/SSA781_1.png
https://www.seikowatches.com/us-en/products/presage/SSA783 ||| https://storage.seikowatches.com/image/2020/03/19153928650457/0/SSA783_1.png ||| /Users/lcchai/Work/assets/official/seiko/SSA783_1.png
https://www.seikowatches.com/us-en/products/presage/SSA785 ||| https://storage.seikowatches.com/image/2020/03/19153245878970/0/SSA785_1.png ||| /Users/lcchai/Work/assets/official/seiko/SSA785_1.png
https://www.seikowatches.com/us-en/products/prospex/SLA021 ||| https://storage.seikowatches.com/image/2020/03/04140833545357/0/SLA021_1.png ||| /Users/lcchai/Work/assets/official/seiko/SLA021_1.png
https://www.seikowatches.com/us-en/products/prospex/SLA023 ||| https://storage.seikowatches.com/image/2020/03/04140402381732/0/SLA023_1.png ||| /Users/lcchai/Work/assets/official/seiko/SLA023_1.png
https://www.seikowatches.com/us-en/products/prospex/SLA035 ||| https://storage.seikowatches.com/image/2020/03/04141243020991/0/SLA035_1.png ||| /Users/lcchai/Work/assets/official/seiko/SLA035_1.png
https://www.seikowatches.com/us-en/products/prospex/SLA037 ||| https://storage.seikowatches.com/image/2020/04/30224848648898/0/SLA037_1.png ||| /Users/lcchai/Work/assets/official/seiko/SLA037_1.png
https://www.seikowatches.com/us-en/products/prospex/SLA039 ||| https://storage.seikowatches.com/image/2020/04/30195052903492/0/SLA039_1.png ||| /Users/lcchai/Work/assets/official/seiko/SLA039_1.png
https://www.seikowatches.com/us-en/products/prospex/SLA041 ||| https://storage.seikowatches.com/image/2020/04/30194115840238/0/SLA041_1.png ||| /Users/lcchai/Work/assets/official/seiko/SLA041_1.png
https://www.seikowatches.com/us-en/products/prospex/SLA043 ||| https://storage.seikowatches.com/image/2020/10/01182229250892/0/SLA043_1.png ||| /Users/lcchai/Work/assets/official/seiko/SLA043_1.png
https://www.seikowatches.com/us-en/products/prospex/SNE435 ||| https://storage.seikowatches.com/image/2020/03/18002519029920/0/SNE435_1.png ||| /Users/lcchai/Work/assets/official/seiko/SNE435_1.png
https://www.seikowatches.com/us-en/products/prospex/SNE441 ||| https://storage.seikowatches.com/image/2020/03/18002200089119/0/SNE441_1.png ||| /Users/lcchai/Work/assets/official/seiko/SNE441_1.png
https://www.seikowatches.com/us-en/products/prospex/SNE498 ||| https://storage.seikowatches.com/image/2020/03/18001002083716/0/SNE498_1.png ||| /Users/lcchai/Work/assets/official/seiko/SNE498_1.png
https://www.seikowatches.com/us-en/products/prospex/SNE499 ||| https://storage.seikowatches.com/image/2020/03/18001711832664/0/SNE499_1.png ||| /Users/lcchai/Work/assets/official/seiko/SNE499_1.png
https://www.seikowatches.com/us-en/products/prospex/SNE533 ||| https://storage.seikowatches.com/image/2020/03/17235832681303/0/SNE533_1.png ||| /Users/lcchai/Work/assets/official/seiko/SNE533_1.png
https://www.seikowatches.com/us-en/products/prospex/SNE535 ||| https://storage.seikowatches.com/image/2020/03/18000226435421/0/SNE535_1.png ||| /Users/lcchai/Work/assets/official/seiko/SNE535_1.png
https://www.seikowatches.com/us-en/products/prospex/SNE537 ||| https://storage.seikowatches.com/image/2020/03/18000644934060/0/SNE537_1.png ||| /Users/lcchai/Work/assets/official/seiko/SNE537_1.png
https://www.seikowatches.com/us-en/products/prospex/SNE541 ||| https://storage.seikowatches.com/image/2020/03/13150955474331/0/SNE541_1.png ||| /Users/lcchai/Work/assets/official/seiko/SNE541_1.png
https://www.seikowatches.com/us-en/products/prospex/SNE543 ||| https://storage.seikowatches.com/image/2020/03/17225459603010/0/SNE543_1.png ||| /Users/lcchai/Work/assets/official/seiko/SNE543_1.png
https://www.seikowatches.com/us-en/products/prospex/SNE545 ||| https://storage.seikowatches.com/image/2020/05/18022221431695/0/SNE545_1.png ||| /Users/lcchai/Work/assets/official/seiko/SNE545_1.png
https://www.seikowatches.com/us-en/products/prospex/SNE547 ||| https://storage.seikowatches.com/image/2020/05/18022933576776/0/SNE547_1.png ||| /Users/lcchai/Work/assets/official/seiko/SNE547_1.png
https://www.seikowatches.com/us-en/products/prospex/SNE567 ||| https://storage.seikowatches.com/image/2020/10/26160526842384/0/SNE567_1_4.png ||| /Users/lcchai/Work/assets/official/seiko/SNE567_1_4.png
https://www.seikowatches.com/us-en/products/prospex/SNJ025 ||| https://storage.seikowatches.com/image/2020/03/13143341372212/0/SNJ025_1.png ||| /Users/lcchai/Work/assets/official/seiko/SNJ025_1.png
https://www.seikowatches.com/us-en/products/prospex/SNJ027 ||| https://storage.seikowatches.com/image/2020/03/13150420728594/0/SNJ027_1.png ||| /Users/lcchai/Work/assets/official/seiko/SNJ027_1.png
https://www.seikowatches.com/us-en/products/prospex/SNJ029 ||| https://storage.seikowatches.com/image/2020/05/18120932930145/0/SNJ029_1.png ||| /Users/lcchai/Work/assets/official/seiko/SNJ029_1.png
https://www.seikowatches.com/us-en/products/prospex/SNJ031 ||| https://storage.seikowatches.com/image/2020/05/18121226691503/0/SNJ031_1.png ||| /Users/lcchai/Work/assets/official/seiko/SNJ031_1.png
https://www.seikowatches.com/us-en/products/prospex/SNR025 ||| https://storage.seikowatches.com/image/2020/03/06215031078235/0/SNR025_1.png ||| /Users/lcchai/Work/assets/official/seiko/SNR025_1.png
https://www.seikowatches.com/us-en/products/prospex/SNR027 ||| https://storage.seikowatches.com/image/2020/03/06215620220474/0/SNR027_1.png ||| /Users/lcchai/Work/assets/official/seiko/SNR027_1.png
https://www.seikowatches.com/us-en/products/prospex/SNR029 ||| https://storage.seikowatches.com/image/2020/03/06191900192583/0/SNR029_1.png ||| /Users/lcchai/Work/assets/official/seiko/SNR029_1.png
https://www.seikowatches.com/us-en/products/prospex/SNR031 ||| https://storage.seikowatches.com/image/2020/03/06194757647915/0/SNR031_1.png ||| /Users/lcchai/Work/assets/official/seiko/SNR031_1.png
https://www.seikowatches.com/us-en/products/prospex/SNR033 ||| https://storage.seikowatches.com/image/2020/03/10165738249601/0/SNR033_1.png ||| /Users/lcchai/Work/assets/official/seiko/SNR033_1.png
https://www.seikowatches.com/us-en/products/prospex/SNR035 ||| https://storage.seikowatches.com/image/2020/03/10170832519780/0/SNR035_1.png ||| /Users/lcchai/Work/assets/official/seiko/SNR035_1.png
https://www.seikowatches.com/us-en/products/prospex/SNR041 ||| https://storage.seikowatches.com/image/2020/03/06190342345902/0/SNR041_1.png ||| /Users/lcchai/Work/assets/official/seiko/SNR041_1.png
https://www.seikowatches.com/us-en/products/prospex/SNR043 ||| https://storage.seikowatches.com/image/2020/03/06180049498399/0/SNR043_11.png ||| /Users/lcchai/Work/assets/official/seiko/SNR043_11.png
https://www.seikowatches.com/us-en/products/prospex/SNR045 ||| https://storage.seikowatches.com/image/2020/07/13202901158856/0/SNR045_1.png ||| /Users/lcchai/Work/assets/official/seiko/SNR045_1.png
https://www.seikowatches.com/us-en/products/prospex/SNR049 ||| https://storage.seikowatches.com/image/2020/10/26175119884461/0/SNR049_1.png ||| /Users/lcchai/Work/assets/official/seiko/SNR049_1.png
https://www.seikowatches.com/us-en/products/prospex/SPB051 ||| https://storage.seikowatches.com/image/2020/03/12143914348778/0/SPB051_1.png ||| /Users/lcchai/Work/assets/official/seiko/SPB051_1.png
https://www.seikowatches.com/us-en/products/prospex/SPB053 ||| https://storage.seikowatches.com/image/2020/03/12143440901756/0/SPB053_1.png ||| /Users/lcchai/Work/assets/official/seiko/SPB053_1.png
https://www.seikowatches.com/us-en/products/prospex/SPB071 ||| https://storage.seikowatches.com/image/2020/03/12143022086682/0/SPB071_1.png ||| /Users/lcchai/Work/assets/official/seiko/SPB071_1.png
https://www.seikowatches.com/us-en/products/prospex/SPB077 ||| https://storage.seikowatches.com/image/2020/03/10172052507754/0/SPB077_1.png ||| /Users/lcchai/Work/assets/official/seiko/SPB077_1.png
https://www.seikowatches.com/us-en/products/prospex/SPB079 ||| https://storage.seikowatches.com/image/2020/03/10172518989886/0/SPB079_1.png ||| /Users/lcchai/Work/assets/official/seiko/SPB079_1.png
https://www.seikowatches.com/us-en/products/prospex/SPB087 ||| https://storage.seikowatches.com/image/2020/03/12140011495240/0/SPB087_1.png ||| /Users/lcchai/Work/assets/official/seiko/SPB087_1.png
https://www.seikowatches.com/us-en/products/prospex/SPB097 ||| https://storage.seikowatches.com/image/2020/03/10172316374837/0/SPB097_1.png ||| /Users/lcchai/Work/assets/official/seiko/SPB097_1.png
https://www.seikowatches.com/us-en/products/prospex/SPB101 ||| https://storage.seikowatches.com/image/2020/03/12141602990786/0/SPB101_1.png ||| /Users/lcchai/Work/assets/official/seiko/SPB101_1.png
https://www.seikowatches.com/us-en/products/prospex/SPB103 ||| https://storage.seikowatches.com/image/2020/03/12142720846408/0/SPB103_1.png ||| /Users/lcchai/Work/assets/official/seiko/SPB103_1.png
https://www.seikowatches.com/us-en/products/prospex/SPB105 ||| https://storage.seikowatches.com/image/2020/03/10171734462971/0/SPB105_1.png ||| /Users/lcchai/Work/assets/official/seiko/SPB105_1.png
https://www.seikowatches.com/us-en/products/prospex/SPB117 ||| https://storage.seikowatches.com/image/2020/03/12151155719841/0/SPB117_1.png ||| /Users/lcchai/Work/assets/official/seiko/SPB117_1.png
https://www.seikowatches.com/us-en/products/prospex/SPB119 ||| https://storage.seikowatches.com/image/2020/03/12150024061246/0/SPB119_1.png ||| /Users/lcchai/Work/assets/official/seiko/SPB119_1.png
https://www.seikowatches.com/us-en/products/prospex/SPB121 ||| https://storage.seikowatches.com/image/2020/03/12150520771312/0/SPB121_1.png ||| /Users/lcchai/Work/assets/official/seiko/SPB121_1.png
https://www.seikowatches.com/us-en/products/prospex/SPB125 ||| https://storage.seikowatches.com/image/2020/03/12140313926825/0/SPB125_1.png ||| /Users/lcchai/Work/assets/official/seiko/SPB125_1.png
https://www.seikowatches.com/us-en/products/prospex/SPB149 ||| https://storage.seikowatches.com/image/2020/04/30200018986475/0/SPB149_1.png ||| /Users/lcchai/Work/assets/official/seiko/SPB149_1.png
https://www.seikowatches.com/us-en/products/prospex/SPB151 ||| https://storage.seikowatches.com/image/2020/04/14191737294103/0/SPB151_1_int_small.png ||| /Users/lcchai/Work/assets/official/seiko/SPB151_1_int_small.png
https://www.seikowatches.com/us-en/products/prospex/SPB153 ||| https://storage.seikowatches.com/image/2020/04/14191612561583/0/SPB153_1_int_small.png ||| /Users/lcchai/Work/assets/official/seiko/SPB153_1_int_small.png
https://www.seikowatches.com/us-en/products/prospex/SPB155 ||| https://storage.seikowatches.com/image/2020/09/30160159672813/0/SPB155_1.png ||| /Users/lcchai/Work/assets/official/seiko/SPB155_1.png
https://www.seikowatches.com/us-en/products/prospex/SPB157 ||| https://storage.seikowatches.com/image/2020/09/30160524682366/0/SPB157_1.png ||| /Users/lcchai/Work/assets/official/seiko/SPB157_1.png
https://www.seikowatches.com/us-en/products/prospex/SPB159 ||| https://storage.seikowatches.com/image/2020/09/30160828927559/0/SPB159_1.png ||| /Users/lcchai/Work/assets/official/seiko/SPB159_1.png
https://www.seikowatches.com/us-en/products/prospex/SPB175 ||| https://storage.seikowatches.com/image/2020/10/27163457455643/0/SPB175_1.png ||| /Users/lcchai/Work/assets/official/seiko/SPB175_1.png
https://www.seikowatches.com/us-en/products/prospex/SPB177 ||| https://storage.seikowatches.com/image/2020/10/27164250355603/0/SPB177_1.png ||| /Users/lcchai/Work/assets/official/seiko/SPB177_1.png
https://www.seikowatches.com/us-en/products/prospex/SPB179 ||| https://storage.seikowatches.com/image/2020/10/27164731300435/0/SPB179_1.png ||| /Users/lcchai/Work/assets/official/seiko/SPB179_1.png
https://www.seikowatches.com/us-en/products/prospex/SPB183 ||| https://storage.seikowatches.com/image/2020/10/02132145721419/0/SPB183_1.png ||| /Users/lcchai/Work/assets/official/seiko/SPB183_1.png
https://www.seikowatches.com/us-en/products/prospex/SPB185 ||| https://storage.seikowatches.com/image/2021/01/05181651229899/0/SPB185_1.png ||| /Users/lcchai/Work/assets/official/seiko/SPB185_1.png
https://www.seikowatches.com/us-en/products/prospex/SPB187 ||| https://storage.seikowatches.com/image/2021/01/05182807705795/0/SPB187_1.png ||| /Users/lcchai/Work/assets/official/seiko/SPB187_1.png
https://www.seikowatches.com/us-en/products/prospex/SPB189 ||| https://storage.seikowatches.com/image/2021/01/05183210092441/0/SPB189_1.png ||| /Users/lcchai/Work/assets/official/seiko/SPB189_1.png
https://www.seikowatches.com/us-en/products/prospex/SPB191 ||| https://storage.seikowatches.com/image/2021/01/05183617533136/0/SPB191_1.png ||| /Users/lcchai/Work/assets/official/seiko/SPB191_1.png
https://www.seikowatches.com/us-en/products/prospex/SRPA21 ||| https://storage.seikowatches.com/image/2020/03/12183050993500/0/SRPA21_1.png ||| /Users/lcchai/Work/assets/official/seiko/SRPA21_1.png
https://www.seikowatches.com/us-en/products/prospex/SRPB51 ||| https://storage.seikowatches.com/image/2020/03/13134637232088/0/SRPB51_1.png ||| /Users/lcchai/Work/assets/official/seiko/SRPB51_1.png
https://www.seikowatches.com/us-en/products/prospex/SRPB53 ||| https://storage.seikowatches.com/image/2020/03/13134053346097/0/SRPB53_1.png ||| /Users/lcchai/Work/assets/official/seiko/SRPB53_1.png
https://www.seikowatches.com/us-en/products/prospex/SRPB99 ||| https://storage.seikowatches.com/image/2020/03/13135418821068/0/SRPB99_1.png ||| /Users/lcchai/Work/assets/official/seiko/SRPB99_1.png
https://www.seikowatches.com/us-en/products/prospex/SRPC07 ||| https://storage.seikowatches.com/image/2020/03/13125145267684/0/SRPC07_1.png ||| /Users/lcchai/Work/assets/official/seiko/SRPC07_1.png
https://www.seikowatches.com/us-en/products/prospex/SRPC44 ||| https://storage.seikowatches.com/image/2020/03/12153459950897/0/SRPC44_1.png ||| /Users/lcchai/Work/assets/official/seiko/SRPC44_1.png
https://www.seikowatches.com/us-en/products/prospex/SRPC91 ||| https://storage.seikowatches.com/image/2020/03/12153725378334/0/SRPC91_1.png ||| /Users/lcchai/Work/assets/official/seiko/SRPC91_1.png
https://www.seikowatches.com/us-en/products/prospex/SRPC93 ||| https://storage.seikowatches.com/image/2020/03/13124914836701/0/SRPC93_1.png ||| /Users/lcchai/Work/assets/official/seiko/SRPC93_1.png
https://www.seikowatches.com/us-en/products/prospex/SRPD09 ||| https://storage.seikowatches.com/image/2020/03/13124254258540/0/SRPD09_1.png ||| /Users/lcchai/Work/assets/official/seiko/SRPD09_1.png
https://www.seikowatches.com/us-en/products/prospex/SRPD11 ||| https://storage.seikowatches.com/image/2020/03/12153231319278/0/SRPD11_1.png ||| /Users/lcchai/Work/assets/official/seiko/SRPD11_1.png
https://www.seikowatches.com/us-en/products/prospex/SRPD21 ||| https://storage.seikowatches.com/image/2020/03/12152555425953/0/SRPD21_1.png ||| /Users/lcchai/Work/assets/official/seiko/SRPD21_1.png
https://www.seikowatches.com/us-en/products/prospex/SRPD23 ||| https://storage.seikowatches.com/image/2020/03/13123943608442/0/SRPD23_1.png ||| /Users/lcchai/Work/assets/official/seiko/SRPD23_1.png
https://www.seikowatches.com/us-en/products/prospex/SRPD25 ||| https://storage.seikowatches.com/image/2020/03/13140407608211/0/SRPD25_1.png ||| /Users/lcchai/Work/assets/official/seiko/SRPD25_1.png
https://www.seikowatches.com/us-en/products/prospex/SRPD27 ||| https://storage.seikowatches.com/image/2020/03/13135659157491/0/SRPD27_1.png ||| /Users/lcchai/Work/assets/official/seiko/SRPD27_1.png
https://www.seikowatches.com/us-en/products/prospex/SRPE03 ||| https://storage.seikowatches.com/image/2020/03/12152049247787/0/SRPE03_1.png ||| /Users/lcchai/Work/assets/official/seiko/SRPE03_1.png
https://www.seikowatches.com/us-en/products/prospex/SRPE05 ||| https://storage.seikowatches.com/image/2020/03/12151806292288/0/SRPE05_1.png ||| /Users/lcchai/Work/assets/official/seiko/SRPE05_1.png
https://www.seikowatches.com/us-en/products/prospex/SRPE07 ||| https://storage.seikowatches.com/image/2020/03/12151523176533/0/SRPE07_1.png ||| /Users/lcchai/Work/assets/official/seiko/SRPE07_1.png
https://www.seikowatches.com/us-en/products/prospex/SRPE33 ||| https://storage.seikowatches.com/image/2020/09/30154141125905/0/SRPE33_1.png ||| /Users/lcchai/Work/assets/official/seiko/SRPE33_1.png
https://www.seikowatches.com/us-en/products/prospex/SRPE35 ||| https://storage.seikowatches.com/image/2020/09/30155141578757/0/SRPE35_1.png ||| /Users/lcchai/Work/assets/official/seiko/SRPE35_1.png
https://www.seikowatches.com/us-en/products/prospex/SRPE37 ||| https://storage.seikowatches.com/image/2020/09/30155525224865/0/SRPE37_1.png ||| /Users/lcchai/Work/assets/official/seiko/SRPE37_1.png
https://www.seikowatches.com/us-en/products/prospex/SRPE39 ||| https://storage.seikowatches.com/image/2020/09/30155805544473/0/SRPE39_1.png ||| /Users/lcchai/Work/assets/official/seiko/SRPE39_1.png
https://www.seikowatches.com/us-en/products/prospex/SRPF77 ||| https://storage.seikowatches.com/image/2021/01/20220042501017/0/SRPF77_1.png ||| /Users/lcchai/Work/assets/official/seiko/SRPF77_1.png
https://www.seikowatches.com/us-en/products/prospex/SRPF79 ||| https://storage.seikowatches.com/image/2021/01/20220610476881/0/SRPF79_1.png ||| /Users/lcchai/Work/assets/official/seiko/SRPF79_1.png
https://www.seikowatches.com/us-en/products/prospex/SRQ029 ||| https://storage.seikowatches.com/image/2020/03/12144219076015/0/SRQ029_1.png ||| /Users/lcchai/Work/assets/official/seiko/SRQ029_1.png
https://www.seikowatches.com/us-en/products/prospex/SSC701 ||| https://storage.seikowatches.com/image/2020/03/18002750721096/0/SSC701_1.png ||| /Users/lcchai/Work/assets/official/seiko/SSC701_1.png
