https://www.sinn.de/en/Modell/103_A_Sa.htm ||| https://www.sinn.de/bilder/uhr/480x640/x103-A-Sa_V.jpg.pagespeed.ic.IfCIi3tGc0.jpg ||| /Users/lcchai/Work/assets/official/sinn/x103-A-Sa_V.jpg.pagespeed.ic.IfCIi3tGc0.jpg
https://www.sinn.de/en/Modell/103_A_Sa_B.htm ||| https://www.sinn.de/bilder/uhr/480x640/x103-A-Sa-B_V.jpg.pagespeed.ic.qpNwbuQy6b.jpg ||| /Users/lcchai/Work/assets/official/sinn/x103-A-Sa-B_V.jpg.pagespeed.ic.qpNwbuQy6b.jpg
https://www.sinn.de/en/Modell/103_Sa_B_E.htm ||| https://www.sinn.de/bilder/uhr/480x640/x103-Sa-B-E_V.jpg.pagespeed.ic.2uAm2YlEk8.jpg ||| /Users/lcchai/Work/assets/official/sinn/x103-Sa-B-E_V.jpg.pagespeed.ic.2uAm2YlEk8.jpg
https://www.sinn.de/en/Modell/103_Sa_G.htm ||| https://www.sinn.de/bilder/uhr/480x640/x103-Sa-G_V.jpg.pagespeed.ic.fR-xMoCC9D.jpg ||| /Users/lcchai/Work/assets/official/sinn/x103-Sa-G_V.jpg.pagespeed.ic.fR-xMoCC9D.jpg
https://www.sinn.de/en/Modell/103_St_C.htm ||| https://www.sinn.de/bilder/uhr/480x640/103-St-C_V.jpg ||| /Users/lcchai/Work/assets/official/sinn/103-St-C_V.jpg
https://www.sinn.de/en/Modell/103_St_Sa_Ar_UTC.htm ||| https://www.sinn.de/bilder/uhr/480x640/103-St-Sa-Ar-UTC_V.jpg ||| /Users/lcchai/Work/assets/official/sinn/103-St-Sa-Ar-UTC_V.jpg
https://www.sinn.de/en/Modell/103_St_Sa_E.htm ||| https://www.sinn.de/bilder/uhr/480x640/103-St-Sa-E_V.jpg ||| /Users/lcchai/Work/assets/official/sinn/103-St-Sa-E_V.jpg
https://www.sinn.de/en/Modell/103_St_Sa_wanted.htm ||| https://www.sinn.de/bilder/uhr/480x640/103-St-Sa-wanted_V.jpg ||| /Users/lcchai/Work/assets/official/sinn/103-St-Sa-wanted_V.jpg
https://www.sinn.de/en/Modell/103_St_Ty.htm ||| https://www.sinn.de/bilder/uhr/480x640/103-St-Ty_V.jpg ||| /Users/lcchai/Work/assets/official/sinn/103-St-Ty_V.jpg
https://www.sinn.de/en/Modell/103_Ti_Ar.htm ||| https://www.sinn.de/bilder/uhr/480x640/103-Ti-Ar_V.jpg ||| /Users/lcchai/Work/assets/official/sinn/103-Ti-Ar_V.jpg
https://www.sinn.de/en/Modell/103_Ti_Ar_-_Edition_DIE_ZEIT.htm ||| https://www.sinn.de/bilder/uhr/480x640/x103-Ti-Ar---Edition-DIE-ZEIT_V.jpg.pagespeed.ic.Pc5qFMOSXu.jpg ||| /Users/lcchai/Work/assets/official/sinn/x103-Ti-Ar---Edition-DIE-ZEIT_V.jpg.pagespeed.ic.Pc5qFMOSXu.jpg
https://www.sinn.de/en/Modell/103_Ti_Ar_UTC.htm ||| https://www.sinn.de/bilder/uhr/480x640/x103-Ti-Ar-UTC_V.jpg.pagespeed.ic.anZvjFjG3X.jpg ||| /Users/lcchai/Work/assets/official/sinn/x103-Ti-Ar-UTC_V.jpg.pagespeed.ic.anZvjFjG3X.jpg
https://www.sinn.de/en/Modell/103_Ti_TESTAF.htm ||| https://www.sinn.de/bilder/uhr/480x640/x103-Ti-TESTAF_V.jpg.pagespeed.ic.gaXv1Mrf47.jpg ||| /Users/lcchai/Work/assets/official/sinn/x103-Ti-TESTAF_V.jpg.pagespeed.ic.gaXv1Mrf47.jpg
https://www.sinn.de/en/Modell/103_Ti_UTC_TESTAF.htm ||| https://www.sinn.de/bilder/uhr/480x640/x103-Ti-UTC-TESTAF_V.jpg.pagespeed.ic.wIJGgMUokA.jpg ||| /Users/lcchai/Work/assets/official/sinn/x103-Ti-UTC-TESTAF_V.jpg.pagespeed.ic.wIJGgMUokA.jpg
https://www.sinn.de/en/Modell/104_St_Sa_A_B_E.htm ||| https://www.sinn.de/bilder/uhr/480x640/x104-St-Sa-A-B-E_V.jpg.pagespeed.ic.TFehDGzY01.jpg ||| /Users/lcchai/Work/assets/official/sinn/x104-St-Sa-A-B-E_V.jpg.pagespeed.ic.TFehDGzY01.jpg
https://www.sinn.de/en/Modell/104_St_Sa_A_G.htm ||| https://www.sinn.de/bilder/uhr/480x640/x104-St-Sa-A-G_V.jpg.pagespeed.ic.Odr7Xv9UGL.jpg ||| /Users/lcchai/Work/assets/official/sinn/x104-St-Sa-A-G_V.jpg.pagespeed.ic.Odr7Xv9UGL.jpg
https://www.sinn.de/en/Modell/104_St_Sa_I_MG.htm ||| https://www.sinn.de/bilder/uhr/480x640/x104-St-Sa-I-MG_V.jpg.pagespeed.ic.JOVavbgIYi.jpg ||| /Users/lcchai/Work/assets/official/sinn/x104-St-Sa-I-MG_V.jpg.pagespeed.ic.JOVavbgIYi.jpg
https://www.sinn.de/en/Modell/140_A.htm ||| https://www.sinn.de/bilder/uhr/480x640/x140-A_V.jpg.pagespeed.ic.sRogBJvTrW.jpg ||| /Users/lcchai/Work/assets/official/sinn/x140-A_V.jpg.pagespeed.ic.sRogBJvTrW.jpg
https://www.sinn.de/en/Modell/142_St.htm ||| https://www.sinn.de/bilder/uhr/480x640/x142-St_V.jpg.pagespeed.ic.nYzflm63ej.jpg ||| /Users/lcchai/Work/assets/official/sinn/x142-St_V.jpg.pagespeed.ic.nYzflm63ej.jpg
https://www.sinn.de/en/Modell/142_St_II.htm ||| https://www.sinn.de/bilder/uhr/480x640/x142-St-II_V.jpg.pagespeed.ic.SYvtAR-KZu.jpg ||| /Users/lcchai/Work/assets/official/sinn/x142-St-II_V.jpg.pagespeed.ic.SYvtAR-KZu.jpg
https://www.sinn.de/en/Modell/142_St_II_GZ.htm ||| https://www.sinn.de/bilder/uhr/480x640/x142-St-II-GZ_V.jpg.pagespeed.ic.QG_Nxx524Y.jpg ||| /Users/lcchai/Work/assets/official/sinn/x142-St-II-GZ_V.jpg.pagespeed.ic.QG_Nxx524Y.jpg
https://www.sinn.de/en/Modell/142_St_S.htm ||| https://www.sinn.de/bilder/uhr/480x640/x142-St-S_V.jpg.pagespeed.ic.nlUzS80fNf.jpg ||| /Users/lcchai/Work/assets/official/sinn/x142-St-S_V.jpg.pagespeed.ic.nlUzS80fNf.jpg
https://www.sinn.de/en/Modell/144_GMT_St.htm ||| https://www.sinn.de/bilder/uhr/480x640/x144-GMT-St_V.jpg.pagespeed.ic.ItiTwVKNqY.jpg ||| /Users/lcchai/Work/assets/official/sinn/x144-GMT-St_V.jpg.pagespeed.ic.ItiTwVKNqY.jpg
https://www.sinn.de/en/Modell/144_GMT_Ti.htm ||| https://www.sinn.de/bilder/uhr/480x640/x144-GMT-Ti_V.jpg.pagespeed.ic.W4FA_tLAPW.jpg ||| /Users/lcchai/Work/assets/official/sinn/x144-GMT-Ti_V.jpg.pagespeed.ic.W4FA_tLAPW.jpg
https://www.sinn.de/en/Modell/144_St_S_Anniversary_II.htm ||| https://www.sinn.de/bilder/uhr/480x640/x144-St-S-Anniversary-II_V.jpg.pagespeed.ic.IuhzRj6McL.jpg ||| /Users/lcchai/Work/assets/official/sinn/x144-St-S-Anniversary-II_V.jpg.pagespeed.ic.IuhzRj6McL.jpg
https://www.sinn.de/en/Modell/144_Ti.htm ||| https://www.sinn.de/bilder/uhr/480x640/x144-Ti_V.jpg.pagespeed.ic.9I60E0oYhX.jpg ||| /Users/lcchai/Work/assets/official/sinn/x144-Ti_V.jpg.pagespeed.ic.9I60E0oYhX.jpg
https://www.sinn.de/en/Modell/144_Ti_DIAPAL.htm ||| https://www.sinn.de/bilder/uhr/480x640/x144-Ti-DIAPAL_V.jpg.pagespeed.ic.moaaV1TT9p.jpg ||| /Users/lcchai/Work/assets/official/sinn/x144-Ti-DIAPAL_V.jpg.pagespeed.ic.moaaV1TT9p.jpg
https://www.sinn.de/en/Modell/155_Manufactum.htm ||| https://www.sinn.de/bilder/uhr/480x640/x155-Manufactum_V.jpg.pagespeed.ic.jUNqt0MVZl.jpg ||| /Users/lcchai/Work/assets/official/sinn/x155-Manufactum_V.jpg.pagespeed.ic.jUNqt0MVZl.jpg
https://www.sinn.de/en/Modell/155_Revolution.htm ||| https://www.sinn.de/bilder/uhr/480x640/x155-Revolution_V.jpg.pagespeed.ic.3q8CGemBmK.jpg ||| /Users/lcchai/Work/assets/official/sinn/x155-Revolution_V.jpg.pagespeed.ic.3q8CGemBmK.jpg
https://www.sinn.de/en/Modell/157_St_Ty.htm ||| https://www.sinn.de/bilder/uhr/480x640/x157-St-Ty_V.jpg.pagespeed.ic.sP5gbQpN4e.jpg ||| /Users/lcchai/Work/assets/official/sinn/x157-St-Ty_V.jpg.pagespeed.ic.sP5gbQpN4e.jpg
https://www.sinn.de/en/Modell/157_Ti_Ty.htm ||| https://www.sinn.de/bilder/uhr/480x640/x157-Ti-Ty_V.jpg.pagespeed.ic.K54SsGlpW7.jpg ||| /Users/lcchai/Work/assets/official/sinn/x157-Ti-Ty_V.jpg.pagespeed.ic.K54SsGlpW7.jpg
https://www.sinn.de/en/Modell/158.htm ||| https://www.sinn.de/bilder/uhr/480x640/x158_V.jpg.pagespeed.ic.BErEkULQ_d.jpg ||| /Users/lcchai/Work/assets/official/sinn/x158_V.jpg.pagespeed.ic.BErEkULQ_d.jpg
https://www.sinn.de/en/Modell/1736_Classic.htm ||| https://www.sinn.de/bilder/uhr/480x640/1736-Classic_V.jpg ||| /Users/lcchai/Work/assets/official/sinn/1736-Classic_V.jpg
https://www.sinn.de/en/Modell/1736_Edition_FAZ.htm ||| https://www.sinn.de/bilder/uhr/480x640/1736-Edition-FAZ_V.jpg ||| /Users/lcchai/Work/assets/official/sinn/1736-Edition-FAZ_V.jpg
https://www.sinn.de/en/Modell/1736_St_I_4N.htm ||| https://www.sinn.de/bilder/uhr/480x640/x1736-St-I-4N_V.jpg.pagespeed.ic.Wxc72uGPId.jpg ||| /Users/lcchai/Work/assets/official/sinn/x1736-St-I-4N_V.jpg.pagespeed.ic.Wxc72uGPId.jpg
https://www.sinn.de/en/Modell/1739_St_I_4N.htm ||| https://www.sinn.de/bilder/uhr/480x640/x1739-St-I-4N_V.jpg.pagespeed.ic.Z43zGzC67T.jpg ||| /Users/lcchai/Work/assets/official/sinn/x1739-St-I-4N_V.jpg.pagespeed.ic.Z43zGzC67T.jpg
https://www.sinn.de/en/Modell/1746_Classic.htm ||| https://www.sinn.de/bilder/uhr/480x640/1746-Classic_V.jpg ||| /Users/lcchai/Work/assets/official/sinn/1746-Classic_V.jpg
https://www.sinn.de/en/Modell/1746_Heimat.htm ||| https://www.sinn.de/bilder/uhr/480x640/x1746-Heimat_V.jpg.pagespeed.ic.jKbzz0F7BP.jpg ||| /Users/lcchai/Work/assets/official/sinn/x1746-Heimat_V.jpg.pagespeed.ic.jKbzz0F7BP.jpg
https://www.sinn.de/en/Modell/1746_Porcelain.htm ||| https://www.sinn.de/bilder/uhr/480x640/x1746-Porcelain_V.jpg.pagespeed.ic.9AdQSw70PF.jpg ||| /Users/lcchai/Work/assets/official/sinn/x1746-Porcelain_V.jpg.pagespeed.ic.9AdQSw70PF.jpg
https://www.sinn.de/en/Modell/1800_DAMASZENER.htm ||| https://www.sinn.de/bilder/uhr/480x640/1800-DAMASZENER_V.jpg ||| /Users/lcchai/Work/assets/official/sinn/1800-DAMASZENER_V.jpg
https://www.sinn.de/en/Modell/1800_S_DAMASZENER.htm ||| https://www.sinn.de/bilder/uhr/480x640/x1800-S-DAMASZENER_V.jpg.pagespeed.ic.aYqLmHL1DR.jpg ||| /Users/lcchai/Work/assets/official/sinn/x1800-S-DAMASZENER_V.jpg.pagespeed.ic.aYqLmHL1DR.jpg
https://www.sinn.de/en/Modell/1900.htm ||| https://www.sinn.de/bilder/uhr/480x640/x1900_V.jpg.pagespeed.ic.JBIv76by_9.jpg ||| /Users/lcchai/Work/assets/official/sinn/x1900_V.jpg.pagespeed.ic.JBIv76by_9.jpg
https://www.sinn.de/en/Modell/1910.htm ||| https://www.sinn.de/bilder/uhr/480x640/x1910_V.jpg.pagespeed.ic.EG64TdUq_K.jpg ||| /Users/lcchai/Work/assets/official/sinn/x1910_V.jpg.pagespeed.ic.EG64TdUq_K.jpg
https://www.sinn.de/en/Modell/203_ARKTIS.htm ||| https://www.sinn.de/bilder/uhr/480x640/x203-ARKTIS_V.jpg.pagespeed.ic.ULNRONiwdK.jpg ||| /Users/lcchai/Work/assets/official/sinn/x203-ARKTIS_V.jpg.pagespeed.ic.ULNRONiwdK.jpg
https://www.sinn.de/en/Modell/203_Anniversary.htm ||| https://www.sinn.de/bilder/uhr/480x640/x203-Anniversary_V.jpg.pagespeed.ic.eNj8xsg7nU.jpg ||| /Users/lcchai/Work/assets/official/sinn/x203-Anniversary_V.jpg.pagespeed.ic.eNj8xsg7nU.jpg
https://www.sinn.de/en/Modell/203_St.htm ||| https://www.sinn.de/bilder/uhr/480x640/x203-St_V.jpg.pagespeed.ic.uL8QwdmqSd.jpg ||| /Users/lcchai/Work/assets/official/sinn/x203-St_V.jpg.pagespeed.ic.uL8QwdmqSd.jpg
https://www.sinn.de/en/Modell/212_KSK.htm ||| https://www.sinn.de/bilder/uhr/480x640/x212-KSK_V.jpg.pagespeed.ic.LYnVCaz7EE.jpg ||| /Users/lcchai/Work/assets/official/sinn/x212-KSK_V.jpg.pagespeed.ic.LYnVCaz7EE.jpg
https://www.sinn.de/en/Modell/2300.htm ||| https://www.sinn.de/bilder/uhr/480x640/2300_V.jpg ||| /Users/lcchai/Work/assets/official/sinn/2300_V.jpg
https://www.sinn.de/en/Modell/240_C.htm ||| https://www.sinn.de/bilder/uhr/480x640/x240-C_V.jpg.pagespeed.ic.IXx7fjUto9.jpg ||| /Users/lcchai/Work/assets/official/sinn/x240-C_V.jpg.pagespeed.ic.IXx7fjUto9.jpg
https://www.sinn.de/en/Modell/243_TW66_WG_A.htm ||| https://www.sinn.de/bilder/uhr/480x640/x243-TW66-WG-A_V.jpg.pagespeed.ic.V7qoT7GpVa.jpg ||| /Users/lcchai/Work/assets/official/sinn/x243-TW66-WG-A_V.jpg.pagespeed.ic.V7qoT7GpVa.jpg
https://www.sinn.de/en/Modell/243_TW66_WG_K.htm ||| https://www.sinn.de/bilder/uhr/480x640/x243-TW66-WG-K_V.jpg.pagespeed.ic.oGO3WKY7qD.jpg ||| /Users/lcchai/Work/assets/official/sinn/x243-TW66-WG-K_V.jpg.pagespeed.ic.oGO3WKY7qD.jpg
https://www.sinn.de/en/Modell/243_TW66_WG_M.htm ||| https://www.sinn.de/bilder/uhr/480x640/x243-TW66-WG-M_V.jpg.pagespeed.ic.ziswLI8SNV.jpg ||| /Users/lcchai/Work/assets/official/sinn/x243-TW66-WG-M_V.jpg.pagespeed.ic.ziswLI8SNV.jpg
https://www.sinn.de/en/Modell/243_TW66_WG_Mother-of-pearl_W.htm ||| https://www.sinn.de/bilder/uhr/480x640/x243-TW66-WG-Mother-of-pearl-W_V.jpg.pagespeed.ic.hR8w5RbpOw.jpg ||| /Users/lcchai/Work/assets/official/sinn/x243-TW66-WG-Mother-of-pearl-W_V.jpg.pagespeed.ic.hR8w5RbpOw.jpg
https://www.sinn.de/en/Modell/243_TW66_WG_S.htm ||| https://www.sinn.de/bilder/uhr/480x640/x243-TW66-WG-S_V.jpg.pagespeed.ic.TxLRi_QsKc.jpg ||| /Users/lcchai/Work/assets/official/sinn/x243-TW66-WG-S_V.jpg.pagespeed.ic.TxLRi_QsKc.jpg
https://www.sinn.de/en/Modell/243_Ti_A.htm ||| https://www.sinn.de/bilder/uhr/480x640/x243-Ti-A_V.jpg.pagespeed.ic.CDhngvGYFy.jpg ||| /Users/lcchai/Work/assets/official/sinn/x243-Ti-A_V.jpg.pagespeed.ic.CDhngvGYFy.jpg
https://www.sinn.de/en/Modell/243_Ti_K.htm ||| https://www.sinn.de/bilder/uhr/480x640/243-Ti-K_V.jpg ||| /Users/lcchai/Work/assets/official/sinn/243-Ti-K_V.jpg
https://www.sinn.de/en/Modell/243_Ti_M.htm ||| https://www.sinn.de/bilder/uhr/480x640/x243-Ti-M_V.jpg.pagespeed.ic.mTWJHSW4fk.jpg ||| /Users/lcchai/Work/assets/official/sinn/x243-Ti-M_V.jpg.pagespeed.ic.mTWJHSW4fk.jpg
https://www.sinn.de/en/Modell/243_Ti_Mother-of-pearl_W.htm ||| https://www.sinn.de/bilder/uhr/480x640/x243-Ti-Mother-of-pearl-W_V.jpg.pagespeed.ic.pyZArdqTzo.jpg ||| /Users/lcchai/Work/assets/official/sinn/x243-Ti-Mother-of-pearl-W_V.jpg.pagespeed.ic.pyZArdqTzo.jpg
https://www.sinn.de/en/Modell/243_Ti_S.htm ||| https://www.sinn.de/bilder/uhr/480x640/x243-Ti-S_V.jpg.pagespeed.ic.-I-rnk0aXI.jpg ||| /Users/lcchai/Work/assets/official/sinn/x243-Ti-S_V.jpg.pagespeed.ic.-I-rnk0aXI.jpg
https://www.sinn.de/en/Modell/243_Ti_Z_S.htm ||| https://www.sinn.de/bilder/uhr/480x640/x243-Ti-Z-S_V.jpg.pagespeed.ic.KpeoOfHVuD.jpg ||| /Users/lcchai/Work/assets/official/sinn/x243-Ti-Z-S_V.jpg.pagespeed.ic.KpeoOfHVuD.jpg
https://www.sinn.de/en/Modell/256.htm ||| https://www.sinn.de/bilder/uhr/480x640/256_V.jpg ||| /Users/lcchai/Work/assets/official/sinn/256_V.jpg
https://www.sinn.de/en/Modell/256_Ty.htm ||| https://www.sinn.de/bilder/uhr/480x640/256-Ty_V.jpg ||| /Users/lcchai/Work/assets/official/sinn/256-Ty_V.jpg
https://www.sinn.de/en/Modell/303.htm ||| https://www.sinn.de/bilder/uhr/480x640/303_V.jpg ||| /Users/lcchai/Work/assets/official/sinn/303_V.jpg
https://www.sinn.de/en/Modell/303_M-kmh.htm ||| https://www.sinn.de/bilder/uhr/480x640/303-M-kmh_V.jpg ||| /Users/lcchai/Work/assets/official/sinn/303-M-kmh_V.jpg
https://www.sinn.de/en/Modell/303_M-kmh_Silver.htm ||| https://www.sinn.de/bilder/uhr/480x640/303-M-kmh-Silver_V.jpg ||| /Users/lcchai/Work/assets/official/sinn/303-M-kmh-Silver_V.jpg
https://www.sinn.de/en/Modell/303_M-mph_Silver.htm ||| https://www.sinn.de/bilder/uhr/480x640/303-M-mph-Silver_V.jpg ||| /Users/lcchai/Work/assets/official/sinn/303-M-mph-Silver_V.jpg
https://www.sinn.de/en/Modell/303_Silver_12.htm ||| https://www.sinn.de/bilder/uhr/480x640/303-Silver-12_V.jpg ||| /Users/lcchai/Work/assets/official/sinn/303-Silver-12_V.jpg
https://www.sinn.de/en/Modell/303_Silver_Ty.htm ||| https://www.sinn.de/bilder/uhr/480x640/303-Silver-Ty_V.jpg ||| /Users/lcchai/Work/assets/official/sinn/303-Silver-Ty_V.jpg
https://www.sinn.de/en/Modell/344_Ti_Aut.htm ||| https://www.sinn.de/bilder/uhr/480x640/344-Ti-Aut_V.jpg ||| /Users/lcchai/Work/assets/official/sinn/344-Ti-Aut_V.jpg
https://www.sinn.de/en/Modell/356_PILOT.htm ||| https://www.sinn.de/bilder/uhr/480x640/x356-PILOT_V.jpg.pagespeed.ic.kPQjfyQnCB.jpg ||| /Users/lcchai/Work/assets/official/sinn/x356-PILOT_V.jpg.pagespeed.ic.kPQjfyQnCB.jpg
https://www.sinn.de/en/Modell/356_PILOT_II.htm ||| https://www.sinn.de/bilder/uhr/480x640/356-PILOT-II_V.jpg ||| /Users/lcchai/Work/assets/official/sinn/356-PILOT-II_V.jpg
https://www.sinn.de/en/Modell/356_PILOT_UTC.htm ||| https://www.sinn.de/bilder/uhr/480x640/356-PILOT-UTC_V.jpg ||| /Users/lcchai/Work/assets/official/sinn/356-PILOT-UTC_V.jpg
https://www.sinn.de/en/Modell/356_Sa_GR.htm ||| https://www.sinn.de/bilder/uhr/480x640/356-Sa-GR_V.jpg ||| /Users/lcchai/Work/assets/official/sinn/356-Sa-GR_V.jpg
https://www.sinn.de/en/Modell/356_Sa_PILOT_UTC.htm ||| https://www.sinn.de/bilder/uhr/480x640/356-Sa-PILOT-UTC_V.jpg ||| /Users/lcchai/Work/assets/official/sinn/356-Sa-PILOT-UTC_V.jpg
https://www.sinn.de/en/Modell/358_Sa_PILOT_B_E.htm ||| https://www.sinn.de/bilder/uhr/480x640/x358-Sa-PILOT-B-E_V.jpg.pagespeed.ic.qFatv_OusI.jpg ||| /Users/lcchai/Work/assets/official/sinn/x358-Sa-PILOT-B-E_V.jpg.pagespeed.ic.qFatv_OusI.jpg
https://www.sinn.de/en/Modell/358_Sa_PILOT_DS.htm ||| https://www.sinn.de/bilder/uhr/480x640/x358-Sa-PILOT-DS_V.jpg.pagespeed.ic.twEjA3ODMA.jpg ||| /Users/lcchai/Work/assets/official/sinn/x358-Sa-PILOT-DS_V.jpg.pagespeed.ic.twEjA3ODMA.jpg
https://www.sinn.de/en/Modell/434_St_B.htm ||| https://www.sinn.de/bilder/uhr/480x640/x434-St-B_V.jpg.pagespeed.ic.AoyMPi6llj.jpg ||| /Users/lcchai/Work/assets/official/sinn/x434-St-B_V.jpg.pagespeed.ic.AoyMPi6llj.jpg
https://www.sinn.de/en/Modell/434_St_GG_B.htm ||| https://www.sinn.de/bilder/uhr/480x640/x434-St-GG-B_V.jpg.pagespeed.ic.0btodPAC8E.jpg ||| /Users/lcchai/Work/assets/official/sinn/x434-St-GG-B_V.jpg.pagespeed.ic.0btodPAC8E.jpg
https://www.sinn.de/en/Modell/434_St_GG_Mother_of_pearl_W.htm ||| https://www.sinn.de/bilder/uhr/480x640/x434-St-GG-Mother-of-pearl-W_V.jpg.pagespeed.ic.yq-Ob4TYR1.jpg ||| /Users/lcchai/Work/assets/official/sinn/x434-St-GG-Mother-of-pearl-W_V.jpg.pagespeed.ic.yq-Ob4TYR1.jpg
https://www.sinn.de/en/Modell/434_St_GG_S.htm ||| https://www.sinn.de/bilder/uhr/480x640/x434-St-GG-S_V.jpg.pagespeed.ic.fjpdPDQ886.jpg ||| /Users/lcchai/Work/assets/official/sinn/x434-St-GG-S_V.jpg.pagespeed.ic.fjpdPDQ886.jpg
https://www.sinn.de/en/Modell/434_St_Mother_of_pearl_W.htm ||| https://www.sinn.de/bilder/uhr/480x640/x434-St-Mother-of-pearl-W_V.jpg.pagespeed.ic.Y0PsZ-qXco.jpg ||| /Users/lcchai/Work/assets/official/sinn/x434-St-Mother-of-pearl-W_V.jpg.pagespeed.ic.Y0PsZ-qXco.jpg
https://www.sinn.de/en/Modell/434_St_S.htm ||| https://www.sinn.de/bilder/uhr/480x640/x434-St-S_V.jpg.pagespeed.ic.JozKm80Aot.jpg ||| /Users/lcchai/Work/assets/official/sinn/x434-St-S_V.jpg.pagespeed.ic.JozKm80Aot.jpg
https://www.sinn.de/en/Modell/434_TW68_WG_B.htm ||| https://www.sinn.de/bilder/uhr/480x640/x434-TW68-WG-B_V.jpg.pagespeed.ic.Jk1PmtCs81.jpg ||| /Users/lcchai/Work/assets/official/sinn/x434-TW68-WG-B_V.jpg.pagespeed.ic.Jk1PmtCs81.jpg
https://www.sinn.de/en/Modell/434_TW68_WG_Mother_of_pearl_W.htm ||| https://www.sinn.de/bilder/uhr/480x640/x434-TW68-WG-Mother-of-pearl-W_V.jpg.pagespeed.ic.aQiNw1Mb2P.jpg ||| /Users/lcchai/Work/assets/official/sinn/x434-TW68-WG-Mother-of-pearl-W_V.jpg.pagespeed.ic.aQiNw1Mb2P.jpg
https://www.sinn.de/en/Modell/434_TW68_WG_S.htm ||| https://www.sinn.de/bilder/uhr/480x640/x434-TW68-WG-S_V.jpg.pagespeed.ic.Fe2svH5LCg.jpg ||| /Users/lcchai/Work/assets/official/sinn/x434-TW68-WG-S_V.jpg.pagespeed.ic.Fe2svH5LCg.jpg
https://www.sinn.de/en/Modell/456_St_A.htm ||| https://www.sinn.de/bilder/uhr/480x640/456-St-A_V.jpg ||| /Users/lcchai/Work/assets/official/sinn/456-St-A_V.jpg
https://www.sinn.de/en/Modell/456_St_GG_A.htm ||| https://www.sinn.de/bilder/uhr/480x640/456-St-GG-A_V.jpg ||| /Users/lcchai/Work/assets/official/sinn/456-St-GG-A_V.jpg
https://www.sinn.de/en/Modell/456_St_GG_I.htm ||| https://www.sinn.de/bilder/uhr/480x640/456-St-GG-I_V.jpg ||| /Users/lcchai/Work/assets/official/sinn/456-St-GG-I_V.jpg
https://www.sinn.de/en/Modell/456_St_GG_Mother-of-pearl_W.htm ||| https://www.sinn.de/bilder/uhr/480x640/x456-St-GG-Mother-of-pearl-W_V.jpg.pagespeed.ic.xOGwVCEW_W.jpg ||| /Users/lcchai/Work/assets/official/sinn/x456-St-GG-Mother-of-pearl-W_V.jpg.pagespeed.ic.xOGwVCEW_W.jpg
https://www.sinn.de/en/Modell/456_St_GG_R.htm ||| https://www.sinn.de/bilder/uhr/480x640/456-St-GG-R_V.jpg ||| /Users/lcchai/Work/assets/official/sinn/456-St-GG-R_V.jpg
https://www.sinn.de/en/Modell/456_St_I.htm ||| https://www.sinn.de/bilder/uhr/480x640/x456-St-I_V.jpg.pagespeed.ic.Tw5lkh_O2t.jpg ||| /Users/lcchai/Work/assets/official/sinn/x456-St-I_V.jpg.pagespeed.ic.Tw5lkh_O2t.jpg
https://www.sinn.de/en/Modell/456_St_Mother-of-pearl_B.htm ||| https://www.sinn.de/bilder/uhr/480x640/456-St-Mother-of-pearl-B_V.jpg ||| /Users/lcchai/Work/assets/official/sinn/456-St-Mother-of-pearl-B_V.jpg
https://www.sinn.de/en/Modell/456_St_Mother-of-pearl_R.htm ||| https://www.sinn.de/bilder/uhr/480x640/456-St-Mother-of-pearl-R_V.jpg ||| /Users/lcchai/Work/assets/official/sinn/456-St-Mother-of-pearl-R_V.jpg
https://www.sinn.de/en/Modell/456_St_Mother-of-pearl_W.htm ||| https://www.sinn.de/bilder/uhr/480x640/456-St-Mother-of-pearl-W_V.jpg ||| /Users/lcchai/Work/assets/official/sinn/456-St-Mother-of-pearl-W_V.jpg
https://www.sinn.de/en/Modell/456_St_R.htm ||| https://www.sinn.de/bilder/uhr/480x640/456-St-R_V.jpg ||| /Users/lcchai/Work/assets/official/sinn/456-St-R_V.jpg
https://www.sinn.de/en/Modell/456_TW70_WG.htm ||| https://www.sinn.de/bilder/uhr/480x640/x456-TW70-WG_V.jpg.pagespeed.ic.BB4gTrrMQB.jpg ||| /Users/lcchai/Work/assets/official/sinn/x456-TW70-WG_V.jpg.pagespeed.ic.BB4gTrrMQB.jpg
https://www.sinn.de/en/Modell/456_TW_12.htm ||| https://www.sinn.de/bilder/uhr/480x640/x456-TW-12_V.jpg.pagespeed.ic.DG4z31Ppyr.jpg ||| /Users/lcchai/Work/assets/official/sinn/x456-TW-12_V.jpg.pagespeed.ic.DG4z31Ppyr.jpg
https://www.sinn.de/en/Modell/556_Anniversary.htm ||| https://www.sinn.de/bilder/uhr/480x640/556-Anniversary_V.jpg ||| /Users/lcchai/Work/assets/official/sinn/556-Anniversary_V.jpg
https://www.sinn.de/en/Modell/556_I_EGV_Frankfurt_am_Main.htm ||| https://www.sinn.de/bilder/uhr/480x640/556-I-EGV-Frankfurt-am-Main_V.jpg ||| /Users/lcchai/Work/assets/official/sinn/556-I-EGV-Frankfurt-am-Main_V.jpg
https://www.sinn.de/en/Modell/6000_Anniversary_II.htm ||| https://www.sinn.de/bilder/uhr/480x640/6000-Anniversary-II_V.jpg ||| /Users/lcchai/Work/assets/official/sinn/6000-Anniversary-II_V.jpg
https://www.sinn.de/en/Modell/6000_Platin.htm ||| https://www.sinn.de/bilder/uhr/480x640/6000-Platin_V.jpg ||| /Users/lcchai/Work/assets/official/sinn/6000-Platin_V.jpg
https://www.sinn.de/en/Modell/6015_St.htm ||| https://www.sinn.de/bilder/uhr/480x640/6015-St_V.jpg ||| /Users/lcchai/Work/assets/official/sinn/6015-St_V.jpg
https://www.sinn.de/en/Modell/6026_PL.htm ||| https://www.sinn.de/bilder/uhr/480x640/6026-PL_V.jpg ||| /Users/lcchai/Work/assets/official/sinn/6026-PL_V.jpg
https://www.sinn.de/en/Modell/6026_PL_B.htm ||| https://www.sinn.de/bilder/uhr/480x640/6026-PL-B_V.jpg ||| /Users/lcchai/Work/assets/official/sinn/6026-PL-B_V.jpg
https://www.sinn.de/en/Modell/6026_PL_M.htm ||| https://www.sinn.de/bilder/uhr/480x640/6026-PL-M_V.jpg ||| /Users/lcchai/Work/assets/official/sinn/6026-PL-M_V.jpg
https://www.sinn.de/en/Modell/6026_St.htm ||| https://www.sinn.de/bilder/uhr/480x640/6026-St_V.jpg ||| /Users/lcchai/Work/assets/official/sinn/6026-St_V.jpg
https://www.sinn.de/en/Modell/6033.htm ||| https://www.sinn.de/bilder/uhr/480x640/6033_V.jpg ||| /Users/lcchai/Work/assets/official/sinn/6033_V.jpg
https://www.sinn.de/en/Modell/6036.htm ||| https://www.sinn.de/bilder/uhr/480x640/6036_V.jpg ||| /Users/lcchai/Work/assets/official/sinn/6036_V.jpg
https://www.sinn.de/en/Modell/6060_FAZ.htm ||| https://www.sinn.de/bilder/uhr/480x640/6060-FAZ_V.jpg ||| /Users/lcchai/Work/assets/official/sinn/6060-FAZ_V.jpg
https://www.sinn.de/en/Modell/6060_M.htm ||| https://www.sinn.de/bilder/uhr/480x640/6060-M_V.jpg ||| /Users/lcchai/Work/assets/official/sinn/6060-M_V.jpg
https://www.sinn.de/en/Modell/6066.htm ||| https://www.sinn.de/bilder/uhr/480x640/6066_V.jpg ||| /Users/lcchai/Work/assets/official/sinn/6066_V.jpg
https://www.sinn.de/en/Modell/6068.htm ||| https://www.sinn.de/bilder/uhr/480x640/x6068_V.jpg.pagespeed.ic.8u4ue-SZL-.jpg ||| /Users/lcchai/Work/assets/official/sinn/x6068_V.jpg.pagespeed.ic.8u4ue-SZL-.jpg
https://www.sinn.de/en/Modell/6068_NK.htm ||| https://www.sinn.de/bilder/uhr/480x640/6068-NK_V.jpg ||| /Users/lcchai/Work/assets/official/sinn/6068-NK_V.jpg
https://www.sinn.de/en/Modell/6090.htm ||| https://www.sinn.de/bilder/uhr/480x640/6090_V.jpg ||| /Users/lcchai/Work/assets/official/sinn/6090_V.jpg
https://www.sinn.de/en/Modell/6090_FAZ.htm ||| https://www.sinn.de/bilder/uhr/480x640/6090-FAZ_V.jpg ||| /Users/lcchai/Work/assets/official/sinn/6090-FAZ_V.jpg
https://www.sinn.de/en/Modell/6099_B.htm ||| https://www.sinn.de/bilder/uhr/480x640/6099-B_V.jpg ||| /Users/lcchai/Work/assets/official/sinn/6099-B_V.jpg
https://www.sinn.de/en/Modell/6100_Technik.htm ||| https://www.sinn.de/bilder/uhr/480x640/6100-Technik_V.jpg ||| /Users/lcchai/Work/assets/official/sinn/6100-Technik_V.jpg
https://www.sinn.de/en/Modell/6100_White_Gold.htm ||| https://www.sinn.de/bilder/uhr/480x640/6100-White-Gold_V.jpg ||| /Users/lcchai/Work/assets/official/sinn/6100-White-Gold_V.jpg
https://www.sinn.de/en/Modell/6110_Classic_4N.htm ||| https://www.sinn.de/bilder/uhr/480x640/6110-Classic-4N_V.jpg ||| /Users/lcchai/Work/assets/official/sinn/6110-Classic-4N_V.jpg
https://www.sinn.de/en/Modell/6110_Classic_B.htm ||| https://www.sinn.de/bilder/uhr/480x640/6110-Classic-B_V.jpg ||| /Users/lcchai/Work/assets/official/sinn/6110-Classic-B_V.jpg
https://www.sinn.de/en/Modell/6110_Rose_Gold.htm ||| https://www.sinn.de/bilder/uhr/480x640/6110-Rose-Gold_V.jpg ||| /Users/lcchai/Work/assets/official/sinn/6110-Rose-Gold_V.jpg
https://www.sinn.de/en/Modell/6110_Rose_Gold_S.htm ||| https://www.sinn.de/bilder/uhr/480x640/x6110-Rose-Gold-S_V.jpg.pagespeed.ic.WwOhpfDYSP.jpg ||| /Users/lcchai/Work/assets/official/sinn/x6110-Rose-Gold-S_V.jpg.pagespeed.ic.WwOhpfDYSP.jpg
https://www.sinn.de/en/Modell/6110_Technik.htm ||| https://www.sinn.de/bilder/uhr/480x640/6110-Technik_V.jpg ||| /Users/lcchai/Work/assets/official/sinn/6110-Technik_V.jpg
https://www.sinn.de/en/Modell/6200_MEISTERBUND_I.htm ||| https://www.sinn.de/bilder/uhr/480x640/6200-MEISTERBUND-I_V.jpg ||| /Users/lcchai/Work/assets/official/sinn/6200-MEISTERBUND-I_V.jpg
https://www.sinn.de/en/Modell/656.htm ||| https://www.sinn.de/bilder/uhr/480x640/656_V.jpg ||| /Users/lcchai/Work/assets/official/sinn/656_V.jpg
https://www.sinn.de/en/Modell/656_L.htm ||| https://www.sinn.de/bilder/uhr/480x640/656-L_V.jpg ||| /Users/lcchai/Work/assets/official/sinn/656-L_V.jpg
https://www.sinn.de/en/Modell/656_S.htm ||| https://www.sinn.de/bilder/uhr/480x640/x656-S_V.jpg.pagespeed.ic.L9srazkK8w.jpg ||| /Users/lcchai/Work/assets/official/sinn/x656-S_V.jpg.pagespeed.ic.L9srazkK8w.jpg
https://www.sinn.de/en/Modell/657.htm ||| https://www.sinn.de/bilder/uhr/480x640/x657_V.jpg.pagespeed.ic.0YX6pPWH3j.jpg ||| /Users/lcchai/Work/assets/official/sinn/x657_V.jpg.pagespeed.ic.0YX6pPWH3j.jpg
https://www.sinn.de/en/Modell/657_S.htm ||| https://www.sinn.de/bilder/uhr/480x640/x657-S_V.jpg.pagespeed.ic.NFFlaCvX9P.jpg ||| /Users/lcchai/Work/assets/official/sinn/x657-S_V.jpg.pagespeed.ic.NFFlaCvX9P.jpg
https://www.sinn.de/en/Modell/717.htm ||| https://www.sinn.de/bilder/uhr/480x640/x717_V.jpg.pagespeed.ic.HmH2HjOuhU.jpg ||| /Users/lcchai/Work/assets/official/sinn/x717_V.jpg.pagespeed.ic.HmH2HjOuhU.jpg
https://www.sinn.de/en/Modell/756.htm ||| https://www.sinn.de/bilder/uhr/480x640/x756_V.jpg.pagespeed.ic.6sEHI5uKsw.jpg ||| /Users/lcchai/Work/assets/official/sinn/x756_V.jpg.pagespeed.ic.6sEHI5uKsw.jpg
https://www.sinn.de/en/Modell/756_II.htm ||| https://www.sinn.de/bilder/uhr/480x640/x756-II_V.jpg.pagespeed.ic.4VR7mLxtKw.jpg ||| /Users/lcchai/Work/assets/official/sinn/x756-II_V.jpg.pagespeed.ic.4VR7mLxtKw.jpg
https://www.sinn.de/en/Modell/756_III.htm ||| https://www.sinn.de/bilder/uhr/480x640/x756-III_V.jpg.pagespeed.ic.zKn4YU8w-f.jpg ||| /Users/lcchai/Work/assets/official/sinn/x756-III_V.jpg.pagespeed.ic.zKn4YU8w-f.jpg
https://www.sinn.de/en/Modell/756_S.htm ||| https://www.sinn.de/bilder/uhr/480x640/x756-S_V.jpg.pagespeed.ic.gY5VLD-JCp.jpg ||| /Users/lcchai/Work/assets/official/sinn/x756-S_V.jpg.pagespeed.ic.gY5VLD-JCp.jpg
https://www.sinn.de/en/Modell/756_S_UTC.htm ||| https://www.sinn.de/bilder/uhr/480x640/x756-S-UTC_V.jpg.pagespeed.ic.l-FJzBBD9l.jpg ||| /Users/lcchai/Work/assets/official/sinn/x756-S-UTC_V.jpg.pagespeed.ic.l-FJzBBD9l.jpg
https://www.sinn.de/en/Modell/756_UTC.htm ||| https://www.sinn.de/bilder/uhr/480x640/x756-UTC_V.jpg.pagespeed.ic.y6SxaBwkiS.jpg ||| /Users/lcchai/Work/assets/official/sinn/x756-UTC_V.jpg.pagespeed.ic.y6SxaBwkiS.jpg
https://www.sinn.de/en/Modell/757.htm ||| https://www.sinn.de/bilder/uhr/480x640/x757_V.jpg.pagespeed.ic.kNC1A6g-lx.jpg ||| /Users/lcchai/Work/assets/official/sinn/x757_V.jpg.pagespeed.ic.kNC1A6g-lx.jpg
https://www.sinn.de/en/Modell/757_DIAPAL.htm ||| https://www.sinn.de/bilder/uhr/480x640/x757-DIAPAL_V.jpg.pagespeed.ic.r6Oo1SxmcW.jpg ||| /Users/lcchai/Work/assets/official/sinn/x757-DIAPAL_V.jpg.pagespeed.ic.r6Oo1SxmcW.jpg
https://www.sinn.de/en/Modell/757_II.htm ||| https://www.sinn.de/bilder/uhr/480x640/x757-II_V.jpg.pagespeed.ic.M6SAQ63Sey.jpg ||| /Users/lcchai/Work/assets/official/sinn/x757-II_V.jpg.pagespeed.ic.M6SAQ63Sey.jpg
https://www.sinn.de/en/Modell/757_III.htm ||| https://www.sinn.de/bilder/uhr/480x640/x757-III_V.jpg.pagespeed.ic.XnR6siFUMO.jpg ||| /Users/lcchai/Work/assets/official/sinn/x757-III_V.jpg.pagespeed.ic.XnR6siFUMO.jpg
https://www.sinn.de/en/Modell/757_S.htm ||| https://www.sinn.de/bilder/uhr/480x640/x757-S_V.jpg.pagespeed.ic.IsaGnuyvRu.jpg ||| /Users/lcchai/Work/assets/official/sinn/x757-S_V.jpg.pagespeed.ic.IsaGnuyvRu.jpg
https://www.sinn.de/en/Modell/757_S_UTC.htm ||| https://www.sinn.de/bilder/uhr/480x640/x757-S-UTC_V.jpg.pagespeed.ic.zLjpU3fL3q.jpg ||| /Users/lcchai/Work/assets/official/sinn/x757-S-UTC_V.jpg.pagespeed.ic.zLjpU3fL3q.jpg
https://www.sinn.de/en/Modell/757_UTC.htm ||| https://www.sinn.de/bilder/uhr/480x640/x757-UTC_V.jpg.pagespeed.ic.WWKjxHojuN.jpg ||| /Users/lcchai/Work/assets/official/sinn/x757-UTC_V.jpg.pagespeed.ic.WWKjxHojuN.jpg
https://www.sinn.de/en/Modell/809_Aut.htm ||| https://www.sinn.de/bilder/uhr/480x640/x809-Aut_V.jpg.pagespeed.ic.7bJ_HNSdOS.jpg ||| /Users/lcchai/Work/assets/official/sinn/x809-Aut_V.jpg.pagespeed.ic.7bJ_HNSdOS.jpg
https://www.sinn.de/en/Modell/857_SEK_Frankfurt_am_Main.htm ||| https://www.sinn.de/bilder/uhr/480x640/x857-SEK-Frankfurt-am-Main_V.jpg.pagespeed.ic.93Mz__VAb3.jpg ||| /Users/lcchai/Work/assets/official/sinn/x857-SEK-Frankfurt-am-Main_V.jpg.pagespeed.ic.93Mz__VAb3.jpg
https://www.sinn.de/en/Modell/857_UTC_TESTAF.htm ||| https://www.sinn.de/bilder/uhr/480x640/x857-UTC-TESTAF_V.jpg.pagespeed.ic.nOLqQTzv3y.jpg ||| /Users/lcchai/Work/assets/official/sinn/x857-UTC-TESTAF_V.jpg.pagespeed.ic.nOLqQTzv3y.jpg
https://www.sinn.de/en/Modell/900.htm ||| https://www.sinn.de/bilder/uhr/480x640/x900_V.jpg.pagespeed.ic.yu2pCaahVD.jpg ||| /Users/lcchai/Work/assets/official/sinn/x900_V.jpg.pagespeed.ic.yu2pCaahVD.jpg
https://www.sinn.de/en/Modell/900_HUMMER.htm ||| https://www.sinn.de/bilder/uhr/480x640/x900-HUMMER_V.jpg.pagespeed.ic.NyfqtJOoFx.jpg ||| /Users/lcchai/Work/assets/official/sinn/x900-HUMMER_V.jpg.pagespeed.ic.NyfqtJOoFx.jpg
https://www.sinn.de/en/Modell/900_PILOT_S.htm ||| https://www.sinn.de/bilder/uhr/480x640/x900-PILOT-S_V.jpg.pagespeed.ic.U19YW0SR7b.jpg ||| /Users/lcchai/Work/assets/official/sinn/x900-PILOT-S_V.jpg.pagespeed.ic.U19YW0SR7b.jpg
https://www.sinn.de/en/Modell/901.htm ||| https://www.sinn.de/bilder/uhr/480x640/x901_V.jpg.pagespeed.ic.nFEOhxJNdI.jpg ||| /Users/lcchai/Work/assets/official/sinn/x901_V.jpg.pagespeed.ic.nFEOhxJNdI.jpg
https://www.sinn.de/en/Modell/902.htm ||| https://www.sinn.de/bilder/uhr/480x640/x902_V.jpg.pagespeed.ic.XJPCaktfJD.jpg ||| /Users/lcchai/Work/assets/official/sinn/x902_V.jpg.pagespeed.ic.XJPCaktfJD.jpg
https://www.sinn.de/en/Modell/903_Classic.htm ||| https://www.sinn.de/bilder/uhr/480x640/x903-Classic_V.jpg.pagespeed.ic.tHtP-Gdfoe.jpg ||| /Users/lcchai/Work/assets/official/sinn/x903-Classic_V.jpg.pagespeed.ic.tHtP-Gdfoe.jpg
https://www.sinn.de/en/Modell/903_H4.htm ||| https://www.sinn.de/bilder/uhr/480x640/x903-H4_V.jpg.pagespeed.ic.-RFwcEwQuT.jpg ||| /Users/lcchai/Work/assets/official/sinn/x903-H4_V.jpg.pagespeed.ic.-RFwcEwQuT.jpg
https://www.sinn.de/en/Modell/956.htm ||| https://www.sinn.de/bilder/uhr/480x640/x956_V.jpg.pagespeed.ic.q26yNsjsVO.jpg ||| /Users/lcchai/Work/assets/official/sinn/x956_V.jpg.pagespeed.ic.q26yNsjsVO.jpg
https://www.sinn.de/en/Modell/956_Adler.htm ||| https://www.sinn.de/bilder/uhr/480x640/x956-Adler_V.jpg.pagespeed.ic.P-X2BlSlTB.jpg ||| /Users/lcchai/Work/assets/official/sinn/x956-Adler_V.jpg.pagespeed.ic.P-X2BlSlTB.jpg
https://www.sinn.de/en/Modell/956_CORVETTE.htm ||| https://www.sinn.de/bilder/uhr/480x640/x956-CORVETTE_V.jpg.pagespeed.ic.uQ_incbvql.jpg ||| /Users/lcchai/Work/assets/official/sinn/x956-CORVETTE_V.jpg.pagespeed.ic.uQ_incbvql.jpg
https://www.sinn.de/en/Modell/EZM_1.htm ||| https://www.sinn.de/bilder/uhr/480x640/EZM-1_V.jpg ||| /Users/lcchai/Work/assets/official/sinn/EZM-1_V.jpg
https://www.sinn.de/en/Modell/EZM_10.htm ||| https://www.sinn.de/bilder/uhr/480x640/EZM-10_V.jpg ||| /Users/lcchai/Work/assets/official/sinn/EZM-10_V.jpg
https://www.sinn.de/en/Modell/EZM_1_-_Edition_2008.htm ||| https://www.sinn.de/bilder/uhr/480x640/EZM-1---Edition-2008_V.jpg ||| /Users/lcchai/Work/assets/official/sinn/EZM-1---Edition-2008_V.jpg
https://www.sinn.de/en/Modell/EZM_1_1.htm ||| https://www.sinn.de/bilder/uhr/480x640/EZM-1-1_V.jpg ||| /Users/lcchai/Work/assets/official/sinn/EZM-1-1_V.jpg
https://www.sinn.de/en/Modell/EZM_4_-_ACHILLES.htm ||| https://www.sinn.de/bilder/uhr/480x640/EZM-4---ACHILLES_V.jpg ||| /Users/lcchai/Work/assets/official/sinn/EZM-4---ACHILLES_V.jpg
https://www.sinn.de/en/Modell/HUNTING_WATCH_3006.htm ||| https://www.sinn.de/bilder/uhr/480x640/xHUNTING-WATCH-3006_V.jpg.pagespeed.ic.dV1IZ-R0ka.jpg ||| /Users/lcchai/Work/assets/official/sinn/xHUNTING-WATCH-3006_V.jpg.pagespeed.ic.dV1IZ-R0ka.jpg
https://www.sinn.de/en/Modell/Handelsblatt-Finanzplatzuhr.htm ||| https://www.sinn.de/bilder/uhr/480x640/Handelsblatt-Finanzplatzuhr_V.jpg ||| /Users/lcchai/Work/assets/official/sinn/Handelsblatt-Finanzplatzuhr_V.jpg
https://www.sinn.de/en/Modell/JAGDUHR.htm ||| https://www.sinn.de/bilder/uhr/480x640/JAGDUHR_V.jpg ||| /Users/lcchai/Work/assets/official/sinn/JAGDUHR_V.jpg
https://www.sinn.de/en/Modell/T1_B.htm ||| https://www.sinn.de/bilder/uhr/480x640/T1-B_V.jpg ||| /Users/lcchai/Work/assets/official/sinn/T1-B_V.jpg
https://www.sinn.de/en/Modell/T2.htm ||| https://www.sinn.de/bilder/uhr/480x640/T2_V.jpg ||| /Users/lcchai/Work/assets/official/sinn/T2_V.jpg
https://www.sinn.de/en/Modell/T2_B.htm ||| https://www.sinn.de/bilder/uhr/480x640/T2-B_V.jpg ||| /Users/lcchai/Work/assets/official/sinn/T2-B_V.jpg
https://www.sinn.de/en/Modell/U1000.htm ||| https://www.sinn.de/bilder/uhr/480x640/U1000_V.jpg ||| /Users/lcchai/Work/assets/official/sinn/U1000_V.jpg
https://www.sinn.de/en/Modell/U1000_B.htm ||| https://www.sinn.de/bilder/uhr/480x640/U1000-B_V.jpg ||| /Users/lcchai/Work/assets/official/sinn/U1000-B_V.jpg
https://www.sinn.de/en/Modell/U1000_S.htm ||| https://www.sinn.de/bilder/uhr/480x640/U1000-S_V.jpg ||| /Users/lcchai/Work/assets/official/sinn/U1000-S_V.jpg
https://www.sinn.de/en/Modell/U1000_SDR.htm ||| https://www.sinn.de/bilder/uhr/480x640/U1000-SDR_V.jpg ||| /Users/lcchai/Work/assets/official/sinn/U1000-SDR_V.jpg
https://www.sinn.de/en/Modell/U1_C.htm ||| https://www.sinn.de/bilder/uhr/480x640/U1-C_V.jpg ||| /Users/lcchai/Work/assets/official/sinn/U1-C_V.jpg
https://www.sinn.de/en/Modell/U1_Camouflage.htm ||| https://www.sinn.de/bilder/uhr/480x640/U1-Camouflage_V.jpg ||| /Users/lcchai/Work/assets/official/sinn/U1-Camouflage_V.jpg
https://www.sinn.de/en/Modell/U1_DE.htm ||| https://www.sinn.de/bilder/uhr/480x640/U1-DE_V.jpg ||| /Users/lcchai/Work/assets/official/sinn/U1-DE_V.jpg
https://www.sinn.de/en/Modell/U1_DS.htm ||| https://www.sinn.de/bilder/uhr/480x640/xU1-DS_V.jpg.pagespeed.ic.B12Pe12IuV.jpg ||| /Users/lcchai/Work/assets/official/sinn/xU1-DS_V.jpg.pagespeed.ic.B12Pe12IuV.jpg
https://www.sinn.de/en/Modell/U1_W.htm ||| https://www.sinn.de/bilder/uhr/480x640/U1-W_V.jpg ||| /Users/lcchai/Work/assets/official/sinn/U1-W_V.jpg
https://www.sinn.de/en/Modell/U200.htm ||| https://www.sinn.de/bilder/uhr/480x640/xU200_V.jpg.pagespeed.ic.-h0E-jEcgA.jpg ||| /Users/lcchai/Work/assets/official/sinn/xU200_V.jpg.pagespeed.ic.-h0E-jEcgA.jpg
https://www.sinn.de/en/Modell/U200_B.htm ||| https://www.sinn.de/bilder/uhr/480x640/U200-B_V.jpg ||| /Users/lcchai/Work/assets/official/sinn/U200-B_V.jpg
https://www.sinn.de/en/Modell/U200_SDR.htm ||| https://www.sinn.de/bilder/uhr/480x640/U200-SDR_V.jpg ||| /Users/lcchai/Work/assets/official/sinn/U200-SDR_V.jpg
https://www.sinn.de/en/Modell/U200_W.htm ||| https://www.sinn.de/bilder/uhr/480x640/U200-W_V.jpg ||| /Users/lcchai/Work/assets/official/sinn/U200-W_V.jpg
https://www.sinn.de/en/Modell/U212_SDR.htm ||| https://www.sinn.de/bilder/uhr/480x640/U212-SDR_V.jpg ||| /Users/lcchai/Work/assets/official/sinn/U212-SDR_V.jpg
https://www.sinn.de/en/Modell/U212_S_E.htm ||| https://www.sinn.de/bilder/uhr/480x640/U212-S-E_V.jpg ||| /Users/lcchai/Work/assets/official/sinn/U212-S-E_V.jpg
https://www.sinn.de/en/Modell/U2_C.htm ||| https://www.sinn.de/bilder/uhr/480x640/U2-C_V.jpg ||| /Users/lcchai/Work/assets/official/sinn/U2-C_V.jpg
https://www.sinn.de/en/Modell/U50_S_Mother-of-pearl_S.htm ||| https://www.sinn.de/bilder/uhr/480x640/xU50-S-Mother-of-pearl-S_V.jpg.pagespeed.ic.Ubspz0eHHA.jpg ||| /Users/lcchai/Work/assets/official/sinn/xU50-S-Mother-of-pearl-S_V.jpg.pagespeed.ic.Ubspz0eHHA.jpg
https://www.sinn.de/en/Modell/UX_Sansibar.htm ||| https://www.sinn.de/bilder/uhr/480x640/xUX-Sansibar_V.jpg.pagespeed.ic.mySXKgIGzD.jpg ||| /Users/lcchai/Work/assets/official/sinn/xUX-Sansibar_V.jpg.pagespeed.ic.mySXKgIGzD.jpg
