https://www.swissarmy.com/us/en/Products/Watches/Business-Watches/Alliance-Mechanical/p/241869 ||| https://imageengine.victorinox.com/mediahub/42298/1280Wx1120H/WAT_241869_S1.jpg ||| /Users/lcchai/Work/assets/official/victorinox/WAT_241869_S1.jpg
https://www.swissarmy.com/us/en/Products/Watches/Business-Watches/Alliance-Mechanical/p/241871 ||| https://imageengine.victorinox.com/mediahub/42300/1280Wx1120H/WAT_241871_S1.jpg ||| /Users/lcchai/Work/assets/official/victorinox/WAT_241871_S1.jpg
https://www.swissarmy.com/us/en/Products/Watches/Business-Watches/Alliance-Mechanical/p/241874 ||| https://imageengine.victorinox.com/mediahub/42302/1280Wx1120H/WAT_241874_S1.jpg ||| /Users/lcchai/Work/assets/official/victorinox/WAT_241874_S1.jpg
https://www.swissarmy.com/us/en/Products/Watches/Business-Watches/Alliance-Mechanical/p/241898 ||| https://imageengine.victorinox.com/mediahub/74916/1280Wx1120H/WAT_241898_S1.jpg ||| /Users/lcchai/Work/assets/official/victorinox/WAT_241898_S1.jpg
https://www.swissarmy.com/us/en/Products/Watches/Business-Watches/Alliance/p/241763.1 ||| https://imageengine.victorinox.com/mediahub/40529/1280Wx1120H/WAT_241763-1_S1_SAK.jpg ||| /Users/lcchai/Work/assets/official/victorinox/WAT_241763-1_S1_SAK.jpg
https://www.swissarmy.com/us/en/Products/Watches/Business-Watches/FieldForce-Classic-Chrono/p/241899 ||| https://imageengine.victorinox.com/mediahub/125744/1280Wx1120H/WAT_241899_S1.jpg ||| /Users/lcchai/Work/assets/official/victorinox/WAT_241899_S1.jpg
https://www.swissarmy.com/us/en/Products/Watches/Business-Watches/FieldForce-Classic-Chrono/p/241900 ||| https://imageengine.victorinox.com/mediahub/125748/1280Wx1120H/WAT_241900_S1.jpg ||| /Users/lcchai/Work/assets/official/victorinox/WAT_241900_S1.jpg
https://www.swissarmy.com/us/en/Products/Watches/Business-Watches/FieldForce-Classic-Chrono/p/241901 ||| https://imageengine.victorinox.com/mediahub/125752/1280Wx1120H/WAT_241901_S1.jpg ||| /Users/lcchai/Work/assets/official/victorinox/WAT_241901_S1.jpg
https://www.swissarmy.com/us/en/Products/Watches/Business-Watches/FieldForce-Classic-Chrono/p/241902 ||| https://imageengine.victorinox.com/mediahub/125753/1280Wx1120H/WAT_241902_S1.jpg ||| /Users/lcchai/Work/assets/official/victorinox/WAT_241902_S1.jpg
https://www.swissarmy.com/us/en/Products/Watches/Business-Watches/FieldForce-Classic-Chrono/p/241903 ||| https://imageengine.victorinox.com/mediahub/125759/1280Wx1120H/WAT_241903_S1.jpg ||| /Users/lcchai/Work/assets/official/victorinox/WAT_241903_S1.jpg
https://www.swissarmy.com/us/en/Products/Watches/Business-Watches/FieldForce-Classic-Chrono/p/241928 ||| https://imageengine.victorinox.com/mediahub/125763/1280Wx1120H/WAT_241928_S1.jpg ||| /Users/lcchai/Work/assets/official/victorinox/WAT_241928_S1.jpg
https://www.swissarmy.com/us/en/Products/Watches/Business-Watches/FieldForce-Classic-Chrono/p/241929 ||| https://imageengine.victorinox.com/mediahub/125767/1280Wx1120H/WAT_241929_S1.jpg ||| /Users/lcchai/Work/assets/official/victorinox/WAT_241929_S1.jpg
https://www.swissarmy.com/us/en/Products/Watches/Business-Watches/FieldForce-Sport-Chrono/p/241889 ||| https://imageengine.victorinox.com/mediahub/77238/1280Wx1120H/WAT_241889_S1.jpg ||| /Users/lcchai/Work/assets/official/victorinox/WAT_241889_S1.jpg
https://www.swissarmy.com/us/en/Products/Watches/Business-Watches/FieldForce-Sport-Chrono/p/241890 ||| https://imageengine.victorinox.com/mediahub/77239/1280Wx1120H/WAT_241890_S1.jpg ||| /Users/lcchai/Work/assets/official/victorinox/WAT_241890_S1.jpg
https://www.swissarmy.com/us/en/Products/Watches/Business-Watches/FieldForce-Sport-Chrono/p/241891 ||| https://imageengine.victorinox.com/mediahub/77240/1280Wx1120H/WAT_241891_S1.jpg ||| /Users/lcchai/Work/assets/official/victorinox/WAT_241891_S1.jpg
https://www.swissarmy.com/us/en/Products/Watches/Business-Watches/FieldForce-Sport-Chrono/p/241892 ||| https://imageengine.victorinox.com/mediahub/77241/1280Wx1120H/WAT_241892_S1.jpg ||| /Users/lcchai/Work/assets/official/victorinox/WAT_241892_S1.jpg
https://www.swissarmy.com/us/en/Products/Watches/Business-Watches/FieldForce-Sport-Chrono/p/241893 ||| https://imageengine.victorinox.com/mediahub/77242/1280Wx1120H/WAT_241893_S1.jpg ||| /Users/lcchai/Work/assets/official/victorinox/WAT_241893_S1.jpg
https://www.swissarmy.com/us/en/Products/Watches/Business-Watches/FieldForce-Sport-Chrono/p/241897 ||| https://imageengine.victorinox.com/mediahub/98686/1280Wx1120H/WAT_241897_S1.jpg ||| /Users/lcchai/Work/assets/official/victorinox/WAT_241897_S1.jpg
https://www.swissarmy.com/us/en/Products/Watches/Business-Watches/FieldForce-Sport-Chrono/p/241926.1 ||| https://imageengine.victorinox.com/mediahub/141544/1280Wx1120H/WAT_241926-1_S1.jpg ||| /Users/lcchai/Work/assets/official/victorinox/WAT_241926-1_S1.jpg
https://www.swissarmy.com/us/en/Products/Watches/Business-Watches/FieldForce-Sport-Chrono/p/249163.1 ||| https://imageengine.victorinox.com/mediahub/144950/1280Wx1120H/WAT_249163-1_S1.jpg ||| /Users/lcchai/Work/assets/official/victorinox/WAT_249163-1_S1.jpg
https://www.swissarmy.com/us/en/Products/Watches/Diving-Watches/INOX-Professional-Diver-/p/241781 ||| https://imageengine.victorinox.com/mediahub/26417/1280Wx1120H/WAT_241781_S1.jpg ||| /Users/lcchai/Work/assets/official/victorinox/WAT_241781_S1.jpg
https://www.swissarmy.com/us/en/Products/Watches/Diving-Watches/INOX-Professional-Diver-/p/241782 ||| https://imageengine.victorinox.com/mediahub/26418/1280Wx1120H/WAT_241782_S1.jpg ||| /Users/lcchai/Work/assets/official/victorinox/WAT_241782_S1.jpg
https://www.swissarmy.com/us/en/Products/Watches/Diving-Watches/Maverick-Chronograph/p/241864 ||| https://imageengine.victorinox.com/mediahub/38468/1280Wx1120H/WAT_241864_S1.jpg ||| /Users/lcchai/Work/assets/official/victorinox/WAT_241864_S1.jpg
https://www.swissarmy.com/us/en/Products/Watches/Diving-Watches/Maverick-Chronograph/p/241865 ||| https://imageengine.victorinox.com/mediahub/38469/1280Wx1120H/WAT_241865_S1.jpg ||| /Users/lcchai/Work/assets/official/victorinox/WAT_241865_S1.jpg
https://www.swissarmy.com/us/en/Products/Watches/Diving-Watches/Maverick/p/241862 ||| https://imageengine.victorinox.com/mediahub/38466/1280Wx1120H/WAT_241862_S1.jpg ||| /Users/lcchai/Work/assets/official/victorinox/WAT_241862_S1.jpg
https://www.swissarmy.com/us/en/Products/Watches/Diving-Watches/Maverick/p/241863 ||| https://imageengine.victorinox.com/mediahub/38467/1280Wx1120H/WAT_241863_S1.jpg ||| /Users/lcchai/Work/assets/official/victorinox/WAT_241863_S1.jpg
https://www.swissarmy.com/us/en/Products/Watches/Mechanical-Watches/INOX-Mechanical/p/241834 ||| https://imageengine.victorinox.com/mediahub/26470/1280Wx1120H/WAT_241834_S1.jpg ||| /Users/lcchai/Work/assets/official/victorinox/WAT_241834_S1.jpg
https://www.swissarmy.com/us/en/Products/Watches/Mechanical-Watches/INOX-Mechanical/p/241835 ||| https://imageengine.victorinox.com/mediahub/26471/1280Wx1120H/WAT_241835_S1.jpg ||| /Users/lcchai/Work/assets/official/victorinox/WAT_241835_S1.jpg
https://www.swissarmy.com/us/en/Products/Watches/Mechanical-Watches/INOX-Mechanical/p/241836 ||| https://imageengine.victorinox.com/mediahub/26472/1280Wx1120H/WAT_241836_S1.jpg ||| /Users/lcchai/Work/assets/official/victorinox/WAT_241836_S1.jpg
https://www.swissarmy.com/us/en/Products/Watches/Mechanical-Watches/INOX-Mechanical/p/241837 ||| https://imageengine.victorinox.com/mediahub/26473/1280Wx1120H/WAT_241837_S1.jpg ||| /Users/lcchai/Work/assets/official/victorinox/WAT_241837_S1.jpg
https://www.swissarmy.com/us/en/Products/Watches/Men%27s-Watches/AirBoss-Mechanical-Chronograph/p/241710 ||| https://imageengine.victorinox.com/mediahub/26341/1280Wx1120H/WAT_241710_S1.jpg ||| /Users/lcchai/Work/assets/official/victorinox/WAT_241710_S1.jpg
https://www.swissarmy.com/us/en/Products/Watches/Men%27s-Watches/AirBoss-Mechanical-Chronograph/p/241716 ||| https://imageengine.victorinox.com/mediahub/26345/1280Wx1120H/WAT_241716_S1.jpg ||| /Users/lcchai/Work/assets/official/victorinox/WAT_241716_S1.jpg
https://www.swissarmy.com/us/en/Products/Watches/Men%27s-Watches/AirBoss-Mechanical-Chronograph/p/241722 ||| https://imageengine.victorinox.com/mediahub/26350/1280Wx1120H/WAT_241722_S1.jpg ||| /Users/lcchai/Work/assets/official/victorinox/WAT_241722_S1.jpg
https://www.swissarmy.com/us/en/Products/Watches/Men%27s-Watches/AirBoss-Mechanical-Chronograph/p/241742 ||| https://imageengine.victorinox.com/mediahub/26376/1280Wx1120H/WAT_241742_S1.jpg ||| /Users/lcchai/Work/assets/official/victorinox/WAT_241742_S1.jpg
https://www.swissarmy.com/us/en/Products/Watches/Men%27s-Watches/AirBoss-Mechanical-Chronograph/p/241795 ||| https://imageengine.victorinox.com/mediahub/26431/1280Wx1120H/WAT_241795_S1.jpg ||| /Users/lcchai/Work/assets/official/victorinox/WAT_241795_S1.jpg
https://www.swissarmy.com/us/en/Products/Watches/Men%27s-Watches/AirBoss-Mechanical/p/241507 ||| https://imageengine.victorinox.com/mediahub/26280/1280Wx1120H/WAT_241507_S1.jpg ||| /Users/lcchai/Work/assets/official/victorinox/WAT_241507_S1.jpg
https://www.swissarmy.com/us/en/Products/Watches/Men%27s-Watches/AirBoss-Mechanical/p/241740 ||| https://imageengine.victorinox.com/mediahub/26374/1280Wx1120H/WAT_241740_S1.jpg ||| /Users/lcchai/Work/assets/official/victorinox/WAT_241740_S1.jpg
https://www.swissarmy.com/us/en/Products/Watches/Men%27s-Watches/AirBoss-Mechanical/p/241820 ||| https://imageengine.victorinox.com/mediahub/26456/1280Wx1120H/WAT_241820_S1.jpg ||| /Users/lcchai/Work/assets/official/victorinox/WAT_241820_S1.jpg
https://www.swissarmy.com/us/en/Products/Watches/Men%27s-Watches/AirBoss-Mechanical/p/241821 ||| https://imageengine.victorinox.com/mediahub/26457/1280Wx1120H/WAT_241821_S1.jpg ||| /Users/lcchai/Work/assets/official/victorinox/WAT_241821_S1.jpg
https://www.swissarmy.com/us/en/Products/Watches/Men%27s-Watches/Alliance-Chronograph-44-mm/p/241745.1 ||| https://imageengine.victorinox.com/mediahub/40528/1280Wx1120H/WAT_241745-1_S1_SAK.jpg ||| /Users/lcchai/Work/assets/official/victorinox/WAT_241745-1_S1_SAK.jpg
https://www.swissarmy.com/us/en/Products/Watches/Men%27s-Watches/Alliance-XS/p/241838 ||| https://imageengine.victorinox.com/mediahub/36625/1280Wx1120H/WAT_241838_1__S.jpg ||| /Users/lcchai/Work/assets/official/victorinox/WAT_241838_1__S.jpg
https://www.swissarmy.com/us/en/Products/Watches/Men%27s-Watches/Alliance-XS/p/241839 ||| https://imageengine.victorinox.com/mediahub/36626/1280Wx1120H/WAT_241839_1__S.jpg ||| /Users/lcchai/Work/assets/official/victorinox/WAT_241839_1__S.jpg
https://www.swissarmy.com/us/en/Products/Watches/Men%27s-Watches/Alliance-XS/p/241840 ||| https://imageengine.victorinox.com/mediahub/36627/1280Wx1120H/WAT_241840_1__S.jpg ||| /Users/lcchai/Work/assets/official/victorinox/WAT_241840_1__S.jpg
https://www.swissarmy.com/us/en/Products/Watches/Men%27s-Watches/Alliance-XS/p/241841 ||| https://imageengine.victorinox.com/mediahub/36628/1280Wx1120H/WAT_241841_1__S.jpg ||| /Users/lcchai/Work/assets/official/victorinox/WAT_241841_1__S.jpg
https://www.swissarmy.com/us/en/Products/Watches/Men%27s-Watches/Alliance-XS/p/241842 ||| https://imageengine.victorinox.com/mediahub/36629/1280Wx1120H/WAT_241842_1__S.jpg ||| /Users/lcchai/Work/assets/official/victorinox/WAT_241842_1__S.jpg
https://www.swissarmy.com/us/en/Products/Watches/Men%27s-Watches/Alliance-XS/p/241915 ||| https://imageengine.victorinox.com/mediahub/93594/1280Wx1120H/WAT_241915_S1.jpg ||| /Users/lcchai/Work/assets/official/victorinox/WAT_241915_S1.jpg
https://www.swissarmy.com/us/en/Products/Watches/Men%27s-Watches/Alliance-XS/p/241916 ||| https://imageengine.victorinox.com/mediahub/93598/1280Wx1120H/WAT_241916_S1.jpg ||| /Users/lcchai/Work/assets/official/victorinox/WAT_241916_S1.jpg
https://www.swissarmy.com/us/en/Products/Watches/Men%27s-Watches/Alliance-XS/p/241917 ||| https://imageengine.victorinox.com/mediahub/93602/1280Wx1120H/WAT_241917_S1.jpg ||| /Users/lcchai/Work/assets/official/victorinox/WAT_241917_S1.jpg
https://www.swissarmy.com/us/en/Products/Watches/Men%27s-Watches/Alliance/p/241822 ||| https://imageengine.victorinox.com/mediahub/26458/1280Wx1120H/WAT_241822_S1.jpg ||| /Users/lcchai/Work/assets/official/victorinox/WAT_241822_S1.jpg
https://www.swissarmy.com/us/en/Products/Watches/Men%27s-Watches/Alliance/p/241904 ||| https://imageengine.victorinox.com/mediahub/150332/1280Wx1120H/WAT_241904_S1.jpg ||| /Users/lcchai/Work/assets/official/victorinox/WAT_241904_S1.jpg
https://www.swissarmy.com/us/en/Products/Watches/Men%27s-Watches/Alliance/p/241904.1 ||| https://imageengine.victorinox.com/mediahub/145344/1280Wx1120H/WAT_241904-1_S1_SAK.jpg ||| /Users/lcchai/Work/assets/official/victorinox/WAT_241904-1_S1_SAK.jpg
https://www.swissarmy.com/us/en/Products/Watches/Men%27s-Watches/Alliance/p/241905 ||| https://imageengine.victorinox.com/mediahub/120470/1280Wx1120H/WAT_241905_S1.jpg ||| /Users/lcchai/Work/assets/official/victorinox/WAT_241905_S1.jpg
https://www.swissarmy.com/us/en/Products/Watches/Men%27s-Watches/Alliance/p/241906 ||| https://imageengine.victorinox.com/mediahub/120471/1280Wx1120H/WAT_241906_S1.jpg ||| /Users/lcchai/Work/assets/official/victorinox/WAT_241906_S1.jpg
https://www.swissarmy.com/us/en/Products/Watches/Men%27s-Watches/Alliance/p/241907 ||| https://imageengine.victorinox.com/mediahub/120472/1280Wx1120H/WAT_241907_S1.jpg ||| /Users/lcchai/Work/assets/official/victorinox/WAT_241907_S1.jpg
https://www.swissarmy.com/us/en/Products/Watches/Men%27s-Watches/Alliance/p/241908 ||| https://imageengine.victorinox.com/mediahub/120473/1280Wx1120H/WAT_241908_S1.jpg ||| /Users/lcchai/Work/assets/official/victorinox/WAT_241908_S1.jpg
https://www.swissarmy.com/us/en/Products/Watches/Men%27s-Watches/Alliance/p/241909 ||| https://imageengine.victorinox.com/mediahub/120474/1280Wx1120H/WAT_241909_S1.jpg ||| /Users/lcchai/Work/assets/official/victorinox/WAT_241909_S1.jpg
https://www.swissarmy.com/us/en/Products/Watches/Men%27s-Watches/Alliance/p/241910 ||| https://imageengine.victorinox.com/mediahub/120475/1280Wx1120H/WAT_241910_S1.jpg ||| /Users/lcchai/Work/assets/official/victorinox/WAT_241910_S1.jpg
https://www.swissarmy.com/us/en/Products/Watches/Men%27s-Watches/Alliance/p/241910.1 ||| https://imageengine.victorinox.com/mediahub/128474/1280Wx1120H/WAT_241910-1_S1.jpg ||| /Users/lcchai/Work/assets/official/victorinox/WAT_241910-1_S1.jpg
https://www.swissarmy.com/us/en/Products/Watches/Men%27s-Watches/Alliance/p/241911 ||| https://imageengine.victorinox.com/mediahub/120476/1280Wx1120H/WAT_241911_S1.jpg ||| /Users/lcchai/Work/assets/official/victorinox/WAT_241911_S1.jpg
https://www.swissarmy.com/us/en/Products/Watches/Men%27s-Watches/Alliance/p/241912 ||| https://imageengine.victorinox.com/mediahub/120477/1280Wx1120H/WAT_241912_S1.jpg ||| /Users/lcchai/Work/assets/official/victorinox/WAT_241912_S1.jpg
https://www.swissarmy.com/us/en/Products/Watches/Men%27s-Watches/Alliance/p/241913 ||| https://imageengine.victorinox.com/mediahub/120478/1280Wx1120H/WAT_241913_S1.jpg ||| /Users/lcchai/Work/assets/official/victorinox/WAT_241913_S1.jpg
https://www.swissarmy.com/us/en/Products/Watches/Men%27s-Watches/Fieldforce-Chrono/p/241852 ||| https://imageengine.victorinox.com/mediahub/38457/1280Wx1120H/241852.jpg ||| /Users/lcchai/Work/assets/official/victorinox/241852.jpg
https://www.swissarmy.com/us/en/Products/Watches/Men%27s-Watches/Fieldforce-Chrono/p/241853 ||| https://imageengine.victorinox.com/mediahub/37371/1280Wx1120H/WAT_241853_S1.jpg ||| /Users/lcchai/Work/assets/official/victorinox/WAT_241853_S1.jpg
https://www.swissarmy.com/us/en/Products/Watches/Men%27s-Watches/Fieldforce-Chrono/p/241854 ||| https://imageengine.victorinox.com/mediahub/38459/1280Wx1120H/241854.jpg ||| /Users/lcchai/Work/assets/official/victorinox/241854.jpg
https://www.swissarmy.com/us/en/Products/Watches/Men%27s-Watches/Fieldforce-Chrono/p/241855 ||| https://imageengine.victorinox.com/mediahub/37372/1280Wx1120H/WAT_241855_S1.jpg ||| /Users/lcchai/Work/assets/official/victorinox/WAT_241855_S1.jpg
https://www.swissarmy.com/us/en/Products/Watches/Men%27s-Watches/Fieldforce-Chrono/p/241856 ||| https://imageengine.victorinox.com/mediahub/38461/1280Wx1120H/241856.jpg ||| /Users/lcchai/Work/assets/official/victorinox/241856.jpg
https://www.swissarmy.com/us/en/Products/Watches/Men%27s-Watches/Fieldforce-Chrono/p/241857 ||| https://imageengine.victorinox.com/mediahub/38462/1280Wx1120H/241857.jpg ||| /Users/lcchai/Work/assets/official/victorinox/241857.jpg
https://www.swissarmy.com/us/en/Products/Watches/Men%27s-Watches/Fieldforce/p/241846 ||| https://imageengine.victorinox.com/mediahub/37369/1280Wx1120H/WAT_241846_S1.jpg ||| /Users/lcchai/Work/assets/official/victorinox/WAT_241846_S1.jpg
https://www.swissarmy.com/us/en/Products/Watches/Men%27s-Watches/Fieldforce/p/241847 ||| https://imageengine.victorinox.com/mediahub/38452/1280Wx1120H/241847.jpg ||| /Users/lcchai/Work/assets/official/victorinox/241847.jpg
https://www.swissarmy.com/us/en/Products/Watches/Men%27s-Watches/Fieldforce/p/241848 ||| https://imageengine.victorinox.com/mediahub/38453/1280Wx1120H/241848.jpg ||| /Users/lcchai/Work/assets/official/victorinox/241848.jpg
https://www.swissarmy.com/us/en/Products/Watches/Men%27s-Watches/Fieldforce/p/241849 ||| https://imageengine.victorinox.com/mediahub/38454/1280Wx1120H/241849.jpg ||| /Users/lcchai/Work/assets/official/victorinox/241849.jpg
https://www.swissarmy.com/us/en/Products/Watches/Men%27s-Watches/Fieldforce/p/241850 ||| https://imageengine.victorinox.com/mediahub/37370/1280Wx1120H/WAT_241850_S1.jpg ||| /Users/lcchai/Work/assets/official/victorinox/WAT_241850_S1.jpg
https://www.swissarmy.com/us/en/Products/Watches/Men%27s-Watches/Fieldforce/p/241851 ||| https://imageengine.victorinox.com/mediahub/38456/1280Wx1120H/241851.jpg ||| /Users/lcchai/Work/assets/official/victorinox/241851.jpg
https://www.swissarmy.com/us/en/Products/Watches/Men%27s-Watches/Fieldforce/p/241895 ||| https://imageengine.victorinox.com/mediahub/94220/1280Wx1120H/WAT_241895_S1.jpg ||| /Users/lcchai/Work/assets/official/victorinox/WAT_241895_S1.jpg
https://www.swissarmy.com/us/en/Products/Watches/Men%27s-Watches/Fieldforce/p/241896 ||| https://imageengine.victorinox.com/mediahub/94221/1280Wx1120H/WAT_241896_S1.jpg ||| /Users/lcchai/Work/assets/official/victorinox/WAT_241896_S1.jpg
https://www.swissarmy.com/us/en/Products/Watches/Men%27s-Watches/Fieldforce/p/249168 ||| https://imageengine.victorinox.com/mediahub/146431/1280Wx1120H/WAT_249168_S1.jpg ||| /Users/lcchai/Work/assets/official/victorinox/WAT_249168_S1.jpg
https://www.swissarmy.com/us/en/Products/Watches/Men%27s-Watches/INOX-Carbon-Limited-Edition/p/241927.1 ||| https://imageengine.victorinox.com/mediahub/137636/1280Wx1120H/WAT_241927-1_S1.jpg ||| /Users/lcchai/Work/assets/official/victorinox/WAT_241927-1_S1.jpg
https://www.swissarmy.com/us/en/Products/Watches/Men%27s-Watches/INOX-Carbon-Mechanical/p/241866.1 ||| https://imageengine.victorinox.com/mediahub/44742/1280Wx1120H/WAT_241866_S1.jpg ||| /Users/lcchai/Work/assets/official/victorinox/WAT_241866_S1.jpg
https://www.swissarmy.com/us/en/Products/Watches/Men%27s-Watches/INOX-Professional-Diver/p/241733 ||| https://imageengine.victorinox.com/mediahub/26364/1280Wx1120H/WAT_241733_S1.jpg ||| /Users/lcchai/Work/assets/official/victorinox/WAT_241733_S1.jpg
https://www.swissarmy.com/us/en/Products/Watches/Men%27s-Watches/INOX-Professional-Diver/p/241734 ||| https://imageengine.victorinox.com/mediahub/26365/1280Wx1120H/WAT_241734_S1.jpg ||| /Users/lcchai/Work/assets/official/victorinox/WAT_241734_S1.jpg
https://www.swissarmy.com/us/en/Products/Watches/Men%27s-Watches/INOX-Professional-Diver/p/241736 ||| https://imageengine.victorinox.com/mediahub/26367/1280Wx1120H/WAT_241736_S1.jpg ||| /Users/lcchai/Work/assets/official/victorinox/WAT_241736_S1.jpg
https://www.swissarmy.com/us/en/Products/Watches/Men%27s-Watches/INOX-Professional-Diver/p/241810 ||| https://imageengine.victorinox.com/mediahub/26448/1280Wx1120H/WAT_241810_S1.jpg ||| /Users/lcchai/Work/assets/official/victorinox/WAT_241810_S1.jpg
https://www.swissarmy.com/us/en/Products/Watches/Men%27s-Watches/INOX-Professional-Diver/p/241811 ||| https://imageengine.victorinox.com/mediahub/26449/1280Wx1120H/WAT_241811_S1.jpg ||| /Users/lcchai/Work/assets/official/victorinox/WAT_241811_S1.jpg
https://www.swissarmy.com/us/en/Products/Watches/Men%27s-Watches/INOX-Professional-Diver/p/241812 ||| https://imageengine.victorinox.com/mediahub/26450/1280Wx1120H/WAT_241812_S1.jpg ||| /Users/lcchai/Work/assets/official/victorinox/WAT_241812_S1.jpg
https://www.swissarmy.com/us/en/Products/Watches/Men%27s-Watches/INOX-Professional-Diver/p/241813 ||| https://imageengine.victorinox.com/mediahub/26451/1280Wx1120H/WAT_241813_S1.jpg ||| /Users/lcchai/Work/assets/official/victorinox/WAT_241813_S1.jpg
https://www.swissarmy.com/us/en/Products/Watches/Men%27s-Watches/INOX-Professional-Diver/p/241843 ||| https://imageengine.victorinox.com/mediahub/38463/1280Wx1120H/WAT_241843_S1.jpg ||| /Users/lcchai/Work/assets/official/victorinox/WAT_241843_S1.jpg
https://www.swissarmy.com/us/en/Products/Watches/Men%27s-Watches/INOX-Professional-Diver/p/241844 ||| https://imageengine.victorinox.com/mediahub/38464/1280Wx1120H/WAT_241844_S1.jpg ||| /Users/lcchai/Work/assets/official/victorinox/WAT_241844_S1.jpg
https://www.swissarmy.com/us/en/Products/Watches/Men%27s-Watches/INOX-Professional-Diver/p/241845 ||| https://imageengine.victorinox.com/mediahub/38465/1280Wx1120H/WAT_241845_S1.jpg ||| /Users/lcchai/Work/assets/official/victorinox/WAT_241845_S1.jpg
https://www.swissarmy.com/us/en/Products/Watches/Men%27s-Watches/INOX-Titanium/p/241758 ||| https://imageengine.victorinox.com/mediahub/80434/1280Wx1120H/MTDZF1CDF3KM6SSF9PAW_WAT_241758_S1_R1.jpg ||| /Users/lcchai/Work/assets/official/victorinox/MTDZF1CDF3KM6SSF9PAW_WAT_241758_S1_R1.jpg
https://www.swissarmy.com/us/en/Products/Watches/Men%27s-Watches/INOX-Titanium/p/241883 ||| https://imageengine.victorinox.com/mediahub/76986/1280Wx1120H/WAT_241883_S1.jpg ||| /Users/lcchai/Work/assets/official/victorinox/WAT_241883_S1.jpg
https://www.swissarmy.com/us/en/Products/Watches/Men%27s-Watches/INOX/p/241682.1 ||| https://imageengine.victorinox.com/mediahub/26314/1280Wx1120H/WAT_241682_1_S1.jpg ||| /Users/lcchai/Work/assets/official/victorinox/WAT_241682_1_S1.jpg
https://www.swissarmy.com/us/en/Products/Watches/Men%27s-Watches/INOX/p/241688.1 ||| https://imageengine.victorinox.com/mediahub/26320/1280Wx1120H/WAT_241688_1_S1.jpg ||| /Users/lcchai/Work/assets/official/victorinox/WAT_241688_1_S1.jpg
https://www.swissarmy.com/us/en/Products/Watches/Men%27s-Watches/INOX/p/241719.1 ||| https://imageengine.victorinox.com/mediahub/26347/1280Wx1120H/WAT_241719_1_S1.jpg ||| /Users/lcchai/Work/assets/official/victorinox/WAT_241719_1_S1.jpg
https://www.swissarmy.com/us/en/Products/Watches/Men%27s-Watches/INOX/p/241723.1 ||| https://imageengine.victorinox.com/mediahub/26351/1280Wx1120H/WAT_241723_1_S1.jpg ||| /Users/lcchai/Work/assets/official/victorinox/WAT_241723_1_S1.jpg
https://www.swissarmy.com/us/en/Products/Watches/Men%27s-Watches/INOX/p/241726 ||| https://imageengine.victorinox.com/mediahub/26355/1280Wx1120H/WAT_241726_S1.jpg ||| /Users/lcchai/Work/assets/official/victorinox/WAT_241726_S1.jpg
https://www.swissarmy.com/us/en/Products/Watches/Men%27s-Watches/INOX/p/241727 ||| https://imageengine.victorinox.com/mediahub/26357/1280Wx1120H/WAT_241727_S1.jpg ||| /Users/lcchai/Work/assets/official/victorinox/WAT_241727_S1.jpg
https://www.swissarmy.com/us/en/Products/Watches/Men%27s-Watches/INOX/p/241744 ||| https://imageengine.victorinox.com/mediahub/26377/1280Wx1120H/WAT_241744_S1.jpg ||| /Users/lcchai/Work/assets/official/victorinox/WAT_241744_S1.jpg
https://www.swissarmy.com/us/en/Products/Watches/Men%27s-Watches/INOX/p/241894 ||| https://imageengine.victorinox.com/mediahub/77243/1280Wx1120H/WAT_241894_S1.jpg ||| /Users/lcchai/Work/assets/official/victorinox/WAT_241894_S1.jpg
https://www.swissarmy.com/us/en/Products/Watches/Men%27s-Watches/Maverick-Chronograph/p/241689 ||| https://imageengine.victorinox.com/mediahub/26322/1280Wx1120H/WAT_241689_S1.jpg ||| /Users/lcchai/Work/assets/official/victorinox/WAT_241689_S1.jpg
https://www.swissarmy.com/us/en/Products/Watches/Men%27s-Watches/Maverick-Chronograph/p/241693 ||| https://imageengine.victorinox.com/mediahub/26326/1280Wx1120H/WAT_241693_S1.jpg ||| /Users/lcchai/Work/assets/official/victorinox/WAT_241693_S1.jpg
https://www.swissarmy.com/us/en/Products/Watches/Men%27s-Watches/Maverick-Chronograph/p/241695 ||| https://imageengine.victorinox.com/mediahub/26328/1280Wx1120H/WAT_241695_S1.jpg ||| /Users/lcchai/Work/assets/official/victorinox/WAT_241695_S1.jpg
https://www.swissarmy.com/us/en/Products/Watches/Men%27s-Watches/Maverick-Chronograph/p/241791 ||| https://imageengine.victorinox.com/mediahub/26427/1280Wx1120H/WAT_241791_S1.jpg ||| /Users/lcchai/Work/assets/official/victorinox/WAT_241791_S1.jpg
https://www.swissarmy.com/us/en/Products/Watches/Men%27s-Watches/Maverick-Chronograph/p/241797 ||| https://imageengine.victorinox.com/mediahub/26432/1280Wx1120H/WAT_241797_S1.jpg ||| /Users/lcchai/Work/assets/official/victorinox/WAT_241797_S1.jpg
https://www.swissarmy.com/us/en/Products/Watches/Men%27s-Watches/Maverick-Large/p/241602 ||| https://imageengine.victorinox.com/mediahub/26292/1280Wx1120H/WAT_241602_S1.jpg ||| /Users/lcchai/Work/assets/official/victorinox/WAT_241602_S1.jpg
https://www.swissarmy.com/us/en/Products/Watches/Men%27s-Watches/Maverick-Large/p/241603 ||| https://imageengine.victorinox.com/mediahub/26293/1280Wx1120H/WAT_241603_S1.jpg ||| /Users/lcchai/Work/assets/official/victorinox/WAT_241603_S1.jpg
https://www.swissarmy.com/us/en/Products/Watches/Men%27s-Watches/Maverick-Large/p/241605 ||| https://imageengine.victorinox.com/mediahub/26294/1280Wx1120H/WAT_241605_S1.jpg ||| /Users/lcchai/Work/assets/official/victorinox/WAT_241605_S1.jpg
https://www.swissarmy.com/us/en/Products/Watches/Men%27s-Watches/Maverick-Large/p/241697 ||| https://imageengine.victorinox.com/mediahub/26330/1280Wx1120H/WAT_241697_S1.jpg ||| /Users/lcchai/Work/assets/official/victorinox/WAT_241697_S1.jpg
https://www.swissarmy.com/us/en/Products/Watches/Men%27s-Watches/Maverick-Large/p/241698 ||| https://imageengine.victorinox.com/mediahub/26331/1280Wx1120H/WAT_241698_S1.jpg ||| /Users/lcchai/Work/assets/official/victorinox/WAT_241698_S1.jpg
https://www.swissarmy.com/us/en/Products/Watches/Men%27s-Watches/Maverick-Large/p/241789 ||| https://imageengine.victorinox.com/mediahub/26425/1280Wx1120H/WAT_241789_S1.jpg ||| /Users/lcchai/Work/assets/official/victorinox/WAT_241789_S1.jpg
https://www.swissarmy.com/us/en/Products/Watches/Men%27s-Watches/Maverick-Large/p/241798 ||| https://imageengine.victorinox.com/mediahub/26433/1280Wx1120H/WAT_241798_S1.jpg ||| /Users/lcchai/Work/assets/official/victorinox/WAT_241798_S1.jpg
https://www.swissarmy.com/us/en/Products/Watches/Men%27s-Watches/Maverick-Large/p/241824 ||| https://imageengine.victorinox.com/mediahub/26460/1280Wx1120H/WAT_241824_S1.jpg ||| /Users/lcchai/Work/assets/official/victorinox/WAT_241824_S1.jpg
https://www.swissarmy.com/us/en/Products/Watches/Men%27s-Watches/Maverick-Large/p/241884 ||| https://imageengine.victorinox.com/mediahub/76988/1280Wx1120H/WAT_241884_S1.jpg ||| /Users/lcchai/Work/assets/official/victorinox/WAT_241884_S1.jpg
https://www.swissarmy.com/us/en/Products/Watches/Pilot-Watches/Airboss-Mechanical/p/241886 ||| https://imageengine.victorinox.com/mediahub/76989/1280Wx1120H/WAT_241886_S1.jpg ||| /Users/lcchai/Work/assets/official/victorinox/WAT_241886_S1.jpg
https://www.swissarmy.com/us/en/Products/Watches/Pilot-Watches/Airboss-Mechanical/p/241887 ||| https://imageengine.victorinox.com/mediahub/76990/1280Wx1120H/WAT_241887_S1.jpg ||| /Users/lcchai/Work/assets/official/victorinox/WAT_241887_S1.jpg
https://www.swissarmy.com/us/en/Products/Watches/Pilot-Watches/Airboss-Mechanical/p/241888 ||| https://imageengine.victorinox.com/mediahub/76991/1280Wx1120H/WAT_241888_S1.jpg ||| /Users/lcchai/Work/assets/official/victorinox/WAT_241888_S1.jpg
https://www.swissarmy.com/us/en/Products/Watches/Pilot-Watches/INOX-Carbon/p/241859 ||| https://imageengine.victorinox.com/mediahub/38443/1280Wx1120H/WAT_241859_S1.jpg ||| /Users/lcchai/Work/assets/official/victorinox/WAT_241859_S1.jpg
https://www.swissarmy.com/us/en/Products/Watches/Pilot-Watches/INOX-Carbon/p/241860 ||| https://imageengine.victorinox.com/mediahub/38444/1280Wx1120H/WAT_241860_S1.jpg ||| /Users/lcchai/Work/assets/official/victorinox/WAT_241860_S1.jpg
https://www.swissarmy.com/us/en/Products/Watches/Pilot-Watches/INOX-Carbon/p/241861 ||| https://imageengine.victorinox.com/mediahub/38445/1280Wx1120H/WAT_241861_S1.jpg ||| /Users/lcchai/Work/assets/official/victorinox/WAT_241861_S1.jpg
https://www.swissarmy.com/us/en/Products/Watches/Women%27s-Watches/Alliance-Small-35-mm/p/241827 ||| https://imageengine.victorinox.com/mediahub/26463/1280Wx1120H/WAT_241827_S1.jpg ||| /Users/lcchai/Work/assets/official/victorinox/WAT_241827_S1.jpg
https://www.swissarmy.com/us/en/Products/Watches/Women%27s-Watches/Alliance-Small-35-mm/p/241828 ||| https://imageengine.victorinox.com/mediahub/26464/1280Wx1120H/WAT_241828_S1.jpg ||| /Users/lcchai/Work/assets/official/victorinox/WAT_241828_S1.jpg
https://www.swissarmy.com/us/en/Products/Watches/Women%27s-Watches/Alliance-Small-35-mm/p/241829 ||| https://imageengine.victorinox.com/mediahub/36624/1280Wx1120H/WAT_241829_1__S.jpg ||| /Users/lcchai/Work/assets/official/victorinox/WAT_241829_1__S.jpg
https://www.swissarmy.com/us/en/Products/Watches/Women%27s-Watches/Alliance-Small-35-mm/p/241830 ||| https://imageengine.victorinox.com/mediahub/26466/1280Wx1120H/WAT_241830_S1.jpg ||| /Users/lcchai/Work/assets/official/victorinox/WAT_241830_S1.jpg
https://www.swissarmy.com/us/en/Products/Watches/Women%27s-Watches/Alliance-Small-35-mm/p/241831 ||| https://imageengine.victorinox.com/mediahub/26467/1280Wx1120H/WAT_241831_S1.jpg ||| /Users/lcchai/Work/assets/official/victorinox/WAT_241831_S1.jpg
https://www.swissarmy.com/us/en/Products/Watches/Women%27s-Watches/Alliance-Small-35-mm/p/241832 ||| https://imageengine.victorinox.com/mediahub/26468/1280Wx1120H/WAT_241832_S1.jpg ||| /Users/lcchai/Work/assets/official/victorinox/WAT_241832_S1.jpg
https://www.swissarmy.com/us/en/Products/Watches/Women%27s-Watches/Alliance-Small-35-mm/p/241833 ||| https://imageengine.victorinox.com/mediahub/26469/1280Wx1120H/WAT_241833_S1.jpg ||| /Users/lcchai/Work/assets/official/victorinox/WAT_241833_S1.jpg
https://www.swissarmy.com/us/en/Products/Watches/Women%27s-Watches/Alliance-XS/p/241875 ||| https://imageengine.victorinox.com/mediahub/42303/1280Wx1120H/WAT_241875_S1.jpg ||| /Users/lcchai/Work/assets/official/victorinox/WAT_241875_S1.jpg
https://www.swissarmy.com/us/en/Products/Watches/Women%27s-Watches/Alliance-XS/p/241876 ||| https://imageengine.victorinox.com/mediahub/42304/1280Wx1120H/WAT_241876_S1.jpg ||| /Users/lcchai/Work/assets/official/victorinox/WAT_241876_S1.jpg
https://www.swissarmy.com/us/en/Products/Watches/Women%27s-Watches/Alliance-XS/p/241877 ||| https://imageengine.victorinox.com/mediahub/42305/1280Wx1120H/WAT_241877_S1.jpg ||| /Users/lcchai/Work/assets/official/victorinox/WAT_241877_S1.jpg
https://www.swissarmy.com/us/en/Products/Watches/Women%27s-Watches/Alliance-XS/p/241878 ||| https://imageengine.victorinox.com/mediahub/42306/1280Wx1120H/WAT_241878_S1.jpg ||| /Users/lcchai/Work/assets/official/victorinox/WAT_241878_S1.jpg
https://www.swissarmy.com/us/en/Products/Watches/Women%27s-Watches/Alliance-XS/p/241879 ||| https://imageengine.victorinox.com/mediahub/42307/1280Wx1120H/WAT_241879_S1.jpg ||| /Users/lcchai/Work/assets/official/victorinox/WAT_241879_S1.jpg
https://www.swissarmy.com/us/en/Products/Watches/Women%27s-Watches/INOX-V/p/241768 ||| https://imageengine.victorinox.com/mediahub/26403/1280Wx1120H/WAT_241768_S1.jpg ||| /Users/lcchai/Work/assets/official/victorinox/WAT_241768_S1.jpg
https://www.swissarmy.com/us/en/Products/Watches/Women%27s-Watches/INOX-V/p/241769 ||| https://imageengine.victorinox.com/mediahub/26405/1280Wx1120H/WAT_241769_S1.jpg ||| /Users/lcchai/Work/assets/official/victorinox/WAT_241769_S1.jpg
https://www.swissarmy.com/us/en/Products/Watches/Women%27s-Watches/INOX-V/p/241770 ||| https://imageengine.victorinox.com/mediahub/26407/1280Wx1120H/WAT_241770_S1.jpg ||| /Users/lcchai/Work/assets/official/victorinox/WAT_241770_S1.jpg
https://www.swissarmy.com/us/en/Products/Watches/Women%27s-Watches/INOX-V/p/241771 ||| https://imageengine.victorinox.com/mediahub/26409/1280Wx1120H/WAT_241771_S1.jpg ||| /Users/lcchai/Work/assets/official/victorinox/WAT_241771_S1.jpg
https://www.swissarmy.com/us/en/Products/Watches/Women%27s-Watches/INOX-V/p/241807 ||| https://imageengine.victorinox.com/mediahub/77287/1280Wx1120H/WAT_241807_S1.jpg ||| /Users/lcchai/Work/assets/official/victorinox/WAT_241807_S1.jpg
https://www.swissarmy.com/us/en/Products/Watches/Women%27s-Watches/INOX-V/p/241808 ||| https://imageengine.victorinox.com/mediahub/77288/1280Wx1120H/WAT_241808_S1.jpg ||| /Users/lcchai/Work/assets/official/victorinox/WAT_241808_S1.jpg
https://www.swissarmy.com/us/en/Products/Watches/Women%27s-Watches/INOX-V/p/241880 ||| https://imageengine.victorinox.com/mediahub/76982/1280Wx1120H/WAT_241880_S1.jpg ||| /Users/lcchai/Work/assets/official/victorinox/WAT_241880_S1.jpg
https://www.swissarmy.com/us/en/Products/Watches/Women%27s-Watches/INOX-V/p/241881 ||| https://imageengine.victorinox.com/mediahub/76984/1280Wx1120H/WAT_241881_S1.jpg ||| /Users/lcchai/Work/assets/official/victorinox/WAT_241881_S1.jpg
https://www.swissarmy.com/us/en/Products/Watches/Women%27s-Watches/INOX-V/p/241918 ||| https://imageengine.victorinox.com/mediahub/129524/1280Wx1120H/WAT_241918_S1.jpg ||| /Users/lcchai/Work/assets/official/victorinox/WAT_241918_S1.jpg
https://www.swissarmy.com/us/en/Products/Watches/Women%27s-Watches/INOX-V/p/241919 ||| https://imageengine.victorinox.com/mediahub/129530/1280Wx1120H/WAT_241919_S1.jpg ||| /Users/lcchai/Work/assets/official/victorinox/WAT_241919_S1.jpg
https://www.swissarmy.com/us/en/Products/Watches/Women%27s-Watches/INOX-V/p/241920 ||| https://imageengine.victorinox.com/mediahub/129536/1280Wx1120H/WAT_241920_S1.jpg ||| /Users/lcchai/Work/assets/official/victorinox/WAT_241920_S1.jpg
https://www.swissarmy.com/us/en/Products/Watches/Women%27s-Watches/INOX-V/p/241921 ||| https://imageengine.victorinox.com/mediahub/129542/1280Wx1120H/WAT_241921_S1.jpg ||| /Users/lcchai/Work/assets/official/victorinox/WAT_241921_S1.jpg
https://www.swissarmy.com/us/en/Products/Watches/Women%27s-Watches/INOX-V/p/241954 ||| https://imageengine.victorinox.com/mediahub/144946/1280Wx1120H/WAT_241954_S1.jpg ||| /Users/lcchai/Work/assets/official/victorinox/WAT_241954_S1.jpg
https://www.swissarmy.com/us/en/Products/Watches/Women%27s-Watches/INOX-V/p/241955 ||| https://imageengine.victorinox.com/mediahub/144948/1280Wx1120H/WAT_241955_S1.jpg ||| /Users/lcchai/Work/assets/official/victorinox/WAT_241955_S1.jpg
https://www.swissarmy.com/us/en/Products/Watches/Women%27s-Watches/Maverick-Small/p/241609 ||| https://imageengine.victorinox.com/mediahub/26298/1280Wx1120H/WAT_241609_S1.jpg ||| /Users/lcchai/Work/assets/official/victorinox/WAT_241609_S1.jpg
https://www.swissarmy.com/us/en/Products/Watches/Women%27s-Watches/Maverick-Small/p/241610 ||| https://imageengine.victorinox.com/mediahub/26299/1280Wx1120H/WAT_241610_S1.jpg ||| /Users/lcchai/Work/assets/official/victorinox/WAT_241610_S1.jpg
https://www.swissarmy.com/us/en/Products/Watches/Women%27s-Watches/Maverick-Small/p/241612 ||| https://imageengine.victorinox.com/mediahub/26300/1280Wx1120H/WAT_241612_S1.jpg ||| /Users/lcchai/Work/assets/official/victorinox/WAT_241612_S1.jpg
https://www.swissarmy.com/us/en/Products/Watches/Women%27s-Watches/Maverick-Small/p/241701 ||| https://imageengine.victorinox.com/mediahub/26334/1280Wx1120H/WAT_241701_S1.jpg ||| /Users/lcchai/Work/assets/official/victorinox/WAT_241701_S1.jpg
https://www.swissarmy.com/us/en/Products/Watches/Women%27s-Watches/Maverick-Small/p/241790 ||| https://imageengine.victorinox.com/mediahub/26426/1280Wx1120H/WAT_241790_S1.jpg ||| /Users/lcchai/Work/assets/official/victorinox/WAT_241790_S1.jpg
https://www.swissarmy.com/us/en/Products/c/Alliance-Sport-Chronograph/p/241819.1 ||| https://imageengine.victorinox.com/mediahub/37915/1280Wx1120H/WAT_241819.1_S1.jpg ||| /Users/lcchai/Work/assets/official/victorinox/WAT_241819.1_S1.jpg
