https://www.zenith-watches.com/en_en/chronomaster-el-primero-38-00-2.html ||| 404
https://www.zenith-watches.com/en_en/chronomaster-el-primero-42-00-1.html ||| 404
https://www.zenith-watches.com/en_en/chronomaster-el-primero-42-00.html ||| 404
https://www.zenith-watches.com/en_en/chronomaster-el-primero-54.html ||| 404
https://www.zenith-watches.com/en_en/chronomaster-el-primero-55.html ||| 404
https://www.zenith-watches.com/en_en/chronomaster-el-primero-56.html ||| 404
https://www.zenith-watches.com/en_en/chronomaster-el-primero-58.html ||| 404
https://www.zenith-watches.com/en_en/chronomaster-el-primero-chronomaster-2-1.html ||| 404
https://www.zenith-watches.com/en_en/chronomaster-el-primero-chronomaster-2.html ||| 404
https://www.zenith-watches.com/en_en/chronomaster-el-primero-grande-date-full-open-2.html ||| 404
https://www.zenith-watches.com/en_en/chronomaster-el-primero-grande-date-full-open-45-00.html ||| 404
https://www.zenith-watches.com/en_en/chronomaster-el-primero-grande-date-full-open.html ||| 404
https://www.zenith-watches.com/en_en/chronomaster-el-primero-open-10.html ||| 404
https://www.zenith-watches.com/en_en/chronomaster-el-primero-open-11.html ||| 404
https://www.zenith-watches.com/en_en/chronomaster-el-primero-open-12.html ||| 404
https://www.zenith-watches.com/en_en/chronomaster-el-primero-open-21.html ||| 404
https://www.zenith-watches.com/en_en/chronomaster-el-primero-open-22.html ||| 404
https://www.zenith-watches.com/en_en/chronomaster-el-primero-open-23.html ||| 404
https://www.zenith-watches.com/en_en/chronomaster-el-primero-open-24.html ||| 404
https://www.zenith-watches.com/en_en/chronomaster-el-primero-open-25.html ||| 404
https://www.zenith-watches.com/en_en/chronomaster-el-primero-open-26.html ||| 404
https://www.zenith-watches.com/en_en/chronomaster-el-primero-open-27.html ||| 404
https://www.zenith-watches.com/en_en/chronomaster-el-primero-open-42-00-1.html ||| 404
https://www.zenith-watches.com/en_en/chronomaster-el-primero-open-42-00-2.html ||| 404
https://www.zenith-watches.com/en_en/chronomaster-el-primero-open-42-00.html ||| 404
https://www.zenith-watches.com/en_en/chronomaster-el-primero-open-7.html ||| 404
https://www.zenith-watches.com/en_en/chronomaster-el-primero-open-8.html ||| 404
https://www.zenith-watches.com/en_en/chronomaster-el-primero-open-9.html ||| 404
https://www.zenith-watches.com/en_en/chronomaster-el-primero-radar.html ||| 404
https://www.zenith-watches.com/en_en/chronomaster-el-primero.html ||| 404
https://www.zenith-watches.com/en_en/defy-classic-1.html ||| 404
https://www.zenith-watches.com/en_en/defy-classic-10.html ||| 404
https://www.zenith-watches.com/en_en/defy-classic-11.html ||| 404
https://www.zenith-watches.com/en_en/defy-classic-2.html ||| 404
https://www.zenith-watches.com/en_en/defy-classic-3.html ||| 404
https://www.zenith-watches.com/en_en/defy-classic-4.html ||| 404
https://www.zenith-watches.com/en_en/defy-classic-5.html ||| 404
https://www.zenith-watches.com/en_en/defy-classic-8.html ||| 404
https://www.zenith-watches.com/en_en/defy-classic-9.html ||| 404
https://www.zenith-watches.com/en_en/defy-classic-jewelry.html ||| 404
https://www.zenith-watches.com/en_en/defy-classic-midnight-1.html ||| 404
https://www.zenith-watches.com/en_en/defy-classic-midnight-2.html ||| 404
https://www.zenith-watches.com/en_en/defy-classic-midnight-3.html ||| 404
https://www.zenith-watches.com/en_en/defy-classic-midnight-4.html ||| 404
https://www.zenith-watches.com/en_en/defy-classic-midnight-5.html ||| 404
https://www.zenith-watches.com/en_en/defy-classic-midnight.html ||| 404
https://www.zenith-watches.com/en_en/defy-classic-mykonos-edition.html ||| 404
https://www.zenith-watches.com/en_en/defy-classic-rainbow.html ||| 404
https://www.zenith-watches.com/en_en/defy-double-tourbillon-1.html ||| 404
https://www.zenith-watches.com/en_en/defy-double-tourbillon.html ||| 404
https://www.zenith-watches.com/en_en/defy-el-primero-21-10.html ||| 404
https://www.zenith-watches.com/en_en/defy-el-primero-21-11.html ||| 404
https://www.zenith-watches.com/en_en/defy-el-primero-21-12.html ||| 404
https://www.zenith-watches.com/en_en/defy-el-primero-21-15.html ||| 404
https://www.zenith-watches.com/en_en/defy-el-primero-21-16.html ||| 404
https://www.zenith-watches.com/en_en/defy-el-primero-21-17.html ||| 404
https://www.zenith-watches.com/en_en/defy-el-primero-21-27.html ||| 404
https://www.zenith-watches.com/en_en/defy-el-primero-21-4.html ||| 404
https://www.zenith-watches.com/en_en/defy-el-primero-21-44-00-1.html ||| 404
https://www.zenith-watches.com/en_en/defy-el-primero-21-5.html ||| 404
https://www.zenith-watches.com/en_en/defy-el-primero-21-7.html ||| 404
https://www.zenith-watches.com/en_en/defy-el-primero-21-8.html ||| 404
https://www.zenith-watches.com/en_en/defy-el-primero-21-carl-cox.html ||| 404
https://www.zenith-watches.com/en_en/defy-el-primero-21.html ||| 404
https://www.zenith-watches.com/en_en/defy-fusee-tourbillon-1.html ||| 404
https://www.zenith-watches.com/en_en/defy-fusee-tourbillon.html ||| 404
https://www.zenith-watches.com/en_en/defy-zero-g-1.html ||| 404
https://www.zenith-watches.com/en_en/defy-zero-g-2.html ||| 404
https://www.zenith-watches.com/en_en/defy-zero-g-3.html ||| 404
https://www.zenith-watches.com/en_en/defy-zero-g.html ||| 404
https://www.zenith-watches.com/en_en/el-primero-chronomaster-1969-15.html ||| 404
https://www.zenith-watches.com/en_en/el-primero-chronomaster-1969-164.html ||| 404
https://www.zenith-watches.com/en_en/el-primero-chronomaster-24.html ||| 404
https://www.zenith-watches.com/en_en/elite-classic-7.html ||| 404
https://www.zenith-watches.com/en_en/elite-classic-8.html ||| 404
https://www.zenith-watches.com/en_en/elite-classic-9.html ||| 404
https://www.zenith-watches.com/en_en/elite-classic.html ||| 404
https://www.zenith-watches.com/en_en/elite-moonphase-3.html ||| 404
https://www.zenith-watches.com/en_en/elite-moonphase-4.html ||| 404
https://www.zenith-watches.com/en_en/elite-moonphase-5.html ||| 404
https://www.zenith-watches.com/en_en/elite-moonphase.html ||| 404
https://www.zenith-watches.com/en_en/pilot-type-20-adventure-1.html ||| 404
https://www.zenith-watches.com/en_en/pilot-type-20-chronograph-adventure-1.html ||| 404
https://www.zenith-watches.com/en_en/pilot-type-20-chronograph-extra-special.html ||| 404
https://www.zenith-watches.com/en_en/pilot-type-20-chronograph-rescue.html ||| 404
https://www.zenith-watches.com/en_en/pilot-type-20-extra-special-10.html ||| 404
https://www.zenith-watches.com/en_en/pilot-type-20-extra-special-5.html ||| 404
https://www.zenith-watches.com/en_en/pilot-type-20-extra-special-6.html ||| 404
https://www.zenith-watches.com/en_en/pilot-type-20-extra-special.html ||| 404
https://www.zenith-watches.com/en_en/pilot-type-20-rescue.html ||| 404
https://www.zenith-watches.com/en_en/pilot-type-20-ton-up.html ||| 404
