https://www.zenith-watches.com/en_us/product/chronomaster-el-primero-03-2040-400-69-c802 ||| https://shop.zenith-watches.com/media/catalog/product/0/3/03.2040.400.69.c802.png ||| /Users/lcchai/Work/assets/official/03.2040.400.69.c802.png
https://www.zenith-watches.com/en_us/product/chronomaster-el-primero-03-2040-400-69-r576 ||| https://shop.zenith-watches.com/media/catalog/product/0/3/03.2040.400.69.r576.png ||| /Users/lcchai/Work/assets/official/03.2040.400.69.r576.png
https://www.zenith-watches.com/en_us/product/chronomaster-el-primero-18-2043-400-69-c494 ||| https://shop.zenith-watches.com/media/catalog/product/1/8/18.2043.400.69.c494.png ||| /Users/lcchai/Work/assets/official/18.2043.400.69.c494.png
https://www.zenith-watches.com/en_us/product/chronomaster-el-primero-18-2043-400-69-r576 ||| https://shop.zenith-watches.com/media/catalog/product/1/8/18.2043.400.69.r576.png ||| /Users/lcchai/Work/assets/official/18.2043.400.69.r576.png
https://www.zenith-watches.com/en_us/product/chronomaster-el-primero-51-2080-400-69-c494 ||| https://shop.zenith-watches.com/media/catalog/product/5/1/51.2080.400.69.c494.png ||| /Users/lcchai/Work/assets/official/51.2080.400.69.c494.png
https://www.zenith-watches.com/en_us/product/chronomaster-el-primero-51-2080-400-69-c802 ||| https://shop.zenith-watches.com/media/catalog/product/5/1/51.2080.400.69.c802.png ||| /Users/lcchai/Work/assets/official/51.2080.400.69.c802.png
https://www.zenith-watches.com/en_us/product/chronomaster-el-primero-51-2080-400-69-r576 ||| https://shop.zenith-watches.com/media/catalog/product/5/1/51.2080.400.69.r576.png ||| /Users/lcchai/Work/assets/official/51.2080.400.69.r576.png
https://www.zenith-watches.com/en_us/product/chronomaster-el-primero-51-2150-400-69-c713 ||| https://shop.zenith-watches.com/media/catalog/product/5/1/51.2150.400.69.c713.png ||| /Users/lcchai/Work/assets/official/51.2150.400.69.c713.png
https://www.zenith-watches.com/en_us/product/chronomaster-el-primero-chronomaster-2-95-3001-3600-69-c817 ||| https://shop.zenith-watches.com/media/catalog/product/9/5/95.3001.3600.69.c817.png ||| /Users/lcchai/Work/assets/official/95.3001.3600.69.c817.png
https://www.zenith-watches.com/en_us/product/chronomaster-el-primero-chronomaster-2-95-3002-3600-69-c818 ||| https://shop.zenith-watches.com/media/catalog/product/9/5/95.3002.3600.69.c818.png ||| /Users/lcchai/Work/assets/official/95.3002.3600.69.c818.png
https://www.zenith-watches.com/en_us/product/chronomaster-el-primero-grande-date-full-open-03-2530-4047-78-c813 ||| https://shop.zenith-watches.com/media/catalog/product/0/3/03.2530.4047.78.c813.png ||| /Users/lcchai/Work/assets/official/03.2530.4047.78.c813.png
https://www.zenith-watches.com/en_us/product/chronomaster-el-primero-grande-date-full-open-03-2530-4047-78-m2530 ||| https://shop.zenith-watches.com/media/catalog/product/0/3/03.2530.4047.78.m2530.jpg ||| /Users/lcchai/Work/assets/official/03.2530.4047.78.m2530.jpg
https://www.zenith-watches.com/en_us/product/chronomaster-el-primero-grande-date-full-open-51-2530-4047-78-c810 ||| https://shop.zenith-watches.com/media/catalog/product/5/1/51.2530.4047.78.c810.png ||| /Users/lcchai/Work/assets/official/51.2530.4047.78.c810.png
https://www.zenith-watches.com/en_us/product/chronomaster-el-primero-open-03-2040-4061-01-c494 ||| https://shop.zenith-watches.com/media/catalog/product/0/3/03.2040.4061.01.c494.png ||| /Users/lcchai/Work/assets/official/03.2040.4061.01.c494.png
https://www.zenith-watches.com/en_us/product/chronomaster-el-primero-open-03-2040-4061-01-m2040 ||| https://shop.zenith-watches.com/media/catalog/product/0/3/03.2040.4061.01.m2040.png ||| /Users/lcchai/Work/assets/official/03.2040.4061.01.m2040.png
https://www.zenith-watches.com/en_us/product/chronomaster-el-primero-open-03-2040-4061-01-r576 ||| https://shop.zenith-watches.com/media/catalog/product/0/3/03.2040.4061.01.r576.png ||| /Users/lcchai/Work/assets/official/03.2040.4061.01.r576.png
https://www.zenith-watches.com/en_us/product/chronomaster-el-primero-open-03-2040-4061-21-c496 ||| https://shop.zenith-watches.com/media/catalog/product/0/3/03.2040.4061.21.c496.png ||| /Users/lcchai/Work/assets/official/03.2040.4061.21.c496.png
https://www.zenith-watches.com/en_us/product/chronomaster-el-primero-open-03-2040-4061-21-m2040 ||| https://shop.zenith-watches.com/media/catalog/product/0/3/03.2040.4061.21.m2040.png ||| /Users/lcchai/Work/assets/official/03.2040.4061.21.m2040.png
https://www.zenith-watches.com/en_us/product/chronomaster-el-primero-open-03-2040-4061-21-r576 ||| https://shop.zenith-watches.com/media/catalog/product/0/3/03.2040.4061.21.r576.png ||| /Users/lcchai/Work/assets/official/03.2040.4061.21.r576.png
https://www.zenith-watches.com/en_us/product/chronomaster-el-primero-open-03-2040-4061-69-c496 ||| https://shop.zenith-watches.com/media/catalog/product/0/3/03.2040.4061.69.c496.png ||| /Users/lcchai/Work/assets/official/03.2040.4061.69.c496.png
https://www.zenith-watches.com/en_us/product/chronomaster-el-primero-open-03-2040-4061-69-c802 ||| https://shop.zenith-watches.com/media/catalog/product/0/3/03.2040.4061.69.c802.png ||| /Users/lcchai/Work/assets/official/03.2040.4061.69.c802.png
https://www.zenith-watches.com/en_us/product/chronomaster-el-primero-open-03-2040-4061-69-m2040 ||| https://shop.zenith-watches.com/media/catalog/product/0/3/03.2040.4061.69.m2040.png ||| /Users/lcchai/Work/assets/official/03.2040.4061.69.m2040.png
https://www.zenith-watches.com/en_us/product/chronomaster-el-primero-open-03-2040-4061-69-r576 ||| https://shop.zenith-watches.com/media/catalog/product/0/3/03.2040.4061.69.r576.png ||| /Users/lcchai/Work/assets/official/03.2040.4061.69.r576.png
https://www.zenith-watches.com/en_us/product/chronomaster-el-primero-open-03-20416-4061-51-c700 ||| https://shop.zenith-watches.com/media/catalog/product/0/3/03.20416.4061.51.c700.png ||| /Users/lcchai/Work/assets/official/03.20416.4061.51.c700.png
https://www.zenith-watches.com/en_us/product/chronomaster-el-primero-open-03-20416-4061-51-c802 ||| https://shop.zenith-watches.com/media/catalog/product/0/3/03.20416.4061.51.c802.png ||| /Users/lcchai/Work/assets/official/03.20416.4061.51.c802.png
https://www.zenith-watches.com/en_us/product/chronomaster-el-primero-open-03-20416-4061-51-m2040 ||| https://shop.zenith-watches.com/media/catalog/product/0/3/03.20416.4061.51.m2040.png ||| /Users/lcchai/Work/assets/official/03.20416.4061.51.m2040.png
https://www.zenith-watches.com/en_us/product/chronomaster-el-primero-open-03-20416-4061-51-r576 ||| https://shop.zenith-watches.com/media/catalog/product/0/3/03.20416.4061.51.r576.png ||| /Users/lcchai/Work/assets/official/03.20416.4061.51.r576.png
https://www.zenith-watches.com/en_us/product/chronomaster-el-primero-open-18-2040-4061-69-c494 ||| https://shop.zenith-watches.com/media/catalog/product/1/8/18.2040.4061.69.c494.png ||| /Users/lcchai/Work/assets/official/18.2040.4061.69.c494.png
https://www.zenith-watches.com/en_us/product/chronomaster-el-primero-open-18-2040-4061-69-r576 ||| https://shop.zenith-watches.com/media/catalog/product/1/8/18.2040.4061.69.r576.png ||| /Users/lcchai/Work/assets/official/18.2040.4061.69.r576.png
https://www.zenith-watches.com/en_us/product/chronomaster-el-primero-open-51-2080-4061-69-c494 ||| https://shop.zenith-watches.com/media/catalog/product/5/1/51.2080.4061.69.c494.png ||| /Users/lcchai/Work/assets/official/51.2080.4061.69.c494.png
https://www.zenith-watches.com/en_us/product/chronomaster-el-primero-open-51-2080-4061-69-c802 ||| https://shop.zenith-watches.com/media/catalog/product/5/1/51.2080.4061.69.c802.png ||| /Users/lcchai/Work/assets/official/51.2080.4061.69.c802.png
https://www.zenith-watches.com/en_us/product/chronomaster-el-primero-open-51-2080-4061-69-r576 ||| https://shop.zenith-watches.com/media/catalog/product/5/1/51.2080.4061.69.r576.png ||| /Users/lcchai/Work/assets/official/51.2080.4061.69.r576.png
https://www.zenith-watches.com/en_us/product/chronomaster-el-primero-radar-03-2082-400-02-r830 ||| https://shop.zenith-watches.com/media/catalog/product/0/3/03.2082.400.02.r830.png ||| /Users/lcchai/Work/assets/official/03.2082.400.02.r830.png
https://www.zenith-watches.com/en_us/product/chronomaster-revival-a3818-cover-girl-03-a3818-400-51-m3818 ||| https://shop.zenith-watches.com/media/catalog/product/0/3/03.a3818.400.51.m3818.png ||| /Users/lcchai/Work/assets/official/03.a3818.400.51.m3818.png
https://www.zenith-watches.com/en_us/product/chronomaster-revival-a386-manufacture-edition-03-z386-400-60-c843 ||| https://shop.zenith-watches.com/media/catalog/product/0/3/03.z386.400.60.c843.png ||| /Users/lcchai/Work/assets/official/03.z386.400.60.c843.png
https://www.zenith-watches.com/en_us/product/chronomaster-revival-el-primero-a384-03-a384-400-21-c815 ||| https://shop.zenith-watches.com/media/catalog/product/0/3/03.a384.400.21.c815.png ||| /Users/lcchai/Work/assets/official/03.a384.400.21.c815.png
https://www.zenith-watches.com/en_us/product/chronomaster-revival-el-primero-a384-03-a384-400-21-m384 ||| https://shop.zenith-watches.com/media/catalog/product/0/3/03.a384.400.21.m384.png ||| /Users/lcchai/Work/assets/official/03.a384.400.21.m384.png
https://www.zenith-watches.com/en_us/product/chronomaster-revival-el-primero-a385-03-a384-400-385-c855 ||| https://shop.zenith-watches.com/media/catalog/product/0/3/03.a384.400.385.c855.png ||| /Users/lcchai/Work/assets/official/03.a384.400.385.c855.png
https://www.zenith-watches.com/en_us/product/chronomaster-revival-el-primero-a385-03-a384-400-385-m385 ||| https://shop.zenith-watches.com/media/catalog/product/0/3/03.a384.400.385.m385.png ||| /Users/lcchai/Work/assets/official/03.a384.400.385.m385.png
https://www.zenith-watches.com/en_us/product/chronomaster-revival-liberty-03-us384-400-57-c823 ||| https://shop.zenith-watches.com/media/catalog/product/0/3/03.us384.400.57.c823.png ||| /Users/lcchai/Work/assets/official/03.us384.400.57.c823.png
https://www.zenith-watches.com/en_us/product/chronomaster-revival-shadow-97-t384-4061-21-c822 ||| https://shop.zenith-watches.com/media/catalog/product/9/7/97.t384.4061.21.c822.png ||| /Users/lcchai/Work/assets/official/97.t384.4061.21.c822.png
https://www.zenith-watches.com/en_us/product/chronomaster-sport-03-3100-3600-21-c822 ||| https://shop.zenith-watches.com/media/catalog/product/0/3/03.3100.3600.21.c822.png ||| /Users/lcchai/Work/assets/official/03.3100.3600.21.c822.png
https://www.zenith-watches.com/en_us/product/chronomaster-sport-03-3100-3600-21-m3100 ||| https://shop.zenith-watches.com/media/catalog/product/0/3/03.3100.3600.21.m3100.png ||| /Users/lcchai/Work/assets/official/03.3100.3600.21.m3100.png
https://www.zenith-watches.com/en_us/product/chronomaster-sport-03-3100-3600-69-c823 ||| https://shop.zenith-watches.com/media/catalog/product/0/3/03.3100.3600.69.c823.png ||| /Users/lcchai/Work/assets/official/03.3100.3600.69.c823.png
https://www.zenith-watches.com/en_us/product/chronomaster-sport-03-3100-3600-69-m3100 ||| https://shop.zenith-watches.com/media/catalog/product/0/3/03.3100.3600.69.m3100.png ||| /Users/lcchai/Work/assets/official/03.3100.3600.69.m3100.png
https://www.zenith-watches.com/en_us/product/defy-classic-10-9000-670-80-r795 ||| https://shop.zenith-watches.com/media/catalog/product/1/0/10.9000.670.80.r795.png ||| /Users/lcchai/Work/assets/official/10.9000.670.80.r795.png
https://www.zenith-watches.com/en_us/product/defy-classic-10-9001-670-80-m9000 ||| https://shop.zenith-watches.com/media/catalog/product/1/0/10.9001.670.80.m9000.png ||| /Users/lcchai/Work/assets/official/10.9001.670.80.m9000.png
https://www.zenith-watches.com/en_us/product/defy-classic-49-9000-670-77-r782 ||| https://shop.zenith-watches.com/media/catalog/product/4/9/49.9000.670.77.r782.png ||| /Users/lcchai/Work/assets/official/49.9000.670.77.r782.png
https://www.zenith-watches.com/en_us/product/defy-classic-49-9002-670-01-r792 ||| https://shop.zenith-watches.com/media/catalog/product/4/9/49.9002.670.01.r792.png ||| /Users/lcchai/Work/assets/official/49.9002.670.01.r792.png
https://www.zenith-watches.com/en_us/product/defy-classic-49-9003-670-51-r793 ||| https://shop.zenith-watches.com/media/catalog/product/4/9/49.9003.670.51.r793.png ||| /Users/lcchai/Work/assets/official/49.9003.670.51.r793.png
https://www.zenith-watches.com/en_us/product/defy-classic-87-9001-670-79-m9001 ||| https://shop.zenith-watches.com/media/catalog/product/8/7/87.9001.670.79.m9001.png ||| /Users/lcchai/Work/assets/official/87.9001.670.79.m9001.png
https://www.zenith-watches.com/en_us/product/defy-classic-95-9000-670-51-m9000 ||| https://shop.zenith-watches.com/media/catalog/product/9/5/95.9000.670.51.m9000.png ||| /Users/lcchai/Work/assets/official/95.9000.670.51.m9000.png
https://www.zenith-watches.com/en_us/product/defy-classic-95-9000-670-51-r584 ||| https://shop.zenith-watches.com/media/catalog/product/9/5/95.9000.670.51.r584.png ||| /Users/lcchai/Work/assets/official/95.9000.670.51.r584.png
https://www.zenith-watches.com/en_us/product/defy-classic-95-9000-670-51-r790 ||| https://shop.zenith-watches.com/media/catalog/product/9/5/95.9000.670.51.r790.png ||| /Users/lcchai/Work/assets/official/95.9000.670.51.r790.png
https://www.zenith-watches.com/en_us/product/defy-classic-95-9000-670-78-m9000 ||| https://shop.zenith-watches.com/media/catalog/product/9/5/95.9000.670.78.m9000.png ||| /Users/lcchai/Work/assets/official/95.9000.670.78.m9000.png
https://www.zenith-watches.com/en_us/product/defy-classic-95-9000-670-78-r584 ||| https://shop.zenith-watches.com/media/catalog/product/9/5/95.9000.670.78.r584.png ||| /Users/lcchai/Work/assets/official/95.9000.670.78.r584.png
https://www.zenith-watches.com/en_us/product/defy-classic-95-9000-670-78-r782 ||| https://shop.zenith-watches.com/media/catalog/product/9/5/95.9000.670.78.r782.png ||| /Users/lcchai/Work/assets/official/95.9000.670.78.r782.png
https://www.zenith-watches.com/en_us/product/defy-classic-black-white-edition-49-9005-670-11-r943 ||| https://shop.zenith-watches.com/media/catalog/product/4/9/49.9005.670.11.r943.png ||| /Users/lcchai/Work/assets/official/49.9005.670.11.r943.png
https://www.zenith-watches.com/en_us/product/defy-classic-greater-china-33-9002-670-96-r587 ||| https://shop.zenith-watches.com/media/catalog/product/3/3/33.9002.670.96.r587.jpg ||| /Users/lcchai/Work/assets/official/33.9002.670.96.r587.jpg
https://www.zenith-watches.com/en_us/product/defy-classic-jewelry-32-9001-670-78-r590 ||| https://shop.zenith-watches.com/media/catalog/product/3/2/32.9001.670.78.r590.png ||| /Users/lcchai/Work/assets/official/32.9001.670.78.r590.png
https://www.zenith-watches.com/en_us/product/defy-classic-mykonos-edition-49-9004-670-51-r599 ||| https://shop.zenith-watches.com/media/catalog/product/4/9/49.9004.670.51.r599.jpg ||| /Users/lcchai/Work/assets/official/49.9004.670.51.r599.jpg
https://www.zenith-watches.com/en_us/product/defy-classic-rainbow-32-9002-670-71-r583 ||| https://shop.zenith-watches.com/media/catalog/product/3/2/32.9002.670.71.r583.png ||| /Users/lcchai/Work/assets/official/32.9002.670.71.r583.png
https://www.zenith-watches.com/en_us/product/defy-double-tourbillon-10-9000-9020-79-r918 ||| https://shop.zenith-watches.com/media/catalog/product/1/0/10.9000.9020.79.r918.png ||| /Users/lcchai/Work/assets/official/10.9000.9020.79.r918.png
https://www.zenith-watches.com/en_us/product/defy-double-tourbillon-40-9000-9020-78-r582 ||| https://shop.zenith-watches.com/media/catalog/product/4/0/40.9000.9020.78.r582.png ||| /Users/lcchai/Work/assets/official/40.9000.9020.78.r582.png
https://www.zenith-watches.com/en_us/product/defy-el-primero-21-10-9000-9004-96-r921 ||| https://shop.zenith-watches.com/media/catalog/product/1/0/10.9000.9004.96.r921.png ||| /Users/lcchai/Work/assets/official/10.9000.9004.96.r921.png
https://www.zenith-watches.com/en_us/product/defy-el-primero-21-18-9000-9004-71-m9000 ||| https://shop.zenith-watches.com/media/catalog/product/1/8/18.9000.9004.71.m9000.png ||| /Users/lcchai/Work/assets/official/18.9000.9004.71.m9000.png
https://www.zenith-watches.com/en_us/product/defy-el-primero-21-18-9000-9004-71-r585 ||| https://shop.zenith-watches.com/media/catalog/product/1/8/18.9000.9004.71.r585.png ||| /Users/lcchai/Work/assets/official/18.9000.9004.71.r585.png
https://www.zenith-watches.com/en_us/product/defy-el-primero-21-32-9000-9004-78-r582 ||| https://shop.zenith-watches.com/media/catalog/product/3/2/32.9000.9004.78.r582.png ||| /Users/lcchai/Work/assets/official/32.9000.9004.78.r582.png
https://www.zenith-watches.com/en_us/product/defy-el-primero-21-49-9000-9004-78-m9000 ||| https://shop.zenith-watches.com/media/catalog/product/4/9/49.9000.9004.78.m9000.png ||| /Users/lcchai/Work/assets/official/49.9000.9004.78.m9000.png
https://www.zenith-watches.com/en_us/product/defy-el-primero-21-49-9000-9004-78-r582 ||| https://shop.zenith-watches.com/media/catalog/product/4/9/49.9000.9004.78.r582.png ||| /Users/lcchai/Work/assets/official/49.9000.9004.78.r582.png
https://www.zenith-watches.com/en_us/product/defy-el-primero-21-49-9000-9004-78-r782 ||| https://shop.zenith-watches.com/media/catalog/product/4/9/49.9000.9004.78.r782.jpg ||| /Users/lcchai/Work/assets/official/49.9000.9004.78.r782.jpg
https://www.zenith-watches.com/en_us/product/defy-el-primero-21-95-9000-9004-78-m9000 ||| https://shop.zenith-watches.com/media/catalog/product/9/5/95.9000.9004.78.m9000.png ||| /Users/lcchai/Work/assets/official/95.9000.9004.78.m9000.png
https://www.zenith-watches.com/en_us/product/defy-el-primero-21-95-9000-9004-78-r582 ||| https://shop.zenith-watches.com/media/catalog/product/9/5/95.9000.9004.78.r582.png ||| /Users/lcchai/Work/assets/official/95.9000.9004.78.r582.png
https://www.zenith-watches.com/en_us/product/defy-el-primero-21-95-9000-9004-78-r782 ||| https://shop.zenith-watches.com/media/catalog/product/9/5/95.9000.9004.78.r782.png ||| /Users/lcchai/Work/assets/official/95.9000.9004.78.r782.png
https://www.zenith-watches.com/en_us/product/defy-el-primero-21-95-9002-9004-78-m9000 ||| https://shop.zenith-watches.com/media/catalog/product/9/5/95.9002.9004.78.m9000.png ||| /Users/lcchai/Work/assets/official/95.9002.9004.78.m9000.png
https://www.zenith-watches.com/en_us/product/defy-el-primero-21-95-9002-9004-78-r584 ||| https://shop.zenith-watches.com/media/catalog/product/9/5/95.9002.9004.78.r584.png ||| /Users/lcchai/Work/assets/official/95.9002.9004.78.r584.png
https://www.zenith-watches.com/en_us/product/defy-el-primero-21-95-9002-9004-78-r590 ||| https://shop.zenith-watches.com/media/catalog/product/9/5/95.9002.9004.78.r590.png ||| /Users/lcchai/Work/assets/official/95.9002.9004.78.r590.png
https://www.zenith-watches.com/en_us/product/defy-el-primero-21-black-white-edition-49-9007-9004-11-r923 ||| https://shop.zenith-watches.com/media/catalog/product/4/9/49.9007.9004.11.r923.png ||| /Users/lcchai/Work/assets/official/49.9007.9004.11.r923.png
https://www.zenith-watches.com/en_us/product/defy-el-primero-21-boutique-edition-49-9001-9004-78-r915 ||| https://shop.zenith-watches.com/media/catalog/product/4/9/49.9001.9004.78.r915.png ||| /Users/lcchai/Work/assets/official/49.9001.9004.78.r915.png
https://www.zenith-watches.com/en_us/product/defy-el-primero-21-carl-cox-10-9001-9004-99-r941 ||| https://shop.zenith-watches.com/media/catalog/product/1/0/10.9001.9004.99.r941.png ||| /Users/lcchai/Work/assets/official/10.9001.9004.99.r941.png
https://www.zenith-watches.com/en_us/product/defy-el-primero-21-felipe-pantone-edition-49-9008-9004-49-r782 ||| https://shop.zenith-watches.com/media/catalog/product/4/9/49.9008.9004.49.r782.png ||| /Users/lcchai/Work/assets/official/49.9008.9004.49.r782.png
https://www.zenith-watches.com/en_us/product/defy-el-primero-21-patrick-mouratoglou-10-9000-9004-m99-r939 ||| https://shop.zenith-watches.com/media/catalog/product/1/0/10.9000.9004.m99.r939.png ||| /Users/lcchai/Work/assets/official/10.9000.9004.m99.r939.png
https://www.zenith-watches.com/en_us/product/defy-el-primero-21-ultrablue-97-9001-9004-81-r946 ||| https://shop.zenith-watches.com/media/catalog/product/9/7/97.9001.9004.81.r946.png ||| /Users/lcchai/Work/assets/official/97.9001.9004.81.r946.png
https://www.zenith-watches.com/en_us/product/defy-el-primero-21-ultraviolet-97-9001-9004-80-r922 ||| https://shop.zenith-watches.com/media/catalog/product/9/7/97.9001.9004.80.r922.png ||| /Users/lcchai/Work/assets/official/97.9001.9004.80.r922.png
https://www.zenith-watches.com/en_us/product/defy-extreme-87-9100-9004-03-i001 ||| https://shop.zenith-watches.com/media/catalog/product/8/7/87.9100.9004.03.i001.png ||| /Users/lcchai/Work/assets/official/87.9100.9004.03.i001.png
https://www.zenith-watches.com/en_us/product/defy-extreme-95-9100-9004-01-i001 ||| https://shop.zenith-watches.com/media/catalog/product/9/5/95.9100.9004.01.i001.png ||| /Users/lcchai/Work/assets/official/95.9100.9004.01.i001.png
https://www.zenith-watches.com/en_us/product/defy-extreme-97-9100-9004-02-i001 ||| https://shop.zenith-watches.com/media/catalog/product/9/7/97.9100.9004.02.i001.png ||| /Users/lcchai/Work/assets/official/97.9100.9004.02.i001.png
https://www.zenith-watches.com/en_us/product/defy-fusee-tourbillon-10-9000-4805-78-r916 ||| https://shop.zenith-watches.com/media/catalog/product/1/0/10.9000.4805.78.r916.png ||| /Users/lcchai/Work/assets/official/10.9000.4805.78.r916.png
https://www.zenith-watches.com/en_us/product/defy-fusee-tourbillon-40-9000-4805-75-r582 ||| https://shop.zenith-watches.com/media/catalog/product/4/0/40.9000.4805.75.r582.png ||| /Users/lcchai/Work/assets/official/40.9000.4805.75.r582.png
https://www.zenith-watches.com/en_us/product/defy-midnight-03-9200-670-01-mi001 ||| https://shop.zenith-watches.com/media/catalog/product/0/3/03.9200.670.01.mi001.png ||| /Users/lcchai/Work/assets/official/03.9200.670.01.mi001.png
https://www.zenith-watches.com/en_us/product/defy-midnight-03-9200-670-02-mi001 ||| https://shop.zenith-watches.com/media/catalog/product/0/3/03.9200.670.02.mi001.png ||| /Users/lcchai/Work/assets/official/03.9200.670.02.mi001.png
https://www.zenith-watches.com/en_us/product/defy-midnight-03-9200-670-03-mi001 ||| https://shop.zenith-watches.com/media/catalog/product/0/3/03.9200.670.03.mi001.png ||| /Users/lcchai/Work/assets/official/03.9200.670.03.mi001.png
https://www.zenith-watches.com/en_us/product/defy-midnight-16-9200-670-01-mi001 ||| https://shop.zenith-watches.com/media/catalog/product/1/6/16.9200.670.01.mi001.png ||| /Users/lcchai/Work/assets/official/16.9200.670.01.mi001.png
https://www.zenith-watches.com/en_us/product/defy-midnight-16-9200-670-02-mi001 ||| https://shop.zenith-watches.com/media/catalog/product/1/6/16.9200.670.02.mi001.png ||| /Users/lcchai/Work/assets/official/16.9200.670.02.mi001.png
https://www.zenith-watches.com/en_us/product/defy-midnight-16-9200-670-03-mi001 ||| https://shop.zenith-watches.com/media/catalog/product/1/6/16.9200.670.03.mi001.png ||| /Users/lcchai/Work/assets/official/16.9200.670.03.mi001.png
https://www.zenith-watches.com/en_us/product/defy-zero-g-18-9000-8812-79-m9000 ||| https://shop.zenith-watches.com/media/catalog/product/1/8/18.9000.8812.79.m9000.png ||| /Users/lcchai/Work/assets/official/18.9000.8812.79.m9000.png
https://www.zenith-watches.com/en_us/product/defy-zero-g-18-9000-8812-79-r584 ||| https://shop.zenith-watches.com/media/catalog/product/1/8/18.9000.8812.79.r584.png ||| /Users/lcchai/Work/assets/official/18.9000.8812.79.r584.png
https://www.zenith-watches.com/en_us/product/defy-zero-g-95-9000-8812-78-m9000 ||| https://shop.zenith-watches.com/media/catalog/product/9/5/95.9000.8812.78.m9000.png ||| /Users/lcchai/Work/assets/official/95.9000.8812.78.m9000.png
https://www.zenith-watches.com/en_us/product/defy-zero-g-95-9000-8812-78-r584 ||| https://shop.zenith-watches.com/media/catalog/product/9/5/95.9000.8812.78.r584.png ||| /Users/lcchai/Work/assets/official/95.9000.8812.78.r584.png
https://www.zenith-watches.com/en_us/product/elite-classic-03-3100-670-01-c922 ||| https://shop.zenith-watches.com/media/catalog/product/0/3/03.3100.670.01.c922.png ||| /Users/lcchai/Work/assets/official/03.3100.670.01.c922.png
https://www.zenith-watches.com/en_us/product/elite-classic-03-3100-670-02-c922 ||| https://shop.zenith-watches.com/media/catalog/product/0/3/03.3100.670.02.c922.png ||| /Users/lcchai/Work/assets/official/03.3100.670.02.c922.png
https://www.zenith-watches.com/en_us/product/elite-classic-16-3200-670-01-c831 ||| https://shop.zenith-watches.com/media/catalog/product/1/6/16.3200.670.01.c831.png ||| /Users/lcchai/Work/assets/official/16.3200.670.01.c831.png
https://www.zenith-watches.com/en_us/product/elite-classic-16-3200-670-02-c832 ||| https://shop.zenith-watches.com/media/catalog/product/1/6/16.3200.670.02.c832.png ||| /Users/lcchai/Work/assets/official/16.3200.670.02.c832.png
https://www.zenith-watches.com/en_us/product/elite-classic-18-3100-670-01-c920 ||| https://shop.zenith-watches.com/media/catalog/product/1/8/18.3100.670.01.c920.png ||| /Users/lcchai/Work/assets/official/18.3100.670.01.c920.png
https://www.zenith-watches.com/en_us/product/elite-classic-22-3200-670-01-c831 ||| https://shop.zenith-watches.com/media/catalog/product/2/2/22.3200.670.01.c831.png ||| /Users/lcchai/Work/assets/official/22.3200.670.01.c831.png
https://www.zenith-watches.com/en_us/product/elite-moonphase-03-3100-692-01-c922 ||| https://shop.zenith-watches.com/media/catalog/product/0/3/03.3100.692.01.c922.png ||| /Users/lcchai/Work/assets/official/03.3100.692.01.c922.png
https://www.zenith-watches.com/en_us/product/elite-moonphase-03-3100-692-03-c923 ||| https://shop.zenith-watches.com/media/catalog/product/0/3/03.3100.692.03.c923.png ||| /Users/lcchai/Work/assets/official/03.3100.692.03.c923.png
https://www.zenith-watches.com/en_us/product/elite-moonphase-16-3200-692-01-c832 ||| https://shop.zenith-watches.com/media/catalog/product/1/6/16.3200.692.01.c832.png ||| /Users/lcchai/Work/assets/official/16.3200.692.01.c832.png
https://www.zenith-watches.com/en_us/product/elite-moonphase-16-3200-692-03-c833 ||| https://shop.zenith-watches.com/media/catalog/product/1/6/16.3200.692.03.c833.png ||| /Users/lcchai/Work/assets/official/16.3200.692.03.c833.png
https://www.zenith-watches.com/en_us/product/elite-moonphase-18-3100-692-01-c922 ||| https://shop.zenith-watches.com/media/catalog/product/1/8/18.3100.692.01.c922.png ||| /Users/lcchai/Work/assets/official/18.3100.692.01.c922.png
https://www.zenith-watches.com/en_us/product/elite-moonphase-22-3200-692-01-c832 ||| https://shop.zenith-watches.com/media/catalog/product/2/2/22.3200.692.01.c832.png ||| /Users/lcchai/Work/assets/official/22.3200.692.01.c832.png
https://www.zenith-watches.com/en_us/product/pilot-type-20-adventure-29-2430-679-63-i001 ||| https://shop.zenith-watches.com/media/catalog/product/2/9/29.2430.679.63.i001.png ||| /Users/lcchai/Work/assets/official/29.2430.679.63.i001.png
https://www.zenith-watches.com/en_us/product/pilot-type-20-blueprint-03-2435-679-51-i012 ||| https://shop.zenith-watches.com/media/catalog/product/0/3/03.2435.679.51.i012.png ||| /Users/lcchai/Work/assets/official/03.2435.679.51.i012.png
https://www.zenith-watches.com/en_us/product/pilot-type-20-chronograph-adventure-29-2430-4069-63-i001 ||| https://shop.zenith-watches.com/media/catalog/product/2/9/29.2430.4069.63.i001.png ||| /Users/lcchai/Work/assets/official/29.2430.4069.63.i001.png
https://www.zenith-watches.com/en_us/product/pilot-type-20-chronograph-extra-special-29-2430-4069-21-c800 ||| https://shop.zenith-watches.com/media/catalog/product/2/9/29.2430.4069.21.c800.png ||| /Users/lcchai/Work/assets/official/29.2430.4069.21.c800.png
https://www.zenith-watches.com/en_us/product/pilot-type-20-chronograph-extra-special-29-2430-4069-57-c808 ||| https://shop.zenith-watches.com/media/catalog/product/2/9/29.2430.4069.57.c808.png ||| /Users/lcchai/Work/assets/official/29.2430.4069.57.c808.png
https://www.zenith-watches.com/en_us/product/pilot-type-20-chronograph-rescue-03-2434-4069-20-i010 ||| https://shop.zenith-watches.com/media/catalog/product/0/3/03.2434.4069.20.i010.png ||| /Users/lcchai/Work/assets/official/03.2434.4069.20.i010.png
https://www.zenith-watches.com/en_us/product/pilot-type-20-chronograph-silver-05-2430-4069-17-i011 ||| https://shop.zenith-watches.com/media/catalog/product/0/5/05.2430.4069.17.i011.png ||| /Users/lcchai/Work/assets/official/05.2430.4069.17.i011.png
https://www.zenith-watches.com/en_us/product/pilot-type-20-extra-special-29-1940-679-21-c800 ||| https://shop.zenith-watches.com/media/catalog/product/2/9/29.1940.679.21.c800.png ||| /Users/lcchai/Work/assets/official/29.1940.679.21.c800.png
https://www.zenith-watches.com/en_us/product/pilot-type-20-extra-special-29-1940-679-57-c808 ||| https://shop.zenith-watches.com/media/catalog/product/2/9/29.1940.679.57.c808.png ||| /Users/lcchai/Work/assets/official/29.1940.679.57.c808.png
https://www.zenith-watches.com/en_us/product/pilot-type-20-extra-special-29-2430-679-21-c753 ||| https://shop.zenith-watches.com/media/catalog/product/2/9/29.2430.679.21.c753.png ||| /Users/lcchai/Work/assets/official/29.2430.679.21.c753.png
https://www.zenith-watches.com/en_us/product/pilot-type-20-extra-special-29-2430-679-57-c808 ||| https://shop.zenith-watches.com/media/catalog/product/2/9/29.2430.679.57.c808.png ||| /Users/lcchai/Work/assets/official/29.2430.679.57.c808.png
https://www.zenith-watches.com/en_us/product/pilot-type-20-rescue-03-2434-679-20-i010 ||| https://shop.zenith-watches.com/media/catalog/product/0/3/03.2434.679.20.i010.png ||| /Users/lcchai/Work/assets/official/03.2434.679.20.i010.png
https://www.zenith-watches.com/en_us/product/pilot-type-20-ton-up-11-2432-679-21-c900 ||| https://shop.zenith-watches.com/media/catalog/product/1/1/11.2432.679.21.c900.png ||| /Users/lcchai/Work/assets/official/11.2432.679.21.c900.png
