watch url : https://www.luminox.com.sg/products/xcor-sxc-space-expedition-a-5241
watch url : https://www.luminox.com.sg/products/navy-seal-colormark-3051
watch url : https://www.luminox.com.sg/products/navy-seal-colormark-3053
watch url : https://www.luminox.com.sg/products/navy-seal-colormark-chronograph-3081
watch url : https://www.luminox.com.sg/products/navy-seal-colormark-chronograph-3089
watch url : https://www.luminox.com.sg/products/navy-seal-colormark-chronograph-3082
watch url : https://www.luminox.com.sg/products/navy-seal-colormark-chronograph-3081-bo
watch url : https://www.luminox.com.sg/products/navy-seal-colormark-chronograph-3182-bo
watch url : https://www.luminox.com.sg/products/modern-mariner-automatic-6502-bo
watch url : https://www.luminox.com.sg/products/modern-mariner-6265
watch url : https://www.luminox.com.sg/products/navy-seal-colormark-7051
watch url : https://www.luminox.com.sg/products/navy-seal-colormark-7051-bo
watch url : https://www.luminox.com.sg/products/master-carbon-seal-3801
watch url : https://www.luminox.com.sg/products/master-carbon-seal-3813
watch url : https://www.luminox.com.sg/products/original-navy-seal-3002
watch url : https://www.luminox.com.sg/products/atacama-field-day-date-1929
watch url : https://www.luminox.com.sg/products/lsoc-luminox-special-operations-challenge-3053-soc-set
watch url : https://www.luminox.com.sg/products/lsoc-luminox-special-operations-challenge-4223-soc-set
watch url : https://www.luminox.com.sg/products/field-automatic-day-date-1801
watch url : https://www.luminox.com.sg/products/dress-field-1830
watch url : https://www.luminox.com.sg/products/field-atacama-1924
watch url : https://www.luminox.com.sg/products/atacama-field-day-date-1927
watch url : https://www.luminox.com.sg/products/recon-point-man-8821-km
watch url : https://www.luminox.com.sg/products/recon-nav-spec-8831-km
watch url : https://www.luminox.com.sg/products/field-atacama-1925
watch url : https://www.luminox.com.sg/products/recon-leader-chronograph-8841-km-set
watch url : https://www.luminox.com.sg/products/p-38-lightning%E2%84%A2-9421
watch url : https://www.luminox.com.sg/products/f-22-raptor%E2%84%A2-9241
watch url : https://www.luminox.com.sg/products/f-22-raptor%E2%84%A2-9249
watch url : https://www.luminox.com.sg/products/p-38-lightning-series-9461
watch url : https://www.luminox.com.sg/products/f-22-raptor-9247
watch url : https://www.luminox.com.sg/products/atacama-field-chronograph-alarm-1945
watch url : https://www.luminox.com.sg/products/atacama-field-chronograph-alarm-1941
watch url : https://www.luminox.com.sg/products/field-atacama-1922
watch url : https://www.luminox.com.sg/products/modern-mariner-automatic-6501
watch url : https://www.luminox.com.sg/products/navy-seal-colormark-3059
watch url : https://www.luminox.com.sg/products/sentry-0215
watch url : https://www.luminox.com.sg/products/tony-kanaan-limited-edition-1142
watch url : https://www.luminox.com.sg/products/field-automatic-1801bo
watch url : https://www.luminox.com.sg/products/valjoux-field-chronograph-1861
watch url : https://www.luminox.com.sg/products/valjoux-field-chronograph-1861bo
watch url : https://www.luminox.com.sg/products/field-atacama-1923
watch url : https://www.luminox.com.sg/products/field-atacama-chronograph-alarm-1943
watch url : https://www.luminox.com.sg/products/field-atacama-chronograph-alarm-1947
watch url : https://www.luminox.com.sg/products/mariner-6251bo
watch url : https://www.luminox.com.sg/products/mariner-6252bo
watch url : https://www.luminox.com.sg/products/navy-seal-colormark-3057-wo-1
watch url : https://www.luminox.com.sg/products/navy-seal-colormark-chronograph-3082-bo
watch url : https://www.luminox.com.sg/products/navy-seal-colormark-chronograph-3083
watch url : https://www.luminox.com.sg/products/modern-mariner-automatic-6501bo
watch url : https://www.luminox.com.sg/products/7251bo
watch url : https://www.luminox.com.sg/products/7252bo
watch url : https://www.luminox.com.sg/products/6251
watch url : https://www.luminox.com.sg/products/8815
watch url : https://www.luminox.com.sg/products/1949
watch url : https://www.luminox.com.sg/products/scott-cassell-specials-3955-set
watch url : https://www.luminox.com.sg/products/navy-seal-colormark-nova-3055-cs-1
watch url : https://www.luminox.com.sg/products/navy-seal-colormark-3055
watch url : https://www.luminox.com.sg/products/f-22-raptor%E2%84%A2-chronograph-9241
watch url : https://www.luminox.com.sg/products/leatherback-sea-turtle-0301
watch url : https://www.luminox.com.sg/products/copy-of-leatherback-sea-turtle-0301bo
watch url : https://www.luminox.com.sg/products/leatherback-sea-turtle-0307wo
watch url : https://www.luminox.com.sg/products/leatherback-sea-turtle-giant-0327wo
watch url : https://www.luminox.com.sg/products/leatherback-sea-turtle-giant-0321
watch url : https://www.luminox.com.sg/products/leatherback-sea-turtle-giant-0321bo
watch url : https://www.luminox.com.sg/products/leatherback-sea-turtle-giant-0323
watch url : https://www.luminox.com.sg/products/tony-kanaan-limited-edition-1146
watch url : https://www.luminox.com.sg/products/dress-field-1831
watch url : https://www.luminox.com.sg/products/field-automatic-chronograph-1867
watch url : https://www.luminox.com.sg/products/copy-of-atacama-field-day-date-1922bob
watch url : https://www.luminox.com.sg/products/atacama-field-day-date-1924m
watch url : https://www.luminox.com.sg/products/atacama-field-chronograph-1941bo
watch url : https://www.luminox.com.sg/products/atacama-field-chronograph-1944
watch url : https://www.luminox.com.sg/products/atacama-field-chronograph-1944m
watch url : https://www.luminox.com.sg/products/navy-seal-colormark-3067
watch url : https://www.luminox.com.sg/products/navy-seal-colormark-3152bo
watch url : https://www.luminox.com.sg/products/navy-seal-steel-3250-3252
watch url : https://www.luminox.com.sg/products/navy-seal-steel-3250-3251
watch url : https://www.luminox.com.sg/products/navy-seal-steel-3250-3252bo
watch url : https://www.luminox.com.sg/products/navy-seal-steel-3250-3257
watch url : https://www.luminox.com.sg/products/navy-seal-steel-3250-3258
watch url : https://www.luminox.com.sg/products/navy-seal-3500-3052bo
watch url : https://www.luminox.com.sg/products/navy-seal-3500-3053
watch url : https://www.luminox.com.sg/products/copy-of-navy-seal-3500-3505
watch url : https://www.luminox.com.sg/products/navy-seal-3500-3507
watch url : https://www.luminox.com.sg/products/navy-seal-3500-3517
watch url : https://www.luminox.com.sg/products/navy-seal-3500-3503nd
watch url : https://www.luminox.com.sg/products/copy-of-navy-seal-3500-3507ph
watch url : https://www.luminox.com.sg/products/navy-seal-3500-never-quit-series-3517-nq-set
watch url : https://www.luminox.com.sg/products/scott-cassell-set-3509sc-set
watch url : https://www.luminox.com.sg/products/master-carbon-seal-3803
watch url : https://www.luminox.com.sg/products/authorized-for-navy-use-anu-4222
watch url : https://www.luminox.com.sg/products/p-38-lightning%E2%84%A2-automatic-9401
watch url : https://www.luminox.com.sg/products/navy-seal-chronograph-3580-3581
watch url : https://www.luminox.com.sg/products/navy-seal-chronograph-3580-3581-ey
watch url : https://www.luminox.com.sg/products/navy-seal-chronograph-3580-3581-bo
watch url : https://www.luminox.com.sg/products/navy-seal-chronograph-3580-3583
watch url : https://www.luminox.com.sg/products/navy-seal-chronograph-3580-3597
watch url : https://www.luminox.com.sg/products/leatherback-sea-turtle-giant-0329
watch url : https://www.luminox.com.sg/products/leatherback-sea-turtle-giant-0333
watch url : https://www.luminox.com.sg/products/leatherback-sea-turtle-giant-0337
watch url : https://www.luminox.com.sg/products/ice-sar-arctic-1001
watch url : https://www.luminox.com.sg/products/ice-sar-arctic-1002
watch url : https://www.luminox.com.sg/products/ice-sar-arctic-1007
watch url : https://www.luminox.com.sg/products/ice-sar-arctic-1004
watch url : https://www.luminox.com.sg/products/scott-cassell-deep-dive-1551
watch url : https://www.luminox.com.sg/products/scott-cassell-deep-dive-1553
watch url : https://www.luminox.com.sg/products/scott-cassell-deep-dive-1555
watch url : https://www.luminox.com.sg/products/scott-cassell-deep-dive-1567
watch url : https://www.luminox.com.sg/products/ice-sar-arctic-1200-series-1201
watch url : https://www.luminox.com.sg/products/ice-sar-arctic-1200-series-1202
watch url : https://www.luminox.com.sg/products/ice-sar-arctic-1200-series-1203
watch url : https://www.luminox.com.sg/products/ice-sar-arctic-1200-series-1207
watch url : https://www.luminox.com.sg/products/ice-sar-arctic-1200-series-1208
watch url : https://www.luminox.com.sg/products/navy-seal-3600-series-3601
watch url : https://www.luminox.com.sg/products/copy-of-navy-seal-3600-series-3603
watch url : https://www.luminox.com.sg/products/navy-seal-3600-series-3617set
watch url : https://www.luminox.com.sg/products/commando-frogman-3301
watch url : https://www.luminox.com.sg/products/f-117-nighthawk-6440-series-6441
watch url : https://www.luminox.com.sg/products/atacama-adventurer-1760-series-1762
watch url : https://www.luminox.com.sg/products/atacama-adventurer-1760-series-1763
watch url : https://www.luminox.com.sg/products/atacama-adventurer-1760-series-1764
watch url : https://www.luminox.com.sg/products/atacama-adventurer-1760-series-1765
watch url : https://www.luminox.com.sg/products/3051-gold-set-limited-edition
watch url : https://www.luminox.com.sg/products/bear-grylls-survival-3723-km-sea-series
watch url : https://www.luminox.com.sg/products/bear-grylls-survival-3729-sea-series
watch url : https://www.luminox.com.sg/products/bear-grylls-survival-3741-master-series
watch url : https://www.luminox.com.sg/products/bear-grylls-survival-3749-master-series
watch url : https://www.luminox.com.sg/products/bear-grylls-survival-3781-km-land-series-1
watch url : https://www.luminox.com.sg/products/bear-grylls-survival-3797-km-land-series
watch url : https://www.luminox.com.sg/products/navy-seal-3500-3501
watch url : https://www.luminox.com.sg/products/navy-seal-3500-3501bo
watch url : https://www.luminox.com.sg/products/navy-seal-colormark-3051bo
watch url : https://www.luminox.com.sg/products/pacific-diver-3120-series-3121-bo
watch url : https://www.luminox.com.sg/products/pacific-diver-3120-series-3122
watch url : https://www.luminox.com.sg/products/pacific-diver-3120-series-3123
watch url : https://www.luminox.com.sg/products/automatic-field-sport-timer-0920-series-0921
watch url : https://www.luminox.com.sg/products/automatic-field-sport-timer-0920-series-0924
watch url : https://www.luminox.com.sg/products/tony-kanaan-limited-edition-1147
watch url : https://www.luminox.com.sg/products/tony-kanaan-valjoux-automatic-1188
watch url : https://www.luminox.com.sg/products/atacama-field-chrono-alarm-series-1843
watch url : https://www.luminox.com.sg/products/atacama-field-chrono-alarm-series-1853
watch url : https://www.luminox.com.sg/products/field-chrono-alarm-series-1897
watch url : https://www.luminox.com.sg/products/atacama-field-chronograph-1942
watch url : https://www.luminox.com.sg/products/navy-seal-foundation-3503-nsf
watch url : https://www.luminox.com.sg/products/navy-seal-3600-series-3615
watch url : https://www.luminox.com.sg/products/bear-grylls-survival-eco-limited-edition-3703
watch url : https://www.luminox.com.sg/products/master-carbon-seal-3803-c
watch url : https://www.luminox.com.sg/products/ice-sar-arctic-1002-misar
watch url : https://www.luminox.com.sg/products/ice-sar-arctic-1003-ice
watch url : https://www.luminox.com.sg/products/pacific-diver-3120-series-3121
watch url : https://www.luminox.com.sg/products/recon-8825-km
watch url : https://www.luminox.com.sg/products/dress-field-1832
watch url : https://www.luminox.com.sg/products/bear-grylls-survival-sea-3723-r3
watch url : https://www.luminox.com.sg/products/bear-grylls-survival-air-3761
watch url : https://www.luminox.com.sg/products/bear-grylls-survival-air-3762
watch url : https://www.luminox.com.sg/products/bear-grylls-survival-never-give-up-3729-ngu
watch url : https://www.luminox.com.sg/products/bear-grylls-survival-master-3745
watch url : https://www.luminox.com.sg/products/original-navy-seal-dive-3001-evo-z-set-limited-edition
watch url : https://www.luminox.com.sg/products/navy-seal-colormark-3051-go-nsf
watch url : https://www.luminox.com.sg/products/navy-seal-colormark-3052-bo
watch url : https://www.luminox.com.sg/products/pacific-diver-3120-series-3125
watch url : https://www.luminox.com.sg/products/pacific-diver-3120-series-3137
watch url : https://www.luminox.com.sg/products/navy-seal-3500-3507-wo
watch url : https://www.luminox.com.sg/products/navy-seal-colormark-7057-wo
watch url : https://www.luminox.com.sg/products/navy-seal-colormark-25th-anniversary-limited-edition-gold-3055-cs-gold

watches : 166
