watch url : https://luminox.jp/watch-collection/
watch url : https://luminox.jp/watch-collection/sea/anu-chronograph-4240-series-ref4242/
watch url : https://luminox.jp/watch-collection/land/ice-sar-arctic-1200-series-ref-1202/
watch url : https://luminox.jp/watch-collection/land/ice-sar-arctic-1200-series-ref-1207/
watch url : https://luminox.jp/watch-collection/land/ice-sar-arctic-1200-series-ref-1208/
watch url : https://luminox.jp/watch-collection/sea/modern-mariner-automatic-6500-series-ref6501/
watch url : https://luminox.jp/watch-collection/sea/authorized-for-navy-use-anu-4220-series-ref4222/
watch url : https://luminox.jp/watch-collection/air/f-35-lightning-ll-9380-series-ref9382/
watch url : https://luminox.jp/watch-collection/air/p-38-lightning-chronograph-9440-series-ref9441/
watch url : https://luminox.jp/watch-collection/land/atacama-field-chronograph-alarm-1940-series-ref1941-bo/
watch url : https://luminox.jp/watch-collection/land/atacama-field-chronograph-alarm-1940-series-ref1942-bob/
watch url : https://luminox.jp/watch-collection/land/atacama-field-chronograph-alarm-1940-series-ref1949/
watch url : https://luminox.jp/watch-collection/land/atacama-field-chronograph-alarm-1940-series-ref1944-m/
watch url : https://luminox.jp/watch-collection/land/atacama-field-chronograph-alarm-1940-series-ref1945/
watch url : https://luminox.jp/watch-collection/land/atacama-field-day-date-1920-series-ref1922-bob/
watch url : https://luminox.jp/watch-collection/land/atacama-field-day-date-1920-series-ref1924/
watch url : https://luminox.jp/watch-collection/land/atacama-field-day-date-1920-series-ref1924-m/
watch url : https://luminox.jp/watch-collection/air/f-22-raptor-9240-series-ref9249/
watch url : https://luminox.jp/watch-collection/space/sxc-steel-gmt-5120-space-series-ref5127/
watch url : https://luminox.jp/watch-collection/air/p-38-lightning-gmt-9420-series-ref9421/
watch url : https://luminox.jp/watch-collection/air/p-38-lightning-gmt-9420-series-ref9427/
watch url : https://luminox.jp/watch-collection/land/field-dress-1830-series-ref1831/
watch url : https://luminox.jp/watch-collection/land/field-dress-1830-series-ref1839/
watch url : https://luminox.jp/watch-collection/sea/scott-cassell-deep-dive-automatic-special-edition-1520-series-ref1526/
watch url : https://luminox.jp/watch-collection/air/f-117-nighthawk-6400-series-ref6402/
watch url : https://luminox.jp/watch-collection/sea/navy-seal-steel-3250-series-ref3251/
watch url : https://luminox.jp/watch-collection/sea/navy-seal-steel-3250-series-ref3252/
watch url : https://luminox.jp/watch-collection/sea/navy-seal-steel-3250-series-ref3258/
watch url : https://luminox.jp/watch-collection/sea/deep-dive-automatic-1520-series-ref1523/
watch url : https://luminox.jp/watch-collection/limited/navy-seal-colormark-3050-series-ref3057-wo-blue/
watch url : https://luminox.jp/watch-collection/limited/navy-seal-colormark-3050-series-ref3057-wo-pink/
watch url : https://luminox.jp/watch-collection/sea/navy-seal-steel-colormark-chronograph-3180-series-ref3182-bo/
watch url : https://luminox.jp/watch-collection/space/sxc-pc-carbon-gmt-5020-series-ref5021-gn-xs/
watch url : https://luminox.jp/watch-collection/space/sxc-pc-carbon-gmt-5020-series-ref5021-xs/
watch url : https://luminox.jp/watch-collection/space/sxc-pc-carbon-gmt-5020-series-ref5027-xs/
watch url : https://luminox.jp/watch-collection/sea/leatherback-sea-turtle-0300-series-ref0301/
watch url : https://luminox.jp/watch-collection/sea/leatherback-sea-turtle-0300-series-ref0301-bo/
watch url : https://luminox.jp/watch-collection/space/sxc-pc-carbon-gmt-5020-series-ref5023-xs/
watch url : https://luminox.jp/watch-collection/sea/navy-seal-3500-series-ref3503-nd/
watch url : https://luminox.jp/watch-collection/sea/leatherback-sea-turtle-0300-series-ref0307-wo/
watch url : https://luminox.jp/watch-collection/land/field-dress-1830-series-ref1832/
watch url : https://luminox.jp/watch-collection/sea/modern-mariner-automatic-6500-series-ref6502/
watch url : https://luminox.jp/watch-collection/land/atacama-field-day-date-1920-series-ref1925/
watch url : https://luminox.jp/watch-collection/land/atacama-field-day-date-1920-series-ref1929/
watch url : https://luminox.jp/watch-collection/sea/deep-dive-automatic-1520-series-ref1521/
watch url : https://luminox.jp/watch-collection/sea/authorized-for-navy-use-anu-4220-series-ref4221/
watch url : https://luminox.jp/watch-collection/land/atacama-adventurer-field-1760-series-ref-1768/
watch url : https://luminox.jp/watch-collection/sea/carbon-seal-3800-series-ref3813/
watch url : https://luminox.jp/watch-collection/land/ice-sar-arctic-1200-series-ref-1201/
watch url : https://luminox.jp/watch-collection/sea/master-carbon-seal-3800-series-ref-3803-c/
watch url : https://luminox.jp/watch-collection/sea/navy-seal-steel-3250-series-ref3257/
watch url : https://luminox.jp/watch-collection/sea/commando-frogman-3300-series-ref-3301/
watch url : https://luminox.jp/watch-collection/sea/leatherback-sea-turtle-giant-0320-series-ref0321/
watch url : https://luminox.jp/watch-collection/sea/leather-back-sea-turtle-giant-0320-series-ref-0337/
watch url : https://luminox.jp/watch-collection/sea/leather-back-sea-turtle-giant-0320-series-ref-0329/
watch url : https://luminox.jp/watch-collection/sea/leather-back-sea-turtle-giant-0320-series-ref-0333/
watch url : https://luminox.jp/watch-collection/sea/leatherback-sea-turtle-giant-0320-series-ref0321-bo/
watch url : https://luminox.jp/watch-collection/sea/leatherback-sea-turtle-giant-0320-series-ref0323/
watch url : https://luminox.jp/watch-collection/sea/original-navy-seal-3000-series-ref3001/
watch url : https://luminox.jp/watch-collection/sea/original-navy-seal-3000-series-ref-3001-blackout/
watch url : https://luminox.jp/watch-collection/sea/navy-seal-colormark-3050-series-ref3051/
watch url : https://luminox.jp/watch-collection/sea/navy-seal-colormark-3050-series-ref3052-bo/
watch url : https://luminox.jp/watch-collection/sea/navy-seal-colormark-chronograph-3080-series-ref3082-bo/
watch url : https://luminox.jp/watch-collection/sea/navy-seal-colormark-chronograph-3080-series-ref3082/
watch url : https://luminox.jp/watch-collection/sea/navy-seal-colormark-chronograph-3080-series-ref3081-bo/
watch url : https://luminox.jp/watch-collection/sea/navy-seal-colormark-chronograph-3080-series-ref3081/
watch url : https://luminox.jp/watch-collection/sea/navy-seal-3500-series-ref-3517-nq-set/
watch url : https://luminox.jp/watch-collection/sea/navy-seal-3500-series-ref3505-sc-set/
watch url : https://luminox.jp/watch-collection/sea/navy-seal-3500-series-ref3507-ph/
watch url : https://luminox.jp/watch-collection/sea/navy-seal-3500-series-ref3507/
watch url : https://luminox.jp/watch-collection/sea/navy-seal-3500-series-ref3505/
watch url : https://luminox.jp/watch-collection/sea/navy-seal-3500-series-ref3503/
watch url : https://luminox.jp/watch-collection/sea/scott-cassell-uvp-3500-set-series-ref3509-sc-set/
watch url : https://luminox.jp/watch-collection/sea/tough-viking-3500-set-series-ref3501-bo-tv-set/
watch url : https://luminox.jp/watch-collection/air/f-117-nighthawk-6440-series-ref-6441/
watch url : https://luminox.jp/watch-collection/land/black-ops-8880-series-ref8881/
watch url : https://luminox.jp/watch-collection/land/black-ops-8880-series-ref8882/
watch url : https://luminox.jp/watch-collection/land/black-ops-8880-series-ref8895/
watch url : https://luminox.jp/watch-collection/land/atacama-field-automatic-1900-series-ref-1907-nf/
watch url : https://luminox.jp/watch-collection/land/atacama-field-automatic-1900-series-ref-1902/
watch url : https://luminox.jp/watch-collection/land/atacama-field-automatic-1900-series-ref-1901/
watch url : https://luminox.jp/watch-collection/air/f-117-nighthawk-6420-series-ref6421/
watch url : https://luminox.jp/watch-collection/air/f-117-nighthawk-6420-series-ref6422/
watch url : https://luminox.jp/watch-collection/land/recon-nav-spc-8830-series-ref8831-km/
watch url : https://luminox.jp/watch-collection/land/ice-sar-arctic-1200-series-ref-1203/
watch url : https://luminox.jp/watch-collection/sea/navy-seal-3600-series-ref-3601/
watch url : https://luminox.jp/watch-collection/sea/navy-seal-3600-series-ref-3603/
watch url : https://luminox.jp/watch-collection/sea/navy-seal-3600-series-ref-3617-set/
watch url : https://luminox.jp/watch-collection/sea/deep-dive-automatic-1500-series-ref1512/
watch url : https://luminox.jp/watch-collection/sea/modern-mariner-6250-series-ref6251-blackout/
watch url : https://luminox.jp/watch-collection/land/ice-sar-arctic-1000-series-ref-1001/
watch url : https://luminox.jp/watch-collection/land/ice-sar-arctic-1000-series-ref-1002/
watch url : https://luminox.jp/watch-collection/land/ice-sar-arctic-1000-series-ref-1007/
watch url : https://luminox.jp/watch-collection/sea/scott-cassell-deep-dive-1550-series-ref-1551/
watch url : https://luminox.jp/watch-collection/sea/navy-seal-chronograph-3580-series-ref-3581-ey/
watch url : https://luminox.jp/watch-collection/sea/navy-seal-chronograph-3580-series-ref-3581/
watch url : https://luminox.jp/watch-collection/sea/navy-seal-chronograph-3580-series-ref-3581-bo/
watch url : https://luminox.jp/watch-collection/sea/navy-seal-chronograph-3580-series-ref-3583-nd/
watch url : https://luminox.jp/watch-collection/sea/navy-seal-chronograph-3580-series-ref-3597/
watch url : https://luminox.jp/watch-collection/sea/navy-seal-chronograph-3580-series-ref-3583/
watch url : https://luminox.jp/watch-collection/air/f-22-raptor-9240-series-ref9241-m/
watch url : https://luminox.jp/watch-collection/land/atacama-field-chronograph-alarm-1940-series-ref1944/
watch url : https://luminox.jp/watch-collection/sea/navy-seal-3500-series-ref-3507-whiteout/
watch url : https://luminox.jp/watch-collection/space/sxc-steel-gmt-5120-space-series-ref5121-gn/
watch url : https://luminox.jp/watch-collection/land/ice-sar-arctic-1000-series-ref-1003-ice/
watch url : https://luminox.jp/watch-collection/sea/pacific-diver-3120-series-ref-3123/
watch url : https://luminox.jp/watch-collection/sea/pacific-diver-3120-series-ref-3122/
watch url : https://luminox.jp/watch-collection/sea/pacific-diver-3120-series-ref-3121-blackout/
watch url : https://luminox.jp/watch-collection/sea/pacific-diver-3120-series-ref-3121/
watch url : https://luminox.jp/watch-collection/land/recon-point-man-8820-series-ref8821-km/
watch url : https://luminox.jp/watch-collection/sea/navy-seal-steel-colormark-chronograph-3180-series-ref3182/
watch url : https://luminox.jp/watch-collection/land/recon-leader-chronograph-8840-series-ref8841-km-set/
watch url : https://luminox.jp/watch-collection/sea/navy-seal-3500-series-ref3517/
watch url : https://luminox.jp/watch-collection/sea/navy-seal-steel-colormark-chronograph-3180-series-ref3181/
watch url : https://luminox.jp/watch-collection/sea/navy-seal-3500-series-ref3501-bo/
watch url : https://luminox.jp/watch-collection/sea/navy-seal-3500-series-ref3501/
watch url : https://luminox.jp/watch-collection/sea/navy-seal-3500-series-ref3502-bo/
watch url : https://luminox.jp/watch-collection/sea/navy-seal-3500-series-ref3502/
watch url : https://luminox.jp/watch-collection/limited/sport-timer-30th-anniversary-ref-0901-30th-set/
watch url : https://luminox.jp/watch-collection/limited/camo-3050-series-ref3067-camo/
watch url : https://luminox.jp/watch-collection/limited/camo-3050-series-ref3065-camo/
watch url : https://luminox.jp/watch-collection/limited/camo-3050-series-ref3051-camo/
watch url : https://luminox.jp/watch-collection/limited/sr-71-blackbird-9080-series-ref9098/
watch url : https://luminox.jp/watch-collection/bear-grylls/bear-grylls-survival-3740-master-series-ref-3741/
watch url : https://luminox.jp/watch-collection/bear-grylls/bear-grylls-survival-3720-sea-series-ref-3723/
watch url : https://luminox.jp/watch-collection/bear-grylls/bear-grylls-survival-3740-master-series-ref-3749/
watch url : https://luminox.jp/watch-collection/bear-grylls/bear-grylls-survival-3720-sea-series-ref-3729/
watch url : https://luminox.jp/watch-collection/bear-grylls/bear-grylls-survival-3780-land-series-ref-3781-km/
watch url : https://luminox.jp/watch-collection/bear-grylls/bear-grylls-survival-3780-land-series-ref-3797-km/
watch url : https://luminox.jp/watch-collection/limited/navy-seal-steel-3200-series-ref3202/
watch url : https://luminox.jp/watch-collection/limited/navy-seal-steel-3200-series-ref3210/
watch url : https://luminox.jp/watch-collection/limited/navy-seal-steel-3200-series-ref-3204-jp-ltd/
watch url : https://luminox.jp/watch-collection/limited/field-classic-1830-series-ref1837/
watch url : https://luminox.jp/watch-collection/limited/navy-seal-3500-series-ref-3501-gold-set/
watch url : https://luminox.jp/watch-collection/limited/navy-seal-3050-series-ref-sealsmark-limited-vol-3/
watch url : https://luminox.jp/watch-collection/limited/navy-seal-3000-series-ref-3001-anniversary/
watch url : https://luminox.jp/watch-collection/limited/black-ops-8880-series-ref-8881-blackops/
watch url : https://luminox.jp/watch-collection/limited/navy-seal-3500-series-ref-3501-bo-jp-ltd/
watch url : https://luminox.jp/watch-collection/limited/navy-seal-colormark-3050-series-ref-3057-briefing-ltd/
watch url : https://luminox.jp/watch-collection/limited/master-carbon-seal-3800-series-ref-3802-go-set/
watch url : https://luminox.jp/watch-collection/limited/ice-sar-arctic-1000-series-ref-1003-ltd/
watch url : https://luminox.jp/watch-collection/limited/leatherback-sea-turtle-giant-0320-series-ref-0321-bo-vp-set/
watch url : https://luminox.jp/watch-collection/limited/3051-series-ref304-tfs-ltd/
watch url : https://luminox.jp/watch-collection/limited/master-carbon-seal-3800-series-ref3803/
watch url : https://luminox.jp/watch-collection/limited/f-117-nighthawk-3400-series-japan-edition-ref3402-usaf-stealth/
watch url : https://luminox.jp/watch-collection/limited/red-hand-series-ref3081-rh/
watch url : https://luminox.jp/watch-collection/limited/red-hand-series-ref3051-rh/
watch url : https://luminox.jp/watch-collection/limited/x-quality-series-ref3001-xq/
watch url : https://luminox.jp/watch-collection/limited/tony-kanaan-automatic-valjoux-chronograph-1180-series-ref1181/
watch url : https://luminox.jp/watch-collection/limited/red-hand-series-ref3001-rh/
watch url : https://luminox.jp/watch-collection/sea/leatherback-sea-turtle-giant-0320-series-ref0327-wo/
watch url : https://luminox.jp/watch-collection/sea/authorized-for-navy-use-anu-4220-series-ref4221-cw/
watch url : https://luminox.jp/watch-collection/sea/navy-seal-colormark-3050-series-ref3057-wo/
watch url : https://luminox.jp/watch-collection/sea/authorized-for-navy-use-anu-4240-series-ref4241/
watch url : https://luminox.jp/watch-collection/air/f-117-nighthawk-6400-series-ref6402-bo/
watch url : https://luminox.jp/watch-collection/air/f-22-raptor-9240-series-ref9241/
watch url : https://luminox.jp/watch-collection/air/f-22-raptor-9240-series-ref9247/
watch url : https://luminox.jp/watch-collection/air/p-38-lightning-chronograph-9440-series-ref9447/
watch url : https://luminox.jp/watch-collection/air/p-38-lightning-automatic-valjoux-chronograph-9460-series-ref9461/
watch url : https://luminox.jp/watch-collection/land/field-automatic-day-date-1800-series-ref1801-bo/
watch url : https://luminox.jp/watch-collection/land/atacama-field-day-date-1920-series-ref1922/
watch url : https://luminox.jp/watch-collection/land/atacama-field-day-date-1920-series-ref1921/
watch url : https://luminox.jp/watch-collection/limited/master-carbon-seal-3800-series-ref-3801ey/
watch url : https://luminox.jp/watch-collection/limited/bear-grylls-survival-eco-3700-series-ref-3703/
watch url : https://luminox.jp/watch-collection/sea/navy-seal-3600-series-ref-3615/
watch url : https://luminox.jp/watch-collection/sea/navy-seal-3500-series-ref-3508-gold/
watch url : https://luminox.jp/watch-collection/sea/navy-seal-3500-series-ref-3503-nsf/
watch url : https://luminox.jp/watch-collection/sea/automatic-sport-timer-0920-series-ref-0921/
watch url : https://luminox.jp/watch-collection/sea/automatic-sport-timer-0920-series-ref-0924/
watch url : https://luminox.jp/watch-collection/sea/navy-seal-steel-3250-series-ref3252-bo/
watch url : https://luminox.jp/watch-collection/strap/strap-rubber-01blackbuckle/
watch url : https://luminox.jp/watch-collection/strap/strap-lns-nylon-22mm/
watch url : https://luminox.jp/watch-collection/strap/strap-lns-all-black-nylon-22mm/
watch url : https://luminox.jp/watch-collection/strap/strap-rubber-01-22mm/
watch url : https://luminox.jp/watch-collection/strap/strap-rubber-02-22mm/
watch url : https://luminox.jp/watch-collection/strap/strap-rubber-07-23mm/
watch url : https://luminox.jp/watch-collection/strap/strap-rubber-07-blackbuckle-23mm/
watch url : https://luminox.jp/watch-collection/strap/strap-rubber-07-s/
watch url : https://luminox.jp/watch-collection/strap/strap-steel-05-3400/
watch url : https://luminox.jp/watch-collection/strap/colormark-carbon-belt/
watch url : https://luminox.jp/watch-collection/strap/4loop-strap-24mmblk/
watch url : https://luminox.jp/watch-collection/strap/4loop-strap-24mmblue/
watch url : https://luminox.jp/watch-collection/strap/4loop-strap-24mmgreen/
watch url : https://luminox.jp/watch-collection/strap/4loop-strap-24mmgrey/
watch url : https://luminox.jp/watch-collection/strap/4loop-strap-22mmblk/
watch url : https://luminox.jp/watch-collection/strap/4loop-strap-23mmblk/
watch url : https://luminox.jp/watch-collection/strap/4loop-strap-23mmblk-red-wht/
watch url : https://luminox.jp/watch-collection/strap/4loop-strap-23mmblk-gry/
watch url : https://luminox.jp/watch-collection/strap/strap-rubber-07wht-s/
watch url : https://luminox.jp/watch-collection/strap/strap-rubber-220300/
watch url : https://luminox.jp/watch-collection/strap/strap-rubber-22bb0300/
watch url : https://luminox.jp/watch-collection/strap/strap-rubber-22w0300/
watch url : https://luminox.jp/watch-collection/strap/strap-rubber-230320/
watch url : https://luminox.jp/watch-collection/strap/strap-rubber-23bb0320/
watch url : https://luminox.jp/watch-collection/strap/strap-rubber-23w0320/
watch url : https://luminox.jp/watch-collection/strap/strap-rubber-263500-3580/
watch url : https://luminox.jp/watch-collection/strap/strap-rubber-26bb3500-3580/
watch url : https://luminox.jp/watch-collection/strap/strap-rubber-26w3500/
watch url : https://luminox.jp/watch-collection/strap/strap-rubber-203800/
watch url : https://luminox.jp/watch-collection/strap/strap-rubber-21bb4220-4240/
watch url : https://luminox.jp/watch-collection/strap/carbon-strap-3800-series/
watch url : https://luminox.jp/watch-collection/strap/carbon-strap-3500-series/
watch url : https://luminox.jp/watch-collection/strap/strap-rubber-198830-8840-3300-3780/
watch url : https://luminox.jp/watch-collection/limited/original-navy-seal-3000-series-ref-3013-navy-seals/
watch url : https://luminox.jp/watch-collection/sea/carbon-seal-3800-series-ref3801/
watch url : https://luminox.jp/watch-collection/strap/strap-rubber-07-w-3057-whiteout/
watch url : https://luminox.jp/watch-collection/bear-grylls/bear-grylls-survival-3760-air-series-ref-3761/
watch url : https://luminox.jp/watch-collection/limited/original-navy-seal-3000-series-ref-3003-navy/
watch url : https://luminox.jp/watch-collection/sea/master-carbon-seal-3800-series-ref-3801-c-set/
watch url : https://luminox.jp/watch-collection/bear-grylls/bear-grylls-survival-3760-air-series-ref-3762/
watch url : https://luminox.jp/watch-collection/sea/navy-seal-colormark-3050-series-ref3051-bo/
watch url : https://luminox.jp/watch-collection/land/ice-sar-arctic-1000-series-ref-1003/
watch url : https://luminox.jp/watch-collection/strap/cut-fit-yellow-strap/
watch url : https://luminox.jp/watch-collection/strap/cut-fit-white-strap/
watch url : https://luminox.jp/watch-collection/strap/cut-fit-red-strap/
watch url : https://luminox.jp/watch-collection/strap/cut-fit-orange-strap/
watch url : https://luminox.jp/watch-collection/strap/cut-fit-green-strap/
watch url : https://luminox.jp/watch-collection/strap/cut-fit-blue-strap/
watch url : https://luminox.jp/watch-collection/strap/cut-fit-black-strap/
watch url : https://luminox.jp/watch-collection/sea/navy-seal-colormark-3050-series-ref-3051-go-nsf/
watch url : https://luminox.jp/watch-collection/sea/pacific-diver-3120-series-ref-3135/
watch url : https://luminox.jp/watch-collection/sea/pacific-diver-3120-series-ref-3137/
watch url : https://luminox.jp/watch-collection/bear-grylls/bear-grylls-survival-3720-sea-series-ref-3729-ngu/
watch url : https://luminox.jp/watch-collection/bear-grylls/bear-grylls-survival-3740-master-series-ref-3745/
watch url : https://luminox.jp/watch-collection/limited/red-hand-series-ref-3051-redhand/
watch url : https://luminox.jp/watch-collection/limited/red-hand-series-ref-3501-redhand/
watch url : https://luminox.jp/watch-collection/limited/red-hand-series-ref8831-rh/
watch url : https://luminox.jp/watch-collection/limited/red-hand-series-ref-3001-redhand/

watches : 228
