https://www.bremont.com/products/1918-rose-gold ||| https://cdn.shopify.com/s/files/1/0024/5084/9907/products/Bremont-1918-Rose-Gold-Front_171004_181306_1200x2013.png ||| /Users/lcchai/Work/assets/official/bremont/Bremont-1918-Rose-Gold-Front_171004_181306_1200x2013.png
https://www.bremont.com/products/1918-rose-gold ||| https://cdn.shopify.com/s/files/1/0024/5084/9907/products/Bremont-1918-Rose-Gold-Front_171004_181306_1200x2013.png ||| /Users/lcchai/Work/assets/official/bremont/Bremont-1918-Rose-Gold-Front_171004_181306_1200x2013.png
https://www.bremont.com/products/1918-stainess-steel ||| https://cdn.shopify.com/s/files/1/0024/5084/9907/products/Bremont-1918-Stainless-Steel-Front_171004_180244_1200x2013.png ||| /Users/lcchai/Work/assets/official/bremont/Bremont-1918-Stainless-Steel-Front_171004_180244_1200x2013.png
https://www.bremont.com/products/1918-white-gold ||| https://cdn.shopify.com/s/files/1/0024/5084/9907/products/Bremont-1918-White-Gold-Front_171004_181347_1200x2013.png ||| /Users/lcchai/Work/assets/official/bremont/Bremont-1918-White-Gold-Front_171004_181347_1200x2013.png
https://www.bremont.com/products/ac-i ||| https://cdn.shopify.com/s/files/1/0024/5084/9907/products/AC-I-Front_170421_174707_1200x2011.png ||| /Users/lcchai/Work/assets/official/bremont/AC-I-Front_170421_174707_1200x2011.png
https://www.bremont.com/products/airco-mach-1-black-bracelet ||| https://cdn.shopify.com/s/files/1/0024/5084/9907/products/AIRCO_MACH_1_BR_Front_1200x2013.png ||| /Users/lcchai/Work/assets/official/bremont/AIRCO_MACH_1_BR_Front_1200x2013.png
https://www.bremont.com/products/airco-mach-2-wh ||| https://cdn.shopify.com/s/files/1/0024/5084/9907/products/AIRCO-MACH-2-WHITE-FRONT-1_180226_103407_1200x2013.png ||| /Users/lcchai/Work/assets/official/bremont/AIRCO-MACH-2-WHITE-FRONT-1_180226_103407_1200x2013.png
https://www.bremont.com/products/airco-mach-3 ||| https://cdn.shopify.com/s/files/1/0024/5084/9907/products/AIRCO-MACH-3-BL-FRONT-1_180226_104019_1200x2013.png ||| /Users/lcchai/Work/assets/official/bremont/AIRCO-MACH-3-BL-FRONT-1_180226_104019_1200x2013.png
https://www.bremont.com/products/airco-mach-3-bracelet ||| https://cdn.shopify.com/s/files/1/0024/5084/9907/products/Bremont-AIRCO-MACH-3-BL-BR-Front_180226_091518_1200x2013.png ||| /Users/lcchai/Work/assets/official/bremont/Bremont-AIRCO-MACH-3-BL-BR-Front_180226_091518_1200x2013.png
https://www.bremont.com/products/alt1-b ||| https://cdn.shopify.com/s/files/1/0024/5084/9907/products/ALT1-B-Front_170412_164658_1200x2013.png ||| /Users/lcchai/Work/assets/official/bremont/ALT1-B-Front_170412_164658_1200x2013.png
https://www.bremont.com/products/alt1-b-bracelet ||| https://cdn.shopify.com/s/files/1/0024/5084/9907/products/ALT1-B_BR_Front_1200x2013.png ||| /Users/lcchai/Work/assets/official/bremont/ALT1-B_BR_Front_1200x2013.png
https://www.bremont.com/products/alt1-c-an ||| https://cdn.shopify.com/s/files/1/0024/5084/9907/products/ALT1-C_AN_Front_1200x2013.png ||| /Users/lcchai/Work/assets/official/bremont/ALT1-C_AN_Front_1200x2013.png
https://www.bremont.com/products/alt1-c-anthracite-bracelet ||| https://cdn.shopify.com/s/files/1/0024/5084/9907/products/ALT1-C_AN_BR_Front_1200x2013.png ||| /Users/lcchai/Work/assets/official/bremont/ALT1-C_AN_BR_Front_1200x2013.png
https://www.bremont.com/products/alt1-c-blue ||| https://cdn.shopify.com/s/files/1/0024/5084/9907/products/Bremont-ALT1-C-BL-Front_180226_091852_e7457322-60f0-4951-b5d9-27eedd2bb36c_1200x2013.png ||| /Users/lcchai/Work/assets/official/bremont/Bremont-ALT1-C-BL-Front_180226_091852_e7457322-60f0-4951-b5d9-27eedd2bb36c_1200x2013.png
https://www.bremont.com/products/alt1-c-cream-bracelet ||| https://cdn.shopify.com/s/files/1/0024/5084/9907/products/ALT1-C_CR_BR_Front_1200x2013.png ||| /Users/lcchai/Work/assets/official/bremont/ALT1-C_CR_BR_Front_1200x2013.png
https://www.bremont.com/products/alt1-c-griffon ||| https://cdn.shopify.com/s/files/1/0024/5084/9907/products/Bremont_ALT1-C_Griffon_Front_WBG_WEB_1200x2013.jpg ||| /Users/lcchai/Work/assets/official/bremont/Bremont_ALT1-C_Griffon_Front_WBG_WEB_1200x2013.jpg
https://www.bremont.com/products/alt1-c-griffon-bracelet ||| https://cdn.shopify.com/s/files/1/0024/5084/9907/products/Bremont_ALT1-C_Griffon_Bracelet_Front_WBG_WEB_1200x2013.jpg ||| /Users/lcchai/Work/assets/official/bremont/Bremont_ALT1-C_Griffon_Bracelet_Front_WBG_WEB_1200x2013.jpg
https://www.bremont.com/products/alt1-c-metal-dial ||| https://cdn.shopify.com/s/files/1/0024/5084/9907/products/Bremont-ALT1-C-WH-BK-Front_180226_092632_1200x2013.png ||| /Users/lcchai/Work/assets/official/bremont/Bremont-ALT1-C-WH-BK-Front_180226_092632_1200x2013.png
https://www.bremont.com/products/alt1-c-pb ||| https://cdn.shopify.com/s/files/1/0024/5084/9907/products/Bremont_ALT1-C_PB_Front_1200x2013.png ||| /Users/lcchai/Work/assets/official/bremont/Bremont_ALT1-C_PB_Front_1200x2013.png
https://www.bremont.com/products/alt1-c-pw ||| https://cdn.shopify.com/s/files/1/0024/5084/9907/products/Bremont_ALT1-C_PW_Front_1200x2013.png ||| /Users/lcchai/Work/assets/official/bremont/Bremont_ALT1-C_PW_Front_1200x2013.png
https://www.bremont.com/products/alt1-c-rg ||| https://cdn.shopify.com/s/files/1/0024/5084/9907/products/ALT1-C_RG_Front_1200x2013.png ||| /Users/lcchai/Work/assets/official/bremont/ALT1-C_RG_Front_1200x2013.png
https://www.bremont.com/products/alt1-c-white-black-bracelet ||| https://cdn.shopify.com/s/files/1/0024/5084/9907/products/ALT1-C-WH-BK-BR_Front_1200x2013.png ||| /Users/lcchai/Work/assets/official/bremont/ALT1-C-WH-BK-BR_Front_1200x2013.png
https://www.bremont.com/products/alt1-p2-black-bracelet ||| https://cdn.shopify.com/s/files/1/0024/5084/9907/products/ALT1-P2_BK_BR_Front_1200x2013.png ||| /Users/lcchai/Work/assets/official/bremont/ALT1-P2_BK_BR_Front_1200x2013.png
https://www.bremont.com/products/alt1-p2-black-dial ||| https://cdn.shopify.com/s/files/1/0024/5084/9907/products/black-front_1200x2013.png ||| /Users/lcchai/Work/assets/official/bremont/black-front_1200x2013.png
https://www.bremont.com/products/alt1-p2-blue-bracelet ||| https://cdn.shopify.com/s/files/1/0024/5084/9907/products/ALT1-P2_BL_BR_Front_1200x2013.png ||| /Users/lcchai/Work/assets/official/bremont/ALT1-P2_BL_BR_Front_1200x2013.png
https://www.bremont.com/products/alt1-p2-blue-dial ||| https://cdn.shopify.com/s/files/1/0024/5084/9907/products/blue-front_1200x2013.png ||| /Users/lcchai/Work/assets/official/bremont/blue-front_1200x2013.png
https://www.bremont.com/products/alt1-p2-cream-bracelet ||| https://cdn.shopify.com/s/files/1/0024/5084/9907/products/ALT1-P2_CR_BR_Front_1200x2013.png ||| /Users/lcchai/Work/assets/official/bremont/ALT1-P2_CR_BR_Front_1200x2013.png
https://www.bremont.com/products/alt1-p2-cream-dial ||| https://cdn.shopify.com/s/files/1/0024/5084/9907/products/ALT1-P2_CR_Front_1200x2013.png ||| /Users/lcchai/Work/assets/official/bremont/ALT1-P2_CR_Front_1200x2013.png
https://www.bremont.com/products/alt1-p2-jet ||| https://cdn.shopify.com/s/files/1/0024/5084/9907/products/Bremont_ALT1-P2_JET_Front_WBG_WEB_1200x2013.jpg ||| /Users/lcchai/Work/assets/official/bremont/Bremont_ALT1-P2_JET_Front_WBG_WEB_1200x2013.jpg
https://www.bremont.com/products/alt1-p2-jet-bracelet ||| https://cdn.shopify.com/s/files/1/0024/5084/9907/products/Bremont_ALT1-P2_JET_BR_Front_WBG_WEB_1200x2013.jpg ||| /Users/lcchai/Work/assets/official/bremont/Bremont_ALT1-P2_JET_BR_Front_WBG_WEB_1200x2013.jpg
https://www.bremont.com/products/alt1-wt-bk ||| https://cdn.shopify.com/s/files/1/0024/5084/9907/products/ALT1-WT_BK_Front_NEW_1200x2013.png ||| /Users/lcchai/Work/assets/official/bremont/ALT1-WT_BK_Front_NEW_1200x2013.png
https://www.bremont.com/products/alt1-wt-blue ||| https://cdn.shopify.com/s/files/1/0024/5084/9907/products/ALT1-WT_BL_Front_d6e75e9f-ebd0-4f0c-9527-cf530efcc212_1200x2013.png ||| /Users/lcchai/Work/assets/official/bremont/ALT1-WT_BL_Front_d6e75e9f-ebd0-4f0c-9527-cf530efcc212_1200x2013.png
https://www.bremont.com/products/alt1-wt-blue-bracelet ||| https://cdn.shopify.com/s/files/1/0024/5084/9907/products/ALT1-WT_BL_BR_Front_1200x2013.png ||| /Users/lcchai/Work/assets/official/bremont/ALT1-WT_BL_BR_Front_1200x2013.png
https://www.bremont.com/products/alt1-wt-white-bracelet ||| https://cdn.shopify.com/s/files/1/0024/5084/9907/products/ALT1-WT_WH_BR_Front_1200x2013.png ||| /Users/lcchai/Work/assets/official/bremont/ALT1-WT_WH_BR_Front_1200x2013.png
https://www.bremont.com/products/alt1-zt-bracelet ||| https://cdn.shopify.com/s/files/1/0024/5084/9907/products/ALT1-ZT_BR_Front_1200x2013.png ||| /Users/lcchai/Work/assets/official/bremont/ALT1-ZT_BR_Front_1200x2013.png
https://www.bremont.com/products/argonaut-azure ||| https://cdn.shopify.com/s/files/1/0024/5084/9907/products/3-v2_280x_2x_471da35f-0267-486d-92f3-b476705742b7_1200x1890.png ||| /Users/lcchai/Work/assets/official/bremont/3-v2_280x_2x_471da35f-0267-486d-92f3-b476705742b7_1200x1890.png
https://www.bremont.com/products/argonaut-azure-bracelet ||| https://cdn.shopify.com/s/files/1/0024/5084/9907/products/3-v2_280x_2x-2_1200x1890.png ||| /Users/lcchai/Work/assets/official/bremont/3-v2_280x_2x-2_1200x1890.png
https://www.bremont.com/products/arrow ||| https://cdn.shopify.com/s/files/1/0024/5084/9907/products/Bremont-Arrow-Front_596x1000_20a96bbc-0ae6-40fb-a62e-72ddb521aada_1200x2013.jpg ||| /Users/lcchai/Work/assets/official/bremont/Bremont-Arrow-Front_596x1000_20a96bbc-0ae6-40fb-a62e-72ddb521aada_1200x2013.jpg
https://www.bremont.com/products/bb1-ss-bk ||| https://cdn.shopify.com/s/files/1/0024/5084/9907/products/BBM1_SS_BK_Front_1200x2013.png ||| /Users/lcchai/Work/assets/official/bremont/BBM1_SS_BK_Front_1200x2013.png
https://www.bremont.com/products/mbii-bl-blue ||| https://cdn.shopify.com/s/files/1/0024/5084/9907/products/BremontMBIIBLBlueFront_1200x1889.png ||| /Users/lcchai/Work/assets/official/bremont/BremontMBIIBLBlueFront_1200x1889.png
https://www.bremont.com/products/mbii-bl-blue-bracelet ||| https://cdn.shopify.com/s/files/1/0024/5084/9907/products/MBII-SS-BL_d022440b-86e9-4f4c-b7e3-80acb294ea63_1200x1890.png ||| /Users/lcchai/Work/assets/official/bremont/MBII-SS-BL_d022440b-86e9-4f4c-b7e3-80acb294ea63_1200x1890.png
https://www.bremont.com/products/mbii-wh-blue ||| https://cdn.shopify.com/s/files/1/0024/5084/9907/products/BremontMBIIWHBlueFront_1200x1889.png ||| /Users/lcchai/Work/assets/official/bremont/BremontMBIIWHBlueFront_1200x1889.png
https://www.bremont.com/products/mbii-wh-blue-bracelet ||| https://cdn.shopify.com/s/files/1/0024/5084/9907/products/MBII-SS-WH_988bd48b-d2ef-4d81-96ec-0b49fbee5ebb_1200x1890.png ||| /Users/lcchai/Work/assets/official/bremont/MBII-SS-WH_988bd48b-d2ef-4d81-96ec-0b49fbee5ebb_1200x1890.png
https://www.bremont.com/products/model-1-stainless-steel-black-bracelet ||| https://cdn.shopify.com/s/files/1/0024/5084/9907/products/BBM1_SS_BK_BR_Front_1200x2013.png ||| /Users/lcchai/Work/assets/official/bremont/BBM1_SS_BK_BR_Front_1200x2013.png
https://www.bremont.com/products/otusa-ii ||| https://cdn.shopify.com/s/files/1/0024/5084/9907/products/AC-TI-GMT-Front_170421_175418_1200x2011.png ||| /Users/lcchai/Work/assets/official/bremont/AC-TI-GMT-Front_170421_175418_1200x2011.png
https://www.bremont.com/products/regatta-ac-35-rose-gold ||| https://cdn.shopify.com/s/files/1/0024/5084/9907/products/AC35-Front_170421_175448_1200x2013.png ||| /Users/lcchai/Work/assets/official/bremont/AC35-Front_170421_175448_1200x2013.png
https://www.bremont.com/products/regatta-ac-ii-stainless-steel ||| https://cdn.shopify.com/s/files/1/0024/5084/9907/products/AR-R-II-Front_170421_175331_1200x2013.png ||| /Users/lcchai/Work/assets/official/bremont/AR-R-II-Front_170421_175331_1200x2013.png
https://www.bremont.com/products/rfu-150 ||| https://cdn.shopify.com/s/files/1/0024/5084/9907/products/Bremont-RFU-Front-BR_512x_2x_ab5ed772-91f2-47dc-9825-e72556cd9741_1200x2013.jpg ||| /Users/lcchai/Work/assets/official/bremont/Bremont-RFU-Front-BR_512x_2x_ab5ed772-91f2-47dc-9825-e72556cd9741_1200x2013.jpg
https://www.bremont.com/products/s300-white ||| https://cdn.shopify.com/s/files/1/0024/5084/9907/products/Bremont-S300-BL-Front_1200x2013.png ||| /Users/lcchai/Work/assets/official/bremont/Bremont-S300-BL-Front_1200x2013.png
https://www.bremont.com/products/s302 ||| https://cdn.shopify.com/s/files/1/0024/5084/9907/products/40-s302-leather_1200x1892.png ||| /Users/lcchai/Work/assets/official/bremont/40-s302-leather_1200x1892.png
https://www.bremont.com/products/s302-bracelet ||| https://cdn.shopify.com/s/files/1/0024/5084/9907/products/Bremont-S300-Bracelet-Front_280x_2x_c5994c13-621e-4023-a4b6-60629fdecc89_1200x2014.png ||| /Users/lcchai/Work/assets/official/bremont/Bremont-S300-Bracelet-Front_280x_2x_c5994c13-621e-4023-a4b6-60629fdecc89_1200x2014.png
https://www.bremont.com/products/supermarine-chrono-black ||| https://cdn.shopify.com/s/files/1/0024/5084/9907/products/Bremont-RFU-Front-BR_512x_2x_ab5ed772-91f2-47dc-9825-e72556cd9741_280x_2x-2_1200x2014.png ||| /Users/lcchai/Work/assets/official/bremont/Bremont-RFU-Front-BR_512x_2x_ab5ed772-91f2-47dc-9825-e72556cd9741_280x_2x-2_1200x2014.png
https://www.bremont.com/products/supermarine-chrono-black-bracelet ||| https://cdn.shopify.com/s/files/1/0024/5084/9907/products/Bremont-RFU-Front-BR_512x_2x_ab5ed772-91f2-47dc-9825-e72556cd9741_280x_2x-4_1200x2014.png ||| /Users/lcchai/Work/assets/official/bremont/Bremont-RFU-Front-BR_512x_2x_ab5ed772-91f2-47dc-9825-e72556cd9741_280x_2x-4_1200x2014.png
https://www.bremont.com/products/supermarine-chrono-blue ||| https://cdn.shopify.com/s/files/1/0024/5084/9907/products/Bremont-RFU-Front-BR_512x_2x_ab5ed772-91f2-47dc-9825-e72556cd9741_280x_2x-3_1200x2014.png ||| /Users/lcchai/Work/assets/official/bremont/Bremont-RFU-Front-BR_512x_2x_ab5ed772-91f2-47dc-9825-e72556cd9741_280x_2x-3_1200x2014.png
https://www.bremont.com/products/supermarine-chrono-blue-bracelet ||| https://cdn.shopify.com/s/files/1/0024/5084/9907/products/Bremont-RFU-Front-BR_512x_2x_ab5ed772-91f2-47dc-9825-e72556cd9741_280x_2x-5_1200x2014.png ||| /Users/lcchai/Work/assets/official/bremont/Bremont-RFU-Front-BR_512x_2x_ab5ed772-91f2-47dc-9825-e72556cd9741_280x_2x-5_1200x2014.png
