https://www.briston-watches.com/en/product/clubmaster-chic-4-elements-terre-18536-sa-ge-2g-lnga/ ||| https://b4s3i6r6.rocketcdn.me/wp-content/uploads/2019/10/clubmaster-chic-acetate-18536-SA-GE-2G-LNGA-1.jpg ||| /Users/lcchai/Work/assets/official/briston/clubmaster-chic-acetate-18536-SA-GE-2G-LNGA-1.jpg
https://www.briston-watches.com/en/product/clubmaster-chic-4-elements-water-18536-sa-be-2g-lnnv/ ||| https://b4s3i6r6.rocketcdn.me/wp-content/uploads/2019/10/clubmaster-chic-acetate-18536-SA-BE-2G-LNNV-1.jpg ||| /Users/lcchai/Work/assets/official/briston/clubmaster-chic-acetate-18536-SA-BE-2G-LNNV-1.jpg
https://www.briston-watches.com/en/product/clubmaster-chic-acetate-17536-sa-t-1-nb/ ||| https://b4s3i6r6.rocketcdn.me/wp-content/uploads/2019/10/clubmaster-chic-acetate-17536-SA-T-1-NB-1.jpg ||| /Users/lcchai/Work/assets/official/briston/clubmaster-chic-acetate-17536-SA-T-1-NB-1.jpg
https://www.briston-watches.com/en/product/clubmaster-chic-acetate-17536-sa-t2-nt/ ||| https://b4s3i6r6.rocketcdn.me/wp-content/uploads/2019/10/clubmaster-chic-acetate-17536-SA-T-2-NT-1.jpg ||| /Users/lcchai/Work/assets/official/briston/clubmaster-chic-acetate-17536-SA-T-2-NT-1.jpg
https://www.briston-watches.com/en/product/clubmaster-chic-acetate-aqua-green-21536-sa-ugw-29-ngw/ ||| https://b4s3i6r6.rocketcdn.me/wp-content/uploads/2021/03/Clubmaster-Chic-21536.SA_.UGW_.29.NGW_.jpg ||| /Users/lcchai/Work/assets/official/briston/Clubmaster-Chic-21536.SA_.UGW_.29.NGW_.jpg
https://www.briston-watches.com/en/product/clubmaster-chic-acetate-blue-21536-sa-ub-33-nmb/ ||| https://b4s3i6r6.rocketcdn.me/wp-content/uploads/2021/03/Clubmaster-Chic-21536.SA_.UB_.33.NMB_.jpg ||| /Users/lcchai/Work/assets/official/briston/Clubmaster-Chic-21536.SA_.UB_.33.NMB_.jpg
https://www.briston-watches.com/en/product/clubmaster-chic-acetate-cardinal-21536-sa-ur-32-nc/ ||| https://b4s3i6r6.rocketcdn.me/wp-content/uploads/2021/03/Clubmaster-Chic-21536.SA_.UR_.32.NC_.jpg ||| /Users/lcchai/Work/assets/official/briston/Clubmaster-Chic-21536.SA_.UR_.32.NC_.jpg
https://www.briston-watches.com/en/product/clubmaster-chic-acetate-gold-17536-pra-t-1-nb/ ||| https://b4s3i6r6.rocketcdn.me/wp-content/uploads/2019/10/clubmaster-chic-acetate-17536-PRA-T-1-NB-1.jpg ||| /Users/lcchai/Work/assets/official/briston/clubmaster-chic-acetate-17536-PRA-T-1-NB-1.jpg
https://www.briston-watches.com/en/product/clubmaster-chic-acetate-gold-17536-pra-t-2-nt/ ||| https://b4s3i6r6.rocketcdn.me/wp-content/uploads/2019/10/clubmaster-chic-acetate-17536-PRA-T-2-NT-1.jpg ||| /Users/lcchai/Work/assets/official/briston/clubmaster-chic-acetate-17536-PRA-T-2-NT-1.jpg
https://www.briston-watches.com/en/product/clubmaster-chic-acetate-gold-18536-pra-t-6-nb/ ||| https://b4s3i6r6.rocketcdn.me/wp-content/uploads/2019/10/clubmaster-chic-acetate-18536-PRA-T-6-NB-1.jpg ||| /Users/lcchai/Work/assets/official/briston/clubmaster-chic-acetate-18536-PRA-T-6-NB-1.jpg
https://www.briston-watches.com/en/product/clubmaster-chic-acetate-gold-18536-pya-tg-2-nga/ ||| https://b4s3i6r6.rocketcdn.me/wp-content/uploads/2019/10/clubmaster-chic-acetate-18536-PYA-GT-2-NGA.jpg ||| /Users/lcchai/Work/assets/official/briston/clubmaster-chic-acetate-18536-PYA-GT-2-NGA.jpg
https://www.briston-watches.com/en/product/clubmaster-chic-acetate-green-olive-21536-sa-ug-26-nol/ ||| https://b4s3i6r6.rocketcdn.me/wp-content/uploads/2021/03/Clubmaster-Chic-21536.SA_.UG_.26.NOL_.jpg ||| /Users/lcchai/Work/assets/official/briston/Clubmaster-Chic-21536.SA_.UG_.26.NOL_.jpg
https://www.briston-watches.com/en/product/clubmaster-chic-acetate-ice-blue-21536-sa-ub-25-nib/ ||| https://b4s3i6r6.rocketcdn.me/wp-content/uploads/2021/03/Clubmaster-Chic-21536.SA_.UB_.25.NIB_.jpg ||| /Users/lcchai/Work/assets/official/briston/Clubmaster-Chic-21536.SA_.UB_.25.NIB_.jpg
https://www.briston-watches.com/en/product/clubmaster-chic-acetate-taupe-21536-sa-ubr-30-nt/ ||| https://b4s3i6r6.rocketcdn.me/wp-content/uploads/2021/03/Clubmaster-Chic-21536.SA_.UBR_.30.NT_.jpg ||| /Users/lcchai/Work/assets/official/briston/Clubmaster-Chic-21536.SA_.UBR_.30.NT_.jpg
https://www.briston-watches.com/en/product/clubmaster-chic-steel-17536-s-l-1-nb/ ||| https://b4s3i6r6.rocketcdn.me/wp-content/uploads/2019/10/clubmaster-chic-acier-17536-S-L-1-NB.jpg ||| /Users/lcchai/Work/assets/official/briston/clubmaster-chic-acier-17536-S-L-1-NB.jpg
https://www.briston-watches.com/en/product/clubmaster-chic-steel-17536-s-l-2-nt/ ||| https://b4s3i6r6.rocketcdn.me/wp-content/uploads/2019/10/clubmaster-chic-acier-17536-S-L-2-NT.jpg ||| /Users/lcchai/Work/assets/official/briston/clubmaster-chic-acier-17536-S-L-2-NT.jpg
https://www.briston-watches.com/en/product/clubmaster-chic-steel-gold-17536-sprg-l-1-nb/ ||| https://b4s3i6r6.rocketcdn.me/wp-content/uploads/2019/10/clubmaster-chic-acier-17536-SPRG-L-1-NB.jpg ||| /Users/lcchai/Work/assets/official/briston/clubmaster-chic-acier-17536-SPRG-L-1-NB.jpg
https://www.briston-watches.com/en/product/clubmaster-chic-steel-gold-17536-sprg-l-2-nt/ ||| https://b4s3i6r6.rocketcdn.me/wp-content/uploads/2019/10/clubmaster-chic-acier-17536-SPRG-L-2-NT.jpg ||| /Users/lcchai/Work/assets/official/briston/clubmaster-chic-acier-17536-SPRG-L-2-NT.jpg
https://www.briston-watches.com/en/product/clubmaster-classic-acetate-13140-pbam-b-4-nb/ ||| https://b4s3i6r6.rocketcdn.me/wp-content/uploads/2019/10/briston-clubmaster-classic-acetate-14140-PBAM-B-4-NB.jpg ||| /Users/lcchai/Work/assets/official/briston/briston-clubmaster-classic-acetate-14140-PBAM-B-4-NB.jpg
https://www.briston-watches.com/en/product/clubmaster-classic-acetate-13140-sa-t-1-nk/ ||| https://b4s3i6r6.rocketcdn.me/wp-content/uploads/2021/03/briston-clubmaster-classic-acetate-13140-SA-T-1-NK-1.jpg ||| /Users/lcchai/Work/assets/official/briston/briston-clubmaster-classic-acetate-13140-SA-T-1-NK-1.jpg
https://www.briston-watches.com/en/product/clubmaster-classic-acetate-13240-sa-t-1-nk/ ||| https://b4s3i6r6.rocketcdn.me/wp-content/uploads/2019/10/briston-clubmaster-classic-acetate-14240-SA-T-1-NK.jpg ||| /Users/lcchai/Work/assets/official/briston/briston-clubmaster-classic-acetate-14240-SA-T-1-NK.jpg
https://www.briston-watches.com/en/product/clubmaster-classic-acetate-14240-pbam-b-4-nb/ ||| https://b4s3i6r6.rocketcdn.me/wp-content/uploads/2019/10/briston-clubmaster-classic-acetate-14240-PBAM-B-4-NB.jpg ||| /Users/lcchai/Work/assets/official/briston/briston-clubmaster-classic-acetate-14240-PBAM-B-4-NB.jpg
https://www.briston-watches.com/en/product/clubmaster-classic-acetate-15140-sa-t-10-nbg/ ||| https://b4s3i6r6.rocketcdn.me/wp-content/uploads/2019/10/briston-clubmaster-classic-acetate-15140-SA-T-10-NBG.jpg ||| /Users/lcchai/Work/assets/official/briston/briston-clubmaster-classic-acetate-15140-SA-T-10-NBG.jpg
https://www.briston-watches.com/en/product/clubmaster-classic-acetate-15140-sa-t-11-ng/ ||| https://b4s3i6r6.rocketcdn.me/wp-content/uploads/2019/10/briston-clubmaster-classic-acetate-15140-SA-T-11-NG.jpg ||| /Users/lcchai/Work/assets/official/briston/briston-clubmaster-classic-acetate-15140-SA-T-11-NG.jpg
https://www.briston-watches.com/en/product/clubmaster-classic-acetate-15140-sa-t-8-nbdx/ ||| https://b4s3i6r6.rocketcdn.me/wp-content/uploads/2019/10/briston-clubmaster-classic-acetate-15140-SA-T-8-NBDX.jpg ||| /Users/lcchai/Work/assets/official/briston/briston-clubmaster-classic-acetate-15140-SA-T-8-NBDX.jpg
https://www.briston-watches.com/en/product/clubmaster-classic-acetate-15140-sa-t-9-nnb/ ||| https://b4s3i6r6.rocketcdn.me/wp-content/uploads/2019/10/briston-clubmaster-classic-acetate-15140-SA-T-9-NNB.jpg ||| /Users/lcchai/Work/assets/official/briston/briston-clubmaster-classic-acetate-15140-SA-T-9-NNB.jpg
https://www.briston-watches.com/en/product/clubmaster-classic-acetate-15240-sa-t-10-nbg/ ||| https://b4s3i6r6.rocketcdn.me/wp-content/uploads/2019/10/briston-clubmaster-classic-acetate-15240-SA-T-10-NBG.jpg ||| /Users/lcchai/Work/assets/official/briston/briston-clubmaster-classic-acetate-15240-SA-T-10-NBG.jpg
https://www.briston-watches.com/en/product/clubmaster-classic-acetate-15240-sa-t-11-ng/ ||| https://b4s3i6r6.rocketcdn.me/wp-content/uploads/2019/10/briston-clubmaster-classic-acetate-15240-SA-T-11-NG.jpg ||| /Users/lcchai/Work/assets/official/briston/briston-clubmaster-classic-acetate-15240-SA-T-11-NG.jpg
https://www.briston-watches.com/en/product/clubmaster-classic-acetate-15240-sa-t-8-nbdx/ ||| https://b4s3i6r6.rocketcdn.me/wp-content/uploads/2019/10/briston-clubmaster-classic-acetate-15240-SA-T-8-NBDX.jpg ||| /Users/lcchai/Work/assets/official/briston/briston-clubmaster-classic-acetate-15240-SA-T-8-NBDX.jpg
https://www.briston-watches.com/en/product/clubmaster-classic-acetate-15240-sa-t-9-nnb/ ||| https://b4s3i6r6.rocketcdn.me/wp-content/uploads/2019/10/briston-clubmaster-classic-acetate-15240-SA-T-9-NNB.jpg ||| /Users/lcchai/Work/assets/official/briston/briston-clubmaster-classic-acetate-15240-SA-T-9-NNB.jpg
https://www.briston-watches.com/en/product/clubmaster-classic-acetate-16140-sa-t-2-nga/ ||| https://b4s3i6r6.rocketcdn.me/wp-content/uploads/2019/10/briston-clubmaster-classic-acetate-16140-SA-T-2-NGA-1.jpg ||| /Users/lcchai/Work/assets/official/briston/briston-clubmaster-classic-acetate-16140-SA-T-2-NGA-1.jpg
https://www.briston-watches.com/en/product/clubmaster-classic-acetate-16240-sa-t-2-nga/ ||| https://b4s3i6r6.rocketcdn.me/wp-content/uploads/2019/10/briston-clubmaster-classic-acetate-16240-SA-T-2-NGA-1.jpg ||| /Users/lcchai/Work/assets/official/briston/briston-clubmaster-classic-acetate-16240-SA-T-2-NGA-1.jpg
https://www.briston-watches.com/en/product/clubmaster-classic-acetate-alpine-hunter-15140-pbam-gt-3-ng/ ||| https://b4s3i6r6.rocketcdn.me/wp-content/uploads/2019/10/briston-clubmaster-classic-acetate-15140-PBAM-GT-3-NG.jpg ||| /Users/lcchai/Work/assets/official/briston/briston-clubmaster-classic-acetate-15140-PBAM-GT-3-NG.jpg
https://www.briston-watches.com/en/product/clubmaster-classic-acetate-alpine-hunter-15240-pbam-gt-3-ng/ ||| https://b4s3i6r6.rocketcdn.me/wp-content/uploads/2019/10/briston-clubmaster-classic-acetate-15240-PBAM-GT-3-NG.jpg ||| /Users/lcchai/Work/assets/official/briston/briston-clubmaster-classic-acetate-15240-PBAM-GT-3-NG.jpg
https://www.briston-watches.com/en/product/clubmaster-classic-acetate-gold-13240-pra-t-1-nb/ ||| https://b4s3i6r6.rocketcdn.me/wp-content/uploads/2019/10/briston-clubmaster-classic-acetate-14240-PRA-T-1-NB.jpg ||| /Users/lcchai/Work/assets/official/briston/briston-clubmaster-classic-acetate-14240-PRA-T-1-NB.jpg
https://www.briston-watches.com/en/product/clubmaster-classic-acetate-gold-14140-pra-t-1-nb/ ||| https://b4s3i6r6.rocketcdn.me/wp-content/uploads/2019/10/briston-clubmaster-classic-acetate-14140-PRA-T-1-NB.jpg ||| /Users/lcchai/Work/assets/official/briston/briston-clubmaster-classic-acetate-14140-PRA-T-1-NB.jpg
https://www.briston-watches.com/en/product/clubmaster-classic-acetate-gold-14140-pra-t-6-nb/ ||| https://b4s3i6r6.rocketcdn.me/wp-content/uploads/2019/10/briston-clubmaster-classic-acetate-14140-PRA-T-6-NB.jpg ||| /Users/lcchai/Work/assets/official/briston/briston-clubmaster-classic-acetate-14140-PRA-T-6-NB.jpg
https://www.briston-watches.com/en/product/clubmaster-classic-acetate-gold-14140-pya-t-7-nb/ ||| https://b4s3i6r6.rocketcdn.me/wp-content/uploads/2019/09/Briston-Clubmaster-Classic-Acetate-Gold-14140-PYA-T-7-NB-v2020.jpeg ||| /Users/lcchai/Work/assets/official/briston/Briston-Clubmaster-Classic-Acetate-Gold-14140-PYA-T-7-NB-v2020.jpeg
https://www.briston-watches.com/en/product/clubmaster-classic-acetate-gold-14240-pra-t-6-nb/ ||| https://b4s3i6r6.rocketcdn.me/wp-content/uploads/2019/10/briston-clubmaster-classic-acetate-14240-PRA-T-6-NB.jpg ||| /Users/lcchai/Work/assets/official/briston/briston-clubmaster-classic-acetate-14240-PRA-T-6-NB.jpg
https://www.briston-watches.com/en/product/clubmaster-classic-acetate-gold-14240-pya-t-7-nb/ ||| https://b4s3i6r6.rocketcdn.me/wp-content/uploads/2020/06/Briston-Clubmaster-Classic-Acetate-Gold-14240-PYA-T-7-NB-v2020.jpeg ||| /Users/lcchai/Work/assets/official/briston/Briston-Clubmaster-Classic-Acetate-Gold-14240-PYA-T-7-NB-v2020.jpeg
https://www.briston-watches.com/en/product/clubmaster-classic-acetate-gold-15140-pra-t-11-ng/ ||| https://b4s3i6r6.rocketcdn.me/wp-content/uploads/2019/10/briston-clubmaster-classic-acetate-15140-PRA-T-11-NG.jpg ||| /Users/lcchai/Work/assets/official/briston/briston-clubmaster-classic-acetate-15140-PRA-T-11-NG.jpg
https://www.briston-watches.com/en/product/clubmaster-classic-acetate-gold-15140-pra-t-8-nbdx/ ||| https://b4s3i6r6.rocketcdn.me/wp-content/uploads/2019/10/briston-clubmaster-classic-acetate-15140-PRA-T-8-NBDX.jpg ||| /Users/lcchai/Work/assets/official/briston/briston-clubmaster-classic-acetate-15140-PRA-T-8-NBDX.jpg
https://www.briston-watches.com/en/product/clubmaster-classic-acetate-gold-15140-pya-t-10-nbg/ ||| https://b4s3i6r6.rocketcdn.me/wp-content/uploads/2019/10/briston-clubmaster-classic-acetate-15140-PYA-T-10-NBG.jpg ||| /Users/lcchai/Work/assets/official/briston/briston-clubmaster-classic-acetate-15140-PYA-T-10-NBG.jpg
https://www.briston-watches.com/en/product/clubmaster-classic-acetate-gold-15140-pya-t-9-nnb/ ||| https://b4s3i6r6.rocketcdn.me/wp-content/uploads/2019/10/briston-clubmaster-classic-acetate-15140-PYA-T-9-NNB.jpg ||| /Users/lcchai/Work/assets/official/briston/briston-clubmaster-classic-acetate-15140-PYA-T-9-NNB.jpg
https://www.briston-watches.com/en/product/clubmaster-classic-acetate-gold-15240-pra-t-11-ng/ ||| https://b4s3i6r6.rocketcdn.me/wp-content/uploads/2019/10/briston-clubmaster-classic-acetate-15240-PRA-T-11-NG.jpg ||| /Users/lcchai/Work/assets/official/briston/briston-clubmaster-classic-acetate-15240-PRA-T-11-NG.jpg
https://www.briston-watches.com/en/product/clubmaster-classic-acetate-gold-15240-pra-t-8-nbdx/ ||| https://b4s3i6r6.rocketcdn.me/wp-content/uploads/2019/10/briston-clubmaster-classic-acetate-15240-PRA-T-8-NBDX.jpg ||| /Users/lcchai/Work/assets/official/briston/briston-clubmaster-classic-acetate-15240-PRA-T-8-NBDX.jpg
https://www.briston-watches.com/en/product/clubmaster-classic-acetate-gold-15240-pya-t-10-nbg/ ||| https://b4s3i6r6.rocketcdn.me/wp-content/uploads/2019/10/briston-clubmaster-classic-acetate-15240-PYA-T-10-NBG.jpg ||| /Users/lcchai/Work/assets/official/briston/briston-clubmaster-classic-acetate-15240-PYA-T-10-NBG.jpg
https://www.briston-watches.com/en/product/clubmaster-classic-acetate-gold-15240-pya-t-9-nnb/ ||| https://b4s3i6r6.rocketcdn.me/wp-content/uploads/2019/10/briston-clubmaster-classic-acetate-15240-PYA-T-9-NNB.jpg ||| /Users/lcchai/Work/assets/official/briston/briston-clubmaster-classic-acetate-15240-PYA-T-9-NNB.jpg
https://www.briston-watches.com/en/product/clubmaster-classic-acetate-gold-17140-pra-t-2-nb/ ||| https://b4s3i6r6.rocketcdn.me/wp-content/uploads/2019/10/briston-clubmaster-classic-acetate-17140-PRA-T-2-NB.jpg ||| /Users/lcchai/Work/assets/official/briston/briston-clubmaster-classic-acetate-17140-PRA-T-2-NB.jpg
https://www.briston-watches.com/en/product/clubmaster-classic-acetate-gold-17140-pya-t-2-nb/ ||| https://b4s3i6r6.rocketcdn.me/wp-content/uploads/2019/10/briston-clubmaster-classic-acetate-17140-PYA-T-2-NB.jpg ||| /Users/lcchai/Work/assets/official/briston/briston-clubmaster-classic-acetate-17140-PYA-T-2-NB.jpg
https://www.briston-watches.com/en/product/clubmaster-classic-acetate-gold-17240-pra-t-2-nb/ ||| https://b4s3i6r6.rocketcdn.me/wp-content/uploads/2019/10/briston-clubmaster-classic-acetate-17240-PRA-T-2-NB.jpg ||| /Users/lcchai/Work/assets/official/briston/briston-clubmaster-classic-acetate-17240-PRA-T-2-NB.jpg
https://www.briston-watches.com/en/product/clubmaster-classic-acetate-gold-17240-pya-t-2-nb/ ||| https://b4s3i6r6.rocketcdn.me/wp-content/uploads/2019/10/briston-clubmaster-classic-acetate-17240-PYA-T-2-NB.jpg ||| /Users/lcchai/Work/assets/official/briston/briston-clubmaster-classic-acetate-17240-PYA-T-2-NB.jpg
https://www.briston-watches.com/en/product/clubmaster-classic-acetate-gold-19140-pra-t-25-nib/ ||| https://b4s3i6r6.rocketcdn.me/wp-content/uploads/2019/10/clubmaster-classic-acetate-19140-PRAT-25-NIB.jpg ||| /Users/lcchai/Work/assets/official/briston/clubmaster-classic-acetate-19140-PRAT-25-NIB.jpg
https://www.briston-watches.com/en/product/clubmaster-classic-acetate-gold-19140-pra-t-26-nol/ ||| https://b4s3i6r6.rocketcdn.me/wp-content/uploads/2019/10/clubmaster-classic-acetate-19140-PRAT-26-NOL.jpg ||| /Users/lcchai/Work/assets/official/briston/clubmaster-classic-acetate-19140-PRAT-26-NOL.jpg
https://www.briston-watches.com/en/product/clubmaster-classic-acetate-gold-19140-pra-t-27-ne/ ||| https://b4s3i6r6.rocketcdn.me/wp-content/uploads/2019/10/clubmaster-classic-acetate-19140-PRAT-27-NE.jpg ||| /Users/lcchai/Work/assets/official/briston/clubmaster-classic-acetate-19140-PRAT-27-NE.jpg
https://www.briston-watches.com/en/product/clubmaster-classic-acetate-gold-19140-pra-t-28-nber/ ||| https://b4s3i6r6.rocketcdn.me/wp-content/uploads/2019/10/clubmaster-classic-acetate-19140-PRAT-28-NBER.jpg ||| /Users/lcchai/Work/assets/official/briston/clubmaster-classic-acetate-19140-PRAT-28-NBER.jpg
https://www.briston-watches.com/en/product/clubmaster-classic-acetate-gold-19140-pra-t-29-ngw/ ||| https://b4s3i6r6.rocketcdn.me/wp-content/uploads/2019/10/clubmaster-classic-acetate-19140-PRAT-29-NGW.jpg ||| /Users/lcchai/Work/assets/official/briston/clubmaster-classic-acetate-19140-PRAT-29-NGW.jpg
https://www.briston-watches.com/en/product/clubmaster-classic-acetate-gold-19140-pra-t-30-nt/ ||| https://b4s3i6r6.rocketcdn.me/wp-content/uploads/2019/10/clubmaster-classic-acetate-19140-PRAT-30-NT.jpg ||| /Users/lcchai/Work/assets/official/briston/clubmaster-classic-acetate-19140-PRAT-30-NT.jpg
https://www.briston-watches.com/en/product/clubmaster-classic-acetate-gold-19140-pra-t-31-nbd/ ||| https://b4s3i6r6.rocketcdn.me/wp-content/uploads/2019/10/clubmaster-classic-acetate-19140-PRA-T-31-NBD.jpg ||| /Users/lcchai/Work/assets/official/briston/clubmaster-classic-acetate-19140-PRA-T-31-NBD.jpg
https://www.briston-watches.com/en/product/clubmaster-classic-acetate-gold-19140-pra-t-32-nc/ ||| https://b4s3i6r6.rocketcdn.me/wp-content/uploads/2019/10/clubmaster-classic-acetate-19140-PRA-T-32-NC.jpg ||| /Users/lcchai/Work/assets/official/briston/clubmaster-classic-acetate-19140-PRA-T-32-NC.jpg
https://www.briston-watches.com/en/product/clubmaster-classic-acetate-gold-19140-pra-t-33-nmb/ ||| https://b4s3i6r6.rocketcdn.me/wp-content/uploads/2019/10/clubmaster-classic-acetate-19140-PRA-T-33-NMB.jpg ||| /Users/lcchai/Work/assets/official/briston/clubmaster-classic-acetate-19140-PRA-T-33-NMB.jpg
https://www.briston-watches.com/en/product/clubmaster-classic-acetate-gold-19140-pya-t-25-nib/ ||| https://b4s3i6r6.rocketcdn.me/wp-content/uploads/2019/10/clubmaster-classic-acetate-19140-PYA-T-25-NIB.jpg ||| /Users/lcchai/Work/assets/official/briston/clubmaster-classic-acetate-19140-PYA-T-25-NIB.jpg
https://www.briston-watches.com/en/product/clubmaster-classic-acetate-gold-19140-pya-t-26-nol/ ||| https://b4s3i6r6.rocketcdn.me/wp-content/uploads/2019/10/clubmaster-classic-acetate-19140-PYA-T-26-NOL.jpg ||| /Users/lcchai/Work/assets/official/briston/clubmaster-classic-acetate-19140-PYA-T-26-NOL.jpg
https://www.briston-watches.com/en/product/clubmaster-classic-acetate-gold-19140-pya-t-27-ne/ ||| https://b4s3i6r6.rocketcdn.me/wp-content/uploads/2019/10/clubmaster-classic-acetate-19140-PYA-T-27-NE.jpg ||| /Users/lcchai/Work/assets/official/briston/clubmaster-classic-acetate-19140-PYA-T-27-NE.jpg
https://www.briston-watches.com/en/product/clubmaster-classic-acetate-gold-19140-pya-t-28-nber/ ||| https://b4s3i6r6.rocketcdn.me/wp-content/uploads/2019/10/clubmaster-classic-acetate-19140-PYA-T-28-NBER.jpg ||| /Users/lcchai/Work/assets/official/briston/clubmaster-classic-acetate-19140-PYA-T-28-NBER.jpg
https://www.briston-watches.com/en/product/clubmaster-classic-acetate-gold-19140-pya-t-29-ngw/ ||| https://b4s3i6r6.rocketcdn.me/wp-content/uploads/2019/10/clubmaster-classic-acetate-19140-PYA-T-29-NGW.jpg ||| /Users/lcchai/Work/assets/official/briston/clubmaster-classic-acetate-19140-PYA-T-29-NGW.jpg
https://www.briston-watches.com/en/product/clubmaster-classic-acetate-gold-19140-pya-t-30-nt/ ||| https://b4s3i6r6.rocketcdn.me/wp-content/uploads/2019/10/clubmaster-classic-acetate-19140-PYA-T-30-NT.jpg ||| /Users/lcchai/Work/assets/official/briston/clubmaster-classic-acetate-19140-PYA-T-30-NT.jpg
https://www.briston-watches.com/en/product/clubmaster-classic-acetate-gold-19140-pya-t-31-nbd/ ||| https://b4s3i6r6.rocketcdn.me/wp-content/uploads/2019/10/clubmaster-classic-acetate-19140-PYA-T-31-NBD.jpg ||| /Users/lcchai/Work/assets/official/briston/clubmaster-classic-acetate-19140-PYA-T-31-NBD.jpg
https://www.briston-watches.com/en/product/clubmaster-classic-acetate-gold-19140-pya-t-32-nc/ ||| https://b4s3i6r6.rocketcdn.me/wp-content/uploads/2019/10/clubmaster-classic-acetate-19140-PYA-T-32-NC.jpg ||| /Users/lcchai/Work/assets/official/briston/clubmaster-classic-acetate-19140-PYA-T-32-NC.jpg
https://www.briston-watches.com/en/product/clubmaster-classic-acetate-gold-19140-pya-t-33-nmb/ ||| https://b4s3i6r6.rocketcdn.me/wp-content/uploads/2019/10/clubmaster-classic-acetate-19140-PYA-T-33-NMB.jpg ||| /Users/lcchai/Work/assets/official/briston/clubmaster-classic-acetate-19140-PYA-T-33-NMB.jpg
https://www.briston-watches.com/en/product/clubmaster-classic-acetate-safari-14140-pbam-ts-5-nk/ ||| https://b4s3i6r6.rocketcdn.me/wp-content/uploads/2019/10/briston-clubmaster-classic-acetate-14140-PBAM-TS-5-NK.jpg ||| /Users/lcchai/Work/assets/official/briston/briston-clubmaster-classic-acetate-14140-PBAM-TS-5-NK.jpg
https://www.briston-watches.com/en/product/clubmaster-classic-acetate-safari-14240-pbam-ts-5-nk/ ||| https://b4s3i6r6.rocketcdn.me/wp-content/uploads/2019/10/briston-clubmaster-classic-acetate-14240-PBAM-TS-5-NK.jpg ||| /Users/lcchai/Work/assets/official/briston/briston-clubmaster-classic-acetate-14240-PBAM-TS-5-NK.jpg
https://www.briston-watches.com/en/product/clubmaster-classic-gun-steel-15140-spg-c-12-lvb/ ||| https://b4s3i6r6.rocketcdn.me/wp-content/uploads/2019/10/briston-clubmaster-classic-acier-15140-SPG-C-12-LVB.jpg ||| /Users/lcchai/Work/assets/official/briston/briston-clubmaster-classic-acier-15140-SPG-C-12-LVB.jpg
https://www.briston-watches.com/en/product/clubmaster-classic-gun-steel-15240-spg-c-12-lvb/ ||| https://b4s3i6r6.rocketcdn.me/wp-content/uploads/2019/10/briston-clubmaster-classic-acier-15240-SPG-C-12-LVB.jpg ||| /Users/lcchai/Work/assets/official/briston/briston-clubmaster-classic-acier-15240-SPG-C-12-LVB.jpg
https://www.briston-watches.com/en/product/clubmaster-classic-khaki-steel-15140-spk-c-5-lvbr/ ||| https://b4s3i6r6.rocketcdn.me/wp-content/uploads/2019/10/briston-clubmaster-classic-acier-15140-SPK-C-5-LVBR.jpg ||| /Users/lcchai/Work/assets/official/briston/briston-clubmaster-classic-acier-15140-SPK-C-5-LVBR.jpg
https://www.briston-watches.com/en/product/clubmaster-classic-steel-16140-s-c-1-lvbr/ ||| https://b4s3i6r6.rocketcdn.me/wp-content/uploads/2019/10/briston-clubmaster-classic-acier-16140-S-C-1-LVBR.jpg ||| /Users/lcchai/Work/assets/official/briston/briston-clubmaster-classic-acier-16140-S-C-1-LVBR.jpg
https://www.briston-watches.com/en/product/clubmaster-classic-steel-16140-s-c-15-lvbr/ ||| https://b4s3i6r6.rocketcdn.me/wp-content/uploads/2019/10/briston-clubmaster-classic-acier-16140-S-C-15-LVBR.jpg ||| /Users/lcchai/Work/assets/official/briston/briston-clubmaster-classic-acier-16140-S-C-15-LVBR.jpg
https://www.briston-watches.com/en/product/clubmaster-classic-steel-16240-s-c-1-lvbr/ ||| https://b4s3i6r6.rocketcdn.me/wp-content/uploads/2019/10/briston-clubmaster-classic-acier-16240-S-C-1-LVBR.jpg ||| /Users/lcchai/Work/assets/official/briston/briston-clubmaster-classic-acier-16240-S-C-1-LVBR.jpg
https://www.briston-watches.com/en/product/clubmaster-diver-acetate-17642-sa-td-1-nb/ ||| https://b4s3i6r6.rocketcdn.me/wp-content/uploads/2019/09/clubmaster-diver-acetate-17642-SA-TD-1-NB.jpg ||| /Users/lcchai/Work/assets/official/briston/clubmaster-diver-acetate-17642-SA-TD-1-NB.jpg
https://www.briston-watches.com/en/product/clubmaster-diver-acetate-17642-sa-td-15-nnb/ ||| https://b4s3i6r6.rocketcdn.me/wp-content/uploads/2019/09/clubmaster-diver-acetate-17642-SA-TD-15-NNB.jpg ||| /Users/lcchai/Work/assets/official/briston/clubmaster-diver-acetate-17642-SA-TD-15-NNB.jpg
https://www.briston-watches.com/en/product/clubmaster-diver-brushed-steel-17642-s-d-1-rb/ ||| https://b4s3i6r6.rocketcdn.me/wp-content/uploads/2019/09/clubmaster-diver-steel-17642-S-D-1-RB.jpg ||| /Users/lcchai/Work/assets/official/briston/clubmaster-diver-steel-17642-S-D-1-RB.jpg
https://www.briston-watches.com/en/product/clubmaster-diver-brushed-steel-17642-s-d-15-rnb/ ||| https://b4s3i6r6.rocketcdn.me/wp-content/uploads/2019/09/clubmaster-diver-steel-17642-S-D-15-RNB.jpg ||| /Users/lcchai/Work/assets/official/briston/clubmaster-diver-steel-17642-S-D-15-RNB.jpg
https://www.briston-watches.com/en/product/clubmaster-diver-polished-steel-17642-ps-d-1-lvbr/ ||| https://b4s3i6r6.rocketcdn.me/wp-content/uploads/2020/06/clubmaster-diver-steel-17642-PS-D-1-LVBR.jpg ||| /Users/lcchai/Work/assets/official/briston/clubmaster-diver-steel-17642-PS-D-1-LVBR.jpg
https://www.briston-watches.com/en/product/clubmaster-diver-polished-steel-17642-ps-d-15-lvbr/ ||| https://b4s3i6r6.rocketcdn.me/wp-content/uploads/2020/06/clubmaster-diver-steel-17642-PS-D-15-LVBR.jpg ||| /Users/lcchai/Work/assets/official/briston/clubmaster-diver-steel-17642-PS-D-15-LVBR.jpg
https://www.briston-watches.com/en/product/clubmaster-diver-pro-acetate-20644-pbam-b-34-nby/ ||| https://b4s3i6r6.rocketcdn.me/wp-content/uploads/2020/06/clubmaster-diver-pro-acetate-20644-PBAM-B-34-NBY.jpg ||| /Users/lcchai/Work/assets/official/briston/clubmaster-diver-pro-acetate-20644-PBAM-B-34-NBY.jpg
https://www.briston-watches.com/en/product/clubmaster-diver-pro-acetate-20644-pbam-b-35-nbo/ ||| https://b4s3i6r6.rocketcdn.me/wp-content/uploads/2020/06/clubmaster-diver-pro-acetate-20644-PBAM-B-35-NBO.jpg ||| /Users/lcchai/Work/assets/official/briston/clubmaster-diver-pro-acetate-20644-PBAM-B-35-NBO.jpg
https://www.briston-watches.com/en/product/clubmaster-diver-pro-steel-20644-s-dp-34-rb/ ||| https://b4s3i6r6.rocketcdn.me/wp-content/uploads/2020/06/clubmaster-diver-pro-steel-20644-S-DP-34-RB.jpg ||| /Users/lcchai/Work/assets/official/briston/clubmaster-diver-pro-steel-20644-S-DP-34-RB.jpg
https://www.briston-watches.com/en/product/clubmaster-diver-pro-steel-20644-s-dp-35-rb/ ||| https://b4s3i6r6.rocketcdn.me/wp-content/uploads/2020/06/clubmaster-diver-pro-steel-20644-S-DP-35-RB.jpg ||| /Users/lcchai/Work/assets/official/briston/clubmaster-diver-pro-steel-20644-S-DP-35-RB.jpg
https://www.briston-watches.com/en/product/clubmaster-diver-yachting-acetate-18642-sa-td-10w-nbg/ ||| https://b4s3i6r6.rocketcdn.me/wp-content/uploads/2020/06/clubmaster-diver-acetate-18642-SA-TD-10W-NBG.jpg ||| /Users/lcchai/Work/assets/official/briston/clubmaster-diver-acetate-18642-SA-TD-10W-NBG.jpg
https://www.briston-watches.com/en/product/clubmaster-diver-yachting-acetate-18642-sa-td-9w-nnb/ ||| https://b4s3i6r6.rocketcdn.me/wp-content/uploads/2020/06/clubmaster-diver-yachting-acetate-18642-SA-TD-9W-NNB.jpg ||| /Users/lcchai/Work/assets/official/briston/clubmaster-diver-yachting-acetate-18642-SA-TD-9W-NNB.jpg
https://www.briston-watches.com/en/product/clubmaster-diver-yachting-steel-18642-ps-d-10w-lvc/ ||| https://b4s3i6r6.rocketcdn.me/wp-content/uploads/2019/09/clubmaster-diver-steel-18642-PS-D-10W-LVC.jpg ||| /Users/lcchai/Work/assets/official/briston/clubmaster-diver-steel-18642-PS-D-10W-LVC.jpg
https://www.briston-watches.com/en/product/clubmaster-diver-yachting-steel-18642-ps-d-9w-lvc/ ||| https://b4s3i6r6.rocketcdn.me/wp-content/uploads/2019/09/clubmaster-diver-steel-18642-PS-D-9W-LVC.jpg ||| /Users/lcchai/Work/assets/official/briston/clubmaster-diver-steel-18642-PS-D-9W-LVC.jpg
https://www.briston-watches.com/en/product/clubmaster-gmt-traveler-acetate-19842-sa-t-1-nb/ ||| https://b4s3i6r6.rocketcdn.me/wp-content/uploads/2019/09/clubmaster-gmt-traveler-acetate-19842-SA-T-1-NB.jpg ||| /Users/lcchai/Work/assets/official/briston/clubmaster-gmt-traveler-acetate-19842-SA-T-1-NB.jpg
https://www.briston-watches.com/en/product/clubmaster-gmt-traveler-acetate-19842-sa-t-10-nbg/ ||| https://b4s3i6r6.rocketcdn.me/wp-content/uploads/2019/09/clubmaster-gmt-traveler-acetate-19842-SA-T-10-NBG.jpg ||| /Users/lcchai/Work/assets/official/briston/clubmaster-gmt-traveler-acetate-19842-SA-T-10-NBG.jpg
https://www.briston-watches.com/en/product/clubmaster-gmt-traveler-acetate-19842-sa-t-9-nnb/ ||| https://b4s3i6r6.rocketcdn.me/wp-content/uploads/2019/09/clubmaster-gmt-traveler-acetate-19842-SA-T-9-NNB.jpg ||| /Users/lcchai/Work/assets/official/briston/clubmaster-gmt-traveler-acetate-19842-SA-T-9-NNB.jpg
https://www.briston-watches.com/en/product/clubmaster-gmt-traveler-acetate-19842-sa-t-p-nr/ ||| https://b4s3i6r6.rocketcdn.me/wp-content/uploads/2019/09/clubmaster-gmt-traveler-acetate-19842-SA-T-P-NR.jpg ||| /Users/lcchai/Work/assets/official/briston/clubmaster-gmt-traveler-acetate-19842-SA-T-P-NR.jpg
https://www.briston-watches.com/en/product/clubmaster-gmt-traveler-steel-19842-ps-g-1-nb/ ||| https://b4s3i6r6.rocketcdn.me/wp-content/uploads/2019/09/clubmaster-gmt-traveler-steel-19842-PS-G-1-NB.jpg ||| /Users/lcchai/Work/assets/official/briston/clubmaster-gmt-traveler-steel-19842-PS-G-1-NB.jpg
https://www.briston-watches.com/en/product/clubmaster-gmt-traveler-steel-19842-ps-g-10-nbg/ ||| https://b4s3i6r6.rocketcdn.me/wp-content/uploads/2019/09/clubmaster-gmt-traveler-steel-19842-PS-G-10-NBG.jpg ||| /Users/lcchai/Work/assets/official/briston/clubmaster-gmt-traveler-steel-19842-PS-G-10-NBG.jpg
https://www.briston-watches.com/en/product/clubmaster-gmt-traveler-steel-19842-ps-g-9-nnb/ ||| https://b4s3i6r6.rocketcdn.me/wp-content/uploads/2019/09/clubmaster-gmt-traveler-steel-19842-PS-G-9-NNB.jpg ||| /Users/lcchai/Work/assets/official/briston/clubmaster-gmt-traveler-steel-19842-PS-G-9-NNB.jpg
https://www.briston-watches.com/en/product/clubmaster-gmt-traveler-steel-19842-ps-g-p-nr/ ||| https://b4s3i6r6.rocketcdn.me/wp-content/uploads/2019/09/clubmaster-gmt-traveler-steel-19842-PS-G-P-NR.jpg ||| /Users/lcchai/Work/assets/official/briston/clubmaster-gmt-traveler-steel-19842-PS-G-P-NR.jpg
https://www.briston-watches.com/en/product/clubmaster-iconic-acetate-18640-sa-ti-1-lvc/ ||| https://b4s3i6r6.rocketcdn.me/wp-content/uploads/2019/09/clubmaster-iconic-acetate-18640-SA-TI-1-LVC.jpg ||| /Users/lcchai/Work/assets/official/briston/clubmaster-iconic-acetate-18640-SA-TI-1-LVC.jpg
https://www.briston-watches.com/en/product/clubmaster-iconic-acetate-18640-sa-ti-2-lvbr/ ||| https://b4s3i6r6.rocketcdn.me/wp-content/uploads/2019/09/clubmaster-iconic-acetate-18640-SA-TI-2-LVBR.jpg ||| /Users/lcchai/Work/assets/official/briston/clubmaster-iconic-acetate-18640-SA-TI-2-LVBR.jpg
https://www.briston-watches.com/en/product/clubmaster-iconic-acetate-18740-sa-ti-1-lvc/ ||| https://b4s3i6r6.rocketcdn.me/wp-content/uploads/2019/09/clubmaster-iconic-acetate-18740-SA-TI-1-LVC.jpg ||| /Users/lcchai/Work/assets/official/briston/clubmaster-iconic-acetate-18740-SA-TI-1-LVC.jpg
https://www.briston-watches.com/en/product/clubmaster-iconic-acetate-18740-sa-ti-2-lvbr/ ||| https://b4s3i6r6.rocketcdn.me/wp-content/uploads/2019/09/clubmaster-iconic-acetate-18740-SA-TI-2-LVBR.jpg ||| /Users/lcchai/Work/assets/official/briston/clubmaster-iconic-acetate-18740-SA-TI-2-LVBR.jpg
https://www.briston-watches.com/en/product/clubmaster-iconic-acetate-19740-sa-ti-10-nbg/ ||| https://b4s3i6r6.rocketcdn.me/wp-content/uploads/2019/09/clubmaster-iconic-acetate-19740-SA-TI-10-NBG.jpg ||| /Users/lcchai/Work/assets/official/briston/clubmaster-iconic-acetate-19740-SA-TI-10-NBG.jpg
https://www.briston-watches.com/en/product/clubmaster-iconic-acetate-19740-sa-ti-11-ng/ ||| https://b4s3i6r6.rocketcdn.me/wp-content/uploads/2019/09/clubmaster-iconic-acetate-19740-SA-TI-11-NG.jpg ||| /Users/lcchai/Work/assets/official/briston/clubmaster-iconic-acetate-19740-SA-TI-11-NG.jpg
https://www.briston-watches.com/en/product/clubmaster-iconic-acetate-19740-sa-ti-8-nbdx/ ||| https://b4s3i6r6.rocketcdn.me/wp-content/uploads/2019/09/clubmaster-iconic-acetate-19740-SA-TI-8-NBDX.jpg ||| /Users/lcchai/Work/assets/official/briston/clubmaster-iconic-acetate-19740-SA-TI-8-NBDX.jpg
https://www.briston-watches.com/en/product/clubmaster-iconic-acetate-19740-sa-ti-9-nnb/ ||| https://b4s3i6r6.rocketcdn.me/wp-content/uploads/2019/09/clubmaster-iconic-acetate-19740-SA-TI-9-NNB.jpg ||| /Users/lcchai/Work/assets/official/briston/clubmaster-iconic-acetate-19740-SA-TI-9-NNB.jpg
https://www.briston-watches.com/en/product/clubmaster-iconic-acetate-gold-19640-pra-ti-1-lvch/ ||| https://b4s3i6r6.rocketcdn.me/wp-content/uploads/2019/09/clubmaster-iconic-acetate-19640-PRA-TI-1-LVCH.jpg ||| /Users/lcchai/Work/assets/official/briston/clubmaster-iconic-acetate-19640-PRA-TI-1-LVCH.jpg
https://www.briston-watches.com/en/product/clubmaster-iconic-acetate-gold-19640-pra-ti-2-lvc/ ||| https://b4s3i6r6.rocketcdn.me/wp-content/uploads/2019/09/clubmaster-iconic-acetate-19640-PRA-TI-2-LVC.jpg ||| /Users/lcchai/Work/assets/official/briston/clubmaster-iconic-acetate-19640-PRA-TI-2-LVC.jpg
https://www.briston-watches.com/en/product/clubmaster-iconic-acetate-gold-19740-pra-ti-1-lvch/ ||| https://b4s3i6r6.rocketcdn.me/wp-content/uploads/2019/09/clubmaster-iconic-acetate-19740-PRA-TI-1-LVCH.jpg ||| /Users/lcchai/Work/assets/official/briston/clubmaster-iconic-acetate-19740-PRA-TI-1-LVCH.jpg
https://www.briston-watches.com/en/product/clubmaster-iconic-acetate-gold-19740-pra-ti-11-ng/ ||| https://b4s3i6r6.rocketcdn.me/wp-content/uploads/2019/09/clubmaster-iconic-acetate-19740-PRA-TI-11-NG.jpg ||| /Users/lcchai/Work/assets/official/briston/clubmaster-iconic-acetate-19740-PRA-TI-11-NG.jpg
https://www.briston-watches.com/en/product/clubmaster-iconic-acetate-gold-19740-pra-ti-2-lvc/ ||| https://b4s3i6r6.rocketcdn.me/wp-content/uploads/2019/09/clubmaster-iconic-acetate-19740-PRA-TI-2-LVC.jpg ||| /Users/lcchai/Work/assets/official/briston/clubmaster-iconic-acetate-19740-PRA-TI-2-LVC.jpg
https://www.briston-watches.com/en/product/clubmaster-iconic-acetate-gold-19740-pra-ti-8-nbdx/ ||| https://b4s3i6r6.rocketcdn.me/wp-content/uploads/2019/09/clubmaster-iconic-acetate-19740-PRA-TI-8-NBDX.jpg ||| /Users/lcchai/Work/assets/official/briston/clubmaster-iconic-acetate-19740-PRA-TI-8-NBDX.jpg
https://www.briston-watches.com/en/product/clubmaster-iconic-acetate-gold-19740-pya-ti-10-nbg/ ||| https://b4s3i6r6.rocketcdn.me/wp-content/uploads/2019/09/clubmaster-iconic-acetate-19740-PYA-TI-10-NBG.jpg ||| /Users/lcchai/Work/assets/official/briston/clubmaster-iconic-acetate-19740-PYA-TI-10-NBG.jpg
https://www.briston-watches.com/en/product/clubmaster-iconic-acetate-gold-19740-pya-ti-9-nnb/ ||| https://b4s3i6r6.rocketcdn.me/wp-content/uploads/2019/09/clubmaster-iconic-acetate-19740-PYA-TI-9-NNB.jpg ||| /Users/lcchai/Work/assets/official/briston/clubmaster-iconic-acetate-19740-PYA-TI-9-NNB.jpg
https://www.briston-watches.com/en/product/clubmaster-iconic-steel-18640-ps-i-1-lvch/ ||| https://b4s3i6r6.rocketcdn.me/wp-content/uploads/2019/09/clubmaster-iconic-steel-18640-PS-I-1-LVCH.jpg ||| /Users/lcchai/Work/assets/official/briston/clubmaster-iconic-steel-18640-PS-I-1-LVCH.jpg
https://www.briston-watches.com/en/product/clubmaster-iconic-steel-18640-ps-i-2-lvt/ ||| https://b4s3i6r6.rocketcdn.me/wp-content/uploads/2019/09/clubmaster-iconic-steel-18640-PS-I-2-LVT.jpg ||| /Users/lcchai/Work/assets/official/briston/clubmaster-iconic-steel-18640-PS-I-2-LVT.jpg
https://www.briston-watches.com/en/product/clubmaster-iconic-steel-18740-ps-i-1-lvch/ ||| https://b4s3i6r6.rocketcdn.me/wp-content/uploads/2019/09/clubmaster-iconic-steel-18740-PS-I-1-LVCH.jpg ||| /Users/lcchai/Work/assets/official/briston/clubmaster-iconic-steel-18740-PS-I-1-LVCH.jpg
https://www.briston-watches.com/en/product/clubmaster-iconic-steel-18740-ps-i-2-lvt/ ||| https://b4s3i6r6.rocketcdn.me/wp-content/uploads/2019/09/clubmaster-iconic-steel-18740-PS-I-2-LVT.jpg ||| /Users/lcchai/Work/assets/official/briston/clubmaster-iconic-steel-18740-PS-I-2-LVT.jpg
https://www.briston-watches.com/en/product/clubmaster-iconic-steel-19640-ps-i-10-nbg/ ||| https://b4s3i6r6.rocketcdn.me/wp-content/uploads/2019/09/clubmaster-iconic-steel-19640-PS-I-10-NBG.jpg ||| /Users/lcchai/Work/assets/official/briston/clubmaster-iconic-steel-19640-PS-I-10-NBG.jpg
https://www.briston-watches.com/en/product/clubmaster-iconic-steel-19640-ps-i-11-ng/ ||| https://b4s3i6r6.rocketcdn.me/wp-content/uploads/2019/09/clubmaster-iconic-steel-19640-PS-I-11-NG.jpg ||| /Users/lcchai/Work/assets/official/briston/clubmaster-iconic-steel-19640-PS-I-11-NG.jpg
https://www.briston-watches.com/en/product/clubmaster-iconic-steel-19640-ps-i-8-nbdx/ ||| https://b4s3i6r6.rocketcdn.me/wp-content/uploads/2019/09/clubmaster-iconic-steel-19640-PS-I-8-NBDX.jpg ||| /Users/lcchai/Work/assets/official/briston/clubmaster-iconic-steel-19640-PS-I-8-NBDX.jpg
https://www.briston-watches.com/en/product/clubmaster-iconic-steel-19640-ps-i-9-nnb/ ||| https://b4s3i6r6.rocketcdn.me/wp-content/uploads/2019/09/clubmaster-iconic-steel-19640-PS-I-9-NNB.jpg ||| /Users/lcchai/Work/assets/official/briston/clubmaster-iconic-steel-19640-PS-I-9-NNB.jpg
https://www.briston-watches.com/en/product/clubmaster-lady-acetate-19924-pra-t-1-nb/ ||| https://b4s3i6r6.rocketcdn.me/wp-content/uploads/2019/09/clubmaster-lady-acetate-19924-PRA-T-1-NB.jpg ||| /Users/lcchai/Work/assets/official/briston/clubmaster-lady-acetate-19924-PRA-T-1-NB.jpg
https://www.briston-watches.com/en/product/clubmaster-lady-acetate-19924-sa-t-1-nb/ ||| https://b4s3i6r6.rocketcdn.me/wp-content/uploads/2019/09/clubmaster-lady-acetate-19924-SA-T-1-NB.jpg ||| /Users/lcchai/Work/assets/official/briston/clubmaster-lady-acetate-19924-SA-T-1-NB.jpg
https://www.briston-watches.com/en/product/clubmaster-lady-acetate-19924-sa-t-2-nt/ ||| https://b4s3i6r6.rocketcdn.me/wp-content/uploads/2019/09/clubmaster-lady-acetate-19924-SA-T-2-NT.jpg ||| /Users/lcchai/Work/assets/official/briston/clubmaster-lady-acetate-19924-SA-T-2-NT.jpg
https://www.briston-watches.com/en/product/clubmaster-lady-acetate-21924-sa-t33-nmb/ ||| https://b4s3i6r6.rocketcdn.me/wp-content/uploads/2021/02/Clubmaster-Lady-21924-SA-T-33-NMB.jpg ||| /Users/lcchai/Work/assets/official/briston/Clubmaster-Lady-21924-SA-T-33-NMB.jpg
https://www.briston-watches.com/en/product/clubmaster-lady-acetate-aqua-green-21924-sa-t-29-ngw/ ||| https://b4s3i6r6.rocketcdn.me/wp-content/uploads/2021/02/Clubmaster-Lady-21924-SA-T-29-NGW.jpg ||| /Users/lcchai/Work/assets/official/briston/Clubmaster-Lady-21924-SA-T-29-NGW.jpg
https://www.briston-watches.com/en/product/clubmaster-lady-acetate-cardinal-21924-sa-t-32-nc/ ||| https://b4s3i6r6.rocketcdn.me/wp-content/uploads/2021/02/Clubmaster-Lady-21924-SA-T-32-NC.jpg ||| /Users/lcchai/Work/assets/official/briston/Clubmaster-Lady-21924-SA-T-32-NC.jpg
https://www.briston-watches.com/en/product/clubmaster-lady-acetate-gold-19924-pra-t-2-nt/ ||| https://b4s3i6r6.rocketcdn.me/wp-content/uploads/2019/09/clubmaster-lady-acetate-19924-PRA-T-2-NT.jpg ||| /Users/lcchai/Work/assets/official/briston/clubmaster-lady-acetate-19924-PRA-T-2-NT.jpg
https://www.briston-watches.com/en/product/clubmaster-lady-acetate-green-olive-21924-sa-t-26-nol/ ||| https://b4s3i6r6.rocketcdn.me/wp-content/uploads/2021/02/Clubmaster-Lady-21924-SA-T-26-NOL.jpg ||| /Users/lcchai/Work/assets/official/briston/Clubmaster-Lady-21924-SA-T-26-NOL.jpg
https://www.briston-watches.com/en/product/clubmaster-lady-acetate-ice-blue-21924-sa-t-25-nib/ ||| https://b4s3i6r6.rocketcdn.me/wp-content/uploads/2021/02/Clubmaster-Lady-21924-SA-T-25-NIB.jpg ||| /Users/lcchai/Work/assets/official/briston/Clubmaster-Lady-21924-SA-T-25-NIB.jpg
https://www.briston-watches.com/en/product/clubmaster-lady-acetate-taupe-21924-sa-t-30-nt/ ||| https://b4s3i6r6.rocketcdn.me/wp-content/uploads/2021/02/Clubmaster-Lady-21924-SA-T-30-NT.jpg ||| /Users/lcchai/Work/assets/official/briston/Clubmaster-Lady-21924-SA-T-30-NT.jpg
https://www.briston-watches.com/en/product/clubmaster-lady-steel-19924-s-m-1-nb/ ||| https://b4s3i6r6.rocketcdn.me/wp-content/uploads/2019/09/clubmaster-lady-steel-19924-S-M-1-NB.jpg ||| /Users/lcchai/Work/assets/official/briston/clubmaster-lady-steel-19924-S-M-1-NB.jpg
https://www.briston-watches.com/en/product/clubmaster-lady-steel-19924-s-m-2-nt/ ||| https://b4s3i6r6.rocketcdn.me/wp-content/uploads/2019/09/clubmaster-lady-steel-19924-S-M-2-NT.jpg ||| /Users/lcchai/Work/assets/official/briston/clubmaster-lady-steel-19924-S-M-2-NT.jpg
https://www.briston-watches.com/en/product/clubmaster-lady-steel-gold-19924-sprg-m-1-nb/ ||| https://b4s3i6r6.rocketcdn.me/wp-content/uploads/2019/09/clubmaster-lady-steel-19924-SPRG-M-1-NB.jpg ||| /Users/lcchai/Work/assets/official/briston/clubmaster-lady-steel-19924-SPRG-M-1-NB.jpg
https://www.briston-watches.com/en/product/clubmaster-lady-steel-gold-19924-sprg-m-2-nt/ ||| https://b4s3i6r6.rocketcdn.me/wp-content/uploads/2019/09/clubmaster-lady-steel-19924-SPRG-M-2-NT.jpg ||| /Users/lcchai/Work/assets/official/briston/clubmaster-lady-steel-19924-SPRG-M-2-NT.jpg
https://www.briston-watches.com/en/product/clubmaster-sport-acetate-17141-sa-ts-9-nnb/ ||| https://b4s3i6r6.rocketcdn.me/wp-content/uploads/2019/10/clubmaster-sport-acetate-17142-sa-ts-9-nnb-1.jpg ||| /Users/lcchai/Work/assets/official/briston/clubmaster-sport-acetate-17142-sa-ts-9-nnb-1.jpg
https://www.briston-watches.com/en/product/clubmaster-sport-acetate-17142-sa-ts-1-nk/ ||| https://b4s3i6r6.rocketcdn.me/wp-content/uploads/2019/10/clubmaster-sport-acetate-17142-sa-ts-1-nk-1.jpg ||| /Users/lcchai/Work/assets/official/briston/clubmaster-sport-acetate-17142-sa-ts-1-nk-1.jpg
https://www.briston-watches.com/en/product/clubmaster-sport-acetate-17142-sa-ts-11-ng/ ||| https://b4s3i6r6.rocketcdn.me/wp-content/uploads/2019/10/clubmaster-sport-acetate-17142-sa-ts-11-ng-1.jpg ||| /Users/lcchai/Work/assets/official/briston/clubmaster-sport-acetate-17142-sa-ts-11-ng-1.jpg
https://www.briston-watches.com/en/product/clubmaster-sport-acetate-17142-sa-ts-2-nga/ ||| https://b4s3i6r6.rocketcdn.me/wp-content/uploads/2019/10/clubmaster-sport-acetate-17142-sa-ts-2-nga-1.jpg ||| /Users/lcchai/Work/assets/official/briston/clubmaster-sport-acetate-17142-sa-ts-2-nga-1.jpg
https://www.briston-watches.com/en/product/clubmaster-sport-acetate-17142-sa-ts10-nbg/ ||| https://b4s3i6r6.rocketcdn.me/wp-content/uploads/2019/10/clubmaster-sport-acetate-17142-SA-TS-10-NBG-1.jpg ||| /Users/lcchai/Work/assets/official/briston/clubmaster-sport-acetate-17142-SA-TS-10-NBG-1.jpg
https://www.briston-watches.com/en/product/clubmaster-sport-acetate-18142-pbam-bs-4-nb/ ||| https://b4s3i6r6.rocketcdn.me/wp-content/uploads/2019/10/Clubmaster-Sport-acetate-18142-PBAM-BS-4-NB-1.jpg ||| /Users/lcchai/Work/assets/official/briston/Clubmaster-Sport-acetate-18142-PBAM-BS-4-NB-1.jpg
https://www.briston-watches.com/en/product/clubmaster-sport-acetate-alpine-hunter-18142-pbam-gts-3-ng/ ||| https://b4s3i6r6.rocketcdn.me/wp-content/uploads/2019/10/Clubmaster-Sport-acetate-18142-PBAM-GT-3-NG.jpg ||| /Users/lcchai/Work/assets/official/briston/Clubmaster-Sport-acetate-18142-PBAM-GT-3-NG.jpg
https://www.briston-watches.com/en/product/clubmaster-sport-acetate-jungle-18142-pkam-tjs-19-nj/ ||| https://b4s3i6r6.rocketcdn.me/wp-content/uploads/2019/10/Clubmaster-Sport-acetate-18142-PKAM-TJS-19-NJ-1.jpg ||| /Users/lcchai/Work/assets/official/briston/Clubmaster-Sport-acetate-18142-PKAM-TJS-19-NJ-1.jpg
https://www.briston-watches.com/en/product/clubmaster-sport-acetate-safari-18142-pbam-tss-5-nk/ ||| https://b4s3i6r6.rocketcdn.me/wp-content/uploads/2019/10/Clubmaster-Sport-acetate-18142-PBAM-TSS-5-NK-1.jpg ||| /Users/lcchai/Work/assets/official/briston/Clubmaster-Sport-acetate-18142-PBAM-TSS-5-NK-1.jpg
https://www.briston-watches.com/en/product/clubmaster-sport-black-acetate-17142-sa-bs-1-nb/ ||| https://b4s3i6r6.rocketcdn.me/wp-content/uploads/2019/10/clubmaster-sport-acetate-noir-17142-sa-bs-1-nb.jpg ||| /Users/lcchai/Work/assets/official/briston/clubmaster-sport-acetate-noir-17142-sa-bs-1-nb.jpg
https://www.briston-watches.com/en/product/clubmaster-sport-black-acetate-17142-sa-bs-2-nb/ ||| https://b4s3i6r6.rocketcdn.me/wp-content/uploads/2019/10/clubmaster-sport-acetate-noir-Chrono-blanc.jpg ||| /Users/lcchai/Work/assets/official/briston/clubmaster-sport-acetate-noir-Chrono-blanc.jpg
https://www.briston-watches.com/en/product/clubmaster-sport-gun-steel-18142-spg-sp-12-ng/ ||| https://b4s3i6r6.rocketcdn.me/wp-content/uploads/2019/10/Clubmaster-sport-steel-18142-SPG-SP-12-NG-1.jpg ||| /Users/lcchai/Work/assets/official/briston/Clubmaster-sport-steel-18142-SPG-SP-12-NG-1.jpg
https://www.briston-watches.com/en/product/clubmaster-sport-khaki-steel-18142-spk-sp-5-nk/ ||| https://b4s3i6r6.rocketcdn.me/wp-content/uploads/2019/11/Clubmaster-sport-steel-18142-SPK-SP-5-NK.jpg ||| /Users/lcchai/Work/assets/official/briston/Clubmaster-sport-steel-18142-SPK-SP-5-NK.jpg
https://www.briston-watches.com/en/product/clubmaster-traveler-worldtime-acetate-20842-sa-tw-1-nb/ ||| https://b4s3i6r6.rocketcdn.me/wp-content/uploads/2020/04/clubmaster-traveler-worldtime-acetate-20842-SA-TW-1-NB.jpg ||| /Users/lcchai/Work/assets/official/briston/clubmaster-traveler-worldtime-acetate-20842-SA-TW-1-NB.jpg
https://www.briston-watches.com/en/product/clubmaster-traveler-worldtime-acetate-20842-sa-tw-10-nbg/ ||| https://b4s3i6r6.rocketcdn.me/wp-content/uploads/2020/04/clubmaster-traveler-worldtime-acetate-20842-SA-TW-10-NBG.jpg ||| /Users/lcchai/Work/assets/official/briston/clubmaster-traveler-worldtime-acetate-20842-SA-TW-10-NBG.jpg
https://www.briston-watches.com/en/product/clubmaster-traveler-worldtime-acetate-20842-sa-tw-9-nnb/ ||| https://b4s3i6r6.rocketcdn.me/wp-content/uploads/2020/04/clubmaster-traveler-worldtime-acetate-20842-SA-TW-9-NNB.jpg ||| /Users/lcchai/Work/assets/official/briston/clubmaster-traveler-worldtime-acetate-20842-SA-TW-9-NNB.jpg
https://www.briston-watches.com/en/product/clubmaster-traveler-worldtime-acetate-20842-sa-tw-r-nr/ ||| https://b4s3i6r6.rocketcdn.me/wp-content/uploads/2020/04/clubmaster-traveler-worldtime-acetate-20842-SA-TW-P-NR.jpg ||| /Users/lcchai/Work/assets/official/briston/clubmaster-traveler-worldtime-acetate-20842-SA-TW-P-NR.jpg
https://www.briston-watches.com/en/product/clubmaster-traveler-worldtime-steel-20842-ps-w-1-nb/ ||| https://b4s3i6r6.rocketcdn.me/wp-content/uploads/2020/04/clubmaster-traveler-worldtime-steel-20842-PS-W-1-NB.jpg ||| /Users/lcchai/Work/assets/official/briston/clubmaster-traveler-worldtime-steel-20842-PS-W-1-NB.jpg
https://www.briston-watches.com/en/product/clubmaster-traveler-worldtime-steel-20842-ps-w-10-nbg/ ||| https://b4s3i6r6.rocketcdn.me/wp-content/uploads/2020/04/clubmaster-traveler-worldtime-steel-20842-PS-W-10-NBG.jpg ||| /Users/lcchai/Work/assets/official/briston/clubmaster-traveler-worldtime-steel-20842-PS-W-10-NBG.jpg
https://www.briston-watches.com/en/product/clubmaster-traveler-worldtime-steel-20842-ps-w-9-nnb/ ||| https://b4s3i6r6.rocketcdn.me/wp-content/uploads/2020/04/clubmaster-traveler-worldtime-steel-20842-PS-W-9-NNB.jpg ||| /Users/lcchai/Work/assets/official/briston/clubmaster-traveler-worldtime-steel-20842-PS-W-9-NNB.jpg
https://www.briston-watches.com/en/product/clubmaster-traveler-worldtime-steel-20842-ps-w-p-nr/ ||| https://b4s3i6r6.rocketcdn.me/wp-content/uploads/2020/04/Clubmaster-traveler-worldtime-steel-20842-PS-W-P-NR-1.jpg ||| /Users/lcchai/Work/assets/official/briston/Clubmaster-traveler-worldtime-steel-20842-PS-W-P-NR-1.jpg
https://www.briston-watches.com/en/product/clubmaster-vintage-acetate-17440-sa-tv_16-nbg/ ||| https://b4s3i6r6.rocketcdn.me/wp-content/uploads/2020/01/photo-clubmaster-vintage-tortoise-HMPS-green.jpg ||| /Users/lcchai/Work/assets/official/briston/photo-clubmaster-vintage-tortoise-HMPS-green.jpg
https://www.briston-watches.com/en/product/clubmaster-vintage-steel-16140-s-v-1-lfb/ ||| https://b4s3i6r6.rocketcdn.me/wp-content/uploads/2020/01/briston-clubmaster-vintage-steel-chrono-black.jpg ||| /Users/lcchai/Work/assets/official/briston/briston-clubmaster-vintage-steel-chrono-black.jpg
https://www.briston-watches.com/en/product/clubmaster-vintage-steel-17140-ps-v-16-nbg/ ||| https://b4s3i6r6.rocketcdn.me/wp-content/uploads/2020/01/photo-clubmaster-vintage-steel-chrono-green-dial.jpg ||| /Users/lcchai/Work/assets/official/briston/photo-clubmaster-vintage-steel-chrono-green-dial.jpg
https://www.briston-watches.com/en/product/clubmaster-vintage-steel-17440-ps-v-1-nb/ ||| https://b4s3i6r6.rocketcdn.me/wp-content/uploads/2020/01/photo-clubmaster-vintage-steel-HMPS-black.jpg ||| /Users/lcchai/Work/assets/official/briston/photo-clubmaster-vintage-steel-HMPS-black.jpg
https://www.briston-watches.com/en/product/clubmaster-vintage-steel-17440-ps-v-15-nnb/ ||| https://b4s3i6r6.rocketcdn.me/wp-content/uploads/2020/01/photo-clubmaster-vintage-steel-HMPS-blue.jpg ||| /Users/lcchai/Work/assets/official/briston/photo-clubmaster-vintage-steel-HMPS-blue.jpg
https://www.briston-watches.com/en/product/clubmaster-vintage-steel-17440-ps-v-16-nbg/ ||| https://b4s3i6r6.rocketcdn.me/wp-content/uploads/2020/01/photo-clubmaster-vintage-steel-HMPS-green.jpg ||| /Users/lcchai/Work/assets/official/briston/photo-clubmaster-vintage-steel-HMPS-green.jpg
https://www.briston-watches.com/en/product/clubmaster-vintage-steel-17440-ps-v-17-ng/ ||| https://b4s3i6r6.rocketcdn.me/wp-content/uploads/2020/01/photo-clubmaster-vintage-steel-HMPS-grey.jpg ||| /Users/lcchai/Work/assets/official/briston/photo-clubmaster-vintage-steel-HMPS-grey.jpg
https://www.briston-watches.com/en/product/streamliner-skeleton-acetate-201042-sa-bl-1-ch/ ||| https://b4s3i6r6.rocketcdn.me/wp-content/uploads/2020/08/Streamliner-skeleton-acetate-201042-SA-BL-1-CH.jpg ||| /Users/lcchai/Work/assets/official/briston/Streamliner-skeleton-acetate-201042-SA-BL-1-CH.jpg
https://www.briston-watches.com/en/product/streamliner-skeleton-acetate-201042-sa-bl-2-b/ ||| https://b4s3i6r6.rocketcdn.me/wp-content/uploads/2020/08/Streamliner-skeleton-acetate-201042-SA-BL-2-B.jpg ||| /Users/lcchai/Work/assets/official/briston/Streamliner-skeleton-acetate-201042-SA-BL-2-B.jpg
https://www.briston-watches.com/en/product/streamliner-skeleton-acetate-201042-sa-br-1-c/ ||| https://b4s3i6r6.rocketcdn.me/wp-content/uploads/2020/08/Streamliner-skeleton-acetate-201042-SA-BR-1-C.jpg ||| /Users/lcchai/Work/assets/official/briston/Streamliner-skeleton-acetate-201042-SA-BR-1-C.jpg
https://www.briston-watches.com/en/product/streamliner-skeleton-acetate-201042-sa-br-2-br/ ||| https://b4s3i6r6.rocketcdn.me/wp-content/uploads/2020/08/Streamliner-skeleton-acetate-201042-SA-BR-2-BR.jpg ||| /Users/lcchai/Work/assets/official/briston/Streamliner-skeleton-acetate-201042-SA-BR-2-BR.jpg
https://www.briston-watches.com/en/product/streamliner-skeleton-acetate-201042-sa-g-1-ch/ ||| https://b4s3i6r6.rocketcdn.me/wp-content/uploads/2020/08/Streamliner-skeleton-acetate-201042-SA-G-1-CH.jpg ||| /Users/lcchai/Work/assets/official/briston/Streamliner-skeleton-acetate-201042-SA-G-1-CH.jpg
https://www.briston-watches.com/en/product/streamliner-skeleton-acetate-201042-sa-g-2-b/ ||| https://b4s3i6r6.rocketcdn.me/wp-content/uploads/2020/08/Streamliner-skeleton-acetate-201042-SA-G-2-B.jpg ||| /Users/lcchai/Work/assets/official/briston/Streamliner-skeleton-acetate-201042-SA-G-2-B.jpg
https://www.briston-watches.com/en/product/streamliner-skeleton-steel-201042-s-sk-1-ch/ ||| https://b4s3i6r6.rocketcdn.me/wp-content/uploads/2020/08/Streamliner-skeleton-steel-201042-S-SK-1-CH.jpg ||| /Users/lcchai/Work/assets/official/briston/Streamliner-skeleton-steel-201042-S-SK-1-CH.jpg
https://www.briston-watches.com/en/product/streamliner-skeleton-steel-201042-s-sk-2-c/ ||| https://b4s3i6r6.rocketcdn.me/wp-content/uploads/2020/08/Streamliner-skeleton-steel-201042-S-SK-2-C.jpg ||| /Users/lcchai/Work/assets/official/briston/Streamliner-skeleton-steel-201042-S-SK-2-C.jpg
https://www.briston-watches.com/en/product/streamliner-skeleton-steel-gold-201042-sprg-sk-2-c/ ||| https://b4s3i6r6.rocketcdn.me/wp-content/uploads/2020/08/Streamliner-skeleton-steel-gold-201042-SPRG-SK-2-C.jpg ||| /Users/lcchai/Work/assets/official/briston/Streamliner-skeleton-steel-gold-201042-SPRG-SK-2-C.jpg
https://www.briston-watches.com/en/product/streamliner-skeleton-steel-gold/ ||| https://b4s3i6r6.rocketcdn.me/wp-content/uploads/2020/08/Streamliner-skeleton-steel-gold-201042-SPRG-SK-1-CH.jpg ||| /Users/lcchai/Work/assets/official/briston/Streamliner-skeleton-steel-gold-201042-SPRG-SK-1-CH.jpg
