https://intl.bulova.com/products/76a019 ||| http://cdn.shopify.com/s/files/1/1128/6670/products/96B350_grande.png ||| /Users/lcchai/Work/assets/official/bulova/96B350_grande.png
https://intl.bulova.com/products/76a021 ||| http://cdn.shopify.com/s/files/1/1128/6670/products/76a021_grande.png ||| /Users/lcchai/Work/assets/official/bulova/76a021_grande.png
https://intl.bulova.com/products/76a04 ||| http://cdn.shopify.com/s/files/1/1128/6670/products/76a04_grande.png ||| /Users/lcchai/Work/assets/official/bulova/76a04_grande.png
https://intl.bulova.com/products/76a11 ||| http://cdn.shopify.com/s/files/1/1128/6670/products/76a11_grande.png ||| /Users/lcchai/Work/assets/official/bulova/76a11_grande.png
https://intl.bulova.com/products/76a12 ||| http://cdn.shopify.com/s/files/1/1128/6670/products/76a12_grande.png ||| /Users/lcchai/Work/assets/official/bulova/76a12_grande.png
https://intl.bulova.com/products/76a134 ||| http://cdn.shopify.com/s/files/1/1128/6670/products/76a134_grande.png ||| /Users/lcchai/Work/assets/official/bulova/76a134_grande.png
https://intl.bulova.com/products/76a155 ||| http://cdn.shopify.com/s/files/1/1128/6670/products/76a155_grande.png ||| /Users/lcchai/Work/assets/official/bulova/76a155_grande.png
https://intl.bulova.com/products/76a156 ||| http://cdn.shopify.com/s/files/1/1128/6670/products/76a156_grande.png ||| /Users/lcchai/Work/assets/official/bulova/76a156_grande.png
https://intl.bulova.com/products/76a157 ||| http://cdn.shopify.com/s/files/1/1128/6670/products/76a157_grande.png ||| /Users/lcchai/Work/assets/official/bulova/76a157_grande.png
https://intl.bulova.com/products/76a158 ||| http://cdn.shopify.com/s/files/1/1128/6670/products/76a158_grande.png ||| /Users/lcchai/Work/assets/official/bulova/76a158_grande.png
https://intl.bulova.com/products/76a159 ||| http://cdn.shopify.com/s/files/1/1128/6670/products/76a159_grande.png ||| /Users/lcchai/Work/assets/official/bulova/76a159_grande.png
https://intl.bulova.com/products/76a160 ||| http://cdn.shopify.com/s/files/1/1128/6670/products/76a160_grande.png ||| /Users/lcchai/Work/assets/official/bulova/76a160_grande.png
https://intl.bulova.com/products/76a161 ||| http://cdn.shopify.com/s/files/1/1128/6670/products/76A161_e9bdf6e1-7af4-4dbf-a715-9246d4b0ce32_grande.png ||| /Users/lcchai/Work/assets/official/bulova/76A161_e9bdf6e1-7af4-4dbf-a715-9246d4b0ce32_grande.png
https://intl.bulova.com/products/76a162 ||| http://cdn.shopify.com/s/files/1/1128/6670/products/76A162_5f40119b-3de1-435f-95c0-65e1514f661e_grande.png ||| /Users/lcchai/Work/assets/official/bulova/76A162_5f40119b-3de1-435f-95c0-65e1514f661e_grande.png
https://intl.bulova.com/products/76a163 ||| http://cdn.shopify.com/s/files/1/1128/6670/products/76A163_93bc8dc4-271e-47e1-b87b-5b23a8edc5f2_grande.png ||| /Users/lcchai/Work/assets/official/bulova/76A163_93bc8dc4-271e-47e1-b87b-5b23a8edc5f2_grande.png
https://intl.bulova.com/products/76a164 ||| http://cdn.shopify.com/s/files/1/1128/6670/products/76A164_2dfa6f84-5038-4f58-8960-b0410f1679e0_grande.png ||| /Users/lcchai/Work/assets/official/bulova/76A164_2dfa6f84-5038-4f58-8960-b0410f1679e0_grande.png
https://intl.bulova.com/products/76a165 ||| http://cdn.shopify.com/s/files/1/1128/6670/products/76A165_046cc2b6-9ed2-4983-b4e4-ef27615aa7d6_grande.png ||| /Users/lcchai/Work/assets/official/bulova/76A165_046cc2b6-9ed2-4983-b4e4-ef27615aa7d6_grande.png
https://intl.bulova.com/products/76a166 ||| http://cdn.shopify.com/s/files/1/1128/6670/products/76A166_93154870-2cf4-4986-ad12-627d5cab1969_grande.png ||| /Users/lcchai/Work/assets/official/bulova/76A166_93154870-2cf4-4986-ad12-627d5cab1969_grande.png
https://intl.bulova.com/products/76a167 ||| http://cdn.shopify.com/s/files/1/1128/6670/products/76A167_04e327f7-f701-40de-ad1c-a07b9df96545_grande.png ||| /Users/lcchai/Work/assets/official/bulova/76A167_04e327f7-f701-40de-ad1c-a07b9df96545_grande.png
https://intl.bulova.com/products/76b163 ||| http://cdn.shopify.com/s/files/1/1128/6670/products/76b163_grande.png ||| /Users/lcchai/Work/assets/official/bulova/76b163_grande.png
https://intl.bulova.com/products/76b169 ||| http://cdn.shopify.com/s/files/1/1128/6670/products/76b169_grande.png ||| /Users/lcchai/Work/assets/official/bulova/76b169_grande.png
https://intl.bulova.com/products/76b178 ||| http://cdn.shopify.com/s/files/1/1128/6670/products/76b178_grande.png ||| /Users/lcchai/Work/assets/official/bulova/76b178_grande.png
https://intl.bulova.com/products/76b180 ||| http://cdn.shopify.com/s/files/1/1128/6670/products/76b180_grande.png ||| /Users/lcchai/Work/assets/official/bulova/76b180_grande.png
https://intl.bulova.com/products/76b182 ||| http://cdn.shopify.com/s/files/1/1128/6670/products/76B182_d4131470-f7a5-4870-ab04-333449c7c14a_grande.png ||| /Users/lcchai/Work/assets/official/bulova/76B182_d4131470-f7a5-4870-ab04-333449c7c14a_grande.png
https://intl.bulova.com/products/76b185 ||| http://cdn.shopify.com/s/files/1/1128/6670/products/76B185_7d04327f-446e-4c0e-9f0e-6eabe3878b68_grande.png ||| /Users/lcchai/Work/assets/official/bulova/76B185_7d04327f-446e-4c0e-9f0e-6eabe3878b68_grande.png
https://intl.bulova.com/products/76b186 ||| http://cdn.shopify.com/s/files/1/1128/6670/products/76B186_4b73be82-1654-41c1-bda2-d86e86ff6fd8_grande.png ||| /Users/lcchai/Work/assets/official/bulova/76B186_4b73be82-1654-41c1-bda2-d86e86ff6fd8_grande.png
https://intl.bulova.com/products/76b190 ||| http://cdn.shopify.com/s/files/1/1128/6670/products/76B190_be340f11-d8ee-498b-b973-8d9ce14eb735_grande.png ||| /Users/lcchai/Work/assets/official/bulova/76B190_be340f11-d8ee-498b-b973-8d9ce14eb735_grande.png
https://intl.bulova.com/products/76l10 ||| http://cdn.shopify.com/s/files/1/1128/6670/products/76l10_grande.png ||| /Users/lcchai/Work/assets/official/bulova/76l10_grande.png
https://intl.bulova.com/products/76l145 ||| http://cdn.shopify.com/s/files/1/1128/6670/products/76l145_grande.png ||| /Users/lcchai/Work/assets/official/bulova/76l145_grande.png
https://intl.bulova.com/products/76l182 ||| http://cdn.shopify.com/s/files/1/1128/6670/products/76l182_grande.png ||| /Users/lcchai/Work/assets/official/bulova/76l182_grande.png
https://intl.bulova.com/products/76l187 ||| http://cdn.shopify.com/s/files/1/1128/6670/products/76l187_grande.png ||| /Users/lcchai/Work/assets/official/bulova/76l187_grande.png
https://intl.bulova.com/products/76l188 ||| http://cdn.shopify.com/s/files/1/1128/6670/products/76l188_grande.png ||| /Users/lcchai/Work/assets/official/bulova/76l188_grande.png
https://intl.bulova.com/products/76l191 ||| http://cdn.shopify.com/s/files/1/1128/6670/products/76L191_d33663a2-9e6a-4fd1-8b7d-d933df364185_grande.png ||| /Users/lcchai/Work/assets/official/bulova/76L191_d33663a2-9e6a-4fd1-8b7d-d933df364185_grande.png
https://intl.bulova.com/products/76l192 ||| http://cdn.shopify.com/s/files/1/1128/6670/products/76L192_a29df428-d6d7-4c47-9636-13836e23ec0c_grande.png ||| /Users/lcchai/Work/assets/official/bulova/76L192_a29df428-d6d7-4c47-9636-13836e23ec0c_grande.png
https://intl.bulova.com/products/76l194 ||| http://cdn.shopify.com/s/files/1/1128/6670/products/76L194_bcd54b5a-3062-403b-8631-e3f376ba899d_grande.png ||| /Users/lcchai/Work/assets/official/bulova/76L194_bcd54b5a-3062-403b-8631-e3f376ba899d_grande.png
https://intl.bulova.com/products/76n102 ||| http://cdn.shopify.com/s/files/1/1128/6670/products/76n102_grande.png ||| /Users/lcchai/Work/assets/official/bulova/76n102_grande.png
https://intl.bulova.com/products/76p102 ||| http://cdn.shopify.com/s/files/1/1128/6670/products/76P102_1974f2dd-c88b-48dc-bfa3-684f4ca84fca_grande.png ||| /Users/lcchai/Work/assets/official/bulova/76P102_1974f2dd-c88b-48dc-bfa3-684f4ca84fca_grande.png
https://intl.bulova.com/products/77l108 ||| http://cdn.shopify.com/s/files/1/1128/6670/products/77l108_grande.png ||| /Users/lcchai/Work/assets/official/bulova/77l108_grande.png
https://intl.bulova.com/products/77l109 ||| http://cdn.shopify.com/s/files/1/1128/6670/products/77L109_0677f5d7-bec1-4880-bbda-bfdb07ecbdbe_grande.png ||| /Users/lcchai/Work/assets/official/bulova/77L109_0677f5d7-bec1-4880-bbda-bfdb07ecbdbe_grande.png
https://intl.bulova.com/products/77m103 ||| http://cdn.shopify.com/s/files/1/1128/6670/products/77m103_grande.png ||| /Users/lcchai/Work/assets/official/bulova/77m103_grande.png
https://intl.bulova.com/products/77p100 ||| http://cdn.shopify.com/s/files/1/1128/6670/products/77P100_e21a9b52-ebea-48a5-bd00-208ff4d4111b_grande.png ||| /Users/lcchai/Work/assets/official/bulova/77P100_e21a9b52-ebea-48a5-bd00-208ff4d4111b_grande.png
https://intl.bulova.com/products/78a114 ||| http://cdn.shopify.com/s/files/1/1128/6670/products/78a114_grande.png ||| /Users/lcchai/Work/assets/official/bulova/78a114_grande.png
https://intl.bulova.com/products/78a116 ||| http://cdn.shopify.com/s/files/1/1128/6670/products/78a116_grande.png ||| /Users/lcchai/Work/assets/official/bulova/78a116_grande.png
https://intl.bulova.com/products/78a118 ||| http://cdn.shopify.com/s/files/1/1128/6670/products/78a118_grande.png ||| /Users/lcchai/Work/assets/official/bulova/78a118_grande.png
https://intl.bulova.com/products/78a119 ||| http://cdn.shopify.com/s/files/1/1128/6670/products/78a119_grande.png ||| /Users/lcchai/Work/assets/official/bulova/78a119_grande.png
https://intl.bulova.com/products/78a121 ||| http://cdn.shopify.com/s/files/1/1128/6670/products/78A121_124c77fe-9baa-41ca-a1a1-4366dc5b80fc_grande.png ||| /Users/lcchai/Work/assets/official/bulova/78A121_124c77fe-9baa-41ca-a1a1-4366dc5b80fc_grande.png
https://intl.bulova.com/products/78a122 ||| http://cdn.shopify.com/s/files/1/1128/6670/products/78A122_d91d4afc-7a9f-4f9e-a07c-f186b485b20a_grande.png ||| /Users/lcchai/Work/assets/official/bulova/78A122_d91d4afc-7a9f-4f9e-a07c-f186b485b20a_grande.png
https://intl.bulova.com/products/78a123 ||| http://cdn.shopify.com/s/files/1/1128/6670/products/78A123_ba7cb68b-0bec-461b-96ff-019739629415_grande.png ||| /Users/lcchai/Work/assets/official/bulova/78A123_ba7cb68b-0bec-461b-96ff-019739629415_grande.png
https://intl.bulova.com/products/78a126 ||| http://cdn.shopify.com/s/files/1/1128/6670/products/78A126_dbca98e6-e85d-446b-b224-07649d127281_grande.png ||| /Users/lcchai/Work/assets/official/bulova/78A126_dbca98e6-e85d-446b-b224-07649d127281_grande.png
https://intl.bulova.com/products/78b113 ||| http://cdn.shopify.com/s/files/1/1128/6670/products/78b113_grande.png ||| /Users/lcchai/Work/assets/official/bulova/78b113_grande.png
https://intl.bulova.com/products/78b131 ||| http://cdn.shopify.com/s/files/1/1128/6670/products/78b131_grande.png ||| /Users/lcchai/Work/assets/official/bulova/78b131_grande.png
https://intl.bulova.com/products/78b148 ||| http://cdn.shopify.com/s/files/1/1128/6670/products/78b148_grande.png ||| /Users/lcchai/Work/assets/official/bulova/78b148_grande.png
https://intl.bulova.com/products/78b153 ||| http://cdn.shopify.com/s/files/1/1128/6670/products/78B153_59e557b6-2538-4a3c-adc5-e5da231bd964_grande.png ||| /Users/lcchai/Work/assets/official/bulova/78B153_59e557b6-2538-4a3c-adc5-e5da231bd964_grande.png
https://intl.bulova.com/products/78b154 ||| http://cdn.shopify.com/s/files/1/1128/6670/products/78B154_bab078ed-6758-4060-8177-c97151fcb105_grande.png ||| /Users/lcchai/Work/assets/official/bulova/78B154_bab078ed-6758-4060-8177-c97151fcb105_grande.png
https://intl.bulova.com/products/78b157 ||| http://cdn.shopify.com/s/files/1/1128/6670/products/78B157_8907bced-8e2a-4350-bbbb-f37800d70a8c_grande.png ||| /Users/lcchai/Work/assets/official/bulova/78B157_8907bced-8e2a-4350-bbbb-f37800d70a8c_grande.png
https://intl.bulova.com/products/78b182 ||| http://cdn.shopify.com/s/files/1/1128/6670/products/78B182_7f87555d-49a6-413f-80f8-3fe609395c9f_grande.png ||| /Users/lcchai/Work/assets/official/bulova/78B182_7f87555d-49a6-413f-80f8-3fe609395c9f_grande.png
https://intl.bulova.com/products/78l126 ||| http://cdn.shopify.com/s/files/1/1128/6670/products/78l126_grande.png ||| /Users/lcchai/Work/assets/official/bulova/78l126_grande.png
https://intl.bulova.com/products/78l128 ||| http://cdn.shopify.com/s/files/1/1128/6670/products/78l128_grande.png ||| /Users/lcchai/Work/assets/official/bulova/78l128_grande.png
https://intl.bulova.com/products/78l129 ||| http://cdn.shopify.com/s/files/1/1128/6670/products/78L129_45e779c3-22a9-476a-bf55-c833cea2fefa_grande.png ||| /Users/lcchai/Work/assets/official/bulova/78L129_45e779c3-22a9-476a-bf55-c833cea2fefa_grande.png
https://intl.bulova.com/products/78m103 ||| http://cdn.shopify.com/s/files/1/1128/6670/products/78m103_grande.png ||| /Users/lcchai/Work/assets/official/bulova/78m103_grande.png
https://intl.bulova.com/products/78n102 ||| http://cdn.shopify.com/s/files/1/1128/6670/products/78n102_grande.png ||| /Users/lcchai/Work/assets/official/bulova/78n102_grande.png
https://intl.bulova.com/products/78p101 ||| http://cdn.shopify.com/s/files/1/1128/6670/products/78p101_grande.png ||| /Users/lcchai/Work/assets/official/bulova/78p101_grande.png
https://intl.bulova.com/products/78p102 ||| http://cdn.shopify.com/s/files/1/1128/6670/products/78P102_3ed0b2da-4abd-4a42-b671-b0fd7bb05b9b_grande.png ||| /Users/lcchai/Work/assets/official/bulova/78P102_3ed0b2da-4abd-4a42-b671-b0fd7bb05b9b_grande.png
https://intl.bulova.com/products/96a120 ||| http://cdn.shopify.com/s/files/1/1128/6670/products/96a120_grande.png ||| /Users/lcchai/Work/assets/official/bulova/96a120_grande.png
https://intl.bulova.com/products/96a133 ||| http://cdn.shopify.com/s/files/1/1128/6670/products/96a133_grande.png ||| /Users/lcchai/Work/assets/official/bulova/96a133_grande.png
https://intl.bulova.com/products/96a135 ||| http://cdn.shopify.com/s/files/1/1128/6670/products/96a135_grande.png ||| /Users/lcchai/Work/assets/official/bulova/96a135_grande.png
https://intl.bulova.com/products/96a164 ||| http://cdn.shopify.com/s/files/1/1128/6670/products/96a164_grande.png ||| /Users/lcchai/Work/assets/official/bulova/96a164_grande.png
https://intl.bulova.com/products/96a169 ||| http://cdn.shopify.com/s/files/1/1128/6670/products/96a169_grande.png ||| /Users/lcchai/Work/assets/official/bulova/96a169_grande.png
https://intl.bulova.com/products/96a184 ||| http://cdn.shopify.com/s/files/1/1128/6670/products/96a184_grande.png ||| /Users/lcchai/Work/assets/official/bulova/96a184_grande.png
https://intl.bulova.com/products/96a186 ||| http://cdn.shopify.com/s/files/1/1128/6670/products/96a186_grande.png ||| /Users/lcchai/Work/assets/official/bulova/96a186_grande.png
https://intl.bulova.com/products/96a187 ||| http://cdn.shopify.com/s/files/1/1128/6670/products/96a187_grande.png ||| /Users/lcchai/Work/assets/official/bulova/96a187_grande.png
https://intl.bulova.com/products/96a199 ||| http://cdn.shopify.com/s/files/1/1128/6670/products/96a199_grande.png ||| /Users/lcchai/Work/assets/official/bulova/96a199_grande.png
https://intl.bulova.com/products/96a204 ||| http://cdn.shopify.com/s/files/1/1128/6670/products/96a204_grande.png ||| /Users/lcchai/Work/assets/official/bulova/96a204_grande.png
https://intl.bulova.com/products/96a205 ||| http://cdn.shopify.com/s/files/1/1128/6670/products/96a205_grande.png ||| /Users/lcchai/Work/assets/official/bulova/96a205_grande.png
https://intl.bulova.com/products/96a206 ||| http://cdn.shopify.com/s/files/1/1128/6670/products/96a206_grande.png ||| /Users/lcchai/Work/assets/official/bulova/96a206_grande.png
https://intl.bulova.com/products/96a207 ||| http://cdn.shopify.com/s/files/1/1128/6670/products/96a207_grande.png ||| /Users/lcchai/Work/assets/official/bulova/96a207_grande.png
https://intl.bulova.com/products/96a208 ||| http://cdn.shopify.com/s/files/1/1128/6670/products/96a208_grande.png ||| /Users/lcchai/Work/assets/official/bulova/96a208_grande.png
https://intl.bulova.com/products/96a223 ||| http://cdn.shopify.com/s/files/1/1128/6670/products/96A223_4970115e-9705-453a-b7c4-715b006ced2c_grande.png ||| /Users/lcchai/Work/assets/official/bulova/96A223_4970115e-9705-453a-b7c4-715b006ced2c_grande.png
https://intl.bulova.com/products/96a225 ||| http://cdn.shopify.com/s/files/1/1128/6670/products/96a225_grande.png ||| /Users/lcchai/Work/assets/official/bulova/96a225_grande.png
https://intl.bulova.com/products/96a226 ||| http://cdn.shopify.com/s/files/1/1128/6670/products/96a226_grande.png ||| /Users/lcchai/Work/assets/official/bulova/96a226_grande.png
https://intl.bulova.com/products/96a227 ||| http://cdn.shopify.com/s/files/1/1128/6670/products/96a227_grande.png ||| /Users/lcchai/Work/assets/official/bulova/96a227_grande.png
https://intl.bulova.com/products/96a232 ||| http://cdn.shopify.com/s/files/1/1128/6670/products/96a232_2ada81a7-fa4d-411e-b1f6-644ee5d471ce_grande.png ||| /Users/lcchai/Work/assets/official/bulova/96a232_2ada81a7-fa4d-411e-b1f6-644ee5d471ce_grande.png
https://intl.bulova.com/products/96a233 ||| http://cdn.shopify.com/s/files/1/1128/6670/products/96a233_217efe62-32ae-447a-9cee-68729cbb01d9_grande.png ||| /Users/lcchai/Work/assets/official/bulova/96a233_217efe62-32ae-447a-9cee-68729cbb01d9_grande.png
https://intl.bulova.com/products/96a234 ||| http://cdn.shopify.com/s/files/1/1128/6670/products/96a234_grande.png ||| /Users/lcchai/Work/assets/official/bulova/96a234_grande.png
https://intl.bulova.com/products/96a235 ||| http://cdn.shopify.com/s/files/1/1128/6670/products/96a235_grande.png ||| /Users/lcchai/Work/assets/official/bulova/96a235_grande.png
https://intl.bulova.com/products/96a236 ||| http://cdn.shopify.com/s/files/1/1128/6670/products/96a236_grande.png ||| /Users/lcchai/Work/assets/official/bulova/96a236_grande.png
https://intl.bulova.com/products/96a247 ||| http://cdn.shopify.com/s/files/1/1128/6670/products/AmericanClipper_c98d80dd-8fa2-4e59-8876-bc586b2f342c_grande.png ||| /Users/lcchai/Work/assets/official/bulova/AmericanClipper_c98d80dd-8fa2-4e59-8876-bc586b2f342c_grande.png
https://intl.bulova.com/products/96a248 ||| http://cdn.shopify.com/s/files/1/1128/6670/products/96A248_fa56c634-2c27-48c0-92db-0b4f1258aaed_grande.png ||| /Users/lcchai/Work/assets/official/bulova/96A248_fa56c634-2c27-48c0-92db-0b4f1258aaed_grande.png
https://intl.bulova.com/products/96a258 ||| http://cdn.shopify.com/s/files/1/1128/6670/products/96A258_894d6390-9efd-4932-811f-c0a9122d1474_grande.png ||| /Users/lcchai/Work/assets/official/bulova/96A258_894d6390-9efd-4932-811f-c0a9122d1474_grande.png
https://intl.bulova.com/products/96a259 ||| http://cdn.shopify.com/s/files/1/1128/6670/products/96A259_77f8f074-b5db-4b1a-a6e1-9fffe85e0c54_grande.png ||| /Users/lcchai/Work/assets/official/bulova/96A259_77f8f074-b5db-4b1a-a6e1-9fffe85e0c54_grande.png
https://intl.bulova.com/products/96b015 ||| http://cdn.shopify.com/s/files/1/1128/6670/products/96b015_grande.png ||| /Users/lcchai/Work/assets/official/bulova/96b015_grande.png
https://intl.bulova.com/products/96b104 ||| http://cdn.shopify.com/s/files/1/1128/6670/products/96b104_grande.png ||| /Users/lcchai/Work/assets/official/bulova/96b104_grande.png
https://intl.bulova.com/products/96b149 ||| http://cdn.shopify.com/s/files/1/1128/6670/products/96b149_grande.png ||| /Users/lcchai/Work/assets/official/bulova/96b149_grande.png
https://intl.bulova.com/products/96b217 ||| http://cdn.shopify.com/s/files/1/1128/6670/products/96b217_grande.png ||| /Users/lcchai/Work/assets/official/bulova/96b217_grande.png
https://intl.bulova.com/products/96b220 ||| http://cdn.shopify.com/s/files/1/1128/6670/products/96b220_grande.png ||| /Users/lcchai/Work/assets/official/bulova/96b220_grande.png
https://intl.bulova.com/products/96b235 ||| http://cdn.shopify.com/s/files/1/1128/6670/products/96b235_grande.png ||| /Users/lcchai/Work/assets/official/bulova/96b235_grande.png
https://intl.bulova.com/products/96b242 ||| http://cdn.shopify.com/s/files/1/1128/6670/products/96b242_grande.png ||| /Users/lcchai/Work/assets/official/bulova/96b242_grande.png
https://intl.bulova.com/products/96b243 ||| http://cdn.shopify.com/s/files/1/1128/6670/products/96b243_grande.png ||| /Users/lcchai/Work/assets/official/bulova/96b243_grande.png
https://intl.bulova.com/products/96b251 ||| http://cdn.shopify.com/s/files/1/1128/6670/products/96b251_grande.png ||| /Users/lcchai/Work/assets/official/bulova/96b251_grande.png
https://intl.bulova.com/products/96b255 ||| http://cdn.shopify.com/s/files/1/1128/6670/products/96b255_grande.png ||| /Users/lcchai/Work/assets/official/bulova/96b255_grande.png
https://intl.bulova.com/products/96b256 ||| http://cdn.shopify.com/s/files/1/1128/6670/products/96b256_grande.png ||| /Users/lcchai/Work/assets/official/bulova/96b256_grande.png
https://intl.bulova.com/products/96b258 ||| http://cdn.shopify.com/s/files/1/1128/6670/products/96b258_grande.png ||| /Users/lcchai/Work/assets/official/bulova/96b258_grande.png
https://intl.bulova.com/products/96b261 ||| http://cdn.shopify.com/s/files/1/1128/6670/products/96b261_grande.png ||| /Users/lcchai/Work/assets/official/bulova/96b261_grande.png
https://intl.bulova.com/products/96b269 ||| http://cdn.shopify.com/s/files/1/1128/6670/products/96b269_grande.png ||| /Users/lcchai/Work/assets/official/bulova/96b269_grande.png
https://intl.bulova.com/products/96b272 ||| http://cdn.shopify.com/s/files/1/1128/6670/products/96b272_grande.png ||| /Users/lcchai/Work/assets/official/bulova/96b272_grande.png
https://intl.bulova.com/products/96b287 ||| http://cdn.shopify.com/s/files/1/1128/6670/products/96b287_grande.png ||| /Users/lcchai/Work/assets/official/bulova/96b287_grande.png
https://intl.bulova.com/products/96b288 ||| http://cdn.shopify.com/s/files/1/1128/6670/products/96b288_grande.png ||| /Users/lcchai/Work/assets/official/bulova/96b288_grande.png
https://intl.bulova.com/products/96b295 ||| http://cdn.shopify.com/s/files/1/1128/6670/products/96b295_grande.png ||| /Users/lcchai/Work/assets/official/bulova/96b295_grande.png
https://intl.bulova.com/products/96b296 ||| http://cdn.shopify.com/s/files/1/1128/6670/products/96b296_grande.png ||| /Users/lcchai/Work/assets/official/bulova/96b296_grande.png
https://intl.bulova.com/products/96b300 ||| http://cdn.shopify.com/s/files/1/1128/6670/products/96B300_37652af5-00bd-4677-9416-e1965aa2e4a8_grande.png ||| /Users/lcchai/Work/assets/official/bulova/96B300_37652af5-00bd-4677-9416-e1965aa2e4a8_grande.png
https://intl.bulova.com/products/96b309 ||| http://cdn.shopify.com/s/files/1/1128/6670/products/96b309_grande.png ||| /Users/lcchai/Work/assets/official/bulova/96b309_grande.png
https://intl.bulova.com/products/96b310 ||| http://cdn.shopify.com/s/files/1/1128/6670/products/96b310_grande.png ||| /Users/lcchai/Work/assets/official/bulova/96b310_grande.png
https://intl.bulova.com/products/96b311 ||| http://cdn.shopify.com/s/files/1/1128/6670/products/96b311_grande.png ||| /Users/lcchai/Work/assets/official/bulova/96b311_grande.png
https://intl.bulova.com/products/96b312 ||| http://cdn.shopify.com/s/files/1/1128/6670/products/96b312_grande.png ||| /Users/lcchai/Work/assets/official/bulova/96b312_grande.png
https://intl.bulova.com/products/96b313 ||| http://cdn.shopify.com/s/files/1/1128/6670/products/96b313_grande.png ||| /Users/lcchai/Work/assets/official/bulova/96b313_grande.png
https://intl.bulova.com/products/96b314 ||| http://cdn.shopify.com/s/files/1/1128/6670/products/96b314_grande.png ||| /Users/lcchai/Work/assets/official/bulova/96b314_grande.png
https://intl.bulova.com/products/96b315 ||| http://cdn.shopify.com/s/files/1/1128/6670/products/96b315_grande.png ||| /Users/lcchai/Work/assets/official/bulova/96b315_grande.png
https://intl.bulova.com/products/96b317 ||| http://cdn.shopify.com/s/files/1/1128/6670/products/96b317_grande.png ||| /Users/lcchai/Work/assets/official/bulova/96b317_grande.png
https://intl.bulova.com/products/96b321 ||| http://cdn.shopify.com/s/files/1/1128/6670/products/96b321_grande.png ||| /Users/lcchai/Work/assets/official/bulova/96b321_grande.png
https://intl.bulova.com/products/96b322 ||| http://cdn.shopify.com/s/files/1/1128/6670/products/96b322_grande.png ||| /Users/lcchai/Work/assets/official/bulova/96b322_grande.png
https://intl.bulova.com/products/96b337 ||| http://cdn.shopify.com/s/files/1/1128/6670/products/MarineStar_bf9dad46-2cce-4138-be3b-40be9d942093_grande.png ||| /Users/lcchai/Work/assets/official/bulova/MarineStar_bf9dad46-2cce-4138-be3b-40be9d942093_grande.png
https://intl.bulova.com/products/96b338 ||| http://cdn.shopify.com/s/files/1/1128/6670/products/Sutton_f761faee-7597-44ae-8a96-da6cb7c936d9_grande.png ||| /Users/lcchai/Work/assets/official/bulova/Sutton_f761faee-7597-44ae-8a96-da6cb7c936d9_grande.png
https://intl.bulova.com/products/96b349 ||| http://cdn.shopify.com/s/files/1/1128/6670/products/96B349_7cc2619a-6200-4cf3-906a-5593d2c987b7_grande.png ||| /Users/lcchai/Work/assets/official/bulova/96B349_7cc2619a-6200-4cf3-906a-5593d2c987b7_grande.png
https://intl.bulova.com/products/96b350 ||| http://cdn.shopify.com/s/files/1/1128/6670/products/96B350_d886cde4-4f38-4e9a-abad-e490c97f2f84_grande.png ||| /Users/lcchai/Work/assets/official/bulova/96B350_d886cde4-4f38-4e9a-abad-e490c97f2f84_grande.png
https://intl.bulova.com/products/96c105 ||| http://cdn.shopify.com/s/files/1/1128/6670/products/96c105_grande.png ||| /Users/lcchai/Work/assets/official/bulova/96c105_grande.png
https://intl.bulova.com/products/96c107 ||| http://cdn.shopify.com/s/files/1/1128/6670/products/96c107_grande.png ||| /Users/lcchai/Work/assets/official/bulova/96c107_grande.png
https://intl.bulova.com/products/96c125 ||| http://cdn.shopify.com/s/files/1/1128/6670/products/96c125_grande.png ||| /Users/lcchai/Work/assets/official/bulova/96c125_grande.png
https://intl.bulova.com/products/96c130 ||| http://cdn.shopify.com/s/files/1/1128/6670/products/96c130_grande.png ||| /Users/lcchai/Work/assets/official/bulova/96c130_grande.png
https://intl.bulova.com/products/96c131 ||| http://cdn.shopify.com/s/files/1/1128/6670/products/96c131_grande.png ||| /Users/lcchai/Work/assets/official/bulova/96c131_grande.png
https://intl.bulova.com/products/96c132 ||| http://cdn.shopify.com/s/files/1/1128/6670/products/96c132_grande.png ||| /Users/lcchai/Work/assets/official/bulova/96c132_grande.png
https://intl.bulova.com/products/96c133 ||| http://cdn.shopify.com/s/files/1/1128/6670/products/96c133_grande.png ||| /Users/lcchai/Work/assets/official/bulova/96c133_grande.png
https://intl.bulova.com/products/96c134 ||| http://cdn.shopify.com/s/files/1/1128/6670/products/96c134_grande.png ||| /Users/lcchai/Work/assets/official/bulova/96c134_grande.png
https://intl.bulova.com/products/96c138 ||| http://cdn.shopify.com/s/files/1/1128/6670/products/96C138_27d43b28-417a-4265-95ba-88e3cfb61ada_grande.png ||| /Users/lcchai/Work/assets/official/bulova/96C138_27d43b28-417a-4265-95ba-88e3cfb61ada_grande.png
https://intl.bulova.com/products/96c139 ||| http://cdn.shopify.com/s/files/1/1128/6670/products/96c139_grande.png ||| /Users/lcchai/Work/assets/official/bulova/96c139_grande.png
https://intl.bulova.com/products/96c141 ||| http://cdn.shopify.com/s/files/1/1128/6670/products/96c141_grande.png ||| /Users/lcchai/Work/assets/official/bulova/96c141_grande.png
https://intl.bulova.com/products/96c142 ||| http://cdn.shopify.com/s/files/1/1128/6670/products/96c142_grande.png ||| /Users/lcchai/Work/assets/official/bulova/96c142_grande.png
https://intl.bulova.com/products/96c143 ||| http://cdn.shopify.com/s/files/1/1128/6670/products/96c143_grande.png ||| /Users/lcchai/Work/assets/official/bulova/96c143_grande.png
https://intl.bulova.com/products/96d122 ||| http://cdn.shopify.com/s/files/1/1128/6670/products/96d122_grande.png ||| /Users/lcchai/Work/assets/official/bulova/96d122_grande.png
https://intl.bulova.com/products/96d145 ||| http://cdn.shopify.com/s/files/1/1128/6670/products/96d145_grande.png ||| /Users/lcchai/Work/assets/official/bulova/96d145_grande.png
https://intl.bulova.com/products/96k101 ||| http://cdn.shopify.com/s/files/1/1128/6670/products/96k101_grande.png ||| /Users/lcchai/Work/assets/official/bulova/96k101_grande.png
https://intl.bulova.com/products/96l138 ||| http://cdn.shopify.com/s/files/1/1128/6670/products/96l138_grande.png ||| /Users/lcchai/Work/assets/official/bulova/96l138_grande.png
https://intl.bulova.com/products/96l170 ||| http://cdn.shopify.com/s/files/1/1128/6670/products/96l170_grande.png ||| /Users/lcchai/Work/assets/official/bulova/96l170_grande.png
https://intl.bulova.com/products/96l211 ||| http://cdn.shopify.com/s/files/1/1128/6670/products/96l211_grande.png ||| /Users/lcchai/Work/assets/official/bulova/96l211_grande.png
https://intl.bulova.com/products/96l215 ||| http://cdn.shopify.com/s/files/1/1128/6670/products/96l215_grande.png ||| /Users/lcchai/Work/assets/official/bulova/96l215_grande.png
https://intl.bulova.com/products/96l229 ||| http://cdn.shopify.com/s/files/1/1128/6670/products/96l229_grande.png ||| /Users/lcchai/Work/assets/official/bulova/96l229_grande.png
https://intl.bulova.com/products/96l243 ||| http://cdn.shopify.com/s/files/1/1128/6670/products/96l243_grande.png ||| /Users/lcchai/Work/assets/official/bulova/96l243_grande.png
https://intl.bulova.com/products/96l257 ||| http://cdn.shopify.com/s/files/1/1128/6670/products/96l257_grande.png ||| /Users/lcchai/Work/assets/official/bulova/96l257_grande.png
https://intl.bulova.com/products/96l273 ||| http://cdn.shopify.com/s/files/1/1128/6670/products/96l273_grande.png ||| /Users/lcchai/Work/assets/official/bulova/96l273_grande.png
https://intl.bulova.com/products/96l275 ||| http://cdn.shopify.com/s/files/1/1128/6670/products/96l275_grande.png ||| /Users/lcchai/Work/assets/official/bulova/96l275_grande.png
https://intl.bulova.com/products/96l276 ||| http://cdn.shopify.com/s/files/1/1128/6670/products/96l276_grande.png ||| /Users/lcchai/Work/assets/official/bulova/96l276_grande.png
https://intl.bulova.com/products/96l278 ||| http://cdn.shopify.com/s/files/1/1128/6670/products/96l278_grande.png ||| /Users/lcchai/Work/assets/official/bulova/96l278_grande.png
https://intl.bulova.com/products/96l285 ||| http://cdn.shopify.com/s/files/1/1128/6670/products/Sutton_a86e9037-3d4e-4076-908d-3f6ffb9bce48_grande.png ||| /Users/lcchai/Work/assets/official/bulova/Sutton_a86e9037-3d4e-4076-908d-3f6ffb9bce48_grande.png
https://intl.bulova.com/products/96l286 ||| http://cdn.shopify.com/s/files/1/1128/6670/products/96L286_3b1b0b7c-0a06-47b4-a993-300cd00c4e51_grande.png ||| /Users/lcchai/Work/assets/official/bulova/96L286_3b1b0b7c-0a06-47b4-a993-300cd00c4e51_grande.png
https://intl.bulova.com/products/96l291 ||| http://cdn.shopify.com/s/files/1/1128/6670/products/96L291_8e453355-573c-45c0-b2ba-a42ecc764b01_grande.png ||| /Users/lcchai/Work/assets/official/bulova/96L291_8e453355-573c-45c0-b2ba-a42ecc764b01_grande.png
https://intl.bulova.com/products/96l293 ||| http://cdn.shopify.com/s/files/1/1128/6670/products/96L293_b521a141-a18c-45ce-b138-eb384456a202_grande.png ||| /Users/lcchai/Work/assets/official/bulova/96L293_b521a141-a18c-45ce-b138-eb384456a202_grande.png
https://intl.bulova.com/products/96m126 ||| http://cdn.shopify.com/s/files/1/1128/6670/products/96m126_grande.png ||| /Users/lcchai/Work/assets/official/bulova/96m126_grande.png
https://intl.bulova.com/products/96m146 ||| http://cdn.shopify.com/s/files/1/1128/6670/products/96m146_grande.png ||| /Users/lcchai/Work/assets/official/bulova/96m146_grande.png
https://intl.bulova.com/products/96p148 ||| http://cdn.shopify.com/s/files/1/1128/6670/products/96p148_grande.png ||| /Users/lcchai/Work/assets/official/bulova/96p148_grande.png
https://intl.bulova.com/products/96p172 ||| http://cdn.shopify.com/s/files/1/1128/6670/products/96p172_grande.png ||| /Users/lcchai/Work/assets/official/bulova/96p172_grande.png
https://intl.bulova.com/products/96p181 ||| http://cdn.shopify.com/s/files/1/1128/6670/products/96p181_grande.png ||| /Users/lcchai/Work/assets/official/bulova/96p181_grande.png
https://intl.bulova.com/products/96p183 ||| http://cdn.shopify.com/s/files/1/1128/6670/products/96p183_grande.png ||| /Users/lcchai/Work/assets/official/bulova/96p183_grande.png
https://intl.bulova.com/products/96p184 ||| http://cdn.shopify.com/s/files/1/1128/6670/products/96p184_grande.png ||| /Users/lcchai/Work/assets/official/bulova/96p184_grande.png
https://intl.bulova.com/products/96p191 ||| http://cdn.shopify.com/s/files/1/1128/6670/products/96p191_grande.png ||| /Users/lcchai/Work/assets/official/bulova/96p191_grande.png
https://intl.bulova.com/products/96p196 ||| http://cdn.shopify.com/s/files/1/1128/6670/products/96p196_grande.png ||| /Users/lcchai/Work/assets/official/bulova/96p196_grande.png
https://intl.bulova.com/products/96p197 ||| http://cdn.shopify.com/s/files/1/1128/6670/products/96p197_grande.png ||| /Users/lcchai/Work/assets/official/bulova/96p197_grande.png
https://intl.bulova.com/products/96p198 ||| http://cdn.shopify.com/s/files/1/1128/6670/products/96p198_grande.png ||| /Users/lcchai/Work/assets/official/bulova/96p198_grande.png
https://intl.bulova.com/products/96p202 ||| http://cdn.shopify.com/s/files/1/1128/6670/products/96p202_grande.png ||| /Users/lcchai/Work/assets/official/bulova/96p202_grande.png
https://intl.bulova.com/products/96p209 ||| http://cdn.shopify.com/s/files/1/1128/6670/products/96P209_c9cdb360-c465-4f69-a84f-6df567b50537_grande.png ||| /Users/lcchai/Work/assets/official/bulova/96P209_c9cdb360-c465-4f69-a84f-6df567b50537_grande.png
https://intl.bulova.com/products/96p211 ||| http://cdn.shopify.com/s/files/1/1128/6670/products/96p211_grande.png ||| /Users/lcchai/Work/assets/official/bulova/96p211_grande.png
https://intl.bulova.com/products/96p212 ||| http://cdn.shopify.com/s/files/1/1128/6670/products/96p212_grande.png ||| /Users/lcchai/Work/assets/official/bulova/96p212_grande.png
https://intl.bulova.com/products/96p213 ||| http://cdn.shopify.com/s/files/1/1128/6670/products/96p213_grande.png ||| /Users/lcchai/Work/assets/official/bulova/96p213_grande.png
https://intl.bulova.com/products/96p214 ||| http://cdn.shopify.com/s/files/1/1128/6670/products/96p214_grande.png ||| /Users/lcchai/Work/assets/official/bulova/96p214_grande.png
https://intl.bulova.com/products/96p215 ||| http://cdn.shopify.com/s/files/1/1128/6670/products/96p215_grande.png ||| /Users/lcchai/Work/assets/official/bulova/96p215_grande.png
https://intl.bulova.com/products/96p221 ||| http://cdn.shopify.com/s/files/1/1128/6670/products/Regatta_e552f52d-80a3-4175-9484-becda0f3c008_grande.png ||| /Users/lcchai/Work/assets/official/bulova/Regatta_e552f52d-80a3-4175-9484-becda0f3c008_grande.png
https://intl.bulova.com/products/96p222 ||| http://cdn.shopify.com/s/files/1/1128/6670/products/Regatta_da54c602-4316-4d4e-bb71-1b52ee099336_grande.png ||| /Users/lcchai/Work/assets/official/bulova/Regatta_da54c602-4316-4d4e-bb71-1b52ee099336_grande.png
https://intl.bulova.com/products/96r215 ||| http://cdn.shopify.com/s/files/1/1128/6670/products/96r215_grande.png ||| /Users/lcchai/Work/assets/official/bulova/96r215_grande.png
https://intl.bulova.com/products/96r217 ||| http://cdn.shopify.com/s/files/1/1128/6670/products/96r217_grande.png ||| /Users/lcchai/Work/assets/official/bulova/96r217_grande.png
https://intl.bulova.com/products/96r219 ||| http://cdn.shopify.com/s/files/1/1128/6670/products/96r219_grande.png ||| /Users/lcchai/Work/assets/official/bulova/96r219_grande.png
https://intl.bulova.com/products/96r220 ||| http://cdn.shopify.com/s/files/1/1128/6670/products/96r220_grande.png ||| /Users/lcchai/Work/assets/official/bulova/96r220_grande.png
https://intl.bulova.com/products/96r228 ||| http://cdn.shopify.com/s/files/1/1128/6670/products/96r228_grande.png ||| /Users/lcchai/Work/assets/official/bulova/96r228_grande.png
https://intl.bulova.com/products/96r231 ||| http://cdn.shopify.com/s/files/1/1128/6670/products/96r231_grande.png ||| /Users/lcchai/Work/assets/official/bulova/96r231_grande.png
https://intl.bulova.com/products/96r236 ||| http://cdn.shopify.com/s/files/1/1128/6670/products/96r236_grande.png ||| /Users/lcchai/Work/assets/official/bulova/96r236_grande.png
https://intl.bulova.com/products/96r237 ||| http://cdn.shopify.com/s/files/1/1128/6670/products/96r237_grande.png ||| /Users/lcchai/Work/assets/official/bulova/96r237_grande.png
https://intl.bulova.com/products/96r238 ||| http://cdn.shopify.com/s/files/1/1128/6670/products/96r238_grande.png ||| /Users/lcchai/Work/assets/official/bulova/96r238_grande.png
https://intl.bulova.com/products/96x136 ||| http://cdn.shopify.com/s/files/1/1128/6670/products/96x136_grande.png ||| /Users/lcchai/Work/assets/official/bulova/96x136_grande.png
https://intl.bulova.com/products/96x145 ||| http://cdn.shopify.com/s/files/1/1128/6670/products/96x145_grande.png ||| /Users/lcchai/Work/assets/official/bulova/96x145_grande.png
https://intl.bulova.com/products/96x146 ||| http://cdn.shopify.com/s/files/1/1128/6670/products/96x146_grande.png ||| /Users/lcchai/Work/assets/official/bulova/96x146_grande.png
https://intl.bulova.com/products/96x155 ||| http://cdn.shopify.com/s/files/1/1128/6670/products/96X155_5f68ccc6-55af-4f08-808b-7d4ad3bdb02a_grande.png ||| /Users/lcchai/Work/assets/official/bulova/96X155_5f68ccc6-55af-4f08-808b-7d4ad3bdb02a_grande.png
https://intl.bulova.com/products/97a106 ||| http://cdn.shopify.com/s/files/1/1128/6670/products/97a106_grande.png ||| /Users/lcchai/Work/assets/official/bulova/97a106_grande.png
https://intl.bulova.com/products/97a109 ||| http://cdn.shopify.com/s/files/1/1128/6670/products/97a109_grande.png ||| /Users/lcchai/Work/assets/official/bulova/97a109_grande.png
https://intl.bulova.com/products/97a126 ||| http://cdn.shopify.com/s/files/1/1128/6670/products/97a126_grande.png ||| /Users/lcchai/Work/assets/official/bulova/97a126_grande.png
https://intl.bulova.com/products/97a127 ||| http://cdn.shopify.com/s/files/1/1128/6670/products/97a127_grande.png ||| /Users/lcchai/Work/assets/official/bulova/97a127_grande.png
https://intl.bulova.com/products/97a136 ||| http://cdn.shopify.com/s/files/1/1128/6670/products/97a136_grande.png ||| /Users/lcchai/Work/assets/official/bulova/97a136_grande.png
https://intl.bulova.com/products/97a138 ||| http://cdn.shopify.com/s/files/1/1128/6670/products/97a138_grande.png ||| /Users/lcchai/Work/assets/official/bulova/97a138_grande.png
https://intl.bulova.com/products/97a141 ||| http://cdn.shopify.com/s/files/1/1128/6670/products/97A141_2f733165-5ba7-4c29-807a-67beaa3d1bc5_grande.png ||| /Users/lcchai/Work/assets/official/bulova/97A141_2f733165-5ba7-4c29-807a-67beaa3d1bc5_grande.png
https://intl.bulova.com/products/97a143 ||| http://cdn.shopify.com/s/files/1/1128/6670/products/97a143_grande.png ||| /Users/lcchai/Work/assets/official/bulova/97a143_grande.png
https://intl.bulova.com/products/97a144 ||| http://cdn.shopify.com/s/files/1/1128/6670/products/97a144_grande.png ||| /Users/lcchai/Work/assets/official/bulova/97a144_grande.png
https://intl.bulova.com/products/97a148 ||| http://cdn.shopify.com/s/files/1/1128/6670/products/97a148_grande.png ||| /Users/lcchai/Work/assets/official/bulova/97a148_grande.png
https://intl.bulova.com/products/97a153 ||| http://cdn.shopify.com/s/files/1/1128/6670/products/Regatta_2a2a2255-c927-471d-abf3-f073cf05c1df_grande.png ||| /Users/lcchai/Work/assets/official/bulova/Regatta_2a2a2255-c927-471d-abf3-f073cf05c1df_grande.png
https://intl.bulova.com/products/97a154 ||| http://cdn.shopify.com/s/files/1/1128/6670/products/AmericanClipper_f2c93707-c2d8-48ff-b176-890c41106575_grande.png ||| /Users/lcchai/Work/assets/official/bulova/AmericanClipper_f2c93707-c2d8-48ff-b176-890c41106575_grande.png
https://intl.bulova.com/products/97a155 ||| http://cdn.shopify.com/s/files/1/1128/6670/products/AmericanClipper_44cfc8b2-e93c-4e2d-b0ab-6b472a1f9998_grande.png ||| /Users/lcchai/Work/assets/official/bulova/AmericanClipper_44cfc8b2-e93c-4e2d-b0ab-6b472a1f9998_grande.png
https://intl.bulova.com/products/97a157 ||| http://cdn.shopify.com/s/files/1/1128/6670/products/97A157_e6f7a98b-299d-4b1e-a1c9-63f27bbfb4d8_grande.png ||| /Users/lcchai/Work/assets/official/bulova/97A157_e6f7a98b-299d-4b1e-a1c9-63f27bbfb4d8_grande.png
https://intl.bulova.com/products/97a160 ||| http://cdn.shopify.com/s/files/1/1128/6670/products/97A160_1c3c2cf1-d217-4cce-940b-c050189b09c1_grande.png ||| /Users/lcchai/Work/assets/official/bulova/97A160_1c3c2cf1-d217-4cce-940b-c050189b09c1_grande.png
https://intl.bulova.com/products/97a161 ||| http://cdn.shopify.com/s/files/1/1128/6670/products/Sutton_f3e0293e-1b0f-45fd-b7c5-b33596392370_grande.png ||| /Users/lcchai/Work/assets/official/bulova/Sutton_f3e0293e-1b0f-45fd-b7c5-b33596392370_grande.png
https://intl.bulova.com/products/97a162 ||| http://cdn.shopify.com/s/files/1/1128/6670/products/Sutton_8dbae1e1-b187-4a12-a2e6-6d23df16610a_grande.png ||| /Users/lcchai/Work/assets/official/bulova/Sutton_8dbae1e1-b187-4a12-a2e6-6d23df16610a_grande.png
https://intl.bulova.com/products/97a163 ||| http://cdn.shopify.com/s/files/1/1128/6670/products/LatinGrammy_0e667c87-dad7-454b-af44-824025f47c95_grande.png ||| /Users/lcchai/Work/assets/official/bulova/LatinGrammy_0e667c87-dad7-454b-af44-824025f47c95_grande.png
https://intl.bulova.com/products/97a164 ||| http://cdn.shopify.com/s/files/1/1128/6670/products/97A164_5a0721d5-6d2b-4f2a-bf45-690b303cf038_grande.png ||| /Users/lcchai/Work/assets/official/bulova/97A164_5a0721d5-6d2b-4f2a-bf45-690b303cf038_grande.png
https://intl.bulova.com/products/97b100 ||| http://cdn.shopify.com/s/files/1/1128/6670/products/97b100_grande.png ||| /Users/lcchai/Work/assets/official/bulova/97b100_grande.png
https://intl.bulova.com/products/97b154 ||| http://cdn.shopify.com/s/files/1/1128/6670/products/97b154_grande.png ||| /Users/lcchai/Work/assets/official/bulova/97b154_grande.png
https://intl.bulova.com/products/97b155 ||| http://cdn.shopify.com/s/files/1/1128/6670/products/97b155_grande.png ||| /Users/lcchai/Work/assets/official/bulova/97b155_grande.png
https://intl.bulova.com/products/97b161 ||| http://cdn.shopify.com/s/files/1/1128/6670/products/97B161_grande.png ||| /Users/lcchai/Work/assets/official/bulova/97B161_grande.png
https://intl.bulova.com/products/97b162 ||| http://cdn.shopify.com/s/files/1/1128/6670/products/97b162_grande.png ||| /Users/lcchai/Work/assets/official/bulova/97b162_grande.png
https://intl.bulova.com/products/97b168 ||| http://cdn.shopify.com/s/files/1/1128/6670/products/97b168_grande.png ||| /Users/lcchai/Work/assets/official/bulova/97b168_grande.png
https://intl.bulova.com/products/97b169 ||| http://cdn.shopify.com/s/files/1/1128/6670/products/97b169_grande.png ||| /Users/lcchai/Work/assets/official/bulova/97b169_grande.png
https://intl.bulova.com/products/97b170 ||| http://cdn.shopify.com/s/files/1/1128/6670/products/97b170_grande.png ||| /Users/lcchai/Work/assets/official/bulova/97b170_grande.png
https://intl.bulova.com/products/97b172 ||| http://cdn.shopify.com/s/files/1/1128/6670/products/97b172_grande.png ||| /Users/lcchai/Work/assets/official/bulova/97b172_grande.png
https://intl.bulova.com/products/97b173 ||| http://cdn.shopify.com/s/files/1/1128/6670/products/97b173_grande.png ||| /Users/lcchai/Work/assets/official/bulova/97b173_grande.png
https://intl.bulova.com/products/97b177 ||| http://cdn.shopify.com/s/files/1/1128/6670/products/97b177_grande.png ||| /Users/lcchai/Work/assets/official/bulova/97b177_grande.png
https://intl.bulova.com/products/97b184 ||| http://cdn.shopify.com/s/files/1/1128/6670/products/97b184_grande.png ||| /Users/lcchai/Work/assets/official/bulova/97b184_grande.png
https://intl.bulova.com/products/97c106 ||| http://cdn.shopify.com/s/files/1/1128/6670/products/97c106_grande.png ||| /Users/lcchai/Work/assets/official/bulova/97c106_grande.png
https://intl.bulova.com/products/97c107 ||| http://cdn.shopify.com/s/files/1/1128/6670/products/97c107_grande.png ||| /Users/lcchai/Work/assets/official/bulova/97c107_grande.png
https://intl.bulova.com/products/97c109 ||| http://cdn.shopify.com/s/files/1/1128/6670/products/97c109_grande.png ||| /Users/lcchai/Work/assets/official/bulova/97c109_grande.png
https://intl.bulova.com/products/97c110 ||| http://cdn.shopify.com/s/files/1/1128/6670/products/97c110_grande.png ||| /Users/lcchai/Work/assets/official/bulova/97c110_grande.png
https://intl.bulova.com/products/97c111 ||| http://cdn.shopify.com/s/files/1/1128/6670/products/Futuro_8fcfcb81-5fb9-4df4-8e3e-0efc7ee78a63_grande.png ||| /Users/lcchai/Work/assets/official/bulova/Futuro_8fcfcb81-5fb9-4df4-8e3e-0efc7ee78a63_grande.png
https://intl.bulova.com/products/97d107 ||| http://cdn.shopify.com/s/files/1/1128/6670/products/97d107_grande.png ||| /Users/lcchai/Work/assets/official/bulova/97d107_grande.png
https://intl.bulova.com/products/97d108 ||| http://cdn.shopify.com/s/files/1/1128/6670/products/97d108_grande.png ||| /Users/lcchai/Work/assets/official/bulova/97d108_grande.png
https://intl.bulova.com/products/97d115 ||| http://cdn.shopify.com/s/files/1/1128/6670/products/97d115_grande.png ||| /Users/lcchai/Work/assets/official/bulova/97d115_grande.png
https://intl.bulova.com/products/97d116 ||| http://cdn.shopify.com/s/files/1/1128/6670/products/97d116_grande.png ||| /Users/lcchai/Work/assets/official/bulova/97d116_grande.png
https://intl.bulova.com/products/97d120 ||| http://cdn.shopify.com/s/files/1/1128/6670/products/97d120_grande.png ||| /Users/lcchai/Work/assets/official/bulova/97d120_grande.png
https://intl.bulova.com/products/97d123 ||| http://cdn.shopify.com/s/files/1/1128/6670/products/Sutton_aaa71c27-caf5-4d80-af9a-cf1ea26ab9b0_grande.png ||| /Users/lcchai/Work/assets/official/bulova/Sutton_aaa71c27-caf5-4d80-af9a-cf1ea26ab9b0_grande.png
https://intl.bulova.com/products/97l146 ||| http://cdn.shopify.com/s/files/1/1128/6670/products/97l146_grande.png ||| /Users/lcchai/Work/assets/official/bulova/97l146_grande.png
https://intl.bulova.com/products/97l151 ||| http://cdn.shopify.com/s/files/1/1128/6670/products/97l151_grande.png ||| /Users/lcchai/Work/assets/official/bulova/97l151_grande.png
https://intl.bulova.com/products/97l159 ||| http://cdn.shopify.com/s/files/1/1128/6670/products/97l159_grande.png ||| /Users/lcchai/Work/assets/official/bulova/97l159_grande.png
https://intl.bulova.com/products/97l161 ||| http://cdn.shopify.com/s/files/1/1128/6670/products/Regatta_1cc7b85c-f39d-4f4c-b86e-d4d33b4dd728_grande.png ||| /Users/lcchai/Work/assets/official/bulova/Regatta_1cc7b85c-f39d-4f4c-b86e-d4d33b4dd728_grande.png
https://intl.bulova.com/products/97l163 ||| http://cdn.shopify.com/s/files/1/1128/6670/products/LatinGrammy_grande.png ||| /Users/lcchai/Work/assets/official/bulova/LatinGrammy_grande.png
https://intl.bulova.com/products/97l164 ||| http://cdn.shopify.com/s/files/1/1128/6670/products/97L164_27f05ead-40f0-40f9-8049-83a7d7a84a1c_grande.png ||| /Users/lcchai/Work/assets/official/bulova/97L164_27f05ead-40f0-40f9-8049-83a7d7a84a1c_grande.png
https://intl.bulova.com/products/97p123 ||| http://cdn.shopify.com/s/files/1/1128/6670/products/97p123_grande.png ||| /Users/lcchai/Work/assets/official/bulova/97p123_grande.png
https://intl.bulova.com/products/97p125 ||| http://cdn.shopify.com/s/files/1/1128/6670/products/97p125_grande.png ||| /Users/lcchai/Work/assets/official/bulova/97p125_grande.png
https://intl.bulova.com/products/97p130 ||| http://cdn.shopify.com/s/files/1/1128/6670/products/97p130_grande.png ||| /Users/lcchai/Work/assets/official/bulova/97p130_grande.png
https://intl.bulova.com/products/97p132 ||| http://cdn.shopify.com/s/files/1/1128/6670/products/97p132_grande.png ||| /Users/lcchai/Work/assets/official/bulova/97p132_grande.png
https://intl.bulova.com/products/97p136 ||| http://cdn.shopify.com/s/files/1/1128/6670/products/97p136_grande.png ||| /Users/lcchai/Work/assets/official/bulova/97p136_grande.png
https://intl.bulova.com/products/97p139 ||| http://cdn.shopify.com/s/files/1/1128/6670/products/97p139_grande.png ||| /Users/lcchai/Work/assets/official/bulova/97p139_grande.png
https://intl.bulova.com/products/97p140 ||| http://cdn.shopify.com/s/files/1/1128/6670/products/97p140_grande.png ||| /Users/lcchai/Work/assets/official/bulova/97p140_grande.png
https://intl.bulova.com/products/97p141 ||| http://cdn.shopify.com/s/files/1/1128/6670/products/97P141_96161188-164a-458b-8d7f-104a7d598212_grande.png ||| /Users/lcchai/Work/assets/official/bulova/97P141_96161188-164a-458b-8d7f-104a7d598212_grande.png
https://intl.bulova.com/products/97p142 ||| http://cdn.shopify.com/s/files/1/1128/6670/products/97P142_7d17e667-1bec-4dfb-9708-17fed01773e9_grande.png ||| /Users/lcchai/Work/assets/official/bulova/97P142_7d17e667-1bec-4dfb-9708-17fed01773e9_grande.png
https://intl.bulova.com/products/97p143 ||| http://cdn.shopify.com/s/files/1/1128/6670/products/97p143_grande.png ||| /Users/lcchai/Work/assets/official/bulova/97p143_grande.png
https://intl.bulova.com/products/97p144 ||| http://cdn.shopify.com/s/files/1/1128/6670/products/97p144_grande.png ||| /Users/lcchai/Work/assets/official/bulova/97p144_grande.png
https://intl.bulova.com/products/97p145 ||| http://cdn.shopify.com/s/files/1/1128/6670/products/97p145_e7ee53b5-9700-44fd-bf57-375c2a4a8268_grande.png ||| /Users/lcchai/Work/assets/official/bulova/97p145_e7ee53b5-9700-44fd-bf57-375c2a4a8268_grande.png
https://intl.bulova.com/products/97p149 ||| http://cdn.shopify.com/s/files/1/1128/6670/products/Regatta_aacf633a-8a18-4f61-8c42-6bca3b1bd965_grande.png ||| /Users/lcchai/Work/assets/official/bulova/Regatta_aacf633a-8a18-4f61-8c42-6bca3b1bd965_grande.png
https://intl.bulova.com/products/97p150 ||| http://cdn.shopify.com/s/files/1/1128/6670/products/Sutton_e4e84486-9e2f-48e2-85df-69c5418cd555_grande.png ||| /Users/lcchai/Work/assets/official/bulova/Sutton_e4e84486-9e2f-48e2-85df-69c5418cd555_grande.png
https://intl.bulova.com/products/97p151 ||| http://cdn.shopify.com/s/files/1/1128/6670/products/Sutton_679253ac-4c40-4c12-845b-f2594c381ca7_grande.png ||| /Users/lcchai/Work/assets/official/bulova/Sutton_679253ac-4c40-4c12-845b-f2594c381ca7_grande.png
https://intl.bulova.com/products/97r102 ||| http://cdn.shopify.com/s/files/1/1128/6670/products/97r102_grande.png ||| /Users/lcchai/Work/assets/official/bulova/97r102_grande.png
https://intl.bulova.com/products/98a103 ||| http://cdn.shopify.com/s/files/1/1128/6670/products/98a103_grande.png ||| /Users/lcchai/Work/assets/official/bulova/98a103_grande.png
https://intl.bulova.com/products/98a162 ||| http://cdn.shopify.com/s/files/1/1128/6670/products/98a162_grande.png ||| /Users/lcchai/Work/assets/official/bulova/98a162_grande.png
https://intl.bulova.com/products/98a165 ||| http://cdn.shopify.com/s/files/1/1128/6670/products/98a165_grande.png ||| /Users/lcchai/Work/assets/official/bulova/98a165_grande.png
https://intl.bulova.com/products/98a166 ||| http://cdn.shopify.com/s/files/1/1128/6670/products/98a166_grande.png ||| /Users/lcchai/Work/assets/official/bulova/98a166_grande.png
https://intl.bulova.com/products/98a167 ||| http://cdn.shopify.com/s/files/1/1128/6670/products/98a167_grande.png ||| /Users/lcchai/Work/assets/official/bulova/98a167_grande.png
https://intl.bulova.com/products/98a177 ||| http://cdn.shopify.com/s/files/1/1128/6670/products/98a177_grande.png ||| /Users/lcchai/Work/assets/official/bulova/98a177_grande.png
https://intl.bulova.com/products/98a178 ||| http://cdn.shopify.com/s/files/1/1128/6670/products/98a178_grande.png ||| /Users/lcchai/Work/assets/official/bulova/98a178_grande.png
https://intl.bulova.com/products/98a179 ||| http://cdn.shopify.com/s/files/1/1128/6670/products/98a179_grande.png ||| /Users/lcchai/Work/assets/official/bulova/98a179_grande.png
https://intl.bulova.com/products/98a185 ||| http://cdn.shopify.com/s/files/1/1128/6670/products/98a185_grande.png ||| /Users/lcchai/Work/assets/official/bulova/98a185_grande.png
https://intl.bulova.com/products/98a187 ||| http://cdn.shopify.com/s/files/1/1128/6670/products/98a187_grande.png ||| /Users/lcchai/Work/assets/official/bulova/98a187_grande.png
https://intl.bulova.com/products/98a188 ||| http://cdn.shopify.com/s/files/1/1128/6670/products/98a188_grande.png ||| /Users/lcchai/Work/assets/official/bulova/98a188_grande.png
https://intl.bulova.com/products/98a203 ||| http://cdn.shopify.com/s/files/1/1128/6670/products/98a203_grande.png ||| /Users/lcchai/Work/assets/official/bulova/98a203_grande.png
https://intl.bulova.com/products/98a206 ||| http://cdn.shopify.com/s/files/1/1128/6670/products/98a206_grande.png ||| /Users/lcchai/Work/assets/official/bulova/98a206_grande.png
https://intl.bulova.com/products/98a207 ||| http://cdn.shopify.com/s/files/1/1128/6670/products/98a207_grande.png ||| /Users/lcchai/Work/assets/official/bulova/98a207_grande.png
https://intl.bulova.com/products/98a214 ||| http://cdn.shopify.com/s/files/1/1128/6670/products/98a214_grande.png ||| /Users/lcchai/Work/assets/official/bulova/98a214_grande.png
https://intl.bulova.com/products/98a224 ||| http://cdn.shopify.com/s/files/1/1128/6670/products/98a224_grande.png ||| /Users/lcchai/Work/assets/official/bulova/98a224_grande.png
https://intl.bulova.com/products/98a225 ||| http://cdn.shopify.com/s/files/1/1128/6670/products/98a225_grande.png ||| /Users/lcchai/Work/assets/official/bulova/98a225_grande.png
https://intl.bulova.com/products/98a226 ||| http://cdn.shopify.com/s/files/1/1128/6670/products/98a226_grande.png ||| /Users/lcchai/Work/assets/official/bulova/98a226_grande.png
https://intl.bulova.com/products/98a227 ||| http://cdn.shopify.com/s/files/1/1128/6670/products/98a227_grande.png ||| /Users/lcchai/Work/assets/official/bulova/98a227_grande.png
https://intl.bulova.com/products/98a228 ||| http://cdn.shopify.com/s/files/1/1128/6670/products/98a228_grande.png ||| /Users/lcchai/Work/assets/official/bulova/98a228_grande.png
https://intl.bulova.com/products/98a229 ||| http://cdn.shopify.com/s/files/1/1128/6670/products/98a229_grande.png ||| /Users/lcchai/Work/assets/official/bulova/98a229_grande.png
https://intl.bulova.com/products/98a231 ||| http://cdn.shopify.com/s/files/1/1128/6670/products/98a231_grande.png ||| /Users/lcchai/Work/assets/official/bulova/98a231_grande.png
https://intl.bulova.com/products/98a232 ||| http://cdn.shopify.com/s/files/1/1128/6670/products/98a232_grande.png ||| /Users/lcchai/Work/assets/official/bulova/98a232_grande.png
https://intl.bulova.com/products/98a233 ||| http://cdn.shopify.com/s/files/1/1128/6670/products/98a233_grande.png ||| /Users/lcchai/Work/assets/official/bulova/98a233_grande.png
https://intl.bulova.com/products/98a234 ||| http://cdn.shopify.com/s/files/1/1128/6670/products/98a234_grande.png ||| /Users/lcchai/Work/assets/official/bulova/98a234_grande.png
https://intl.bulova.com/products/98a236 ||| http://cdn.shopify.com/s/files/1/1128/6670/products/98a236_grande.png ||| /Users/lcchai/Work/assets/official/bulova/98a236_grande.png
https://intl.bulova.com/products/98a237 ||| http://cdn.shopify.com/s/files/1/1128/6670/products/98a237_grande.png ||| /Users/lcchai/Work/assets/official/bulova/98a237_grande.png
https://intl.bulova.com/products/98a238 ||| http://cdn.shopify.com/s/files/1/1128/6670/products/98a238_grande.png ||| /Users/lcchai/Work/assets/official/bulova/98a238_grande.png
https://intl.bulova.com/products/98a240 ||| http://cdn.shopify.com/s/files/1/1128/6670/products/98a240_grande.png ||| /Users/lcchai/Work/assets/official/bulova/98a240_grande.png
https://intl.bulova.com/products/98a241 ||| http://cdn.shopify.com/s/files/1/1128/6670/products/98a241_grande.png ||| /Users/lcchai/Work/assets/official/bulova/98a241_grande.png
https://intl.bulova.com/products/98a248 ||| http://cdn.shopify.com/s/files/1/1128/6670/products/98A248_47efabc1-1089-4ee6-a604-73d6474253e0_grande.png ||| /Users/lcchai/Work/assets/official/bulova/98A248_47efabc1-1089-4ee6-a604-73d6474253e0_grande.png
https://intl.bulova.com/products/98a264 ||| http://cdn.shopify.com/s/files/1/1128/6670/products/98A264_43c259fb-f3e8-4e5f-a352-c612693f1c09_grande.png ||| /Users/lcchai/Work/assets/official/bulova/98A264_43c259fb-f3e8-4e5f-a352-c612693f1c09_grande.png
https://intl.bulova.com/products/98b104 ||| http://cdn.shopify.com/s/files/1/1128/6670/products/98b104_grande.png ||| /Users/lcchai/Work/assets/official/bulova/98b104_grande.png
https://intl.bulova.com/products/98b174 ||| http://cdn.shopify.com/s/files/1/1128/6670/products/98b174_grande.png ||| /Users/lcchai/Work/assets/official/bulova/98b174_grande.png
https://intl.bulova.com/products/98b258 ||| http://cdn.shopify.com/s/files/1/1128/6670/products/98b258_grande.png ||| /Users/lcchai/Work/assets/official/bulova/98b258_grande.png
https://intl.bulova.com/products/98b263 ||| http://cdn.shopify.com/s/files/1/1128/6670/products/98B263_41fbd468-0594-4908-a3b3-9beb2d5327ee_grande.png ||| /Users/lcchai/Work/assets/official/bulova/98B263_41fbd468-0594-4908-a3b3-9beb2d5327ee_grande.png
https://intl.bulova.com/products/98b277 ||| http://cdn.shopify.com/s/files/1/1128/6670/products/98b277_grande.png ||| /Users/lcchai/Work/assets/official/bulova/98b277_grande.png
https://intl.bulova.com/products/98b278 ||| http://cdn.shopify.com/s/files/1/1128/6670/products/98b278_grande.png ||| /Users/lcchai/Work/assets/official/bulova/98b278_grande.png
https://intl.bulova.com/products/98b301 ||| http://cdn.shopify.com/s/files/1/1128/6670/products/98b301_grande.png ||| /Users/lcchai/Work/assets/official/bulova/98b301_grande.png
https://intl.bulova.com/products/98b320 ||| http://cdn.shopify.com/s/files/1/1128/6670/products/98b320_grande.png ||| /Users/lcchai/Work/assets/official/bulova/98b320_grande.png
https://intl.bulova.com/products/98b323 ||| http://cdn.shopify.com/s/files/1/1128/6670/products/98b323_grande.png ||| /Users/lcchai/Work/assets/official/bulova/98b323_grande.png
https://intl.bulova.com/products/98b324 ||| http://cdn.shopify.com/s/files/1/1128/6670/products/98b324_grande.png ||| /Users/lcchai/Work/assets/official/bulova/98b324_grande.png
https://intl.bulova.com/products/98b335 ||| http://cdn.shopify.com/s/files/1/1128/6670/products/98b335_grande.png ||| /Users/lcchai/Work/assets/official/bulova/98b335_grande.png
https://intl.bulova.com/products/98b350 ||| http://cdn.shopify.com/s/files/1/1128/6670/products/MarineStar_4c37e642-dbaa-4b12-8b55-7215ff9a518b_grande.png ||| /Users/lcchai/Work/assets/official/bulova/MarineStar_4c37e642-dbaa-4b12-8b55-7215ff9a518b_grande.png
https://intl.bulova.com/products/98b354 ||| http://cdn.shopify.com/s/files/1/1128/6670/products/PRODUCTNAME_grande.png ||| /Users/lcchai/Work/assets/official/bulova/PRODUCTNAME_grande.png
https://intl.bulova.com/products/98b356 ||| http://cdn.shopify.com/s/files/1/1128/6670/products/Precisionist_037693f5-76e2-44f2-922c-8b05f6fb5e37_grande.png ||| /Users/lcchai/Work/assets/official/bulova/Precisionist_037693f5-76e2-44f2-922c-8b05f6fb5e37_grande.png
https://intl.bulova.com/products/98b357 ||| http://cdn.shopify.com/s/files/1/1128/6670/products/98B357_faa61d65-4d9f-4c80-93ae-b1ac3bd30318_grande.png ||| /Users/lcchai/Work/assets/official/bulova/98B357_faa61d65-4d9f-4c80-93ae-b1ac3bd30318_grande.png
https://intl.bulova.com/products/98b358 ||| http://cdn.shopify.com/s/files/1/1128/6670/products/98B358_be9ab230-c5e3-4441-9744-3367e4ae495c_grande.png ||| /Users/lcchai/Work/assets/official/bulova/98B358_be9ab230-c5e3-4441-9744-3367e4ae495c_grande.png
https://intl.bulova.com/products/98c121 ||| http://cdn.shopify.com/s/files/1/1128/6670/products/98c121_grande.png ||| /Users/lcchai/Work/assets/official/bulova/98c121_grande.png
https://intl.bulova.com/products/98c123 ||| http://cdn.shopify.com/s/files/1/1128/6670/products/98c123_grande.png ||| /Users/lcchai/Work/assets/official/bulova/98c123_grande.png
https://intl.bulova.com/products/98c124 ||| http://cdn.shopify.com/s/files/1/1128/6670/products/98c124_grande.png ||| /Users/lcchai/Work/assets/official/bulova/98c124_grande.png
https://intl.bulova.com/products/98c126 ||| http://cdn.shopify.com/s/files/1/1128/6670/products/98c126_grande.png ||| /Users/lcchai/Work/assets/official/bulova/98c126_grande.png
https://intl.bulova.com/products/98c127 ||| http://cdn.shopify.com/s/files/1/1128/6670/products/98c127_grande.png ||| /Users/lcchai/Work/assets/official/bulova/98c127_grande.png
https://intl.bulova.com/products/98c128 ||| http://cdn.shopify.com/s/files/1/1128/6670/products/98c128_grande.png ||| /Users/lcchai/Work/assets/official/bulova/98c128_grande.png
https://intl.bulova.com/products/98c133 ||| http://cdn.shopify.com/s/files/1/1128/6670/products/98c133_grande.png ||| /Users/lcchai/Work/assets/official/bulova/98c133_grande.png
https://intl.bulova.com/products/98c134 ||| http://cdn.shopify.com/s/files/1/1128/6670/products/98c134_grande.png ||| /Users/lcchai/Work/assets/official/bulova/98c134_grande.png
https://intl.bulova.com/products/98c135 ||| http://cdn.shopify.com/s/files/1/1128/6670/products/98c135_grande.png ||| /Users/lcchai/Work/assets/official/bulova/98c135_grande.png
https://intl.bulova.com/products/98c138 ||| http://cdn.shopify.com/s/files/1/1128/6670/products/Futuro_3e80c6b9-e47e-4fde-a245-f2f363db21e8_grande.png ||| /Users/lcchai/Work/assets/official/bulova/Futuro_3e80c6b9-e47e-4fde-a245-f2f363db21e8_grande.png
https://intl.bulova.com/products/98d111 ||| http://cdn.shopify.com/s/files/1/1128/6670/products/98d111_grande.png ||| /Users/lcchai/Work/assets/official/bulova/98d111_grande.png
https://intl.bulova.com/products/98d130 ||| http://cdn.shopify.com/s/files/1/1128/6670/products/98d130_grande.png ||| /Users/lcchai/Work/assets/official/bulova/98d130_grande.png
https://intl.bulova.com/products/98d142 ||| http://cdn.shopify.com/s/files/1/1128/6670/products/98d142_grande.png ||| /Users/lcchai/Work/assets/official/bulova/98d142_grande.png
https://intl.bulova.com/products/98d144 ||| http://cdn.shopify.com/s/files/1/1128/6670/products/98d144_grande.png ||| /Users/lcchai/Work/assets/official/bulova/98d144_grande.png
https://intl.bulova.com/products/98d151 ||| http://cdn.shopify.com/s/files/1/1128/6670/products/98d151_grande.png ||| /Users/lcchai/Work/assets/official/bulova/98d151_grande.png
https://intl.bulova.com/products/98d154 ||| http://cdn.shopify.com/s/files/1/1128/6670/products/98d154_grande.png ||| /Users/lcchai/Work/assets/official/bulova/98d154_grande.png
https://intl.bulova.com/products/98d165 ||| http://cdn.shopify.com/s/files/1/1128/6670/products/Sutton_c4109de3-cd10-49b5-a038-58798d398c77_grande.png ||| /Users/lcchai/Work/assets/official/bulova/Sutton_c4109de3-cd10-49b5-a038-58798d398c77_grande.png
https://intl.bulova.com/products/98h51 ||| http://cdn.shopify.com/s/files/1/1128/6670/products/98h51_grande.png ||| /Users/lcchai/Work/assets/official/bulova/98h51_grande.png
https://intl.bulova.com/products/98k107 ||| http://cdn.shopify.com/s/files/1/1128/6670/products/98K107_878defbd-3286-4003-8824-366e88daf30a_grande.png ||| /Users/lcchai/Work/assets/official/bulova/98K107_878defbd-3286-4003-8824-366e88daf30a_grande.png
https://intl.bulova.com/products/98k109 ||| http://cdn.shopify.com/s/files/1/1128/6670/products/98K109_76bd8f2c-7d15-4de2-9fee-aaa637c85541_grande.png ||| /Users/lcchai/Work/assets/official/bulova/98K109_76bd8f2c-7d15-4de2-9fee-aaa637c85541_grande.png
https://intl.bulova.com/products/98l216 ||| http://cdn.shopify.com/s/files/1/1128/6670/products/98l216_grande.png ||| /Users/lcchai/Work/assets/official/bulova/98l216_grande.png
https://intl.bulova.com/products/98l235 ||| http://cdn.shopify.com/s/files/1/1128/6670/products/98l235_grande.png ||| /Users/lcchai/Work/assets/official/bulova/98l235_grande.png
https://intl.bulova.com/products/98l240 ||| http://cdn.shopify.com/s/files/1/1128/6670/products/98l240_grande.png ||| /Users/lcchai/Work/assets/official/bulova/98l240_grande.png
https://intl.bulova.com/products/98l246 ||| http://cdn.shopify.com/s/files/1/1128/6670/products/98l246_grande.png ||| /Users/lcchai/Work/assets/official/bulova/98l246_grande.png
https://intl.bulova.com/products/98l263 ||| http://cdn.shopify.com/s/files/1/1128/6670/products/98l263_grande.png ||| /Users/lcchai/Work/assets/official/bulova/98l263_grande.png
https://intl.bulova.com/products/98l264 ||| http://cdn.shopify.com/s/files/1/1128/6670/products/98l264_grande.png ||| /Users/lcchai/Work/assets/official/bulova/98l264_grande.png
https://intl.bulova.com/products/98l265 ||| http://cdn.shopify.com/s/files/1/1128/6670/products/98l265_grande.png ||| /Users/lcchai/Work/assets/official/bulova/98l265_grande.png
https://intl.bulova.com/products/98l266 ||| http://cdn.shopify.com/s/files/1/1128/6670/products/98l266_grande.png ||| /Users/lcchai/Work/assets/official/bulova/98l266_grande.png
https://intl.bulova.com/products/98l268 ||| http://cdn.shopify.com/s/files/1/1128/6670/products/98l268_grande.png ||| /Users/lcchai/Work/assets/official/bulova/98l268_grande.png
https://intl.bulova.com/products/98l277 ||| http://cdn.shopify.com/s/files/1/1128/6670/products/Sutton_ce26e203-c4c2-4854-ac65-5767ade8f1f8_grande.png ||| /Users/lcchai/Work/assets/official/bulova/Sutton_ce26e203-c4c2-4854-ac65-5767ade8f1f8_grande.png
https://intl.bulova.com/products/98l283 ||| http://cdn.shopify.com/s/files/1/1128/6670/products/98L283_763b0801-5cf9-4c09-865a-b41922494741_grande.png ||| /Users/lcchai/Work/assets/official/bulova/98L283_763b0801-5cf9-4c09-865a-b41922494741_grande.png
https://intl.bulova.com/products/98l284 ||| http://cdn.shopify.com/s/files/1/1128/6670/products/98L284_5b29f100-8029-4327-b8cc-77d3306c096a_grande.png ||| /Users/lcchai/Work/assets/official/bulova/98L284_5b29f100-8029-4327-b8cc-77d3306c096a_grande.png
https://intl.bulova.com/products/98m105 ||| http://cdn.shopify.com/s/files/1/1128/6670/products/98m105_grande.png ||| /Users/lcchai/Work/assets/official/bulova/98m105_grande.png
https://intl.bulova.com/products/98m125 ||| http://cdn.shopify.com/s/files/1/1128/6670/products/98m125_grande.png ||| /Users/lcchai/Work/assets/official/bulova/98m125_grande.png
https://intl.bulova.com/products/98m130 ||| http://cdn.shopify.com/s/files/1/1128/6670/products/98m130_grande.png ||| /Users/lcchai/Work/assets/official/bulova/98m130_grande.png
https://intl.bulova.com/products/98p115 ||| http://cdn.shopify.com/s/files/1/1128/6670/products/98p115_grande.png ||| /Users/lcchai/Work/assets/official/bulova/98p115_grande.png
https://intl.bulova.com/products/98p119 ||| http://cdn.shopify.com/s/files/1/1128/6670/products/98p119_grande.png ||| /Users/lcchai/Work/assets/official/bulova/98p119_grande.png
https://intl.bulova.com/products/98p134 ||| http://cdn.shopify.com/s/files/1/1128/6670/products/98p134_grande.png ||| /Users/lcchai/Work/assets/official/bulova/98p134_grande.png
https://intl.bulova.com/products/98p157 ||| http://cdn.shopify.com/s/files/1/1128/6670/products/98p157_grande.png ||| /Users/lcchai/Work/assets/official/bulova/98p157_grande.png
https://intl.bulova.com/products/98p170 ||| http://cdn.shopify.com/s/files/1/1128/6670/products/98p170_grande.png ||| /Users/lcchai/Work/assets/official/bulova/98p170_grande.png
https://intl.bulova.com/products/98p172 ||| http://cdn.shopify.com/s/files/1/1128/6670/products/98p172_grande.png ||| /Users/lcchai/Work/assets/official/bulova/98p172_grande.png
https://intl.bulova.com/products/98p174 ||| http://cdn.shopify.com/s/files/1/1128/6670/products/98p174_grande.png ||| /Users/lcchai/Work/assets/official/bulova/98p174_grande.png
https://intl.bulova.com/products/98p177 ||| http://cdn.shopify.com/s/files/1/1128/6670/products/98p177_grande.png ||| /Users/lcchai/Work/assets/official/bulova/98p177_grande.png
https://intl.bulova.com/products/98p180 ||| http://cdn.shopify.com/s/files/1/1128/6670/products/98p180_grande.png ||| /Users/lcchai/Work/assets/official/bulova/98p180_grande.png
https://intl.bulova.com/products/98p182 ||| http://cdn.shopify.com/s/files/1/1128/6670/products/98p182_grande.png ||| /Users/lcchai/Work/assets/official/bulova/98p182_grande.png
https://intl.bulova.com/products/98p183 ||| http://cdn.shopify.com/s/files/1/1128/6670/products/98p183_grande.png ||| /Users/lcchai/Work/assets/official/bulova/98p183_grande.png
https://intl.bulova.com/products/98p184 ||| http://cdn.shopify.com/s/files/1/1128/6670/products/98p184_grande.png ||| /Users/lcchai/Work/assets/official/bulova/98p184_grande.png
https://intl.bulova.com/products/98p186 ||| http://cdn.shopify.com/s/files/1/1128/6670/products/98p186_grande.png ||| /Users/lcchai/Work/assets/official/bulova/98p186_grande.png
https://intl.bulova.com/products/98p187 ||| http://cdn.shopify.com/s/files/1/1128/6670/products/98p187_grande.png ||| /Users/lcchai/Work/assets/official/bulova/98p187_grande.png
https://intl.bulova.com/products/98p188 ||| http://cdn.shopify.com/s/files/1/1128/6670/products/98P188_2a5868a5-4b7b-4ddb-abb5-360cf5b40339_grande.png ||| /Users/lcchai/Work/assets/official/bulova/98P188_2a5868a5-4b7b-4ddb-abb5-360cf5b40339_grande.png
https://intl.bulova.com/products/98p192 ||| http://cdn.shopify.com/s/files/1/1128/6670/products/98p192_grande.png ||| /Users/lcchai/Work/assets/official/bulova/98p192_grande.png
https://intl.bulova.com/products/98p193 ||| http://cdn.shopify.com/s/files/1/1128/6670/products/98p193_grande.png ||| /Users/lcchai/Work/assets/official/bulova/98p193_grande.png
https://intl.bulova.com/products/98p194 ||| http://cdn.shopify.com/s/files/1/1128/6670/products/98p194_grande.png ||| /Users/lcchai/Work/assets/official/bulova/98p194_grande.png
https://intl.bulova.com/products/98p202 ||| http://cdn.shopify.com/s/files/1/1128/6670/products/98P202_grande.png ||| /Users/lcchai/Work/assets/official/bulova/98P202_grande.png
https://intl.bulova.com/products/98r230 ||| http://cdn.shopify.com/s/files/1/1128/6670/products/98r230_grande.png ||| /Users/lcchai/Work/assets/official/bulova/98r230_grande.png
https://intl.bulova.com/products/98r237 ||| http://cdn.shopify.com/s/files/1/1128/6670/products/98r237_grande.png ||| /Users/lcchai/Work/assets/official/bulova/98r237_grande.png
https://intl.bulova.com/products/98r239 ||| http://cdn.shopify.com/s/files/1/1128/6670/products/98r239_grande.png ||| /Users/lcchai/Work/assets/official/bulova/98r239_grande.png
https://intl.bulova.com/products/98r240 ||| http://cdn.shopify.com/s/files/1/1128/6670/products/98r240_grande.png ||| /Users/lcchai/Work/assets/official/bulova/98r240_grande.png
https://intl.bulova.com/products/98r241 ||| http://cdn.shopify.com/s/files/1/1128/6670/products/98r241_grande.png ||| /Users/lcchai/Work/assets/official/bulova/98r241_grande.png
https://intl.bulova.com/products/98r242 ||| http://cdn.shopify.com/s/files/1/1128/6670/products/98r242_grande.png ||| /Users/lcchai/Work/assets/official/bulova/98r242_grande.png
https://intl.bulova.com/products/98r243 ||| http://cdn.shopify.com/s/files/1/1128/6670/products/98r243_grande.png ||| /Users/lcchai/Work/assets/official/bulova/98r243_grande.png
https://intl.bulova.com/products/98r246 ||| http://cdn.shopify.com/s/files/1/1128/6670/products/98r246_grande.png ||| /Users/lcchai/Work/assets/official/bulova/98r246_grande.png
https://intl.bulova.com/products/98r247 ||| http://cdn.shopify.com/s/files/1/1128/6670/products/98r247_grande.png ||| /Users/lcchai/Work/assets/official/bulova/98r247_grande.png
https://intl.bulova.com/products/98r248 ||| http://cdn.shopify.com/s/files/1/1128/6670/products/98r248_grande.png ||| /Users/lcchai/Work/assets/official/bulova/98r248_grande.png
https://intl.bulova.com/products/98r249 ||| http://cdn.shopify.com/s/files/1/1128/6670/products/98r249_grande.png ||| /Users/lcchai/Work/assets/official/bulova/98r249_grande.png
https://intl.bulova.com/products/98r250 ||| http://cdn.shopify.com/s/files/1/1128/6670/products/98r250_grande.png ||| /Users/lcchai/Work/assets/official/bulova/98r250_grande.png
https://intl.bulova.com/products/98r252 ||| http://cdn.shopify.com/s/files/1/1128/6670/products/98r252_grande.png ||| /Users/lcchai/Work/assets/official/bulova/98r252_grande.png
https://intl.bulova.com/products/98r263 ||| http://cdn.shopify.com/s/files/1/1128/6670/products/98r263_grande.png ||| /Users/lcchai/Work/assets/official/bulova/98r263_grande.png
https://intl.bulova.com/products/98r264 ||| http://cdn.shopify.com/s/files/1/1128/6670/products/98r264_grande.png ||| /Users/lcchai/Work/assets/official/bulova/98r264_grande.png
https://intl.bulova.com/products/98r265 ||| http://cdn.shopify.com/s/files/1/1128/6670/products/98r265_grande.png ||| /Users/lcchai/Work/assets/official/bulova/98r265_grande.png
https://intl.bulova.com/products/98r266 ||| http://cdn.shopify.com/s/files/1/1128/6670/products/98r266_grande.png ||| /Users/lcchai/Work/assets/official/bulova/98r266_grande.png
https://intl.bulova.com/products/98r267 ||| http://cdn.shopify.com/s/files/1/1128/6670/products/98r267_grande.png ||| /Users/lcchai/Work/assets/official/bulova/98r267_grande.png
https://intl.bulova.com/products/98r268 ||| http://cdn.shopify.com/s/files/1/1128/6670/products/98r268_grande.png ||| /Users/lcchai/Work/assets/official/bulova/98r268_grande.png
https://intl.bulova.com/products/98r273 ||| http://cdn.shopify.com/s/files/1/1128/6670/products/98r273_grande.png ||| /Users/lcchai/Work/assets/official/bulova/98r273_grande.png
https://intl.bulova.com/products/98r274 ||| http://cdn.shopify.com/s/files/1/1128/6670/products/98r274_grande.png ||| /Users/lcchai/Work/assets/official/bulova/98r274_grande.png
https://intl.bulova.com/products/98r278 ||| http://cdn.shopify.com/s/files/1/1128/6670/products/98r278_grande.png ||| /Users/lcchai/Work/assets/official/bulova/98r278_grande.png
https://intl.bulova.com/products/98r279 ||| http://cdn.shopify.com/s/files/1/1128/6670/products/98r279_grande.png ||| /Users/lcchai/Work/assets/official/bulova/98r279_grande.png
https://intl.bulova.com/products/98t84 ||| http://cdn.shopify.com/s/files/1/1128/6670/products/98t84_grande.png ||| /Users/lcchai/Work/assets/official/bulova/98t84_grande.png
https://intl.bulova.com/products/98x109 ||| http://cdn.shopify.com/s/files/1/1128/6670/products/98x109_grande.png ||| /Users/lcchai/Work/assets/official/bulova/98x109_grande.png
https://intl.bulova.com/products/98x119 ||| http://cdn.shopify.com/s/files/1/1128/6670/products/98x119_grande.png ||| /Users/lcchai/Work/assets/official/bulova/98x119_grande.png
https://intl.bulova.com/products/98x126 ||| http://cdn.shopify.com/s/files/1/1128/6670/products/98X126_46d4e8b7-ebc9-4783-a69c-e54125644bc6_grande.png ||| /Users/lcchai/Work/assets/official/bulova/98X126_46d4e8b7-ebc9-4783-a69c-e54125644bc6_grande.png
