https://www.cartier.com/en-us/collections/watches/mens-watches/pasha-de-cartier/hpi01483-pasha-de-cartier-watch.html ||| 404
https://www.cartier.com/en-us/collections/watches/mens-watches/pasha-de-cartier/whpa0012-pasha-de-cartier-watch.html ||| 404
https://www.cartier.com/en-us/collections/watches/mens-watches/pasha-de-cartier/whpa0013-pasha-de-cartier-watch.html ||| 404
https://www.cartier.com/en-us/collections/watches/mens-watches/pasha-de-cartier/whpa0014-pasha-de-cartier-watch.html ||| 404
https://www.en.cartier.com/collections/watches/mens-watches/tank/tank-americaine/wsta0017-tank-am%C3%A9ricaine-watch.html ||| 404
https://www.en.cartier.com/collections/watches/mens-watches/tank/tank-americaine/wsta0018-tank-am%C3%A9ricaine-watch.html ||| 404
https://www.en.cartier.com/collections/watches/mens-watches/tank/tank-cintr%C3%A9e/hpi01123-tank-cintr%C3%A9e-watch.html ||| 404
https://www.en.cartier.com/collections/watches/mens-watches/tank/tank-cintr%C3%A9e/wgta0025-tank-cintr%C3%A9e-watch.html ||| 404
https://www.en.cartier.com/collections/watches/mens-watches/tank/tank-cintr%C3%A9e/wgta0026-tank-cintr%C3%A9e-watch.html ||| 404
https://www.en.cartier.com/collections/watches/mens-watches/tank/tank-cintr%C3%A9e/wgta0027-tank-cintr%C3%A9e-watch.html ||| 404
https://www.en.cartier.com/collections/watches/mens-watches/tank/tank-cintr%C3%A9e/whta0008-tank-cintr%C3%A9e-watch.html ||| 404
https://www.en.cartier.com/collections/watches/mens-watches/tank/tank-cintr%C3%A9e/whta0009-tank-cintr%C3%A9e-watch.html ||| 404
https://www.en.cartier.com/collections/watches/women-s-watches/baignoire/hpi01306-baignoire-allong%C3%A9e-watch.html ||| 404
https://www.en.cartier.com/collections/watches/women-s-watches/baignoire/hpi01307-baignoire-allong%C3%A9e-watch.html ||| 404
https://www.en.cartier.com/collections/watches/women-s-watches/baignoire/wgba0009-baignoire-allong%C3%A9e-watch.html ||| 404
https://www.en.cartier.com/collections/watches/women-s-watches/baignoire/wgba0010-baignoire-allong%C3%A9e-watch.html ||| 404
https://www.en.cartier.com/collections/watches/women-s-watches/baignoire/wjba0006-baignoire-allong%C3%A9e-watch.html ||| 404
https://www.en.cartier.com/collections/watches/women-s-watches/baignoire/wjba0007-baignoire-allong%C3%A9e-watch.html ||| 404
https://www.en.cartier.com/collections/watches/women-s-watches/baignoire/wjba0008-baignoire-allong%C3%A9e-watch.html ||| 404
https://www.en.cartier.com/collections/watches/women-s-watches/baignoire/wjba0009-baignoire-allong%C3%A9e-watch.html ||| 404
https://www.en.cartier.com/collections/watches/women-s-watches/baignoire/wjba0010-baignoire-allong%C3%A9e-watch.html ||| 404
https://www.en.cartier.com/collections/watches/women-s-watches/baignoire/wjba0011-baignoire-allong%C3%A9e-watch.html ||| 404
https://www.en.cartier.com/collections/watches/women-s-watches/baignoire/wjba0016-baignoire-allong%C3%A9e-watch.html ||| 404
https://www.en.cartier.com/collections/watches/women-s-watches/baignoire/wjba0017-baignoire-allong%C3%A9e-watch.html ||| 404
https://www.en.cartier.com/collections/watches/women-s-watches/cl%C3%A9-de-cartier/hpi00933-cl%C3%A9-de-cartier-35-mm-flying-tourbillon-watch.html ||| 404
https://www.en.cartier.com/collections/watches/women-s-watches/cl%C3%A9-de-cartier/hpi00980-cl%C3%A9-de-cartier-watch.html ||| 404
https://www.en.cartier.com/collections/watches/women-s-watches/cl%C3%A9-de-cartier/hpi00981-cl%C3%A9-de-cartier-watch.html ||| 404
https://www.en.cartier.com/collections/watches/women-s-watches/cl%C3%A9-de-cartier/hpi01039-cl%C3%A9-de-cartier-watch.html ||| 404
https://www.en.cartier.com/collections/watches/women-s-watches/cl%C3%A9-de-cartier/hpi01040-cl%C3%A9-de-cartier-watch.html ||| 404
https://www.en.cartier.com/collections/watches/women-s-watches/cl%C3%A9-de-cartier/hpi01041-cl%C3%A9-de-cartier-watch.html ||| 404
https://www.en.cartier.com/collections/watches/women-s-watches/cl%C3%A9-de-cartier/hpi01063-cl%C3%A9-de-cartier-watch.html ||| 404
https://www.en.cartier.com/collections/watches/women-s-watches/cl%C3%A9-de-cartier/hpi01101-cl%C3%A9-de-cartier-watch.html ||| 404
https://www.en.cartier.com/collections/watches/women-s-watches/cl%C3%A9-de-cartier/wscl0005-cl%C3%A9-de-cartier-watch.html ||| 404
https://www.en.cartier.com/collections/watches/women-s-watches/cl%C3%A9-de-cartier/wscl0006-cl%C3%A9-de-cartier-watch.html ||| 404
https://www.en.cartier.com/collections/watches/women-s-watches/cl%C3%A9-de-cartier/wscl0016-cl%C3%A9-de-cartier-watch.html ||| 404
https://www.en.cartier.com/collections/watches/women-s-watches/cl%C3%A9-de-cartier/wscl0017-cl%C3%A9-de-cartier-watch.html ||| 404
https://www.en.cartier.com/collections/watches/women-s-watches/tank/tank-am%C3%A9ricaine/hpi00724-tank-am%C3%A9ricaine-watch.html ||| 404
https://www.en.cartier.com/collections/watches/women-s-watches/tank/tank-am%C3%A9ricaine/w2607456-tank-am%C3%A9ricaine-watch.html ||| 404
https://www.en.cartier.com/collections/watches/women-s-watches/tank/tank-am%C3%A9ricaine/w2620030-tank-am%C3%A9ricaine-watch.html ||| 404
https://www.en.cartier.com/collections/watches/women-s-watches/tank/tank-am%C3%A9ricaine/wb704751-tank-am%C3%A9ricaine-watch-medium-model.html ||| 404
https://www.en.cartier.com/collections/watches/women-s-watches/tank/tank-am%C3%A9ricaine/wb707331-tank-am%C3%A9ricaine-watch.html ||| 404
https://www.en.cartier.com/collections/watches/women-s-watches/tank/tank-am%C3%A9ricaine/wb707931-tank-am%C3%A9ricaine-watch.html ||| 404
https://www.en.cartier.com/collections/watches/women-s-watches/tank/tank-am%C3%A9ricaine/wb710002-tank-am%C3%A9ricaine-watch.html ||| 404
https://www.en.cartier.com/collections/watches/women-s-watches/tank/tank-am%C3%A9ricaine/wb710008-tank-am%C3%A9ricaine-watch.html ||| 404
https://www.en.cartier.com/collections/watches/women-s-watches/tank/tank-am%C3%A9ricaine/wb710009-tank-am%C3%A9ricaine-watch.html ||| 404
https://www.en.cartier.com/collections/watches/women-s-watches/tank/tank-am%C3%A9ricaine/wb710010-tank-am%C3%A9ricaine-watch.html ||| 404
https://www.en.cartier.com/collections/watches/women-s-watches/tank/tank-am%C3%A9ricaine/wb710011-tank-am%C3%A9ricaine-watch.html ||| 404
https://www.en.cartier.com/collections/watches/women-s-watches/tank/tank-am%C3%A9ricaine/wb710012-tank-am%C3%A9ricaine-watch.html ||| 404
https://www.en.cartier.com/collections/watches/women-s-watches/tank/tank-am%C3%A9ricaine/wb710013-tank-am%C3%A9ricaine-watch.html ||| 404
https://www.en.cartier.com/collections/watches/women-s-watches/tank/tank-am%C3%A9ricaine/wb710014-tank-am%C3%A9ricaine-watch.html ||| 404
https://www.en.cartier.com/collections/watches/women-s-watches/tank/tank-am%C3%A9ricaine/wb710015-tank-am%C3%A9ricaine-watch.html ||| 404
https://www.en.cartier.com/collections/watches/women-s-watches/tank/tank-am%C3%A9ricaine/wjta0002-tank-am%C3%A9ricaine-watch.html ||| 404
https://www.en.cartier.com/collections/watches/women-s-watches/tank/tank-am%C3%A9ricaine/wjta0003-tank-am%C3%A9ricaine-watch.html ||| 404
https://www.en.cartier.com/collections/watches/women-s-watches/tank/tank-am%C3%A9ricaine/wsta0016-tank-am%C3%A9ricaine-watch.html ||| 404
https://www.en.cartier.com/collections/watches/women-s-watches/tank/tank-am%C3%A9ricaine/wsta0017-tank-am%C3%A9ricaine-watch.html ||| 404
https://www.en.cartier.com/collections/watches/women-s-watches/tank/tank-cintr%C3%A9e/hpi01123-tank-cintr%C3%A9e-watch.html ||| 404
https://www.en.cartier.com/collections/watches/women-s-watches/tank/tank-fran%C3%A7aise/w2ta0003-tank-fran%C3%A7aise-watch.html ||| 404
https://www.en.cartier.com/collections/watches/women-s-watches/tank/tank-fran%C3%A7aise/w4ta0008-tank-fran%C3%A7aise-watch.html ||| 404
https://www.en.cartier.com/collections/watches/women-s-watches/tank/tank-fran%C3%A7aise/w4ta0009-tank-fran%C3%A7aise-watch.html ||| 404
https://www.en.cartier.com/collections/watches/women-s-watches/tank/tank-fran%C3%A7aise/w51005q4-tank-fran%C3%A7aise-watch.html ||| 404
https://www.en.cartier.com/collections/watches/women-s-watches/tank/tank-fran%C3%A7aise/w51007q4-tank-fran%C3%A7aise-watch.html ||| 404
https://www.en.cartier.com/collections/watches/women-s-watches/tank/tank-fran%C3%A7aise/w51008q3-tank-fran%C3%A7aise-watch.html ||| 404
https://www.en.cartier.com/collections/watches/women-s-watches/tank/tank-fran%C3%A7aise/we110004-tank-fran%C3%A7aise-watch.html ||| 404
https://www.en.cartier.com/collections/watches/women-s-watches/tank/tank-fran%C3%A7aise/we110005-tank-fran%C3%A7aise-watch.html ||| 404
https://www.en.cartier.com/collections/watches/women-s-watches/tank/tank-fran%C3%A7aise/wgta0029-tank-fran%C3%A7aise-watch.html ||| 404
https://www.en.cartier.com/collections/watches/women-s-watches/tank/tank-fran%C3%A7aise/wgta0030-tank-fran%C3%A7aise-watch.html ||| 404
https://www.en.cartier.com/collections/watches/women-s-watches/tank/tank-fran%C3%A7aise/wgta0031-tank-fran%C3%A7aise-watch.html ||| 404
https://www.en.cartier.com/collections/watches/women-s-watches/tank/tank-fran%C3%A7aise/wgta0032-tank-fran%C3%A7aise-watch.html ||| 404
https://www.en.cartier.com/collections/watches/women-s-watches/tank/tank-fran%C3%A7aise/wjta0022-tank-fran%C3%A7aise-watch.html ||| 404
https://www.en.cartier.com/collections/watches/women-s-watches/tank/tank-fran%C3%A7aise/wjta0023-tank-fran%C3%A7aise-watch.html ||| 404
https://www.en.cartier.com/collections/watches/women-s-watches/tank/tank-fran%C3%A7aise/wjta0024-tank-fran%C3%A7aise-watch.html ||| 404
https://www.en.cartier.com/collections/watches/women-s-watches/tank/tank-fran%C3%A7aise/wjta0025-tank-fran%C3%A7aise-watch.html ||| 404
https://www.en.cartier.com/collections/watches/women-s-watches/tank/tank-fran%C3%A7aise/wsta0005-tank-fran%C3%A7aise-watch.html ||| 404
