https://www.cartier.com/en-us/collections/watches/mens-watches/ballon-de-cartier-all/wgbb0035-ballon-bleu-de-cartier-watch.html ||| https://www.cartier.com/content/dam/rcq/car/20/54/32/6/2054326.png ||| /Users/lcchai/Work/assets/official/cartier/2054326.png
https://www.cartier.com/en-us/collections/watches/mens-watches/ballon-de-cartier-all/wgbb0039-ballon-bleu-de-cartier-watch.html ||| https://www.cartier.com/content/dam/rcq/car/20/54/33/4/2054334.png ||| /Users/lcchai/Work/assets/official/cartier/2054334.png
https://www.cartier.com/en-us/collections/watches/mens-watches/ballon-de-cartier-all/wjbb0056-ballon-bleu-de-cartier-watch.html ||| https://www.cartier.com/content/dam/rcq/car/21/09/82/4/2109824.png ||| /Users/lcchai/Work/assets/official/cartier/2109824.png
https://www.cartier.com/en-us/collections/watches/mens-watches/ballon-de-cartier-all/wjbb0057-ballon-bleu-de-cartier-watch.html ||| https://www.cartier.com/content/dam/rcq/car/21/02/47/0/2102470.png ||| /Users/lcchai/Work/assets/official/cartier/2102470.png
https://www.cartier.com/en-us/collections/watches/mens-watches/ballon-de-cartier-all/wsbb0039-ballon-bleu-de-cartier-watch.html ||| https://www.cartier.com/content/dam/rcq/car/20/54/33/0/2054330.png ||| /Users/lcchai/Work/assets/official/cartier/2054330.png
https://www.cartier.com/en-us/collections/watches/mens-watches/ballon-de-cartier-all/wsbb0040-ballon-bleu-de-cartier-watch.html ||| https://www.cartier.com/content/dam/rcq/car/20/54/33/1/2054331.png ||| /Users/lcchai/Work/assets/official/cartier/2054331.png
https://www.cartier.com/en-us/collections/watches/mens-watches/pasha-de-cartier/w3019351-pasha-42-mm-watch.html ||| https://www.cartier.com/content/dam/rcq/car/58/61/31/586131.png ||| /Users/lcchai/Work/assets/official/cartier/586131.png
https://www.cartier.com/en-us/collections/watches/mens-watches/pasha-de-cartier/w3019951-pasha-42-mm-watch.html ||| https://www.cartier.com/content/dam/rcq/car/59/10/54/591054.png ||| /Users/lcchai/Work/assets/official/cartier/591054.png
https://www.cartier.com/en-us/collections/watches/mens-watches/pasha-de-cartier/w3108555-pasha-42-mm-watch.html ||| https://www.cartier.com/content/dam/rcq/car/58/87/30/588730.png ||| /Users/lcchai/Work/assets/official/cartier/588730.png
https://www.cartier.com/en-us/collections/watches/mens-watches/pasha-de-cartier/whpa0015-pasha-de-cartier-watch.html ||| https://www.cartier.com/content/dam/rcq/car/20/87/59/6/2087596.png ||| /Users/lcchai/Work/assets/official/cartier/2087596.png
https://www.cartier.com/en-us/collections/watches/mens-watches/santos-de-cartier-all/wgsa0010-santos-de-cartier-watch.html ||| https://www.cartier.com/content/dam/rcq/car/16/66/40/0/1666400.png ||| /Users/lcchai/Work/assets/official/cartier/1666400.png
https://www.cartier.com/en-us/collections/watches/mens-watches/santos-de-cartier-all/wssa0018-santos-de-cartier-watch.html ||| https://www.cartier.com/content/dam/rcq/car/16/66/14/3/1666143.png ||| /Users/lcchai/Work/assets/official/cartier/1666143.png
https://www.cartier.com/en-us/collections/watches/mens-watches/santos-de-cartier/santos-de-cartier/wgsa0010-santos-de-cartier-watch.html ||| https://www.cartier.com/content/dam/rcq/car/16/66/40/0/1666400.png ||| /Users/lcchai/Work/assets/official/cartier/1666400.png
https://www.cartier.com/en-us/collections/watches/mens-watches/santos-de-cartier/santos-de-cartier/wssa0018-santos-de-cartier-watch.html ||| https://www.cartier.com/content/dam/rcq/car/16/66/14/3/1666143.png ||| /Users/lcchai/Work/assets/official/cartier/1666143.png
https://www.cartier.com/en-us/collections/watches/women-s-watch/ballon-de-cartier-all/wjbb0056-ballon-bleu-de-cartier-watch.html ||| https://www.cartier.com/content/dam/rcq/car/21/09/82/4/2109824.png ||| /Users/lcchai/Work/assets/official/cartier/2109824.png
https://www.cartier.com/en-us/collections/watches/women-s-watch/ballon-de-cartier-all/wjbb0057-ballon-bleu-de-cartier-watch.html ||| https://www.cartier.com/content/dam/rcq/car/21/02/47/0/2102470.png ||| /Users/lcchai/Work/assets/official/cartier/2102470.png
https://www.cartier.com/en-us/collections/watches/women-s-watch/ballon-de-cartier-all/wjbb0062-ballon-bleu-de-cartier-watch.html ||| https://www.cartier.com/content/dam/rcq/car/72/37/72/723772.png ||| /Users/lcchai/Work/assets/official/cartier/723772.png
https://www.cartier.com/en-us/collections/watches/women-s-watch/panth%C3%A8re-jewelry-watches/hpi01358-other-panth%C3%A8re-jewelry-watches.html ||| https://www.cartier.com/content/dam/rcq/car/20/62/67/5/2062675.png ||| /Users/lcchai/Work/assets/official/cartier/2062675.png
https://www.cartier.com/en-us/collections/watches/women-s-watch/panth%C3%A8re-jewelry-watches/hpi01359-other-panth%C3%A8re-jewelry-watches.html ||| https://www.cartier.com/content/dam/rcq/car/21/34/49/8/2134498.png ||| /Users/lcchai/Work/assets/official/cartier/2134498.png
https://www.cartier.com/en-us/collections/watches/women-s-watch/panth%C3%A8re-jewelry-watches/hpi01388-watch-with-menagerie-motif.html ||| https://www.cartier.com/content/dam/rcq/car/20/95/31/1/2095311.png ||| /Users/lcchai/Work/assets/official/cartier/2095311.png
https://www.cartier.com/en-us/collections/watches/women-s-watch/panth%C3%A8re-jewelry-watches/hpi01437-watch-with-menagerie-motif.html ||| https://www.cartier.com/content/dam/rcq/car/20/13/31/0/2013310.png ||| /Users/lcchai/Work/assets/official/cartier/2013310.png
https://www.cartier.com/en-us/collections/watches/women-s-watch/panth%C3%A8re-jewelry-watches/hpi01438-watch-with-menagerie-motif.html ||| https://www.cartier.com/content/dam/rcq/car/20/70/01/2/2070012.png ||| /Users/lcchai/Work/assets/official/cartier/2070012.png
https://www.cartier.com/en-us/collections/watches/women-s-watch/panth%C3%A8re-jewelry-watches/hpi01472-watch-with-menagerie-motif.html ||| https://www.cartier.com/content/dam/rcq/car/20/63/27/4/2063274.png ||| /Users/lcchai/Work/assets/official/cartier/2063274.png
https://www.cartier.com/en-us/collections/watches/women-s-watch/santos-de-cartier-all/wgsa0010-santos-de-cartier-watch.html ||| https://www.cartier.com/content/dam/rcq/car/16/66/40/0/1666400.png ||| /Users/lcchai/Work/assets/official/cartier/1666400.png
https://www.cartier.com/en-us/collections/watches/women-s-watch/santos-de-cartier/santos-de-cartier/wgsa0010-santos-de-cartier-watch.html ||| https://www.cartier.com/content/dam/rcq/car/16/66/40/0/1666400.png ||| /Users/lcchai/Work/assets/official/cartier/1666400.png
https://www.en.cartier.com/collections/watches/mens-watches/ballon-bleu-de-cartier/hpi00582-ballon-bleu-de-cartier-watch.html ||| https://encartier.ipscdn.net/content/dam/rcq/car/59/16/52/591652.png ||| /Users/lcchai/Work/assets/official/cartier/591652.png
https://www.en.cartier.com/collections/watches/mens-watches/ballon-bleu-de-cartier/w69005z2-ballon-bleu-de-cartier-watch.html ||| https://encartier.ipscdn.net/content/dam/rcq/car/59/04/32/590432.png ||| /Users/lcchai/Work/assets/official/cartier/590432.png
https://www.en.cartier.com/collections/watches/mens-watches/ballon-bleu-de-cartier/w6900651-ballon-bleu-de-cartier-watch.html ||| https://encartier.ipscdn.net/content/dam/rcq/car/59/00/31/590031.png ||| /Users/lcchai/Work/assets/official/cartier/590031.png
https://www.en.cartier.com/collections/watches/mens-watches/ballon-bleu-de-cartier/w69006z2-ballon-bleu-de-cartier-watch.html ||| https://encartier.ipscdn.net/content/dam/rcq/car/58/58/16/585816.png ||| /Users/lcchai/Work/assets/official/cartier/585816.png
https://www.en.cartier.com/collections/watches/mens-watches/ballon-bleu-de-cartier/w69009z3-ballon-bleu-de-cartier-watch.html ||| https://encartier.ipscdn.net/content/dam/rcq/car/59/38/39/593839.png ||| /Users/lcchai/Work/assets/official/cartier/593839.png
https://www.en.cartier.com/collections/watches/mens-watches/ballon-bleu-de-cartier/w6920009-ballon-bleu-de-cartier-watch.html ||| https://encartier.ipscdn.net/content/dam/rcq/car/58/31/52/583152.png ||| /Users/lcchai/Work/assets/official/cartier/583152.png
https://www.en.cartier.com/collections/watches/mens-watches/ballon-bleu-de-cartier/w6920037-ballon-bleu-de-cartier-watch.html ||| https://encartier.ipscdn.net/content/dam/rcq/car/58/78/35/587835.png ||| /Users/lcchai/Work/assets/official/cartier/587835.png
https://www.en.cartier.com/collections/watches/mens-watches/ballon-bleu-de-cartier/w6920042-ballon-bleu-de-cartier-watch.html ||| https://encartier.ipscdn.net/content/dam/rcq/car/62/07/66/620766.png ||| /Users/lcchai/Work/assets/official/cartier/620766.png
https://www.en.cartier.com/collections/watches/mens-watches/ballon-bleu-de-cartier/w6920074-ballon-bleu-de-cartier-watch.html ||| https://encartier.ipscdn.net/content/dam/rcq/car/15/11/10/2/1511102.png ||| /Users/lcchai/Work/assets/official/cartier/1511102.png
https://www.en.cartier.com/collections/watches/mens-watches/ballon-bleu-de-cartier/w6920083-ballon-bleu-de-cartier-watch.html ||| https://encartier.ipscdn.net/content/dam/rcq/car/10/28/16/6/1028166.png ||| /Users/lcchai/Work/assets/official/cartier/1028166.png
https://www.en.cartier.com/collections/watches/mens-watches/ballon-bleu-de-cartier/w6920089-ballon-bleu-de-cartier-watch.html ||| https://encartier.ipscdn.net/content/dam/rcq/car/11/72/52/2/1172522.png ||| /Users/lcchai/Work/assets/official/cartier/1172522.png
https://www.en.cartier.com/collections/watches/mens-watches/ballon-bleu-de-cartier/w6920095-ballon-bleu-de-cartier-watch.html ||| https://encartier.ipscdn.net/content/dam/rcq/car/62/07/68/620768.png ||| /Users/lcchai/Work/assets/official/cartier/620768.png
https://www.en.cartier.com/collections/watches/mens-watches/ballon-bleu-de-cartier/w6920105-ballon-bleu-de-cartier-flying-tourbillon-watch.html ||| https://encartier.ipscdn.net/content/dam/rcq/car/59/52/30/595230.png ||| /Users/lcchai/Work/assets/official/cartier/595230.png
https://www.en.cartier.com/collections/watches/mens-watches/ballon-bleu-de-cartier/wsbb0003-ballon-bleu-de-cartier-watch.html ||| https://encartier.ipscdn.net/content/dam/rcq/car/66/23/73/662373.png ||| /Users/lcchai/Work/assets/official/cartier/662373.png
https://www.en.cartier.com/collections/watches/mens-watches/ballon-bleu-de-cartier/wsbb0015-ballon-bleu-de-cartier-carbon-watch.html ||| https://encartier.ipscdn.net/content/dam/rcq/car/10/38/00/2/1038002.png ||| /Users/lcchai/Work/assets/official/cartier/1038002.png
https://www.en.cartier.com/collections/watches/mens-watches/cle-de-cartier/wscl0007-cle-de-cartier-watch.html ||| https://encartier.ipscdn.net/content/dam/rcq/car/10/44/14/2/1044142.png ||| /Users/lcchai/Work/assets/official/cartier/1044142.png
https://www.en.cartier.com/collections/watches/mens-watches/cle-de-cartier/wscl0018-cle-de-cartier-watch.html ||| https://encartier.ipscdn.net/content/dam/rcq/car/14/39/79/0/1439790.png ||| /Users/lcchai/Work/assets/official/cartier/1439790.png
https://www.en.cartier.com/collections/watches/mens-watches/drive-de-cartier/w4100013-drive-de-cartier-flying-tourbillon.html ||| https://encartier.ipscdn.net/content/dam/rcq/car/10/41/67/2/1041672.png ||| /Users/lcchai/Work/assets/official/cartier/1041672.png
https://www.en.cartier.com/collections/watches/mens-watches/drive-de-cartier/wgnm0003-drive-de-cartier-watch.html ||| https://encartier.ipscdn.net/content/dam/rcq/car/10/37/99/9/1037999.png ||| /Users/lcchai/Work/assets/official/cartier/1037999.png
https://www.en.cartier.com/collections/watches/mens-watches/drive-de-cartier/wgnm0005-drive-de-cartier-watch-large-date-retrograde-second-tim.html ||| https://encartier.ipscdn.net/content/dam/rcq/car/10/38/00/1/1038001.png ||| /Users/lcchai/Work/assets/official/cartier/1038001.png
https://www.en.cartier.com/collections/watches/mens-watches/drive-de-cartier/wgnm0006-drive-de-cartier-extra-flat-watch.html ||| https://encartier.ipscdn.net/content/dam/rcq/car/14/37/98/2/1437982.png ||| /Users/lcchai/Work/assets/official/cartier/1437982.png
https://www.en.cartier.com/collections/watches/mens-watches/drive-de-cartier/wgnm0007-drive-de-cartier-extra-flat-watch.html ||| https://encartier.ipscdn.net/content/dam/rcq/car/14/37/98/3/1437983.png ||| /Users/lcchai/Work/assets/official/cartier/1437983.png
https://www.en.cartier.com/collections/watches/mens-watches/drive-de-cartier/wgnm0008-drive-de-cartier-moon-phases-watch.html ||| https://encartier.ipscdn.net/content/dam/rcq/car/14/37/98/4/1437984.png ||| /Users/lcchai/Work/assets/official/cartier/1437984.png
https://www.en.cartier.com/collections/watches/mens-watches/drive-de-cartier/wgnm0011-drive-de-cartier-watch.html ||| https://encartier.ipscdn.net/content/dam/rcq/car/16/23/15/1/1623151.png ||| /Users/lcchai/Work/assets/official/cartier/1623151.png
https://www.en.cartier.com/collections/watches/mens-watches/drive-de-cartier/wsnm0004-drive-de-cartier-watch.html ||| https://encartier.ipscdn.net/content/dam/rcq/car/10/38/00/5/1038005.png ||| /Users/lcchai/Work/assets/official/cartier/1038005.png
https://www.en.cartier.com/collections/watches/mens-watches/drive-de-cartier/wsnm0005-drive-de-cartier-watch-large-date-retrograde-second-tim.html ||| https://encartier.ipscdn.net/content/dam/rcq/car/10/38/00/6/1038006.png ||| /Users/lcchai/Work/assets/official/cartier/1038006.png
https://www.en.cartier.com/collections/watches/mens-watches/drive-de-cartier/wsnm0008-drive-de-cartier-moon-phases-watch.html ||| https://encartier.ipscdn.net/content/dam/rcq/car/14/37/99/5/1437995.png ||| /Users/lcchai/Work/assets/official/cartier/1437995.png
https://www.en.cartier.com/collections/watches/mens-watches/drive-de-cartier/wsnm0009-drive-de-cartier-watch.html ||| https://encartier.ipscdn.net/content/dam/rcq/car/11/27/55/9/1127559.png ||| /Users/lcchai/Work/assets/official/cartier/1127559.png
https://www.en.cartier.com/collections/watches/mens-watches/drive-de-cartier/wsnm0011-drive-de-cartier-extra-flat-watch.html ||| https://encartier.ipscdn.net/content/dam/rcq/car/16/23/16/9/1623169.png ||| /Users/lcchai/Work/assets/official/cartier/1623169.png
https://www.en.cartier.com/collections/watches/mens-watches/ronde-de-cartier/ronde-louis-cartier/w6801005-ronde-louis-cartier-watch.html ||| https://encartier.ipscdn.net/content/dam/rcq/car/64/97/73/649773.png ||| /Users/lcchai/Work/assets/official/cartier/649773.png
https://www.en.cartier.com/collections/watches/mens-watches/ronde-de-cartier/ronde-solo-de-cartier/w6701009-ronde-solo-de-cartier-watch.html ||| https://encartier.ipscdn.net/content/dam/rcq/car/58/42/40/584240.png ||| /Users/lcchai/Work/assets/official/cartier/584240.png
https://www.en.cartier.com/collections/watches/mens-watches/ronde-de-cartier/ronde-solo-de-cartier/w6701010-ronde-solo-de-cartier-watch.html ||| https://encartier.ipscdn.net/content/dam/rcq/car/59/20/61/592061.png ||| /Users/lcchai/Work/assets/official/cartier/592061.png
https://www.en.cartier.com/collections/watches/mens-watches/ronde-de-cartier/ronde-solo-de-cartier/w6701011-ronde-solo-de-cartier-watch.html ||| https://encartier.ipscdn.net/content/dam/rcq/car/58/54/34/585434.png ||| /Users/lcchai/Work/assets/official/cartier/585434.png
https://www.en.cartier.com/collections/watches/mens-watches/ronde-de-cartier/ronde-solo-de-cartier/wsrn0023-ronde-solo-de-cartier-watch.html ||| https://encartier.ipscdn.net/content/dam/rcq/car/17/76/79/1/1776791.png ||| /Users/lcchai/Work/assets/official/cartier/1776791.png
https://www.en.cartier.com/collections/watches/mens-watches/rotonde-de-cartier/hpi00588-rotonde-de-cartier-mysterious-double-tourbillon-watch.html ||| https://encartier.ipscdn.net/content/dam/rcq/car/59/51/28/595128.png ||| /Users/lcchai/Work/assets/official/cartier/595128.png
https://www.en.cartier.com/collections/watches/mens-watches/rotonde-de-cartier/hpi00639-rotonde-de-cartier-watch.html ||| https://encartier.ipscdn.net/content/dam/rcq/car/60/07/59/600759.png ||| /Users/lcchai/Work/assets/official/cartier/600759.png
https://www.en.cartier.com/collections/watches/mens-watches/rotonde-de-cartier/hpi00889-rotonde-de-cartier-mysterious-hours-watch.html ||| https://encartier.ipscdn.net/content/dam/rcq/car/60/07/58/600758.png ||| /Users/lcchai/Work/assets/official/cartier/600758.png
https://www.en.cartier.com/collections/watches/mens-watches/rotonde-de-cartier/hpi00890-rotonde-de-cartier-mysterious-hours-watch.html ||| https://encartier.ipscdn.net/content/dam/rcq/car/62/59/23/625923.png ||| /Users/lcchai/Work/assets/official/cartier/625923.png
https://www.en.cartier.com/collections/watches/mens-watches/rotonde-de-cartier/hpi00939-rotonde-de-cartier-grande-complication-skeleton-watch.html ||| https://encartier.ipscdn.net/content/dam/rcq/car/10/33/85/0/1033850.png ||| /Users/lcchai/Work/assets/official/cartier/1033850.png
https://www.en.cartier.com/collections/watches/mens-watches/rotonde-de-cartier/hpi00940-rotonde-de-cartier-astrotourbillon-skeleton-watch.html ||| https://encartier.ipscdn.net/content/dam/rcq/car/85/73/70/857370.png ||| /Users/lcchai/Work/assets/official/cartier/857370.png
https://www.en.cartier.com/collections/watches/mens-watches/rotonde-de-cartier/hpi00941-rotonde-de-cartier-astrotourbillon-skeleton-watch.html ||| https://encartier.ipscdn.net/content/dam/rcq/car/85/73/71/857371.png ||| /Users/lcchai/Work/assets/official/cartier/857371.png
https://www.en.cartier.com/collections/watches/mens-watches/rotonde-de-cartier/hpi00942-rotonde-de-cartier-flying-tourbillon-reversed-dial-watch.html ||| https://encartier.ipscdn.net/content/dam/rcq/car/10/33/85/1/1033851.png ||| /Users/lcchai/Work/assets/official/cartier/1033851.png
https://www.en.cartier.com/collections/watches/mens-watches/rotonde-de-cartier/hpi01071-rotonde-astromysterieux-baguettes-watch.html ||| https://encartier.ipscdn.net/content/dam/rcq/car/11/10/44/8/1110448.png ||| /Users/lcchai/Work/assets/official/cartier/1110448.png
https://www.en.cartier.com/collections/watches/mens-watches/rotonde-de-cartier/hpi01072-rotonde-astromysterieux-baguettes-watch.html ||| https://encartier.ipscdn.net/content/dam/rcq/car/11/10/44/9/1110449.png ||| /Users/lcchai/Work/assets/official/cartier/1110449.png
https://www.en.cartier.com/collections/watches/mens-watches/rotonde-de-cartier/hpi01073-rotonde-astromysterieux-watch-with-baguette-cut-stones.html ||| https://encartier.ipscdn.net/content/dam/rcq/car/11/10/45/0/1110450.png ||| /Users/lcchai/Work/assets/official/cartier/1110450.png
https://www.en.cartier.com/collections/watches/mens-watches/rotonde-de-cartier/hpi01102-rotonde-de-cartier-minute-repeater-mysterious-double-to.html ||| https://encartier.ipscdn.net/content/dam/rcq/car/17/50/86/2/1750862.png ||| /Users/lcchai/Work/assets/official/cartier/1750862.png
https://www.en.cartier.com/collections/watches/mens-watches/rotonde-de-cartier/hpi01199-fine-watchmaking-paved-watch.html ||| https://encartier.ipscdn.net/content/dam/rcq/car/16/42/49/6/1642496.png ||| /Users/lcchai/Work/assets/official/cartier/1642496.png
https://www.en.cartier.com/collections/watches/mens-watches/rotonde-de-cartier/hpi01300-rotonde-de-cartier-mysterious-movement-watch.html ||| https://encartier.ipscdn.net/content/dam/rcq/car/17/90/21/5/1790215.png ||| /Users/lcchai/Work/assets/official/cartier/1790215.png
https://www.en.cartier.com/collections/watches/mens-watches/rotonde-de-cartier/w1556238-rotonde-de-cartier-chronograph-watch.html ||| https://encartier.ipscdn.net/content/dam/rcq/car/82/47/47/824747.png ||| /Users/lcchai/Work/assets/official/cartier/824747.png
https://www.en.cartier.com/collections/watches/mens-watches/rotonde-de-cartier/w1556251-rotonde-de-cartier-grande-complication-skeleton-watch.html ||| https://encartier.ipscdn.net/content/dam/rcq/car/77/84/17/778417.png ||| /Users/lcchai/Work/assets/official/cartier/778417.png
https://www.en.cartier.com/collections/watches/mens-watches/rotonde-de-cartier/whro0011-cartier-mysterious-double-tourbillon-pocket-watch.html ||| https://encartier.ipscdn.net/content/dam/rcq/car/11/72/68/3/1172683.png ||| /Users/lcchai/Work/assets/official/cartier/1172683.png
https://www.en.cartier.com/collections/watches/mens-watches/rotonde-de-cartier/whro0013-rotonde-de-cartier-earth-and-moon-watch.html ||| https://encartier.ipscdn.net/content/dam/rcq/car/10/41/67/5/1041675.png ||| /Users/lcchai/Work/assets/official/cartier/1041675.png
https://www.en.cartier.com/collections/watches/mens-watches/rotonde-de-cartier/whro0039-rotonde-de-cartier-mysterious-double-tourbillon-watch.html ||| https://encartier.ipscdn.net/content/dam/rcq/car/16/42/50/9/1642509.png ||| /Users/lcchai/Work/assets/official/cartier/1642509.png
https://www.en.cartier.com/collections/watches/mens-watches/rotonde-de-cartier/whro0040-rotonde-de-cartier-watch.html ||| https://encartier.ipscdn.net/content/dam/rcq/car/17/40/42/8/1740428.png ||| /Users/lcchai/Work/assets/official/cartier/1740428.png
https://www.en.cartier.com/collections/watches/mens-watches/rotonde-de-cartier/wsro0002-rotonde-de-cartier-chronograph-watch.html ||| https://encartier.ipscdn.net/content/dam/rcq/car/82/47/68/824768.png ||| /Users/lcchai/Work/assets/official/cartier/824768.png
https://www.en.cartier.com/collections/watches/mens-watches/santos-de-cartier/santos-de-cartier/w2sa0006-santos-de-cartier-watch.html ||| https://encartier.ipscdn.net/content/dam/rcq/car/16/65/89/4/1665894.png ||| /Users/lcchai/Work/assets/official/cartier/1665894.png
https://www.en.cartier.com/collections/watches/mens-watches/santos-de-cartier/santos-de-cartier/w2sa0007-santos-de-cartier-watch.html ||| https://encartier.ipscdn.net/content/dam/rcq/car/16/66/35/6/1666356.png ||| /Users/lcchai/Work/assets/official/cartier/1666356.png
https://www.en.cartier.com/collections/watches/mens-watches/santos-de-cartier/santos-de-cartier/w2sa0008-santos-de-cartier-chronograph-watch.html ||| https://encartier.ipscdn.net/content/dam/rcq/car/17/53/19/7/1753197.png ||| /Users/lcchai/Work/assets/official/cartier/1753197.png
https://www.en.cartier.com/collections/watches/mens-watches/santos-de-cartier/santos-de-cartier/w2sa0009-santos-de-cartier-watch.html ||| https://encartier.ipscdn.net/content/dam/rcq/car/16/23/14/7/1623147.png ||| /Users/lcchai/Work/assets/official/cartier/1623147.png
https://www.en.cartier.com/collections/watches/mens-watches/santos-de-cartier/santos-de-cartier/w2sa0016-santos-de-cartier-watch.html ||| https://encartier.ipscdn.net/content/dam/rcq/car/16/23/14/9/1623149.png ||| /Users/lcchai/Work/assets/official/cartier/1623149.png
https://www.en.cartier.com/collections/watches/mens-watches/santos-de-cartier/santos-de-cartier/wgsa0007-santos-de-cartier-watch.html ||| https://encartier.ipscdn.net/content/dam/rcq/car/16/66/09/3/1666093.png ||| /Users/lcchai/Work/assets/official/cartier/1666093.png
https://www.en.cartier.com/collections/watches/mens-watches/santos-de-cartier/santos-de-cartier/wgsa0008-santos-de-cartier-watch.html ||| https://encartier.ipscdn.net/content/dam/rcq/car/16/66/38/1/1666381.png ||| /Users/lcchai/Work/assets/official/cartier/1666381.png
https://www.en.cartier.com/collections/watches/mens-watches/santos-de-cartier/santos-de-cartier/wgsa0009-santos-de-cartier-watch.html ||| https://encartier.ipscdn.net/content/dam/rcq/car/16/66/12/0/1666120.png ||| /Users/lcchai/Work/assets/official/cartier/1666120.png
https://www.en.cartier.com/collections/watches/mens-watches/santos-de-cartier/santos-de-cartier/wgsa0010-santos-de-cartier-watch.html ||| https://encartier.ipscdn.net/content/dam/rcq/car/16/66/40/0/1666400.png ||| /Users/lcchai/Work/assets/official/cartier/1666400.png
https://www.en.cartier.com/collections/watches/mens-watches/santos-de-cartier/santos-de-cartier/wgsa0011-santos-de-cartier-watch.html ||| https://encartier.ipscdn.net/content/dam/rcq/car/16/66/12/8/1666128.png ||| /Users/lcchai/Work/assets/official/cartier/1666128.png
https://www.en.cartier.com/collections/watches/mens-watches/santos-de-cartier/santos-de-cartier/wgsa0012-santos-de-cartier-watch.html ||| https://encartier.ipscdn.net/content/dam/rcq/car/16/66/40/9/1666409.png ||| /Users/lcchai/Work/assets/official/cartier/1666409.png
https://www.en.cartier.com/collections/watches/mens-watches/santos-de-cartier/santos-de-cartier/wgsa0017-santos-de-cartier-chronograph-watch.html ||| https://encartier.ipscdn.net/content/dam/rcq/car/17/53/19/8/1753198.png ||| /Users/lcchai/Work/assets/official/cartier/1753198.png
https://www.en.cartier.com/collections/watches/mens-watches/santos-de-cartier/santos-de-cartier/wgsa0018-santos-de-cartier-watch.html ||| https://encartier.ipscdn.net/content/dam/rcq/car/16/23/15/2/1623152.png ||| /Users/lcchai/Work/assets/official/cartier/1623152.png
https://www.en.cartier.com/collections/watches/mens-watches/santos-de-cartier/santos-de-cartier/wgsa0019-santos-de-cartier-watch.html ||| https://encartier.ipscdn.net/content/dam/rcq/car/21/09/12/6/2109126.png ||| /Users/lcchai/Work/assets/official/cartier/2109126.png
https://www.en.cartier.com/collections/watches/mens-watches/santos-de-cartier/santos-de-cartier/wgsa0028-santos-de-cartier-watch.html ||| https://encartier.ipscdn.net/content/dam/rcq/car/18/01/98/6/1801986.png ||| /Users/lcchai/Work/assets/official/cartier/1801986.png
https://www.en.cartier.com/collections/watches/mens-watches/santos-de-cartier/santos-de-cartier/wgsa0029-santos-de-cartier-watch.html ||| https://encartier.ipscdn.net/content/dam/rcq/car/16/23/15/5/1623155.png ||| /Users/lcchai/Work/assets/official/cartier/1623155.png
https://www.en.cartier.com/collections/watches/mens-watches/santos-de-cartier/santos-de-cartier/wgsa0030-santos-de-cartier-watch.html ||| https://encartier.ipscdn.net/content/dam/rcq/car/16/23/15/7/1623157.png ||| /Users/lcchai/Work/assets/official/cartier/1623157.png
https://www.en.cartier.com/collections/watches/mens-watches/santos-de-cartier/santos-de-cartier/wgsa0031-santos-de-cartier-watch.html ||| https://encartier.ipscdn.net/content/dam/rcq/car/16/23/15/4/1623154.png ||| /Users/lcchai/Work/assets/official/cartier/1623154.png
https://www.en.cartier.com/collections/watches/mens-watches/santos-de-cartier/santos-de-cartier/whsa0007-santos-de-cartier-skeleton-watch.html ||| https://encartier.ipscdn.net/content/dam/rcq/car/16/72/48/8/1672488.png ||| /Users/lcchai/Work/assets/official/cartier/1672488.png
https://www.en.cartier.com/collections/watches/mens-watches/santos-de-cartier/santos-de-cartier/whsa0008-santos-de-cartier-skeleton-watch.html ||| https://encartier.ipscdn.net/content/dam/rcq/car/16/72/53/1/1672531.png ||| /Users/lcchai/Work/assets/official/cartier/1672531.png
https://www.en.cartier.com/collections/watches/mens-watches/santos-de-cartier/santos-de-cartier/whsa0009-santos-de-cartier-watch.html ||| https://encartier.ipscdn.net/content/dam/rcq/car/17/40/49/2/1740492.png ||| /Users/lcchai/Work/assets/official/cartier/1740492.png
https://www.en.cartier.com/collections/watches/mens-watches/santos-de-cartier/santos-de-cartier/whsa0010-santos-de-cartier-watch.html ||| https://encartier.ipscdn.net/content/dam/rcq/car/16/99/17/2/1699172.png ||| /Users/lcchai/Work/assets/official/cartier/1699172.png
https://www.en.cartier.com/collections/watches/mens-watches/santos-de-cartier/santos-de-cartier/whsa0012-santos-de-cartier-watch.html ||| https://encartier.ipscdn.net/content/dam/rcq/car/17/92/69/7/1792697.png ||| /Users/lcchai/Work/assets/official/cartier/1792697.png
https://www.en.cartier.com/collections/watches/mens-watches/santos-de-cartier/santos-de-cartier/whsa0015-santos-de-cartier-watch.html ||| https://encartier.ipscdn.net/content/dam/rcq/car/16/23/16/3/1623163.png ||| /Users/lcchai/Work/assets/official/cartier/1623163.png
https://www.en.cartier.com/collections/watches/mens-watches/santos-de-cartier/santos-de-cartier/whsa0016-santos-de-cartier-watch.html ||| https://encartier.ipscdn.net/content/dam/rcq/car/16/23/16/5/1623165.png ||| /Users/lcchai/Work/assets/official/cartier/1623165.png
https://www.en.cartier.com/collections/watches/mens-watches/santos-de-cartier/santos-de-cartier/whsa0018-santos-de-cartier-watch.html ||| https://encartier.ipscdn.net/content/dam/rcq/car/17/74/90/0/1774900.png ||| /Users/lcchai/Work/assets/official/cartier/1774900.png
https://www.en.cartier.com/collections/watches/mens-watches/santos-de-cartier/santos-de-cartier/wjsa0010-santos-de-cartier-watch.html ||| https://encartier.ipscdn.net/content/dam/rcq/car/17/74/46/6/1774466.png ||| /Users/lcchai/Work/assets/official/cartier/1774466.png
https://www.en.cartier.com/collections/watches/mens-watches/santos-de-cartier/santos-de-cartier/wjsa0012-santos-de-cartier-watch.html ||| https://encartier.ipscdn.net/content/dam/rcq/car/17/32/93/6/1732936.png ||| /Users/lcchai/Work/assets/official/cartier/1732936.png
https://www.en.cartier.com/collections/watches/mens-watches/santos-de-cartier/santos-de-cartier/wjsa0014-santos-de-cartier-watch.html ||| https://encartier.ipscdn.net/content/dam/rcq/car/17/32/93/4/1732934.png ||| /Users/lcchai/Work/assets/official/cartier/1732934.png
https://www.en.cartier.com/collections/watches/mens-watches/santos-de-cartier/santos-de-cartier/wssa0009-santos-de-cartier-watch.html ||| https://encartier.ipscdn.net/content/dam/rcq/car/16/66/14/3/1666143.png ||| /Users/lcchai/Work/assets/official/cartier/1666143.png
https://www.en.cartier.com/collections/watches/mens-watches/santos-de-cartier/santos-de-cartier/wssa0010-santos-de-cartier-watch.html ||| https://encartier.ipscdn.net/content/dam/rcq/car/16/66/42/5/1666425.png ||| /Users/lcchai/Work/assets/official/cartier/1666425.png
https://www.en.cartier.com/collections/watches/mens-watches/santos-de-cartier/santos-de-cartier/wssa0013-santos-de-cartier-watch.html ||| https://encartier.ipscdn.net/content/dam/rcq/car/17/09/95/1/1709951.png ||| /Users/lcchai/Work/assets/official/cartier/1709951.png
https://www.en.cartier.com/collections/watches/mens-watches/santos-de-cartier/santos-de-cartier/wssa0017-santos-de-cartier-chronograph-watch.html ||| https://encartier.ipscdn.net/content/dam/rcq/car/17/53/20/2/1753202.png ||| /Users/lcchai/Work/assets/official/cartier/1753202.png
https://www.en.cartier.com/collections/watches/mens-watches/santos-de-cartier/santos-de-cartier/wssa0018-santos-de-cartier-watch.html ||| https://encartier.ipscdn.net/content/dam/rcq/car/16/66/14/3/1666143.png ||| /Users/lcchai/Work/assets/official/cartier/1666143.png
https://www.en.cartier.com/collections/watches/mens-watches/santos-de-cartier/santos-de-cartier/wssa0029-santos-de-cartier-watch.html ||| https://encartier.ipscdn.net/content/dam/rcq/car/16/23/17/2/1623172.png ||| /Users/lcchai/Work/assets/official/cartier/1623172.png
https://www.en.cartier.com/collections/watches/mens-watches/santos-de-cartier/santos-de-cartier/wssa0030-santos-de-cartier-watch.html ||| https://encartier.ipscdn.net/content/dam/rcq/car/17/09/95/1/1709951.png ||| /Users/lcchai/Work/assets/official/cartier/1709951.png
https://www.en.cartier.com/collections/watches/mens-watches/santos-de-cartier/santos-de-cartier/wssa0037-santos-de-cartier-watch.html ||| https://encartier.ipscdn.net/content/dam/rcq/car/19/62/23/3/1962233.png ||| /Users/lcchai/Work/assets/official/cartier/1962233.png
https://www.en.cartier.com/collections/watches/mens-watches/santos-de-cartier/santos-de-cartier/wssa0039-santos-de-cartier-watch.html ||| https://encartier.ipscdn.net/content/dam/rcq/car/19/62/23/5/1962235.png ||| /Users/lcchai/Work/assets/official/cartier/1962235.png
https://www.en.cartier.com/collections/watches/mens-watches/santos-de-cartier/santos-dumont/w2020033-santos-dumont-skeleton-watch.html ||| https://encartier.ipscdn.net/content/dam/rcq/car/59/02/09/590209.png ||| /Users/lcchai/Work/assets/official/cartier/590209.png
https://www.en.cartier.com/collections/watches/mens-watches/santos-de-cartier/santos-dumont/w2020057-santos-dumont-skeleton-watch.html ||| https://encartier.ipscdn.net/content/dam/rcq/car/61/82/64/618264.png ||| /Users/lcchai/Work/assets/official/cartier/618264.png
https://www.en.cartier.com/collections/watches/mens-watches/santos-de-cartier/santos-dumont/w2sa0011-santos-dumont-watch.html ||| https://encartier.ipscdn.net/content/dam/rcq/car/17/33/11/6/1733116.png ||| /Users/lcchai/Work/assets/official/cartier/1733116.png
https://www.en.cartier.com/collections/watches/mens-watches/santos-de-cartier/santos-dumont/w2sa0012-santos-dumont-watch.html ||| https://encartier.ipscdn.net/content/dam/rcq/car/17/33/11/7/1733117.png ||| /Users/lcchai/Work/assets/official/cartier/1733117.png
https://www.en.cartier.com/collections/watches/mens-watches/santos-de-cartier/santos-dumont/w2sa0017-santos-dumont-watch.html ||| https://encartier.ipscdn.net/content/dam/rcq/car/19/58/01/8/1958018.png ||| /Users/lcchai/Work/assets/official/cartier/1958018.png
https://www.en.cartier.com/collections/watches/mens-watches/santos-de-cartier/santos-dumont/wgsa0021-santos-dumont-watch.html ||| https://encartier.ipscdn.net/content/dam/rcq/car/17/33/11/8/1733118.png ||| /Users/lcchai/Work/assets/official/cartier/1733118.png
https://www.en.cartier.com/collections/watches/mens-watches/santos-de-cartier/santos-dumont/wgsa0022-santos-dumont-watch.html ||| https://encartier.ipscdn.net/content/dam/rcq/car/17/33/11/9/1733119.png ||| /Users/lcchai/Work/assets/official/cartier/1733119.png
https://www.en.cartier.com/collections/watches/mens-watches/santos-de-cartier/santos-dumont/wgsa0032-santos-dumont-watch.html ||| https://encartier.ipscdn.net/content/dam/rcq/car/19/57/99/4/1957994.png ||| /Users/lcchai/Work/assets/official/cartier/1957994.png
https://www.en.cartier.com/collections/watches/mens-watches/santos-de-cartier/santos-dumont/wssa0022-santos-dumont-watch.html ||| https://encartier.ipscdn.net/content/dam/rcq/car/17/33/12/0/1733120.png ||| /Users/lcchai/Work/assets/official/cartier/1733120.png
https://www.en.cartier.com/collections/watches/mens-watches/santos-de-cartier/santos-dumont/wssa0023-santos-dumont-watch.html ||| https://encartier.ipscdn.net/content/dam/rcq/car/17/33/12/1/1733121.png ||| /Users/lcchai/Work/assets/official/cartier/1733121.png
https://www.en.cartier.com/collections/watches/mens-watches/santos-de-cartier/santos-dumont/wssa0032-santos-dumont-watch.html ||| https://encartier.ipscdn.net/content/dam/rcq/car/19/58/00/7/1958007.png ||| /Users/lcchai/Work/assets/official/cartier/1958007.png
https://www.en.cartier.com/collections/watches/mens-watches/tank/tank-americaine/w2609156-tank-americaine-watch.html ||| https://encartier.ipscdn.net/content/dam/rcq/car/58/56/73/585673.png ||| /Users/lcchai/Work/assets/official/cartier/585673.png
https://www.en.cartier.com/collections/watches/mens-watches/tank/tank-americaine/w2620030-tank-americaine-watch.html ||| https://encartier.ipscdn.net/content/dam/rcq/car/64/97/49/649749.png ||| /Users/lcchai/Work/assets/official/cartier/649749.png
https://www.en.cartier.com/collections/watches/mens-watches/tank/tank-francaise/w51005q4-tank-francaise-watch.html ||| https://encartier.ipscdn.net/content/dam/rcq/car/59/23/50/592350.png ||| /Users/lcchai/Work/assets/official/cartier/592350.png
https://www.en.cartier.com/collections/watches/mens-watches/tank/tank-louis-cartier/w1529756-tank-louis-cartier-watch.html ||| https://encartier.ipscdn.net/content/dam/rcq/car/58/85/47/588547.png ||| /Users/lcchai/Work/assets/official/cartier/588547.png
https://www.en.cartier.com/collections/watches/mens-watches/tank/tank-louis-cartier/wgta0011-tank-louis-cartier-watch.html ||| https://encartier.ipscdn.net/content/dam/rcq/car/14/62/75/1/1462751.png ||| /Users/lcchai/Work/assets/official/cartier/1462751.png
https://www.en.cartier.com/collections/watches/mens-watches/tank/tank-louis-cartier/wgta0024-tank-louis-cartier-watch.html ||| https://encartier.ipscdn.net/content/dam/rcq/car/15/91/46/0/1591460.png ||| /Users/lcchai/Work/assets/official/cartier/1591460.png
https://www.en.cartier.com/collections/watches/mens-watches/tank/tank-mc/hpi00623-high-jewelry-watch.html ||| https://encartier.ipscdn.net/content/dam/rcq/car/58/78/03/587803.png ||| /Users/lcchai/Work/assets/official/cartier/587803.png
https://www.en.cartier.com/collections/watches/mens-watches/tank/tank-mc/w5310040-tank-mc-watch.html ||| https://encartier.ipscdn.net/content/dam/rcq/car/59/52/06/595206.png ||| /Users/lcchai/Work/assets/official/cartier/595206.png
https://www.en.cartier.com/collections/watches/mens-watches/tank/tank-mc/wsta0010-tank-mc-watch.html ||| https://encartier.ipscdn.net/content/dam/rcq/car/91/72/98/917298.png ||| /Users/lcchai/Work/assets/official/cartier/917298.png
https://www.en.cartier.com/collections/watches/mens-watches/tank/tank-solo/w5200004-tank-solo-watch.html ||| https://encartier.ipscdn.net/content/dam/rcq/car/59/23/13/592313.png ||| /Users/lcchai/Work/assets/official/cartier/592313.png
https://www.en.cartier.com/collections/watches/mens-watches/tank/tank-solo/w5200014-tank-solo-watch.html ||| https://encartier.ipscdn.net/content/dam/rcq/car/59/13/84/591384.png ||| /Users/lcchai/Work/assets/official/cartier/591384.png
https://www.en.cartier.com/collections/watches/mens-watches/tank/tank-solo/w5200026-tank-solo-watch.html ||| https://encartier.ipscdn.net/content/dam/rcq/car/58/87/34/588734.png ||| /Users/lcchai/Work/assets/official/cartier/588734.png
https://www.en.cartier.com/collections/watches/mens-watches/tank/tank-solo/w5200028-tank-solo-watch.html ||| https://encartier.ipscdn.net/content/dam/rcq/car/58/45/52/584552.png ||| /Users/lcchai/Work/assets/official/cartier/584552.png
https://www.en.cartier.com/collections/watches/mens-watches/tank/tank-solo/wsta0028-tank-solo-watch.html ||| https://encartier.ipscdn.net/content/dam/rcq/car/15/15/37/3/1515373.png ||| /Users/lcchai/Work/assets/official/cartier/1515373.png
https://www.en.cartier.com/collections/watches/mens-watches/tank/tank-solo/wsta0029-tank-solo-watch.html ||| https://encartier.ipscdn.net/content/dam/rcq/car/15/15/38/7/1515387.png ||| /Users/lcchai/Work/assets/official/cartier/1515387.png
https://www.en.cartier.com/collections/watches/mens-watches/tonneau/w1546351-tonneau-xl-watch.html ||| https://encartier.ipscdn.net/content/dam/rcq/car/59/24/84/592484.png ||| /Users/lcchai/Work/assets/official/cartier/592484.png
https://www.en.cartier.com/collections/watches/mens-watches/tonneau/wgtn0005-tonneau-watch.html ||| https://encartier.ipscdn.net/content/dam/rcq/car/20/32/65/6/2032656.png ||| /Users/lcchai/Work/assets/official/cartier/2032656.png
https://www.en.cartier.com/collections/watches/mens-watches/tonneau/wgtn0006-tonneau-watch.html ||| https://encartier.ipscdn.net/content/dam/rcq/car/20/32/65/7/2032657.png ||| /Users/lcchai/Work/assets/official/cartier/2032657.png
https://www.en.cartier.com/collections/watches/mens-watches/tonneau/whtn0005-tonneau-watch.html ||| https://encartier.ipscdn.net/content/dam/rcq/car/17/40/43/6/1740436.png ||| /Users/lcchai/Work/assets/official/cartier/1740436.png
https://www.en.cartier.com/collections/watches/mens-watches/tonneau/whtn0006-tonneau-watch.html ||| https://encartier.ipscdn.net/content/dam/rcq/car/17/40/43/8/1740438.png ||| /Users/lcchai/Work/assets/official/cartier/1740438.png
https://www.en.cartier.com/collections/watches/mens-watches/tortue/hpi00502-tortue-watch.html ||| https://encartier.ipscdn.net/content/dam/rcq/car/59/36/36/593636.png ||| /Users/lcchai/Work/assets/official/cartier/593636.png
https://www.en.cartier.com/collections/watches/women-s-watches/baignoire/hpi00327-mini-baignoire-watch.html ||| https://encartier.ipscdn.net/content/dam/rcq/car/59/22/46/592246.png ||| /Users/lcchai/Work/assets/official/cartier/592246.png
https://www.en.cartier.com/collections/watches/women-s-watches/baignoire/hpi00703-mini-baignoire-panther-spots-watch.html ||| https://encartier.ipscdn.net/content/dam/rcq/car/85/73/65/857365.png ||| /Users/lcchai/Work/assets/official/cartier/857365.png
https://www.en.cartier.com/collections/watches/women-s-watches/baignoire/hpi00704-mini-baignoire-panther-spots-watch.html ||| https://encartier.ipscdn.net/content/dam/rcq/car/85/73/66/857366.png ||| /Users/lcchai/Work/assets/official/cartier/857366.png
https://www.en.cartier.com/collections/watches/women-s-watches/baignoire/hpi00961-mini-baignoire-panther-spots-watch.html ||| https://encartier.ipscdn.net/content/dam/rcq/car/85/73/72/857372.png ||| /Users/lcchai/Work/assets/official/cartier/857372.png
https://www.en.cartier.com/collections/watches/women-s-watches/baignoire/w8000005-baignoire-watch-small-model.html ||| https://encartier.ipscdn.net/content/dam/rcq/car/58/79/30/587930.png ||| /Users/lcchai/Work/assets/official/cartier/587930.png
https://www.en.cartier.com/collections/watches/women-s-watches/baignoire/w8000007-baignoire-watch-small-model.html ||| https://encartier.ipscdn.net/content/dam/rcq/car/58/52/28/585228.png ||| /Users/lcchai/Work/assets/official/cartier/585228.png
https://www.en.cartier.com/collections/watches/women-s-watches/baignoire/w8000015-mini-baignoire-watch.html ||| https://encartier.ipscdn.net/content/dam/rcq/car/64/97/84/649784.png ||| /Users/lcchai/Work/assets/official/cartier/649784.png
https://www.en.cartier.com/collections/watches/women-s-watches/baignoire/w8000017-mini-baignoire-watch.html ||| https://encartier.ipscdn.net/content/dam/rcq/car/64/97/85/649785.png ||| /Users/lcchai/Work/assets/official/cartier/649785.png
https://www.en.cartier.com/collections/watches/women-s-watches/baignoire/wb520002-baignoire-watch-small-model.html ||| https://encartier.ipscdn.net/content/dam/rcq/car/58/59/57/585957.png ||| /Users/lcchai/Work/assets/official/cartier/585957.png
https://www.en.cartier.com/collections/watches/women-s-watches/baignoire/wb520003-baignoire-watch-large-model.html ||| https://encartier.ipscdn.net/content/dam/rcq/car/59/30/27/593027.png ||| /Users/lcchai/Work/assets/official/cartier/593027.png
https://www.en.cartier.com/collections/watches/women-s-watches/baignoire/wb520004-baignoire-watch-small-model.html ||| https://encartier.ipscdn.net/content/dam/rcq/car/58/74/21/587421.png ||| /Users/lcchai/Work/assets/official/cartier/587421.png
https://www.en.cartier.com/collections/watches/women-s-watches/baignoire/wb520005-baignoire-watch-large-model.html ||| https://encartier.ipscdn.net/content/dam/rcq/car/58/75/62/587562.png ||| /Users/lcchai/Work/assets/official/cartier/587562.png
https://www.en.cartier.com/collections/watches/women-s-watches/baignoire/wb520006-baignoire-watch-small-model.html ||| https://encartier.ipscdn.net/content/dam/rcq/car/59/26/19/592619.png ||| /Users/lcchai/Work/assets/official/cartier/592619.png
https://www.en.cartier.com/collections/watches/women-s-watches/baignoire/wb520008-baignoire-watch-small-model.html ||| https://encartier.ipscdn.net/content/dam/rcq/car/59/12/50/591250.png ||| /Users/lcchai/Work/assets/official/cartier/591250.png
https://www.en.cartier.com/collections/watches/women-s-watches/baignoire/wb520009-baignoire-watch-large-model.html ||| https://encartier.ipscdn.net/content/dam/rcq/car/58/60/33/586033.png ||| /Users/lcchai/Work/assets/official/cartier/586033.png
https://www.en.cartier.com/collections/watches/women-s-watches/baignoire/wb520010-baignoire-watch-large-model.html ||| https://encartier.ipscdn.net/content/dam/rcq/car/58/78/29/587829.png ||| /Users/lcchai/Work/assets/official/cartier/587829.png
https://www.en.cartier.com/collections/watches/women-s-watches/baignoire/wb520011-baignoire-watch-small-model.html ||| https://encartier.ipscdn.net/content/dam/rcq/car/58/31/55/583155.png ||| /Users/lcchai/Work/assets/official/cartier/583155.png
https://www.en.cartier.com/collections/watches/women-s-watches/baignoire/wb520025-mini-baignoire-watch.html ||| https://encartier.ipscdn.net/content/dam/rcq/car/58/47/28/584728.png ||| /Users/lcchai/Work/assets/official/cartier/584728.png
https://www.en.cartier.com/collections/watches/women-s-watches/baignoire/wb520026-mini-baignoire-watch.html ||| https://encartier.ipscdn.net/content/dam/rcq/car/58/88/17/588817.png ||| /Users/lcchai/Work/assets/official/cartier/588817.png
https://www.en.cartier.com/collections/watches/women-s-watches/baignoire/wb520027-mini-baignoire-watch.html ||| https://encartier.ipscdn.net/content/dam/rcq/car/58/83/21/588321.png ||| /Users/lcchai/Work/assets/official/cartier/588321.png
https://www.en.cartier.com/collections/watches/women-s-watches/baignoire/wb520028-mini-baignoire-watch.html ||| https://encartier.ipscdn.net/content/dam/rcq/car/58/57/18/585718.png ||| /Users/lcchai/Work/assets/official/cartier/585718.png
https://www.en.cartier.com/collections/watches/women-s-watches/baignoire/wgba0007-baignoire-1920-watch.html ||| https://encartier.ipscdn.net/content/dam/rcq/car/18/02/17/7/1802177.png ||| /Users/lcchai/Work/assets/official/cartier/1802177.png
https://www.en.cartier.com/collections/watches/women-s-watches/baignoire/wjba0015-baignoire-1920-watch.html ||| https://encartier.ipscdn.net/content/dam/rcq/car/18/02/18/6/1802186.png ||| /Users/lcchai/Work/assets/official/cartier/1802186.png
https://www.en.cartier.com/collections/watches/women-s-watches/ballon-blanc-de-cartier/hpi00758-ballon-blanc-de-cartier-watch.html ||| https://encartier.ipscdn.net/content/dam/rcq/car/59/51/63/595163.png ||| /Users/lcchai/Work/assets/official/cartier/595163.png
https://www.en.cartier.com/collections/watches/women-s-watches/ballon-blanc-de-cartier/hpi00759-ballon-blanc-de-cartier-watch.html ||| https://encartier.ipscdn.net/content/dam/rcq/car/59/51/62/595162.png ||| /Users/lcchai/Work/assets/official/cartier/595162.png
https://www.en.cartier.com/collections/watches/women-s-watches/ballon-blanc-de-cartier/we902057-ballon-blanc-de-cartier-watch.html ||| https://encartier.ipscdn.net/content/dam/rcq/car/59/52/31/595231.png ||| /Users/lcchai/Work/assets/official/cartier/595231.png
https://www.en.cartier.com/collections/watches/women-s-watches/ballon-bleu-de-cartier/hpi00489-ballon-bleu-de-cartier-watch.html ||| https://encartier.ipscdn.net/content/dam/rcq/car/58/82/47/588247.png ||| /Users/lcchai/Work/assets/official/cartier/588247.png
https://www.en.cartier.com/collections/watches/women-s-watches/ballon-bleu-de-cartier/hpi00562-ballon-bleu-de-cartier-watch.html ||| https://encartier.ipscdn.net/content/dam/rcq/car/58/63/33/586333.png ||| /Users/lcchai/Work/assets/official/cartier/586333.png
https://www.en.cartier.com/collections/watches/women-s-watches/ballon-bleu-de-cartier/hpi00716-ballon-bleu-de-cartier-flying-tourbillon-watch.html ||| https://encartier.ipscdn.net/content/dam/rcq/car/59/51/66/595166.png ||| /Users/lcchai/Work/assets/official/cartier/595166.png
https://www.en.cartier.com/collections/watches/women-s-watches/ballon-bleu-de-cartier/hpi01062-ballon-bleu-de-cartier-watch.html ||| https://encartier.ipscdn.net/content/dam/rcq/car/10/39/79/8/1039798.png ||| /Users/lcchai/Work/assets/official/cartier/1039798.png
https://www.en.cartier.com/collections/watches/women-s-watches/ballon-bleu-de-cartier/hpi01064-ballon-bleu-de-cartier-panther-spots-watch.html ||| https://encartier.ipscdn.net/content/dam/rcq/car/10/44/05/6/1044056.png ||| /Users/lcchai/Work/assets/official/cartier/1044056.png
https://www.en.cartier.com/collections/watches/women-s-watches/ballon-bleu-de-cartier/w3bb0007-ballon-bleu-de-cartier-watch.html ||| https://encartier.ipscdn.net/content/dam/rcq/car/13/07/20/2/1307202.png ||| /Users/lcchai/Work/assets/official/cartier/1307202.png
https://www.en.cartier.com/collections/watches/women-s-watches/ballon-bleu-de-cartier/w4bb0009-ballon-bleu-de-cartier-watch.html ||| https://encartier.ipscdn.net/content/dam/rcq/car/10/19/48/3/1019483.png ||| /Users/lcchai/Work/assets/official/cartier/1019483.png
https://www.en.cartier.com/collections/watches/women-s-watches/ballon-bleu-de-cartier/w4bb0015-ballon-bleu-de-cartier-watch.html ||| https://encartier.ipscdn.net/content/dam/rcq/car/14/70/71/8/1470718.png ||| /Users/lcchai/Work/assets/official/cartier/1470718.png
https://www.en.cartier.com/collections/watches/women-s-watches/ballon-bleu-de-cartier/w4bb0020-ballon-bleu-de-cartier-watch.html ||| https://encartier.ipscdn.net/content/dam/rcq/car/19/62/62/2/1962622.png ||| /Users/lcchai/Work/assets/official/cartier/1962622.png
https://www.en.cartier.com/collections/watches/women-s-watches/ballon-bleu-de-cartier/w6900256-ballon-bleu-de-cartier-watch.html ||| https://encartier.ipscdn.net/content/dam/rcq/car/58/85/16/588516.png ||| /Users/lcchai/Work/assets/official/cartier/588516.png
https://www.en.cartier.com/collections/watches/women-s-watches/ballon-bleu-de-cartier/w69003z2-ballon-bleu-de-cartier-watch.html ||| https://encartier.ipscdn.net/content/dam/rcq/car/59/23/96/592396.png ||| /Users/lcchai/Work/assets/official/cartier/592396.png
https://www.en.cartier.com/collections/watches/women-s-watches/ballon-bleu-de-cartier/w6900456-ballon-bleu-de-cartier-watch.html ||| https://encartier.ipscdn.net/content/dam/rcq/car/11/72/51/8/1172518.png ||| /Users/lcchai/Work/assets/official/cartier/1172518.png
https://www.en.cartier.com/collections/watches/women-s-watches/ballon-bleu-de-cartier/w69004z2-ballon-bleu-de-cartier-watch.html ||| https://encartier.ipscdn.net/content/dam/rcq/car/59/16/97/591697.png ||| /Users/lcchai/Work/assets/official/cartier/591697.png
https://www.en.cartier.com/collections/watches/women-s-watches/ballon-bleu-de-cartier/w69010z4-ballon-bleu-de-cartier-watch.html ||| https://encartier.ipscdn.net/content/dam/rcq/car/58/32/54/583254.png ||| /Users/lcchai/Work/assets/official/cartier/583254.png
https://www.en.cartier.com/collections/watches/women-s-watches/ballon-bleu-de-cartier/w69011z4-ballon-bleu-de-cartier-watch.html ||| https://encartier.ipscdn.net/content/dam/rcq/car/11/72/50/5/1172505.png ||| /Users/lcchai/Work/assets/official/cartier/1172505.png
https://www.en.cartier.com/collections/watches/women-s-watches/ballon-bleu-de-cartier/w6920038-ballon-bleu-de-cartier-watch.html ||| https://encartier.ipscdn.net/content/dam/rcq/car/62/07/64/620764.png ||| /Users/lcchai/Work/assets/official/cartier/620764.png
https://www.en.cartier.com/collections/watches/women-s-watches/ballon-bleu-de-cartier/w6920047-ballon-bleu-de-cartier-watch.html ||| https://encartier.ipscdn.net/content/dam/rcq/car/58/98/15/589815.png ||| /Users/lcchai/Work/assets/official/cartier/589815.png
https://www.en.cartier.com/collections/watches/women-s-watches/ballon-bleu-de-cartier/w6920068-ballon-bleu-de-cartier-watch.html ||| https://encartier.ipscdn.net/content/dam/rcq/car/58/81/24/588124.png ||| /Users/lcchai/Work/assets/official/cartier/588124.png
https://www.en.cartier.com/collections/watches/women-s-watches/ballon-bleu-de-cartier/w6920069-ballon-bleu-de-cartier-watch.html ||| https://encartier.ipscdn.net/content/dam/rcq/car/59/13/40/591340.png ||| /Users/lcchai/Work/assets/official/cartier/591340.png
https://www.en.cartier.com/collections/watches/women-s-watches/ballon-bleu-de-cartier/w6920084-ballon-bleu-de-cartier-watch.html ||| https://encartier.ipscdn.net/content/dam/rcq/car/64/97/72/649772.png ||| /Users/lcchai/Work/assets/official/cartier/649772.png
https://www.en.cartier.com/collections/watches/women-s-watches/ballon-bleu-de-cartier/w6920086-ballon-bleu-de-cartier-watch.html ||| https://encartier.ipscdn.net/content/dam/rcq/car/64/97/71/649771.png ||| /Users/lcchai/Work/assets/official/cartier/649771.png
https://www.en.cartier.com/collections/watches/women-s-watches/ballon-bleu-de-cartier/w6920087-ballon-bleu-de-cartier-watch.html ||| https://encartier.ipscdn.net/content/dam/rcq/car/64/97/75/649775.png ||| /Users/lcchai/Work/assets/official/cartier/649775.png
https://www.en.cartier.com/collections/watches/women-s-watches/ballon-bleu-de-cartier/w6920097-ballon-bleu-de-cartier-watch.html ||| https://encartier.ipscdn.net/content/dam/rcq/car/60/08/01/600801.png ||| /Users/lcchai/Work/assets/official/cartier/600801.png
https://www.en.cartier.com/collections/watches/women-s-watches/ballon-bleu-de-cartier/w6920099-ballon-bleu-de-cartier-watch.html ||| https://encartier.ipscdn.net/content/dam/rcq/car/74/76/95/747695.png ||| /Users/lcchai/Work/assets/official/cartier/747695.png
https://www.en.cartier.com/collections/watches/women-s-watches/ballon-bleu-de-cartier/we900851-ballon-bleu-de-cartier-watch.html ||| https://encartier.ipscdn.net/content/dam/rcq/car/58/53/61/585361.png ||| /Users/lcchai/Work/assets/official/cartier/585361.png
https://www.en.cartier.com/collections/watches/women-s-watches/ballon-bleu-de-cartier/we9008z3-ballon-bleu-de-cartier-watch.html ||| https://encartier.ipscdn.net/content/dam/rcq/car/59/06/56/590656.png ||| /Users/lcchai/Work/assets/official/cartier/590656.png
https://www.en.cartier.com/collections/watches/women-s-watches/ballon-bleu-de-cartier/we902006-ballon-bleu-de-cartier-watch.html ||| https://encartier.ipscdn.net/content/dam/rcq/car/59/34/54/593454.png ||| /Users/lcchai/Work/assets/official/cartier/593454.png
https://www.en.cartier.com/collections/watches/women-s-watches/ballon-bleu-de-cartier/we902026-ballon-bleu-de-cartier-watch.html ||| https://encartier.ipscdn.net/content/dam/rcq/car/58/92/71/589271.png ||| /Users/lcchai/Work/assets/official/cartier/589271.png
https://www.en.cartier.com/collections/watches/women-s-watches/ballon-bleu-de-cartier/we902028-ballon-bleu-de-cartier-watch.html ||| https://encartier.ipscdn.net/content/dam/rcq/car/59/38/52/593852.png ||| /Users/lcchai/Work/assets/official/cartier/593852.png
https://www.en.cartier.com/collections/watches/women-s-watches/ballon-bleu-de-cartier/we902034-ballon-bleu-de-cartier-watch.html ||| https://encartier.ipscdn.net/content/dam/rcq/car/59/04/92/590492.png ||| /Users/lcchai/Work/assets/official/cartier/590492.png
https://www.en.cartier.com/collections/watches/women-s-watches/ballon-bleu-de-cartier/we902036-ballon-bleu-de-cartier-watch.html ||| https://encartier.ipscdn.net/content/dam/rcq/car/58/75/41/587541.png ||| /Users/lcchai/Work/assets/official/cartier/587541.png
https://www.en.cartier.com/collections/watches/women-s-watches/ballon-bleu-de-cartier/we902039-ballon-bleu-de-cartier-watch.html ||| https://encartier.ipscdn.net/content/dam/rcq/car/59/12/01/591201.png ||| /Users/lcchai/Work/assets/official/cartier/591201.png
https://www.en.cartier.com/collections/watches/women-s-watches/ballon-bleu-de-cartier/we902040-ballon-bleu-de-cartier-watch.html ||| https://encartier.ipscdn.net/content/dam/rcq/car/58/40/85/584085.png ||| /Users/lcchai/Work/assets/official/cartier/584085.png
https://www.en.cartier.com/collections/watches/women-s-watches/ballon-bleu-de-cartier/we902045-ballon-bleu-de-cartier-watch.html ||| https://encartier.ipscdn.net/content/dam/rcq/car/59/00/40/590040.png ||| /Users/lcchai/Work/assets/official/cartier/590040.png
https://www.en.cartier.com/collections/watches/women-s-watches/ballon-bleu-de-cartier/we902047-ballon-bleu-de-cartier-watch.html ||| https://encartier.ipscdn.net/content/dam/rcq/car/58/93/14/589314.png ||| /Users/lcchai/Work/assets/official/cartier/589314.png
https://www.en.cartier.com/collections/watches/women-s-watches/ballon-bleu-de-cartier/we902048-ballon-bleu-de-cartier-watch.html ||| https://encartier.ipscdn.net/content/dam/rcq/car/59/14/51/591451.png ||| /Users/lcchai/Work/assets/official/cartier/591451.png
https://www.en.cartier.com/collections/watches/women-s-watches/ballon-bleu-de-cartier/we902052-ballon-bleu-de-cartier-watch.html ||| https://encartier.ipscdn.net/content/dam/rcq/car/59/52/28/595228.png ||| /Users/lcchai/Work/assets/official/cartier/595228.png
https://www.en.cartier.com/collections/watches/women-s-watches/ballon-bleu-de-cartier/we902054-ballon-bleu-de-cartier-watch.html ||| https://encartier.ipscdn.net/content/dam/rcq/car/59/52/37/595237.png ||| /Users/lcchai/Work/assets/official/cartier/595237.png
https://www.en.cartier.com/collections/watches/women-s-watches/ballon-bleu-de-cartier/we902055-ballon-bleu-de-cartier-watch.html ||| https://encartier.ipscdn.net/content/dam/rcq/car/65/22/65/652265.png ||| /Users/lcchai/Work/assets/official/cartier/652265.png
https://www.en.cartier.com/collections/watches/women-s-watches/ballon-bleu-de-cartier/we902056-ballon-bleu-de-cartier-watch.html ||| https://encartier.ipscdn.net/content/dam/rcq/car/65/22/66/652266.png ||| /Users/lcchai/Work/assets/official/cartier/652266.png
https://www.en.cartier.com/collections/watches/women-s-watches/ballon-bleu-de-cartier/we902063-ballon-bleu-de-cartier-watch.html ||| https://encartier.ipscdn.net/content/dam/rcq/car/72/37/97/723797.png ||| /Users/lcchai/Work/assets/official/cartier/723797.png
https://www.en.cartier.com/collections/watches/women-s-watches/ballon-bleu-de-cartier/we902073-ballon-bleu-de-cartier-watch.html ||| https://encartier.ipscdn.net/content/dam/rcq/car/56/82/10/568210.png ||| /Users/lcchai/Work/assets/official/cartier/568210.png
https://www.en.cartier.com/collections/watches/women-s-watches/ballon-bleu-de-cartier/we902076-ballon-bleu-de-cartier-watch.html ||| https://encartier.ipscdn.net/content/dam/rcq/car/65/79/42/657942.png ||| /Users/lcchai/Work/assets/official/cartier/657942.png
https://www.en.cartier.com/collections/watches/women-s-watches/ballon-bleu-de-cartier/we902078-ballon-bleu-de-cartier-watch.html ||| https://encartier.ipscdn.net/content/dam/rcq/car/65/79/44/657944.png ||| /Users/lcchai/Work/assets/official/cartier/657944.png
https://www.en.cartier.com/collections/watches/women-s-watches/ballon-bleu-de-cartier/we902079-ballon-bleu-de-cartier-watch.html ||| https://encartier.ipscdn.net/content/dam/rcq/car/65/79/45/657945.png ||| /Users/lcchai/Work/assets/official/cartier/657945.png
https://www.en.cartier.com/collections/watches/women-s-watches/ballon-bleu-de-cartier/we902080-ballon-bleu-de-cartier-watch.html ||| https://encartier.ipscdn.net/content/dam/rcq/car/65/79/46/657946.png ||| /Users/lcchai/Work/assets/official/cartier/657946.png
https://www.en.cartier.com/collections/watches/women-s-watches/ballon-bleu-de-cartier/we902081-ballon-bleu-de-cartier-watch.html ||| https://encartier.ipscdn.net/content/dam/rcq/car/65/79/49/657949.png ||| /Users/lcchai/Work/assets/official/cartier/657949.png
https://www.en.cartier.com/collections/watches/women-s-watches/ballon-bleu-de-cartier/wgbb0009-ballon-bleu-de-cartier-watch.html ||| https://encartier.ipscdn.net/content/dam/rcq/car/11/72/51/8/1172518.png ||| /Users/lcchai/Work/assets/official/cartier/1172518.png
https://www.en.cartier.com/collections/watches/women-s-watches/ballon-bleu-de-cartier/wjbb0007-ballon-bleu-de-cartier-watch.html ||| https://encartier.ipscdn.net/content/dam/rcq/car/58/86/33/588633.png ||| /Users/lcchai/Work/assets/official/cartier/588633.png
https://www.en.cartier.com/collections/watches/women-s-watches/ballon-bleu-de-cartier/wjbb0010-ballon-bleu-de-cartier-watch.html ||| https://encartier.ipscdn.net/content/dam/rcq/car/59/38/52/593852.png ||| /Users/lcchai/Work/assets/official/cartier/593852.png
https://www.en.cartier.com/collections/watches/women-s-watches/ballon-bleu-de-cartier/wjbb0025-ballon-bleu-de-cartier-watch.html ||| https://encartier.ipscdn.net/content/dam/rcq/car/10/36/70/2/1036702.png ||| /Users/lcchai/Work/assets/official/cartier/1036702.png
https://www.en.cartier.com/collections/watches/women-s-watches/ballon-bleu-de-cartier/wjbb0027-ballon-bleu-de-cartier-watch.html ||| https://encartier.ipscdn.net/content/dam/rcq/car/10/36/70/4/1036704.png ||| /Users/lcchai/Work/assets/official/cartier/1036704.png
https://www.en.cartier.com/collections/watches/women-s-watches/ballon-bleu-de-cartier/wjbb0028-ballon-bleu-de-cartier-watch.html ||| https://encartier.ipscdn.net/content/dam/rcq/car/10/36/70/5/1036705.png ||| /Users/lcchai/Work/assets/official/cartier/1036705.png
https://www.en.cartier.com/collections/watches/women-s-watches/ballon-bleu-de-cartier/wjbb0029-ballon-bleu-de-cartier-watch.html ||| https://encartier.ipscdn.net/content/dam/rcq/car/59/06/56/590656.png ||| /Users/lcchai/Work/assets/official/cartier/590656.png
https://www.en.cartier.com/collections/watches/women-s-watches/ballon-bleu-de-cartier/wjbb0031-ballon-bleu-de-cartier-watch.html ||| https://encartier.ipscdn.net/content/dam/rcq/car/58/53/61/585361.png ||| /Users/lcchai/Work/assets/official/cartier/585361.png
https://www.en.cartier.com/collections/watches/women-s-watches/ballon-bleu-de-cartier/wjbb0033-ballon-bleu-de-cartier-watch.html ||| https://encartier.ipscdn.net/content/dam/rcq/car/17/04/49/1/1704491.png ||| /Users/lcchai/Work/assets/official/cartier/1704491.png
https://www.en.cartier.com/collections/watches/women-s-watches/ballon-bleu-de-cartier/wjbb0034-ballon-bleu-de-cartier-watch.html ||| https://encartier.ipscdn.net/content/dam/rcq/car/17/04/49/2/1704492.png ||| /Users/lcchai/Work/assets/official/cartier/1704492.png
https://www.en.cartier.com/collections/watches/women-s-watches/ballon-bleu-de-cartier/wjbb0035-ballon-bleu-de-cartier-watch.html ||| https://encartier.ipscdn.net/content/dam/rcq/car/17/04/49/3/1704493.png ||| /Users/lcchai/Work/assets/official/cartier/1704493.png
https://www.en.cartier.com/collections/watches/women-s-watches/ballon-bleu-de-cartier/wjbb0038-ballon-bleu-de-cartier-watch.html ||| https://encartier.ipscdn.net/content/dam/rcq/car/17/04/49/6/1704496.png ||| /Users/lcchai/Work/assets/official/cartier/1704496.png
https://www.en.cartier.com/collections/watches/women-s-watches/ballon-bleu-de-cartier/wjbb0044-ballon-bleu-de-cartier-watch.html ||| https://encartier.ipscdn.net/content/dam/rcq/car/19/60/12/1/1960121.png ||| /Users/lcchai/Work/assets/official/cartier/1960121.png
https://www.en.cartier.com/collections/watches/women-s-watches/ballon-bleu-de-cartier/wsbb0007-ballon-bleu-de-cartier-watch.html ||| https://encartier.ipscdn.net/content/dam/rcq/car/75/88/71/758871.png ||| /Users/lcchai/Work/assets/official/cartier/758871.png
https://www.en.cartier.com/collections/watches/women-s-watches/ballon-bleu-de-cartier/wsbb0031-ballon-bleu-de-cartier-watch.html ||| https://encartier.ipscdn.net/content/dam/rcq/car/66/23/72/662372.png ||| /Users/lcchai/Work/assets/official/cartier/662372.png
https://www.en.cartier.com/collections/watches/women-s-watches/ballon-bleu-de-cartier/wsbb0033-ballon-bleu-de-cartier-watch.html ||| https://encartier.ipscdn.net/content/dam/rcq/car/19/62/62/8/1962628.png ||| /Users/lcchai/Work/assets/official/cartier/1962628.png
https://www.en.cartier.com/collections/watches/women-s-watches/ballon-bleu-de-cartier/wsbb0034-ballon-bleu-de-cartier-watch.html ||| https://encartier.ipscdn.net/content/dam/rcq/car/19/62/62/9/1962629.png ||| /Users/lcchai/Work/assets/official/cartier/1962629.png
https://www.en.cartier.com/collections/watches/women-s-watches/crash/hpi00935-crash-skeleton-watch.html ||| https://encartier.ipscdn.net/content/dam/rcq/car/85/73/68/857368.png ||| /Users/lcchai/Work/assets/official/cartier/857368.png
https://www.en.cartier.com/collections/watches/women-s-watches/crash/wl420047-crash-watch.html ||| https://encartier.ipscdn.net/content/dam/rcq/car/64/97/92/649792.png ||| /Users/lcchai/Work/assets/official/cartier/649792.png
https://www.en.cartier.com/collections/watches/women-s-watches/crash/wl420051-crash-watch.html ||| https://encartier.ipscdn.net/content/dam/rcq/car/64/97/91/649791.png ||| /Users/lcchai/Work/assets/official/cartier/649791.png
https://www.en.cartier.com/collections/watches/women-s-watches/hypnose/hpi01049-hypnose-watch.html ||| https://encartier.ipscdn.net/content/dam/rcq/car/10/44/05/3/1044053.png ||| /Users/lcchai/Work/assets/official/cartier/1044053.png
https://www.en.cartier.com/collections/watches/women-s-watches/hypnose/hpi01050-hypnose-watch.html ||| https://encartier.ipscdn.net/content/dam/rcq/car/10/44/05/4/1044054.png ||| /Users/lcchai/Work/assets/official/cartier/1044054.png
https://www.en.cartier.com/collections/watches/women-s-watches/maillon-de-cartier/wgbj0002-maillon-de-cartier-watch.html ||| https://encartier.ipscdn.net/content/dam/rcq/car/19/58/08/9/1958089.png ||| /Users/lcchai/Work/assets/official/cartier/1958089.png
https://www.en.cartier.com/collections/watches/women-s-watches/maillon-de-cartier/wjbj0002-maillon-de-cartier-watch.html ||| https://encartier.ipscdn.net/content/dam/rcq/car/19/58/09/8/1958098.png ||| /Users/lcchai/Work/assets/official/cartier/1958098.png
https://www.en.cartier.com/collections/watches/women-s-watches/maillon-de-cartier/wjbj0003-maillon-de-cartier-watch.html ||| https://encartier.ipscdn.net/content/dam/rcq/car/19/58/10/1/1958101.png ||| /Users/lcchai/Work/assets/official/cartier/1958101.png
https://www.en.cartier.com/collections/watches/women-s-watches/maillon-de-cartier/wjbj0004-maillon-de-cartier-watch.html ||| https://encartier.ipscdn.net/content/dam/rcq/car/19/57/99/6/1957996.png ||| /Users/lcchai/Work/assets/official/cartier/1957996.png
https://www.en.cartier.com/collections/watches/women-s-watches/maillon-de-cartier/wjbj0005-maillon-de-cartier-watch.html ||| https://encartier.ipscdn.net/content/dam/rcq/car/19/57/99/7/1957997.png ||| /Users/lcchai/Work/assets/official/cartier/1957997.png
https://www.en.cartier.com/collections/watches/women-s-watches/panth%C3%A8re-de-cartier/hpi01096-panth%C3%A8re-de-cartier-watch.html ||| https://encartier.ipscdn.net/content/dam/rcq/car/14/41/32/5/1441325.png ||| /Users/lcchai/Work/assets/official/cartier/1441325.png
https://www.en.cartier.com/collections/watches/women-s-watches/panth%C3%A8re-de-cartier/hpi01129-panth%C3%A8re-de-cartier-watch.html ||| https://encartier.ipscdn.net/content/dam/rcq/car/14/37/97/8/1437978.png ||| /Users/lcchai/Work/assets/official/cartier/1437978.png
https://www.en.cartier.com/collections/watches/women-s-watches/panth%C3%A8re-de-cartier/hpi01130-panth%C3%A8re-de-cartier-watch.html ||| https://encartier.ipscdn.net/content/dam/rcq/car/14/37/97/9/1437979.png ||| /Users/lcchai/Work/assets/official/cartier/1437979.png
https://www.en.cartier.com/collections/watches/women-s-watches/panth%C3%A8re-de-cartier/hpi01131-panth%C3%A8re-de-cartier-watch.html ||| https://encartier.ipscdn.net/content/dam/rcq/car/16/24/38/2/1624382.png ||| /Users/lcchai/Work/assets/official/cartier/1624382.png
https://www.en.cartier.com/collections/watches/women-s-watches/panth%C3%A8re-de-cartier/hpi01325-panth%C3%A8re-de-cartier-watch.html ||| https://encartier.ipscdn.net/content/dam/rcq/car/18/02/75/5/1802755.png ||| /Users/lcchai/Work/assets/official/cartier/1802755.png
https://www.en.cartier.com/collections/watches/women-s-watches/panth%C3%A8re-de-cartier/hpi01326-panth%C3%A8re-de-cartier-watch.html ||| https://encartier.ipscdn.net/content/dam/rcq/car/18/02/75/6/1802756.png ||| /Users/lcchai/Work/assets/official/cartier/1802756.png
https://www.en.cartier.com/collections/watches/women-s-watches/panth%C3%A8re-de-cartier/w2pn0006-panth%C3%A8re-de-cartier-watch.html ||| https://encartier.ipscdn.net/content/dam/rcq/car/14/37/98/0/1437980.png ||| /Users/lcchai/Work/assets/official/cartier/1437980.png
https://www.en.cartier.com/collections/watches/women-s-watches/panth%C3%A8re-de-cartier/w2pn0007-panth%C3%A8re-de-cartier-watch.html ||| https://encartier.ipscdn.net/content/dam/rcq/car/14/37/98/1/1437981.png ||| /Users/lcchai/Work/assets/official/cartier/1437981.png
https://www.en.cartier.com/collections/watches/women-s-watches/panth%C3%A8re-de-cartier/w3pn0006-panth%C3%A8re-de-cartier-watch.html ||| https://encartier.ipscdn.net/content/dam/rcq/car/15/91/45/3/1591453.png ||| /Users/lcchai/Work/assets/official/cartier/1591453.png
https://www.en.cartier.com/collections/watches/women-s-watches/panth%C3%A8re-de-cartier/w3pn0007-panth%C3%A8re-de-cartier-watch.html ||| https://encartier.ipscdn.net/content/dam/rcq/car/15/91/50/4/1591504.png ||| /Users/lcchai/Work/assets/official/cartier/1591504.png
https://www.en.cartier.com/collections/watches/women-s-watches/panth%C3%A8re-de-cartier/w4pn0007-panth%C3%A8re-de-cartier-watch.html ||| https://encartier.ipscdn.net/content/dam/rcq/car/15/91/45/7/1591457.png ||| /Users/lcchai/Work/assets/official/cartier/1591457.png
https://www.en.cartier.com/collections/watches/women-s-watches/panth%C3%A8re-de-cartier/w4pn0008-panth%C3%A8re-de-cartier-watch.html ||| https://encartier.ipscdn.net/content/dam/rcq/car/15/91/45/8/1591458.png ||| /Users/lcchai/Work/assets/official/cartier/1591458.png
https://www.en.cartier.com/collections/watches/women-s-watches/panth%C3%A8re-de-cartier/wgpn0006-panth%C3%A8re-de-cartier-watch.html ||| https://encartier.ipscdn.net/content/dam/rcq/car/14/37/98/5/1437985.png ||| /Users/lcchai/Work/assets/official/cartier/1437985.png
https://www.en.cartier.com/collections/watches/women-s-watches/panth%C3%A8re-de-cartier/wgpn0007-panth%C3%A8re-de-cartier-watch.html ||| https://encartier.ipscdn.net/content/dam/rcq/car/14/37/98/6/1437986.png ||| /Users/lcchai/Work/assets/official/cartier/1437986.png
https://www.en.cartier.com/collections/watches/women-s-watches/panth%C3%A8re-de-cartier/wgpn0008-panth%C3%A8re-de-cartier-watch.html ||| https://encartier.ipscdn.net/content/dam/rcq/car/14/37/98/7/1437987.png ||| /Users/lcchai/Work/assets/official/cartier/1437987.png
https://www.en.cartier.com/collections/watches/women-s-watches/panth%C3%A8re-de-cartier/wgpn0009-panth%C3%A8re-de-cartier-watch.html ||| https://encartier.ipscdn.net/content/dam/rcq/car/14/37/98/8/1437988.png ||| /Users/lcchai/Work/assets/official/cartier/1437988.png
https://www.en.cartier.com/collections/watches/women-s-watches/panth%C3%A8re-de-cartier/wgpn0012-panth%C3%A8re-de-cartier-watch.html ||| https://encartier.ipscdn.net/content/dam/rcq/car/15/95/55/2/1595552.png ||| /Users/lcchai/Work/assets/official/cartier/1595552.png
https://www.en.cartier.com/collections/watches/women-s-watches/panth%C3%A8re-de-cartier/wgpn0013-panth%C3%A8re-de-cartier-watch.html ||| https://encartier.ipscdn.net/content/dam/rcq/car/15/95/55/3/1595553.png ||| /Users/lcchai/Work/assets/official/cartier/1595553.png
https://www.en.cartier.com/collections/watches/women-s-watches/panth%C3%A8re-de-cartier/wgpn0016-panth%C3%A8re-de-cartier-watch.html ||| https://encartier.ipscdn.net/content/dam/rcq/car/17/40/42/7/1740427.png ||| /Users/lcchai/Work/assets/official/cartier/1740427.png
https://www.en.cartier.com/collections/watches/women-s-watches/panth%C3%A8re-de-cartier/wgpn0017-panth%C3%A8re-de-cartier-watch.html ||| https://encartier.ipscdn.net/content/dam/rcq/car/18/11/52/0/1811520.png ||| /Users/lcchai/Work/assets/official/cartier/1811520.png
https://www.en.cartier.com/collections/watches/women-s-watches/panth%C3%A8re-de-cartier/wgpn0018-panth%C3%A8re-de-cartier-watch.html ||| https://encartier.ipscdn.net/content/dam/rcq/car/18/11/52/1/1811521.png ||| /Users/lcchai/Work/assets/official/cartier/1811521.png
https://www.en.cartier.com/collections/watches/women-s-watches/panth%C3%A8re-de-cartier/wgpn0019-panth%C3%A8re-de-cartier-watch.html ||| https://encartier.ipscdn.net/content/dam/rcq/car/18/11/52/2/1811522.png ||| /Users/lcchai/Work/assets/official/cartier/1811522.png
https://www.en.cartier.com/collections/watches/women-s-watches/panth%C3%A8re-de-cartier/wjpn0006-panth%C3%A8re-de-cartier-watch.html ||| https://encartier.ipscdn.net/content/dam/rcq/car/14/37/99/1/1437991.png ||| /Users/lcchai/Work/assets/official/cartier/1437991.png
https://www.en.cartier.com/collections/watches/women-s-watches/panth%C3%A8re-de-cartier/wjpn0007-panth%C3%A8re-de-cartier-watch.html ||| https://encartier.ipscdn.net/content/dam/rcq/car/14/37/99/2/1437992.png ||| /Users/lcchai/Work/assets/official/cartier/1437992.png
https://www.en.cartier.com/collections/watches/women-s-watches/panth%C3%A8re-de-cartier/wjpn0008-panth%C3%A8re-de-cartier-watch.html ||| https://encartier.ipscdn.net/content/dam/rcq/car/14/37/99/3/1437993.png ||| /Users/lcchai/Work/assets/official/cartier/1437993.png
https://www.en.cartier.com/collections/watches/women-s-watches/panth%C3%A8re-de-cartier/wjpn0009-panth%C3%A8re-de-cartier-watch.html ||| https://encartier.ipscdn.net/content/dam/rcq/car/14/37/99/4/1437994.png ||| /Users/lcchai/Work/assets/official/cartier/1437994.png
https://www.en.cartier.com/collections/watches/women-s-watches/panth%C3%A8re-de-cartier/wjpn0011-panth%C3%A8re-de-cartier-watch.html ||| https://encartier.ipscdn.net/content/dam/rcq/car/15/95/55/4/1595554.png ||| /Users/lcchai/Work/assets/official/cartier/1595554.png
https://www.en.cartier.com/collections/watches/women-s-watches/panth%C3%A8re-de-cartier/wjpn0012-panth%C3%A8re-de-cartier-watch.html ||| https://encartier.ipscdn.net/content/dam/rcq/car/15/95/55/5/1595555.png ||| /Users/lcchai/Work/assets/official/cartier/1595555.png
https://www.en.cartier.com/collections/watches/women-s-watches/panth%C3%A8re-de-cartier/wjpn0013-panth%C3%A8re-de-cartier-watch.html ||| https://encartier.ipscdn.net/content/dam/rcq/car/15/95/55/6/1595556.png ||| /Users/lcchai/Work/assets/official/cartier/1595556.png
https://www.en.cartier.com/collections/watches/women-s-watches/panth%C3%A8re-de-cartier/wjpn0014-panth%C3%A8re-de-cartier-watch.html ||| https://encartier.ipscdn.net/content/dam/rcq/car/15/95/55/7/1595557.png ||| /Users/lcchai/Work/assets/official/cartier/1595557.png
https://www.en.cartier.com/collections/watches/women-s-watches/panth%C3%A8re-de-cartier/wjpn0015-panth%C3%A8re-de-cartier-watch.html ||| https://encartier.ipscdn.net/content/dam/rcq/car/15/95/55/8/1595558.png ||| /Users/lcchai/Work/assets/official/cartier/1595558.png
https://www.en.cartier.com/collections/watches/women-s-watches/panth%C3%A8re-de-cartier/wjpn0016-panth%C3%A8re-de-cartier-watch.html ||| https://encartier.ipscdn.net/content/dam/rcq/car/15/95/55/9/1595559.png ||| /Users/lcchai/Work/assets/official/cartier/1595559.png
https://www.en.cartier.com/collections/watches/women-s-watches/panth%C3%A8re-de-cartier/wjpn0018-panth%C3%A8re-de-cartier-watch.html ||| https://encartier.ipscdn.net/content/dam/rcq/car/15/91/46/3/1591463.png ||| /Users/lcchai/Work/assets/official/cartier/1591463.png
https://www.en.cartier.com/collections/watches/women-s-watches/panth%C3%A8re-de-cartier/wjpn0019-panth%C3%A8re-de-cartier-watch.html ||| https://encartier.ipscdn.net/content/dam/rcq/car/17/40/43/9/1740439.png ||| /Users/lcchai/Work/assets/official/cartier/1740439.png
https://www.en.cartier.com/collections/watches/women-s-watches/panth%C3%A8re-de-cartier/wjpn0020-panth%C3%A8re-de-cartier-watch.html ||| https://encartier.ipscdn.net/content/dam/rcq/car/17/40/44/0/1740440.png ||| /Users/lcchai/Work/assets/official/cartier/1740440.png
https://www.en.cartier.com/collections/watches/women-s-watches/panth%C3%A8re-de-cartier/wjpn0021-panth%C3%A8re-de-cartier-watch.html ||| https://encartier.ipscdn.net/content/dam/rcq/car/18/11/54/6/1811546.png ||| /Users/lcchai/Work/assets/official/cartier/1811546.png
https://www.en.cartier.com/collections/watches/women-s-watches/panth%C3%A8re-de-cartier/wjpn0022-panth%C3%A8re-de-cartier-watch.html ||| https://encartier.ipscdn.net/content/dam/rcq/car/18/11/54/5/1811545.png ||| /Users/lcchai/Work/assets/official/cartier/1811545.png
https://www.en.cartier.com/collections/watches/women-s-watches/panth%C3%A8re-de-cartier/wjpn0026-panth%C3%A8re-de-cartier-watch.html ||| https://encartier.ipscdn.net/content/dam/rcq/car/18/94/48/3/1894483.png ||| /Users/lcchai/Work/assets/official/cartier/1894483.png
https://www.en.cartier.com/collections/watches/women-s-watches/panth%C3%A8re-de-cartier/wspn0006-panth%C3%A8re-de-cartier-watch.html ||| https://encartier.ipscdn.net/content/dam/rcq/car/14/37/99/6/1437996.png ||| /Users/lcchai/Work/assets/official/cartier/1437996.png
https://www.en.cartier.com/collections/watches/women-s-watches/panth%C3%A8re-de-cartier/wspn0007-panth%C3%A8re-de-cartier-watch.html ||| https://encartier.ipscdn.net/content/dam/rcq/car/14/37/99/7/1437997.png ||| /Users/lcchai/Work/assets/official/cartier/1437997.png
https://www.en.cartier.com/collections/watches/women-s-watches/panth%C3%A8re-de-cartier/wspn0019-panth%C3%A8re-de-cartier-watch.html ||| https://encartier.ipscdn.net/content/dam/rcq/car/17/40/50/6/1740506.png ||| /Users/lcchai/Work/assets/official/cartier/1740506.png
https://www.en.cartier.com/collections/watches/women-s-watches/ronde-de-cartier/ronde-louis-cartier/w6800151-ronde-louis-cartier-watch.html ||| https://encartier.ipscdn.net/content/dam/rcq/car/59/35/76/593576.png ||| /Users/lcchai/Work/assets/official/cartier/593576.png
https://www.en.cartier.com/collections/watches/women-s-watches/ronde-de-cartier/ronde-louis-cartier/w6800251-ronde-louis-cartier-watch.html ||| https://encartier.ipscdn.net/content/dam/rcq/car/58/32/22/583222.png ||| /Users/lcchai/Work/assets/official/cartier/583222.png
https://www.en.cartier.com/collections/watches/women-s-watches/ronde-de-cartier/ronde-louis-cartier/wgrn0006-ronde-louis-cartier-watch.html ||| https://encartier.ipscdn.net/content/dam/rcq/car/10/57/55/5/1057555.png ||| /Users/lcchai/Work/assets/official/cartier/1057555.png
https://www.en.cartier.com/collections/watches/women-s-watches/ronde-de-cartier/ronde-louis-cartier/wr000251-ronde-louis-cartier-watch.html ||| https://encartier.ipscdn.net/content/dam/rcq/car/58/43/63/584363.png ||| /Users/lcchai/Work/assets/official/cartier/584363.png
https://www.en.cartier.com/collections/watches/women-s-watches/ronde-de-cartier/ronde-louis-cartier/wr000351-ronde-louis-cartier-watch.html ||| https://encartier.ipscdn.net/content/dam/rcq/car/58/63/81/586381.png ||| /Users/lcchai/Work/assets/official/cartier/586381.png
https://www.en.cartier.com/collections/watches/women-s-watches/ronde-de-cartier/ronde-louis-cartier/wr000551-ronde-louis-cartier-watch.html ||| https://encartier.ipscdn.net/content/dam/rcq/car/58/73/98/587398.png ||| /Users/lcchai/Work/assets/official/cartier/587398.png
https://www.en.cartier.com/collections/watches/women-s-watches/ronde-de-cartier/ronde-louis-cartier/wr000651-ronde-louis-cartier-watch.html ||| https://encartier.ipscdn.net/content/dam/rcq/car/59/06/06/590606.png ||| /Users/lcchai/Work/assets/official/cartier/590606.png
https://www.en.cartier.com/collections/watches/women-s-watches/ronde-de-cartier/ronde-louis-cartier/wr007001-ronde-louis-cartier-watch.html ||| https://encartier.ipscdn.net/content/dam/rcq/car/58/78/68/587868.png ||| /Users/lcchai/Work/assets/official/cartier/587868.png
https://www.en.cartier.com/collections/watches/women-s-watches/ronde-de-cartier/ronde-louis-cartier/wr007002-ronde-louis-cartier-watch.html ||| https://encartier.ipscdn.net/content/dam/rcq/car/58/78/25/587825.png ||| /Users/lcchai/Work/assets/official/cartier/587825.png
https://www.en.cartier.com/collections/watches/women-s-watches/ronde-de-cartier/ronde-louis-cartier/wr007003-ronde-louis-cartier-watch.html ||| https://encartier.ipscdn.net/content/dam/rcq/car/58/93/21/589321.png ||| /Users/lcchai/Work/assets/official/cartier/589321.png
https://www.en.cartier.com/collections/watches/women-s-watches/ronde-de-cartier/ronde-louis-cartier/wr007017-ronde-louis-cartier-watch.html ||| https://encartier.ipscdn.net/content/dam/rcq/car/71/50/49/715049.png ||| /Users/lcchai/Work/assets/official/cartier/715049.png
https://www.en.cartier.com/collections/watches/women-s-watches/ronde-de-cartier/ronde-solo-de-cartier/w2rn0008-ronde-solo-de-cartier-watch.html ||| https://encartier.ipscdn.net/content/dam/rcq/car/10/36/70/0/1036700.png ||| /Users/lcchai/Work/assets/official/cartier/1036700.png
https://www.en.cartier.com/collections/watches/women-s-watches/ronde-de-cartier/ronde-solo-de-cartier/w6700155-ronde-solo-de-cartier-watch.html ||| https://encartier.ipscdn.net/content/dam/rcq/car/59/23/44/592344.png ||| /Users/lcchai/Work/assets/official/cartier/592344.png
https://www.en.cartier.com/collections/watches/women-s-watches/ronde-de-cartier/ronde-solo-de-cartier/w6700255-ronde-solo-de-cartier-watch.html ||| https://encartier.ipscdn.net/content/dam/rcq/car/58/59/31/585931.png ||| /Users/lcchai/Work/assets/official/cartier/585931.png
https://www.en.cartier.com/collections/watches/women-s-watches/ronde-de-cartier/ronde-solo-de-cartier/w6700355-ronde-solo-de-cartier-watch.html ||| https://encartier.ipscdn.net/content/dam/rcq/car/58/43/64/584364.png ||| /Users/lcchai/Work/assets/official/cartier/584364.png
https://www.en.cartier.com/collections/watches/women-s-watches/ronde-de-cartier/ronde-solo-de-cartier/w6700455-ronde-solo-de-cartier-watch.html ||| https://encartier.ipscdn.net/content/dam/rcq/car/59/14/42/591442.png ||| /Users/lcchai/Work/assets/official/cartier/591442.png
https://www.en.cartier.com/collections/watches/women-s-watches/ronde-de-cartier/ronde-solo-de-cartier/w6701004-ronde-solo-de-cartier-watch.html ||| https://encartier.ipscdn.net/content/dam/rcq/car/58/78/05/587805.png ||| /Users/lcchai/Work/assets/official/cartier/587805.png
https://www.en.cartier.com/collections/watches/women-s-watches/ronde-de-cartier/ronde-solo-de-cartier/w6701005-ronde-solo-de-cartier-watch.html ||| https://encartier.ipscdn.net/content/dam/rcq/car/59/14/79/591479.png ||| /Users/lcchai/Work/assets/official/cartier/591479.png
https://www.en.cartier.com/collections/watches/women-s-watches/ronde-de-cartier/ronde-solo-de-cartier/w6701007-ronde-solo-de-cartier-watch.html ||| https://encartier.ipscdn.net/content/dam/rcq/car/60/07/98/600798.png ||| /Users/lcchai/Work/assets/official/cartier/600798.png
https://www.en.cartier.com/collections/watches/women-s-watches/ronde-de-cartier/ronde-solo-de-cartier/w6701008-ronde-solo-de-cartier-watch.html ||| https://encartier.ipscdn.net/content/dam/rcq/car/60/07/95/600795.png ||| /Users/lcchai/Work/assets/official/cartier/600795.png
https://www.en.cartier.com/collections/watches/women-s-watches/ronde-de-cartier/ronde-solo-de-cartier/wsrn0012-ronde-solo-de-cartier-watch.html ||| https://encartier.ipscdn.net/content/dam/rcq/car/10/36/70/9/1036709.png ||| /Users/lcchai/Work/assets/official/cartier/1036709.png
https://www.en.cartier.com/collections/watches/women-s-watches/ronde-de-cartier/ronde-solo-de-cartier/wsrn0013-ronde-solo-de-cartier-watch.html ||| https://encartier.ipscdn.net/content/dam/rcq/car/10/36/71/0/1036710.png ||| /Users/lcchai/Work/assets/official/cartier/1036710.png
https://www.en.cartier.com/collections/watches/women-s-watches/ronde-de-cartier/ronde-solo-de-cartier/wsrn0019-ronde-solo-de-cartier-watch.html ||| https://encartier.ipscdn.net/content/dam/rcq/car/15/15/33/0/1515330.png ||| /Users/lcchai/Work/assets/official/cartier/1515330.png
https://www.en.cartier.com/collections/watches/women-s-watches/ronde-de-cartier/ronde-solo-de-cartier/wsrn0021-ronde-solo-de-cartier-watch.html ||| https://encartier.ipscdn.net/content/dam/rcq/car/15/15/34/5/1515345.png ||| /Users/lcchai/Work/assets/official/cartier/1515345.png
https://www.en.cartier.com/collections/watches/women-s-watches/ronde-de-cartier/ronde-solo-de-cartier/wsrn0022-ronde-solo-de-cartier-watch.html ||| https://encartier.ipscdn.net/content/dam/rcq/car/15/15/35/9/1515359.png ||| /Users/lcchai/Work/assets/official/cartier/1515359.png
https://www.en.cartier.com/collections/watches/women-s-watches/santos-de-cartier/santos-de-cartier/wgsa0008-santos-de-cartier-watch.html ||| https://encartier.ipscdn.net/content/dam/rcq/car/16/66/38/1/1666381.png ||| /Users/lcchai/Work/assets/official/cartier/1666381.png
https://www.en.cartier.com/collections/watches/women-s-watches/santos-de-cartier/santos-de-cartier/wgsa0010-santos-de-cartier-watch.html ||| https://encartier.ipscdn.net/content/dam/rcq/car/16/66/40/0/1666400.png ||| /Users/lcchai/Work/assets/official/cartier/1666400.png
https://www.en.cartier.com/collections/watches/women-s-watches/santos-de-cartier/santos-de-cartier/wgsa0012-santos-de-cartier-watch.html ||| https://encartier.ipscdn.net/content/dam/rcq/car/16/66/40/9/1666409.png ||| /Users/lcchai/Work/assets/official/cartier/1666409.png
https://www.en.cartier.com/collections/watches/women-s-watches/santos-de-cartier/santos-de-cartier/wjsa0010-santos-de-cartier-watch.html ||| https://encartier.ipscdn.net/content/dam/rcq/car/17/74/46/6/1774466.png ||| /Users/lcchai/Work/assets/official/cartier/1774466.png
https://www.en.cartier.com/collections/watches/women-s-watches/santos-de-cartier/santos-de-cartier/wjsa0012-santos-de-cartier-watch.html ||| https://encartier.ipscdn.net/content/dam/rcq/car/17/32/93/6/1732936.png ||| /Users/lcchai/Work/assets/official/cartier/1732936.png
https://www.en.cartier.com/collections/watches/women-s-watches/santos-de-cartier/santos-de-cartier/wjsa0014-santos-de-cartier-watch.html ||| https://encartier.ipscdn.net/content/dam/rcq/car/17/32/93/4/1732934.png ||| /Users/lcchai/Work/assets/official/cartier/1732934.png
https://www.en.cartier.com/collections/watches/women-s-watches/santos-de-cartier/santos-de-cartier/wssa0010-santos-de-cartier-watch.html ||| https://encartier.ipscdn.net/content/dam/rcq/car/16/66/42/5/1666425.png ||| /Users/lcchai/Work/assets/official/cartier/1666425.png
https://www.en.cartier.com/collections/watches/women-s-watches/santos-de-cartier/santos-dumont/w2sa0011-santos-dumont-watch.html ||| https://encartier.ipscdn.net/content/dam/rcq/car/17/33/11/6/1733116.png ||| /Users/lcchai/Work/assets/official/cartier/1733116.png
https://www.en.cartier.com/collections/watches/women-s-watches/santos-de-cartier/santos-dumont/w2sa0012-santos-dumont-watch.html ||| https://encartier.ipscdn.net/content/dam/rcq/car/17/33/11/7/1733117.png ||| /Users/lcchai/Work/assets/official/cartier/1733117.png
https://www.en.cartier.com/collections/watches/women-s-watches/santos-de-cartier/santos-dumont/wgsa0021-santos-dumont-watch.html ||| https://encartier.ipscdn.net/content/dam/rcq/car/17/33/11/8/1733118.png ||| /Users/lcchai/Work/assets/official/cartier/1733118.png
https://www.en.cartier.com/collections/watches/women-s-watches/santos-de-cartier/santos-dumont/wgsa0022-santos-dumont-watch.html ||| https://encartier.ipscdn.net/content/dam/rcq/car/17/33/11/9/1733119.png ||| /Users/lcchai/Work/assets/official/cartier/1733119.png
https://www.en.cartier.com/collections/watches/women-s-watches/santos-de-cartier/santos-dumont/wjsa0016-santos-dumont-watch.html ||| https://encartier.ipscdn.net/content/dam/rcq/car/19/59/00/5/1959005.png ||| /Users/lcchai/Work/assets/official/cartier/1959005.png
https://www.en.cartier.com/collections/watches/women-s-watches/santos-de-cartier/santos-dumont/wjsa0017-santos-dumont-watch.html ||| https://encartier.ipscdn.net/content/dam/rcq/car/19/58/00/3/1958003.png ||| /Users/lcchai/Work/assets/official/cartier/1958003.png
https://www.en.cartier.com/collections/watches/women-s-watches/santos-de-cartier/santos-dumont/wssa0022-santos-dumont-watch.html ||| https://encartier.ipscdn.net/content/dam/rcq/car/17/33/12/0/1733120.png ||| /Users/lcchai/Work/assets/official/cartier/1733120.png
https://www.en.cartier.com/collections/watches/women-s-watches/santos-de-cartier/santos-dumont/wssa0023-santos-dumont-watch.html ||| https://encartier.ipscdn.net/content/dam/rcq/car/17/33/12/1/1733121.png ||| /Users/lcchai/Work/assets/official/cartier/1733121.png
https://www.en.cartier.com/collections/watches/women-s-watches/tank/tank-louis-cartier/hpi00705-tank-louis-cartier-watch.html ||| https://encartier.ipscdn.net/content/dam/rcq/car/59/51/41/595141.png ||| /Users/lcchai/Work/assets/official/cartier/595141.png
https://www.en.cartier.com/collections/watches/women-s-watches/tank/tank-louis-cartier/w1529756-tank-louis-cartier-watch.html ||| https://encartier.ipscdn.net/content/dam/rcq/car/58/85/47/588547.png ||| /Users/lcchai/Work/assets/official/cartier/588547.png
https://www.en.cartier.com/collections/watches/women-s-watches/tank/tank-louis-cartier/w1529856-tank-louis-cartier-watch.html ||| https://encartier.ipscdn.net/content/dam/rcq/car/58/61/86/586186.png ||| /Users/lcchai/Work/assets/official/cartier/586186.png
https://www.en.cartier.com/collections/watches/women-s-watches/tank/tank-louis-cartier/wgta0010-tank-louis-cartier-watch.html ||| https://encartier.ipscdn.net/content/dam/rcq/car/14/62/75/0/1462750.png ||| /Users/lcchai/Work/assets/official/cartier/1462750.png
https://www.en.cartier.com/collections/watches/women-s-watches/tank/tank-louis-cartier/wgta0023-tank-louis-cartier-watch.html ||| https://encartier.ipscdn.net/content/dam/rcq/car/15/91/45/9/1591459.png ||| /Users/lcchai/Work/assets/official/cartier/1591459.png
https://www.en.cartier.com/collections/watches/women-s-watches/tank/tank-louis-cartier/wgta0024-tank-louis-cartier-watch.html ||| https://encartier.ipscdn.net/content/dam/rcq/car/15/91/46/0/1591460.png ||| /Users/lcchai/Work/assets/official/cartier/1591460.png
https://www.en.cartier.com/collections/watches/women-s-watches/tank/tank-louis-cartier/wjta0010-tank-louis-cartier-watch.html ||| https://encartier.ipscdn.net/content/dam/rcq/car/14/62/75/5/1462755.png ||| /Users/lcchai/Work/assets/official/cartier/1462755.png
https://www.en.cartier.com/collections/watches/women-s-watches/tank/tank-louis-cartier/wjta0011-tank-louis-cartier-watch.html ||| https://encartier.ipscdn.net/content/dam/rcq/car/14/62/75/6/1462756.png ||| /Users/lcchai/Work/assets/official/cartier/1462756.png
https://www.en.cartier.com/collections/watches/women-s-watches/tank/tank-louis-cartier/wjta0014-tank-louis-cartier-watch.html ||| https://encartier.ipscdn.net/content/dam/rcq/car/14/62/75/7/1462757.png ||| /Users/lcchai/Work/assets/official/cartier/1462757.png
https://www.en.cartier.com/collections/watches/women-s-watches/tank/tank-louis-cartier/wjta0015-tank-louis-cartier-watch.html ||| https://encartier.ipscdn.net/content/dam/rcq/car/14/62/75/8/1462758.png ||| /Users/lcchai/Work/assets/official/cartier/1462758.png
https://www.en.cartier.com/collections/watches/women-s-watches/tank/tank-louis-cartier/wjta0020-tank-louis-cartier-watch.html ||| https://encartier.ipscdn.net/content/dam/rcq/car/16/23/16/7/1623167.png ||| /Users/lcchai/Work/assets/official/cartier/1623167.png
https://www.en.cartier.com/collections/watches/women-s-watches/tank/tank-louis-cartier/wjta0021-tank-louis-cartier-watch.html ||| https://encartier.ipscdn.net/content/dam/rcq/car/15/91/46/4/1591464.png ||| /Users/lcchai/Work/assets/official/cartier/1591464.png
https://www.en.cartier.com/collections/watches/women-s-watches/tank/tank-louis-cartier/wt200006-tank-louis-cartier-watch.html ||| https://encartier.ipscdn.net/content/dam/rcq/car/58/85/10/588510.png ||| /Users/lcchai/Work/assets/official/cartier/588510.png
https://www.en.cartier.com/collections/watches/women-s-watches/tank/tank-solo/w5200002-tank-solo-watch.html ||| https://encartier.ipscdn.net/content/dam/rcq/car/58/58/93/585893.png ||| /Users/lcchai/Work/assets/official/cartier/585893.png
https://www.en.cartier.com/collections/watches/women-s-watches/tank/tank-solo/w5200004-tank-solo-watch.html ||| https://encartier.ipscdn.net/content/dam/rcq/car/59/23/13/592313.png ||| /Users/lcchai/Work/assets/official/cartier/592313.png
https://www.en.cartier.com/collections/watches/women-s-watches/tank/tank-solo/w5200013-tank-solo-watch.html ||| https://encartier.ipscdn.net/content/dam/rcq/car/58/56/56/585656.png ||| /Users/lcchai/Work/assets/official/cartier/585656.png
https://www.en.cartier.com/collections/watches/women-s-watches/tank/tank-solo/w5200014-tank-solo-watch.html ||| https://encartier.ipscdn.net/content/dam/rcq/car/59/13/84/591384.png ||| /Users/lcchai/Work/assets/official/cartier/591384.png
https://www.en.cartier.com/collections/watches/women-s-watches/tank/tank-solo/w5200024-tank-solo-watch.html ||| https://encartier.ipscdn.net/content/dam/rcq/car/60/08/00/600800.png ||| /Users/lcchai/Work/assets/official/cartier/600800.png
https://www.en.cartier.com/collections/watches/women-s-watches/tank/tank-solo/w5200025-tank-solo-watch.html ||| https://encartier.ipscdn.net/content/dam/rcq/car/60/08/03/600803.png ||| /Users/lcchai/Work/assets/official/cartier/600803.png
https://www.en.cartier.com/collections/watches/women-s-watches/tank/tank-solo/wsta0028-tank-solo-watch.html ||| https://encartier.ipscdn.net/content/dam/rcq/car/15/15/37/3/1515373.png ||| /Users/lcchai/Work/assets/official/cartier/1515373.png
https://www.en.cartier.com/collections/watches/women-s-watches/tank/tank-solo/wsta0030-tank-solo-watch.html ||| https://encartier.ipscdn.net/content/dam/rcq/car/15/15/40/1/1515401.png ||| /Users/lcchai/Work/assets/official/cartier/1515401.png
https://www.en.cartier.com/collections/watches/women-s-watches/tortue/hpi00778-tortue-watch.html ||| https://encartier.ipscdn.net/content/dam/rcq/car/59/51/75/595175.png ||| /Users/lcchai/Work/assets/official/cartier/595175.png
https://www.en.cartier.com/collections/watches/women-s-watches/tortue/hpi00779-tortue-watch.html ||| https://encartier.ipscdn.net/content/dam/rcq/car/59/51/76/595176.png ||| /Users/lcchai/Work/assets/official/cartier/595176.png
https://www.en.cartier.com/collections/watches/women-s-watches/tortue/wa501006-tortue-watch.html ||| https://encartier.ipscdn.net/content/dam/rcq/car/59/52/10/595210.png ||| /Users/lcchai/Work/assets/official/cartier/595210.png
https://www.en.cartier.com/collections/watches/women-s-watches/tortue/wa501008-tortue-watch.html ||| https://encartier.ipscdn.net/content/dam/rcq/car/59/52/13/595213.png ||| /Users/lcchai/Work/assets/official/cartier/595213.png
