https://www.chopard.com/us/alpine-eagle-large-295363-5001 ||| https://objects.chopard.com/media/catalog/product/cache/67333a7458446167f436bc25cd163aee/2/9/295363-5001_1.jpg ||| /Users/lcchai/Work/assets/official/chopard/295363-5001_1.jpg
https://www.chopard.com/us/alpine-eagle-large-295363-5002 ||| https://objects.chopard.com/media/catalog/product/cache/67333a7458446167f436bc25cd163aee/2/9/295363-5002_1_1.jpg ||| /Users/lcchai/Work/assets/official/chopard/295363-5002_1_1.jpg
https://www.chopard.com/us/alpine-eagle-large-298600-3001 ||| https://objects.chopard.com/media/catalog/product/cache/67333a7458446167f436bc25cd163aee/2/9/298600-3001_1.jpg ||| /Users/lcchai/Work/assets/official/chopard/298600-3001_1.jpg
https://www.chopard.com/us/alpine-eagle-large-298600-3002 ||| https://objects.chopard.com/media/catalog/product/cache/67333a7458446167f436bc25cd163aee/2/9/298600-3002_1_1.jpg ||| /Users/lcchai/Work/assets/official/chopard/298600-3002_1_1.jpg
https://www.chopard.com/us/alpine-eagle-large-298600-6001 ||| https://objects.chopard.com/media/catalog/product/cache/67333a7458446167f436bc25cd163aee/2/9/298600-6001_1_1.jpg ||| /Users/lcchai/Work/assets/official/chopard/298600-6001_1_1.jpg
https://www.chopard.com/us/alpine-eagle-small-295370-5001 ||| https://objects.chopard.com/media/catalog/product/cache/67333a7458446167f436bc25cd163aee/2/9/295370-5001_1_1.jpg ||| /Users/lcchai/Work/assets/official/chopard/295370-5001_1_1.jpg
https://www.chopard.com/us/alpine-eagle-small-295370-5002 ||| https://objects.chopard.com/media/catalog/product/cache/67333a7458446167f436bc25cd163aee/2/9/295370-5002_1_1.jpg ||| /Users/lcchai/Work/assets/official/chopard/295370-5002_1_1.jpg
https://www.chopard.com/us/alpine-eagle-small-295370-5003 ||| https://objects.chopard.com/media/catalog/product/cache/67333a7458446167f436bc25cd163aee/2/9/295370-5003_1_1.jpg ||| /Users/lcchai/Work/assets/official/chopard/295370-5003_1_1.jpg
https://www.chopard.com/us/alpine-eagle-small-298601-3001 ||| https://objects.chopard.com/media/catalog/product/cache/67333a7458446167f436bc25cd163aee/2/9/298601-3001_1_1.jpg ||| /Users/lcchai/Work/assets/official/chopard/298601-3001_1_1.jpg
https://www.chopard.com/us/alpine-eagle-small-298601-3002 ||| https://objects.chopard.com/media/catalog/product/cache/67333a7458446167f436bc25cd163aee/2/9/298601-3002_1.jpg ||| /Users/lcchai/Work/assets/official/chopard/298601-3002_1.jpg
https://www.chopard.com/us/alpine-eagle-small-298601-3004 ||| https://objects.chopard.com/media/catalog/product/cache/67333a7458446167f436bc25cd163aee/2/9/298601-3004_1_1.jpg ||| /Users/lcchai/Work/assets/official/chopard/298601-3004_1_1.jpg
https://www.chopard.com/us/alpine-eagle-small-298601-6001 ||| https://objects.chopard.com/media/catalog/product/cache/67333a7458446167f436bc25cd163aee/2/9/298601-6001_1_1.jpg ||| /Users/lcchai/Work/assets/official/chopard/298601-6001_1_1.jpg
https://www.chopard.com/us/alpine-eagle-small-298601-6002 ||| https://objects.chopard.com/media/catalog/product/cache/67333a7458446167f436bc25cd163aee/2/9/298601-6002_1_1.jpg ||| /Users/lcchai/Work/assets/official/chopard/298601-6002_1_1.jpg
https://www.chopard.com/us/alpine-eagle-small-frozen-295370-1001 ||| https://objects.chopard.com/media/catalog/product/cache/67333a7458446167f436bc25cd163aee/2/9/295370-1001_1.jpg ||| /Users/lcchai/Work/assets/official/chopard/295370-1001_1.jpg
https://www.chopard.com/us/alpine-eagle-xl-chrono-298609-3001 ||| https://objects.chopard.com/media/catalog/product/cache/67333a7458446167f436bc25cd163aee/2/9/298609-3001_1_1.jpg ||| /Users/lcchai/Work/assets/official/chopard/298609-3001_1_1.jpg
https://www.chopard.com/us/alpine-eagle-xl-chrono-298609-3002 ||| https://objects.chopard.com/media/catalog/product/cache/67333a7458446167f436bc25cd163aee/2/9/298609-3002_1_1.jpg ||| /Users/lcchai/Work/assets/official/chopard/298609-3002_1_1.jpg
https://www.chopard.com/us/alpine-eagle-xl-chrono-298609-6001 ||| https://objects.chopard.com/media/catalog/product/cache/67333a7458446167f436bc25cd163aee/2/9/298609-6001_1_1.jpg ||| /Users/lcchai/Work/assets/official/chopard/298609-6001_1_1.jpg
https://www.chopard.com/us/happy-diamonds-icons-203957-1214 ||| https://objects.chopard.com/media/catalog/product/cache/67333a7458446167f436bc25cd163aee/2/0/203957-1214_1_1.jpg ||| /Users/lcchai/Work/assets/official/chopard/203957-1214_1_1.jpg
https://www.chopard.com/us/happy-diamonds-icons-203957-5209 ||| https://objects.chopard.com/media/catalog/product/cache/67333a7458446167f436bc25cd163aee/2/0/203957-5209_1_1.jpg ||| /Users/lcchai/Work/assets/official/chopard/203957-5209_1_1.jpg
https://www.chopard.com/us/happy-diamonds-icons-203957-5210 ||| https://objects.chopard.com/media/catalog/product/cache/67333a7458446167f436bc25cd163aee/2/0/203957-5210_1_1.jpg ||| /Users/lcchai/Work/assets/official/chopard/203957-5210_1_1.jpg
https://www.chopard.com/us/happy-diamonds-icons-203957-5214 ||| https://objects.chopard.com/media/catalog/product/cache/67333a7458446167f436bc25cd163aee/2/0/203957-5214_1_1.jpg ||| /Users/lcchai/Work/assets/official/chopard/203957-5214_1_1.jpg
https://www.chopard.com/us/happy-diamonds-icons-204180-1201 ||| https://objects.chopard.com/media/catalog/product/cache/67333a7458446167f436bc25cd163aee/2/0/204180-1201_1.jpg ||| /Users/lcchai/Work/assets/official/chopard/204180-1201_1.jpg
https://www.chopard.com/us/happy-diamonds-icons-204180-5201 ||| https://objects.chopard.com/media/catalog/product/cache/67333a7458446167f436bc25cd163aee/2/0/204180-5201_1.jpg ||| /Users/lcchai/Work/assets/official/chopard/204180-5201_1.jpg
https://www.chopard.com/us/happy-diamonds-icons-204292-1301 ||| https://objects.chopard.com/media/catalog/product/cache/67333a7458446167f436bc25cd163aee/2/0/204292-1301_1.jpg ||| /Users/lcchai/Work/assets/official/chopard/204292-1301_1.jpg
https://www.chopard.com/us/happy-diamonds-icons-204292-5301 ||| https://objects.chopard.com/media/catalog/product/cache/67333a7458446167f436bc25cd163aee/2/0/204292-5301_1.jpg ||| /Users/lcchai/Work/assets/official/chopard/204292-5301_1.jpg
https://www.chopard.com/us/happy-diamonds-icons-209415-5001 ||| https://objects.chopard.com/media/catalog/product/cache/67333a7458446167f436bc25cd163aee/2/0/209415-5001_1.jpg ||| /Users/lcchai/Work/assets/official/chopard/209415-5001_1.jpg
https://www.chopard.com/us/happy-diamonds-icons-209415-5002 ||| https://objects.chopard.com/media/catalog/product/cache/67333a7458446167f436bc25cd163aee/2/0/209415-5002_1_1.jpg ||| /Users/lcchai/Work/assets/official/chopard/209415-5002_1_1.jpg
https://www.chopard.com/us/happy-diamonds-icons-209426-1001 ||| https://objects.chopard.com/media/catalog/product/cache/67333a7458446167f436bc25cd163aee/2/0/209426-1001_1.jpg ||| /Users/lcchai/Work/assets/official/chopard/209426-1001_1.jpg
https://www.chopard.com/us/happy-diamonds-icons-209426-1201 ||| https://objects.chopard.com/media/catalog/product/cache/67333a7458446167f436bc25cd163aee/2/0/209426-1201_1.jpg ||| /Users/lcchai/Work/assets/official/chopard/209426-1201_1.jpg
https://www.chopard.com/us/happy-diamonds-icons-209426-1202 ||| https://objects.chopard.com/media/catalog/product/cache/67333a7458446167f436bc25cd163aee/2/0/209426-1202_1_1.jpg ||| /Users/lcchai/Work/assets/official/chopard/209426-1202_1_1.jpg
https://www.chopard.com/us/happy-diamonds-icons-209426-5001 ||| https://objects.chopard.com/media/catalog/product/cache/67333a7458446167f436bc25cd163aee/2/0/209426-5001_1_1.jpg ||| /Users/lcchai/Work/assets/official/chopard/209426-5001_1_1.jpg
https://www.chopard.com/us/happy-diamonds-icons-209426-5002 ||| https://objects.chopard.com/media/catalog/product/cache/67333a7458446167f436bc25cd163aee/2/0/209426-5002_1_1.jpg ||| /Users/lcchai/Work/assets/official/chopard/209426-5002_1_1.jpg
https://www.chopard.com/us/happy-diamonds-icons-209426-5201 ||| https://objects.chopard.com/media/catalog/product/cache/67333a7458446167f436bc25cd163aee/2/0/209426-5201_1.jpg ||| /Users/lcchai/Work/assets/official/chopard/209426-5201_1.jpg
https://www.chopard.com/us/happy-diamonds-joaillerie-204035-5001 ||| https://objects.chopard.com/media/catalog/product/cache/67333a7458446167f436bc25cd163aee/2/0/204035-5001_1_1.jpg ||| /Users/lcchai/Work/assets/official/chopard/204035-5001_1_1.jpg
https://www.chopard.com/us/happy-diamonds-joaillerie-204445-1001 ||| https://objects.chopard.com/media/catalog/product/cache/67333a7458446167f436bc25cd163aee/2/0/204445-1001_1_1.jpg ||| /Users/lcchai/Work/assets/official/chopard/204445-1001_1_1.jpg
https://www.chopard.com/us/happy-diamonds-joaillerie-204445-1006 ||| https://objects.chopard.com/media/catalog/product/cache/67333a7458446167f436bc25cd163aee/2/0/204445-1006_1.jpg ||| /Users/lcchai/Work/assets/official/chopard/204445-1006_1.jpg
https://www.chopard.com/us/happy-diamonds-joaillerie-204445-1009 ||| https://objects.chopard.com/media/catalog/product/cache/67333a7458446167f436bc25cd163aee/2/0/204445-1009_1_1.jpg ||| /Users/lcchai/Work/assets/official/chopard/204445-1009_1_1.jpg
https://www.chopard.com/us/happy-diamonds-joaillerie-204445-5001 ||| https://objects.chopard.com/media/catalog/product/cache/67333a7458446167f436bc25cd163aee/2/0/204445-5001_1.jpg ||| /Users/lcchai/Work/assets/official/chopard/204445-5001_1.jpg
https://www.chopard.com/us/happy-diamonds-joaillerie-205369-1001 ||| https://objects.chopard.com/media/catalog/product/cache/67333a7458446167f436bc25cd163aee/2/0/205369-1001_1.jpg ||| /Users/lcchai/Work/assets/official/chopard/205369-1001_1.jpg
https://www.chopard.com/us/happy-diamonds-joaillerie-205369-5001 ||| https://objects.chopard.com/media/catalog/product/cache/67333a7458446167f436bc25cd163aee/2/0/205369-5001_1.jpg ||| /Users/lcchai/Work/assets/official/chopard/205369-5001_1.jpg
https://www.chopard.com/us/happy-diamonds-joaillerie-209424-1004 ||| https://objects.chopard.com/media/catalog/product/cache/67333a7458446167f436bc25cd163aee/2/0/209424-1004_1.jpg ||| /Users/lcchai/Work/assets/official/chopard/209424-1004_1.jpg
https://www.chopard.com/us/happy-diamonds-joaillerie-209424-5004 ||| https://objects.chopard.com/media/catalog/product/cache/67333a7458446167f436bc25cd163aee/2/0/209424-5004_1.jpg ||| /Users/lcchai/Work/assets/official/chopard/209424-5004_1.jpg
https://www.chopard.com/us/happy-diamonds-joaillerie-209436-1002 ||| https://objects.chopard.com/media/catalog/product/cache/67333a7458446167f436bc25cd163aee/2/0/209436-1002_1.jpg ||| /Users/lcchai/Work/assets/official/chopard/209436-1002_1.jpg
https://www.chopard.com/us/happy-diamonds-joaillerie-209436-5002 ||| https://objects.chopard.com/media/catalog/product/cache/67333a7458446167f436bc25cd163aee/2/0/209436-5002_1.jpg ||| /Users/lcchai/Work/assets/official/chopard/209436-5002_1.jpg
https://www.chopard.com/us/happy-diamonds-joaillerie-20a002-5901 ||| https://objects.chopard.com/media/catalog/product/cache/67333a7458446167f436bc25cd163aee/2/0/20A002-5901_1.jpg ||| /Users/lcchai/Work/assets/official/chopard/20A002-5901_1.jpg
https://www.chopard.com/us/happy-diamonds-oval-204305-5301 ||| https://objects.chopard.com/media/catalog/product/cache/67333a7458446167f436bc25cd163aee/2/0/204305-5301_1.jpg ||| /Users/lcchai/Work/assets/official/chopard/204305-5301_1.jpg
https://www.chopard.com/us/happy-hearts-278582-3005 ||| https://objects.chopard.com/media/catalog/product/cache/67333a7458446167f436bc25cd163aee/2/7/278582-3005_1_1.jpg ||| /Users/lcchai/Work/assets/official/chopard/278582-3005_1_1.jpg
https://www.chopard.com/us/happy-hearts-278582-6009 ||| https://objects.chopard.com/media/catalog/product/cache/67333a7458446167f436bc25cd163aee/2/7/278582-6009_1_1.jpg ||| /Users/lcchai/Work/assets/official/chopard/278582-6009_1_1.jpg
https://www.chopard.com/us/happy-hearts-278590-6005 ||| https://objects.chopard.com/media/catalog/product/cache/67333a7458446167f436bc25cd163aee/2/7/278590-6005_1_1.jpg ||| /Users/lcchai/Work/assets/official/chopard/278590-6005_1_1.jpg
https://www.chopard.com/us/happy-moon-274894-5001 ||| https://objects.chopard.com/media/catalog/product/cache/67333a7458446167f436bc25cd163aee/2/7/274894-5001_1.jpg ||| /Users/lcchai/Work/assets/official/chopard/274894-5001_1.jpg
https://www.chopard.com/us/happy-palm-278578-4001 ||| https://objects.chopard.com/media/catalog/product/cache/67333a7458446167f436bc25cd163aee/2/7/278578-4001_1_1.jpg ||| /Users/lcchai/Work/assets/official/chopard/278578-4001_1_1.jpg
https://www.chopard.com/us/happy-snowflakes-274891-1014 ||| https://objects.chopard.com/media/catalog/product/cache/67333a7458446167f436bc25cd163aee/2/7/274891-1014_1_1.jpg ||| /Users/lcchai/Work/assets/official/chopard/274891-1014_1_1.jpg
https://www.chopard.com/us/happy-snowflakes-278578-3001 ||| https://objects.chopard.com/media/catalog/product/cache/67333a7458446167f436bc25cd163aee/2/7/278578-3001_1_1.jpg ||| /Users/lcchai/Work/assets/official/chopard/278578-3001_1_1.jpg
https://www.chopard.com/us/happy-sport-274302-1003 ||| https://objects.chopard.com/media/catalog/product/cache/67333a7458446167f436bc25cd163aee/2/7/274302-1003_1_1.jpg ||| /Users/lcchai/Work/assets/official/chopard/274302-1003_1_1.jpg
https://www.chopard.com/us/happy-sport-274302-1004 ||| https://objects.chopard.com/media/catalog/product/cache/67333a7458446167f436bc25cd163aee/2/7/274302-1004_1_1.jpg ||| /Users/lcchai/Work/assets/official/chopard/274302-1004_1_1.jpg
https://www.chopard.com/us/happy-sport-274302-5003 ||| https://objects.chopard.com/media/catalog/product/cache/67333a7458446167f436bc25cd163aee/2/7/274302-5003_1_1.jpg ||| /Users/lcchai/Work/assets/official/chopard/274302-5003_1_1.jpg
https://www.chopard.com/us/happy-sport-274302-5004 ||| https://objects.chopard.com/media/catalog/product/cache/67333a7458446167f436bc25cd163aee/2/7/274302-5004_1_1.jpg ||| /Users/lcchai/Work/assets/official/chopard/274302-5004_1_1.jpg
https://www.chopard.com/us/happy-sport-274808-5001 ||| https://objects.chopard.com/media/catalog/product/cache/67333a7458446167f436bc25cd163aee/2/7/274808-5001_1_1.jpg ||| /Users/lcchai/Work/assets/official/chopard/274808-5001_1_1.jpg
https://www.chopard.com/us/happy-sport-274808-5002 ||| https://objects.chopard.com/media/catalog/product/cache/67333a7458446167f436bc25cd163aee/2/7/274808-5002_1.jpg ||| /Users/lcchai/Work/assets/official/chopard/274808-5002_1.jpg
https://www.chopard.com/us/happy-sport-274808-5003 ||| https://objects.chopard.com/media/catalog/product/cache/67333a7458446167f436bc25cd163aee/2/7/274808-5003_1_1.jpg ||| /Users/lcchai/Work/assets/official/chopard/274808-5003_1_1.jpg
https://www.chopard.com/us/happy-sport-274808-5004 ||| https://objects.chopard.com/media/catalog/product/cache/67333a7458446167f436bc25cd163aee/2/7/274808-5004_1.jpg ||| /Users/lcchai/Work/assets/official/chopard/274808-5004_1.jpg
https://www.chopard.com/us/happy-sport-274808-5006 ||| https://objects.chopard.com/media/catalog/product/cache/67333a7458446167f436bc25cd163aee/2/7/274808-5006_1_1.jpg ||| /Users/lcchai/Work/assets/official/chopard/274808-5006_1_1.jpg
https://www.chopard.com/us/happy-sport-274808-5007 ||| https://objects.chopard.com/media/catalog/product/cache/67333a7458446167f436bc25cd163aee/2/7/274808-5007_1.jpg ||| /Users/lcchai/Work/assets/official/chopard/274808-5007_1.jpg
https://www.chopard.com/us/happy-sport-274808-5008 ||| https://objects.chopard.com/media/catalog/product/cache/67333a7458446167f436bc25cd163aee/2/7/274808-5008_1.jpg ||| /Users/lcchai/Work/assets/official/chopard/274808-5008_1.jpg
https://www.chopard.com/us/happy-sport-274808-5009 ||| https://objects.chopard.com/media/catalog/product/cache/67333a7458446167f436bc25cd163aee/2/7/274808-5009_1.jpg ||| /Users/lcchai/Work/assets/official/chopard/274808-5009_1.jpg
https://www.chopard.com/us/happy-sport-274808-5012 ||| https://objects.chopard.com/media/catalog/product/cache/67333a7458446167f436bc25cd163aee/2/7/274808-5012_1_1.jpg ||| /Users/lcchai/Work/assets/official/chopard/274808-5012_1_1.jpg
https://www.chopard.com/us/happy-sport-274808-5014 ||| https://objects.chopard.com/media/catalog/product/cache/67333a7458446167f436bc25cd163aee/2/7/274808-5014_1_1.jpg ||| /Users/lcchai/Work/assets/official/chopard/274808-5014_1_1.jpg
https://www.chopard.com/us/happy-sport-274893-5009 ||| https://objects.chopard.com/media/catalog/product/cache/67333a7458446167f436bc25cd163aee/2/7/274893-5009_1_1.jpg ||| /Users/lcchai/Work/assets/official/chopard/274893-5009_1_1.jpg
https://www.chopard.com/us/happy-sport-274893-5010 ||| https://objects.chopard.com/media/catalog/product/cache/67333a7458446167f436bc25cd163aee/2/7/274893-5010_1_1.jpg ||| /Users/lcchai/Work/assets/official/chopard/274893-5010_1_1.jpg
https://www.chopard.com/us/happy-sport-274893-5011 ||| https://objects.chopard.com/media/catalog/product/cache/67333a7458446167f436bc25cd163aee/2/7/274893-5011_1.jpg ||| /Users/lcchai/Work/assets/official/chopard/274893-5011_1.jpg
https://www.chopard.com/us/happy-sport-274893-5012 ||| https://objects.chopard.com/media/catalog/product/cache/67333a7458446167f436bc25cd163aee/2/7/274893-5012_1.jpg ||| /Users/lcchai/Work/assets/official/chopard/274893-5012_1.jpg
https://www.chopard.com/us/happy-sport-274893-5013 ||| https://objects.chopard.com/media/catalog/product/cache/67333a7458446167f436bc25cd163aee/2/7/274893-5013_1.jpg ||| /Users/lcchai/Work/assets/official/chopard/274893-5013_1.jpg
https://www.chopard.com/us/happy-sport-274893-5014 ||| https://objects.chopard.com/media/catalog/product/cache/67333a7458446167f436bc25cd163aee/2/7/274893-5014_1.jpg ||| /Users/lcchai/Work/assets/official/chopard/274893-5014_1.jpg
https://www.chopard.com/us/happy-sport-275378-5005 ||| https://objects.chopard.com/media/catalog/product/cache/67333a7458446167f436bc25cd163aee/2/7/275378-5005_1_1.jpg ||| /Users/lcchai/Work/assets/official/chopard/275378-5005_1_1.jpg
https://www.chopard.com/us/happy-sport-278559-3001 ||| https://objects.chopard.com/media/catalog/product/cache/67333a7458446167f436bc25cd163aee/2/7/278559-3001_1_1.jpg ||| /Users/lcchai/Work/assets/official/chopard/278559-3001_1_1.jpg
https://www.chopard.com/us/happy-sport-278559-3002 ||| https://objects.chopard.com/media/catalog/product/cache/67333a7458446167f436bc25cd163aee/2/7/278559-3002_1.jpg ||| /Users/lcchai/Work/assets/official/chopard/278559-3002_1.jpg
https://www.chopard.com/us/happy-sport-278559-3003 ||| https://objects.chopard.com/media/catalog/product/cache/67333a7458446167f436bc25cd163aee/2/7/278559-3003_1.jpg ||| /Users/lcchai/Work/assets/official/chopard/278559-3003_1.jpg
https://www.chopard.com/us/happy-sport-278559-3004 ||| https://objects.chopard.com/media/catalog/product/cache/67333a7458446167f436bc25cd163aee/2/7/278559-3004_1.jpg ||| /Users/lcchai/Work/assets/official/chopard/278559-3004_1.jpg
https://www.chopard.com/us/happy-sport-278559-3006 ||| https://objects.chopard.com/media/catalog/product/cache/67333a7458446167f436bc25cd163aee/2/7/278559-3006_1.jpg ||| /Users/lcchai/Work/assets/official/chopard/278559-3006_1.jpg
https://www.chopard.com/us/happy-sport-278559-3008 ||| https://objects.chopard.com/media/catalog/product/cache/67333a7458446167f436bc25cd163aee/2/7/278559-3008_1.jpg ||| /Users/lcchai/Work/assets/official/chopard/278559-3008_1.jpg
https://www.chopard.com/us/happy-sport-278559-3009 ||| https://objects.chopard.com/media/catalog/product/cache/67333a7458446167f436bc25cd163aee/2/7/278559-3009_1.jpg ||| /Users/lcchai/Work/assets/official/chopard/278559-3009_1.jpg
https://www.chopard.com/us/happy-sport-278559-6001 ||| https://objects.chopard.com/media/catalog/product/cache/67333a7458446167f436bc25cd163aee/2/7/278559-6001_1_1.jpg ||| /Users/lcchai/Work/assets/official/chopard/278559-6001_1_1.jpg
https://www.chopard.com/us/happy-sport-278559-6002 ||| https://objects.chopard.com/media/catalog/product/cache/67333a7458446167f436bc25cd163aee/2/7/278559-6002_1_1.jpg ||| /Users/lcchai/Work/assets/official/chopard/278559-6002_1_1.jpg
https://www.chopard.com/us/happy-sport-278559-6003 ||| https://objects.chopard.com/media/catalog/product/cache/67333a7458446167f436bc25cd163aee/2/7/278559-6003_1.jpg ||| /Users/lcchai/Work/assets/official/chopard/278559-6003_1.jpg
https://www.chopard.com/us/happy-sport-278559-6004 ||| https://objects.chopard.com/media/catalog/product/cache/67333a7458446167f436bc25cd163aee/2/7/278559-6004_1_1.jpg ||| /Users/lcchai/Work/assets/official/chopard/278559-6004_1_1.jpg
https://www.chopard.com/us/happy-sport-278559-6006 ||| https://objects.chopard.com/media/catalog/product/cache/67333a7458446167f436bc25cd163aee/2/7/278559-6006_1.jpg ||| /Users/lcchai/Work/assets/official/chopard/278559-6006_1.jpg
https://www.chopard.com/us/happy-sport-278559-6008 ||| https://objects.chopard.com/media/catalog/product/cache/67333a7458446167f436bc25cd163aee/2/7/278559-6008_1.jpg ||| /Users/lcchai/Work/assets/official/chopard/278559-6008_1.jpg
https://www.chopard.com/us/happy-sport-278559-6009 ||| https://objects.chopard.com/media/catalog/product/cache/67333a7458446167f436bc25cd163aee/2/7/278559-6009_1.jpg ||| /Users/lcchai/Work/assets/official/chopard/278559-6009_1.jpg
https://www.chopard.com/us/happy-sport-278573-3010 ||| https://objects.chopard.com/media/catalog/product/cache/67333a7458446167f436bc25cd163aee/2/7/278573-3010_1.jpg ||| /Users/lcchai/Work/assets/official/chopard/278573-3010_1.jpg
https://www.chopard.com/us/happy-sport-278573-3011 ||| https://objects.chopard.com/media/catalog/product/cache/67333a7458446167f436bc25cd163aee/2/7/278573-3011_1_1.jpg ||| /Users/lcchai/Work/assets/official/chopard/278573-3011_1_1.jpg
https://www.chopard.com/us/happy-sport-278573-3012 ||| https://objects.chopard.com/media/catalog/product/cache/67333a7458446167f436bc25cd163aee/2/7/278573-3012_1_1.jpg ||| /Users/lcchai/Work/assets/official/chopard/278573-3012_1_1.jpg
https://www.chopard.com/us/happy-sport-278573-3013 ||| https://objects.chopard.com/media/catalog/product/cache/67333a7458446167f436bc25cd163aee/2/7/278573-3013_1_1.jpg ||| /Users/lcchai/Work/assets/official/chopard/278573-3013_1_1.jpg
https://www.chopard.com/us/happy-sport-278573-3014 ||| https://objects.chopard.com/media/catalog/product/cache/67333a7458446167f436bc25cd163aee/2/7/278573-3014_1_1.jpg ||| /Users/lcchai/Work/assets/official/chopard/278573-3014_1_1.jpg
https://www.chopard.com/us/happy-sport-278573-3016 ||| https://objects.chopard.com/media/catalog/product/cache/67333a7458446167f436bc25cd163aee/2/7/278573-3016_1_1.jpg ||| /Users/lcchai/Work/assets/official/chopard/278573-3016_1_1.jpg
https://www.chopard.com/us/happy-sport-278573-3017 ||| https://objects.chopard.com/media/catalog/product/cache/67333a7458446167f436bc25cd163aee/2/7/278573-3017_1_1.jpg ||| /Users/lcchai/Work/assets/official/chopard/278573-3017_1_1.jpg
https://www.chopard.com/us/happy-sport-278573-3018 ||| https://objects.chopard.com/media/catalog/product/cache/67333a7458446167f436bc25cd163aee/2/7/278573-3018_1_1.jpg ||| /Users/lcchai/Work/assets/official/chopard/278573-3018_1_1.jpg
https://www.chopard.com/us/happy-sport-278573-6011 ||| https://objects.chopard.com/media/catalog/product/cache/67333a7458446167f436bc25cd163aee/2/7/278573-6011_1_1.jpg ||| /Users/lcchai/Work/assets/official/chopard/278573-6011_1_1.jpg
https://www.chopard.com/us/happy-sport-278573-6013 ||| https://objects.chopard.com/media/catalog/product/cache/67333a7458446167f436bc25cd163aee/2/7/278573-6013_1.jpg ||| /Users/lcchai/Work/assets/official/chopard/278573-6013_1.jpg
https://www.chopard.com/us/happy-sport-278573-6015 ||| https://objects.chopard.com/media/catalog/product/cache/67333a7458446167f436bc25cd163aee/2/7/278573-6015_1_1.jpg ||| /Users/lcchai/Work/assets/official/chopard/278573-6015_1_1.jpg
https://www.chopard.com/us/happy-sport-278573-6016 ||| https://objects.chopard.com/media/catalog/product/cache/67333a7458446167f436bc25cd163aee/2/7/278573-6016_1_1.jpg ||| /Users/lcchai/Work/assets/official/chopard/278573-6016_1_1.jpg
https://www.chopard.com/us/happy-sport-278573-6017 ||| https://objects.chopard.com/media/catalog/product/cache/67333a7458446167f436bc25cd163aee/2/7/278573-6017_1.jpg ||| /Users/lcchai/Work/assets/official/chopard/278573-6017_1.jpg
https://www.chopard.com/us/happy-sport-278573-6018 ||| https://objects.chopard.com/media/catalog/product/cache/67333a7458446167f436bc25cd163aee/2/7/278573-6018_1_1.jpg ||| /Users/lcchai/Work/assets/official/chopard/278573-6018_1_1.jpg
https://www.chopard.com/us/happy-sport-278573-6019 ||| https://objects.chopard.com/media/catalog/product/cache/67333a7458446167f436bc25cd163aee/2/7/278573-6019_1_1.jpg ||| /Users/lcchai/Work/assets/official/chopard/278573-6019_1_1.jpg
https://www.chopard.com/us/happy-sport-278573-6020 ||| https://objects.chopard.com/media/catalog/product/cache/67333a7458446167f436bc25cd163aee/2/7/278573-6020_1_1.jpg ||| /Users/lcchai/Work/assets/official/chopard/278573-6020_1_1.jpg
https://www.chopard.com/us/happy-sport-278573-6021 ||| https://objects.chopard.com/media/catalog/product/cache/67333a7458446167f436bc25cd163aee/2/7/278573-6021_1.jpg ||| /Users/lcchai/Work/assets/official/chopard/278573-6021_1.jpg
https://www.chopard.com/us/happy-sport-278573-6026 ||| https://objects.chopard.com/media/catalog/product/cache/67333a7458446167f436bc25cd163aee/2/7/278573-6026_1_1.jpg ||| /Users/lcchai/Work/assets/official/chopard/278573-6026_1_1.jpg
https://www.chopard.com/us/happy-sport-278582-3001 ||| https://objects.chopard.com/media/catalog/product/cache/67333a7458446167f436bc25cd163aee/2/7/278582-3001_1.jpg ||| /Users/lcchai/Work/assets/official/chopard/278582-3001_1.jpg
https://www.chopard.com/us/happy-sport-278582-3002 ||| https://objects.chopard.com/media/catalog/product/cache/67333a7458446167f436bc25cd163aee/2/7/278582-3002_1.jpg ||| /Users/lcchai/Work/assets/official/chopard/278582-3002_1.jpg
https://www.chopard.com/us/happy-sport-278582-3004 ||| https://objects.chopard.com/media/catalog/product/cache/67333a7458446167f436bc25cd163aee/2/7/278582-3004_1.jpg ||| /Users/lcchai/Work/assets/official/chopard/278582-3004_1.jpg
https://www.chopard.com/us/happy-sport-278582-6001 ||| https://objects.chopard.com/media/catalog/product/cache/67333a7458446167f436bc25cd163aee/2/7/278582-6001_1.jpg ||| /Users/lcchai/Work/assets/official/chopard/278582-6001_1.jpg
https://www.chopard.com/us/happy-sport-278582-6002 ||| https://objects.chopard.com/media/catalog/product/cache/67333a7458446167f436bc25cd163aee/2/7/278582-6002_1.jpg ||| /Users/lcchai/Work/assets/official/chopard/278582-6002_1.jpg
https://www.chopard.com/us/happy-sport-278582-6005 ||| https://objects.chopard.com/media/catalog/product/cache/67333a7458446167f436bc25cd163aee/2/7/278582-6005_1_1.jpg ||| /Users/lcchai/Work/assets/official/chopard/278582-6005_1_1.jpg
https://www.chopard.com/us/happy-sport-278582-6006 ||| https://objects.chopard.com/media/catalog/product/cache/67333a7458446167f436bc25cd163aee/2/7/278582-6006_1_1.jpg ||| /Users/lcchai/Work/assets/official/chopard/278582-6006_1_1.jpg
https://www.chopard.com/us/happy-sport-278582-6007 ||| https://objects.chopard.com/media/catalog/product/cache/67333a7458446167f436bc25cd163aee/2/7/278582-6007_1_1.jpg ||| /Users/lcchai/Work/assets/official/chopard/278582-6007_1_1.jpg
https://www.chopard.com/us/happy-sport-278582-6008 ||| https://objects.chopard.com/media/catalog/product/cache/67333a7458446167f436bc25cd163aee/2/7/278582-6008_1_1.jpg ||| /Users/lcchai/Work/assets/official/chopard/278582-6008_1_1.jpg
https://www.chopard.com/us/happy-sport-278590-3001 ||| https://objects.chopard.com/media/catalog/product/cache/67333a7458446167f436bc25cd163aee/2/7/278590-3001_1.jpg ||| /Users/lcchai/Work/assets/official/chopard/278590-3001_1.jpg
https://www.chopard.com/us/happy-sport-joaillerie-274302-5005 ||| https://objects.chopard.com/media/catalog/product/cache/67333a7458446167f436bc25cd163aee/2/7/274302-5005_1_1.jpg ||| /Users/lcchai/Work/assets/official/chopard/274302-5005_1_1.jpg
https://www.chopard.com/us/happy-sport-joaillerie-274809-1001 ||| https://objects.chopard.com/media/catalog/product/cache/67333a7458446167f436bc25cd163aee/2/7/274809-1001_1.jpg ||| /Users/lcchai/Work/assets/official/chopard/274809-1001_1.jpg
https://www.chopard.com/us/happy-sport-joaillerie-274809-5001 ||| https://objects.chopard.com/media/catalog/product/cache/67333a7458446167f436bc25cd163aee/2/7/274809-5001_1.jpg ||| /Users/lcchai/Work/assets/official/chopard/274809-5001_1.jpg
https://www.chopard.com/us/happy-sport-joaillerie-274891-1001 ||| https://objects.chopard.com/media/catalog/product/cache/67333a7458446167f436bc25cd163aee/2/7/274891-1001_1.jpg ||| /Users/lcchai/Work/assets/official/chopard/274891-1001_1.jpg
https://www.chopard.com/us/happy-sport-joaillerie-274891-1016 ||| https://objects.chopard.com/media/catalog/product/cache/67333a7458446167f436bc25cd163aee/2/7/274891-1016_1.jpg ||| /Users/lcchai/Work/assets/official/chopard/274891-1016_1.jpg
https://www.chopard.com/us/happy-sport-joaillerie-274891-5001 ||| https://objects.chopard.com/media/catalog/product/cache/67333a7458446167f436bc25cd163aee/2/7/274891-5001_1_1.jpg ||| /Users/lcchai/Work/assets/official/chopard/274891-5001_1_1.jpg
https://www.chopard.com/us/happy-sport-joaillerie-274891-5002 ||| https://objects.chopard.com/media/catalog/product/cache/67333a7458446167f436bc25cd163aee/2/7/274891-5002_1.jpg ||| /Users/lcchai/Work/assets/official/chopard/274891-5002_1.jpg
https://www.chopard.com/us/happy-sport-oval-275362-1001 ||| https://objects.chopard.com/media/catalog/product/cache/67333a7458446167f436bc25cd163aee/2/7/275362-1001_1_1.jpg ||| /Users/lcchai/Work/assets/official/chopard/275362-1001_1_1.jpg
https://www.chopard.com/us/happy-sport-oval-275362-1003 ||| https://objects.chopard.com/media/catalog/product/cache/67333a7458446167f436bc25cd163aee/2/7/275362-1003_1_1.jpg ||| /Users/lcchai/Work/assets/official/chopard/275362-1003_1_1.jpg
https://www.chopard.com/us/happy-sport-oval-275362-5001 ||| https://objects.chopard.com/media/catalog/product/cache/67333a7458446167f436bc25cd163aee/2/7/275362-5001_1_1.jpg ||| /Users/lcchai/Work/assets/official/chopard/275362-5001_1_1.jpg
https://www.chopard.com/us/happy-sport-oval-275362-5002 ||| https://objects.chopard.com/media/catalog/product/cache/67333a7458446167f436bc25cd163aee/2/7/275362-5002_1_1.jpg ||| /Users/lcchai/Work/assets/official/chopard/275362-5002_1_1.jpg
https://www.chopard.com/us/happy-sport-oval-275362-5003 ||| https://objects.chopard.com/media/catalog/product/cache/67333a7458446167f436bc25cd163aee/2/7/275362-5003_1_1.jpg ||| /Users/lcchai/Work/assets/official/chopard/275362-5003_1_1.jpg
https://www.chopard.com/us/happy-sport-oval-275362-5004 ||| https://objects.chopard.com/media/catalog/product/cache/67333a7458446167f436bc25cd163aee/2/7/275362-5004_1_1.jpg ||| /Users/lcchai/Work/assets/official/chopard/275362-5004_1_1.jpg
https://www.chopard.com/us/happy-sport-oval-275362-5005 ||| https://objects.chopard.com/media/catalog/product/cache/67333a7458446167f436bc25cd163aee/2/7/275362-5005_1_1.jpg ||| /Users/lcchai/Work/assets/official/chopard/275362-5005_1_1.jpg
https://www.chopard.com/us/happy-sport-oval-275372-1001 ||| https://objects.chopard.com/media/catalog/product/cache/67333a7458446167f436bc25cd163aee/2/7/275372-1001_1.jpg ||| /Users/lcchai/Work/assets/official/chopard/275372-1001_1.jpg
https://www.chopard.com/us/happy-sport-oval-275372-1002 ||| https://objects.chopard.com/media/catalog/product/cache/67333a7458446167f436bc25cd163aee/2/7/275372-1002_1_1.jpg ||| /Users/lcchai/Work/assets/official/chopard/275372-1002_1_1.jpg
https://www.chopard.com/us/happy-sport-oval-278602-3001 ||| https://objects.chopard.com/media/catalog/product/cache/67333a7458446167f436bc25cd163aee/2/7/278602-3001_1_1.jpg ||| /Users/lcchai/Work/assets/official/chopard/278602-3001_1_1.jpg
https://www.chopard.com/us/happy-sport-oval-278602-3002 ||| https://objects.chopard.com/media/catalog/product/cache/67333a7458446167f436bc25cd163aee/2/7/278602-3002_1_1.jpg ||| /Users/lcchai/Work/assets/official/chopard/278602-3002_1_1.jpg
https://www.chopard.com/us/happy-sport-oval-278602-3003 ||| https://objects.chopard.com/media/catalog/product/cache/67333a7458446167f436bc25cd163aee/2/7/278602-3003_1_1.jpg ||| /Users/lcchai/Work/assets/official/chopard/278602-3003_1_1.jpg
https://www.chopard.com/us/happy-sport-oval-278602-3004 ||| https://objects.chopard.com/media/catalog/product/cache/67333a7458446167f436bc25cd163aee/2/7/278602-3004_1_1.jpg ||| /Users/lcchai/Work/assets/official/chopard/278602-3004_1_1.jpg
https://www.chopard.com/us/happy-sport-oval-278602-6001 ||| https://objects.chopard.com/media/catalog/product/cache/67333a7458446167f436bc25cd163aee/2/7/278602-6001_1_1.jpg ||| /Users/lcchai/Work/assets/official/chopard/278602-6001_1_1.jpg
https://www.chopard.com/us/happy-sport-oval-278602-6002 ||| https://objects.chopard.com/media/catalog/product/cache/67333a7458446167f436bc25cd163aee/2/7/278602-6002_1.jpg ||| /Users/lcchai/Work/assets/official/chopard/278602-6002_1.jpg
https://www.chopard.com/us/happy-sport-oval-278602-6003 ||| https://objects.chopard.com/media/catalog/product/cache/67333a7458446167f436bc25cd163aee/2/7/278602-6003_1_1.jpg ||| /Users/lcchai/Work/assets/official/chopard/278602-6003_1_1.jpg
https://www.chopard.com/us/happy-sport-oval-278602-6004 ||| https://objects.chopard.com/media/catalog/product/cache/67333a7458446167f436bc25cd163aee/2/7/278602-6004_1.jpg ||| /Users/lcchai/Work/assets/official/chopard/278602-6004_1.jpg
https://www.chopard.com/us/happy-sport-sun-moon-and-stars-278559-3011 ||| https://objects.chopard.com/media/catalog/product/cache/67333a7458446167f436bc25cd163aee/2/7/278559-3011_1_1.jpg ||| /Users/lcchai/Work/assets/official/chopard/278559-3011_1_1.jpg
https://www.chopard.com/us/happy-sport-sun-moon-and-stars-278573-6027 ||| https://objects.chopard.com/media/catalog/product/cache/67333a7458446167f436bc25cd163aee/2/7/278573-6027_1_1.jpg ||| /Users/lcchai/Work/assets/official/chopard/278573-6027_1_1.jpg
https://www.chopard.com/us/ice-cube-104015-1001 ||| https://objects.chopard.com/media/catalog/product/cache/67333a7458446167f436bc25cd163aee/1/0/104015-1001_1_1.jpg ||| /Users/lcchai/Work/assets/official/chopard/104015-1001_1_1.jpg
https://www.chopard.com/us/ice-cube-104015-5001 ||| https://objects.chopard.com/media/catalog/product/cache/67333a7458446167f436bc25cd163aee/1/0/104015-5001_1_1.jpg ||| /Users/lcchai/Work/assets/official/chopard/104015-5001_1_1.jpg
https://www.chopard.com/us/ice-cube-114015-5001 ||| https://objects.chopard.com/media/catalog/product/cache/67333a7458446167f436bc25cd163aee/1/1/114015-5001_1_1.jpg ||| /Users/lcchai/Work/assets/official/chopard/114015-5001_1_1.jpg
https://www.chopard.com/us/ice-cube-124015-5001 ||| https://objects.chopard.com/media/catalog/product/cache/67333a7458446167f436bc25cd163aee/1/2/124015-5001_1.jpg ||| /Users/lcchai/Work/assets/official/chopard/124015-5001_1.jpg
https://www.chopard.com/us/ice-cube-134015-1001 ||| https://objects.chopard.com/media/catalog/product/cache/67333a7458446167f436bc25cd163aee/1/3/134015-1001_1_1.jpg ||| /Users/lcchai/Work/assets/official/chopard/134015-1001_1_1.jpg
https://www.chopard.com/us/ice-cube-134015-5001 ||| https://objects.chopard.com/media/catalog/product/cache/67333a7458446167f436bc25cd163aee/1/3/134015-5001_1_1.jpg ||| /Users/lcchai/Work/assets/official/chopard/134015-5001_1_1.jpg
https://www.chopard.com/us/imperiale-384221-5013 ||| https://objects.chopard.com/media/catalog/product/cache/67333a7458446167f436bc25cd163aee/3/8/384221-5013_1.jpg ||| /Users/lcchai/Work/assets/official/chopard/384221-5013_1.jpg
https://www.chopard.com/us/imperiale-384242-1005 ||| https://objects.chopard.com/media/catalog/product/cache/67333a7458446167f436bc25cd163aee/3/8/384242-1005_1.jpg ||| /Users/lcchai/Work/assets/official/chopard/384242-1005_1.jpg
https://www.chopard.com/us/imperiale-384242-1006 ||| https://objects.chopard.com/media/catalog/product/cache/67333a7458446167f436bc25cd163aee/3/8/384242-1006_1.jpg ||| /Users/lcchai/Work/assets/official/chopard/384242-1006_1.jpg
https://www.chopard.com/us/imperiale-384242-5005 ||| https://objects.chopard.com/media/catalog/product/cache/67333a7458446167f436bc25cd163aee/3/8/384242-5005_1.jpg ||| /Users/lcchai/Work/assets/official/chopard/384242-5005_1.jpg
https://www.chopard.com/us/imperiale-384242-5006 ||| https://objects.chopard.com/media/catalog/product/cache/67333a7458446167f436bc25cd163aee/3/8/384242-5006_1.jpg ||| /Users/lcchai/Work/assets/official/chopard/384242-5006_1.jpg
https://www.chopard.com/us/imperiale-384242-5022 ||| https://objects.chopard.com/media/catalog/product/cache/67333a7458446167f436bc25cd163aee/3/8/384242-5022_1.jpg ||| /Users/lcchai/Work/assets/official/chopard/384242-5022_1.jpg
https://www.chopard.com/us/imperiale-384319-5007 ||| https://objects.chopard.com/media/catalog/product/cache/67333a7458446167f436bc25cd163aee/3/8/384319-5007_1_1.jpg ||| /Users/lcchai/Work/assets/official/chopard/384319-5007_1_1.jpg
https://www.chopard.com/us/imperiale-384319-5008 ||| https://objects.chopard.com/media/catalog/product/cache/67333a7458446167f436bc25cd163aee/3/8/384319-5008_1.jpg ||| /Users/lcchai/Work/assets/official/chopard/384319-5008_1.jpg
https://www.chopard.com/us/imperiale-384319-5009 ||| https://objects.chopard.com/media/catalog/product/cache/67333a7458446167f436bc25cd163aee/3/8/384319-5009_1_1.jpg ||| /Users/lcchai/Work/assets/official/chopard/384319-5009_1_1.jpg
https://www.chopard.com/us/imperiale-384319-5010 ||| https://objects.chopard.com/media/catalog/product/cache/67333a7458446167f436bc25cd163aee/3/8/384319-5010_1_1.jpg ||| /Users/lcchai/Work/assets/official/chopard/384319-5010_1_1.jpg
https://www.chopard.com/us/imperiale-384822-5001 ||| https://objects.chopard.com/media/catalog/product/cache/67333a7458446167f436bc25cd163aee/3/8/384822-5001_1.jpg ||| /Users/lcchai/Work/assets/official/chopard/384822-5001_1.jpg
https://www.chopard.com/us/imperiale-384822-5002 ||| https://objects.chopard.com/media/catalog/product/cache/67333a7458446167f436bc25cd163aee/3/8/384822-5002_1.jpg ||| /Users/lcchai/Work/assets/official/chopard/384822-5002_1.jpg
https://www.chopard.com/us/imperiale-384822-5004 ||| https://objects.chopard.com/media/catalog/product/cache/67333a7458446167f436bc25cd163aee/3/8/384822-5004_1.jpg ||| /Users/lcchai/Work/assets/official/chopard/384822-5004_1.jpg
https://www.chopard.com/us/imperiale-385377-5001 ||| https://objects.chopard.com/media/catalog/product/cache/67333a7458446167f436bc25cd163aee/3/8/385377-5001_1_1.jpg ||| /Users/lcchai/Work/assets/official/chopard/385377-5001_1_1.jpg
https://www.chopard.com/us/imperiale-388532-3001 ||| https://objects.chopard.com/media/catalog/product/cache/67333a7458446167f436bc25cd163aee/3/8/388532-3001_1.jpg ||| /Users/lcchai/Work/assets/official/chopard/388532-3001_1.jpg
https://www.chopard.com/us/imperiale-388532-3002 ||| https://objects.chopard.com/media/catalog/product/cache/67333a7458446167f436bc25cd163aee/3/8/388532-3002_1.jpg ||| /Users/lcchai/Work/assets/official/chopard/388532-3002_1.jpg
https://www.chopard.com/us/imperiale-388532-3003 ||| https://objects.chopard.com/media/catalog/product/cache/67333a7458446167f436bc25cd163aee/3/8/388532-3003_1.jpg ||| /Users/lcchai/Work/assets/official/chopard/388532-3003_1.jpg
https://www.chopard.com/us/imperiale-388532-3004 ||| https://objects.chopard.com/media/catalog/product/cache/67333a7458446167f436bc25cd163aee/3/8/388532-3004_1.jpg ||| /Users/lcchai/Work/assets/official/chopard/388532-3004_1.jpg
https://www.chopard.com/us/imperiale-388532-6001 ||| https://objects.chopard.com/media/catalog/product/cache/67333a7458446167f436bc25cd163aee/3/8/388532-6001_1.jpg ||| /Users/lcchai/Work/assets/official/chopard/388532-6001_1.jpg
https://www.chopard.com/us/imperiale-388532-6002 ||| https://objects.chopard.com/media/catalog/product/cache/67333a7458446167f436bc25cd163aee/3/8/388532-6002_1.jpg ||| /Users/lcchai/Work/assets/official/chopard/388532-6002_1.jpg
https://www.chopard.com/us/imperiale-388532-6003 ||| https://objects.chopard.com/media/catalog/product/cache/67333a7458446167f436bc25cd163aee/3/8/388532-6003_1.jpg ||| /Users/lcchai/Work/assets/official/chopard/388532-6003_1.jpg
https://www.chopard.com/us/imperiale-388532-6004 ||| https://objects.chopard.com/media/catalog/product/cache/67333a7458446167f436bc25cd163aee/3/8/388532-6004_1.jpg ||| /Users/lcchai/Work/assets/official/chopard/388532-6004_1.jpg
https://www.chopard.com/us/imperiale-388532-6007 ||| https://objects.chopard.com/media/catalog/product/cache/67333a7458446167f436bc25cd163aee/3/8/388532-6007_1.jpg ||| /Users/lcchai/Work/assets/official/chopard/388532-6007_1.jpg
https://www.chopard.com/us/imperiale-388532-6008 ||| https://objects.chopard.com/media/catalog/product/cache/67333a7458446167f436bc25cd163aee/3/8/388532-6008_1_1.jpg ||| /Users/lcchai/Work/assets/official/chopard/388532-6008_1_1.jpg
https://www.chopard.com/us/imperiale-388532-6009 ||| https://objects.chopard.com/media/catalog/product/cache/67333a7458446167f436bc25cd163aee/3/8/388532-6009_1.jpg ||| /Users/lcchai/Work/assets/official/chopard/388532-6009_1.jpg
https://www.chopard.com/us/imperiale-388563-3006 ||| https://objects.chopard.com/media/catalog/product/cache/67333a7458446167f436bc25cd163aee/3/8/388563-3006_1.jpg ||| /Users/lcchai/Work/assets/official/chopard/388563-3006_1.jpg
https://www.chopard.com/us/imperiale-388563-3007 ||| https://objects.chopard.com/media/catalog/product/cache/67333a7458446167f436bc25cd163aee/3/8/388563-3007_1.jpg ||| /Users/lcchai/Work/assets/official/chopard/388563-3007_1.jpg
https://www.chopard.com/us/imperiale-388563-6006 ||| https://objects.chopard.com/media/catalog/product/cache/67333a7458446167f436bc25cd163aee/3/8/388563-6006_1.jpg ||| /Users/lcchai/Work/assets/official/chopard/388563-6006_1.jpg
https://www.chopard.com/us/imperiale-388563-6007 ||| https://objects.chopard.com/media/catalog/product/cache/67333a7458446167f436bc25cd163aee/3/8/388563-6007_1.jpg ||| /Users/lcchai/Work/assets/official/chopard/388563-6007_1.jpg
https://www.chopard.com/us/imperiale-388563-6008 ||| https://objects.chopard.com/media/catalog/product/cache/67333a7458446167f436bc25cd163aee/3/8/388563-6008_1.jpg ||| /Users/lcchai/Work/assets/official/chopard/388563-6008_1.jpg
https://www.chopard.com/us/imperiale-388563-6013 ||| https://objects.chopard.com/media/catalog/product/cache/67333a7458446167f436bc25cd163aee/3/8/388563-6013_1_1.jpg ||| /Users/lcchai/Work/assets/official/chopard/388563-6013_1_1.jpg
https://www.chopard.com/us/imperiale-388563-6014 ||| https://objects.chopard.com/media/catalog/product/cache/67333a7458446167f436bc25cd163aee/3/8/388563-6014_1_1.jpg ||| /Users/lcchai/Work/assets/official/chopard/388563-6014_1_1.jpg
https://www.chopard.com/us/imperiale-joaillerie-384239-1013 ||| https://objects.chopard.com/media/catalog/product/cache/67333a7458446167f436bc25cd163aee/3/8/384239-1013_1.jpg ||| /Users/lcchai/Work/assets/official/chopard/384239-1013_1.jpg
https://www.chopard.com/us/imperiale-joaillerie-384239-5010 ||| https://objects.chopard.com/media/catalog/product/cache/67333a7458446167f436bc25cd163aee/3/8/384239-5010_1.jpg ||| /Users/lcchai/Work/assets/official/chopard/384239-5010_1.jpg
https://www.chopard.com/us/imperiale-joaillerie-384240-1003 ||| https://objects.chopard.com/media/catalog/product/cache/67333a7458446167f436bc25cd163aee/3/8/384240-1003_1.jpg ||| /Users/lcchai/Work/assets/official/chopard/384240-1003_1.jpg
https://www.chopard.com/us/imperiale-joaillerie-384240-1004 ||| https://objects.chopard.com/media/catalog/product/cache/67333a7458446167f436bc25cd163aee/3/8/384240-1004_1.jpg ||| /Users/lcchai/Work/assets/official/chopard/384240-1004_1.jpg
https://www.chopard.com/us/imperiale-joaillerie-384240-1005 ||| https://objects.chopard.com/media/catalog/product/cache/67333a7458446167f436bc25cd163aee/3/8/384240-1005_1.jpg ||| /Users/lcchai/Work/assets/official/chopard/384240-1005_1.jpg
https://www.chopard.com/us/imperiale-joaillerie-384296-5001 ||| https://objects.chopard.com/media/catalog/product/cache/67333a7458446167f436bc25cd163aee/3/8/384296-5001_1_1.jpg ||| /Users/lcchai/Work/assets/official/chopard/384296-5001_1_1.jpg
https://www.chopard.com/us/imperiale-joaillerie-rainbow-384239-5009 ||| https://objects.chopard.com/media/catalog/product/cache/67333a7458446167f436bc25cd163aee/3/8/384239-5009_1.jpg ||| /Users/lcchai/Work/assets/official/chopard/384239-5009_1.jpg
https://www.chopard.com/us/imperiale-joaillerie-rainbow-384242-5019 ||| https://objects.chopard.com/media/catalog/product/cache/67333a7458446167f436bc25cd163aee/3/8/384242-5019_1_1.jpg ||| /Users/lcchai/Work/assets/official/chopard/384242-5019_1_1.jpg
https://www.chopard.com/us/imperiale-joaillerie-rainbow-384242-5021 ||| https://objects.chopard.com/media/catalog/product/cache/67333a7458446167f436bc25cd163aee/3/8/384242-5021_1_1.jpg ||| /Users/lcchai/Work/assets/official/chopard/384242-5021_1_1.jpg
https://www.chopard.com/us/imperiale-moonphase-384246-1001 ||| https://objects.chopard.com/media/catalog/product/cache/67333a7458446167f436bc25cd163aee/3/8/384246-1001_1.jpg ||| /Users/lcchai/Work/assets/official/chopard/384246-1001_1.jpg
https://www.chopard.com/us/imperiale-moonphase-384246-1002 ||| https://objects.chopard.com/media/catalog/product/cache/67333a7458446167f436bc25cd163aee/3/8/384246-1002_1_1.jpg ||| /Users/lcchai/Work/assets/official/chopard/384246-1002_1_1.jpg
https://www.chopard.com/us/imperiale-moonphase-384246-5001 ||| https://objects.chopard.com/media/catalog/product/cache/67333a7458446167f436bc25cd163aee/3/8/384246-5001_1.jpg ||| /Users/lcchai/Work/assets/official/chopard/384246-5001_1.jpg
https://www.chopard.com/us/imperiale-tourbillon-384250-5005 ||| https://objects.chopard.com/media/catalog/product/cache/67333a7458446167f436bc25cd163aee/3/8/384250-5005_1.jpg ||| /Users/lcchai/Work/assets/official/chopard/384250-5005_1.jpg
https://www.chopard.com/us/l-heure-du-diamant-oval-medium-139383-1201 ||| https://objects.chopard.com/media/catalog/product/cache/67333a7458446167f436bc25cd163aee/1/3/139383-1201_1_1.jpg ||| /Users/lcchai/Work/assets/official/chopard/139383-1201_1_1.jpg
https://www.chopard.com/us/l-heure-du-diamant-oval-medium-139383-5009 ||| https://objects.chopard.com/media/catalog/product/cache/67333a7458446167f436bc25cd163aee/1/3/139383-5009_1_1.jpg ||| /Users/lcchai/Work/assets/official/chopard/139383-5009_1_1.jpg
https://www.chopard.com/us/l-heure-du-diamant-oval-small-109422-1101 ||| https://objects.chopard.com/media/catalog/product/cache/67333a7458446167f436bc25cd163aee/1/0/109422-1101_1_1.jpg ||| /Users/lcchai/Work/assets/official/chopard/109422-1101_1_1.jpg
https://www.chopard.com/us/l-heure-du-diamant-oval-small-139384-5104 ||| https://objects.chopard.com/media/catalog/product/cache/67333a7458446167f436bc25cd163aee/1/3/139384-5104_1.jpg ||| /Users/lcchai/Work/assets/official/chopard/139384-5104_1.jpg
https://www.chopard.com/us/l-u-c-1937-161937-5001 ||| https://objects.chopard.com/media/catalog/product/cache/67333a7458446167f436bc25cd163aee/1/6/161937-5001_1.jpg ||| /Users/lcchai/Work/assets/official/chopard/161937-5001_1.jpg
https://www.chopard.com/us/l-u-c-1937-168558-3001 ||| https://objects.chopard.com/media/catalog/product/cache/67333a7458446167f436bc25cd163aee/1/6/168558-3001_1_1.jpg ||| /Users/lcchai/Work/assets/official/chopard/168558-3001_1_1.jpg
https://www.chopard.com/us/l-u-c-1937-168558-3002 ||| https://objects.chopard.com/media/catalog/product/cache/67333a7458446167f436bc25cd163aee/1/6/168558-3002_1.jpg ||| /Users/lcchai/Work/assets/official/chopard/168558-3002_1.jpg
https://www.chopard.com/us/l-u-c-qf-jubilee-168613-3001 ||| https://objects.chopard.com/media/catalog/product/cache/67333a7458446167f436bc25cd163aee/1/6/168613-3001_1_1.jpg ||| /Users/lcchai/Work/assets/official/chopard/168613-3001_1_1.jpg
https://www.chopard.com/us/l-u-c-quattro-161926-1001 ||| https://objects.chopard.com/media/catalog/product/cache/67333a7458446167f436bc25cd163aee/1/6/161926-1001_1.jpg ||| /Users/lcchai/Work/assets/official/chopard/161926-1001_1.jpg
https://www.chopard.com/us/l-u-c-quattro-161926-1002 ||| https://objects.chopard.com/media/catalog/product/cache/67333a7458446167f436bc25cd163aee/1/6/161926-1002_1_1.jpg ||| /Users/lcchai/Work/assets/official/chopard/161926-1002_1_1.jpg
https://www.chopard.com/us/l-u-c-quattro-161926-5001 ||| https://objects.chopard.com/media/catalog/product/cache/67333a7458446167f436bc25cd163aee/1/6/161926-5001_1_1.jpg ||| /Users/lcchai/Work/assets/official/chopard/161926-5001_1_1.jpg
https://www.chopard.com/us/l-u-c-quattro-161926-5003 ||| https://objects.chopard.com/media/catalog/product/cache/67333a7458446167f436bc25cd163aee/1/6/161926-5003_1.jpg ||| /Users/lcchai/Work/assets/official/chopard/161926-5003_1.jpg
https://www.chopard.com/us/l-u-c-quattro-161926-9001 ||| https://objects.chopard.com/media/catalog/product/cache/67333a7458446167f436bc25cd163aee/1/6/161926-9001_1.jpg ||| /Users/lcchai/Work/assets/official/chopard/161926-9001_1.jpg
https://www.chopard.com/us/l-u-c-quattro-171926-5001 ||| https://objects.chopard.com/media/catalog/product/cache/67333a7458446167f436bc25cd163aee/1/7/171926-5001_1.jpg ||| /Users/lcchai/Work/assets/official/chopard/171926-5001_1.jpg
https://www.chopard.com/us/l-u-c-quattro-tourbillon-171914-5001 ||| https://objects.chopard.com/media/catalog/product/cache/67333a7458446167f436bc25cd163aee/1/7/171914-5001_1_1.jpg ||| /Users/lcchai/Work/assets/official/chopard/171914-5001_1_1.jpg
https://www.chopard.com/us/l-u-c-skull-one-168592-3004 ||| https://objects.chopard.com/media/catalog/product/cache/67333a7458446167f436bc25cd163aee/1/6/168592-3004_1.jpg ||| /Users/lcchai/Work/assets/official/chopard/168592-3004_1.jpg
https://www.chopard.com/us/l-u-c-xp-131972-1001 ||| https://objects.chopard.com/media/catalog/product/cache/67333a7458446167f436bc25cd163aee/1/3/131972-1001_1_1.jpg ||| /Users/lcchai/Work/assets/official/chopard/131972-1001_1_1.jpg
https://www.chopard.com/us/l-u-c-xp-131972-5001 ||| https://objects.chopard.com/media/catalog/product/cache/67333a7458446167f436bc25cd163aee/1/3/131972-5001_1_1.jpg ||| /Users/lcchai/Work/assets/official/chopard/131972-5001_1_1.jpg
https://www.chopard.com/us/l-u-c-xp-168592-3001 ||| https://objects.chopard.com/media/catalog/product/cache/67333a7458446167f436bc25cd163aee/1/6/168592-3001_1.jpg ||| /Users/lcchai/Work/assets/official/chopard/168592-3001_1.jpg
https://www.chopard.com/us/l-u-c-xp-168592-3002 ||| https://objects.chopard.com/media/catalog/product/cache/67333a7458446167f436bc25cd163aee/1/6/168592-3002_1_1.jpg ||| /Users/lcchai/Work/assets/official/chopard/168592-3002_1_1.jpg
https://www.chopard.com/us/l-u-c-xp-171966-1003 ||| https://objects.chopard.com/media/catalog/product/cache/67333a7458446167f436bc25cd163aee/1/7/171966-1003_1.jpg ||| /Users/lcchai/Work/assets/official/chopard/171966-1003_1.jpg
https://www.chopard.com/us/l-u-c-xp-171966-5003 ||| https://objects.chopard.com/media/catalog/product/cache/67333a7458446167f436bc25cd163aee/1/7/171966-5003_1.jpg ||| /Users/lcchai/Work/assets/official/chopard/171966-5003_1.jpg
https://www.chopard.com/us/l-u-c-xp-esprit-de-fleurier-peony-131944-5004 ||| https://objects.chopard.com/media/catalog/product/cache/67333a7458446167f436bc25cd163aee/1/3/131944-5004_1_1.jpg ||| /Users/lcchai/Work/assets/official/chopard/131944-5004_1_1.jpg
https://www.chopard.com/us/l-u-c-xp-esprit-de-fleurier-peony-131944-5005 ||| https://objects.chopard.com/media/catalog/product/cache/67333a7458446167f436bc25cd163aee/1/3/131944-5005_1_1.jpg ||| /Users/lcchai/Work/assets/official/chopard/131944-5005_1_1.jpg
https://www.chopard.com/us/l-u-c-xp-il-sarto-kiton-168592-3003 ||| https://objects.chopard.com/media/catalog/product/cache/67333a7458446167f436bc25cd163aee/1/6/168592-3003_1_1.jpg ||| /Users/lcchai/Work/assets/official/chopard/168592-3003_1_1.jpg
https://www.chopard.com/us/l-u-c-xp-urushi-spirit-of-shi-chen-161980-5001 ||| https://objects.chopard.com/media/catalog/product/cache/67333a7458446167f436bc25cd163aee/1/6/161980-5001_1_1.jpg ||| /Users/lcchai/Work/assets/official/chopard/161980-5001_1_1.jpg
https://www.chopard.com/us/l-u-c-xp-urushi-year-of-the-ox-161902-5071 ||| https://objects.chopard.com/media/catalog/product/cache/67333a7458446167f436bc25cd163aee/1/6/161902-5071_1.jpg ||| /Users/lcchai/Work/assets/official/chopard/161902-5071_1.jpg
https://www.chopard.com/us/l-u-c-xp-urushi-year-of-the-pig-161902-5068 ||| https://objects.chopard.com/media/catalog/product/cache/67333a7458446167f436bc25cd163aee/1/6/161902-5068_1_1.jpg ||| /Users/lcchai/Work/assets/official/chopard/161902-5068_1_1.jpg
https://www.chopard.com/us/l-u-c-xp-urushi-year-of-the-rat-161902-5069 ||| https://objects.chopard.com/media/catalog/product/cache/67333a7458446167f436bc25cd163aee/1/6/161902-5069_1.jpg ||| /Users/lcchai/Work/assets/official/chopard/161902-5069_1.jpg
https://www.chopard.com/us/l-u-c-xps-131968-1001 ||| https://objects.chopard.com/media/catalog/product/cache/67333a7458446167f436bc25cd163aee/1/3/131968-1001_1.jpg ||| /Users/lcchai/Work/assets/official/chopard/131968-1001_1.jpg
https://www.chopard.com/us/l-u-c-xps-131968-5001 ||| https://objects.chopard.com/media/catalog/product/cache/67333a7458446167f436bc25cd163aee/1/3/131968-5001_1.jpg ||| /Users/lcchai/Work/assets/official/chopard/131968-5001_1.jpg
https://www.chopard.com/us/l-u-c-xps-151948-5001 ||| https://objects.chopard.com/media/catalog/product/cache/67333a7458446167f436bc25cd163aee/1/5/151948-5001_1.jpg ||| /Users/lcchai/Work/assets/official/chopard/151948-5001_1.jpg
https://www.chopard.com/us/l-u-c-xps-151948-5004 ||| https://objects.chopard.com/media/catalog/product/cache/67333a7458446167f436bc25cd163aee/1/5/151948-5004_1.jpg ||| /Users/lcchai/Work/assets/official/chopard/151948-5004_1.jpg
https://www.chopard.com/us/l-u-c-xps-161946-9001 ||| https://objects.chopard.com/media/catalog/product/cache/67333a7458446167f436bc25cd163aee/1/6/161946-9001_1.jpg ||| /Users/lcchai/Work/assets/official/chopard/161946-9001_1.jpg
https://www.chopard.com/us/l-u-c-xps-161948-1001 ||| https://objects.chopard.com/media/catalog/product/cache/67333a7458446167f436bc25cd163aee/1/6/161948-1001_1.jpg ||| /Users/lcchai/Work/assets/official/chopard/161948-1001_1.jpg
https://www.chopard.com/us/l-u-c-xps-161948-5001 ||| https://objects.chopard.com/media/catalog/product/cache/67333a7458446167f436bc25cd163aee/1/6/161948-5001_1_1.jpg ||| /Users/lcchai/Work/assets/official/chopard/161948-5001_1_1.jpg
https://www.chopard.com/us/l-u-c-xps-161948-5003 ||| https://objects.chopard.com/media/catalog/product/cache/67333a7458446167f436bc25cd163aee/1/6/161948-5003_1.jpg ||| /Users/lcchai/Work/assets/official/chopard/161948-5003_1.jpg
https://www.chopard.com/us/l-u-c-xps-168591-3001 ||| https://objects.chopard.com/media/catalog/product/cache/67333a7458446167f436bc25cd163aee/1/6/168591-3001_1.jpg ||| /Users/lcchai/Work/assets/official/chopard/168591-3001_1.jpg
https://www.chopard.com/us/l-u-c-xps-1860-161946-5001 ||| https://objects.chopard.com/media/catalog/product/cache/67333a7458446167f436bc25cd163aee/1/6/161946-5001_1.jpg ||| /Users/lcchai/Work/assets/official/chopard/161946-5001_1.jpg
https://www.chopard.com/us/l-u-c-xps-1860-officer-161242-1001 ||| https://objects.chopard.com/media/catalog/product/cache/67333a7458446167f436bc25cd163aee/1/6/161242-1001_1.jpg ||| /Users/lcchai/Work/assets/official/chopard/161242-1001_1.jpg
https://www.chopard.com/us/l-u-c-xps-spirit-of-nature-161948-5002 ||| https://objects.chopard.com/media/catalog/product/cache/67333a7458446167f436bc25cd163aee/1/6/161948-5002_1.jpg ||| /Users/lcchai/Work/assets/official/chopard/161948-5002_1.jpg
https://www.chopard.com/us/l-u-c-xps-twist-qf-161945-1001 ||| https://objects.chopard.com/media/catalog/product/cache/67333a7458446167f436bc25cd163aee/1/6/161945-1001_1.jpg ||| /Users/lcchai/Work/assets/official/chopard/161945-1001_1.jpg
https://www.chopard.com/us/mille-miglia-2019-race-edition-168571-3004 ||| https://objects.chopard.com/media/catalog/product/cache/67333a7458446167f436bc25cd163aee/1/6/168571-3004_1.jpg ||| /Users/lcchai/Work/assets/official/chopard/168571-3004_1.jpg
https://www.chopard.com/us/mille-miglia-2019-race-edition-168571-6002 ||| https://objects.chopard.com/media/catalog/product/cache/67333a7458446167f436bc25cd163aee/1/6/168571-6002_1_1.jpg ||| /Users/lcchai/Work/assets/official/chopard/168571-6002_1_1.jpg
https://www.chopard.com/us/mille-miglia-2020-race-edition-168589-3028 ||| https://objects.chopard.com/media/catalog/product/cache/67333a7458446167f436bc25cd163aee/1/6/168589-3028_1_1.jpg ||| /Users/lcchai/Work/assets/official/chopard/168589-3028_1_1.jpg
https://www.chopard.com/us/mille-miglia-2020-race-edition-168589-6002 ||| https://objects.chopard.com/media/catalog/product/cache/67333a7458446167f436bc25cd163aee/1/6/168589-6002_1_1.jpg ||| /Users/lcchai/Work/assets/official/chopard/168589-6002_1_1.jpg
https://www.chopard.com/us/mille-miglia-classic-chronograph-168588-3001 ||| https://objects.chopard.com/media/catalog/product/cache/67333a7458446167f436bc25cd163aee/1/6/168588-3001_1.jpg ||| /Users/lcchai/Work/assets/official/chopard/168588-3001_1.jpg
https://www.chopard.com/us/mille-miglia-classic-chronograph-168588-6001 ||| https://objects.chopard.com/media/catalog/product/cache/67333a7458446167f436bc25cd163aee/1/6/168588-6001_1.jpg ||| /Users/lcchai/Work/assets/official/chopard/168588-6001_1.jpg
https://www.chopard.com/us/mille-miglia-classic-chronograph-168589-3001 ||| https://objects.chopard.com/media/catalog/product/cache/67333a7458446167f436bc25cd163aee/1/6/168589-3001_1.jpg ||| /Users/lcchai/Work/assets/official/chopard/168589-3001_1.jpg
https://www.chopard.com/us/mille-miglia-classic-chronograph-168589-3002 ||| https://objects.chopard.com/media/catalog/product/cache/67333a7458446167f436bc25cd163aee/1/6/168589-3002_1.jpg ||| /Users/lcchai/Work/assets/official/chopard/168589-3002_1.jpg
https://www.chopard.com/us/mille-miglia-classic-chronograph-168589-3003 ||| https://objects.chopard.com/media/catalog/product/cache/67333a7458446167f436bc25cd163aee/1/6/168589-3003_1_1.jpg ||| /Users/lcchai/Work/assets/official/chopard/168589-3003_1_1.jpg
https://www.chopard.com/us/mille-miglia-classic-chronograph-178588-3001 ||| https://objects.chopard.com/media/catalog/product/cache/67333a7458446167f436bc25cd163aee/1/7/178588-3001_1.jpg ||| /Users/lcchai/Work/assets/official/chopard/178588-3001_1.jpg
https://www.chopard.com/us/mille-miglia-classic-chronograph-178588-3002 ||| https://objects.chopard.com/media/catalog/product/cache/67333a7458446167f436bc25cd163aee/1/7/178588-3002_1.jpg ||| /Users/lcchai/Work/assets/official/chopard/178588-3002_1.jpg
https://www.chopard.com/us/mille-miglia-classic-chronograph-amelia-island-168589-3029 ||| https://objects.chopard.com/media/catalog/product/cache/67333a7458446167f436bc25cd163aee/1/6/168589-3029_01_d4200_v01_1_1.jpg ||| /Users/lcchai/Work/assets/official/chopard/168589-3029_01_d4200_v01_1_1.jpg
https://www.chopard.com/us/mille-miglia-classic-chronograph-california-mille-168589-3023 ||| https://objects.chopard.com/media/catalog/product/cache/67333a7458446167f436bc25cd163aee/c/a/california_mille_2019_race_edition_-_168589-3023_-_1_1.jpg ||| /Users/lcchai/Work/assets/official/chopard/california_mille_2019_race_edition_-_168589-3023_-_1_1.jpg
https://www.chopard.com/us/mille-miglia-classic-chronograph-racing-stripes-168589-3021 ||| https://objects.chopard.com/media/catalog/product/cache/67333a7458446167f436bc25cd163aee/1/6/168589-3021_1_1.jpg ||| /Users/lcchai/Work/assets/official/chopard/168589-3021_1_1.jpg
https://www.chopard.com/us/mille-miglia-gts-automatic-168565-3001 ||| https://objects.chopard.com/media/catalog/product/cache/67333a7458446167f436bc25cd163aee/1/6/168565-3001_1.jpg ||| /Users/lcchai/Work/assets/official/chopard/168565-3001_1.jpg
https://www.chopard.com/us/mille-miglia-gts-automatic-speed-black-168565-3002 ||| https://objects.chopard.com/media/catalog/product/cache/67333a7458446167f436bc25cd163aee/1/6/168565-3002_1_1.jpg ||| /Users/lcchai/Work/assets/official/chopard/168565-3002_1_1.jpg
https://www.chopard.com/us/mille-miglia-gts-azzurro-power-control-168566-6002 ||| https://objects.chopard.com/media/catalog/product/cache/67333a7458446167f436bc25cd163aee/1/6/168566-6002_1.jpg ||| /Users/lcchai/Work/assets/official/chopard/168566-6002_1.jpg
https://www.chopard.com/us/mille-miglia-gts-chrono-168571-3001 ||| https://objects.chopard.com/media/catalog/product/cache/67333a7458446167f436bc25cd163aee/1/6/168571-3001_1.jpg ||| /Users/lcchai/Work/assets/official/chopard/168571-3001_1.jpg
https://www.chopard.com/us/mille-miglia-gts-luftgekuhlt-edition-168566-3016 ||| https://objects.chopard.com/media/catalog/product/cache/67333a7458446167f436bc25cd163aee/1/6/168566-3016_01_v01_web_3.jpg ||| /Users/lcchai/Work/assets/official/chopard/168566-3016_01_v01_web_3.jpg
https://www.chopard.com/us/mille-miglia-gts-power-control-168566-3001 ||| https://objects.chopard.com/media/catalog/product/cache/67333a7458446167f436bc25cd163aee/1/6/168566-3001_1_1.jpg ||| /Users/lcchai/Work/assets/official/chopard/168566-3001_1_1.jpg
https://www.chopard.com/us/mille-miglia-gts-power-control-168566-3011 ||| https://objects.chopard.com/media/catalog/product/cache/67333a7458446167f436bc25cd163aee/1/6/168566-3011_1.jpg ||| /Users/lcchai/Work/assets/official/chopard/168566-3011_1.jpg
https://www.chopard.com/us/mille-miglia-gts-power-control-168566-6001 ||| https://objects.chopard.com/media/catalog/product/cache/67333a7458446167f436bc25cd163aee/1/6/168566-6001_1.jpg ||| /Users/lcchai/Work/assets/official/chopard/168566-6001_1.jpg
https://www.chopard.com/us/mille-miglia-gts-power-control-grigio-speciale-168566-3007 ||| https://objects.chopard.com/media/catalog/product/cache/67333a7458446167f436bc25cd163aee/1/6/168566-3007_1_1.jpg ||| /Users/lcchai/Work/assets/official/chopard/168566-3007_1_1.jpg
https://www.chopard.com/us/mille-miglia-lab-one-concept-watch-168599-3001 ||| https://objects.chopard.com/media/catalog/product/cache/67333a7458446167f436bc25cd163aee/1/6/168599-3001_1_1.jpg ||| /Users/lcchai/Work/assets/official/chopard/168599-3001_1_1.jpg
https://www.chopard.com/us/mille-miglia-racing-colors-168589-3008 ||| https://objects.chopard.com/media/catalog/product/cache/67333a7458446167f436bc25cd163aee/1/6/168589-3008_1_1.jpg ||| /Users/lcchai/Work/assets/official/chopard/168589-3008_1_1.jpg
https://www.chopard.com/us/mille-miglia-racing-colors-168589-3009 ||| https://objects.chopard.com/media/catalog/product/cache/67333a7458446167f436bc25cd163aee/1/6/168589-3009_1_1.jpg ||| /Users/lcchai/Work/assets/official/chopard/168589-3009_1_1.jpg
https://www.chopard.com/us/mille-miglia-racing-colors-168589-3010 ||| https://objects.chopard.com/media/catalog/product/cache/67333a7458446167f436bc25cd163aee/1/6/168589-3010_1_1.jpg ||| /Users/lcchai/Work/assets/official/chopard/168589-3010_1_1.jpg
https://www.chopard.com/us/mille-miglia-racing-colors-168589-3011 ||| https://objects.chopard.com/media/catalog/product/cache/67333a7458446167f436bc25cd163aee/1/6/168589-3011_1_1.jpg ||| /Users/lcchai/Work/assets/official/chopard/168589-3011_1_1.jpg
https://www.chopard.com/us/mille-miglia-racing-colors-168589-3012 ||| https://objects.chopard.com/media/catalog/product/cache/67333a7458446167f436bc25cd163aee/1/6/168589-3012_1_1.jpg ||| /Users/lcchai/Work/assets/official/chopard/168589-3012_1_1.jpg
https://www.chopard.com/us/mille-miglia-racing-stripes-mexico-edition-168589-3032 ||| https://objects.chopard.com/media/catalog/product/cache/67333a7458446167f436bc25cd163aee/1/6/168589-3032_1.jpg ||| /Users/lcchai/Work/assets/official/chopard/168589-3032_1.jpg
