https://www.grand-seiko.com/us-en/collections/SBGA201G ||| https://storage.grand-seiko.com/image/2020/11/19040006303988/0/SBGA201G.png ||| /Users/lcchai/Work/assets/official/gseiko/SBGA201G.png
https://www.grand-seiko.com/us-en/collections/SBGA203G ||| https://storage.grand-seiko.com/image/2020/11/19040007322900/0/SBGA203G.png ||| /Users/lcchai/Work/assets/official/gseiko/SBGA203G.png
https://www.grand-seiko.com/us-en/collections/SBGA211G ||| https://storage.grand-seiko.com/image/2020/11/19040008437093/0/SBGA211G.png ||| /Users/lcchai/Work/assets/official/gseiko/SBGA211G.png
https://www.grand-seiko.com/us-en/collections/SBGA229G ||| https://storage.grand-seiko.com/image/2020/11/19040009557066/0/SBGA229G.png ||| /Users/lcchai/Work/assets/official/gseiko/SBGA229G.png
https://www.grand-seiko.com/us-en/collections/SBGA231G ||| https://storage.grand-seiko.com/image/2020/11/19040010543763/0/SBGA231G.png ||| /Users/lcchai/Work/assets/official/gseiko/SBGA231G.png
https://www.grand-seiko.com/us-en/collections/SBGA283G ||| https://storage.grand-seiko.com/image/2020/11/19040012702381/0/SBGA283G.png ||| /Users/lcchai/Work/assets/official/gseiko/SBGA283G.png
https://www.grand-seiko.com/us-en/collections/SBGA285G ||| https://storage.grand-seiko.com/image/2020/11/19040013654884/0/SBGA285G.png ||| /Users/lcchai/Work/assets/official/gseiko/SBGA285G.png
https://www.grand-seiko.com/us-en/collections/SBGA293G ||| https://storage.grand-seiko.com/image/2020/11/19040014764777/0/SBGA293G.png ||| /Users/lcchai/Work/assets/official/gseiko/SBGA293G.png
https://www.grand-seiko.com/us-en/collections/SBGA373G ||| https://storage.grand-seiko.com/image/2020/11/19040016041469/0/SBGA373G.png ||| /Users/lcchai/Work/assets/official/gseiko/SBGA373G.png
https://www.grand-seiko.com/us-en/collections/SBGA375G ||| https://storage.grand-seiko.com/image/2020/11/19040017142616/0/SBGA375G.png ||| /Users/lcchai/Work/assets/official/gseiko/SBGA375G.png
https://www.grand-seiko.com/us-en/collections/SBGA384G ||| https://storage.grand-seiko.com/image/2020/11/19040018182052/0/SBGA384G.png ||| /Users/lcchai/Work/assets/official/gseiko/SBGA384G.png
https://www.grand-seiko.com/us-en/collections/SBGA385G ||| https://storage.grand-seiko.com/image/2020/11/19040019075591/0/SBGA385G.png ||| /Users/lcchai/Work/assets/official/gseiko/SBGA385G.png
https://www.grand-seiko.com/us-en/collections/SBGA401G ||| https://storage.grand-seiko.com/image/2020/11/19040022032546/0/SBGA401G.png ||| /Users/lcchai/Work/assets/official/gseiko/SBGA401G.png
https://www.grand-seiko.com/us-en/collections/SBGA403G ||| https://storage.grand-seiko.com/image/2020/11/19040023034163/0/SBGA403G.png ||| /Users/lcchai/Work/assets/official/gseiko/SBGA403G.png
https://www.grand-seiko.com/us-en/collections/SBGA407G ||| https://storage.grand-seiko.com/image/2020/11/19040024849391/0/SBGA407G.png ||| /Users/lcchai/Work/assets/official/gseiko/SBGA407G.png
https://www.grand-seiko.com/us-en/collections/SBGA413G ||| https://storage.grand-seiko.com/image/2020/01/29100117652035/0/SBGA413G.png ||| /Users/lcchai/Work/assets/official/gseiko/SBGA413G.png
https://www.grand-seiko.com/us-en/collections/SBGA415G ||| https://storage.grand-seiko.com/image/2020/01/29100123324122/0/SBGA415G.png ||| /Users/lcchai/Work/assets/official/gseiko/SBGA415G.png
https://www.grand-seiko.com/us-en/collections/SBGA427G ||| https://storage.grand-seiko.com/image/2020/06/09210011081728/0/SBGA427G.png ||| /Users/lcchai/Work/assets/official/gseiko/SBGA427G.png
https://www.grand-seiko.com/us-en/collections/SBGA429G ||| https://storage.grand-seiko.com/image/2020/06/09210013920467/0/SBGA429G.png ||| /Users/lcchai/Work/assets/official/gseiko/SBGA429G.png
https://www.grand-seiko.com/us-en/collections/SBGC201G ||| https://storage.grand-seiko.com/image/2020/11/19040028678181/0/SBGC201G.png ||| /Users/lcchai/Work/assets/official/gseiko/SBGC201G.png
https://www.grand-seiko.com/us-en/collections/SBGC203G ||| https://storage.grand-seiko.com/image/2020/11/19040029620023/0/SBGC203G.png ||| /Users/lcchai/Work/assets/official/gseiko/SBGC203G.png
https://www.grand-seiko.com/us-en/collections/SBGC205G ||| https://storage.grand-seiko.com/image/2020/11/19040030620887/0/SBGC205G.png ||| /Users/lcchai/Work/assets/official/gseiko/SBGC205G.png
https://www.grand-seiko.com/us-en/collections/SBGC221G ||| https://storage.grand-seiko.com/image/2020/11/19040032590090/0/SBGC221G.png ||| /Users/lcchai/Work/assets/official/gseiko/SBGC221G.png
https://www.grand-seiko.com/us-en/collections/SBGC223G ||| https://storage.grand-seiko.com/image/2020/11/19040033536791/0/SBGC223G.png ||| /Users/lcchai/Work/assets/official/gseiko/SBGC223G.png
https://www.grand-seiko.com/us-en/collections/SBGC230G ||| https://storage.grand-seiko.com/image/2020/11/19040035495918/0/SBGC230G.png ||| /Users/lcchai/Work/assets/official/gseiko/SBGC230G.png
https://www.grand-seiko.com/us-en/collections/SBGC231G ||| https://storage.grand-seiko.com/image/2020/11/19040036414880/0/SBGC231G.png ||| /Users/lcchai/Work/assets/official/gseiko/SBGC231G.png
https://www.grand-seiko.com/us-en/collections/SBGC238G ||| https://storage.grand-seiko.com/image/2020/09/02210019015050/0/SBGC238G.png ||| /Users/lcchai/Work/assets/official/gseiko/SBGC238G.png
https://www.grand-seiko.com/us-en/collections/SBGC240G ||| https://storage.grand-seiko.com/image/2021/02/15210013425255/0/SBGC240G.png ||| /Users/lcchai/Work/assets/official/gseiko/SBGC240G.png
https://www.grand-seiko.com/us-en/collections/SBGD201J ||| https://storage.grand-seiko.com/image/2020/11/19040038177851/0/SBGD201J.png ||| /Users/lcchai/Work/assets/official/gseiko/SBGD201J.png
https://www.grand-seiko.com/us-en/collections/SBGD202J ||| https://storage.grand-seiko.com/image/2020/11/19040039153356/0/SBGD202J.png ||| /Users/lcchai/Work/assets/official/gseiko/SBGD202J.png
https://www.grand-seiko.com/us-en/collections/SBGD205J ||| https://storage.grand-seiko.com/image/2020/03/04200024404733/0/SBGD205J.png ||| /Users/lcchai/Work/assets/official/gseiko/SBGD205J.png
https://www.grand-seiko.com/us-en/collections/SBGD207J ||| https://storage.grand-seiko.com/image/2021/03/01210015648778/0/SBGD207J.png ||| /Users/lcchai/Work/assets/official/gseiko/SBGD207J.png
https://www.grand-seiko.com/us-en/collections/SBGE201G ||| https://storage.grand-seiko.com/image/2020/11/19040041372561/0/SBGE201G.png ||| /Users/lcchai/Work/assets/official/gseiko/SBGE201G.png
https://www.grand-seiko.com/us-en/collections/SBGE205G ||| https://storage.grand-seiko.com/image/2020/11/19040042269545/0/SBGE205G.png ||| /Users/lcchai/Work/assets/official/gseiko/SBGE205G.png
https://www.grand-seiko.com/us-en/collections/SBGE211G ||| https://storage.grand-seiko.com/image/2020/11/19040043324888/0/SBGE211G.png ||| /Users/lcchai/Work/assets/official/gseiko/SBGE211G.png
https://www.grand-seiko.com/us-en/collections/SBGE215G ||| https://storage.grand-seiko.com/image/2020/11/19040044263323/0/SBGE215G.png ||| /Users/lcchai/Work/assets/official/gseiko/SBGE215G.png
https://www.grand-seiko.com/us-en/collections/SBGE227G ||| https://storage.grand-seiko.com/image/2020/11/19040045863158/0/SBGE227G.png ||| /Users/lcchai/Work/assets/official/gseiko/SBGE227G.png
https://www.grand-seiko.com/us-en/collections/SBGE248G ||| https://storage.grand-seiko.com/image/2020/11/19040047900538/0/SBGE248G.png ||| /Users/lcchai/Work/assets/official/gseiko/SBGE248G.png
https://www.grand-seiko.com/us-en/collections/SBGE251G ||| https://storage.grand-seiko.com/image/2020/01/29100254223361/0/SBGE251G.png ||| /Users/lcchai/Work/assets/official/gseiko/SBGE251G.png
https://www.grand-seiko.com/us-en/collections/SBGE253G ||| https://storage.grand-seiko.com/image/2020/07/09022247975920/0/SBGE253G.png ||| /Users/lcchai/Work/assets/official/gseiko/SBGE253G.png
https://www.grand-seiko.com/us-en/collections/SBGE255G ||| https://storage.grand-seiko.com/image/2020/07/09022306888440/0/SBGE255G.png ||| /Users/lcchai/Work/assets/official/gseiko/SBGE255G.png
https://www.grand-seiko.com/us-en/collections/SBGE257G ||| https://storage.grand-seiko.com/image/2020/07/09022321489543/0/SBGE257G.png ||| /Users/lcchai/Work/assets/official/gseiko/SBGE257G.png
https://www.grand-seiko.com/us-en/collections/SBGE263G ||| https://storage.grand-seiko.com/image/2021/01/15215959532724/0/SBGE263.png ||| /Users/lcchai/Work/assets/official/gseiko/SBGE263.png
https://www.grand-seiko.com/us-en/collections/SBGE269G ||| https://storage.grand-seiko.com/image/2021/01/27210018304995/0/SBGE269G.png ||| /Users/lcchai/Work/assets/official/gseiko/SBGE269G.png
https://www.grand-seiko.com/us-en/collections/SBGE271G ||| https://storage.grand-seiko.com/image/2021/01/27210019167896/0/SBGE271G.png ||| /Users/lcchai/Work/assets/official/gseiko/SBGE271G.png
https://www.grand-seiko.com/us-en/collections/SBGH201G ||| https://storage.grand-seiko.com/image/2020/11/19040052144596/0/SBGH201G.png ||| /Users/lcchai/Work/assets/official/gseiko/SBGH201G.png
https://www.grand-seiko.com/us-en/collections/SBGH205G ||| https://storage.grand-seiko.com/image/2020/11/19040053017548/0/SBGH205G.png ||| /Users/lcchai/Work/assets/official/gseiko/SBGH205G.png
https://www.grand-seiko.com/us-en/collections/SBGH213G ||| https://storage.grand-seiko.com/image/2020/11/19040053970055/0/SBGH213G.png ||| /Users/lcchai/Work/assets/official/gseiko/SBGH213G.png
https://www.grand-seiko.com/us-en/collections/SBGH255G ||| https://storage.grand-seiko.com/image/2020/11/19040058581091/0/SBGH255G.png ||| /Users/lcchai/Work/assets/official/gseiko/SBGH255G.png
https://www.grand-seiko.com/us-en/collections/SBGH263G ||| https://storage.grand-seiko.com/image/2020/11/19040100678694/0/SBGH263G.png ||| /Users/lcchai/Work/assets/official/gseiko/SBGH263G.png
https://www.grand-seiko.com/us-en/collections/SBGH271G ||| https://storage.grand-seiko.com/image/2020/01/29100355229013/0/SBGH271G.png ||| /Users/lcchai/Work/assets/official/gseiko/SBGH271G.png
https://www.grand-seiko.com/us-en/collections/SBGH273G ||| https://storage.grand-seiko.com/image/2020/01/29100400801903/0/SBGH273G.png ||| /Users/lcchai/Work/assets/official/gseiko/SBGH273G.png
https://www.grand-seiko.com/us-en/collections/SBGH277G ||| https://storage.grand-seiko.com/image/2020/01/29200017174633/0/SBGH277G.png ||| /Users/lcchai/Work/assets/official/gseiko/SBGH277G.png
https://www.grand-seiko.com/us-en/collections/SBGH279G ||| https://storage.grand-seiko.com/image/2020/01/29200020366712/0/SBGH279G.png ||| /Users/lcchai/Work/assets/official/gseiko/SBGH279G.png
https://www.grand-seiko.com/us-en/collections/SBGH281G ||| https://storage.grand-seiko.com/image/2020/01/29082642977281/0/SBGH281G.png ||| /Users/lcchai/Work/assets/official/gseiko/SBGH281G.png
https://www.grand-seiko.com/us-en/collections/SBGJ201G ||| https://storage.grand-seiko.com/image/2020/11/19040108980336/0/SBGJ201G.png ||| /Users/lcchai/Work/assets/official/gseiko/SBGJ201G.png
https://www.grand-seiko.com/us-en/collections/SBGJ203G ||| https://storage.grand-seiko.com/image/2020/11/19040109870802/0/SBGJ203G.png ||| /Users/lcchai/Work/assets/official/gseiko/SBGJ203G.png
https://www.grand-seiko.com/us-en/collections/SBGJ211G ||| https://storage.grand-seiko.com/image/2020/11/19040110983015/0/SBGJ211G.png ||| /Users/lcchai/Work/assets/official/gseiko/SBGJ211G.png
https://www.grand-seiko.com/us-en/collections/SBGJ213G ||| https://storage.grand-seiko.com/image/2020/11/19040111839041/0/SBGJ213G.png ||| /Users/lcchai/Work/assets/official/gseiko/SBGJ213G.png
https://www.grand-seiko.com/us-en/collections/SBGJ217G ||| https://storage.grand-seiko.com/image/2020/11/19040112863585/0/SBGJ217G.png ||| /Users/lcchai/Work/assets/official/gseiko/SBGJ217G.png
https://www.grand-seiko.com/us-en/collections/SBGJ219G ||| https://storage.grand-seiko.com/image/2020/11/19040113804694/0/SBGJ219G.png ||| /Users/lcchai/Work/assets/official/gseiko/SBGJ219G.png
https://www.grand-seiko.com/us-en/collections/SBGJ233G ||| https://storage.grand-seiko.com/image/2020/11/19040117603036/0/SBGJ233G.png ||| /Users/lcchai/Work/assets/official/gseiko/SBGJ233G.png
https://www.grand-seiko.com/us-en/collections/SBGJ235G ||| https://storage.grand-seiko.com/image/2020/11/19040118539683/0/SBGJ235G.png ||| /Users/lcchai/Work/assets/official/gseiko/SBGJ235G.png
https://www.grand-seiko.com/us-en/collections/SBGJ237G ||| https://storage.grand-seiko.com/image/2020/05/14210050955450/0/SBGJ237G.png ||| /Users/lcchai/Work/assets/official/gseiko/SBGJ237G.png
https://www.grand-seiko.com/us-en/collections/SBGJ239G ||| https://storage.grand-seiko.com/image/2020/05/14210057177823/0/SBGJ239G.png ||| /Users/lcchai/Work/assets/official/gseiko/SBGJ239G.png
https://www.grand-seiko.com/us-en/collections/SBGJ249G ||| https://storage.grand-seiko.com/image/2021/01/27210029321537/0/SBGJ249G.png ||| /Users/lcchai/Work/assets/official/gseiko/SBGJ249G.png
https://www.grand-seiko.com/us-en/collections/SBGJ251G ||| https://storage.grand-seiko.com/image/2021/01/27210030195877/0/SBGJ251G.png ||| /Users/lcchai/Work/assets/official/gseiko/SBGJ251G.png
https://www.grand-seiko.com/us-en/collections/SBGK006J ||| https://storage.grand-seiko.com/image/2020/11/19040124496090/0/SBGK006J.png ||| /Users/lcchai/Work/assets/official/gseiko/SBGK006J.png
https://www.grand-seiko.com/us-en/collections/SBGK007G ||| https://storage.grand-seiko.com/image/2020/11/19040125408470/0/SBGK007G.png ||| /Users/lcchai/Work/assets/official/gseiko/SBGK007G.png
https://www.grand-seiko.com/us-en/collections/SBGK009G ||| https://storage.grand-seiko.com/image/2020/01/29100513720625/0/SBGK009G.png ||| /Users/lcchai/Work/assets/official/gseiko/SBGK009G.png
https://www.grand-seiko.com/us-en/collections/SBGM221G ||| https://storage.grand-seiko.com/image/2020/11/19040128885822/0/SBGM221G.png ||| /Users/lcchai/Work/assets/official/gseiko/SBGM221G.png
https://www.grand-seiko.com/us-en/collections/SBGN003G ||| https://storage.grand-seiko.com/image/2020/11/19040132778761/0/SBGN003G.png ||| /Users/lcchai/Work/assets/official/gseiko/SBGN003G.png
https://www.grand-seiko.com/us-en/collections/SBGN005G ||| https://storage.grand-seiko.com/image/2020/11/19040133888817/0/SBGN005G.png ||| /Users/lcchai/Work/assets/official/gseiko/SBGN005G.png
https://www.grand-seiko.com/us-en/collections/SBGN009G ||| https://storage.grand-seiko.com/image/2020/11/19040135812934/0/SBGN009G.png ||| /Users/lcchai/Work/assets/official/gseiko/SBGN009G.png
https://www.grand-seiko.com/us-en/collections/SBGN011G ||| https://storage.grand-seiko.com/image/2020/01/29100558374890/0/SBGN011G.png ||| /Users/lcchai/Work/assets/official/gseiko/SBGN011G.png
https://www.grand-seiko.com/us-en/collections/SBGN013G ||| https://storage.grand-seiko.com/image/2020/01/29200029566436/0/SBGN013G.png ||| /Users/lcchai/Work/assets/official/gseiko/SBGN013G.png
https://www.grand-seiko.com/us-en/collections/SBGP001G ||| https://storage.grand-seiko.com/image/2020/01/29200035031669/0/SBGP001G.png ||| /Users/lcchai/Work/assets/official/gseiko/SBGP001G.png
https://www.grand-seiko.com/us-en/collections/SBGP003G ||| https://storage.grand-seiko.com/image/2020/01/29200037946385/0/SBGP003G.png ||| /Users/lcchai/Work/assets/official/gseiko/SBGP003G.png
https://www.grand-seiko.com/us-en/collections/SBGP005G ||| https://storage.grand-seiko.com/image/2020/01/29200040403124/0/SBGP005G.png ||| /Users/lcchai/Work/assets/official/gseiko/SBGP005G.png
https://www.grand-seiko.com/us-en/collections/SBGP007G ||| https://storage.grand-seiko.com/image/2020/02/14200028838248/0/SBGP007G.png ||| /Users/lcchai/Work/assets/official/gseiko/SBGP007G.png
https://www.grand-seiko.com/us-en/collections/SBGP009G ||| https://storage.grand-seiko.com/image/2020/01/29200043675839/0/SBGP009G.png ||| /Users/lcchai/Work/assets/official/gseiko/SBGP009G.png
https://www.grand-seiko.com/us-en/collections/SBGP011G ||| https://storage.grand-seiko.com/image/2020/01/29200046254333/0/SBGP011G.png ||| /Users/lcchai/Work/assets/official/gseiko/SBGP011G.png
https://www.grand-seiko.com/us-en/collections/SBGP013G ||| https://storage.grand-seiko.com/image/2020/01/29200051357107/0/SBGP013G.png ||| /Users/lcchai/Work/assets/official/gseiko/SBGP013G.png
https://www.grand-seiko.com/us-en/collections/SBGP015G ||| https://storage.grand-seiko.com/image/2020/02/14200032247799/0/SBGP015G.png ||| /Users/lcchai/Work/assets/official/gseiko/SBGP015G.png
https://www.grand-seiko.com/us-en/collections/SBGR255G ||| https://storage.grand-seiko.com/image/2020/11/19040147477197/0/SBGR255G.png ||| /Users/lcchai/Work/assets/official/gseiko/SBGR255G.png
https://www.grand-seiko.com/us-en/collections/SBGR257G ||| https://storage.grand-seiko.com/image/2020/11/19040148428090/0/SBGR257G.png ||| /Users/lcchai/Work/assets/official/gseiko/SBGR257G.png
https://www.grand-seiko.com/us-en/collections/SBGR261G ||| https://storage.grand-seiko.com/image/2020/11/19040149451031/0/SBGR261G.png ||| /Users/lcchai/Work/assets/official/gseiko/SBGR261G.png
https://www.grand-seiko.com/us-en/collections/SBGR299G ||| https://storage.grand-seiko.com/image/2020/11/19040152231996/0/SBGR299G.png ||| /Users/lcchai/Work/assets/official/gseiko/SBGR299G.png
https://www.grand-seiko.com/us-en/collections/SBGR301G ||| https://storage.grand-seiko.com/image/2020/11/19040153166239/0/SBGR301G.png ||| /Users/lcchai/Work/assets/official/gseiko/SBGR301G.png
https://www.grand-seiko.com/us-en/collections/SBGR307G ||| https://storage.grand-seiko.com/image/2020/11/19040155078949/0/SBGR307G.png ||| /Users/lcchai/Work/assets/official/gseiko/SBGR307G.png
https://www.grand-seiko.com/us-en/collections/SBGR309G ||| https://storage.grand-seiko.com/image/2020/11/19040156009157/0/SBGR309G.png ||| /Users/lcchai/Work/assets/official/gseiko/SBGR309G.png
https://www.grand-seiko.com/us-en/collections/SBGR315G ||| https://storage.grand-seiko.com/image/2020/11/19040158102635/0/SBGR315G.png ||| /Users/lcchai/Work/assets/official/gseiko/SBGR315G.png
https://www.grand-seiko.com/us-en/collections/SBGR317G ||| https://storage.grand-seiko.com/image/2020/11/19040158969854/0/SBGR317G.png ||| /Users/lcchai/Work/assets/official/gseiko/SBGR317G.png
https://www.grand-seiko.com/us-en/collections/SBGR321G ||| https://storage.grand-seiko.com/image/2020/08/27210042371448/0/SBGR321G.png ||| /Users/lcchai/Work/assets/official/gseiko/SBGR321G.png
https://www.grand-seiko.com/us-en/collections/SBGV239J ||| https://storage.grand-seiko.com/image/2020/11/19040210157199/0/SBGV239J.png ||| /Users/lcchai/Work/assets/official/gseiko/SBGV239J.png
https://www.grand-seiko.com/us-en/collections/SBGV243J ||| https://storage.grand-seiko.com/image/2020/11/19040211127348/0/SBGV243J.png ||| /Users/lcchai/Work/assets/official/gseiko/SBGV243J.png
https://www.grand-seiko.com/us-en/collections/SBGV245J ||| https://storage.grand-seiko.com/image/2020/11/19040212064708/0/SBGV245J.png ||| /Users/lcchai/Work/assets/official/gseiko/SBGV245J.png
https://www.grand-seiko.com/us-en/collections/SBGW231G ||| https://storage.grand-seiko.com/image/2020/11/19040214823487/0/SBGW231G.png ||| /Users/lcchai/Work/assets/official/gseiko/SBGW231G.png
https://www.grand-seiko.com/us-en/collections/SBGW257J ||| https://storage.grand-seiko.com/image/2020/02/26200121581824/0/SBGW257J.png ||| /Users/lcchai/Work/assets/official/gseiko/SBGW257J.png
https://www.grand-seiko.com/us-en/collections/SBGW258J ||| https://storage.grand-seiko.com/image/2020/02/26200129830566/0/SBGW258J.png ||| /Users/lcchai/Work/assets/official/gseiko/SBGW258J.png
https://www.grand-seiko.com/us-en/collections/SBGW259G ||| https://storage.grand-seiko.com/image/2020/02/26200135671310/0/SBGW259G.png ||| /Users/lcchai/Work/assets/official/gseiko/SBGW259G.png
https://www.grand-seiko.com/us-en/collections/SBGW262J ||| https://storage.grand-seiko.com/image/2020/02/20200037279378/0/SBGW262J.png ||| /Users/lcchai/Work/assets/official/gseiko/SBGW262J.png
https://www.grand-seiko.com/us-en/collections/SBGW263J ||| https://storage.grand-seiko.com/image/2020/02/26200141652238/0/SBGW263J.png ||| /Users/lcchai/Work/assets/official/gseiko/SBGW263J.png
https://www.grand-seiko.com/us-en/collections/SBGW264J ||| https://storage.grand-seiko.com/image/2020/02/26200147241869/0/SBGW264J.png ||| /Users/lcchai/Work/assets/official/gseiko/SBGW264J.png
https://www.grand-seiko.com/us-en/collections/SBGX259G ||| https://storage.grand-seiko.com/image/2020/11/19040225113635/0/SBGX259G.png ||| /Users/lcchai/Work/assets/official/gseiko/SBGX259G.png
https://www.grand-seiko.com/us-en/collections/SBGX261G ||| https://storage.grand-seiko.com/image/2020/11/19040226107680/0/SBGX261G.png ||| /Users/lcchai/Work/assets/official/gseiko/SBGX261G.png
https://www.grand-seiko.com/us-en/collections/SBGX263G ||| https://storage.grand-seiko.com/image/2020/11/19040227022465/0/SBGX263G.png ||| /Users/lcchai/Work/assets/official/gseiko/SBGX263G.png
https://www.grand-seiko.com/us-en/collections/SBGY002G ||| https://storage.grand-seiko.com/image/2020/11/19040228781147/0/SBGY002G.png ||| /Users/lcchai/Work/assets/official/gseiko/SBGY002G.png
https://www.grand-seiko.com/us-en/collections/SBGZ003J ||| https://storage.grand-seiko.com/image/2020/11/19040231608941/0/SBGZ003J.png ||| /Users/lcchai/Work/assets/official/gseiko/SBGZ003J.png
https://www.grand-seiko.com/us-en/collections/SBGZ005J ||| https://storage.grand-seiko.com/image/2021/01/29210051683444/0/SBGZ005J.png ||| /Users/lcchai/Work/assets/official/gseiko/SBGZ005J.png
https://www.grand-seiko.com/us-en/collections/SLGA001G ||| https://storage.grand-seiko.com/image/2020/02/27200134647726/0/SLGA001G.png ||| /Users/lcchai/Work/assets/official/gseiko/SLGA001G.png
https://www.grand-seiko.com/us-en/collections/SLGH002J ||| https://storage.grand-seiko.com/image/2020/02/26200202264819/0/SLGH002J.png ||| /Users/lcchai/Work/assets/official/gseiko/SLGH002J.png
https://www.grand-seiko.com/us-en/collections/SLGH005G ||| https://storage.grand-seiko.com/image/2021/01/13210048088497/0/SLGH005G.png ||| /Users/lcchai/Work/assets/official/gseiko/SLGH005G.png
https://www.grand-seiko.com/us-en/collections/SLGH007J ||| https://storage.grand-seiko.com/image/2021/02/10210059527696/0/SLGH007J.png ||| /Users/lcchai/Work/assets/official/gseiko/SLGH007J.png
https://www.grand-seiko.com/us-en/collections/STGK003J ||| https://storage.grand-seiko.com/image/2020/11/19040240466648/0/STGK003J.png ||| /Users/lcchai/Work/assets/official/gseiko/STGK003J.png
https://www.grand-seiko.com/us-en/collections/STGK004J ||| https://storage.grand-seiko.com/image/2020/11/19040241432926/0/STGK004J.png ||| /Users/lcchai/Work/assets/official/gseiko/STGK004J.png
https://www.grand-seiko.com/us-en/collections/STGK006J ||| https://storage.grand-seiko.com/image/2020/11/19040242295915/0/STGK006J.png ||| /Users/lcchai/Work/assets/official/gseiko/STGK006J.png
https://www.grand-seiko.com/us-en/collections/STGK007G ||| https://storage.grand-seiko.com/image/2020/11/19040243226646/0/STGK007G.png ||| /Users/lcchai/Work/assets/official/gseiko/STGK007G.png
https://www.grand-seiko.com/us-en/collections/STGK009G ||| https://storage.grand-seiko.com/image/2020/11/19040244233528/0/STGK009G.png ||| /Users/lcchai/Work/assets/official/gseiko/STGK009G.png
https://www.grand-seiko.com/us-en/collections/STGK011G ||| https://storage.grand-seiko.com/image/2020/01/29100934062087/0/STGK011G.png ||| /Users/lcchai/Work/assets/official/gseiko/STGK011G.png
https://www.grand-seiko.com/us-en/collections/STGK013G ||| https://storage.grand-seiko.com/image/2020/01/29100938749942/0/STGK013G.png ||| /Users/lcchai/Work/assets/official/gseiko/STGK013G.png
https://www.grand-seiko.com/us-en/collections/STGK015G ||| https://storage.grand-seiko.com/image/2020/01/29082628552048/0/STGK015G.png ||| /Users/lcchai/Work/assets/official/gseiko/STGK015G.png
