https://us.louisvuitton.com/eng-us/products/connected-watch-tambour-horizon-monogram-brown-42-nvprod1380098v ||| https://us.louisvuitton.com/images/is/image/lv/1/PP_VP_L/louis-vuitton--QBBB87_PM2_Front%20view.jpg ||| /Users/lcchai/Work/assets/official/lv/louis-vuitton--QBBB87_PM2_Front%20view.jpg
https://us.louisvuitton.com/eng-us/products/connected-watch-tambour-horizon-monogram-eclipse-42-nvprod1380096v ||| https://us.louisvuitton.com/images/is/image/lv/1/PP_VP_L/louis-vuitton--QBBB85_PM2_Front%20view.jpg ||| /Users/lcchai/Work/assets/official/lv/louis-vuitton--QBBB85_PM2_Front%20view.jpg
https://us.louisvuitton.com/eng-us/products/connected-watch-tambour-horizon-pure-white-42-nvprod1390061v ||| https://us.louisvuitton.com/images/is/image/lv/1/PP_VP_L/louis-vuitton--QBBB94_PM2_Front%20view.jpg ||| /Users/lcchai/Work/assets/official/lv/louis-vuitton--QBBB94_PM2_Front%20view.jpg
https://us.louisvuitton.com/eng-us/products/escale-time-zone-blue-41-nvprod630087v ||| https://us.louisvuitton.com/images/is/image/lv/1/PP_VP_L/louis-vuitton--Q5D220_PM2_Front%20view.jpg ||| /Users/lcchai/Work/assets/official/lv/louis-vuitton--Q5D220_PM2_Front%20view.jpg
https://us.louisvuitton.com/eng-us/products/escale-time-zone-spacecraft-nvprod1420001v ||| https://us.louisvuitton.com/images/is/image/lv/1/LV/louis-vuitton--Q5D240_Front%20View.jpg ||| /Users/lcchai/Work/assets/official/lv/louis-vuitton--Q5D240_Front%20View.jpg
https://us.louisvuitton.com/eng-us/products/tambour-all-black-28-nvprod1250333v ||| https://us.louisvuitton.com/images/is/image/lv/1/PP_VP_L/louis-vuitton--QBBB74_PM2_Front%20view.jpg ||| /Users/lcchai/Work/assets/official/lv/louis-vuitton--QBBB74_PM2_Front%20view.jpg
https://us.louisvuitton.com/eng-us/products/tambour-all-black-34-nvprod1250334v ||| https://us.louisvuitton.com/images/is/image/lv/1/PP_VP_L/louis-vuitton--QBBB75_PM2_Front%20view.jpg ||| /Users/lcchai/Work/assets/official/lv/louis-vuitton--QBBB75_PM2_Front%20view.jpg
https://us.louisvuitton.com/eng-us/products/tambour-all-black-395-nvprod1250335v ||| https://us.louisvuitton.com/images/is/image/lv/1/PP_VP_L/louis-vuitton--QBBB76_PM2_Front%20view.jpg ||| /Users/lcchai/Work/assets/official/lv/louis-vuitton--QBBB76_PM2_Front%20view.jpg
https://us.louisvuitton.com/eng-us/products/tambour-all-black-chrono-46-nvprod1160055v ||| https://us.louisvuitton.com/images/is/image/lv/1/PP_VP_L/louis-vuitton--QBBB13_PM2_Front%20view.jpg ||| /Users/lcchai/Work/assets/official/lv/louis-vuitton--QBBB13_PM2_Front%20view.jpg
https://us.louisvuitton.com/eng-us/products/tambour-all-black-small-second-415-nvprod1160054v ||| https://us.louisvuitton.com/images/is/image/lv/1/PP_VP_L/louis-vuitton--QBBB12_PM2_Front%20view.jpg ||| /Users/lcchai/Work/assets/official/lv/louis-vuitton--QBBB12_PM2_Front%20view.jpg
https://us.louisvuitton.com/eng-us/products/tambour-all-black-table-clock-gmt-nvprod730065v ||| https://us.louisvuitton.com/images/is/image/lv/1/PP_VP_L/louis-vuitton--Q1Q000_PM2_Front%20view.jpg ||| /Users/lcchai/Work/assets/official/lv/louis-vuitton--Q1Q000_PM2_Front%20view.jpg
https://us.louisvuitton.com/eng-us/products/tambour-damier-cobalt-chronograph-nvprod1780144v ||| https://us.louisvuitton.com/images/is/image/lv/1/PP_VP_L/louis-vuitton--QBB110_PM2_Front%20view.jpg ||| /Users/lcchai/Work/assets/official/lv/louis-vuitton--QBB110_PM2_Front%20view.jpg
https://us.louisvuitton.com/eng-us/products/tambour-damier-cobalt-chronograph-nvprod1780145v ||| https://us.louisvuitton.com/images/is/image/lv/1/PP_VP_L/louis-vuitton--QBB111_PM2_Front%20view.jpg ||| /Users/lcchai/Work/assets/official/lv/louis-vuitton--QBB111_PM2_Front%20view.jpg
https://us.louisvuitton.com/eng-us/products/tambour-damier-graphite-415-nvprod1480013v ||| https://us.louisvuitton.com/images/is/image/lv/1/PP_VP_L/louis-vuitton--QBBB98_PM2_Front%20View.jpg ||| /Users/lcchai/Work/assets/official/lv/louis-vuitton--QBBB98_PM2_Front%20View.jpg
https://us.louisvuitton.com/eng-us/products/tambour-damier-graphite-chronograph-44-nvprod1890013v ||| https://us.louisvuitton.com/images/is/image/lv/1/PP_VP_L/louis-vuitton--QBB112_PM2_Front%20View.jpg ||| /Users/lcchai/Work/assets/official/lv/louis-vuitton--QBB112_PM2_Front%20View.jpg
https://us.louisvuitton.com/eng-us/products/tambour-horizon-pure-white-diamonds-429-nvprod1420154v ||| https://us.louisvuitton.com/images/is/image/lv/1/PP_VP_L/louis-vuitton--QBBB93_PM2_Front%20view.jpg ||| /Users/lcchai/Work/assets/official/lv/louis-vuitton--QBBB93_PM2_Front%20view.jpg
https://us.louisvuitton.com/eng-us/products/tambour-monogram-28-nvprod1480014v ||| https://us.louisvuitton.com/images/is/image/lv/1/PP_VP_L/louis-vuitton--QBBB95_PM2_Front%20View.jpg ||| /Users/lcchai/Work/assets/official/lv/louis-vuitton--QBBB95_PM2_Front%20View.jpg
https://us.louisvuitton.com/eng-us/products/tambour-monogram-34-nvprod1480015v ||| https://us.louisvuitton.com/images/is/image/lv/1/PP_VP_L/louis-vuitton--QBBB96_PM2_Front%20View.jpg ||| /Users/lcchai/Work/assets/official/lv/louis-vuitton--QBBB96_PM2_Front%20View.jpg
https://us.louisvuitton.com/eng-us/products/tambour-monogram-395-nvprod1480016v ||| https://us.louisvuitton.com/images/is/image/lv/1/PP_VP_L/louis-vuitton--QBBB97_PM2_Front%20View.jpg ||| /Users/lcchai/Work/assets/official/lv/louis-vuitton--QBBB97_PM2_Front%20View.jpg
https://us.louisvuitton.com/eng-us/products/tambour-monogram-415-nvprod1780161v ||| https://us.louisvuitton.com/images/is/image/lv/1/PP_VP_L/louis-vuitton--QBB107_PM2_Front%20View.jpg ||| /Users/lcchai/Work/assets/official/lv/louis-vuitton--QBB107_PM2_Front%20View.jpg
https://us.louisvuitton.com/eng-us/products/tambour-monogram-white-28-nvprod1780140v ||| https://us.louisvuitton.com/images/is/image/lv/1/PP_VP_L/louis-vuitton--QBB105_PM2_Front%20view.jpg ||| /Users/lcchai/Work/assets/official/lv/louis-vuitton--QBB105_PM2_Front%20view.jpg
https://us.louisvuitton.com/eng-us/products/tambour-monogram-white-34-nvprod1780139v ||| https://us.louisvuitton.com/images/is/image/lv/1/PP_VP_L/louis-vuitton--QBB106_PM2_Front%20view.jpg ||| /Users/lcchai/Work/assets/official/lv/louis-vuitton--QBB106_PM2_Front%20view.jpg
https://us.louisvuitton.com/eng-us/products/tambour-moon-divine-35-nvprod1600175v ||| https://us.louisvuitton.com/images/is/image/lv/1/PP_VP_L/louis-vuitton--QBB102_PM2_Front%20view.jpg ||| /Users/lcchai/Work/assets/official/lv/louis-vuitton--QBB102_PM2_Front%20view.jpg
https://us.louisvuitton.com/eng-us/products/tambour-moon-divine-black-28-nvprod1160120v ||| https://us.louisvuitton.com/images/is/image/lv/1/PP_VP_L/louis-vuitton--QBBB33_PM2_Front%20view.jpg ||| /Users/lcchai/Work/assets/official/lv/louis-vuitton--QBBB33_PM2_Front%20view.jpg
https://us.louisvuitton.com/eng-us/products/tambour-moon-divine-black-35-nvprod1160122v ||| https://us.louisvuitton.com/images/is/image/lv/1/PP_VP_L/louis-vuitton--QBBB35_PM2_Front%20view.jpg ||| /Users/lcchai/Work/assets/official/lv/louis-vuitton--QBBB35_PM2_Front%20view.jpg
https://us.louisvuitton.com/eng-us/products/tambour-moon-divine-black-395-nvprod1160125v ||| https://us.louisvuitton.com/images/is/image/lv/1/PP_VP_L/louis-vuitton--QBBB37_PM2_Front%20view.jpg ||| /Users/lcchai/Work/assets/official/lv/louis-vuitton--QBBB37_PM2_Front%20view.jpg
https://us.louisvuitton.com/eng-us/products/tambour-moon-divine-blue-35-nvprod1630561v ||| https://us.louisvuitton.com/images/is/image/lv/1/PP_VP_L/louis-vuitton--QBBB99_PM2_Front%20view.jpg ||| /Users/lcchai/Work/assets/official/lv/louis-vuitton--QBBB99_PM2_Front%20view.jpg
https://us.louisvuitton.com/eng-us/products/tambour-moon-divine-white-28-nvprod1160121v ||| https://us.louisvuitton.com/images/is/image/lv/1/PP_VP_L/louis-vuitton--QBBB34_PM2_Front%20view.jpg ||| /Users/lcchai/Work/assets/official/lv/louis-vuitton--QBBB34_PM2_Front%20view.jpg
https://us.louisvuitton.com/eng-us/products/tambour-moon-divine-white-35-nvprod1160123v ||| https://us.louisvuitton.com/images/is/image/lv/1/PP_VP_L/louis-vuitton--QBBB36_PM2_Front%20view.jpg ||| /Users/lcchai/Work/assets/official/lv/louis-vuitton--QBBB36_PM2_Front%20view.jpg
https://us.louisvuitton.com/eng-us/products/tambour-moon-divine-white-395-nvprod1160126v ||| https://us.louisvuitton.com/images/is/image/lv/1/PP_VP_L/louis-vuitton--QBBB38_PM2_Front%20view.jpg ||| /Users/lcchai/Work/assets/official/lv/louis-vuitton--QBBB38_PM2_Front%20view.jpg
https://us.louisvuitton.com/eng-us/products/tambour-moon-dual-time-black-white-35-nvprod2170090v ||| https://us.louisvuitton.com/images/is/image/lv/1/PP_VP_L/louis-vuitton--QBB126_PM2_Front%20view.jpg ||| /Users/lcchai/Work/assets/official/lv/louis-vuitton--QBB126_PM2_Front%20view.jpg
https://us.louisvuitton.com/eng-us/products/tambour-moon-dual-time-black-white-35-nvprod2170093v ||| https://us.louisvuitton.com/images/is/image/lv/1/PP_VP_L/louis-vuitton--QBB128_PM2_Front%20view.jpg ||| /Users/lcchai/Work/assets/official/lv/louis-vuitton--QBB128_PM2_Front%20view.jpg
https://us.louisvuitton.com/eng-us/products/tambour-moon-dual-time-black-white-395-nvprod2170092v ||| https://us.louisvuitton.com/images/is/image/lv/1/PP_VP_L/louis-vuitton--QBB129_PM2_Front%20view.jpg ||| /Users/lcchai/Work/assets/official/lv/louis-vuitton--QBB129_PM2_Front%20view.jpg
https://us.louisvuitton.com/eng-us/products/tambour-moon-dual-time-graphite-44-nvprod2170089v ||| https://us.louisvuitton.com/images/is/image/lv/1/PP_VP_L/louis-vuitton--QBB131_PM2_Front%20view.jpg ||| /Users/lcchai/Work/assets/official/lv/louis-vuitton--QBB131_PM2_Front%20view.jpg
https://us.louisvuitton.com/eng-us/products/tambour-moon-dual-time-red-white-35-nvprod2170091v ||| https://us.louisvuitton.com/images/is/image/lv/1/PP_VP_L/louis-vuitton--QBB127_PM2_Front%20view.jpg ||| /Users/lcchai/Work/assets/official/lv/louis-vuitton--QBB127_PM2_Front%20view.jpg
https://us.louisvuitton.com/eng-us/products/tambour-moon-dual-time-silver-44-nvprod2170088v ||| https://us.louisvuitton.com/images/is/image/lv/1/PP_VP_L/louis-vuitton--QBB130_PM2_Front%20view.jpg ||| /Users/lcchai/Work/assets/official/lv/louis-vuitton--QBB130_PM2_Front%20view.jpg
https://us.louisvuitton.com/eng-us/products/tambour-moon-gmt-black-415-nvprod1160048v ||| https://us.louisvuitton.com/images/is/image/lv/1/PP_VP_L/louis-vuitton--QBBB06_PM2_Front%20view.jpg ||| /Users/lcchai/Work/assets/official/lv/louis-vuitton--QBBB06_PM2_Front%20view.jpg
https://us.louisvuitton.com/eng-us/products/tambour-moon-star-black-28-nvprod1160129v ||| https://us.louisvuitton.com/images/is/image/lv/1/PP_VP_L/louis-vuitton--QBBB41_PM2_Front%20view.jpg ||| /Users/lcchai/Work/assets/official/lv/louis-vuitton--QBBB41_PM2_Front%20view.jpg
https://us.louisvuitton.com/eng-us/products/tambour-moon-star-black-chrono-35-nvprod1160107v ||| https://us.louisvuitton.com/images/is/image/lv/1/PP_VP_L/louis-vuitton--QBBB44_PM2_Front%20view.jpg ||| /Users/lcchai/Work/assets/official/lv/louis-vuitton--QBBB44_PM2_Front%20view.jpg
https://us.louisvuitton.com/eng-us/products/tambour-moon-star-black-chrono-395-nvprod1160111v ||| https://us.louisvuitton.com/images/is/image/lv/1/PP_VP_L/louis-vuitton--QBBB48_PM2_Front%20view.jpg ||| /Users/lcchai/Work/assets/official/lv/louis-vuitton--QBBB48_PM2_Front%20view.jpg
https://us.louisvuitton.com/eng-us/products/tambour-moon-star-white-28-nvprod1160128v ||| https://us.louisvuitton.com/images/is/image/lv/1/PP_VP_L/louis-vuitton--QBBB40_PM2_Front%20view.jpg ||| /Users/lcchai/Work/assets/official/lv/louis-vuitton--QBBB40_PM2_Front%20view.jpg
https://us.louisvuitton.com/eng-us/products/tambour-moon-star-white-chrono-35-nvprod1160106v ||| https://us.louisvuitton.com/images/is/image/lv/1/PP_VP_L/louis-vuitton--QBBB43_PM2_Front%20view.jpg ||| /Users/lcchai/Work/assets/official/lv/louis-vuitton--QBBB43_PM2_Front%20view.jpg
https://us.louisvuitton.com/eng-us/products/tambour-moon-star-white-chrono-35-nvprod1160108v ||| https://us.louisvuitton.com/images/is/image/lv/1/PP_VP_L/louis-vuitton--QBBB45_PM2_Front%20view.jpg ||| /Users/lcchai/Work/assets/official/lv/louis-vuitton--QBBB45_PM2_Front%20view.jpg
https://us.louisvuitton.com/eng-us/products/tambour-moon-star-white-chrono-395-nvprod1160110v ||| https://us.louisvuitton.com/images/is/image/lv/1/PP_VP_L/louis-vuitton--QBBB47_PM2_Front%20view.jpg ||| /Users/lcchai/Work/assets/official/lv/louis-vuitton--QBBB47_PM2_Front%20view.jpg
https://us.louisvuitton.com/eng-us/products/tambour-new-wave-28-nvprod1780141v ||| https://us.louisvuitton.com/images/is/image/lv/1/PP_VP_L/louis-vuitton--QBB113_PM2_Front%20view.jpg ||| /Users/lcchai/Work/assets/official/lv/louis-vuitton--QBB113_PM2_Front%20view.jpg
https://us.louisvuitton.com/eng-us/products/tambour-new-wave-34-nvprod1780142v ||| https://us.louisvuitton.com/images/is/image/lv/1/PP_VP_L/louis-vuitton--QBB114_PM2_Front%20view.jpg ||| /Users/lcchai/Work/assets/official/lv/louis-vuitton--QBB114_PM2_Front%20view.jpg
https://us.louisvuitton.com/eng-us/products/tambour-new-wave-395-nvprod1780143v ||| https://us.louisvuitton.com/images/is/image/lv/1/PP_VP_L/louis-vuitton--QBB115_PM2_Front%20view.jpg ||| /Users/lcchai/Work/assets/official/lv/louis-vuitton--QBB115_PM2_Front%20view.jpg
https://us.louisvuitton.com/eng-us/products/tambour-new-wave-paved-34-nvprod1780160v ||| https://us.louisvuitton.com/images/is/image/lv/1/PP_VP_L/louis-vuitton--QBB116_PM2_Front%20View.jpg ||| /Users/lcchai/Work/assets/official/lv/louis-vuitton--QBB116_PM2_Front%20View.jpg
https://us.louisvuitton.com/eng-us/products/tambour-regatta-quartz-43-nvprod2160096v ||| https://us.louisvuitton.com/images/is/image/lv/1/PP_VP_L/louis-vuitton--QBB121_PM2_Front%20view.jpg ||| /Users/lcchai/Work/assets/official/lv/louis-vuitton--QBB121_PM2_Front%20view.jpg
https://us.louisvuitton.com/eng-us/products/tambour-slim-blossom-28-nvprod1160103v ||| https://us.louisvuitton.com/images/is/image/lv/1/PP_VP_L/louis-vuitton--QBBB71_PM2_Front%20view.jpg ||| /Users/lcchai/Work/assets/official/lv/louis-vuitton--QBBB71_PM2_Front%20view.jpg
https://us.louisvuitton.com/eng-us/products/tambour-slim-blossom-35-nvprod1160104v ||| https://us.louisvuitton.com/images/is/image/lv/1/PP_VP_L/louis-vuitton--QBBB72_PM2_Front%20view.jpg ||| /Users/lcchai/Work/assets/official/lv/louis-vuitton--QBBB72_PM2_Front%20view.jpg
https://us.louisvuitton.com/eng-us/products/tambour-slim-metallic-flower-28-nvprod1160074v ||| https://us.louisvuitton.com/images/is/image/lv/1/PP_VP_L/louis-vuitton--QBBB58_PM2_Front%20view.jpg ||| /Users/lcchai/Work/assets/official/lv/louis-vuitton--QBBB58_PM2_Front%20view.jpg
https://us.louisvuitton.com/eng-us/products/tambour-slim-metallic-flower-33-nvprod1160075v ||| https://us.louisvuitton.com/images/is/image/lv/1/PP_VP_L/louis-vuitton--QBBB59_PM2_Front%20view.jpg ||| /Users/lcchai/Work/assets/official/lv/louis-vuitton--QBBB59_PM2_Front%20view.jpg
https://us.louisvuitton.com/eng-us/products/tambour-slim-metallic-flower-395-nvprod1160081v ||| https://us.louisvuitton.com/images/is/image/lv/1/PP_VP_L/louis-vuitton--QBBB60_PM2_Front%20view.jpg ||| /Users/lcchai/Work/assets/official/lv/louis-vuitton--QBBB60_PM2_Front%20view.jpg
https://us.louisvuitton.com/eng-us/products/tambour-slim-monogram-28-nvprod1160068v ||| https://us.louisvuitton.com/images/is/image/lv/1/PP_VP_L/louis-vuitton--QBBB55_PM2_Front%20view.jpg ||| /Users/lcchai/Work/assets/official/lv/louis-vuitton--QBBB55_PM2_Front%20view.jpg
https://us.louisvuitton.com/eng-us/products/tambour-slim-monogram-33-nvprod1160069v ||| https://us.louisvuitton.com/images/is/image/lv/1/PP_VP_L/louis-vuitton--QBBB56_PM2_Front%20view.jpg ||| /Users/lcchai/Work/assets/official/lv/louis-vuitton--QBBB56_PM2_Front%20view.jpg
https://us.louisvuitton.com/eng-us/products/tambour-slim-monogram-395-nvprod1160073v ||| https://us.louisvuitton.com/images/is/image/lv/1/PP_VP_L/louis-vuitton--QBBB57_PM2_Front%20view.jpg ||| /Users/lcchai/Work/assets/official/lv/louis-vuitton--QBBB57_PM2_Front%20view.jpg
https://us.louisvuitton.com/eng-us/products/tambour-slim-monogram-dentelle-28-nvprod1890014v ||| https://us.louisvuitton.com/images/is/image/lv/1/PP_VP_L/louis-vuitton--QBB117_PM2_Front%20View.jpg ||| /Users/lcchai/Work/assets/official/lv/louis-vuitton--QBB117_PM2_Front%20View.jpg
https://us.louisvuitton.com/eng-us/products/tambour-slim-monogram-dentelle-33-nvprod1890015v ||| https://us.louisvuitton.com/images/is/image/lv/1/PP_VP_L/louis-vuitton--QBB118_PM2_Front%20View.jpg ||| /Users/lcchai/Work/assets/official/lv/louis-vuitton--QBB118_PM2_Front%20View.jpg
https://us.louisvuitton.com/eng-us/products/tambour-slim-monogram-eclipse-39-nvprod1160144v ||| https://us.louisvuitton.com/images/is/image/lv/1/PP_VP_L/louis-vuitton--QBBB24_PM2_Front%20view.jpg ||| /Users/lcchai/Work/assets/official/lv/louis-vuitton--QBBB24_PM2_Front%20view.jpg
https://us.louisvuitton.com/eng-us/products/tambour-slim-monogram-macassar-39-nvprod1160145v ||| https://us.louisvuitton.com/images/is/image/lv/1/PP_VP_L/louis-vuitton--QBBB25_PM2_Front%20view.jpg ||| /Users/lcchai/Work/assets/official/lv/louis-vuitton--QBBB25_PM2_Front%20view.jpg
https://us.louisvuitton.com/eng-us/products/tambour-slim-monogram-white-39-nvprod2170087v ||| https://us.louisvuitton.com/images/is/image/lv/1/PP_VP_L/louis-vuitton--QBB132_PM2_Front%20view.jpg ||| /Users/lcchai/Work/assets/official/lv/louis-vuitton--QBB132_PM2_Front%20view.jpg
https://us.louisvuitton.com/eng-us/products/tambour-slim-star-28-nvprod1160091v ||| https://us.louisvuitton.com/images/is/image/lv/1/PP_VP_L/louis-vuitton--QBBB63_PM2_Front%20view.jpg ||| /Users/lcchai/Work/assets/official/lv/louis-vuitton--QBBB63_PM2_Front%20view.jpg
https://us.louisvuitton.com/eng-us/products/tambour-slim-star-blossom-28-nvprod1630559v ||| https://us.louisvuitton.com/images/is/image/lv/1/PP_VP_L/louis-vuitton--QBBB82_PM2_Front%20view.jpg ||| /Users/lcchai/Work/assets/official/lv/louis-vuitton--QBBB82_PM2_Front%20view.jpg
https://us.louisvuitton.com/eng-us/products/tambour-slim-star-blossom-28-nvprod2140111v ||| https://us.louisvuitton.com/images/is/image/lv/1/PP_VP_L/louis-vuitton--QBB124_PM2_Front%20View.jpg ||| /Users/lcchai/Work/assets/official/lv/louis-vuitton--QBB124_PM2_Front%20View.jpg
https://us.louisvuitton.com/eng-us/products/tambour-slim-star-blossom-35-nvprod1630560v ||| https://us.louisvuitton.com/images/is/image/lv/1/PP_VP_L/louis-vuitton--QBB104_PM2_Front%20view.jpg ||| /Users/lcchai/Work/assets/official/lv/louis-vuitton--QBB104_PM2_Front%20view.jpg
https://us.louisvuitton.com/eng-us/products/tambour-slim-star-blossom-35-nvprod2140112v ||| https://us.louisvuitton.com/images/is/image/lv/1/PP_VP_L/louis-vuitton--QBB125_PM2_Front%20View.jpg ||| /Users/lcchai/Work/assets/official/lv/louis-vuitton--QBB125_PM2_Front%20View.jpg
https://us.louisvuitton.com/eng-us/products/tambour-street-diver-nvprod2800290v ||| https://us.louisvuitton.com/images/is/image/lv/1/PP_VP_L/louis-vuitton--QBB172_PM2_Front%20view.jpg ||| /Users/lcchai/Work/assets/official/lv/louis-vuitton--QBB172_PM2_Front%20view.jpg
https://us.louisvuitton.com/eng-us/products/tambour-street-diver-nvprod2800295v ||| https://us.louisvuitton.com/images/is/image/lv/1/PP_VP_L/louis-vuitton--QBB174_PM2_Front%20view.jpg ||| /Users/lcchai/Work/assets/official/lv/louis-vuitton--QBB174_PM2_Front%20view.jpg
https://us.louisvuitton.com/eng-us/products/tambour-street-diver-nvprod2800316v ||| https://us.louisvuitton.com/images/is/image/lv/1/PP_VP_L/louis-vuitton--QBB175_PM2_Front%20view.jpg ||| /Users/lcchai/Work/assets/official/lv/louis-vuitton--QBB175_PM2_Front%20view.jpg
https://us.louisvuitton.com/eng-us/products/tambour-street-diver-nvprod2890069v ||| https://us.louisvuitton.com/images/is/image/lv/1/PP_VP_L/louis-vuitton--QBB173_PM2_Front%20view.jpg ||| /Users/lcchai/Work/assets/official/lv/louis-vuitton--QBB173_PM2_Front%20view.jpg
https://us.louisvuitton.com/eng-us/products/tambour-world-tour-table-clock-gmt-nvprod1290113v ||| https://us.louisvuitton.com/images/is/image/lv/1/PP_VP_L/louis-vuitton--Q1Q010_PM2_Front%20View.jpg ||| /Users/lcchai/Work/assets/official/lv/louis-vuitton--Q1Q010_PM2_Front%20View.jpg
