https://watchesofmayfair.com/brand/a-lange-sohne/1815/a-lange-sohne-1815-rattrapante-perpetual-calendar-handwerkskunst-421-048 ||| error
https://watchesofmayfair.com/brand/a-lange-sohne/1815/a-lange-sohne-1815-rattrapante-perpetual-calendar-handwerkskunst-421-048fe ||| error
https://watchesofmayfair.com/brand/a-lange-sohne/1815/a-lange-sohne-1815-tourbillon-730-079 ||| error
https://watchesofmayfair.com/brand/a-lange-sohne/1815/a-lange-sohne-236-049-1815-anniversary-f-a-lange ||| error
https://watchesofmayfair.com/brand/a-lange-sohne/1815/a-lange-sohne-236-050-1815 ||| error
https://watchesofmayfair.com/brand/a-lange-sohne/1815/a-lange-sohne-730-025f-1815-tourbillon ||| error
https://watchesofmayfair.com/brand/a-lange-sohne/1815/alange-soehne-1815-233-021 ||| error
https://watchesofmayfair.com/brand/a-lange-sohne/1815/alange-soehne-1815-233-025 ||| error
https://watchesofmayfair.com/brand/a-lange-sohne/1815/alange-soehne-1815-402-032 ||| error
https://watchesofmayfair.com/brand/a-lange-sohne/1815/alange-soehne-1815-402-032f ||| error
https://watchesofmayfair.com/brand/a-lange-sohne/1815/alange-soehne-1815-402-032g ||| error
https://watchesofmayfair.com/brand/a-lange-sohne/all-alange-sohne/a-lange-sohne-grand-complication-912-032f ||| error
https://watchesofmayfair.com/brand/a-lange-sohne/lange-1/a-lange-and-sohne-181-837 ||| error
https://watchesofmayfair.com/brand/a-lange-sohne/lange-1/a-lange-sohne-113-043-little-lange-1 ||| error
https://watchesofmayfair.com/brand/a-lange-sohne/lange-1/a-lange-sohne-139-021-grand-lange-1-moon-phase ||| error
https://watchesofmayfair.com/brand/a-lange-sohne/lange-1/a-lange-sohne-139-021f-grand-lange-1-moon-phase ||| error
https://watchesofmayfair.com/brand/a-lange-sohne/lange-1/a-lange-sohne-139-021g-grand-lange-1-moon-phase ||| error
https://watchesofmayfair.com/brand/a-lange-sohne/lange-1/a-lange-sohne-139-035f-grand-lange-1-moon-phase-lumen ||| error
https://watchesofmayfair.com/brand/a-lange-sohne/lange-1/a-lange-sohne-139-035g-grand-lange-1-moon-phase-lumen ||| error
https://watchesofmayfair.com/brand/a-lange-sohne/lange-1/a-lange-sohne-grand-lange-1-25th-anniversary-117-066 ||| error
https://watchesofmayfair.com/brand/a-lange-sohne/lange-1/a-lange-sohne-grand-lange-1-moonphase-day-night-25th-anniversary-139-066 ||| error
https://watchesofmayfair.com/brand/a-lange-sohne/lange-1/a-lange-sohne-lange-1-191-028 ||| error
https://watchesofmayfair.com/brand/a-lange-sohne/lange-1/a-lange-sohne-lange-1-daymatic-320-066 ||| error
https://watchesofmayfair.com/brand/a-lange-sohne/lange-1/a-lange-sohne-lange-1-moon-phase-192-066 ||| error
https://watchesofmayfair.com/brand/a-lange-sohne/lange-1/a-lange-sohne-lange-1-moonphase-lumen-139-035 ||| error
https://watchesofmayfair.com/brand/a-lange-sohne/lange-1/a-lange-sohne-lange-1-time-zone-116-066 ||| error
https://watchesofmayfair.com/brand/a-lange-sohne/lange-1/a-lange-sohne-lange-1-tourbillon-perpetual-calendar-720-066 ||| error
https://watchesofmayfair.com/brand/a-lange-sohne/lange-1/a-lange-sohne-little-lange-1-jewelled-181-838 ||| error
https://watchesofmayfair.com/brand/a-lange-sohne/lange-1/a-lange-sohne-little-lange-1-moon-phase-182-066 ||| error
https://watchesofmayfair.com/brand/a-lange-sohne/lange-1/alange-soehne-lange-1-813-043g ||| error
https://watchesofmayfair.com/brand/a-lange-sohne/richard-lange/a-lange-sohne-252-025-richard-lange-jumping-seconds ||| error
https://watchesofmayfair.com/brand/a-lange-sohne/richard-lange/a-lange-sohne-252-025f-richard-lange-jumping-seconds ||| error
https://watchesofmayfair.com/brand/a-lange-sohne/richard-lange/a-lange-sohne-252-025g-richard-lange-jumping-seconds ||| error
https://watchesofmayfair.com/brand/a-lange-sohne/richard-lange/a-lange-sohne-richard-lange-tourbillon-pour-le-merite-760-026 ||| error
https://watchesofmayfair.com/brand/a-lange-sohne/richard-lange/a-lange-sohne-richard-lange-tourbillon-pour-le-merite-761-050 ||| error
https://watchesofmayfair.com/brand/a-lange-sohne/saxonia/a-lange-sohne-216-021-saxonia ||| error
https://watchesofmayfair.com/brand/a-lange-sohne/saxonia/a-lange-sohne-216-032-saxonia ||| error
https://watchesofmayfair.com/brand/a-lange-sohne/saxonia/a-lange-sohne-310-025fe-langematik-perpetual-calendar ||| error
https://watchesofmayfair.com/brand/a-lange-sohne/saxonia/a-lange-sohne-310-032fe-langematik-perpetual-calendar ||| error
https://watchesofmayfair.com/brand/a-lange-sohne/saxonia/a-lange-sohne-310-032ge-langematik-perpetual-calendar ||| error
https://watchesofmayfair.com/brand/a-lange-sohne/saxonia/a-lange-sohne-langematik-perpetual-honeygold-310-050 ||| error
https://watchesofmayfair.com/brand/a-lange-sohne/saxonia/a-lange-sohne-saxonia-annual-calendar-330-032ge ||| error
https://watchesofmayfair.com/brand/a-lange-sohne/saxonia/a-lange-sohne-saxonia-datograph-perpetual-tourbillon-740-056 ||| error
https://watchesofmayfair.com/brand/a-lange-sohne/saxonia/a-lange-sohne-saxonia-moon-phase-384-026g ||| error
https://watchesofmayfair.com/brand/a-lange-sohne/saxonia/a-lange-sohne-saxonia-moon-phase-384-032g ||| error
https://watchesofmayfair.com/brand/a-lange-sohne/saxonia/alange-soehne-saxonia-380-026 ||| error
https://watchesofmayfair.com/brand/a-lange-sohne/saxonia/alange-soehne-saxonia-410-032ge ||| error
https://watchesofmayfair.com/brand/a-lange-sohne/saxonia/alange-soehne-saxonia-842-032 ||| error
https://watchesofmayfair.com/brand/arnold-and-son/instrument-collection/1arap-b04a-black ||| error
https://watchesofmayfair.com/brand/arnold-and-son/instrument-collection/1arap-m06a-brown ||| error
https://watchesofmayfair.com/brand/arnold-and-son/instrument-collection/1arap-m07a-brown ||| error
https://watchesofmayfair.com/brand/arnold-and-son/instrument-collection/1arap-m08a-brown ||| error
https://watchesofmayfair.com/brand/arnold-and-son/instrument-collection/1atar-s01a-brown ||| error
https://watchesofmayfair.com/brand/arnold-and-son/instrument-collection/1dgap-w01a-brown ||| error
https://watchesofmayfair.com/brand/arnold-and-son/instrument-collection/1dtar-l01a-brown ||| error
https://watchesofmayfair.com/brand/arnold-and-son/instrument-collection/1utar-s10a-brown ||| error
https://watchesofmayfair.com/brand/arnold-and-son/instrument-collection/arnold-son-dbs-1dsap-w01a-c120p ||| error
https://watchesofmayfair.com/brand/arnold-and-son/instrument-collection/arnold-son-tb-tiger-1arap-b03a-c121p ||| error
https://watchesofmayfair.com/brand/arnold-and-son/instrument-collection/arnold-son-tbr-1aras-so1a-c121s ||| error
https://watchesofmayfair.com/brand/arnold-and-son/instrument-collection/arnold-son-time-pyramid-guilloche-1tpar-f01a-c125a ||| error
https://watchesofmayfair.com/brand/arnold-and-son/instrument-collection/arnold-son-utte-1utar-s01a-c120a ||| error
https://watchesofmayfair.com/brand/arnold-and-son/instrument-collection/arnold-son-utte-dragon-1utar-m01p-c320a ||| error
https://watchesofmayfair.com/brand/arnold-and-son/royal-collection/1ctag-s01a-black ||| error
https://watchesofmayfair.com/brand/arnold-and-son/royal-collection/1ctag-u02a-black ||| error
https://watchesofmayfair.com/brand/arnold-and-son/royal-collection/1ctar-g01a-brown ||| error
https://watchesofmayfair.com/brand/arnold-and-son/royal-collection/1ctar-u01a-brown ||| error
https://watchesofmayfair.com/brand/arnold-and-son/royal-collection/1edas-s01a-brown ||| error
https://watchesofmayfair.com/brand/arnold-and-son/royal-collection/1fcar-b01a-bottier ||| error
https://watchesofmayfair.com/brand/arnold-and-son/royal-collection/1lcap-b03a-black ||| error
https://watchesofmayfair.com/brand/arnold-and-son/royal-collection/1lcap-s07a-brown ||| error
https://watchesofmayfair.com/brand/arnold-and-son/royal-collection/1lcmp-m06a-orange ||| error
https://watchesofmayfair.com/brand/arnold-and-son/royal-collection/1pmmp-w01a-honey ||| error
https://watchesofmayfair.com/brand/arnold-and-son/royal-collection/1pmmp-w01a-red ||| error
https://watchesofmayfair.com/brand/arnold-and-son/royal-collection/1sjar-b04a-black ||| error
https://watchesofmayfair.com/brand/arnold-and-son/royal-collection/1tbas-s01a-black ||| error
https://watchesofmayfair.com/brand/arnold-and-son/royal-collection/arnold-son-hm-dragon-1lcap-m01a-c110a ||| error
https://watchesofmayfair.com/brand/arnold-and-son/royal-collection/arnold-son-hm-falcon-1lcap-m09a-c110a ||| error
https://watchesofmayfair.com/brand/arnold-and-son/royal-collection/arnold-son-hm-goats-1lcap-m07a-c110a ||| error
https://watchesofmayfair.com/brand/arnold-and-son/royal-collection/arnold-son-hm-koi-1lcap-m01a-c110a-koi ||| error
https://watchesofmayfair.com/brand/arnold-and-son/royal-collection/arnold-son-hm-pandas-1lcaw-b03a-c111w ||| error
https://watchesofmayfair.com/brand/arnold-and-son/royal-collection/arnold-son-hornet-world-timer-1h6ap-b06a-c60b ||| error
https://watchesofmayfair.com/brand/arnold-and-son/royal-collection/arnold-son-hornet-world-timer-1h6as-b05a-c79f ||| error
https://watchesofmayfair.com/brand/arnold-and-son/royal-collection/arnold-son-nebula-1near-s01a-c123a ||| error
https://watchesofmayfair.com/brand/arnold-and-son/royal-collection/arnold-son-true-moon-1tmap-u05a-c42b ||| error
https://watchesofmayfair.com/brand/arnold-and-son/royal-collection/arnold-son-true-moon-1tmas-u03a-c42b ||| error
https://watchesofmayfair.com/brand/arnold-and-son/royal-collection/arnold-son-true-moon-meteorite-1tmap-s04a-c60b ||| error
https://watchesofmayfair.com/brand/arnold-and-son/royal-collection/arnold-son-true-moon-meteorite-1tmas-s03a-c79b ||| error
https://watchesofmayfair.com/brand/baume-et-mercier/capeland-collection/baume-mercier-capeland-m0a10068 ||| error
https://watchesofmayfair.com/brand/baume-et-mercier/capeland-collection/baume-mercier-capeland-m0a10087 ||| error
https://watchesofmayfair.com/brand/baume-et-mercier/capeland-collection/baume-mercier-capeland-shelby-cobra-10281 ||| error
https://watchesofmayfair.com/brand/baume-et-mercier/capeland-collection/baume-mercier-capeland-shelby-cobra-10282 ||| error
https://watchesofmayfair.com/brand/baume-et-mercier/capeland-collection/baume-mercier-capeland-shelby-cobra-44mm-10232 ||| error
https://watchesofmayfair.com/brand/baume-et-mercier/classima-collection/baume-mercier-classima-10268 ||| error
https://watchesofmayfair.com/brand/baume-et-mercier/classima-collection/baume-mercier-classima-10271 ||| error
https://watchesofmayfair.com/brand/baume-et-mercier/classima-collection/baume-mercier-classima-55mm-8705 ||| error
https://watchesofmayfair.com/brand/baume-et-mercier/classima-collection/baume-mercier-classima-m0a10148 ||| error
https://watchesofmayfair.com/brand/baume-et-mercier/clifton-collection/baume-mercier-clifton-10253 ||| error
https://watchesofmayfair.com/brand/baume-et-mercier/clifton-collection/baume-mercier-clifton-43-mm-10449 ||| error
https://watchesofmayfair.com/brand/baume-et-mercier/clifton-collection/baume-mercier-clifton-43-mm-10450 ||| error
https://watchesofmayfair.com/brand/baume-et-mercier/clifton-collection/baume-mercier-clifton-m0a10060 ||| error
https://watchesofmayfair.com/brand/baume-et-mercier/clifton-collection/baume-mercier-clifton-m0a10143 ||| error
https://watchesofmayfair.com/brand/baume-et-mercier/clifton-collection/baume-mercier-clifton-m0a10195 ||| error
https://watchesofmayfair.com/brand/baume-et-mercier/hampton-collection/baume-mercier-hampton-m0a10032 ||| error
https://watchesofmayfair.com/brand/baume-et-mercier/hampton-collection/baume-mercier-hampton-milleis-m0a08506 ||| error
https://watchesofmayfair.com/brand/baume-et-mercier/linea-collection/baume-mercier-linea-m0a10118 ||| error
https://watchesofmayfair.com/brand/baume-et-mercier/linea-collection/baume-mercier-linea-m0a10119 ||| error
https://watchesofmayfair.com/brand/baume-et-mercier/promesse-collection/baume-mercier-promesse-m0a10185 ||| error
https://watchesofmayfair.com/brand/bell-ross/all-bell-ross-watches/bell-ross-br-01-92-steel-br0192-bl-st ||| error
https://watchesofmayfair.com/brand/bell-ross/all-bell-ross-watches/bell-ross-br-01-laughing-skull-light-diamond-46-mm-br01-skull-sk-lgd ||| error
https://watchesofmayfair.com/brand/bell-ross/all-bell-ross-watches/bell-ross-br-03-92-type-aviation-carbon-br0392-avia-ca ||| error
https://watchesofmayfair.com/brand/bell-ross/all-bell-ross-watches/bell-ross-br-03-92-type-aviation-steel-br0392-avia-st ||| error
https://watchesofmayfair.com/brand/bell-ross/all-bell-ross-watches/bell-ross-br-03-94-r-s-20-chronograph-42-mm-br0394-rs20-srb ||| error
https://watchesofmayfair.com/brand/bell-ross/all-bell-ross-watches/bell-ross-br-05-blue-gold-40-mm-br05a-blu-pg-spg ||| error
https://watchesofmayfair.com/brand/bell-ross/all-bell-ross-watches/bell-ross-br-05-blue-gold-40-mm-br05a-blu-pg-srb ||| error
https://watchesofmayfair.com/brand/bell-ross/all-bell-ross-watches/bell-ross-br-05-chrono-black-steel-42-mm-br05c-bl-st-srb ||| error
https://watchesofmayfair.com/brand/bell-ross/all-bell-ross-watches/bell-ross-br-05-chrono-blue-steel-42-mm-br05c-bu-st-srb ||| error
https://watchesofmayfair.com/brand/bell-ross/all-bell-ross-watches/bell-ross-br-s-92-blue-steel-39-mm-brs92-blu-st-scr ||| error
https://watchesofmayfair.com/brand/bell-ross/all-bell-ross-watches/bell-ross-br-s-green-camo-diamonds-39-mm-brs-ck-st-lgd-sca ||| error
https://watchesofmayfair.com/brand/bell-ross/all-bell-ross-watches/bell-ross-br-s-grey-diamond-eagle-diamonds-39-mm-brs-eru-st-lgd-sca ||| error
https://watchesofmayfair.com/brand/bell-ross/all-bell-ross-watches/bell-ross-br-s-pink-diamond-eagle-diamonds-39-mm-brs-ep-st-lgd-scr ||| error
https://watchesofmayfair.com/brand/bell-ross/all-bell-ross-watches/bell-ross-br-x1-chronograph-wood-45-mm-brx1-wd-ti ||| error
https://watchesofmayfair.com/brand/bell-ross/all-bell-ross-watches/bell-ross-br-x1-military-chronograph-45-mm-brx1-ce-ti-mil ||| error
https://watchesofmayfair.com/brand/bell-ross/all-bell-ross-watches/bell-ross-br-x1-tourbillon-45-mm-brx1-chtb-rs18 ||| error
https://watchesofmayfair.com/brand/bell-ross/all-bell-ross-watches/bell-ross-br-x1-tourbillon-r-s-20-45-mm-brx1-rs20-srb ||| error
https://watchesofmayfair.com/brand/bell-ross/all-bell-ross-watches/bell-ross-br-x1-tourbillon-white-hawk-45-mm-brx1-chtb-whc ||| error
https://watchesofmayfair.com/brand/bell-ross/all-bell-ross-watches/bell-ross-br-x2-skeleton-tourbillon-micro-rotor-brx2-mrtb-sk-st ||| error
https://watchesofmayfair.com/brand/bell-ross/all-bell-ross-watches/bell-ross-tourbillon-micro-rotor-42-5-mm-brx2-mrtb-st ||| error
https://watchesofmayfair.com/brand/bell-ross/aviation-collection/bell-ross-br-03-92-carbon-orange-aviation-br0392-o-ca ||| error
https://watchesofmayfair.com/brand/bell-ross/vintage-collection/bell-ross-br-126-vintage-original-brv126-bl-ca-srb ||| error
https://watchesofmayfair.com/brand/bell-ross/vintage-collection/bell-ross-br-v2-92-military-green-41-mm-brv292-mka-st-sst ||| error
https://watchesofmayfair.com/brand/bell-ross/vintage-collection/bell-ross-br-v2-93-gmt-blue-41-mm-brv293-blu-st-sf ||| error
https://watchesofmayfair.com/brand/bell-ross/vintage-collection/bell-ross-br-v3-94-r-s-19-43-mm-brv394-rs19-sst ||| error
https://watchesofmayfair.com/brand/bell-ross/vintage-collection/bell-ross-br-v3-94-r-s-20-43-mm-brv394-rs20-sst ||| error
https://watchesofmayfair.com/brand/bell-ross/vintage-collection/bell-ross-vintage-br-v2-92-military-beige-41-mm-brv292-bei-st-sst ||| error
https://watchesofmayfair.com/brand/bigli/mini-sweety-collection/bigli-mini-sweety-earrings-23o55rbrdia ||| error
https://watchesofmayfair.com/brand/bigli/mini-sweety-collection/bigli-mini-sweety-pendant-20r93rpmpdia ||| error
https://watchesofmayfair.com/brand/bigli/mini-sweety-collection/bigli-mini-sweety-rose-gold-brown-diamond-pendant-23h40rbrdia-45 ||| error
https://watchesofmayfair.com/brand/bigli/mini-sweety-collection/bigli-mini-sweety-rose-gold-brown-diamond-pendant-23h41rbrdia-45 ||| error
https://watchesofmayfair.com/brand/bigli/mini-sweety-collection/bigli-mini-sweety-white-and-rose-gold-diamond-pendant-23h41rwdia-45 ||| error
https://watchesofmayfair.com/brand/bigli/mini-sweety-collection/bigli-mini-sweety-white-gold-diamond-pendant-20h38w-45 ||| error
https://watchesofmayfair.com/brand/bigli/mini-sweety-collection/bigli-mini-sweety-white-gold-diamond-pendant-20h47wdia-45 ||| error
https://watchesofmayfair.com/brand/bigli/mini-sweety-collection/bigli-mini-sweety-white-gold-diamond-pendant-23h40wdia-45 ||| error
https://watchesofmayfair.com/brand/blancpain/fifty-fathoms-collection/blancpain-bathyscaphe-chronograph-flyback-ocean-commitment-5200-0310-naga ||| error
https://watchesofmayfair.com/brand/blancpain/villeret-collection/blancpain-0151a-3631-00a ||| error
https://watchesofmayfair.com/brand/blancpain/villeret-collection/blancpain-montre-de-poche-demi-savonnette-0151-3631-00a ||| error
https://watchesofmayfair.com/brand/blancpain/villeret-collection/blancpain-villeret-gmt-40mm-6662-3642-mmb ||| error
