https://alpinawatches.com/products/alpiner-4-automatic-ref-al-525bs5aq6b ||| http://cdn.shopify.com/s/files/1/0326/7942/8234/products/front_AL-525BS5AQ6B_Web_1024x.png ||| /Users/lcchai/Work/assets/official/alpina/front_AL-525BS5AQ6B_Web_1024x.png
https://alpinawatches.com/products/alpiner-4-automatic-ref-al-525ns5aq6 ||| http://cdn.shopify.com/s/files/1/0326/7942/8234/products/front_AL-525NS5AQ6_Web_1024x.png ||| /Users/lcchai/Work/assets/official/alpina/front_AL-525NS5AQ6_Web_1024x.png
https://alpinawatches.com/products/alpiner-comtesse-glacier-blue-and-white-2-parts-case-alpina-watches ||| http://cdn.shopify.com/s/files/1/0326/7942/8234/products/AL-286DND3C6B_1024x.jpg ||| /Users/lcchai/Work/assets/official/alpina/AL-286DND3C6B_1024x.jpg
https://alpinawatches.com/products/alpiner-comtesse-sport-quartz-al-240bsd3fbc6b ||| http://cdn.shopify.com/s/files/1/0326/7942/8234/products/Front_AL-240BD3FBC6B_Web_1024x.png ||| /Users/lcchai/Work/assets/official/alpina/Front_AL-240BD3FBC6B_Web_1024x.png
https://alpinawatches.com/products/alpiner-comtesse-sport-quartz-al-240nd3c6b ||| http://cdn.shopify.com/s/files/1/0326/7942/8234/products/front_AL-240ND3C6B_Web_1024x.png ||| /Users/lcchai/Work/assets/official/alpina/front_AL-240ND3C6B_Web_1024x.png
https://alpinawatches.com/products/alpiner-comtesse-sport-quartz-al-240sd3c6b ||| http://cdn.shopify.com/s/files/1/0326/7942/8234/products/front_AL-240SD3C6B_Web_1024x.png ||| /Users/lcchai/Work/assets/official/alpina/front_AL-240SD3C6B_Web_1024x.png
https://alpinawatches.com/products/alpiner-quartz-gmt-ref-al-247gb4e6b ||| http://cdn.shopify.com/s/files/1/0326/7942/8234/products/front_AL-247GB4E6B_Web_1024x.png ||| /Users/lcchai/Work/assets/official/alpina/front_AL-247GB4E6B_Web_1024x.png
https://alpinawatches.com/products/alpiner-quartz-gmt-ref-al-247nb4e6 ||| http://cdn.shopify.com/s/files/1/0326/7942/8234/products/front_AL-247NB4E6_Web_1024x.png ||| /Users/lcchai/Work/assets/official/alpina/front_AL-247NB4E6_Web_1024x.png
https://alpinawatches.com/products/alpiner-quartz-gmt-ref-al-247nb4e6b ||| http://cdn.shopify.com/s/files/1/0326/7942/8234/products/front_AL-247NB4E6B_Web_1024x.png ||| /Users/lcchai/Work/assets/official/alpina/front_AL-247NB4E6B_Web_1024x.png
https://alpinawatches.com/products/alpiner-quartz-ref-al-240gs4e6b ||| http://cdn.shopify.com/s/files/1/0326/7942/8234/products/AL-240GS4E6B_1024x.jpg ||| /Users/lcchai/Work/assets/official/alpina/AL-240GS4E6B_1024x.jpg
https://alpinawatches.com/products/alpiner-quartz-ref-al-240ns4e6 ||| http://cdn.shopify.com/s/files/1/0326/7942/8234/products/Front_AL-240NS4E6_Web_1024x.png ||| /Users/lcchai/Work/assets/official/alpina/Front_AL-240NS4E6_Web_1024x.png
https://alpinawatches.com/products/alpiner-regulator-automatic-br-black-dial-al-650bss5e6b ||| http://cdn.shopify.com/s/files/1/0326/7942/8234/products/AL-650BSS5E6B_1024x.jpg ||| /Users/lcchai/Work/assets/official/alpina/AL-650BSS5E6B_1024x.jpg
https://alpinawatches.com/products/alpiner-regulator-automatic-br-black-dial-br-black-al-650bbs5e6 ||| http://cdn.shopify.com/s/files/1/0326/7942/8234/products/AL-650BBS5E6_1024x.jpg ||| /Users/lcchai/Work/assets/official/alpina/AL-650BBS5E6_1024x.jpg
https://alpinawatches.com/products/alpiner-regulator-automatic-br-dark-blue-al-650nss5e6b ||| http://cdn.shopify.com/s/files/1/0326/7942/8234/products/AL-650NSS5E6B_1024x.jpg ||| /Users/lcchai/Work/assets/official/alpina/AL-650NSS5E6B_1024x.jpg
https://alpinawatches.com/products/alpiner-regulator-automatic-br-dark-blue-br-black-br-limited-to-883-pieces-al-650nssr5e6 ||| http://cdn.shopify.com/s/files/1/0326/7942/8234/products/AL-650NSSR5E6_1024x.jpg ||| /Users/lcchai/Work/assets/official/alpina/AL-650NSSR5E6_1024x.jpg
https://alpinawatches.com/products/alpiner-regulator-automatic-br-dark-blue-br-brown-al-650nns5e6 ||| http://cdn.shopify.com/s/files/1/0326/7942/8234/products/AL-650NNS5E6_1024x.jpg ||| /Users/lcchai/Work/assets/official/alpina/AL-650NNS5E6_1024x.jpg
https://alpinawatches.com/products/alpinerx-135-years-special-edition ||| http://cdn.shopify.com/s/files/1/0326/7942/8234/products/AL_AlpinerX_135_Anniversary_IPhoneX_1024x.png ||| /Users/lcchai/Work/assets/official/alpina/AL_AlpinerX_135_Anniversary_IPhoneX_1024x.png
https://alpinawatches.com/products/alpinerx-alive-br-black-black ||| http://cdn.shopify.com/s/files/1/0326/7942/8234/products/Front_AL-284LBBW5NAQ6_Web_f07b8b89-5b24-46db-aee3-dc8fd72244a7_1024x.png ||| /Users/lcchai/Work/assets/official/alpina/Front_AL-284LBBW5NAQ6_Web_f07b8b89-5b24-46db-aee3-dc8fd72244a7_1024x.png
https://alpinawatches.com/products/alpinerx-alive-br-blue-blue ||| http://cdn.shopify.com/s/files/1/0326/7942/8234/products/Front_AL-284LNNR5SSAQ6L_Web_1024x.png ||| /Users/lcchai/Work/assets/official/alpina/Front_AL-284LNNR5SSAQ6L_Web_1024x.png
https://alpinawatches.com/products/alpinerx-alive-br-red-blue ||| http://cdn.shopify.com/s/files/1/0326/7942/8234/products/Front_AL-284LNRW5NAQ6_Web_0702e338-c79e-4587-9686-c7abaade422f_1024x.png ||| /Users/lcchai/Work/assets/official/alpina/Front_AL-284LNRW5NAQ6_Web_0702e338-c79e-4587-9686-c7abaade422f_1024x.png
https://alpinawatches.com/products/alpinerx-alive-titanium-black-titanium ||| http://cdn.shopify.com/s/files/1/0326/7942/8234/products/Front_AL-284LBBW5TAQ1B_Web_e6069713-64cd-419a-8e41-58d49cc37ba0_1024x.png ||| /Users/lcchai/Work/assets/official/alpina/Front_AL-284LBBW5TAQ1B_Web_e6069713-64cd-419a-8e41-58d49cc37ba0_1024x.png
https://alpinawatches.com/products/alpinerx-alive-titanium-blue-blue ||| http://cdn.shopify.com/s/files/1/0326/7942/8234/products/Front_AL-284LNN5TAQ1_Web_246c570e-53c6-4912-8354-36f227dffcfb_1024x.png ||| /Users/lcchai/Work/assets/official/alpina/Front_AL-284LNN5TAQ1_Web_246c570e-53c6-4912-8354-36f227dffcfb_1024x.png
https://alpinawatches.com/products/alpinerx-alive-titanium-grey-brown ||| http://cdn.shopify.com/s/files/1/0326/7942/8234/products/Front_AL-284LGGN5TAQ1L_Web_5717932c-2614-4632-9081-2be3c67982d0_1024x.png ||| /Users/lcchai/Work/assets/official/alpina/Front_AL-284LGGN5TAQ1L_Web_5717932c-2614-4632-9081-2be3c67982d0_1024x.png
https://alpinawatches.com/products/alpinerx-freeride-world-tour-safety-package-limited-to-25-pieces-al-283fwt5aq6 ||| http://cdn.shopify.com/s/files/1/0326/7942/8234/products/AL-GIFTBOX-FWT_1_Photo_Eric_Rossier_SD-1_1024x.jpg ||| /Users/lcchai/Work/assets/official/alpina/AL-GIFTBOX-FWT_1_Photo_Eric_Rossier_SD-1_1024x.jpg
https://alpinawatches.com/products/alpinerx-ref-al-283lbbw5aq6 ||| http://cdn.shopify.com/s/files/1/0326/7942/8234/products/AL-283LBBW5AQ6_1024x.jpg ||| /Users/lcchai/Work/assets/official/alpina/AL-283LBBW5AQ6_1024x.jpg
https://alpinawatches.com/products/alpinerx-ref-al-283lbn5naq6 ||| http://cdn.shopify.com/s/files/1/0326/7942/8234/products/AL-283LBN5NAQ6_1024x.jpg ||| /Users/lcchai/Work/assets/official/alpina/AL-283LBN5NAQ6_1024x.jpg
https://alpinawatches.com/products/alpinerx-ref-al-283lbo5aq6 ||| http://cdn.shopify.com/s/files/1/0326/7942/8234/products/AL-283LBO5AQ6_1024x.jpg ||| /Users/lcchai/Work/assets/official/alpina/AL-283LBO5AQ6_1024x.jpg
https://alpinawatches.com/products/alpinerx-smart-outdoors-freeride-world-tour-special-edition ||| http://cdn.shopify.com/s/files/1/0326/7942/8234/products/Front_AL-283FWT5NAQ6_Web_1024x.jpg ||| /Users/lcchai/Work/assets/official/alpina/Front_AL-283FWT5NAQ6_Web_1024x.jpg
https://alpinawatches.com/products/alpinerx-special-edition-freeride-world-tour-ref-al-283fwt5saq6 ||| http://cdn.shopify.com/s/files/1/0326/7942/8234/products/AL-283FWT5SAQ6_iPhoneX_1024x.png ||| /Users/lcchai/Work/assets/official/alpina/AL-283FWT5SAQ6_iPhoneX_1024x.png
https://alpinawatches.com/products/alpinerx-special-edition-michael-goulian-ref-al-283mgy5aq6 ||| http://cdn.shopify.com/s/files/1/0326/7942/8234/products/AL-283MGY5AQ6_1024x.png ||| /Users/lcchai/Work/assets/official/alpina/AL-283MGY5AQ6_1024x.png
https://alpinawatches.com/products/comtesse-ref-al-240mpbd2c6b ||| http://cdn.shopify.com/s/files/1/0326/7942/8234/products/AL-240MPBD2C6B_1024x.jpg ||| /Users/lcchai/Work/assets/official/alpina/AL-240MPBD2C6B_1024x.jpg
https://alpinawatches.com/products/comtesse-ref-al-240mpw2c6b ||| http://cdn.shopify.com/s/files/1/0326/7942/8234/products/front_AL-240MPW2C6B_Web_1024x.png ||| /Users/lcchai/Work/assets/official/alpina/front_AL-240MPW2C6B_Web_1024x.png
https://alpinawatches.com/products/comtesse-ref-al-240mpwd2c3b ||| http://cdn.shopify.com/s/files/1/0326/7942/8234/products/AL-240MPWD2C3B_1024x.jpg ||| /Users/lcchai/Work/assets/official/alpina/AL-240MPWD2C3B_1024x.jpg
https://alpinawatches.com/products/seastrong-diver-300-ref-al-525lbbr4v4 ||| http://cdn.shopify.com/s/files/1/0326/7942/8234/products/front_AL-525LBBR4V4_Web_1024x.png ||| /Users/lcchai/Work/assets/official/alpina/front_AL-525LBBR4V4_Web_1024x.png
https://alpinawatches.com/products/seastrong-diver-300-ref-al-525lbn4v6b ||| http://cdn.shopify.com/s/files/1/0326/7942/8234/products/front_AL-525LBN4V6B_Web_1024x.png ||| /Users/lcchai/Work/assets/official/alpina/front_AL-525LBN4V6B_Web_1024x.png
https://alpinawatches.com/products/seastrong-diver-300-ref-al-525lgg4tv6 ||| http://cdn.shopify.com/s/files/1/0326/7942/8234/products/front_AL-525LGG4TV6_Web_1024x.png ||| /Users/lcchai/Work/assets/official/alpina/front_AL-525LGG4TV6_Web_1024x.png
https://alpinawatches.com/products/seastrong-diver-300-ref-al-525lggw4tv6 ||| http://cdn.shopify.com/s/files/1/0326/7942/8234/products/front_AL-525LGGW4TV6_Web_1024x.png ||| /Users/lcchai/Work/assets/official/alpina/front_AL-525LGGW4TV6_Web_1024x.png
https://alpinawatches.com/products/seastrong-diver-300-ref-al-525lnn4tv6 ||| http://cdn.shopify.com/s/files/1/0326/7942/8234/products/front_AL-525LNN4TV6_Web_1024x.png ||| /Users/lcchai/Work/assets/official/alpina/front_AL-525LNN4TV6_Web_1024x.png
https://alpinawatches.com/products/seastrong-diver-comtesse-navy ||| http://cdn.shopify.com/s/files/1/0326/7942/8234/products/Front_AL-240MPN2VC6B_Web_1024x.png ||| /Users/lcchai/Work/assets/official/alpina/Front_AL-240MPN2VC6B_Web_1024x.png
https://alpinawatches.com/products/seastrong-diver-comtesse-navy-1 ||| http://cdn.shopify.com/s/files/1/0326/7942/8234/products/Front_AL-240MPN2VC6_Web_1024x.png ||| /Users/lcchai/Work/assets/official/alpina/Front_AL-240MPN2VC6_Web_1024x.png
https://alpinawatches.com/products/seastrong-diver-comtesse-white ||| http://cdn.shopify.com/s/files/1/0326/7942/8234/products/front_AL-240MPW2VC6B_Web_1024x.png ||| /Users/lcchai/Work/assets/official/alpina/front_AL-240MPW2VC6B_Web_1024x.png
https://alpinawatches.com/products/seastrong-diver-comtesse-white-1 ||| http://cdn.shopify.com/s/files/1/0326/7942/8234/products/front_AL-240MPW2VC6_Web_1024x.png ||| /Users/lcchai/Work/assets/official/alpina/front_AL-240MPW2VC6_Web_1024x.png
https://alpinawatches.com/products/seastrong-diver-gmt-ref-al-247lgg4tv6 ||| http://cdn.shopify.com/s/files/1/0326/7942/8234/products/front_AL-247LGG4TV6_Web_1024x.png ||| /Users/lcchai/Work/assets/official/alpina/front_AL-247LGG4TV6_Web_1024x.png
https://alpinawatches.com/products/seastrong-diver-gmt-ref-al-247lnn4tv6 ||| http://cdn.shopify.com/s/files/1/0326/7942/8234/products/front_AL-247LNN4TV6_Web_1024x.png ||| /Users/lcchai/Work/assets/official/alpina/front_AL-247LNN4TV6_Web_1024x.png
https://alpinawatches.com/products/seastrong-diver-gmt-ref-al-247lno4tv6 ||| http://cdn.shopify.com/s/files/1/0326/7942/8234/products/front_AL-247LNO4TV6_Web_1024x.png ||| /Users/lcchai/Work/assets/official/alpina/front_AL-247LNO4TV6_Web_1024x.png
https://alpinawatches.com/products/seastrong-diver-gyre-gents-automatic-blue ||| http://cdn.shopify.com/s/files/1/0326/7942/8234/products/front_AL-525LNB4VG6_Web_1024x.png ||| /Users/lcchai/Work/assets/official/alpina/front_AL-525LNB4VG6_Web_1024x.png
https://alpinawatches.com/products/seastrong-diver-gyre-gents-automatic-blue-1 ||| http://cdn.shopify.com/s/files/1/0326/7942/8234/products/front_AL-525LNB4VG6BLK_Web_1024x.png ||| /Users/lcchai/Work/assets/official/alpina/front_AL-525LNB4VG6BLK_Web_1024x.png
https://alpinawatches.com/products/seastrong-diver-gyre-gents-automatic-smoked-blue ||| http://cdn.shopify.com/s/files/1/0326/7942/8234/products/front_AL-525LNSB4VG6_Web_1024x.png ||| /Users/lcchai/Work/assets/official/alpina/front_AL-525LNSB4VG6_Web_1024x.png
https://alpinawatches.com/products/seastrong-diver-gyre-ladies-automatic-br-blue ||| http://cdn.shopify.com/s/files/1/0326/7942/8234/products/front_AL-525LNSB3VG6_Web_1024x.png ||| /Users/lcchai/Work/assets/official/alpina/front_AL-525LNSB3VG6_Web_1024x.png
https://alpinawatches.com/products/seastrong-diver-gyre-ladies-automatic-br-light-blue ||| http://cdn.shopify.com/s/files/1/0326/7942/8234/products/front_AL-525LMPLNB3VG6_Web_1024x.png ||| /Users/lcchai/Work/assets/official/alpina/front_AL-525LMPLNB3VG6_Web_1024x.png
https://alpinawatches.com/products/seastrong-diver-heritage-ref-al-525br4h4 ||| http://cdn.shopify.com/s/files/1/0326/7942/8234/products/AL-525BR4H4_1024x.jpg ||| /Users/lcchai/Work/assets/official/alpina/AL-525BR4H4_1024x.jpg
https://alpinawatches.com/products/seastrong-diver-heritage-ref-al-525brc4h4 ||| http://cdn.shopify.com/s/files/1/0326/7942/8234/products/front_AL-525BRC4H4_Web_1024x.png ||| /Users/lcchai/Work/assets/official/alpina/front_AL-525BRC4H4_Web_1024x.png
https://alpinawatches.com/products/seastrong-diver-heritage-ref-al-525g4h6 ||| http://cdn.shopify.com/s/files/1/0326/7942/8234/products/AL-525G4H6_1024x.jpg ||| /Users/lcchai/Work/assets/official/alpina/AL-525G4H6_1024x.jpg
https://alpinawatches.com/products/seastrong-diver-heritage-ref-al-525s4h6 ||| http://cdn.shopify.com/s/files/1/0326/7942/8234/products/front_AL-525S4H6_Web_1024x.png ||| /Users/lcchai/Work/assets/official/alpina/front_AL-525S4H6_Web_1024x.png
https://alpinawatches.com/products/seastrong-horological-smartwatch-ref-al-282lbb4v6 ||| http://cdn.shopify.com/s/files/1/0326/7942/8234/products/AL-282LBB4V6_1024x.jpg ||| /Users/lcchai/Work/assets/official/alpina/AL-282LBB4V6_1024x.jpg
https://alpinawatches.com/products/startimer-pilot-automatic-br-dark-grey ||| http://cdn.shopify.com/s/files/1/0326/7942/8234/products/AL-525G3S4_1024x.jpg ||| /Users/lcchai/Work/assets/official/alpina/AL-525G3S4_1024x.jpg
https://alpinawatches.com/products/startimer-pilot-automatic-br-dark-grey-1 ||| http://cdn.shopify.com/s/files/1/0326/7942/8234/products/front_AL-525G4TS6_Web_1024x.png ||| /Users/lcchai/Work/assets/official/alpina/front_AL-525G4TS6_Web_1024x.png
https://alpinawatches.com/products/startimer-pilot-automatic-br-navy-blue ||| http://cdn.shopify.com/s/files/1/0326/7942/8234/products/front_AL-525NN3S4_Web_1024x.png ||| /Users/lcchai/Work/assets/official/alpina/front_AL-525NN3S4_Web_1024x.png
https://alpinawatches.com/products/startimer-pilot-automatic-br-navy-blue-dial ||| http://cdn.shopify.com/s/files/1/0326/7942/8234/products/front_AL-525NN3S6_Web_1024x.png ||| /Users/lcchai/Work/assets/official/alpina/front_AL-525NN3S6_Web_1024x.png
https://alpinawatches.com/products/startimer-pilot-automatic-br-white ||| http://cdn.shopify.com/s/files/1/0326/7942/8234/products/front_AL-525S3S6_Web_1024x.png ||| /Users/lcchai/Work/assets/official/alpina/front_AL-525S3S6_Web_1024x.png
https://alpinawatches.com/products/startimer-pilot-automatic-ref-al-525g4ts6 ||| http://cdn.shopify.com/s/files/1/0326/7942/8234/products/AL-525G4TS6_1024x.jpg ||| /Users/lcchai/Work/assets/official/alpina/AL-525G4TS6_1024x.jpg
https://alpinawatches.com/products/startimer-pilot-automatic-ref-al-525nn4s6 ||| http://cdn.shopify.com/s/files/1/0326/7942/8234/products/front_AL-525NN4S6_Web_1024x.png ||| /Users/lcchai/Work/assets/official/alpina/front_AL-525NN4S6_Web_1024x.png
https://alpinawatches.com/products/startimer-pilot-automatic-ref-al-525s4s6 ||| http://cdn.shopify.com/s/files/1/0326/7942/8234/products/front_AL-525S4S6_Web_1024x.png ||| /Users/lcchai/Work/assets/official/alpina/front_AL-525S4S6_Web_1024x.png
https://alpinawatches.com/products/startimer-pilot-big-date-chronograph-military-ref-al-372gr4fbs6 ||| http://cdn.shopify.com/s/files/1/0326/7942/8234/products/front_AL-372GR4FBS6_Web_1024x.png ||| /Users/lcchai/Work/assets/official/alpina/front_AL-372GR4FBS6_Web_1024x.png
https://alpinawatches.com/products/startimer-pilot-big-date-ref-al-372n4s6 ||| http://cdn.shopify.com/s/files/1/0326/7942/8234/products/front_AL-372N4S6_Web_1024x.png ||| /Users/lcchai/Work/assets/official/alpina/front_AL-372N4S6_Web_1024x.png
https://alpinawatches.com/products/startimer-pilot-chronograph-quartz-ref-al-371nn4s6b ||| http://cdn.shopify.com/s/files/1/0326/7942/8234/products/AL-371NN4S6B_1024x.jpg ||| /Users/lcchai/Work/assets/official/alpina/AL-371NN4S6B_1024x.jpg
https://alpinawatches.com/products/startimer-pilot-heritage-automatic ||| http://cdn.shopify.com/s/files/1/0326/7942/8234/products/front_AL-525BBG4SH6_Web_1024x.png ||| /Users/lcchai/Work/assets/official/alpina/front_AL-525BBG4SH6_Web_1024x.png
https://alpinawatches.com/products/startimer-pilot-heritage-chronograph-ref-al-727lnn4h6 ||| http://cdn.shopify.com/s/files/1/0326/7942/8234/products/AL-727LNN4H6_1024x.jpg ||| /Users/lcchai/Work/assets/official/alpina/AL-727LNN4H6_1024x.jpg
https://alpinawatches.com/products/startimer-pilot-heritage-chronograph-ref-al-727lns4h6 ||| http://cdn.shopify.com/s/files/1/0326/7942/8234/products/AL-727LNS4H6_1024x.jpg ||| /Users/lcchai/Work/assets/official/alpina/AL-727LNS4H6_1024x.jpg
https://alpinawatches.com/products/startimer-pilot-heritage-chronograph-ref-al-727ss4h6 ||| http://cdn.shopify.com/s/files/1/0326/7942/8234/products/AL-727SS4H6_1024x.jpg ||| /Users/lcchai/Work/assets/official/alpina/AL-727SS4H6_1024x.jpg
https://alpinawatches.com/products/startimer-pilot-heritage-ref-al-555dgs4h6 ||| http://cdn.shopify.com/s/files/1/0326/7942/8234/products/AL-555DGS4H6_1024x.jpg ||| /Users/lcchai/Work/assets/official/alpina/AL-555DGS4H6_1024x.jpg
https://alpinawatches.com/products/startimer-pilot-quartz-ref-al-240s4s6 ||| http://cdn.shopify.com/s/files/1/0326/7942/8234/products/front_AL-240S4S6_Web_1024x.png ||| /Users/lcchai/Work/assets/official/alpina/front_AL-240S4S6_Web_1024x.png
https://alpinawatches.com/products/startimerx-balance-al-187b4s6 ||| http://cdn.shopify.com/s/files/1/0326/7942/8234/products/AL-187B4S6_1024x.jpg ||| /Users/lcchai/Work/assets/official/alpina/AL-187B4S6_1024x.jpg
https://alpinawatches.com/products/startimerx-balance-al-187bbg4s6 ||| http://cdn.shopify.com/s/files/1/0326/7942/8234/products/AL-187BBG4S6_1024x.jpg ||| /Users/lcchai/Work/assets/official/alpina/AL-187BBG4S6_1024x.jpg
https://alpinawatches.com/products/startimerx-balance-al-187bln4s6 ||| http://cdn.shopify.com/s/files/1/0326/7942/8234/products/AL-187BLN4S6_1024x.jpg ||| /Users/lcchai/Work/assets/official/alpina/AL-187BLN4S6_1024x.jpg
https://alpinawatches.com/products/startimerx-balance-al-187bp4s6 ||| http://cdn.shopify.com/s/files/1/0326/7942/8234/products/AL-187BP4S6_1024x.jpg ||| /Users/lcchai/Work/assets/official/alpina/AL-187BP4S6_1024x.jpg
https://alpinawatches.com/products/startimerx-balance-al-187bppl4s6 ||| http://cdn.shopify.com/s/files/1/0326/7942/8234/products/AL-187BPPL4S6_1024x.jpg ||| /Users/lcchai/Work/assets/official/alpina/AL-187BPPL4S6_1024x.jpg
https://alpinawatches.com/products/startimerx-balance-al-187bw4s6 ||| http://cdn.shopify.com/s/files/1/0326/7942/8234/products/AL-187BW4S6_1024x.jpg ||| /Users/lcchai/Work/assets/official/alpina/AL-187BW4S6_1024x.jpg
https://alpinawatches.com/products/startimerx-balance-ref-al-187n4s6 ||| http://cdn.shopify.com/s/files/1/0326/7942/8234/products/AL-187N4S6_1024x.jpg ||| /Users/lcchai/Work/assets/official/alpina/AL-187N4S6_1024x.jpg
