https://shop.ballwatch.ch/en/AeroGMTII40?model=DG2118C-S11C-BE ||| https://d23pdvlemoiqdt.cloudfront.net/cache/pbuilder_images/622/622_38031_38033_38038_day_v1-755x940.png ||| /Users/lcchai/Work/assets/official/ball/622_38031_38033_38038_day_v1-755x940.png
https://shop.ballwatch.ch/en/AeroGMTII40?model=DG2118C-S3C-BE ||| https://d23pdvlemoiqdt.cloudfront.net/cache/pbuilder_images/622/622_38030_38033_38038_day_v1-755x940.png ||| /Users/lcchai/Work/assets/official/ball/622_38030_38033_38038_day_v1-755x940.png
https://shop.ballwatch.ch/en/AeroGMTII40?model=DG2118C-S9C-BE ||| https://d23pdvlemoiqdt.cloudfront.net/cache/pbuilder_images/622/622_38033_38038_40125_day_v1-755x940.png ||| /Users/lcchai/Work/assets/official/ball/622_38033_38038_40125_day_v1-755x940.png
https://shop.ballwatch.ch/en/AeroGMTII?model=DG2018C-P10C-BE ||| https://d23pdvlemoiqdt.cloudfront.net/cache/pbuilder_images/616/616_38024_38032_38042_day_v1-755x940.png ||| /Users/lcchai/Work/assets/official/ball/616_38024_38032_38042_day_v1-755x940.png
https://shop.ballwatch.ch/en/AeroGMTII?model=DG2018C-P11C-BE ||| https://d23pdvlemoiqdt.cloudfront.net/cache/pbuilder_images/616/616_38023_38032_38042_day_v1-755x940.png ||| /Users/lcchai/Work/assets/official/ball/616_38023_38032_38042_day_v1-755x940.png
https://shop.ballwatch.ch/en/AeroGMTII?model=DG2018C-P3C-BE ||| https://d23pdvlemoiqdt.cloudfront.net/cache/pbuilder_images/616/616_38027_38032_38042_day_v1-755x940.png ||| /Users/lcchai/Work/assets/official/ball/616_38027_38032_38042_day_v1-755x940.png
https://shop.ballwatch.ch/en/AeroGMTII?model=DG2018C-P4C-BE ||| https://d23pdvlemoiqdt.cloudfront.net/cache/pbuilder_images/616/616_38028_38032_38042_day_v1-755x940.png ||| /Users/lcchai/Work/assets/official/ball/616_38028_38032_38042_day_v1-755x940.png
https://shop.ballwatch.ch/en/AeroGMTII?model=DG2018C-P9C-BE ||| https://d23pdvlemoiqdt.cloudfront.net/cache/pbuilder_images/616/616_38029_38032_38042_day_v1-755x940.png ||| /Users/lcchai/Work/assets/official/ball/616_38029_38032_38042_day_v1-755x940.png
https://shop.ballwatch.ch/en/AeroGMTII?model=DG2018C-PC-BE ||| https://d23pdvlemoiqdt.cloudfront.net/cache/pbuilder_images/616/616_38026_38032_38042_day_v1-755x940.png ||| /Users/lcchai/Work/assets/official/ball/616_38026_38032_38042_day_v1-755x940.png
https://shop.ballwatch.ch/en/AeroGMTII?model=DG2018C-S10C-BE ||| https://d23pdvlemoiqdt.cloudfront.net/cache/pbuilder_images/616/616_38024_38034_38042_day_v1-755x940.png ||| /Users/lcchai/Work/assets/official/ball/616_38024_38034_38042_day_v1-755x940.png
https://shop.ballwatch.ch/en/AeroGMTII?model=DG2018C-S11C-BE ||| https://d23pdvlemoiqdt.cloudfront.net/cache/pbuilder_images/616/616_38023_38034_38042_day_v1-755x940.png ||| /Users/lcchai/Work/assets/official/ball/616_38023_38034_38042_day_v1-755x940.png
https://shop.ballwatch.ch/en/AeroGMTII?model=DG2018C-S3C-BE ||| https://d23pdvlemoiqdt.cloudfront.net/cache/pbuilder_images/616/616_38027_38034_38042_day_v1-755x940.png ||| /Users/lcchai/Work/assets/official/ball/616_38027_38034_38042_day_v1-755x940.png
https://shop.ballwatch.ch/en/AeroGMTII?model=DG2018C-S4C-BE ||| https://d23pdvlemoiqdt.cloudfront.net/cache/pbuilder_images/616/616_38028_38034_38042_day_v1-755x940.png ||| /Users/lcchai/Work/assets/official/ball/616_38028_38034_38042_day_v1-755x940.png
https://shop.ballwatch.ch/en/AeroGMTII?model=DG2018C-S9C-BE ||| https://d23pdvlemoiqdt.cloudfront.net/cache/pbuilder_images/616/616_38029_38034_38042_day_v1-755x940.png ||| /Users/lcchai/Work/assets/official/ball/616_38029_38034_38042_day_v1-755x940.png
https://shop.ballwatch.ch/en/AeroGMTII?model=DG2018C-SC-BE ||| https://d23pdvlemoiqdt.cloudfront.net/cache/pbuilder_images/616/616_38026_38034_38042_day_v1-755x940.png ||| /Users/lcchai/Work/assets/official/ball/616_38026_38034_38042_day_v1-755x940.png
https://shop.ballwatch.ch/en/CM1052D-S7J?model=CM1052D-S7J-BE ||| https://d23pdvlemoiqdt.cloudfront.net/cache/pbuilder_images/678/678_40110_40112_day_v1-755x940.png ||| /Users/lcchai/Work/assets/official/ball/678_40110_40112_day_v1-755x940.png
https://shop.ballwatch.ch/en/CM1052D-S7J?model=CM1052D-S7J-BK ||| https://d23pdvlemoiqdt.cloudfront.net/cache/pbuilder_images/678/678_40110_40111_day_v1-755x940.png ||| /Users/lcchai/Work/assets/official/ball/678_40110_40111_day_v1-755x940.png
https://shop.ballwatch.ch/en/CM1052D-S7J?model=CM1052D-S7J-WH ||| https://d23pdvlemoiqdt.cloudfront.net/cache/pbuilder_images/678/678_40110_40839_day_v1-755x940.png ||| /Users/lcchai/Work/assets/official/ball/678_40110_40839_day_v1-755x940.png
https://shop.ballwatch.ch/en/CM2192C-L4A-GY ||| https://d23pdvlemoiqdt.cloudfront.net/cache/catalog/products/Fireman/StormChaserDLCGlowII/CM2192C-L4A-GY_1-755x940.png ||| /Users/lcchai/Work/assets/official/ball/CM2192C-L4A-GY_1-755x940.png
https://shop.ballwatch.ch/en/CM2198C-S1CJ?model=CM2198C-S1CJ-BE ||| https://d23pdvlemoiqdt.cloudfront.net/cache/pbuilder_images/713/713_40454_day_v1-755x940.png ||| /Users/lcchai/Work/assets/official/ball/713_40454_day_v1-755x940.png
https://shop.ballwatch.ch/en/CM2198C-S1CJ?model=CM2198C-S1CJ-SL ||| https://d23pdvlemoiqdt.cloudfront.net/cache/pbuilder_images/713/713_40456_day_v1-755x940.png ||| /Users/lcchai/Work/assets/official/ball/713_40456_day_v1-755x940.png
https://shop.ballwatch.ch/en/CM2198C-S3C-BE ||| https://d23pdvlemoiqdt.cloudfront.net/cache/catalog/products/EngineerHydrocarbon/Pathbreaker/CM2198C-S3C-BE-755x940.png ||| /Users/lcchai/Work/assets/official/ball/CM2198C-S3C-BE-755x940.png
https://shop.ballwatch.ch/en/CM2198C-S3C-BK ||| https://d23pdvlemoiqdt.cloudfront.net/cache/catalog/products/EngineerHydrocarbon/Pathbreaker/CM2198C-S3C-BK-755x940.png ||| /Users/lcchai/Work/assets/official/ball/CM2198C-S3C-BK-755x940.png
https://shop.ballwatch.ch/en/CM3188D-SCJ-BE ||| https://d23pdvlemoiqdt.cloudfront.net/cache/catalog/products/EngineerMasterII/EMIINormandy/CM3188D-SCJ-BE_1-755x940.png ||| /Users/lcchai/Work/assets/official/ball/CM3188D-SCJ-BE_1-755x940.png
https://shop.ballwatch.ch/en/CM3188D-SCJ-BK ||| https://d23pdvlemoiqdt.cloudfront.net/cache/catalog/products/EngineerMasterII/EMIINormandy/CM3188D-SCJ-BK_1-755x940.png ||| /Users/lcchai/Work/assets/official/ball/CM3188D-SCJ-BK_1-755x940.png
https://shop.ballwatch.ch/en/CM3388D?model=CM3388D-L-BE ||| https://d23pdvlemoiqdt.cloudfront.net/cache/pbuilder_images/768/768_40836_40838_day_v1-755x940.png ||| /Users/lcchai/Work/assets/official/ball/768_40836_40838_day_v1-755x940.png
https://shop.ballwatch.ch/en/CM3388D?model=CM3388D-S-BK ||| https://d23pdvlemoiqdt.cloudfront.net/cache/pbuilder_images/768/768_40835_40837_day_v1-755x940.png ||| /Users/lcchai/Work/assets/official/ball/768_40835_40837_day_v1-755x940.png
https://shop.ballwatch.ch/en/DC3026A-NEDU?model=DC3026A-P3C-BE ||| https://d23pdvlemoiqdt.cloudfront.net/cache/pbuilder_images/738/738_40796_40797_day_v1-755x940.png ||| /Users/lcchai/Work/assets/official/ball/738_40796_40797_day_v1-755x940.png
https://shop.ballwatch.ch/en/DC3026A-NEDU?model=DC3026A-S3C-BE ||| https://d23pdvlemoiqdt.cloudfront.net/cache/pbuilder_images/738/738_40795_40797_day_v1-755x940.png ||| /Users/lcchai/Work/assets/official/ball/738_40795_40797_day_v1-755x940.png
https://shop.ballwatch.ch/en/DC3030C-S-BE ||| https://d23pdvlemoiqdt.cloudfront.net/cache/catalog/products/Roadmaster/RescueChronograph/DC3030C-S-BE-755x940.png ||| /Users/lcchai/Work/assets/official/ball/DC3030C-S-BE-755x940.png
https://shop.ballwatch.ch/en/DC3030C-S-BK ||| https://d23pdvlemoiqdt.cloudfront.net/cache/catalog/products/Roadmaster/RescueChronograph/DC3030C-S-BK-755x940.png ||| /Users/lcchai/Work/assets/official/ball/DC3030C-S-BK-755x940.png
https://shop.ballwatch.ch/en/DD3072B-P1CJ-BE ||| https://d23pdvlemoiqdt.cloudfront.net/cache/catalog/products/Roadmaster/ArchangelBronze/DD3072B-P1CJ-BE-755x940.png ||| /Users/lcchai/Work/assets/official/ball/DD3072B-P1CJ-BE-755x940.png
https://shop.ballwatch.ch/en/DD3072B-P1CJ-BK ||| https://d23pdvlemoiqdt.cloudfront.net/cache/catalog/products/Roadmaster/ArchangelBronze/DD3072B-P1CJ-BK-755x940.png ||| /Users/lcchai/Work/assets/official/ball/DD3072B-P1CJ-BK-755x940.png
https://shop.ballwatch.ch/en/DG2018C-S7C-BE ||| https://d23pdvlemoiqdt.cloudfront.net/cache/catalog/products/EngineerHydrocarbon/AeroGMTII-07/DG2018C-S7C-BE-755x940.png ||| /Users/lcchai/Work/assets/official/ball/DG2018C-S7C-BE-755x940.png
https://shop.ballwatch.ch/en/DG2018C-S7C-BK ||| https://d23pdvlemoiqdt.cloudfront.net/cache/catalog/products/EngineerHydrocarbon/AeroGMTII-07/DG2018C-S7C-BK-755x940.png ||| /Users/lcchai/Work/assets/official/ball/DG2018C-S7C-BK-755x940.png
https://shop.ballwatch.ch/en/DG2118C-S7C-BE ||| https://d23pdvlemoiqdt.cloudfront.net/cache/catalog/products/EngineerHydrocarbon/AeroGMTII-07/DG2118C-S7C-BE-755x940.png ||| /Users/lcchai/Work/assets/official/ball/DG2118C-S7C-BE-755x940.png
https://shop.ballwatch.ch/en/DG2118C-S7C-BK ||| https://d23pdvlemoiqdt.cloudfront.net/cache/catalog/products/EngineerHydrocarbon/AeroGMTII-07/DG2118C-S7C-BK-755x940.png ||| /Users/lcchai/Work/assets/official/ball/DG2118C-S7C-BK-755x940.png
https://shop.ballwatch.ch/en/DG2232A-PC-BE ||| https://d23pdvlemoiqdt.cloudfront.net/cache/catalog/products/EngineerMasterII/Diver%20Worldtime/DG2232A-P-BE-755x940.png ||| /Users/lcchai/Work/assets/official/ball/DG2232A-P-BE-755x940.png
https://shop.ballwatch.ch/en/DG2232A-PC-BK ||| https://d23pdvlemoiqdt.cloudfront.net/cache/catalog/products/EngineerMasterII/Diver%20Worldtime/DG2232A-P-BK-755x940.png ||| /Users/lcchai/Work/assets/official/ball/DG2232A-P-BK-755x940.png
https://shop.ballwatch.ch/en/DG2232A-SC-BE ||| https://d23pdvlemoiqdt.cloudfront.net/cache/catalog/products/EngineerMasterII/Diver%20Worldtime/DG2232A-S-BE-755x940.png ||| /Users/lcchai/Work/assets/official/ball/DG2232A-S-BE-755x940.png
https://shop.ballwatch.ch/en/DG2232A-SC-BK ||| https://d23pdvlemoiqdt.cloudfront.net/cache/catalog/products/EngineerMasterII/Diver%20Worldtime/DG2232A-S-BK-755x940.png ||| /Users/lcchai/Work/assets/official/ball/DG2232A-S-BK-755x940.png
https://shop.ballwatch.ch/en/DG3030B-S1CJ-BE ||| https://d23pdvlemoiqdt.cloudfront.net/cache/catalog/products/Roadmaster/MarineGMTCeramic/DG3030B-S1CJ-BE-755x940.png ||| /Users/lcchai/Work/assets/official/ball/DG3030B-S1CJ-BE-755x940.png
https://shop.ballwatch.ch/en/DG3030B-S1CJ-BK ||| https://d23pdvlemoiqdt.cloudfront.net/cache/catalog/products/Roadmaster/MarineGMTCeramic/DG3030B-S1CJ-BK-755x940.png ||| /Users/lcchai/Work/assets/official/ball/DG3030B-S1CJ-BK-755x940.png
https://shop.ballwatch.ch/en/DG3030B-S2C-BK ||| https://d23pdvlemoiqdt.cloudfront.net/cache/catalog/products/Roadmaster/MarineGMTCeramicBK-GR/DG3030B-S2C-BK-755x940.png ||| /Users/lcchai/Work/assets/official/ball/DG3030B-S2C-BK-755x940.png
https://shop.ballwatch.ch/en/DG3030B-S2C-GR ||| https://d23pdvlemoiqdt.cloudfront.net/cache/catalog/products/Roadmaster/MarineGMTCeramicBK-GR/DG3030B-S2C-GR-755x940.png ||| /Users/lcchai/Work/assets/official/ball/DG3030B-S2C-GR-755x940.png
https://shop.ballwatch.ch/en/DG3030B-S3C-BK ||| https://d23pdvlemoiqdt.cloudfront.net/cache/catalog/products/Roadmaster/MarineGMTCeramicChoco/DG3030B-S3C-BK-755x940.png ||| /Users/lcchai/Work/assets/official/ball/DG3030B-S3C-BK-755x940.png
https://shop.ballwatch.ch/en/DG3030B-S3C-BR ||| https://d23pdvlemoiqdt.cloudfront.net/cache/catalog/products/Roadmaster/MarineGMTCeramicChoco/DG3030B-S3C-BR-755x940.png ||| /Users/lcchai/Work/assets/official/ball/DG3030B-S3C-BR-755x940.png
https://shop.ballwatch.ch/en/DG3030B-S4C-BE ||| https://d23pdvlemoiqdt.cloudfront.net/cache/catalog/products/Roadmaster/MarineGMTCeramic-04/DG3030B-S4C-BE-755x940.png ||| /Users/lcchai/Work/assets/official/ball/DG3030B-S4C-BE-755x940.png
https://shop.ballwatch.ch/en/DG3030B-S4C-BK ||| https://d23pdvlemoiqdt.cloudfront.net/cache/catalog/products/Roadmaster/MarineGMTCeramic-04/DG3030B-S4C-BK-755x940.png ||| /Users/lcchai/Work/assets/official/ball/DG3030B-S4C-BK-755x940.png
https://shop.ballwatch.ch/en/DG3030B-S5C-BK ||| https://d23pdvlemoiqdt.cloudfront.net/cache/catalog/products/Roadmaster/MarineGMTCeramic-05/DG3030B-S5C-BK-755x940.png ||| /Users/lcchai/Work/assets/official/ball/DG3030B-S5C-BK-755x940.png
https://shop.ballwatch.ch/en/DG3030B-S5C-GR ||| https://d23pdvlemoiqdt.cloudfront.net/cache/catalog/products/Roadmaster/MarineGMTCeramic-05/DG3030B-S5C-GR-755x940.png ||| /Users/lcchai/Work/assets/official/ball/DG3030B-S5C-GR-755x940.png
https://shop.ballwatch.ch/en/DG3030B-S7CJ-BE ||| https://d23pdvlemoiqdt.cloudfront.net/cache/catalog/products/Roadmaster/MarineGMTCeramic-07/DG3030B-S7CJ-BE-755x940.png ||| /Users/lcchai/Work/assets/official/ball/DG3030B-S7CJ-BE-755x940.png
https://shop.ballwatch.ch/en/DG3030B-S7CJ-BK ||| https://d23pdvlemoiqdt.cloudfront.net/cache/catalog/products/Roadmaster/MarineGMTCeramic-07/DG3030B-S7CJ-BK-755x940.png ||| /Users/lcchai/Work/assets/official/ball/DG3030B-S7CJ-BK-755x940.png
https://shop.ballwatch.ch/en/DG3030B-S7CJ-WH ||| https://d23pdvlemoiqdt.cloudfront.net/cache/catalog/products/Roadmaster/MarineGMTCeramic-07/DG3030B-S7CJ-WH-755x940.png ||| /Users/lcchai/Work/assets/official/ball/DG3030B-S7CJ-WH-755x940.png
https://shop.ballwatch.ch/en/DG3038A-S1C-BE ||| https://d23pdvlemoiqdt.cloudfront.net/cache/catalog/products/Roadmaster/PilotGMT/DG3038A-S1C-BE-755x940.png ||| /Users/lcchai/Work/assets/official/ball/DG3038A-S1C-BE-755x940.png
https://shop.ballwatch.ch/en/DG3038A-S1C-BK ||| https://d23pdvlemoiqdt.cloudfront.net/cache/catalog/products/Roadmaster/PilotGMT/DG3038A-S1C-BK-755x940.png ||| /Users/lcchai/Work/assets/official/ball/DG3038A-S1C-BK-755x940.png
https://shop.ballwatch.ch/en/DG3038A-S1C-WH ||| https://d23pdvlemoiqdt.cloudfront.net/cache/catalog/products/Roadmaster/PilotGMT/DG3038A-S1C-WH-755x940.png ||| /Users/lcchai/Work/assets/official/ball/DG3038A-S1C-WH-755x940.png
https://shop.ballwatch.ch/en/DG3038A-S2C-BE ||| https://d23pdvlemoiqdt.cloudfront.net/cache/catalog/products/Roadmaster/PilotGMT-02/DG3038A-S2C-BE-755x940.png ||| /Users/lcchai/Work/assets/official/ball/DG3038A-S2C-BE-755x940.png
https://shop.ballwatch.ch/en/DG3038A-S2C-BK ||| https://d23pdvlemoiqdt.cloudfront.net/cache/catalog/products/Roadmaster/PilotGMT-02/DG3038A-S2C-BK-755x940.png ||| /Users/lcchai/Work/assets/official/ball/DG3038A-S2C-BK-755x940.png
https://shop.ballwatch.ch/en/DG3038A-S2C-WH ||| https://d23pdvlemoiqdt.cloudfront.net/cache/catalog/products/Roadmaster/PilotGMT-02/DG3038A-S2C-WH-755x940.png ||| /Users/lcchai/Work/assets/official/ball/DG3038A-S2C-WH-755x940.png
https://shop.ballwatch.ch/en/DM2076C-S2CA-BE ||| https://d23pdvlemoiqdt.cloudfront.net/cache/catalog/products/EngineerHydrocarbon/AirborneII/DM2076C-S2CA-BE-755x940.png ||| /Users/lcchai/Work/assets/official/ball/DM2076C-S2CA-BE-755x940.png
https://shop.ballwatch.ch/en/DM2076C-S2CA-BK ||| https://d23pdvlemoiqdt.cloudfront.net/cache/catalog/products/EngineerHydrocarbon/AirborneII/DM2076C-S2CA-BK-755x940.png ||| /Users/lcchai/Work/assets/official/ball/DM2076C-S2CA-BK-755x940.png
https://shop.ballwatch.ch/en/DM2218B?model=DM2218B-PCJ-BK ||| https://d23pdvlemoiqdt.cloudfront.net/cache/pbuilder_images/770/770_40841_40842_day_v1-755x940.png ||| /Users/lcchai/Work/assets/official/ball/770_40841_40842_day_v1-755x940.png
https://shop.ballwatch.ch/en/DM2218B?model=DM2218B-SCJ-BK ||| https://d23pdvlemoiqdt.cloudfront.net/cache/pbuilder_images/770/770_40840_40842_day_v1-755x940.png ||| /Users/lcchai/Work/assets/official/ball/770_40840_40842_day_v1-755x940.png
https://shop.ballwatch.ch/en/DM2276A-S3CJ-BE ||| https://d23pdvlemoiqdt.cloudfront.net/cache/catalog/products/EngineerHydrocarbon/SubmarineWarfare/DM2276A-S1CJ-BE-755x940.jpg ||| /Users/lcchai/Work/assets/official/ball/DM2276A-S1CJ-BE-755x940.jpg
https://shop.ballwatch.ch/en/DM2276A-S3CJ-BK ||| https://d23pdvlemoiqdt.cloudfront.net/cache/catalog/products/EngineerHydrocarbon/SubmarineWarfare/DM2276A-S3CJ-BK-755x940.png ||| /Users/lcchai/Work/assets/official/ball/DM2276A-S3CJ-BK-755x940.png
https://shop.ballwatch.ch/en/DM2276A?model=DM2276A-PCJ-BK ||| https://d23pdvlemoiqdt.cloudfront.net/cache/pbuilder_images/654/654_40056_40057_day_v1-755x940.png ||| /Users/lcchai/Work/assets/official/ball/654_40056_40057_day_v1-755x940.png
https://shop.ballwatch.ch/en/DM2276A?model=DM2276A-SCJ-BK ||| https://d23pdvlemoiqdt.cloudfront.net/cache/pbuilder_images/654/654_40056_40058_day_v1-755x940.png ||| /Users/lcchai/Work/assets/official/ball/654_40056_40058_day_v1-755x940.png
https://shop.ballwatch.ch/en/DM3002A?model=DM3002A-P2C-BK ||| https://d23pdvlemoiqdt.cloudfront.net/cache/pbuilder_images/742/742_42751_42752_day_v1-755x940.png ||| /Users/lcchai/Work/assets/official/ball/742_42751_42752_day_v1-755x940.png
https://shop.ballwatch.ch/en/DM3002A?model=DM3002A-S2C-BK ||| https://d23pdvlemoiqdt.cloudfront.net/cache/pbuilder_images/742/742_42750_42752_day_v1-755x940.png ||| /Users/lcchai/Work/assets/official/ball/742_42750_42752_day_v1-755x940.png
https://shop.ballwatch.ch/en/DM3050B-S2CJ-BK ||| https://d23pdvlemoiqdt.cloudfront.net/cache/catalog/products/Roadmaster/Challenger%2018%2043mm/DM3050B-S2CJ-BK-755x940.png ||| /Users/lcchai/Work/assets/official/ball/DM3050B-S2CJ-BK-755x940.png
https://shop.ballwatch.ch/en/DM3070B-P1CJ-BE ||| https://d23pdvlemoiqdt.cloudfront.net/cache/catalog/products/Roadmaster/ArchangelBronze/DM3070B-P1CJ-BE-755x940.png ||| /Users/lcchai/Work/assets/official/ball/DM3070B-P1CJ-BE-755x940.png
https://shop.ballwatch.ch/en/DM3070B-P1CJ-BK ||| https://d23pdvlemoiqdt.cloudfront.net/cache/catalog/products/Roadmaster/ArchangelBronze/DM3070B-P1CJ-BK-755x940.png ||| /Users/lcchai/Work/assets/official/ball/DM3070B-P1CJ-BK-755x940.png
https://shop.ballwatch.ch/en/DM3130B-S7CJ-BK ||| https://d23pdvlemoiqdt.cloudfront.net/cache/catalog/products/Roadmaster/ArchangelBronze/DM3130B-S7CJ-BK_-755x940.png ||| /Users/lcchai/Work/assets/official/ball/DM3130B-S7CJ-BK_-755x940.png
https://shop.ballwatch.ch/en/DM3130B-S7CJ-GR ||| https://d23pdvlemoiqdt.cloudfront.net/cache/catalog/products/Roadmaster/ArchangelBronze/DM3130B-S7CJ-GR_-755x940.png ||| /Users/lcchai/Work/assets/official/ball/DM3130B-S7CJ-GR_-755x940.png
https://shop.ballwatch.ch/en/DM3208B-P2-BE ||| https://d23pdvlemoiqdt.cloudfront.net/cache/catalog/products/EngineerII/Skindiver%20Heritage/DM3208B-P2-BE-755x940.png ||| /Users/lcchai/Work/assets/official/ball/DM3208B-P2-BE-755x940.png
https://shop.ballwatch.ch/en/DM3308A?model=DM3308A-P1C-BE ||| https://d23pdvlemoiqdt.cloudfront.net/cache/pbuilder_images/655/655_40076_40843_day_v1-755x940.png ||| /Users/lcchai/Work/assets/official/ball/655_40076_40843_day_v1-755x940.png
https://shop.ballwatch.ch/en/DM3308A?model=DM3308A-PCJ-BK ||| https://d23pdvlemoiqdt.cloudfront.net/cache/pbuilder_images/655/655_40075_40076_day_v1-755x940.png ||| /Users/lcchai/Work/assets/official/ball/655_40075_40076_day_v1-755x940.png
https://shop.ballwatch.ch/en/DM3308A?model=DM3308A-S1C-BE ||| https://d23pdvlemoiqdt.cloudfront.net/cache/pbuilder_images/655/655_40077_40843_day_v1-755x940.png ||| /Users/lcchai/Work/assets/official/ball/655_40077_40843_day_v1-755x940.png
https://shop.ballwatch.ch/en/DM3308A?model=DM3308A-SCJ-BK ||| https://d23pdvlemoiqdt.cloudfront.net/cache/pbuilder_images/655/655_40075_40077_day_v1-755x940.png ||| /Users/lcchai/Work/assets/official/ball/655_40075_40077_day_v1-755x940.png
https://shop.ballwatch.ch/en/DT3030B-S3-BKC ||| https://d23pdvlemoiqdt.cloudfront.net/cache/catalog/products/Roadmaster/TMT/DT3030B-S3-BKC-755x940.png ||| /Users/lcchai/Work/assets/official/ball/DT3030B-S3-BKC-755x940.png
https://shop.ballwatch.ch/en/DT3030B-S4-BEC ||| https://d23pdvlemoiqdt.cloudfront.net/cache/catalog/products/Roadmaster/TMT/DT3030B-S4-BEC-755x940.png ||| /Users/lcchai/Work/assets/official/ball/DT3030B-S4-BEC-755x940.png
https://shop.ballwatch.ch/en/Ducks-NM2188C-S19-BK ||| https://d23pdvlemoiqdt.cloudfront.net/cache/catalog/products/Fireman/FRDucks/NM2188C-S19-BK-755x940.png ||| /Users/lcchai/Work/assets/official/ball/NM2188C-S19-BK-755x940.png
https://shop.ballwatch.ch/en/EIINavigator?model=GM1086C-L3-BK ||| https://d23pdvlemoiqdt.cloudfront.net/cache/pbuilder_images/657/657_40059_40064_40070_day_v1-755x940.png ||| /Users/lcchai/Work/assets/official/ball/657_40059_40064_40070_day_v1-755x940.png
https://shop.ballwatch.ch/en/EIINavigator?model=GM1086C-S3-BK ||| https://d23pdvlemoiqdt.cloudfront.net/cache/pbuilder_images/657/657_40059_40063_40070_day_v1-755x940.png ||| /Users/lcchai/Work/assets/official/ball/657_40059_40063_40070_day_v1-755x940.png
https://shop.ballwatch.ch/en/EMIIVoyager?model=GM2126C-LBK-BE ||| https://d23pdvlemoiqdt.cloudfront.net/cache/catalog/products/EngineerMasterII/Voyager/GM2126-SCJ-BE-755x940.jpg ||| /Users/lcchai/Work/assets/official/ball/GM2126-SCJ-BE-755x940.jpg
https://shop.ballwatch.ch/en/EMIIVoyager?model=GM2126C-LJBK-BE ||| https://d23pdvlemoiqdt.cloudfront.net/cache/pbuilder_images/667/667_40083_40085_40091_40092_day_v1-755x940.png ||| /Users/lcchai/Work/assets/official/ball/667_40083_40085_40091_40092_day_v1-755x940.png
https://shop.ballwatch.ch/en/EMIIVoyager?model=GM2126C-SJ-BK ||| https://d23pdvlemoiqdt.cloudfront.net/cache/pbuilder_images/667/667_40082_40085_40090_40092_day_v1-755x940.png ||| /Users/lcchai/Work/assets/official/ball/667_40082_40085_40090_40092_day_v1-755x940.png
https://shop.ballwatch.ch/en/EMIIVoyager?model=GM2128C-LBK-BE ||| https://d23pdvlemoiqdt.cloudfront.net/cache/catalog/products/EngineerMasterII/Voyager/GM2126-SCJ-BE-755x940.jpg ||| /Users/lcchai/Work/assets/official/ball/GM2126-SCJ-BE-755x940.jpg
https://shop.ballwatch.ch/en/EMIIVoyager?model=GM2128C-LJBK-BE ||| https://d23pdvlemoiqdt.cloudfront.net/cache/pbuilder_images/667/667_40083_40085_40091_40092_day_v1-755x940.png ||| /Users/lcchai/Work/assets/official/ball/667_40083_40085_40091_40092_day_v1-755x940.png
https://shop.ballwatch.ch/en/EMIIVoyager?model=GM2128C-SJ-BK ||| https://d23pdvlemoiqdt.cloudfront.net/cache/pbuilder_images/667/667_40082_40085_40090_40092_day_v1-755x940.png ||| /Users/lcchai/Work/assets/official/ball/667_40082_40085_40090_40092_day_v1-755x940.png
https://shop.ballwatch.ch/en/EMMarvelight?model=NM2032C-S1C-BE ||| https://d23pdvlemoiqdt.cloudfront.net/cache/pbuilder_images/672/672_40113_40114_40118_40120_day_v1-755x940.png ||| /Users/lcchai/Work/assets/official/ball/672_40113_40114_40118_40120_day_v1-755x940.png
https://shop.ballwatch.ch/en/EMMarvelight?model=NM2032C-S1C-BK ||| https://d23pdvlemoiqdt.cloudfront.net/cache/pbuilder_images/672/672_40113_40114_40118_40121_day_v1-755x940.png ||| /Users/lcchai/Work/assets/official/ball/672_40113_40114_40118_40121_day_v1-755x940.png
https://shop.ballwatch.ch/en/EMMarvelight?model=NM2032C-S1C-GY ||| https://d23pdvlemoiqdt.cloudfront.net/cache/pbuilder_images/672/672_40113_40114_40118_40122_day_v1-755x940.png ||| /Users/lcchai/Work/assets/official/ball/672_40113_40114_40118_40122_day_v1-755x940.png
https://shop.ballwatch.ch/en/EMMarvelight?model=NM2128C-S1C-BE ||| https://d23pdvlemoiqdt.cloudfront.net/cache/pbuilder_images/672/672_40113_40114_40118_40120_day_v1-755x940.png ||| /Users/lcchai/Work/assets/official/ball/672_40113_40114_40118_40120_day_v1-755x940.png
https://shop.ballwatch.ch/en/EMMarvelight?model=NM2128C-S1C-BK ||| https://d23pdvlemoiqdt.cloudfront.net/cache/pbuilder_images/672/672_40113_40114_40118_40121_day_v1-755x940.png ||| /Users/lcchai/Work/assets/official/ball/672_40113_40114_40118_40121_day_v1-755x940.png
https://shop.ballwatch.ch/en/EMMarvelight?model=NM2128C-S1C-GY ||| https://d23pdvlemoiqdt.cloudfront.net/cache/pbuilder_images/672/672_40113_40114_40118_40122_day_v1-755x940.png ||| /Users/lcchai/Work/assets/official/ball/672_40113_40114_40118_40122_day_v1-755x940.png
https://shop.ballwatch.ch/en/GM9020C-SC-BE ||| https://d23pdvlemoiqdt.cloudfront.net/cache/catalog/products/EngineerII/Timetrekker/GM9020C-SC-BE-755x940.png ||| /Users/lcchai/Work/assets/official/ball/GM9020C-SC-BE-755x940.png
https://shop.ballwatch.ch/en/GM9020C-SC-BK ||| https://d23pdvlemoiqdt.cloudfront.net/cache/catalog/products/EngineerII/Timetrekker/GM9020C-SC-BK-755x940.png ||| /Users/lcchai/Work/assets/official/ball/GM9020C-SC-BK-755x940.png
https://shop.ballwatch.ch/en/GM9020C-SC-BR ||| https://d23pdvlemoiqdt.cloudfront.net/cache/catalog/products/EngineerII/Timetrekker/GM9020C-SC-BR-755x940.png ||| /Users/lcchai/Work/assets/official/ball/GM9020C-SC-BR-755x940.png
https://shop.ballwatch.ch/en/Icebreaker-PM3030C-S-BE ||| https://d23pdvlemoiqdt.cloudfront.net/cache/catalog/products/Roadmaster/Icebreaker/PM3030C-S-BE_1-755x940.png ||| /Users/lcchai/Work/assets/official/ball/PM3030C-S-BE_1-755x940.png
https://shop.ballwatch.ch/en/Icebreaker-PM3030C-S-BK ||| https://d23pdvlemoiqdt.cloudfront.net/cache/catalog/products/Roadmaster/Icebreaker/PM3030C-S-BK_1-755x940.png ||| /Users/lcchai/Work/assets/official/ball/PM3030C-S-BK_1-755x940.png
https://shop.ballwatch.ch/en/Icebreaker-PM3030C-S-WH ||| https://d23pdvlemoiqdt.cloudfront.net/cache/catalog/products/Roadmaster/Icebreaker/PM3030C-S-WH_1-755x940.png ||| /Users/lcchai/Work/assets/official/ball/PM3030C-S-WH_1-755x940.png
https://shop.ballwatch.ch/en/Icebreaker-PM3030C-SC-BE ||| https://d23pdvlemoiqdt.cloudfront.net/cache/catalog/products/Roadmaster/Icebreaker/PM3030C-SC-BE_1-755x940.png ||| /Users/lcchai/Work/assets/official/ball/PM3030C-SC-BE_1-755x940.png
https://shop.ballwatch.ch/en/Icebreaker-PM3030C-SC-BK ||| https://d23pdvlemoiqdt.cloudfront.net/cache/catalog/products/Roadmaster/Icebreaker/PM3030C-SC-BK_1-755x940.png ||| /Users/lcchai/Work/assets/official/ball/PM3030C-SC-BK_1-755x940.png
https://shop.ballwatch.ch/en/Icebreaker-PM3030C-SC-WH ||| https://d23pdvlemoiqdt.cloudfront.net/cache/catalog/products/Roadmaster/Icebreaker/PM3030C-SC-WH_1-755x940.png ||| /Users/lcchai/Work/assets/official/ball/PM3030C-SC-WH_1-755x940.png
https://shop.ballwatch.ch/en/M_Icebreaker-NM9030B-S1C-BE ||| https://d23pdvlemoiqdt.cloudfront.net/cache/catalog/products/Roadmaster/MIcebreakerArabic/NM9030B-S1C-BE-755x940.png ||| /Users/lcchai/Work/assets/official/ball/NM9030B-S1C-BE-755x940.png
https://shop.ballwatch.ch/en/M_Icebreaker-NM9030B-S1C-BK ||| https://d23pdvlemoiqdt.cloudfront.net/cache/catalog/products/Roadmaster/MIcebreakerArabic/NM9030B-S1C-BK-755x940.png ||| /Users/lcchai/Work/assets/official/ball/NM9030B-S1C-BK-755x940.png
https://shop.ballwatch.ch/en/M_Icebreaker-NM9030B-S1C-WH ||| https://d23pdvlemoiqdt.cloudfront.net/cache/catalog/products/Roadmaster/MIcebreakerArabic/NM9030B-S1C-WH-755x940.png ||| /Users/lcchai/Work/assets/official/ball/NM9030B-S1C-WH-755x940.png
https://shop.ballwatch.ch/en/M_Icebreaker-NM9030B-SC-BE ||| https://d23pdvlemoiqdt.cloudfront.net/cache/catalog/products/Roadmaster/MIcebreaker/NM9030B-SC-BE_2-755x940.png ||| /Users/lcchai/Work/assets/official/ball/NM9030B-SC-BE_2-755x940.png
https://shop.ballwatch.ch/en/M_Icebreaker-NM9030B-SC-BK ||| https://d23pdvlemoiqdt.cloudfront.net/cache/catalog/products/Roadmaster/MIcebreaker/NM9030B-SC-BK_2-755x940.png ||| /Users/lcchai/Work/assets/official/ball/NM9030B-SC-BK_2-755x940.png
https://shop.ballwatch.ch/en/M_Icebreaker-NM9030B-SC-WH ||| https://d23pdvlemoiqdt.cloudfront.net/cache/catalog/products/Roadmaster/MIcebreaker/NM9030B-SC-WH_2-755x940.png ||| /Users/lcchai/Work/assets/official/ball/NM9030B-SC-WH_2-755x940.png
https://shop.ballwatch.ch/en/Midsize - DL2016B-S3CAJ-WH ||| https://d23pdvlemoiqdt.cloudfront.net/cache/catalog/products/EngineerHydrocarbon/CeramicMidsize/DL2016B-S3CAJ-WH_1-755x940.png ||| /Users/lcchai/Work/assets/official/ball/DL2016B-S3CAJ-WH_1-755x940.png
https://shop.ballwatch.ch/en/Moon_Navigator-DM3320C-SAJ-BE ||| https://d23pdvlemoiqdt.cloudfront.net/cache/catalog/products/EngineerHydrocarbon/MoonNavigator/DM3320C-SAJ-BE_1-755x940.png ||| /Users/lcchai/Work/assets/official/ball/DM3320C-SAJ-BE_1-755x940.png
https://shop.ballwatch.ch/en/Moon_Navigator-DM3320C-SAJ-BK ||| https://d23pdvlemoiqdt.cloudfront.net/cache/catalog/products/EngineerHydrocarbon/MoonNavigator/DM3320C-SAJ-BK_1-755x940.png ||| /Users/lcchai/Work/assets/official/ball/DM3320C-SAJ-BK_1-755x940.png
https://shop.ballwatch.ch/en/ND2186C-L1C-BE ||| https://d23pdvlemoiqdt.cloudfront.net/cache/catalog/products/EngineerM/BestBronze/ND2186C-L1C-BE-755x940.png ||| /Users/lcchai/Work/assets/official/ball/ND2186C-L1C-BE-755x940.png
https://shop.ballwatch.ch/en/ND2186C-L1C-BK ||| https://d23pdvlemoiqdt.cloudfront.net/cache/catalog/products/EngineerM/BestBronze/ND2186C-L1C-BK-755x940.png ||| /Users/lcchai/Work/assets/official/ball/ND2186C-L1C-BK-755x940.png
https://shop.ballwatch.ch/en/NL1026C-SJ?model=NL1026C-SJ-BK ||| https://d23pdvlemoiqdt.cloudfront.net/cache/pbuilder_images/747/747_40815_40816_day_v1-755x940.png ||| /Users/lcchai/Work/assets/official/ball/747_40815_40816_day_v1-755x940.png
https://shop.ballwatch.ch/en/NL1026C?model=NL1026C-S4A--BE ||| https://d23pdvlemoiqdt.cloudfront.net/cache/pbuilder_images/191/191_40794_day_v1-755x940.png ||| /Users/lcchai/Work/assets/official/ball/191_40794_day_v1-755x940.png
https://shop.ballwatch.ch/en/NL2080D-SJ-BK ||| https://d23pdvlemoiqdt.cloudfront.net/cache/catalog/products/Trainmaster/EternityLadies/NL2080D-SJ-BK_1-755x940.png ||| /Users/lcchai/Work/assets/official/ball/NL2080D-SJ-BK_1-755x940.png
https://shop.ballwatch.ch/en/NL2098C-S3J?model=NL2098C-S3J-BK ||| https://d23pdvlemoiqdt.cloudfront.net/cache/pbuilder_images/748/748_40818_40819_day_v1-755x940.png ||| /Users/lcchai/Work/assets/official/ball/748_40818_40819_day_v1-755x940.png
https://shop.ballwatch.ch/en/NM1058D-S3J-WH ||| https://d23pdvlemoiqdt.cloudfront.net/cache/catalog/products/Trainmaster/60Seconds/NM1058D-S3J-WH-755x940.png ||| /Users/lcchai/Work/assets/official/ball/NM1058D-S3J-WH-755x940.png
https://shop.ballwatch.ch/en/NM1080C?model=NM1080C-L13-BK ||| https://d23pdvlemoiqdt.cloudfront.net/cache/pbuilder_images/673/673_40124_day_v1-755x940.png ||| /Users/lcchai/Work/assets/official/ball/673_40124_day_v1-755x940.png
https://shop.ballwatch.ch/en/NM1080C?model=NM1080C-S13-BK ||| https://d23pdvlemoiqdt.cloudfront.net/cache/pbuilder_images/673/673_40123_day_v1-755x940.png ||| /Users/lcchai/Work/assets/official/ball/673_40123_day_v1-755x940.png
https://shop.ballwatch.ch/en/NM2026C-04CAJ-SL?model=NM2026C-L4CAJ-SL ||| https://d23pdvlemoiqdt.cloudfront.net/cache/pbuilder_images/751/751_40822_40823_day_v1-755x940.png ||| /Users/lcchai/Work/assets/official/ball/751_40822_40823_day_v1-755x940.png
https://shop.ballwatch.ch/en/NM2026C-04CAJ-SL?model=NM2026C-S4CAJ-SL ||| https://d23pdvlemoiqdt.cloudfront.net/cache/pbuilder_images/751/751_40821_40823_day_v1-755x940.png ||| /Users/lcchai/Work/assets/official/ball/751_40821_40823_day_v1-755x940.png
https://shop.ballwatch.ch/en/NM2026C-19?model=NM2026C-S19-BE ||| https://d23pdvlemoiqdt.cloudfront.net/cache/pbuilder_images/792/792_44699_44701_day_v1-755x940.png ||| /Users/lcchai/Work/assets/official/ball/792_44699_44701_day_v1-755x940.png
https://shop.ballwatch.ch/en/NM2026C-19?model=NM2026C-S19-BK ||| https://d23pdvlemoiqdt.cloudfront.net/cache/pbuilder_images/792/792_44699_44700_day_v1-755x940.png ||| /Users/lcchai/Work/assets/official/ball/792_44699_44700_day_v1-755x940.png
https://shop.ballwatch.ch/en/NM2026C-S12A-BE ||| https://d23pdvlemoiqdt.cloudfront.net/cache/catalog/products/EngineerIII/King/NM2026C-S12A-BE-755x940.png ||| /Users/lcchai/Work/assets/official/ball/NM2026C-S12A-BE-755x940.png
https://shop.ballwatch.ch/en/NM2026C-S15CJ?model=NM2026C-S15CJ-BE ||| https://d23pdvlemoiqdt.cloudfront.net/cache/pbuilder_images/752/752_40824_40825_day_v1-755x940.png ||| /Users/lcchai/Work/assets/official/ball/752_40824_40825_day_v1-755x940.png
https://shop.ballwatch.ch/en/NM2026C-S27C-BE ||| https://d23pdvlemoiqdt.cloudfront.net/cache/catalog/products/EngineerIII/Marvelight40mm/NM2026C-S27C-BE-1-755x940.png ||| /Users/lcchai/Work/assets/official/ball/NM2026C-S27C-BE-1-755x940.png
https://shop.ballwatch.ch/en/NM2026C-S27C-BK ||| https://d23pdvlemoiqdt.cloudfront.net/cache/catalog/products/EngineerIII/Marvelight40mm/NM2026C-S27C-BK-1-755x940.png ||| /Users/lcchai/Work/assets/official/ball/NM2026C-S27C-BK-1-755x940.png
https://shop.ballwatch.ch/en/NM2026C-S27C-SL ||| https://d23pdvlemoiqdt.cloudfront.net/cache/catalog/products/EngineerIII/Marvelight40mm/NM2026C-S27C-SL-1-755x940.png ||| /Users/lcchai/Work/assets/official/ball/NM2026C-S27C-SL-1-755x940.png
https://shop.ballwatch.ch/en/NM2026C-S28C-BK ||| https://d23pdvlemoiqdt.cloudfront.net/cache/catalog/products/EngineerIII/Marvelight40mm/NM2026C-S28C-BK-1-755x940.png ||| /Users/lcchai/Work/assets/official/ball/NM2026C-S28C-BK-1-755x940.png
https://shop.ballwatch.ch/en/NM2026C-S31C-BE ||| https://d23pdvlemoiqdt.cloudfront.net/cache/catalog/products/EngineerII/Best/NM2026C-S31C-BE-755x940.png ||| /Users/lcchai/Work/assets/official/ball/NM2026C-S31C-BE-755x940.png
https://shop.ballwatch.ch/en/NM2026C-S31C-BK ||| https://d23pdvlemoiqdt.cloudfront.net/cache/catalog/products/EngineerII/Best/NM2026C-S31C-BK-755x940.png ||| /Users/lcchai/Work/assets/official/ball/NM2026C-S31C-BK-755x940.png
https://shop.ballwatch.ch/en/NM2026C-S31C-SL ||| https://d23pdvlemoiqdt.cloudfront.net/cache/catalog/products/EngineerII/Best/NM2026C-S31C-SL-755x940.png ||| /Users/lcchai/Work/assets/official/ball/NM2026C-S31C-SL-755x940.png
https://shop.ballwatch.ch/en/NM2026C-S6J?model=NM2026C-S6J-SL ||| https://d23pdvlemoiqdt.cloudfront.net/cache/pbuilder_images/658/658_40078_40081_day_v1-755x940.png ||| /Users/lcchai/Work/assets/official/ball/658_40078_40081_day_v1-755x940.png
https://shop.ballwatch.ch/en/NM2028C-19?model=NM2028C-S19-BE ||| https://d23pdvlemoiqdt.cloudfront.net/cache/pbuilder_images/485/485_40806_40808_day_v1-755x940.png ||| /Users/lcchai/Work/assets/official/ball/485_40806_40808_day_v1-755x940.png
https://shop.ballwatch.ch/en/NM2028C-19?model=NM2028C-S19-BK ||| https://d23pdvlemoiqdt.cloudfront.net/cache/pbuilder_images/485/485_40806_40807_day_v1-755x940.png ||| /Users/lcchai/Work/assets/official/ball/485_40806_40807_day_v1-755x940.png
https://shop.ballwatch.ch/en/NM2028C-20?model=NM2028C-LBK20-BE ||| https://d23pdvlemoiqdt.cloudfront.net/cache/pbuilder_images/487/487_40810_40813_day_v1-755x940.png ||| /Users/lcchai/Work/assets/official/ball/487_40810_40813_day_v1-755x940.png
https://shop.ballwatch.ch/en/NM2028C-20?model=NM2028C-LBK20-BK ||| https://d23pdvlemoiqdt.cloudfront.net/cache/pbuilder_images/487/487_40810_40812_day_v1-755x940.png ||| /Users/lcchai/Work/assets/official/ball/487_40810_40812_day_v1-755x940.png
https://shop.ballwatch.ch/en/NM2028C-20?model=NM2028C-LBR20-BE ||| https://d23pdvlemoiqdt.cloudfront.net/cache/pbuilder_images/487/487_40811_40813_day_v1-755x940.png ||| /Users/lcchai/Work/assets/official/ball/487_40811_40813_day_v1-755x940.png
https://shop.ballwatch.ch/en/NM2028C-20?model=NM2028C-LBR20-BK ||| https://d23pdvlemoiqdt.cloudfront.net/cache/pbuilder_images/487/487_40811_40812_day_v1-755x940.png ||| /Users/lcchai/Work/assets/official/ball/487_40811_40812_day_v1-755x940.png
https://shop.ballwatch.ch/en/NM2028C-L13A?model=NM2028C-L13A-BE ||| https://d23pdvlemoiqdt.cloudfront.net/cache/pbuilder_images/723/723_40457_40459_day_v1-755x940.png ||| /Users/lcchai/Work/assets/official/ball/723_40457_40459_day_v1-755x940.png
https://shop.ballwatch.ch/en/NM2028C-L13A?model=NM2028C-L13A-BK ||| https://d23pdvlemoiqdt.cloudfront.net/cache/pbuilder_images/723/723_40457_40458_day_v1-755x940.png ||| /Users/lcchai/Work/assets/official/ball/723_40457_40458_day_v1-755x940.png
https://shop.ballwatch.ch/en/NM2028C-L4CJ-BK ||| https://d23pdvlemoiqdt.cloudfront.net/cache/catalog/products/EngineerII/Green%20Berets/NM2028C-L4CJ-BK-755x940.png ||| /Users/lcchai/Work/assets/official/ball/NM2028C-L4CJ-BK-755x940.png
https://shop.ballwatch.ch/en/NM2028C-S31C-BE ||| https://d23pdvlemoiqdt.cloudfront.net/cache/catalog/products/EngineerII/Best/NM2028C-S31C-BE-755x940.png ||| /Users/lcchai/Work/assets/official/ball/NM2028C-S31C-BE-755x940.png
https://shop.ballwatch.ch/en/NM2028C-S31C-BK ||| https://d23pdvlemoiqdt.cloudfront.net/cache/catalog/products/EngineerII/Best/NM2028C-S31C-BK-755x940.png ||| /Users/lcchai/Work/assets/official/ball/NM2028C-S31C-BK-755x940.png
https://shop.ballwatch.ch/en/NM2028C-S31C-SL ||| https://d23pdvlemoiqdt.cloudfront.net/cache/catalog/products/EngineerII/Best/NM2028C-S31C-SL-755x940.png ||| /Users/lcchai/Work/assets/official/ball/NM2028C-S31C-SL-755x940.png
https://shop.ballwatch.ch/en/NM2050C?model=NM2050C-P1A-BK ||| https://d23pdvlemoiqdt.cloudfront.net/cache/pbuilder_images/656/656_42749_day_v1-755x940.png ||| /Users/lcchai/Work/assets/official/ball/656_42749_day_v1-755x940.png
https://shop.ballwatch.ch/en/NM2050C?model=NM2050C-S1A-BK ||| https://d23pdvlemoiqdt.cloudfront.net/cache/pbuilder_images/656/656_42748_day_v1-755x940.png ||| /Users/lcchai/Work/assets/official/ball/656_42748_day_v1-755x940.png
https://shop.ballwatch.ch/en/NM2080D-S1J?model=NM2080D-S1J-BE ||| https://d23pdvlemoiqdt.cloudfront.net/cache/pbuilder_images/677/677_40106_40107_day_v1-755x940.png ||| /Users/lcchai/Work/assets/official/ball/677_40106_40107_day_v1-755x940.png
https://shop.ballwatch.ch/en/NM2080D-S1J?model=NM2080D-S1J-BK ||| https://d23pdvlemoiqdt.cloudfront.net/cache/pbuilder_images/677/677_40106_40108_day_v1-755x940.png ||| /Users/lcchai/Work/assets/official/ball/677_40106_40108_day_v1-755x940.png
https://shop.ballwatch.ch/en/NM2080D-S1J?model=NM2080D-S1J-SL ||| https://d23pdvlemoiqdt.cloudfront.net/cache/pbuilder_images/677/677_40106_40109_day_v1-755x940.png ||| /Users/lcchai/Work/assets/official/ball/677_40106_40109_day_v1-755x940.png
https://shop.ballwatch.ch/en/NM2098C-S20J-BK ||| https://d23pdvlemoiqdt.cloudfront.net/cache/catalog/products/Fireman/Enterprise/NM2188C-S20J-BK-755x940.png ||| /Users/lcchai/Work/assets/official/ball/NM2188C-S20J-BK-755x940.png
https://shop.ballwatch.ch/en/NM2098C?model=NM2098C-S4J-BE ||| https://d23pdvlemoiqdt.cloudfront.net/cache/pbuilder_images/686/686_40131_40132_40135_40138_day_v1-755x940.png ||| /Users/lcchai/Work/assets/official/ball/686_40131_40132_40135_40138_day_v1-755x940.png
https://shop.ballwatch.ch/en/NM2098C?model=NM2098C-S4J-BK ||| https://d23pdvlemoiqdt.cloudfront.net/cache/pbuilder_images/686/686_40131_40133_40135_40138_day_v1-755x940.png ||| /Users/lcchai/Work/assets/official/ball/686_40131_40133_40135_40138_day_v1-755x940.png
https://shop.ballwatch.ch/en/NM2098C?model=NM2098C-S4J-SL ||| https://d23pdvlemoiqdt.cloudfront.net/cache/pbuilder_images/686/686_40131_40134_40135_40138_day_v1-755x940.png ||| /Users/lcchai/Work/assets/official/ball/686_40131_40134_40135_40138_day_v1-755x940.png
https://shop.ballwatch.ch/en/NM2098C?model=NM2098C-S5J-BE ||| https://d23pdvlemoiqdt.cloudfront.net/cache/pbuilder_images/686/686_40131_40132_40135_40138_day_v1-755x940.png ||| /Users/lcchai/Work/assets/official/ball/686_40131_40132_40135_40138_day_v1-755x940.png
https://shop.ballwatch.ch/en/NM2098C?model=NM2098C-S5J-BK ||| https://d23pdvlemoiqdt.cloudfront.net/cache/pbuilder_images/686/686_40131_40133_40135_40138_day_v1-755x940.png ||| /Users/lcchai/Work/assets/official/ball/686_40131_40133_40135_40138_day_v1-755x940.png
https://shop.ballwatch.ch/en/NM2098C?model=NM2098C-S5J-SL ||| https://d23pdvlemoiqdt.cloudfront.net/cache/pbuilder_images/686/686_40131_40134_40135_40138_day_v1-755x940.png ||| /Users/lcchai/Work/assets/official/ball/686_40131_40134_40135_40138_day_v1-755x940.png
https://shop.ballwatch.ch/en/NM2098C?model=NM2098C-S6J-BE ||| https://d23pdvlemoiqdt.cloudfront.net/cache/pbuilder_images/686/686_40131_40132_40135_40138_day_v1-755x940.png ||| /Users/lcchai/Work/assets/official/ball/686_40131_40132_40135_40138_day_v1-755x940.png
https://shop.ballwatch.ch/en/NM2098C?model=NM2098C-S6J-BK ||| https://d23pdvlemoiqdt.cloudfront.net/cache/pbuilder_images/686/686_40131_40133_40135_40138_day_v1-755x940.png ||| /Users/lcchai/Work/assets/official/ball/686_40131_40133_40135_40138_day_v1-755x940.png
https://shop.ballwatch.ch/en/NM2098C?model=NM2098C-S6J-SL ||| https://d23pdvlemoiqdt.cloudfront.net/cache/pbuilder_images/686/686_40131_40134_40135_40138_day_v1-755x940.png ||| /Users/lcchai/Work/assets/official/ball/686_40131_40134_40135_40138_day_v1-755x940.png
https://shop.ballwatch.ch/en/NM2126C-03?model=NM2126C-S3A-BEYE ||| https://d23pdvlemoiqdt.cloudfront.net/cache/pbuilder_images/315/315_40800_40804_day_v1-755x940.png ||| /Users/lcchai/Work/assets/official/ball/315_40800_40804_day_v1-755x940.png
https://shop.ballwatch.ch/en/NM2126C-03?model=NM2126C-S3A-BKGR ||| https://d23pdvlemoiqdt.cloudfront.net/cache/pbuilder_images/315/315_40800_40803_day_v1-755x940.png ||| /Users/lcchai/Work/assets/official/ball/315_40800_40803_day_v1-755x940.png
https://shop.ballwatch.ch/en/NM2126C-S5C-BE1?model=NM2126C-S5C-BE1 ||| https://d23pdvlemoiqdt.cloudfront.net/cache/pbuilder_images/804/804_45703_day_v1-755x940.png ||| /Users/lcchai/Work/assets/official/ball/804_45703_day_v1-755x940.png
https://shop.ballwatch.ch/en/NM2126C-S5C-BE1?model=NM2126C-S5C-BE2 ||| https://d23pdvlemoiqdt.cloudfront.net/cache/pbuilder_images/804/804_45702_day_v1-755x940.png ||| /Users/lcchai/Work/assets/official/ball/804_45702_day_v1-755x940.png
https://shop.ballwatch.ch/en/NM2126C-S5C-BK1?model=NM2126C-S5C-BK1 ||| https://d23pdvlemoiqdt.cloudfront.net/cache/pbuilder_images/802/802_45705_day_v1-755x940.png ||| /Users/lcchai/Work/assets/official/ball/802_45705_day_v1-755x940.png
https://shop.ballwatch.ch/en/NM2126C-S5C-BK1?model=NM2126C-S5C-BK2 ||| https://d23pdvlemoiqdt.cloudfront.net/cache/pbuilder_images/802/802_45704_day_v1-755x940.png ||| /Users/lcchai/Work/assets/official/ball/802_45704_day_v1-755x940.png
https://shop.ballwatch.ch/en/NM2128C-SCA-BE ||| https://d23pdvlemoiqdt.cloudfront.net/cache/catalog/products/EngineerM/Challenger43mm/NM2128C-SCA-BE-755x940.png ||| /Users/lcchai/Work/assets/official/ball/NM2128C-SCA-BE-755x940.png
https://shop.ballwatch.ch/en/NM2128C-SCA-BK ||| https://d23pdvlemoiqdt.cloudfront.net/cache/catalog/products/EngineerM/Challenger43mm/NM2128C-SCA-BK-755x940.png ||| /Users/lcchai/Work/assets/official/ball/NM2128C-SCA-BK-755x940.png
https://shop.ballwatch.ch/en/NM2182C-S2J-BK ||| https://d23pdvlemoiqdt.cloudfront.net/cache/catalog/products/EngineerIII/SilverStar/NM2182C-S2J-BK-755x940.png ||| /Users/lcchai/Work/assets/official/ball/NM2182C-S2J-BK-755x940.png
https://shop.ballwatch.ch/en/NM2186C-L3J-BK ||| https://d23pdvlemoiqdt.cloudfront.net/cache/catalog/products/EngineerIII/Bronze/NM2186C-L3J-BK-755x940.png ||| /Users/lcchai/Work/assets/official/ball/NM2186C-L3J-BK-755x940.png
https://shop.ballwatch.ch/en/NM2186C-L4J?model=NM2186C-L4J-BE ||| https://d23pdvlemoiqdt.cloudfront.net/cache/pbuilder_images/659/659_40066_40068_day_v1-755x940.png ||| /Users/lcchai/Work/assets/official/ball/659_40066_40068_day_v1-755x940.png
https://shop.ballwatch.ch/en/NM2282C-SJ-GY ||| https://d23pdvlemoiqdt.cloudfront.net/cache/catalog/products/EngineerII/MoonPhase/NM2282C-SJ-GY-755x940.png ||| /Users/lcchai/Work/assets/official/ball/NM2282C-SJ-GY-755x940.png
https://shop.ballwatch.ch/en/NM3026C?model=NM3026C-L1CJ-BE ||| https://d23pdvlemoiqdt.cloudfront.net/cache/pbuilder_images/660/660_40072_40074_day_v1-755x940.png ||| /Users/lcchai/Work/assets/official/ball/660_40072_40074_day_v1-755x940.png
https://shop.ballwatch.ch/en/NM3026C?model=NM3026C-L1CJ-BK ||| https://d23pdvlemoiqdt.cloudfront.net/cache/pbuilder_images/660/660_40071_40074_day_v1-755x940.png ||| /Users/lcchai/Work/assets/official/ball/660_40071_40074_day_v1-755x940.png
https://shop.ballwatch.ch/en/NM3026C?model=NM3026C-P1CJ-BE ||| https://d23pdvlemoiqdt.cloudfront.net/cache/pbuilder_images/660/660_40072_40073_day_v1-755x940.png ||| /Users/lcchai/Work/assets/official/ball/660_40072_40073_day_v1-755x940.png
https://shop.ballwatch.ch/en/NM3026C?model=NM3026C-P1CJ-BK ||| https://d23pdvlemoiqdt.cloudfront.net/cache/pbuilder_images/660/660_40071_40073_day_v1-755x940.png ||| /Users/lcchai/Work/assets/official/ball/660_40071_40073_day_v1-755x940.png
https://shop.ballwatch.ch/en/NM3080D-SJ-GY ||| https://d23pdvlemoiqdt.cloudfront.net/cache/catalog/products/Trainmaster/Legend/NM3080D-SJ-GY-755x940.png ||| /Users/lcchai/Work/assets/official/ball/NM3080D-SJ-GY-755x940.png
https://shop.ballwatch.ch/en/NM3082D-SJ?model=NM3082D-SJ-BE ||| https://d23pdvlemoiqdt.cloudfront.net/cache/pbuilder_images/756/756_40827_40828_day_v1-755x940.png ||| /Users/lcchai/Work/assets/official/ball/756_40827_40828_day_v1-755x940.png
https://shop.ballwatch.ch/en/NM3280D-S1CJ?model=NM3280D-S1CJ-BE ||| https://d23pdvlemoiqdt.cloudfront.net/cache/pbuilder_images/674/674_40094_40096_day_v1-755x940.png ||| /Users/lcchai/Work/assets/official/ball/674_40094_40096_day_v1-755x940.png
https://shop.ballwatch.ch/en/NM3280D-S1CJ?model=NM3280D-S1CJ-BK ||| https://d23pdvlemoiqdt.cloudfront.net/cache/pbuilder_images/674/674_40094_40095_day_v1-755x940.png ||| /Users/lcchai/Work/assets/official/ball/674_40094_40095_day_v1-755x940.png
https://shop.ballwatch.ch/en/NM3280D-S1CJ?model=NM3280D-S1CJ-SL ||| https://d23pdvlemoiqdt.cloudfront.net/cache/pbuilder_images/674/674_40094_40097_day_v1-755x940.png ||| /Users/lcchai/Work/assets/official/ball/674_40094_40097_day_v1-755x940.png
https://shop.ballwatch.ch/en/NM3288D-SJ-WH ||| https://d23pdvlemoiqdt.cloudfront.net/cache/catalog/products/Trainmaster/Standard%20Time%20135/NM3288D-SJ-WH-755x940.png ||| /Users/lcchai/Work/assets/official/ball/NM3288D-SJ-WH-755x940.png
https://shop.ballwatch.ch/en/NM3288D-trainmaster-endeavour ||| https://d23pdvlemoiqdt.cloudfront.net/cache/catalog/products/Trainmaster/EndeavourChronometer/NM3288D-S2CJ-WH-755x940.png ||| /Users/lcchai/Work/assets/official/ball/NM3288D-S2CJ-WH-755x940.png
https://shop.ballwatch.ch/en/NM3288D-trainmaster-endeavour?model=NM3288D-L2C-WH ||| https://d23pdvlemoiqdt.cloudfront.net/cache/pbuilder_images/482/482_37233_day_v1-755x940.png ||| /Users/lcchai/Work/assets/official/ball/482_37233_day_v1-755x940.png
https://shop.ballwatch.ch/en/NM3288D-trainmaster-endeavour?model=NM3288D-S2C-WH ||| https://d23pdvlemoiqdt.cloudfront.net/cache/pbuilder_images/482/482_37232_day_v1-755x940.png ||| /Users/lcchai/Work/assets/official/ball/482_37232_day_v1-755x940.png
https://shop.ballwatch.ch/en/NM3888D-S1CJ-WH ||| https://d23pdvlemoiqdt.cloudfront.net/cache/catalog/products/Trainmaster/Standard%20Time/NM3888D_S1CJ-WH-755x940.png ||| /Users/lcchai/Work/assets/official/ball/NM3888D_S1CJ-WH-755x940.png
https://shop.ballwatch.ch/en/NM9028C-S29C-BK ||| https://d23pdvlemoiqdt.cloudfront.net/cache/catalog/products/EngineerIII/Marvelight43mm/NM2028C-S29C-BK-755x940.png ||| /Users/lcchai/Work/assets/official/ball/NM2028C-S29C-BK-755x940.png
https://shop.ballwatch.ch/en/NM9032C-S2C-BE?model=NM9032C-S2C-BE2 ||| https://d23pdvlemoiqdt.cloudfront.net/cache/pbuilder_images/822/822_45712_day_v1-755x940.png ||| /Users/lcchai/Work/assets/official/ball/822_45712_day_v1-755x940.png
https://shop.ballwatch.ch/en/NM9032C-S2C-BK?model=NM9032C-S2C-BK2 ||| https://d23pdvlemoiqdt.cloudfront.net/cache/pbuilder_images/821/821_45714_day_v1-755x940.png ||| /Users/lcchai/Work/assets/official/ball/821_45714_day_v1-755x940.png
https://shop.ballwatch.ch/en/NM9032C-S2C-GR?model=NM9032C-S2C-GR2 ||| https://d23pdvlemoiqdt.cloudfront.net/cache/pbuilder_images/823/823_45716_day_v1-755x940.png ||| /Users/lcchai/Work/assets/official/ball/823_45716_day_v1-755x940.png
https://shop.ballwatch.ch/en/NT2222C-S1C-BEC ||| https://d23pdvlemoiqdt.cloudfront.net/cache/catalog/Watches/ball/endurance/NT2222C-S1C-BEC-755x940.jpg ||| /Users/lcchai/Work/assets/official/ball/NT2222C-S1C-BEC-755x940.jpg
https://shop.ballwatch.ch/en/NT2222C?model=NT2222C-P2C-BEC ||| https://d23pdvlemoiqdt.cloudfront.net/cache/pbuilder_images/711/711_40447_40449_day_v1-755x940.png ||| /Users/lcchai/Work/assets/official/ball/711_40447_40449_day_v1-755x940.png
https://shop.ballwatch.ch/en/NT2222C?model=NT2222C-S1C-BEC ||| https://d23pdvlemoiqdt.cloudfront.net/cache/pbuilder_images/711/711_40447_40448_day_v1-755x940.png ||| /Users/lcchai/Work/assets/official/ball/711_40447_40448_day_v1-755x940.png
https://shop.ballwatch.ch/en/NT2222C?model=NT2222C-S1C-BKC ||| https://d23pdvlemoiqdt.cloudfront.net/cache/pbuilder_images/711/711_40446_40448_day_v1-755x940.png ||| /Users/lcchai/Work/assets/official/ball/711_40446_40448_day_v1-755x940.png
https://shop.ballwatch.ch/en/NT2222C?model=NT2222C-S2C-BEC ||| https://d23pdvlemoiqdt.cloudfront.net/cache/pbuilder_images/711/711_40447_40448_day_v1-755x940.png ||| /Users/lcchai/Work/assets/official/ball/711_40447_40448_day_v1-755x940.png
https://shop.ballwatch.ch/en/NT2222C?model=NT2222C-S2C-BKC ||| https://d23pdvlemoiqdt.cloudfront.net/cache/pbuilder_images/711/711_40446_40448_day_v1-755x940.png ||| /Users/lcchai/Work/assets/official/ball/711_40446_40448_day_v1-755x940.png
https://shop.ballwatch.ch/en/Original-DM2118B-SCJ-BK ||| https://d23pdvlemoiqdt.cloudfront.net/cache/catalog/products/EngineerHydrocarbon/Original/DM2118B-SCJ-BK_7-755x940.png ||| /Users/lcchai/Work/assets/official/ball/DM2118B-SCJ-BK_7-755x940.png
https://shop.ballwatch.ch/en/PM9026C-S3C-BE?model=PM9026C-S3C-BE1 ||| https://d23pdvlemoiqdt.cloudfront.net/cache/pbuilder_images/816/816_45707_day_v1-755x940.png ||| /Users/lcchai/Work/assets/official/ball/816_45707_day_v1-755x940.png
https://shop.ballwatch.ch/en/PM9026C-S3C-BE?model=PM9026C-S3C-BE2 ||| https://d23pdvlemoiqdt.cloudfront.net/cache/pbuilder_images/816/816_45706_day_v1-755x940.png ||| /Users/lcchai/Work/assets/official/ball/816_45706_day_v1-755x940.png
https://shop.ballwatch.ch/en/PM9026C-S3C-BK?model=PM9026C-S3C-BK1 ||| https://d23pdvlemoiqdt.cloudfront.net/cache/pbuilder_images/815/815_45709_day_v1-755x940.png ||| /Users/lcchai/Work/assets/official/ball/815_45709_day_v1-755x940.png
https://shop.ballwatch.ch/en/PM9026C-S3C-BK?model=PM9026C-S3C-BK2 ||| https://d23pdvlemoiqdt.cloudfront.net/cache/pbuilder_images/815/815_45708_day_v1-755x940.png ||| /Users/lcchai/Work/assets/official/ball/815_45708_day_v1-755x940.png
https://shop.ballwatch.ch/en/PM9026C-S3C-SL?model=PM9026C-S3C-SL1 ||| https://d23pdvlemoiqdt.cloudfront.net/cache/pbuilder_images/817/817_45711_day_v1-755x940.png ||| /Users/lcchai/Work/assets/official/ball/817_45711_day_v1-755x940.png
https://shop.ballwatch.ch/en/PM9026C-S3C-SL?model=PM9026C-S3C-SL2 ||| https://d23pdvlemoiqdt.cloudfront.net/cache/pbuilder_images/817/817_45710_day_v1-755x940.png ||| /Users/lcchai/Work/assets/official/ball/817_45710_day_v1-755x940.png
https://shop.ballwatch.ch/en/PW1098E-WH ||| https://d23pdvlemoiqdt.cloudfront.net/cache/catalog/products/Trainmaster/SecometerPocketWatch/NM1098D-755x940.png ||| /Users/lcchai/Work/assets/official/ball/NM1098D-755x940.png
https://shop.ballwatch.ch/en/Skipper-DM3030B-S7CJ-BE ||| https://d23pdvlemoiqdt.cloudfront.net/cache/catalog/products/Roadmaster/Skipper/DM3030B-S7CJ-BE-755x940.png ||| /Users/lcchai/Work/assets/official/ball/DM3030B-S7CJ-BE-755x940.png
https://shop.ballwatch.ch/en/Skipper-DM3030B-S7CJ-GY ||| https://d23pdvlemoiqdt.cloudfront.net/cache/catalog/products/Roadmaster/Skipper/DM3030B-S7CJ-GY-755x940.png ||| /Users/lcchai/Work/assets/official/ball/DM3030B-S7CJ-GY-755x940.png
https://shop.ballwatch.ch/en/Skipper-DM3050B-S7CJ-BE ||| https://d23pdvlemoiqdt.cloudfront.net/cache/catalog/products/Roadmaster/Skipper/DM3050B-S7CJ-BE_1-755x940.png ||| /Users/lcchai/Work/assets/official/ball/DM3050B-S7CJ-BE_1-755x940.png
https://shop.ballwatch.ch/en/Skipper-DM3050B-S7CJ-GY ||| https://d23pdvlemoiqdt.cloudfront.net/cache/catalog/products/Roadmaster/Skipper/DM3050B-S7CJ-GY_1-755x940.png ||| /Users/lcchai/Work/assets/official/ball/DM3050B-S7CJ-GY_1-755x940.png
https://shop.ballwatch.ch/en/Skipper-DM3130B-S3CJ-BE ||| https://d23pdvlemoiqdt.cloudfront.net/cache/catalog/products/Roadmaster/MSkipper/DM3130B-S3CJ-BE-755x940.png ||| /Users/lcchai/Work/assets/official/ball/DM3130B-S3CJ-BE-755x940.png
https://shop.ballwatch.ch/en/Skipper-DM3130B-S3CJ-GY ||| https://d23pdvlemoiqdt.cloudfront.net/cache/catalog/products/Roadmaster/MSkipper/DM3130B-S3CJ-GY-755x940.png ||| /Users/lcchai/Work/assets/official/ball/DM3130B-S3CJ-GY-755x940.png
https://shop.ballwatch.ch/en/Skipper-DM3150B-S3CJ-BE ||| https://d23pdvlemoiqdt.cloudfront.net/cache/catalog/products/Roadmaster/MSkipper/DM3150B-S3CJ-BE_1-755x940.png ||| /Users/lcchai/Work/assets/official/ball/DM3150B-S3CJ-BE_1-755x940.png
https://shop.ballwatch.ch/en/Skipper-DM3150B-S3CJ-GY ||| https://d23pdvlemoiqdt.cloudfront.net/cache/catalog/products/Roadmaster/MSkipper/DM3150B-S3CJ-GY_1-755x940.png ||| /Users/lcchai/Work/assets/official/ball/DM3150B-S3CJ-GY_1-755x940.png
https://shop.ballwatch.ch/en/StarLight_Bronze-DD3072B-LC-BE ||| https://d23pdvlemoiqdt.cloudfront.net/cache/catalog/products/Roadmaster/StarlightBronze43/DD3072B-LC-BE_1-755x940.png ||| /Users/lcchai/Work/assets/official/ball/DD3072B-LC-BE_1-755x940.png
https://shop.ballwatch.ch/en/StarLight_Bronze-DD3072B-LC-BR ||| https://d23pdvlemoiqdt.cloudfront.net/cache/catalog/products/Roadmaster/StarlightBronze43/DD3072B-LC-BR_1-755x940.png ||| /Users/lcchai/Work/assets/official/ball/DD3072B-LC-BR_1-755x940.png
https://shop.ballwatch.ch/en/StarLight_Bronze-DM3070B-LC-BE ||| https://d23pdvlemoiqdt.cloudfront.net/cache/catalog/products/Roadmaster/StarlightBronze42/DM3070B-LC-BE_1-755x940.png ||| /Users/lcchai/Work/assets/official/ball/DM3070B-LC-BE_1-755x940.png
https://shop.ballwatch.ch/en/StarLight_Bronze-DM3070B-LC-BR ||| https://d23pdvlemoiqdt.cloudfront.net/cache/catalog/products/Roadmaster/StarlightBronze42/DM3070B-LC-BR_1-755x940.png ||| /Users/lcchai/Work/assets/official/ball/DM3070B-LC-BR_1-755x940.png
https://shop.ballwatch.ch/en/Starlight-DM3050B-S4-BK ||| https://d23pdvlemoiqdt.cloudfront.net/cache/catalog/products/Roadmaster/Starlight/DM3050B-S4-BK-755x940.png ||| /Users/lcchai/Work/assets/official/ball/DM3050B-S4-BK-755x940.png
https://shop.ballwatch.ch/en/Starlight-DM3050B-S5-BE ||| https://d23pdvlemoiqdt.cloudfront.net/cache/catalog/products/Roadmaster/Starlight/DM3050B-S5-BE-755x940.png ||| /Users/lcchai/Work/assets/official/ball/DM3050B-S5-BE-755x940.png
https://shop.ballwatch.ch/en/Starlight-DM3050B-S5-BK ||| https://d23pdvlemoiqdt.cloudfront.net/cache/catalog/products/Roadmaster/Starlight/DM3050B-S5-BK-755x940.png ||| /Users/lcchai/Work/assets/official/ball/DM3050B-S5-BK-755x940.png
https://shop.ballwatch.ch/en/Starlight-DM3050B-S6-GR ||| https://d23pdvlemoiqdt.cloudfront.net/cache/catalog/products/Roadmaster/Starlight/DM3050B-S6-GR_2-755x940.png ||| /Users/lcchai/Work/assets/official/ball/DM3050B-S6-GR_2-755x940.png
https://shop.ballwatch.ch/en/Submarine - DC2276A[bracelet]-BK?model=DC2276A-PJ-BK ||| https://d23pdvlemoiqdt.cloudfront.net/cache/pbuilder_images/652/652_40054_40055_day_v1-755x940.png ||| /Users/lcchai/Work/assets/official/ball/652_40054_40055_day_v1-755x940.png
https://shop.ballwatch.ch/en/Submarine - DC2276A[bracelet]-BK?model=DC2276A-SJ-BK ||| https://d23pdvlemoiqdt.cloudfront.net/cache/pbuilder_images/652/652_40053_40055_day_v1-755x940.png ||| /Users/lcchai/Work/assets/official/ball/652_40053_40055_day_v1-755x940.png
https://shop.ballwatch.ch/en/TMT-DT3050B-S3-BKF ||| https://d23pdvlemoiqdt.cloudfront.net/cache/catalog/products/Roadmaster/TMT/DT3050B-S3-BKF-755x940.png ||| /Users/lcchai/Work/assets/official/ball/DT3050B-S3-BKF-755x940.png
https://shop.ballwatch.ch/en/TMT-DT3050B-S4-BEF ||| https://d23pdvlemoiqdt.cloudfront.net/cache/catalog/products/Roadmaster/TMT/DT3050B-S4-BEF-755x940.png ||| /Users/lcchai/Work/assets/official/ball/DT3050B-S4-BEF-755x940.png
https://shop.ballwatch.ch/en/Vanguard-DG3036B-S1C-BE ||| https://d23pdvlemoiqdt.cloudfront.net/cache/catalog/products/Roadmaster/Vanguard/DG3036B-S1C-BE-755x940.png ||| /Users/lcchai/Work/assets/official/ball/DG3036B-S1C-BE-755x940.png
https://shop.ballwatch.ch/en/Vanguard-DG3036B-S1C-BK ||| https://d23pdvlemoiqdt.cloudfront.net/cache/catalog/products/Roadmaster/Vanguard/DG3036B-S1C-BK-755x940.png ||| /Users/lcchai/Work/assets/official/ball/DG3036B-S1C-BK-755x940.png
https://shop.ballwatch.ch/en/Vanguard-DG3036B-S2C-BE ||| https://d23pdvlemoiqdt.cloudfront.net/cache/catalog/products/Roadmaster/Vanguard/DG3036B-S2C-BE-755x940.png ||| /Users/lcchai/Work/assets/official/ball/DG3036B-S2C-BE-755x940.png
https://shop.ballwatch.ch/en/Vanguard-DG3036B-S2C-BK ||| https://d23pdvlemoiqdt.cloudfront.net/cache/catalog/products/Roadmaster/Vanguard/DG3036B-S2C-BK-755x940.png ||| /Users/lcchai/Work/assets/official/ball/DG3036B-S2C-BK-755x940.png
https://shop.ballwatch.ch/en/armor40?model=NM2026C-S32C-BE1 ||| https://d23pdvlemoiqdt.cloudfront.net/cache/pbuilder_images/771/771_42741_day_v1-755x940.png ||| /Users/lcchai/Work/assets/official/ball/771_42741_day_v1-755x940.png
https://shop.ballwatch.ch/en/armor40?model=NM2026C-S32C-BK1 ||| https://d23pdvlemoiqdt.cloudfront.net/cache/pbuilder_images/771/771_42740_day_v1-755x940.png ||| /Users/lcchai/Work/assets/official/ball/771_42740_day_v1-755x940.png
https://shop.ballwatch.ch/en/armor43?model=NM2028C-S32C-BE1 ||| https://d23pdvlemoiqdt.cloudfront.net/cache/pbuilder_images/772/772_42744_day_v1-755x940.png ||| /Users/lcchai/Work/assets/official/ball/772_42744_day_v1-755x940.png
https://shop.ballwatch.ch/en/armor43?model=NM2028C-S32C-BK1 ||| https://d23pdvlemoiqdt.cloudfront.net/cache/pbuilder_images/772/772_42743_day_v1-755x940.png ||| /Users/lcchai/Work/assets/official/ball/772_42743_day_v1-755x940.png
https://shop.ballwatch.ch/en/fireman-glory ||| https://d23pdvlemoiqdt.cloudfront.net/cache/catalog/products/Fireman/FRGlory/NM2388C-S4-BK-755x940.png ||| /Users/lcchai/Work/assets/official/ball/NM2388C-S4-BK-755x940.png
https://shop.ballwatch.ch/en/fireman-glory-463224001 ||| https://d23pdvlemoiqdt.cloudfront.net/cache/catalog/products/Fireman/FRGlory/NM2388C-S4-WH-755x940.png ||| /Users/lcchai/Work/assets/official/ball/NM2388C-S4-WH-755x940.png
https://shop.ballwatch.ch/en/fireman-racer ||| https://d23pdvlemoiqdt.cloudfront.net/cache/catalog/products/Fireman/FRRacer/NM2388C-S2J-BKRD-755x940.png ||| /Users/lcchai/Work/assets/official/ball/NM2388C-S2J-BKRD-755x940.png
https://shop.ballwatch.ch/en/fireman-racer-1945220343 ||| https://d23pdvlemoiqdt.cloudfront.net/cache/catalog/products/Fireman/FRRacer/NM2388C-S2J-WHBK-755x940.png ||| /Users/lcchai/Work/assets/official/ball/NM2388C-S2J-WHBK-755x940.png
https://shop.ballwatch.ch/en/pulsemeter_GMT_MSF ||| https://d23pdvlemoiqdt.cloudfront.net/cache/catalog/products/Trainmaster/MSF/GM1038D-L7J-WH-755x940.png ||| /Users/lcchai/Work/assets/official/ball/GM1038D-L7J-WH-755x940.png
https://shop.ballwatch.ch/en/pulsemeter_chronograph_MSF ||| https://d23pdvlemoiqdt.cloudfront.net/cache/catalog/products/Trainmaster/MSF/CM1052D-S5J-WH-755x940.png ||| /Users/lcchai/Work/assets/official/ball/CM1052D-S5J-WH-755x940.png
https://shop.ballwatch.ch/en/rms_worldtime_610 ||| https://d23pdvlemoiqdt.cloudfront.net/cache/catalog/products/Roadmaster/Worldtime/DG3032A-SC-BKBK_2-755x940.png ||| /Users/lcchai/Work/assets/official/ball/DG3032A-SC-BKBK_2-755x940.png
https://shop.ballwatch.ch/en/rms_worldtime_611 ||| https://d23pdvlemoiqdt.cloudfront.net/cache/catalog/products/Roadmaster/Worldtime/DG3032A-SC-BKBE_2-755x940.png ||| /Users/lcchai/Work/assets/official/ball/DG3032A-SC-BKBE_2-755x940.png
https://shop.ballwatch.ch/en/rms_worldtime_612 ||| https://d23pdvlemoiqdt.cloudfront.net/cache/catalog/products/Roadmaster/Worldtime/DG3032A-SC-BKRD_2-755x940.png ||| /Users/lcchai/Work/assets/official/ball/DG3032A-SC-BKRD_2-755x940.png
https://shop.ballwatch.ch/en/rms_worldtime_613 ||| https://d23pdvlemoiqdt.cloudfront.net/cache/catalog/products/Roadmaster/Worldtime/DG3032A-S-BKBK_2-755x940.png ||| /Users/lcchai/Work/assets/official/ball/DG3032A-S-BKBK_2-755x940.png
https://shop.ballwatch.ch/en/rms_worldtime_614 ||| https://d23pdvlemoiqdt.cloudfront.net/cache/catalog/products/Roadmaster/Worldtime/DG3032A-S-BKBE_2-755x940.png ||| /Users/lcchai/Work/assets/official/ball/DG3032A-S-BKBE_2-755x940.png
https://shop.ballwatch.ch/en/rms_worldtime_615 ||| https://d23pdvlemoiqdt.cloudfront.net/cache/catalog/products/Roadmaster/Worldtime/DG3032A-S-BKRD_2-755x940.png ||| /Users/lcchai/Work/assets/official/ball/DG3032A-S-BKRD_2-755x940.png
