https://www.casio.com/products/watches/baby-g/ba112-2a ||| 404
https://www.casio.com/products/watches/baby-g/bga150kt-4b ||| 404
https://www.casio.com/products/watches/baby-g/msgs500g-2a ||| 404
https://www.casio.com/products/watches/baby-g/msgs500g-2a2 ||| 404
https://www.casio.com/products/watches/classic/a168wec-1vt ||| 404
https://www.casio.com/products/watches/classic/a700wm-7avt ||| 404
https://www.casio.com/products/watches/classic/a700wmg-9avt ||| 404
https://www.casio.com/products/watches/classic/aq230ga-9bvt ||| 404
https://www.casio.com/products/watches/classic/b640wc-5avt ||| 404
https://www.casio.com/products/watches/classic/b650wb-1bvt ||| 404
https://www.casio.com/products/watches/classic/la20wh-4a1 ||| 404
https://www.casio.com/products/watches/classic/la20wh-8a ||| 404
https://www.casio.com/products/watches/classic/lws1100h-2av ||| 404
https://www.casio.com/products/watches/classic/lws1100h-9av ||| 404
https://www.casio.com/products/watches/classic/mtp1215a-1a ||| 404
https://www.casio.com/products/watches/classic/w213-2av ||| 404
https://www.casio.com/products/watches/classic/ws1100h-1av ||| 404
https://www.casio.com/products/watches/classic/ws1100h-2av ||| 404
https://www.casio.com/products/watches/classic/ws1100h-4av ||| 404
https://www.casio.com/products/watches/databank/aw80-7av ||| 404
https://www.casio.com/products/watches/databank/ca506b-1avt ||| 404
https://www.casio.com/products/watches/databank/ca506g-9avt ||| 404
https://www.casio.com/products/watches/dress/a1000m-1bvt ||| 404
https://www.casio.com/products/watches/dress/a1000mcg-9vt ||| 404
https://www.casio.com/products/watches/dress/a1000mpg-9vt ||| 404
https://www.casio.com/products/watches/dress/a1000rg-5vt ||| 404
https://www.casio.com/products/watches/dress/a159wgea-1vt ||| 404
https://www.casio.com/products/watches/dress/a168wec-1vt ||| 404
https://www.casio.com/products/watches/dress/a168wegb-1bvt ||| 404
https://www.casio.com/products/watches/dress/a168wem-1vt ||| 404
https://www.casio.com/products/watches/dress/a168wem-7vt ||| 404
https://www.casio.com/products/watches/dress/a168wg-9vt ||| 404
https://www.casio.com/products/watches/dress/a168wgg-1bvt ||| 404
https://www.casio.com/products/watches/dress/a700wm-7avt ||| 404
https://www.casio.com/products/watches/dress/a700wmg-9avt ||| 404
https://www.casio.com/products/watches/dress/aq230ga-9bvt ||| 404
https://www.casio.com/products/watches/dress/b640wb-1bvt ||| 404
https://www.casio.com/products/watches/dress/b640wc-5avt ||| 404
https://www.casio.com/products/watches/dress/b650wb-1bvt ||| 404
https://www.casio.com/products/watches/dress/b650wc-5avt ||| 404
https://www.casio.com/products/watches/dress/ef106d-2av ||| 404
https://www.casio.com/products/watches/dress/ef305-1av ||| 404
https://www.casio.com/products/watches/dress/ef539d-2av ||| 404
https://www.casio.com/products/watches/dress/efa120d-1av ||| 404
https://www.casio.com/products/watches/dress/la680wga-9vt ||| 404
https://www.casio.com/products/watches/edifice/ecb10d-2a ||| 404
https://www.casio.com/products/watches/edifice/ecb10hr-1a ||| 404
https://www.casio.com/products/watches/edifice/ecb10p-1a ||| 404
https://www.casio.com/products/watches/edifice/ecb10pb-1a ||| 404
https://www.casio.com/products/watches/edifice/ecb20at-2a ||| 404
https://www.casio.com/products/watches/edifice/ecb20d-1a ||| 404
https://www.casio.com/products/watches/edifice/ecb20db-1a ||| 404
https://www.casio.com/products/watches/edifice/ecb20dc-1a ||| 404
https://www.casio.com/products/watches/edifice/ecb500d-1a ||| 404
https://www.casio.com/products/watches/edifice/ecb800db-1a ||| 404
https://www.casio.com/products/watches/edifice/ecb900db-1a ||| 404
https://www.casio.com/products/watches/edifice/ecb900db-1b ||| 404
https://www.casio.com/products/watches/edifice/ecb900db-1c ||| 404
https://www.casio.com/products/watches/edifice/ecb900pb-1a ||| 404
https://www.casio.com/products/watches/edifice/ef106d-2av ||| 404
https://www.casio.com/products/watches/edifice/ef305-1av ||| 404
https://www.casio.com/products/watches/edifice/ef527d-1av ||| 404
https://www.casio.com/products/watches/edifice/ef539d-2av ||| 404
https://www.casio.com/products/watches/edifice/efa120d-1av ||| 404
https://www.casio.com/products/watches/edifice/efr564d-1a ||| 404
https://www.casio.com/products/watches/edifice/efr564d-2av ||| 404
https://www.casio.com/products/watches/edifice/efrs567d-1av ||| 404
https://www.casio.com/products/watches/edifice/efs500db-1bv ||| 404
https://www.casio.com/products/watches/edifice/efss510d-2av ||| 404
https://www.casio.com/products/watches/edifice/efv550d-1av ||| 404
https://www.casio.com/products/watches/edifice/efv550d-7av ||| 404
https://www.casio.com/products/watches/edifice/efv590d-1av ||| 404
https://www.casio.com/products/watches/edifice/efv590d-2av ||| 404
https://www.casio.com/products/watches/edifice/eqb1000d-1a ||| 404
https://www.casio.com/products/watches/edifice/eqb1000xd-1a ||| 404
https://www.casio.com/products/watches/edifice/eqb1000xdc-1a ||| 404
https://www.casio.com/products/watches/edifice/eqb501xbl-2a ||| 404
https://www.casio.com/products/watches/edifice/eqb501xbr-1a ||| 404
https://www.casio.com/products/watches/edifice/eqb501xd-1a ||| 404
https://www.casio.com/products/watches/edifice/eqb501xdb-1a ||| 404
https://www.casio.com/products/watches/edifice/eqb800br-1a ||| 404
https://www.casio.com/products/watches/edifice/eqb800db-1a ||| 404
https://www.casio.com/products/watches/edifice/eqb900db-2a ||| 404
https://www.casio.com/products/watches/edifice/eqs500db-1a1 ||| 404
https://www.casio.com/products/watches/g-shock-s-series/gmab800-8a ||| 404
https://www.casio.com/products/watches/g-shock-s-series/gmas120mf-2a2 ||| 404
https://www.casio.com/products/watches/g-shock-s-series/gmas120mf-7a2 ||| 404
https://www.casio.com/products/watches/g-shock-s-series/gmas130-7a ||| 404
https://www.casio.com/products/watches/g-shock-s-series/gmas140-2a ||| 404
https://www.casio.com/products/watches/g-shock-s-series/gmas140-8a ||| 404
https://www.casio.com/products/watches/g-shock/ba120t-7a ||| 404
https://www.casio.com/products/watches/g-shock/ba120tg-4a ||| 404
https://www.casio.com/products/watches/g-shock/bandgs01b-3 ||| 404
https://www.casio.com/products/watches/g-shock/ga110mmc-1a ||| 404
https://www.casio.com/products/watches/g-shock/gmab800-1a ||| 404
https://www.casio.com/products/watches/g-shock/gmas120mf-2a2 ||| 404
https://www.casio.com/products/watches/g-shock/gmas120mf-8a ||| 404
https://www.casio.com/products/watches/g-shock/gmas140-1a ||| 404
https://www.casio.com/products/watches/g-shock/gmas140-4a ||| 404
https://www.casio.com/products/watches/g-shock/gmas140-8a ||| 404
https://www.casio.com/products/watches/g-shock/gmds6900sr-7 ||| 404
https://www.casio.com/products/watches/g-shock/gms5600-1 ||| 404
https://www.casio.com/products/watches/g-shock/gms5600g-7 ||| 404
https://www.casio.com/products/watches/g-shock/gms5600sk-7 ||| 404
https://www.casio.com/products/watches/g-shock/gwb5600gz-1 ||| 404
https://www.casio.com/products/watches/pro-trek/prg600y-l ||| 404
https://www.casio.com/products/watches/sports/ae1000w-1a3v ||| 404
https://www.casio.com/products/watches/sports/ae1000w-2av ||| 404
https://www.casio.com/products/watches/sports/ae1000w-3av ||| 404
https://www.casio.com/products/watches/sports/ae1000w-4bv ||| 404
https://www.casio.com/products/watches/sports/ae1300wh-8av ||| 404
https://www.casio.com/products/watches/sports/ae1400wh-2av ||| 404
https://www.casio.com/products/watches/sports/ae1400wh-9av ||| 404
https://www.casio.com/products/watches/sports/ae2000w-1av ||| 404
https://www.casio.com/products/watches/sports/ae2000wd-1av ||| 404
https://www.casio.com/products/watches/sports/aeq100bw-9av ||| 404
https://www.casio.com/products/watches/sports/aeq100w-1bv ||| 404
https://www.casio.com/products/watches/sports/aeq110bw-9av ||| 404
https://www.casio.com/products/watches/sports/aeq110w-1a3v ||| 404
https://www.casio.com/products/watches/sports/aeq110w-1bv ||| 404
https://www.casio.com/products/watches/sports/aeq110w-2av ||| 404
https://www.casio.com/products/watches/sports/aeq200w-3av ||| 404
https://www.casio.com/products/watches/sports/aqs800w-1b2v ||| 404
https://www.casio.com/products/watches/sports/aqs810w-1a2v ||| 404
https://www.casio.com/products/watches/sports/aqs810w-3av ||| 404
https://www.casio.com/products/watches/sports/aqs810wc-4av ||| 404
https://www.casio.com/products/watches/sports/aqs810wc-7av ||| 404
https://www.casio.com/products/watches/sports/aw80-1av ||| 404
https://www.casio.com/products/watches/sports/aw80d-7av ||| 404
https://www.casio.com/products/watches/sports/aw80v-5bv ||| 404
https://www.casio.com/products/watches/sports/b650wd-1a ||| 404
https://www.casio.com/products/watches/sports/dw290-1v ||| 404
https://www.casio.com/products/watches/sports/f105w-1a ||| 404
https://www.casio.com/products/watches/sports/f200w-1a ||| 404
https://www.casio.com/products/watches/sports/f201wa-1av ||| 404
https://www.casio.com/products/watches/sports/hdc700-3a2v ||| 404
https://www.casio.com/products/watches/sports/hdc700-3a3v ||| 404
https://www.casio.com/products/watches/sports/hdc700-3av ||| 404
https://www.casio.com/products/watches/sports/hdc700-9av ||| 404
https://www.casio.com/products/watches/sports/la11wl-2a ||| 404
https://www.casio.com/products/watches/sports/lrw200h-1ev ||| 404
https://www.casio.com/products/watches/sports/lrw200h-2bv ||| 404
https://www.casio.com/products/watches/sports/lrw200h-3cv ||| 404
https://www.casio.com/products/watches/sports/lrw200h-7bv ||| 404
https://www.casio.com/products/watches/sports/mcw100h-1a2v ||| 404
https://www.casio.com/products/watches/sports/mcw100h-1av ||| 404
https://www.casio.com/products/watches/sports/mcw100h-4av ||| 404
https://www.casio.com/products/watches/sports/mcw100h-9av ||| 404
https://www.casio.com/products/watches/sports/mcw200h-2av ||| 404
https://www.casio.com/products/watches/sports/mdv106-1a ||| 404
https://www.casio.com/products/watches/sports/mdv501-9av ||| 404
https://www.casio.com/products/watches/sports/mrw200h-1bv ||| 404
https://www.casio.com/products/watches/sports/mrw200h-2b2v ||| 404
https://www.casio.com/products/watches/sports/mrw200h-2bv ||| 404
https://www.casio.com/products/watches/sports/mrw200h-3bv ||| 404
https://www.casio.com/products/watches/sports/mrw200h-7bv ||| 404
https://www.casio.com/products/watches/sports/mrw200hb-3bv ||| 404
https://www.casio.com/products/watches/sports/mrw400h-1av ||| 404
https://www.casio.com/products/watches/sports/mtd1080-7av ||| 404
https://www.casio.com/products/watches/sports/mwc100h-9av ||| 404
https://www.casio.com/products/watches/sports/trt110h-1a2v ||| 404
https://www.casio.com/products/watches/sports/trt110h-1av ||| 404
https://www.casio.com/products/watches/sports/trt110h-2av ||| 404
https://www.casio.com/products/watches/sports/w216h-1av ||| 404
https://www.casio.com/products/watches/sports/w218h-3av ||| 404
https://www.casio.com/products/watches/sports/w218h-4b2v ||| 404
https://www.casio.com/products/watches/sports/w218h-4bv ||| 404
https://www.casio.com/products/watches/sports/w735h-1av ||| 404
https://www.casio.com/products/watches/sports/w735h-2av ||| 404
https://www.casio.com/products/watches/sports/w735h-8av ||| 404
https://www.casio.com/products/watches/sports/w753-1av ||| 404
https://www.casio.com/products/watches/sports/w800h-1av ||| 404
https://www.casio.com/products/watches/sports/w800hm-3av ||| 404
https://www.casio.com/products/watches/sports/w87h-1v ||| 404
https://www.casio.com/products/watches/sports/w93h-1av ||| 404
https://www.casio.com/products/watches/sports/w94hf-3av ||| 404
https://www.casio.com/products/watches/sports/w96h-4a2v ||| 404
https://www.casio.com/products/watches/sports/w96h-4av ||| 404
https://www.casio.com/products/watches/vintage/a168wg-9vt ||| 404
