https://www.chanel.com/us/watches/p/H0940/j12-chronograph-watch/ ||| 404
https://www.chanel.com/us/watches/p/H2009/j12-chronograph-watch/ ||| 404
https://www.chanel.com/us/watches/p/H2569/j12-watch/ ||| 404
https://www.chanel.com/us/watches/p/H2570/j12-watch/ ||| 404
https://www.chanel.com/us/watches/p/H2571/j12-watch/ ||| 404
https://www.chanel.com/us/watches/p/H2572/j12-watch/ ||| 404
https://www.chanel.com/us/watches/p/H3101/j12-gmt-watch/ ||| 404
https://www.chanel.com/us/watches/p/H3384/j12-jewelry-watch/ ||| 404
https://www.chanel.com/us/watches/p/H3386/j12-jewelry-watch/ ||| 404
https://www.chanel.com/us/watches/p/H3404/j12-moonphase-watch/ ||| 404
https://www.chanel.com/us/watches/p/H4313/boy-friend-watch/ ||| 404
https://www.chanel.com/us/watches/p/H4469/boy-friend-watch/ ||| 404
https://www.chanel.com/us/watches/p/H4470/boy-friend-watch/ ||| 404
https://www.chanel.com/us/watches/p/H4562/j12-skeleton-flying-tourbillon-watch/ ||| 404
https://www.chanel.com/us/watches/p/H4563/j12-flying-tourbillon-watch/ ||| 404
https://www.chanel.com/us/watches/p/H4663/j12-xs-watch/ ||| 404
https://www.chanel.com/us/watches/p/H4664/j12-xs-watch/ ||| 404
https://www.chanel.com/us/watches/p/H4665/j12-xs-watch/ ||| 404
https://www.chanel.com/us/watches/p/H4872/j12-xs-watch/ ||| 404
https://www.chanel.com/us/watches/p/H4883/boy-friend-watch/ ||| 404
https://www.chanel.com/us/watches/p/H4884/boy-friend-watch/ ||| 404
https://www.chanel.com/us/watches/p/H4886/boy-friend-watch/ ||| 404
https://www.chanel.com/us/watches/p/H4887/boy-friend-watch/ ||| 404
https://www.chanel.com/us/watches/p/H4891/boy-friend-watch/ ||| 404
https://www.chanel.com/us/watches/p/H4937/j12-xs-high-jewelry-watch/ ||| 404
https://www.chanel.com/us/watches/p/H4938/j12-xs-high-jewelry-watch/ ||| 404
https://www.chanel.com/us/watches/p/H5235/j12-xs-watch/ ||| 404
https://www.chanel.com/us/watches/p/H5236/j12-xs-watch/ ||| 404
https://www.chanel.com/us/watches/p/H5237/j12-xs-watch/ ||| 404
https://www.chanel.com/us/watches/p/H5238/j12-xs-watch/ ||| 404
https://www.chanel.com/us/watches/p/H5512/j12-xs-watch/ ||| 404
https://www.chanel.com/us/watches/p/H5695/j12-watch/ ||| 404
https://www.chanel.com/us/watches/p/H5697/j12-watch/ ||| 404
https://www.chanel.com/us/watches/p/H5698/j12-watch/ ||| 404
https://www.chanel.com/us/watches/p/H5700/j12-watch/ ||| 404
https://www.chanel.com/us/watches/p/H5701/j12-watch/ ||| 404
https://www.chanel.com/us/watches/p/H5702/j12-watch/ ||| 404
https://www.chanel.com/us/watches/p/H5703/j12-watch/ ||| 404
https://www.chanel.com/us/watches/p/H5704/j12-watch/ ||| 404
https://www.chanel.com/us/watches/p/H5705/j12-watch/ ||| 404
https://www.chanel.com/us/watches/p/H6159/j12-watch/ ||| 404
https://www.chanel.com/us/watches/p/H6185/j12-phantom-watch/ ||| 404
https://www.chanel.com/us/watches/p/H6186/j12-phantom-watch/ ||| 404
https://www.chanel.com/us/watches/p/H6345/j12-phantom-watch/ ||| 404
https://www.chanel.com/us/watches/p/H6346/j12-phantom-watch/ ||| 404
https://www.chanel.com/us/watches/p/H6418/j12-watch/ ||| 404
https://www.chanel.com/us/watches/p/H6419/j12-watch/ ||| 404
https://www.chanel.com/us/watches/p/H6478/mademoiselle-j12-acte-ii-watch/ ||| 404
https://www.chanel.com/us/watches/p/H6479/mademoiselle-j12-acte-ii-watch/ ||| 404
https://www.chanel.com/us/watches/p/H6500/j12-paradoxe-watch/ ||| 404
https://www.chanel.com/us/watches/p/H6515/j12-paradoxe-watch/ ||| 404
https://www.chanel.com/us/watches/p/H6515/j12-paradoxe/ ||| 404
