https://watchesofmayfair.com/brand/a-lange-sohne/1815/alange-soehne-1815-730-025f ||| 404
https://watchesofmayfair.com/brand/a-lange-sohne/1815/alange-soehne-1815-730-025f ||| 404
https://watchesofmayfair.com/brand/a-lange-sohne/all-alange-sohne/a-lange-and-sohne-grand-complication-912-032f ||| 404
https://watchesofmayfair.com/brand/a-lange-sohne/all-alange-sohne/a-lange-sohne-lange-1-tourbillon-perpetual-calendar-720-066 ||| 404
https://watchesofmayfair.com/brand/a-lange-sohne/lange-1/a-lange-and-sohne-181-838 ||| 404
https://watchesofmayfair.com/brand/a-lange-sohne/saxonia/alange-soehne-saxonia-330-032ge ||| 404
https://watchesofmayfair.com/brand/a-lange-sohne/saxonia/alange-soehne-saxonia-384-026g ||| 404
https://watchesofmayfair.com/brand/a-lange-sohne/saxonia/alange-soehne-saxonia-384-032g ||| 404
https://watchesofmayfair.com/brand/arnold-and-son/instrument-collection/1arap-b03a-black ||| 404
https://watchesofmayfair.com/brand/arnold-and-son/instrument-collection/1aras-so1a-black ||| 404
https://watchesofmayfair.com/brand/arnold-and-son/instrument-collection/1dsap-w01a-brown ||| 404
https://watchesofmayfair.com/brand/arnold-and-son/instrument-collection/1tpar-f01a-brown ||| 404
https://watchesofmayfair.com/brand/arnold-and-son/instrument-collection/1utar-m01p-brown ||| 404
https://watchesofmayfair.com/brand/arnold-and-son/instrument-collection/1utar-s01a-brown ||| 404
https://watchesofmayfair.com/brand/arnold-and-son/royal-collection/1h6ap-b06a-brown ||| 404
https://watchesofmayfair.com/brand/arnold-and-son/royal-collection/1h6as-b05a-black ||| 404
https://watchesofmayfair.com/brand/arnold-and-son/royal-collection/1lcap-m01a-dragon-brown ||| 404
https://watchesofmayfair.com/brand/arnold-and-son/royal-collection/1lcap-m01a-koi-brown ||| 404
https://watchesofmayfair.com/brand/arnold-and-son/royal-collection/1lcap-m07a-brown ||| 404
https://watchesofmayfair.com/brand/arnold-and-son/royal-collection/1tmap-s04a-brown ||| 404
https://watchesofmayfair.com/brand/arnold-and-son/royal-collection/1tmap-u05a-blue ||| 404
https://watchesofmayfair.com/brand/arnold-and-son/royal-collection/1tmas-s03a-black ||| 404
https://watchesofmayfair.com/brand/arnold-and-son/royal-collection/1tmas-u03a-blue ||| 404
https://watchesofmayfair.com/brand/baume-et-mercier/capeland-collection/baume-mercier-capeland-shelby-cobra-m0a10232 ||| 404
https://watchesofmayfair.com/brand/baume-et-mercier/classima-collection/baume-mercier-classima-8705 ||| 404
https://watchesofmayfair.com/brand/bell-ross/all-bell-ross-watches/bell-ross-br0192-bl-st ||| 404
https://watchesofmayfair.com/brand/bell-ross/all-bell-ross-watches/bell-ross-br0192-bl-st ||| 404
https://watchesofmayfair.com/brand/bell-ross/all-bell-ross-watches/bell-ross-br0392-avia-ca ||| 404
https://watchesofmayfair.com/brand/bell-ross/all-bell-ross-watches/bell-ross-br0392-avia-ca ||| 404
https://watchesofmayfair.com/brand/bell-ross/all-bell-ross-watches/bell-ross-br0392-avia-st ||| 404
https://watchesofmayfair.com/brand/bell-ross/all-bell-ross-watches/bell-ross-br0392-avia-st ||| 404
https://watchesofmayfair.com/brand/bell-ross/all-bell-ross-watches/bell-ross-br0392-bl-st ||| 404
https://watchesofmayfair.com/brand/bell-ross/all-bell-ross-watches/bell-ross-br0392-bl-st ||| 404
https://watchesofmayfair.com/brand/bell-ross/all-bell-ross-watches/bell-ross-brs-camo-st ||| 404
https://watchesofmayfair.com/brand/bell-ross/all-bell-ross-watches/bell-ross-brs-heri-cem ||| 404
https://watchesofmayfair.com/brand/bell-ross/all-bell-ross-watches/bell-ross-brs-heri-cem ||| 404
https://watchesofmayfair.com/brand/bell-ross/all-bell-ross-watches/bell-ross-brs-heri-st-sca ||| 404
https://watchesofmayfair.com/brand/bell-ross/all-bell-ross-watches/bell-ross-brs-heri-st-sca ||| 404
https://watchesofmayfair.com/brand/bell-ross/aviation-collection/bell-ross-br0392-o-ca ||| 404
https://watchesofmayfair.com/brand/bell-ross/aviation-collection/bell-ross-br0392-o-ca ||| 404
https://watchesofmayfair.com/brand/bell-ross/aviation-collection/bell-ross-br0392-sc-sca ||| 404
https://watchesofmayfair.com/brand/bell-ross/aviation-collection/bell-ross-br0392-sc-sca ||| 404
https://watchesofmayfair.com/brand/bell-ross/vintage-collection/bell-ross-brpw1-repet-arg ||| 404
https://watchesofmayfair.com/brand/bell-ross/vintage-collection/bell-ross-brpw1-repet-arg ||| 404
https://watchesofmayfair.com/brand/bell-ross/vintage-collection/bell-ross-brv123-bl-ca-sca ||| 404
https://watchesofmayfair.com/brand/bell-ross/vintage-collection/bell-ross-brv123-bl-ca-sca ||| 404
https://watchesofmayfair.com/brand/bell-ross/vintage-collection/bell-ross-brv123-bl-ca-srb ||| 404
https://watchesofmayfair.com/brand/bell-ross/vintage-collection/bell-ross-brv123-bl-ca-srb ||| 404
https://watchesofmayfair.com/brand/bell-ross/vintage-collection/bell-ross-brv123-bl-st-sca ||| 404
https://watchesofmayfair.com/brand/bell-ross/vintage-collection/bell-ross-brv123-bl-st-sca ||| 404
https://watchesofmayfair.com/brand/bell-ross/vintage-collection/bell-ross-brv126-bl-ca-sca ||| 404
https://watchesofmayfair.com/brand/bell-ross/vintage-collection/bell-ross-brv126-bl-ca-sca ||| 404
https://watchesofmayfair.com/brand/bell-ross/vintage-collection/bell-ross-brv126-bl-ca-srb ||| 404
https://watchesofmayfair.com/brand/bell-ross/vintage-collection/bell-ross-brv126-bl-ca-srb ||| 404
https://watchesofmayfair.com/brand/bell-ross/vintage-collection/bell-ross-brv126-bl-st-sca ||| 404
https://watchesofmayfair.com/brand/bell-ross/vintage-collection/bell-ross-brv126-bl-st-sca ||| 404
https://watchesofmayfair.com/brand/blancpain/all-blancpain-watches/blancpain-2360-2991a-55b ||| 404
https://watchesofmayfair.com/brand/blancpain/fifty-fathoms-collection/blancpain-5008-1130-b52a ||| 404
https://watchesofmayfair.com/brand/blancpain/fifty-fathoms-collection/blancpain-5008-1130-b52a ||| 404
https://watchesofmayfair.com/brand/blancpain/fifty-fathoms-collection/blancpain-5200-0310-g52a ||| 404
https://watchesofmayfair.com/brand/blancpain/fifty-fathoms-collection/blancpain-5200-0310-naga ||| 404
https://watchesofmayfair.com/brand/blancpain/l-evolution-collection/blancpain-00222-1500-53b ||| 404
https://watchesofmayfair.com/brand/blancpain/l-evolution-collection/blancpain-00222-1500-53b ||| 404
https://watchesofmayfair.com/brand/blancpain/l-evolution-collection/blancpain-8886f-1203-52b ||| 404
https://watchesofmayfair.com/brand/blancpain/villeret-collection/blancpain-0151-3631-00a ||| 404
https://watchesofmayfair.com/brand/blancpain/villeret-collection/blancpain-0151-3631-00a ||| 404
https://watchesofmayfair.com/brand/breitling/galactic-collection/breitling-galactic-29-new-a7234853-a785-249s-a12d-4 ||| 404
https://watchesofmayfair.com/brand/breitling/galactic-collection/breitling-galactic-29-new-h7234812-a791-791h ||| 404
https://watchesofmayfair.com/brand/breitling/galactic-collection/breitling-galactic-29-new-h7234812-a792-273x-h12ba-1 ||| 404
https://watchesofmayfair.com/brand/breitling/galactic-collection/breitling-galactic-29-new-h7234812-be86-791h ||| 404
https://watchesofmayfair.com/brand/breitling/galactic-collection/breitling-galactic-29-new-h7234853-a792-791h ||| 404
https://watchesofmayfair.com/brand/breitling/galactic-collection/breitling-galactic-29-new-h7234853-be86-791h ||| 404
https://watchesofmayfair.com/brand/breitling/galactic-collection/breitling-galactic-29-new-h7234863-a794-791t ||| 404
https://watchesofmayfair.com/brand/breitling/galactic-collection/breitling-galactic-29-new-h7234863-be86-791t ||| 404
https://watchesofmayfair.com/brand/breitling/galactic-collection/breitling-galactic-29-new-h72348af-a792-791t ||| 404
https://watchesofmayfair.com/brand/breitling/galactic-collection/breitling-galactic-29-new-w7234812-a784-791a ||| 404
https://watchesofmayfair.com/brand/breitling/navitimer-collection/breitling-navitimer-01-ab012012-bb01-744p ||| 404
https://watchesofmayfair.com/brand/breitling/navitimer-collection/breitling-navitimer-01-ab012012-bb01-744p ||| 404
https://watchesofmayfair.com/brand/bvlgari/all-bvlgari-watches/bvlgari-aluminium-40mm-103382 ||| 404
https://watchesofmayfair.com/brand/bvlgari/all-bvlgari-watches/bvlgari-octo-l-originale-automatic-41-mm-103203 ||| 404
https://watchesofmayfair.com/brand/bvlgari/bvlgari-bvlgari-collection/bvlgari-bvlgari-solotempo/bvlgari-bvlgari-solotempo-41mm-102929 ||| 404
https://watchesofmayfair.com/brand/bvlgari/bvlgari-bvlgari-collection/bvlgari-bvlgari/bvlgari-bvlgari-41-mm-103132 ||| 404
https://watchesofmayfair.com/brand/bvlgari/bvlgari-bvlgari-collection/bvlgari-bvlgari/bvlgari-bvlgari-41-mm-103133 ||| 404
https://watchesofmayfair.com/brand/bvlgari/bvlgariv-tmbvlgari-collection/bvlgari-bvlgari-23-mm-103217 ||| 404
https://watchesofmayfair.com/brand/bvlgari/bvlgariv-tmbvlgari-collection/bvlgari-bvlgari-carbon-gold/bvlgari-bvlgari-carbon-gold-carbon-40mm-automatic-102632 ||| 404
https://watchesofmayfair.com/brand/bvlgari/bvlgariv-tmbvlgari-collection/bvlgari-bvlgari-carbon-gold/bvlgari-bvlgari-carbon-pink-gold-40mm-automatic-102248 ||| 404
https://watchesofmayfair.com/brand/bvlgari/bvlgariv-tmbvlgari-collection/bvlgari-bvlgari-catene-pink-gold-31mm-quartz-102036 ||| 404
https://watchesofmayfair.com/brand/bvlgari/bvlgariv-tmbvlgari-collection/bvlgari-bvlgari-catene-pink-gold-31mm-quartz-102038 ||| 404
https://watchesofmayfair.com/brand/bvlgari/bvlgariv-tmbvlgari-collection/bvlgari-bvlgari-catene-pink-gold-31mm-quartz-102052 ||| 404
https://watchesofmayfair.com/brand/bvlgari/bvlgariv-tmbvlgari-collection/bvlgari-bvlgari-catene-pink-gold-31mm-quartz-102169 ||| 404
https://watchesofmayfair.com/brand/bvlgari/bvlgariv-tmbvlgari-collection/bvlgari-bvlgari-catene-pink-gold-31mm-quartz-102171 ||| 404
https://watchesofmayfair.com/brand/bvlgari/bvlgariv-tmbvlgari-collection/bvlgari-bvlgari-catene-white-gold-22mm-quartz-102499 ||| 404
https://watchesofmayfair.com/brand/bvlgari/bvlgariv-tmbvlgari-collection/bvlgari-bvlgari-catene-white-gold-31mm-quartz-102298 ||| 404
https://watchesofmayfair.com/brand/bvlgari/bvlgariv-tmbvlgari-collection/bvlgari-bvlgari-catene-white-gold-31mm-quartz-102309 ||| 404
https://watchesofmayfair.com/brand/bvlgari/bvlgariv-tmbvlgari-collection/bvlgari-bvlgari-finissimo-pink-gold-41mm-automatic-102623 ||| 404
https://watchesofmayfair.com/brand/bvlgari/bvlgariv-tmbvlgari-collection/bvlgari-bvlgari-finissimo-white-gold-41mm-automatic-102631 ||| 404
https://watchesofmayfair.com/brand/bvlgari/bvlgariv-tmbvlgari-collection/bvlgari-bvlgari-man-cities-special-edition-41mm-103219 ||| 404
https://watchesofmayfair.com/brand/bvlgari/bvlgariv-tmbvlgari-collection/bvlgari-bvlgari-piccola-catene/bvlgari-bvlgari-piccola-catene-pink-gold-22mm-quartz-102498 ||| 404
https://watchesofmayfair.com/brand/bvlgari/bvlgariv-tmbvlgari-collection/bvlgari-bvlgari-piccola-catene/bvlgari-bvlgari-piccola-catene-pink-gold-22mm-quartz-102500 ||| 404
https://watchesofmayfair.com/brand/bvlgari/bvlgariv-tmbvlgari-collection/bvlgari-bvlgari-piccola-catene/bvlgari-bvlgari-piccola-catene-white-gold-22mm-quartz-102501 ||| 404
https://watchesofmayfair.com/brand/bvlgari/bvlgariv-tmbvlgari-collection/bvlgari-bvlgari-pink-gold-26mm-quartz-101884 ||| 404
https://watchesofmayfair.com/brand/bvlgari/bvlgariv-tmbvlgari-collection/bvlgari-bvlgari-pink-gold-26mm-quartz-102147 ||| 404
https://watchesofmayfair.com/brand/bvlgari/bvlgariv-tmbvlgari-collection/bvlgari-bvlgari-pink-gold-33mm-automatic-101890 ||| 404
https://watchesofmayfair.com/brand/bvlgari/bvlgariv-tmbvlgari-collection/bvlgari-bvlgari-pink-gold-33mm-automatic-102090 ||| 404
https://watchesofmayfair.com/brand/bvlgari/bvlgariv-tmbvlgari-collection/bvlgari-bvlgari-pink-gold-33mm-automatic-102162 ||| 404
https://watchesofmayfair.com/brand/bvlgari/bvlgariv-tmbvlgari-collection/bvlgari-bvlgari-pink-gold-37mm-automatic-102091 ||| 404
https://watchesofmayfair.com/brand/bvlgari/bvlgariv-tmbvlgari-collection/bvlgari-bvlgari-pink-gold-37mm-automatic-102327 ||| 404
https://watchesofmayfair.com/brand/bvlgari/bvlgariv-tmbvlgari-collection/bvlgari-bvlgari-pink-gold-42mm-automatic-101715 ||| 404
https://watchesofmayfair.com/brand/bvlgari/bvlgariv-tmbvlgari-collection/bvlgari-bvlgari-solotempo/bvlgari-bvlgari-solotempo-41-mm-102931 ||| 404
https://watchesofmayfair.com/brand/bvlgari/bvlgariv-tmbvlgari-collection/bvlgari-bvlgari-solotempo/bvlgari-bvlgari-solotempo-pink-gold-39mm-automatic-101869 ||| 404
https://watchesofmayfair.com/brand/bvlgari/bvlgariv-tmbvlgari-collection/bvlgari-bvlgari-solotempo/bvlgari-bvlgari-solotempo-pink-gold-39mm-automatic-102106 ||| 404
https://watchesofmayfair.com/brand/bvlgari/bvlgariv-tmbvlgari-collection/bvlgari-bvlgari-solotempo/bvlgari-bvlgari-solotempo-pink-gold-39mm-automatic-102108 ||| 404
https://watchesofmayfair.com/brand/bvlgari/bvlgariv-tmbvlgari-collection/bvlgari-bvlgari-solotempo/bvlgari-bvlgari-solotempo-pink-gold-39mm-automatic-102261 ||| 404
https://watchesofmayfair.com/brand/bvlgari/bvlgariv-tmbvlgari-collection/bvlgari-bvlgari-solotempo/bvlgari-bvlgari-solotempo-pink-gold-40mm-automatic-102251 ||| 404
https://watchesofmayfair.com/brand/bvlgari/bvlgariv-tmbvlgari-collection/bvlgari-bvlgari-solotempo/bvlgari-bvlgari-solotempo-steel-39mm-automatic-102110 ||| 404
https://watchesofmayfair.com/brand/bvlgari/bvlgariv-tmbvlgari-collection/bvlgari-bvlgari-solotempo/bvlgari-bvlgari-solotempo-steel-39mm-automatic-102111 ||| 404
https://watchesofmayfair.com/brand/bvlgari/bvlgariv-tmbvlgari-collection/bvlgari-bvlgari-solotempo/bvlgari-bvlgari-solotempo-steel-39mm-automatic-102610 ||| 404
https://watchesofmayfair.com/brand/bvlgari/bvlgariv-tmbvlgari-collection/bvlgari-bvlgari-solotempo/bvlgari-bvlgari-solotempo-steel-39mm-automatic-102611 ||| 404
https://watchesofmayfair.com/brand/bvlgari/bvlgariv-tmbvlgari-collection/bvlgari-bvlgari-solotempo/bvlgari-bvlgari-solotempo-steel-41mm-automatic-101867 ||| 404
https://watchesofmayfair.com/brand/bvlgari/bvlgariv-tmbvlgari-collection/bvlgari-bvlgari-solotempo/bvlgari-bvlgari-solotempo-steel-41mm-automatic-101868 ||| 404
https://watchesofmayfair.com/brand/bvlgari/bvlgariv-tmbvlgari-collection/bvlgari-bvlgari-solotempo/bvlgari-bvlgari-solotempo-steel-41mm-automatic-102055 ||| 404
https://watchesofmayfair.com/brand/bvlgari/bvlgariv-tmbvlgari-collection/bvlgari-bvlgari-solotempo/bvlgari-bvlgari-solotempo-steel-41mm-automatic-102056 ||| 404
https://watchesofmayfair.com/brand/bvlgari/bvlgariv-tmbvlgari-collection/bvlgari-bvlgari-solotempo/bvlgari-bvlgari-solotempo-steel-41mm-automatic-102355 ||| 404
https://watchesofmayfair.com/brand/bvlgari/bvlgariv-tmbvlgari-collection/bvlgari-bvlgari-solotempo/bvlgari-bvlgari-solotempo-steel-41mm-automatic-102396 ||| 404
https://watchesofmayfair.com/brand/bvlgari/bvlgariv-tmbvlgari-collection/bvlgari-bvlgari-solotempo/bvlgari-bvlgari-solotempo-steel-pink-gold-41mm-automatic-102053 ||| 404
https://watchesofmayfair.com/brand/bvlgari/bvlgariv-tmbvlgari-collection/bvlgari-bvlgari-steel-26mm-quartz-101885 ||| 404
https://watchesofmayfair.com/brand/bvlgari/bvlgariv-tmbvlgari-collection/bvlgari-bvlgari-steel-26mm-quartz-101886 ||| 404
https://watchesofmayfair.com/brand/bvlgari/bvlgariv-tmbvlgari-collection/bvlgari-bvlgari-steel-26mm-quartz-102073 ||| 404
https://watchesofmayfair.com/brand/bvlgari/bvlgariv-tmbvlgari-collection/bvlgari-bvlgari-steel-26mm-quartz-102097 ||| 404
https://watchesofmayfair.com/brand/bvlgari/bvlgariv-tmbvlgari-collection/bvlgari-bvlgari-steel-26mm-quartz-102145 ||| 404
https://watchesofmayfair.com/brand/bvlgari/bvlgariv-tmbvlgari-collection/bvlgari-bvlgari-steel-26mm-quartz-102200 ||| 404
https://watchesofmayfair.com/brand/bvlgari/bvlgariv-tmbvlgari-collection/bvlgari-bvlgari-steel-26mm-quartz-102267 ||| 404
https://watchesofmayfair.com/brand/bvlgari/bvlgariv-tmbvlgari-collection/bvlgari-bvlgari-steel-26mm-quartz-102374 ||| 404
https://watchesofmayfair.com/brand/bvlgari/bvlgariv-tmbvlgari-collection/bvlgari-bvlgari-steel-26mm-quartz-102479 ||| 404
https://watchesofmayfair.com/brand/bvlgari/bvlgariv-tmbvlgari-collection/bvlgari-bvlgari-steel-26mm-quartz-102606 ||| 404
https://watchesofmayfair.com/brand/bvlgari/bvlgariv-tmbvlgari-collection/bvlgari-bvlgari-steel-33mm-automatic-102072 ||| 404
https://watchesofmayfair.com/brand/bvlgari/bvlgariv-tmbvlgari-collection/bvlgari-bvlgari-steel-33mm-automatic-102265 ||| 404
https://watchesofmayfair.com/brand/bvlgari/bvlgariv-tmbvlgari-collection/bvlgari-bvlgari-steel-33mm-automatic-102375 ||| 404
https://watchesofmayfair.com/brand/bvlgari/bvlgariv-tmbvlgari-collection/bvlgari-bvlgari-steel-37mm-automatic-101894 ||| 404
https://watchesofmayfair.com/brand/bvlgari/bvlgariv-tmbvlgari-collection/bvlgari-bvlgari-steel-37mm-automatic-101975 ||| 404
https://watchesofmayfair.com/brand/bvlgari/bvlgariv-tmbvlgari-collection/bvlgari-bvlgari-steel-pink-gold-26mm-quartz-102155 ||| 404
https://watchesofmayfair.com/brand/bvlgari/bvlgariv-tmbvlgari-collection/bvlgari-bvlgari-steel-pink-gold-33mm-automatic-101893 ||| 404
https://watchesofmayfair.com/brand/bvlgari/bvlgariv-tmbvlgari-collection/bvlgari-bvlgari-steel-pink-gold-33mm-automatic-102071 ||| 404
https://watchesofmayfair.com/brand/bvlgari/bvlgariv-tmbvlgari-collection/bvlgari-bvlgari-steel-pink-gold-33mm-automatic-102157 ||| 404
https://watchesofmayfair.com/brand/bvlgari/bvlgariv-tmbvlgari-collection/bvlgari-bvlgari-steel-pink-gold-33mm-automatic-102478 ||| 404
https://watchesofmayfair.com/brand/bvlgari/bvlgariv-tmbvlgari-collection/bvlgari-bvlgari-steel-pink-gold-33mm-quartz-102477 ||| 404
https://watchesofmayfair.com/brand/bvlgari/bvlgariv-tmbvlgari-collection/bvlgari-bvlgari-steel-pink-gold-37mm-automatic-102159 ||| 404
https://watchesofmayfair.com/brand/bvlgari/bvlgariv-tmbvlgari-collection/bvlgari-bvlgari-tubogas/bvlgari-bvlgari-tubogas-pink-gold-26mm-quartz-102146 ||| 404
https://watchesofmayfair.com/brand/bvlgari/bvlgariv-tmbvlgari-collection/bvlgari-bvlgari-tubogas/bvlgari-bvlgari-tubogas-pink-gold-26mm-quartz-102225 ||| 404
https://watchesofmayfair.com/brand/bvlgari/bvlgariv-tmbvlgari-collection/bvlgari-bvlgari-tubogas/bvlgari-bvlgari-tubogas-steel-26mm-quartz-102223 ||| 404
https://watchesofmayfair.com/brand/bvlgari/bvlgariv-tmbvlgari-collection/bvlgari-bvlgari-tubogas/bvlgari-bvlgari-tubogas-steel-26mm-quartz-102224 ||| 404
https://watchesofmayfair.com/brand/bvlgari/bvlgariv-tmbvlgari-collection/bvlgari-bvlgari-tubogas/bvlgari-bvlgari-tubogas-steel-pink-gold-19mm-quartz-102496 ||| 404
https://watchesofmayfair.com/brand/bvlgari/bvlgariv-tmbvlgari-collection/bvlgari-bvlgari-tubogas/bvlgari-bvlgari-tubogas-steel-pink-gold-26mm-quartz-102222 ||| 404
https://watchesofmayfair.com/brand/bvlgari/bvlgariv-tmbvlgari-collection/bvlgari-bvlgari-tubogas/bvlgari-bvlgari-tubogas-steel-pink-gold-26mm-quartz-102455 ||| 404
https://watchesofmayfair.com/brand/bvlgari/bvlgariv-tmbvlgari-collection/bvlgari-bvlgari-tubogas/bvlgari-bvlgari-tubogas-steel-pink-gold-26mm-quartz-102456 ||| 404
https://watchesofmayfair.com/brand/bvlgari/bvlgariv-tmbvlgari-collection/bvlgari-bvlgari-velocissimo-pink-gold-41mm-automatic-102140 ||| 404
https://watchesofmayfair.com/brand/bvlgari/bvlgariv-tmbvlgari-collection/bvlgari-bvlgari-velocissimo-steel-41mm-automatic-102043 ||| 404
https://watchesofmayfair.com/brand/bvlgari/bvlgariv-tmbvlgari-collection/bvlgari-bvlgari-white-gold-33mm-automatic-102322 ||| 404
https://watchesofmayfair.com/brand/bvlgari/bvlgariv-tmbvlgari-collection/bvlgari-bvlgari/bvlgari-bvlgari-carbon-gold-carbon-40mm-automatic-102633 ||| 404
https://watchesofmayfair.com/brand/bvlgari/bvlgariv-tmbvlgari-collection/bvlgari-bvlgari/bvlgari-bvlgari-ceramic-steel-37mm-automatic-102054 ||| 404
https://watchesofmayfair.com/brand/bvlgari/bvlgariv-tmbvlgari-collection/bvlgari-bvlgari/bvlgari-bvlgari-lady-33-mm-102924 ||| 404
https://watchesofmayfair.com/brand/bvlgari/bvlgariv-tmbvlgari-collection/bvlgari-bvlgari/bvlgari-bvlgari-lady-steel-33mm-102721 ||| 404
https://watchesofmayfair.com/brand/bvlgari/bvlgariv-tmbvlgari-collection/bvlgari-bvlgari/bvlgari-bvlgari-pink-gold-33mm-automatic-102089 ||| 404
https://watchesofmayfair.com/brand/bvlgari/bvlgariv-tmbvlgari-collection/bvlgari-bvlgari/bvlgari-bvlgari-pink-gold-37mm-automatic-102012 ||| 404
https://watchesofmayfair.com/brand/bvlgari/bvlgariv-tmbvlgari-collection/bvlgari-bvlgari/bvlgari-bvlgari-steel-33mm-102746 ||| 404
https://watchesofmayfair.com/brand/bvlgari/bvlgariv-tmbvlgari-collection/bvlgari-bvlgari/bvlgari-bvlgari-steel-33mm-automatic-101888 ||| 404
https://watchesofmayfair.com/brand/bvlgari/bvlgariv-tmbvlgari-collection/bvlgari-bvlgari/bvlgari-bvlgari-steel-33mm-automatic-101889 ||| 404
https://watchesofmayfair.com/brand/bvlgari/bvlgariv-tmbvlgari-collection/bvlgari-bvlgari/bvlgari-bvlgari-steel-33mm-automatic-101892 ||| 404
https://watchesofmayfair.com/brand/bvlgari/bvlgariv-tmbvlgari-collection/bvlgari-bvlgari/bvlgari-bvlgari-steel-37mm-automatic-101976 ||| 404
https://watchesofmayfair.com/brand/bvlgari/bvlgariv-tmbvlgari-collection/bvlgari-bvlgari/bvlgari-bvlgari-steel-pink-gold-26mm-quartz-101887 ||| 404
https://watchesofmayfair.com/brand/bvlgari/bvlgariv-tmbvlgari-collection/bvlgari-bvlgari/bvlgari-bvlgari-steel-pink-gold-33mm-automatic-101891 ||| 404
https://watchesofmayfair.com/brand/bvlgari/bvlgariv-tmbvlgari-collection/bvlgari-bvlgari/bvlgari-bvlgari-steel-pink-gold-33mm-automatic-102622 ||| 404
https://watchesofmayfair.com/brand/bvlgari/bvlgariv-tmbvlgari-collection/bvlgari-bvlgari/bvlgari-bvlgari-steel-pink-gold-37mm-automatic-101895 ||| 404
https://watchesofmayfair.com/brand/bvlgari/bvlgariv-tmbvlgari-collection/bvlgari-bvlgari/bvlgari-bvlgari-velocissimo-steel-41mm-automatic-102045 ||| 404
https://watchesofmayfair.com/brand/bvlgari/bvlgariv-tmbvlgari-collection/bvlgari-bvlgari/bvlgari-bvlgari-white-gold-37mm-automatic-102431 ||| 404
https://watchesofmayfair.com/brand/bvlgari/bvlgariv-tmbvlgari-collection/bvlgari-bvlgari/bvlgari-pink-gold-33mm-102750 ||| 404
https://watchesofmayfair.com/brand/bvlgari/bvlgariv-tmbvlgari-collection/bvlgari-roma-finissimo/bvlgari-roma-finissimo-pink-gold-41mm-manual-winding-102358 ||| 404
https://watchesofmayfair.com/brand/bvlgari/octo-collection/octo-finissimo/bulgari-octo-finissimo-automatic-102713 ||| 404
https://watchesofmayfair.com/brand/cartier/cle-de-cartier-collection/cartier-cle-de-cartier-automatic-35-mm-wjcl0032 ||| 404
https://watchesofmayfair.com/brand/cartier/santos-collection/cartier-santos-dumont-46-6-x-33-9-mm-w2sa0017 ||| 404
https://watchesofmayfair.com/brand/cartier/tank-mc-collection/cartier-tank-francaise-wgta0029 ||| 404
https://watchesofmayfair.com/brand/chanel/boy-friend-collections/chanel-boy-friend-h4880 ||| 404
https://watchesofmayfair.com/brand/chanel/boy-friend-collections/chanel-boy-friend-large-beige-gold-diamonds-opaline-dial-h4471 ||| 404
https://watchesofmayfair.com/brand/chanel/boy-friend-collections/chanel-boy-friend-large-beige-gold-opaline-dial-h4315 ||| 404
https://watchesofmayfair.com/brand/chanel/boy-friend-collections/chanel-boy-friend-large-white-gold-opaline-dial-diamonds-h4472 ||| 404
https://watchesofmayfair.com/brand/chanel/boy-friend-collections/chanel-boy-friend-medium-white-gold-diamonds-h4470 ||| 404
https://watchesofmayfair.com/brand/chanel/boy-friend-collections/chanel-boy-friend-skeleton-h5254 ||| 404
https://watchesofmayfair.com/brand/chanel/boy-friend-collections/chanel-boy-friend-small-beige-gold-watch-h4886 ||| 404
https://watchesofmayfair.com/brand/chanel/boy-friend-collections/chanel-boy-friend-tweed-34-6-x-26-7-mm-h5503 ||| 404
https://watchesofmayfair.com/brand/chanel/boy-friend-collections/chanel-boy-friend-tweed-34-6-x-26-7-mm-h5586 ||| 404
https://watchesofmayfair.com/brand/chanel/boy-friend-collections/chanel-boy-friend-tweed-34-6-x-26-7-mm-h5586 ||| 404
https://watchesofmayfair.com/brand/chanel/boy-friend-collections/chanel-boy-friend-tweed-small-beige-gold-diamonds-h4881 ||| 404
https://watchesofmayfair.com/brand/chanel/boy-friend-collections/chanel-boy-friend-tweed-small-steel-case-h4876 ||| 404
https://watchesofmayfair.com/brand/chanel/boy-friend-collections/chanel-boy-friend-tweed-small-steel-case-h5317 ||| 404
https://watchesofmayfair.com/brand/chanel/boyv-friend-collections/chanel-boy-friend-large-beige-gold-diamonds-opaline-dial-h4471 ||| 404
https://watchesofmayfair.com/brand/chanel/boyv-friend-collections/chanel-boy-friend-large-beige-gold-opaline-dial-h4315 ||| 404
https://watchesofmayfair.com/brand/chanel/boyv-friend-collections/chanel-boy-friend-large-white-gold-opaline-dial-diamonds-h4472 ||| 404
https://watchesofmayfair.com/brand/chanel/boyv-friend-collections/chanel-boy-friend-medium-white-gold-diamonds-h4470 ||| 404
https://watchesofmayfair.com/brand/chanel/boyv-friend-collections/chanel-boy-friend-small-beige-gold-watch-h4886 ||| 404
https://watchesofmayfair.com/brand/chanel/boyv-friend-collections/chanel-boy-friend-tweed-34-6-x-26-7-mm-h5503 ||| 404
https://watchesofmayfair.com/brand/chanel/boyv-friend-collections/chanel-boy-friend-tweed-34-6-x-26-7-mm-h5586 ||| 404
https://watchesofmayfair.com/brand/chanel/boyv-friend-collections/chanel-boy-friend-tweed-small-beige-gold-diamonds-h4881 ||| 404
https://watchesofmayfair.com/brand/chanel/boyv-friend-collections/chanel-boy-friend-tweed-small-steel-case-h4876 ||| 404
https://watchesofmayfair.com/brand/chanel/boyv-friend-collections/chanel-boy-friend-tweed-small-steel-case-h5317 ||| 404
https://watchesofmayfair.com/brand/chanel/j12-collections/chanel-j12-3125-matt-black-ceramic-yellow-gold-h2918 ||| 404
https://watchesofmayfair.com/brand/chanel/j12-collections/chanel-j12-jewellery-baguette-cut-diamonds-33-mm-h3385 ||| 404
https://watchesofmayfair.com/brand/chanel/j12-collections/chanel-j12-jewellery-black-ceramic-white-gold-diamonds-38mm-h3384 ||| 404
https://watchesofmayfair.com/brand/chanel/j12-collections/chanel-j12-jewellery-ceramic-blue-sapphires-h3420 ||| 404
https://watchesofmayfair.com/brand/chanel/j12-collections/chanel-j12-jewellery-ceramic-blue-sapphires-h3421 ||| 404
https://watchesofmayfair.com/brand/chanel/premiere-collections/chanel-premiere-19-5x15-mm-h1639 ||| 404
https://watchesofmayfair.com/brand/chanel/premiere-collections/chanel-premiere-chain-large-beige-gold-diamonds-h4412 ||| 404
https://watchesofmayfair.com/brand/chanel/premiere-collections/chanel-premiere-chain-large-black-dial-diamonds-watch-h3254 ||| 404
https://watchesofmayfair.com/brand/chanel/premiere-collections/chanel-premiere-chain-large-mother-of-pearl-diamonds-watch-h3255 ||| 404
https://watchesofmayfair.com/brand/chanel/premiere-collections/chanel-premiere-chain-large-mother-of-pearl-h3251 ||| 404
https://watchesofmayfair.com/brand/chanel/premiere-collections/chanel-premiere-chain-large-yellow-gold-black-dial-diamond-h3259 ||| 404
https://watchesofmayfair.com/brand/chanel/premiere-collections/chanel-premiere-chain-large-yellow-gold-black-dial-h3257 ||| 404
https://watchesofmayfair.com/brand/chanel/premiere-collections/chanel-premiere-chain-small-beige-gold-diamonds-h4411 ||| 404
https://watchesofmayfair.com/brand/chanel/premiere-collections/chanel-premiere-chain-small-watch-black-dial-diamonds-h3252 ||| 404
https://watchesofmayfair.com/brand/chanel/premiere-collections/chanel-premiere-chain-small-watch-mother-of-pearl-diamonds-h3253 ||| 404
https://watchesofmayfair.com/brand/chanel/premiere-collections/chanel-premiere-chain-small-yellow-gold-black-dial-diamonds-h3258 ||| 404
https://watchesofmayfair.com/brand/chanel/premiere-collections/chanel-premiere-chain-small-yellow-gold-black-dial-watch-h3256 ||| 404
https://watchesofmayfair.com/brand/chanel/premiere-collections/chanel-premiere-chain-steel-watch-h3249 ||| 404
https://watchesofmayfair.com/brand/chanel/premiere-collections/chanel-premiere-chain-watch-small-black-dial-h3248 ||| 404
https://watchesofmayfair.com/brand/chanel/premiere-collections/chanel-premiere-chain-yellow-gold-diamonds-watch-h3750 ||| 404
https://watchesofmayfair.com/brand/chanel/premiere-collections/chanel-premiere-diamond-h2433 ||| 404
https://watchesofmayfair.com/brand/chanel/premiere-collections/chanel-premiere-ladies-h4199 ||| 404
https://watchesofmayfair.com/brand/chanel/premiere-collections/chanel-premiere-ladies-h4312 ||| 404
https://watchesofmayfair.com/brand/chanel/premiere-collections/chanel-premiere-ladies-h4326 ||| 404
https://watchesofmayfair.com/brand/chanel/premiere-collections/chanel-premiere-ladies-h4327 ||| 404
https://watchesofmayfair.com/brand/chanel/premiere-collections/chanel-premiere-mini-baguette-diamonds-dial-pearl-h2032 ||| 404
https://watchesofmayfair.com/brand/chanel/premiere-collections/chanel-premiere-mini-black-ceramic-steel-diamonds-watch-h2163 ||| 404
https://watchesofmayfair.com/brand/chanel/premiere-collections/chanel-premiere-mini-steel-ceramic-diamonds-triple-row-h3058 ||| 404
https://watchesofmayfair.com/brand/chanel/premiere-collections/chanel-premiere-mini-steel-white-ceramic-diamonds-h3059 ||| 404
https://watchesofmayfair.com/brand/chanel/premiere-collections/chanel-premiere-mini-white-gold-ceramic-diamonds-watch-h2146 ||| 404
https://watchesofmayfair.com/brand/chanel/premiere-collections/chanel-premiere-mini-white-gold-diamonds-watch-h2147 ||| 404
https://watchesofmayfair.com/brand/chanel/premiere-collections/chanel-premiere-mini-white-gold-full-diamonds-watch-h2437 ||| 404
https://watchesofmayfair.com/brand/chanel/premiere-collections/chanel-premiere-rock-23-6-x-15-8-mm-h5320 ||| 404
https://watchesofmayfair.com/brand/chanel/premiere-collections/chanel-premiere-rock-h4557 ||| 404
https://watchesofmayfair.com/brand/chanel/premiere-collections/chanel-premiere-rock-h5584 ||| 404
https://watchesofmayfair.com/brand/chanel/premiere-collections/chanel-premiere-rock-h6359 ||| 404
https://watchesofmayfair.com/brand/chanel/premiere-collections/chanel-premiere-rock-pop-h4559 ||| 404
https://watchesofmayfair.com/brand/chanel/premiere-collections/chanel-premiere-rock-steel-triple-row-bracelet-watch-h5313 ||| 404
https://watchesofmayfair.com/brand/chanel/premiere-collections/chanel-premiere-velours-19-7-x-15-2-mm-h6125 ||| 404
https://watchesofmayfair.com/brand/chanel/premiere-collections/chanel-premiere-velours-19-7-x-15-2-mm-h6126 ||| 404
https://watchesofmayfair.com/brand/chanel/premig-re-collections/chanel-premiere-19-5x15-mm-h1639 ||| 404
https://watchesofmayfair.com/brand/chanel/premig-re-collections/chanel-premiere-chain-large-beige-gold-diamonds-h4412 ||| 404
https://watchesofmayfair.com/brand/chanel/premig-re-collections/chanel-premiere-chain-large-black-dial-diamonds-watch-h3254 ||| 404
https://watchesofmayfair.com/brand/chanel/premig-re-collections/chanel-premiere-chain-large-mother-of-pearl-diamonds-watch-h3255 ||| 404
https://watchesofmayfair.com/brand/chanel/premig-re-collections/chanel-premiere-chain-large-mother-of-pearl-h3251 ||| 404
https://watchesofmayfair.com/brand/chanel/premig-re-collections/chanel-premiere-chain-large-yellow-gold-black-dial-diamond-h3259 ||| 404
https://watchesofmayfair.com/brand/chanel/premig-re-collections/chanel-premiere-chain-large-yellow-gold-black-dial-h3257 ||| 404
https://watchesofmayfair.com/brand/chanel/premig-re-collections/chanel-premiere-chain-small-beige-gold-diamonds-h4411 ||| 404
https://watchesofmayfair.com/brand/chanel/premig-re-collections/chanel-premiere-chain-small-watch-black-dial-diamonds-h3252 ||| 404
https://watchesofmayfair.com/brand/chanel/premig-re-collections/chanel-premiere-chain-small-watch-mother-of-pearl-diamonds-h3253 ||| 404
https://watchesofmayfair.com/brand/chanel/premig-re-collections/chanel-premiere-chain-small-yellow-gold-black-dial-diamonds-h3258 ||| 404
https://watchesofmayfair.com/brand/chanel/premig-re-collections/chanel-premiere-chain-small-yellow-gold-black-dial-watch-h3256 ||| 404
https://watchesofmayfair.com/brand/chanel/premig-re-collections/chanel-premiere-chain-steel-watch-h3249 ||| 404
https://watchesofmayfair.com/brand/chanel/premig-re-collections/chanel-premiere-chain-watch-small-black-dial-h3248 ||| 404
https://watchesofmayfair.com/brand/chanel/premig-re-collections/chanel-premiere-chain-yellow-gold-diamonds-watch-h3750 ||| 404
https://watchesofmayfair.com/brand/chanel/premig-re-collections/chanel-premiere-diamond-h2433 ||| 404
https://watchesofmayfair.com/brand/chanel/premig-re-collections/chanel-premiere-ladies-h4199 ||| 404
https://watchesofmayfair.com/brand/chanel/premig-re-collections/chanel-premiere-ladies-h4312 ||| 404
https://watchesofmayfair.com/brand/chanel/premig-re-collections/chanel-premiere-ladies-h4326 ||| 404
https://watchesofmayfair.com/brand/chanel/premig-re-collections/chanel-premiere-ladies-h4327 ||| 404
https://watchesofmayfair.com/brand/chanel/premig-re-collections/chanel-premiere-mini-black-ceramic-steel-diamonds-watch-h2163 ||| 404
https://watchesofmayfair.com/brand/chanel/premig-re-collections/chanel-premiere-mini-white-gold-full-diamonds-watch-h2437 ||| 404
https://watchesofmayfair.com/brand/chanel/premig-re-collections/chanel-premiere-rock-23-6-x-15-8-mm-h5320 ||| 404
https://watchesofmayfair.com/brand/chanel/premig-re-collections/chanel-premiere-rock-h4557 ||| 404
https://watchesofmayfair.com/brand/chanel/premig-re-collections/chanel-premiere-rock-h5584 ||| 404
https://watchesofmayfair.com/brand/chanel/premig-re-collections/chanel-premiere-rock-h6359 ||| 404
https://watchesofmayfair.com/brand/chanel/premig-re-collections/chanel-premiere-rock-pop-h4559 ||| 404
https://watchesofmayfair.com/brand/chanel/premig-re-collections/chanel-premiere-rock-steel-triple-row-bracelet-watch-h5313 ||| 404
https://watchesofmayfair.com/brand/chanel/premig-re-collections/chanel-premiere-velours-19-7-x-15-2-mm-h6125 ||| 404
https://watchesofmayfair.com/brand/chanel/premig-re-collections/chanel-premiere-velours-19-7-x-15-2-mm-h6126 ||| 404
https://watchesofmayfair.com/brand/chopard/all-chopard-watches/chopard-happy-diamonds-205369-1001 ||| 404
https://watchesofmayfair.com/brand/chopard/imperiale/chopard-imperiale-36mm-384221-5001 ||| 404
https://watchesofmayfair.com/brand/chopard/imperiale/chopard-imperiale-40mm-384241-5001 ||| 404
https://watchesofmayfair.com/brand/dior/dior-grand-bal/dior-grand-bal-automatic-36-mm-cd153b2pa001 ||| 404
https://watchesofmayfair.com/brand/dior/dior-grand-bal/dior-grand-bal-plume-36mm-cd153b2x1002 ||| 404
https://watchesofmayfair.com/brand/dior/la-d-de-dior/dior-la-mini-d-de-dior-satine-19mm-cd04011x1001 ||| 404
https://watchesofmayfair.com/brand/dior/la-d-de-dior/dior-la-mini-d-de-dior-satine-19mm-cd04011x1002 ||| 404
https://watchesofmayfair.com/brand/girard-perregaux/cat-s-eye-ladies-collection/cats-eye-80484d52a763-52a ||| 404
https://watchesofmayfair.com/brand/girard-perregaux/cat-s-eye-ladies-collection/cats-eye-80486-56-162-56a ||| 404
https://watchesofmayfair.com/brand/girard-perregaux/cat-s-eye-ladies-collection/cats-eye-80486-56-162-56a ||| 404
https://watchesofmayfair.com/brand/girard-perregaux/cat-s-eye-ladies-collection/cats-eye-80486-56-162-ck6a ||| 404
https://watchesofmayfair.com/brand/girard-perregaux/cat-s-eye-ladies-collection/cats-eye-80486-56-162-ck6a ||| 404
https://watchesofmayfair.com/brand/girard-perregaux/cat-s-eye-ladies-collection/cats-eye-80486d11a161-11a ||| 404
https://watchesofmayfair.com/brand/girard-perregaux/cat-s-eye-ladies-collection/cats-eye-80486d11a161-11a ||| 404
https://watchesofmayfair.com/brand/girard-perregaux/cat-s-eye-ladies-collection/cats-eye-80486d11a861-11a ||| 404
https://watchesofmayfair.com/brand/girard-perregaux/cat-s-eye-ladies-collection/cats-eye-80486d11a861-11a ||| 404
https://watchesofmayfair.com/brand/girard-perregaux/cat-s-eye-ladies-collection/cats-eye-80486d11a862-11a ||| 404
https://watchesofmayfair.com/brand/girard-perregaux/cat-s-eye-ladies-collection/cats-eye-80486d11a862-11a ||| 404
https://watchesofmayfair.com/brand/girard-perregaux/cat-s-eye-ladies-collection/cats-eye-80486d56a162-56a ||| 404
https://watchesofmayfair.com/brand/girard-perregaux/cat-s-eye-ladies-collection/cats-eye-80486d56a162-56a ||| 404
https://watchesofmayfair.com/brand/girard-perregaux/cat-s-eye-ladies-collection/cats-eye-80488d52a251-52a ||| 404
https://watchesofmayfair.com/brand/girard-perregaux/cat-s-eye-ladies-collection/cats-eye-80488d52a251-52a ||| 404
https://watchesofmayfair.com/brand/girard-perregaux/cat-s-eye-ladies-collection/cats-eye-80488d52a751-52a ||| 404
https://watchesofmayfair.com/brand/girard-perregaux/cat-s-eye-ladies-collection/cats-eye-80488d52a751-52a ||| 404
https://watchesofmayfair.com/brand/girard-perregaux/haute-horlogerie-collection/vintage-1945-tourbillon-with-three-gold-bridges-99880-53-00b-ba6a ||| 404
https://watchesofmayfair.com/brand/girard-perregaux/haute-horlogerie-collection/vintage-1945-tourbillon-with-three-gold-bridges-99880-53-00b-ba6a ||| 404
https://watchesofmayfair.com/brand/girard-perregaux/hawk-collection/sea-hawk-49960-19-631-fk6a ||| 404
https://watchesofmayfair.com/brand/girard-perregaux/hawk-collection/sea-hawk-49960-19-631-fk6a ||| 404
https://watchesofmayfair.com/brand/girard-perregaux/vintage-1945-lady-collection/vintage-1945-lady-25860d11a121-11a ||| 404
https://watchesofmayfair.com/brand/girard-perregaux/vintage-1945-lady-collection/vintage-1945-lady-25860d11a121-11a ||| 404
https://watchesofmayfair.com/brand/girard-perregaux/vintage-1945-lady-collection/vintage-1945-lady-25860d11a1a1-11a ||| 404
https://watchesofmayfair.com/brand/girard-perregaux/vintage-1945-lady-collection/vintage-1945-lady-25860d11a1a1-11a ||| 404
https://watchesofmayfair.com/brand/girard-perregaux/vintage-1945-lady-collection/vintage-1945-lady-25860d11a1a2-11a ||| 404
https://watchesofmayfair.com/brand/girard-perregaux/vintage-1945-lady-collection/vintage-1945-lady-25860d11a1a2-11a ||| 404
https://watchesofmayfair.com/brand/glashutte-original/all-glashutte-watches/glashutte-original-schlo ||| 404
https://watchesofmayfair.com/brand/glashutte-original/all-glashutte-watches/glashutte-original-schlo ||| 404
https://watchesofmayfair.com/brand/glashutte-original/ladies-collection/glashutte-original-panomatic-luna-steel-1-90-12-02-12-04 ||| 404
https://watchesofmayfair.com/brand/glashutte-original/ladies-collection/glashutte-original-panomatic-luna-steel-1-90-12-02-12-04 ||| 404
https://watchesofmayfair.com/brand/glashutte-original/senator-collection/1-99-01-03-03-05 ||| 404
https://watchesofmayfair.com/brand/glashutte-original/senator-collection/glashutte-original-senator-cosmopolite-minimalist-world-traveler-1-89-02-03-02-30 ||| 404
https://watchesofmayfair.com/brand/glashutte-original/senator-collection/glashutte-original-senator-cosmopolite-minimalist-world-traveler-1-89-02-03-02-30 ||| 404
https://watchesofmayfair.com/brand/glashutte-original/senator-collection/glashutte-original-senator-cosmopolite-stainless-steel-1-89-02-03-02-01 ||| 404
https://watchesofmayfair.com/brand/glashutte-original/senator-collection/glashutte-original-senator-cosmopolite-stainless-steel-1-89-02-03-02-50 ||| 404
https://watchesofmayfair.com/brand/grand-seiko/all-grand-seiko-watches/grand-seiko-elegance-collection-stgk003 ||| 404
https://watchesofmayfair.com/brand/grand-seiko/all-grand-seiko-watches/grand-seiko-elegance-collection-stgk003 ||| 404
https://watchesofmayfair.com/brand/grand-seiko/all-grand-seiko-watches/grand-seiko-elegance-collection-stgk004 ||| 404
https://watchesofmayfair.com/brand/grand-seiko/all-grand-seiko-watches/grand-seiko-elegance-collection-stgk004 ||| 404
https://watchesofmayfair.com/brand/grand-seiko/all-grand-seiko-watches/grand-seiko-elegance-collection-stgk006 ||| 404
https://watchesofmayfair.com/brand/grand-seiko/all-grand-seiko-watches/grand-seiko-elegance-collection-stgk006 ||| 404
https://watchesofmayfair.com/brand/grand-seiko/all-grand-seiko-watches/grand-seiko-elegance-collection-stgk009 ||| 404
https://watchesofmayfair.com/brand/grand-seiko/all-grand-seiko-watches/grand-seiko-elegance-collection-stgk009 ||| 404
https://watchesofmayfair.com/brand/h-moser-cie/heritage-collection/h-moser-cie-heritage-tourbillon-8802-0400 ||| 404
https://watchesofmayfair.com/brand/h-moser-cie/swiss-alp-watch-collection/h-moser-cie-swiss-alp-watch-small-seconds-5324-0211 ||| 404
https://watchesofmayfair.com/brand/h-moser-cie/venturer-collection/h-moser-cie-venturer-xl-stoletniy-krasniy-2327-1207 ||| 404
https://watchesofmayfair.com/brand/hublot/big-bang-collection/hublot-341-sx-2770-nr-1204-jeans ||| 404
https://watchesofmayfair.com/brand/hublot/big-bang-collection/hublot-411-jx-4802-rt ||| 404
https://watchesofmayfair.com/brand/hublot/big-bang-collection/hublot-411-jx-4802-rt ||| 404
https://watchesofmayfair.com/brand/hublot/big-bang-collection/hublot-465-sv-7379-lr-1205-pop16 ||| 404
https://watchesofmayfair.com/brand/hublot/big-bang-collection/hublot-big-bang-301-ci-1770-rx ||| 404
https://watchesofmayfair.com/brand/hublot/big-bang-collection/hublot-big-bang-301-ci-1770-rx ||| 404
https://watchesofmayfair.com/brand/hublot/big-bang-collection/hublot-big-bang-301-px-1180-rx ||| 404
https://watchesofmayfair.com/brand/hublot/big-bang-collection/hublot-big-bang-301-px-1180-rx ||| 404
https://watchesofmayfair.com/brand/hublot/big-bang-collection/hublot-big-bang-301-sm-1770-rx ||| 404
https://watchesofmayfair.com/brand/hublot/big-bang-collection/hublot-big-bang-301-sm-1770-rx ||| 404
https://watchesofmayfair.com/brand/hublot/big-bang-collection/hublot-big-bang-301-sx-1170-rx ||| 404
https://watchesofmayfair.com/brand/hublot/big-bang-collection/hublot-big-bang-301-sx-1170-rx ||| 404
https://watchesofmayfair.com/brand/hublot/big-bang-collection/hublot-big-bang-301-sx-130-rx ||| 404
https://watchesofmayfair.com/brand/hublot/big-bang-collection/hublot-big-bang-301-sx-130-rx ||| 404
https://watchesofmayfair.com/brand/hublot/big-bang-collection/hublot-big-bang-311-ci-1170-gr ||| 404
https://watchesofmayfair.com/brand/hublot/big-bang-collection/hublot-big-bang-311-ci-1170-gr ||| 404
https://watchesofmayfair.com/brand/hublot/big-bang-collection/hublot-big-bang-311-sm-1170-gr ||| 404
https://watchesofmayfair.com/brand/hublot/big-bang-collection/hublot-big-bang-311-sm-1170-gr ||| 404
https://watchesofmayfair.com/brand/hublot/big-bang-collection/hublot-big-bang-311-sx-1170-gr ||| 404
https://watchesofmayfair.com/brand/hublot/big-bang-collection/hublot-big-bang-311-sx-1170-gr ||| 404
https://watchesofmayfair.com/brand/hublot/big-bang-collection/hublot-big-bang-341-px-130-rx-114 ||| 404
https://watchesofmayfair.com/brand/hublot/big-bang-collection/hublot-big-bang-341-px-130-rx-114 ||| 404
https://watchesofmayfair.com/brand/hublot/big-bang-collection/hublot-big-bang-341-sg-7379-lr-1222-pop15 ||| 404
https://watchesofmayfair.com/brand/hublot/big-bang-collection/hublot-big-bang-342-se-230-rw ||| 404
https://watchesofmayfair.com/brand/hublot/big-bang-collection/hublot-big-bang-342-se-230-rw ||| 404
https://watchesofmayfair.com/brand/hublot/big-bang-collection/hublot-big-bang-342-sx-130-rx-114 ||| 404
https://watchesofmayfair.com/brand/hublot/big-bang-collection/hublot-big-bang-342-sx-130-rx-114 ||| 404
https://watchesofmayfair.com/brand/hublot/big-bang-collection/hublot-big-bang-401-nj-0123-vr ||| 404
https://watchesofmayfair.com/brand/hublot/big-bang-collection/hublot-big-bang-401-nj-0123-vr ||| 404
https://watchesofmayfair.com/brand/hublot/big-bang-collection/hublot-big-bang-403-nm-0123-rx ||| 404
https://watchesofmayfair.com/brand/hublot/big-bang-collection/hublot-big-bang-403-nm-0123-rx ||| 404
https://watchesofmayfair.com/brand/hublot/big-bang-collection/hublot-big-bang-403-om-0123-rx ||| 404
https://watchesofmayfair.com/brand/hublot/big-bang-collection/hublot-big-bang-403-om-0123-rx ||| 404
https://watchesofmayfair.com/brand/hublot/big-bang-collection/hublot-big-bang-406-nm-0170-rx ||| 404
https://watchesofmayfair.com/brand/hublot/big-bang-collection/hublot-big-bang-406-nm-0170-rx ||| 404
https://watchesofmayfair.com/brand/hublot/big-bang-collection/hublot-big-bang-411-nm-1170-nm ||| 404
https://watchesofmayfair.com/brand/hublot/big-bang-collection/hublot-big-bang-411-nm-1170-nm ||| 404
https://watchesofmayfair.com/brand/hublot/big-bang-collection/hublot-big-bang-411-nm-1170-rx ||| 404
https://watchesofmayfair.com/brand/hublot/big-bang-collection/hublot-big-bang-411-nm-1170-rx ||| 404
https://watchesofmayfair.com/brand/hublot/big-bang-collection/hublot-big-bang-411-nx-1170-nx ||| 404
https://watchesofmayfair.com/brand/hublot/big-bang-collection/hublot-big-bang-411-nx-1170-nx ||| 404
https://watchesofmayfair.com/brand/hublot/big-bang-collection/hublot-big-bang-411-nx-1170-rx ||| 404
https://watchesofmayfair.com/brand/hublot/big-bang-collection/hublot-big-bang-411-nx-1170-rx ||| 404
https://watchesofmayfair.com/brand/hublot/big-bang-collection/hublot-big-bang-411-om-1180-om ||| 404
https://watchesofmayfair.com/brand/hublot/big-bang-collection/hublot-big-bang-411-om-1180-om ||| 404
https://watchesofmayfair.com/brand/hublot/big-bang-collection/hublot-big-bang-411-om-1180-rx ||| 404
https://watchesofmayfair.com/brand/hublot/big-bang-collection/hublot-big-bang-411-om-1180-rx ||| 404
https://watchesofmayfair.com/brand/hublot/big-bang-collection/hublot-big-bang-411-ox-1180-ox ||| 404
https://watchesofmayfair.com/brand/hublot/big-bang-collection/hublot-big-bang-411-ox-1180-ox ||| 404
https://watchesofmayfair.com/brand/hublot/big-bang-collection/hublot-big-bang-411-ox-1180-rx ||| 404
https://watchesofmayfair.com/brand/hublot/big-bang-collection/hublot-big-bang-411-ox-1180-rx ||| 404
https://watchesofmayfair.com/brand/hublot/big-bang-collection/hublot-big-bang-titanium-641-nx-0173-rx ||| 404
https://watchesofmayfair.com/brand/hublot/big-bang-collection/hublot-sang-bleu-king-gold-45mm-415-ox-1118-vr-mxm17 ||| 404
https://watchesofmayfair.com/brand/hublot/big-bang-collection/hublot-sang-bleu-king-gold-45mm-415-ox-1118-vr-mxm17 ||| 404
https://watchesofmayfair.com/brand/hublot/big-bang-collection/hublot-spirit-of-big-bang-titanium-42mm-641-nx-0173-lr ||| 404
https://watchesofmayfair.com/brand/hublot/big-bang-collection/hublot-spirit-of-big-bang-titanium-42mm-641-nx-0173-lr ||| 404
https://watchesofmayfair.com/brand/hublot/classic-fusion-collection/hublot-547-nx-0170-lr ||| 404
https://watchesofmayfair.com/brand/hublot/classic-fusion-collection/hublot-547-nx-0170-lr ||| 404
https://watchesofmayfair.com/brand/hublot/classic-fusion-collection/hublot-547-ox-0180-lr ||| 404
https://watchesofmayfair.com/brand/hublot/classic-fusion-collection/hublot-547-ox-0180-lr ||| 404
https://watchesofmayfair.com/brand/hublot/classic-fusion-collection/hublot-classic-fusion-511-nx-1171-lr ||| 404
https://watchesofmayfair.com/brand/hublot/classic-fusion-collection/hublot-classic-fusion-511-nx-1171-lr ||| 404
https://watchesofmayfair.com/brand/hublot/classic-fusion-collection/hublot-classic-fusion-511-nx-1171-lr-1704 ||| 404
https://watchesofmayfair.com/brand/hublot/classic-fusion-collection/hublot-classic-fusion-511-nx-1171-lr-1704 ||| 404
https://watchesofmayfair.com/brand/hublot/classic-fusion-collection/hublot-classic-fusion-511-ox-1181-lr ||| 404
https://watchesofmayfair.com/brand/hublot/classic-fusion-collection/hublot-classic-fusion-511-ox-1181-lr ||| 404
https://watchesofmayfair.com/brand/hublot/classic-fusion-collection/hublot-classic-fusion-515-nx-0170-lr ||| 404
https://watchesofmayfair.com/brand/hublot/classic-fusion-collection/hublot-classic-fusion-515-nx-0170-lr ||| 404
https://watchesofmayfair.com/brand/hublot/classic-fusion-collection/hublot-classic-fusion-515-ox-0180-lr ||| 404
https://watchesofmayfair.com/brand/hublot/classic-fusion-collection/hublot-classic-fusion-515-ox-0180-lr ||| 404
https://watchesofmayfair.com/brand/hublot/classic-fusion-collection/hublot-classic-fusion-517-nx-0170-lr ||| 404
https://watchesofmayfair.com/brand/hublot/classic-fusion-collection/hublot-classic-fusion-517-nx-0170-lr ||| 404
https://watchesofmayfair.com/brand/hublot/classic-fusion-collection/hublot-classic-fusion-517-ox-0180-lr ||| 404
https://watchesofmayfair.com/brand/hublot/classic-fusion-collection/hublot-classic-fusion-517-ox-0180-lr ||| 404
https://watchesofmayfair.com/brand/hublot/classic-fusion-collection/hublot-classic-fusion-521-no-1181-lr ||| 404
https://watchesofmayfair.com/brand/hublot/classic-fusion-collection/hublot-classic-fusion-521-no-1181-lr ||| 404
https://watchesofmayfair.com/brand/hublot/classic-fusion-collection/hublot-classic-fusion-521-nx-1171-lr ||| 404
https://watchesofmayfair.com/brand/hublot/classic-fusion-collection/hublot-classic-fusion-521-nx-1171-lr ||| 404
https://watchesofmayfair.com/brand/hublot/classic-fusion-collection/hublot-classic-fusion-521-ox-1181-lr ||| 404
https://watchesofmayfair.com/brand/hublot/classic-fusion-collection/hublot-classic-fusion-521-ox-1181-lr ||| 404
https://watchesofmayfair.com/brand/hublot/classic-fusion-collection/hublot-classic-fusion-525-nx-0170-lr ||| 404
https://watchesofmayfair.com/brand/hublot/classic-fusion-collection/hublot-classic-fusion-525-nx-0170-lr ||| 404
https://watchesofmayfair.com/brand/hublot/classic-fusion-collection/hublot-classic-fusion-525-ox-0180-lr ||| 404
https://watchesofmayfair.com/brand/hublot/classic-fusion-collection/hublot-classic-fusion-525-ox-0180-lr ||| 404
https://watchesofmayfair.com/brand/hublot/classic-fusion-collection/hublot-classic-fusion-542-nx-1171-lr ||| 404
https://watchesofmayfair.com/brand/hublot/classic-fusion-collection/hublot-classic-fusion-542-nx-1171-lr ||| 404
https://watchesofmayfair.com/brand/hublot/classic-fusion-collection/hublot-classic-fusion-545-nx-0170-lr ||| 404
https://watchesofmayfair.com/brand/hublot/classic-fusion-collection/hublot-classic-fusion-545-nx-0170-lr ||| 404
https://watchesofmayfair.com/brand/hublot/classic-fusion-collection/hublot-classic-fusion-565-nx-1171-lr ||| 404
https://watchesofmayfair.com/brand/hublot/classic-fusion-collection/hublot-classic-fusion-565-nx-1171-lr ||| 404
https://watchesofmayfair.com/brand/hublot/classic-fusion-collection/hublot-classic-fusion-565-nx-1171-rx ||| 404
https://watchesofmayfair.com/brand/hublot/classic-fusion-collection/hublot-classic-fusion-565-nx-1171-rx ||| 404
https://watchesofmayfair.com/brand/hublot/king-power/hublot-701-ne-0127-gr ||| 404
https://watchesofmayfair.com/brand/hublot/king-power/hublot-701-ne-0127-gr ||| 404
https://watchesofmayfair.com/brand/hublot/king-power/hublot-king-power-701-ci-0170-rx ||| 404
https://watchesofmayfair.com/brand/hublot/king-power/hublot-king-power-701-ci-0170-rx ||| 404
https://watchesofmayfair.com/brand/hublot/king-power/hublot-king-power-701-co-0180-rx ||| 404
https://watchesofmayfair.com/brand/hublot/king-power/hublot-king-power-701-co-0180-rx ||| 404
https://watchesofmayfair.com/brand/hublot/mp-collection/hublot-mp-05-laferrari-aperta-905-jn-0001-rx ||| 404
https://watchesofmayfair.com/brand/hublot/mp-collection/hublot-mp-07-sapphire-40-days-power-reserve-907-jx-0001-rx ||| 404
https://watchesofmayfair.com/brand/hublot/spirit-of-big-bang-collection/hublot-spirit-of-big-bang-601-ci-0110-rx ||| 404
https://watchesofmayfair.com/brand/hublot/spirit-of-big-bang-collection/hublot-spirit-of-big-bang-601-ci-0110-rx ||| 404
https://watchesofmayfair.com/brand/hublot/spirit-of-big-bang-collection/hublot-spirit-of-big-bang-601-nm-0173-lr ||| 404
https://watchesofmayfair.com/brand/hublot/spirit-of-big-bang-collection/hublot-spirit-of-big-bang-601-nm-0173-lr ||| 404
https://watchesofmayfair.com/brand/hublot/spirit-of-big-bang-collection/hublot-spirit-of-big-bang-601-nx-0173-lr ||| 404
https://watchesofmayfair.com/brand/hublot/spirit-of-big-bang-collection/hublot-spirit-of-big-bang-601-nx-0173-lr ||| 404
https://watchesofmayfair.com/brand/hublot/spirit-of-big-bang-collection/hublot-spirit-of-big-bang-601-om-0183-lr ||| 404
https://watchesofmayfair.com/brand/hublot/spirit-of-big-bang-collection/hublot-spirit-of-big-bang-601-om-0183-lr ||| 404
https://watchesofmayfair.com/brand/hublot/spirit-of-big-bang-collection/hublot-spirit-of-big-bang-601-ox-0183-lr ||| 404
https://watchesofmayfair.com/brand/hublot/spirit-of-big-bang-collection/hublot-spirit-of-big-bang-601-ox-0183-lr ||| 404
https://watchesofmayfair.com/brand/iwc/iwc-portofino-collection/iwc-portofino-iw459002 ||| 404
https://watchesofmayfair.com/brand/iwc/iwc-portofino-collection/iwc-portofino-iw459003 ||| 404
https://watchesofmayfair.com/brand/iwc/iwc-portofino-collection/iwc-portofino-iw459005 ||| 404
https://watchesofmayfair.com/brand/iwc/iwc-portofino-collection/iwc-portofino-iw459007 ||| 404
https://watchesofmayfair.com/brand/iwc/iwc-portofino-collection/iwc-portofino-iw459101 ||| 404
https://watchesofmayfair.com/brand/iwc/iwc-portofino-collection/iwc-portofino-iw459102 ||| 404
https://watchesofmayfair.com/brand/jacob-co/gents-collection/epic-x-chrono-collection ||| 404
https://watchesofmayfair.com/brand/jacob-co/gents-collection/epic-x-chrono-collection ||| 404
https://watchesofmayfair.com/brand/jaeger-le-coultre/all-jaeger-lecoultre-watches/jaeger-lecoultre-geophysic-800652j ||| 404
https://watchesofmayfair.com/brand/jaeger-le-coultre/all-jaeger-lecoultre-watches/jaeger-lecoultre-grande-reverso-lady-ut-thin-duetto-duo-q330842j ||| 404
https://watchesofmayfair.com/brand/jaeger-le-coultre/all-jaeger-lecoultre-watches/jaeger-lecoultre-grande-reverso-lady-ut-thin-duetto-duo-q330842j ||| 404
https://watchesofmayfair.com/brand/jaeger-le-coultre/atmos-collection/jaeger-lecoultre-atmos-5543303 ||| 404
https://watchesofmayfair.com/brand/jaeger-le-coultre/duometre-collection/jaeger-lecoultre-duometre-6033420 ||| 404
https://watchesofmayfair.com/brand/jaeger-le-coultre/duometre-collection/jaeger-lecoultre-duometre-60334x1 ||| 404
https://watchesofmayfair.com/brand/jaeger-le-coultre/duometre-collection/jaeger-lecoultre-duometre-6053406 ||| 404
https://watchesofmayfair.com/brand/jaeger-le-coultre/duometre-collection/jaeger-lecoultre-duometre-60535x1 ||| 404
https://watchesofmayfair.com/brand/jaeger-le-coultre/duometre-collection/jaeger-lecoultre-duometre-6056590 ||| 404
https://watchesofmayfair.com/brand/jaeger-le-coultre/duometre-collection/jaeger-lecoultre-duometre-6073320 ||| 404
https://watchesofmayfair.com/brand/jaeger-le-coultre/duometre-collection/jaeger-lecoultre-duometre-60735x1 ||| 404
https://watchesofmayfair.com/brand/jaeger-le-coultre/master-collection/jaeger-lecoultre-master-128255j ||| 404
https://watchesofmayfair.com/brand/jaeger-le-coultre/master-collection/jaeger-lecoultre-master-12935e1 ||| 404
https://watchesofmayfair.com/brand/jaeger-le-coultre/master-collection/jaeger-lecoultre-master-130842j ||| 404
https://watchesofmayfair.com/brand/jaeger-le-coultre/master-collection/jaeger-lecoultre-master-1352507 ||| 404
https://watchesofmayfair.com/brand/jaeger-le-coultre/master-collection/jaeger-lecoultre-master-136255j ||| 404
https://watchesofmayfair.com/brand/jaeger-le-coultre/master-collection/jaeger-lecoultre-master-1368470 ||| 404
https://watchesofmayfair.com/brand/jaeger-le-coultre/master-collection/jaeger-lecoultre-master-1368470 ||| 404
https://watchesofmayfair.com/brand/jaeger-le-coultre/master-collection/jaeger-lecoultre-master-1452507 ||| 404
https://watchesofmayfair.com/brand/jaeger-le-coultre/master-collection/jaeger-lecoultre-master-16634e0 ||| 404
https://watchesofmayfair.com/brand/jaeger-le-coultre/master-collection/jaeger-lecoultre-master-16634v2 ||| 404
https://watchesofmayfair.com/brand/jaeger-le-coultre/master-collection/jaeger-lecoultre-master-5023402 ||| 404
https://watchesofmayfair.com/brand/jaeger-le-coultre/master-collection/jaeger-lecoultre-master-5033401 ||| 404
https://watchesofmayfair.com/brand/jaeger-le-coultre/master-collection/jaeger-lecoultre-master-5036420 ||| 404
https://watchesofmayfair.com/brand/jaeger-le-coultre/master-collection/jaeger-lecoultre-master-503g4x1 ||| 404
https://watchesofmayfair.com/brand/jaeger-le-coultre/master-collection/jaeger-lecoultre-master-5043401 ||| 404
https://watchesofmayfair.com/brand/jaeger-le-coultre/master-collection/jaeger-lecoultre-master-5063540 ||| 404
https://watchesofmayfair.com/brand/jaeger-le-coultre/master-collection/jaeger-lecoultre-master-5083311 ||| 404
https://watchesofmayfair.com/brand/jaeger-le-coultre/master-collection/jaeger-lecoultre-master-5083401 ||| 404
https://watchesofmayfair.com/brand/jaeger-le-coultre/master-collection/jaeger-lecoultre-master-5083402 ||| 404
https://watchesofmayfair.com/brand/jaeger-le-coultre/master-collection/jaeger-lecoultre-master-6026322 ||| 404
https://watchesofmayfair.com/brand/jaeger-le-coultre/master-extreme-collection/jaeger-lecoultre-master-208a57j ||| 404
https://watchesofmayfair.com/brand/jaeger-le-coultre/rendez-vous-collection/jaeger-lecoultre-rendez-vous-34133x1 ||| 404
https://watchesofmayfair.com/brand/jaeger-le-coultre/rendez-vous-collection/jaeger-lecoultre-rendez-vous-3413430 ||| 404
https://watchesofmayfair.com/brand/jaeger-le-coultre/rendez-vous-collection/jaeger-lecoultre-rendez-vous-344242j ||| 404
https://watchesofmayfair.com/brand/jaeger-le-coultre/rendez-vous-collection/jaeger-lecoultre-rendez-vous-344817j ||| 404
https://watchesofmayfair.com/brand/jaeger-le-coultre/rendez-vous-collection/jaeger-lecoultre-rendez-vous-344847j ||| 404
https://watchesofmayfair.com/brand/jaeger-le-coultre/rendez-vous-collection/jaeger-lecoultre-rendez-vous-3462590 ||| 404
https://watchesofmayfair.com/brand/jaeger-le-coultre/rendez-vous-collection/jaeger-lecoultre-rendez-vous-3468490 ||| 404
https://watchesofmayfair.com/brand/jaeger-le-coultre/rendez-vous-collection/jaeger-lecoultre-rendez-vous-34833x1 ||| 404
https://watchesofmayfair.com/brand/jaeger-le-coultre/rendez-vous-collection/jaeger-lecoultre-rendez-vous-3523490 ||| 404
https://watchesofmayfair.com/brand/jaeger-le-coultre/rendez-vous-collection/jaeger-lecoultre-rendez-vous-35334e1 ||| 404
https://watchesofmayfair.com/brand/jaeger-le-coultre/rendez-vous-collection/jaeger-lecoultre-rendez-vous-3553308 ||| 404
https://watchesofmayfair.com/brand/jaeger-le-coultre/reverso-collection/jaeger-lecoultre-reverso-2213399 ||| 404
https://watchesofmayfair.com/brand/jaeger-le-coultre/reverso-collection/jaeger-lecoultre-reverso-2323425 ||| 404
https://watchesofmayfair.com/brand/jaeger-le-coultre/reverso-collection/jaeger-lecoultre-reverso-2326421 ||| 404
https://watchesofmayfair.com/brand/jaeger-le-coultre/reverso-collection/jaeger-lecoultre-reverso-2353520 ||| 404
https://watchesofmayfair.com/brand/jaeger-le-coultre/reverso-collection/jaeger-lecoultre-reverso-2518110 ||| 404
https://watchesofmayfair.com/brand/jaeger-le-coultre/reverso-collection/jaeger-lecoultre-reverso-2608411 ||| 404
https://watchesofmayfair.com/brand/jaeger-le-coultre/reverso-collection/jaeger-lecoultre-reverso-2708110 ||| 404
https://watchesofmayfair.com/brand/jaeger-le-coultre/reverso-collection/jaeger-lecoultre-reverso-2712510 ||| 404
https://watchesofmayfair.com/brand/jaeger-le-coultre/reverso-collection/jaeger-lecoultre-reverso-2718110 ||| 404
https://watchesofmayfair.com/brand/jaeger-le-coultre/reverso-collection/jaeger-lecoultre-reverso-2718410 ||| 404
https://watchesofmayfair.com/brand/jaeger-le-coultre/reverso-collection/jaeger-lecoultre-reverso-2788520 ||| 404
https://watchesofmayfair.com/brand/jaeger-le-coultre/reverso-collection/jaeger-lecoultre-reverso-2788570 ||| 404
https://watchesofmayfair.com/brand/jaeger-le-coultre/reverso-collection/jaeger-lecoultre-reverso-3208420 ||| 404
https://watchesofmayfair.com/brand/jaeger-le-coultre/reverso-collection/jaeger-lecoultre-reverso-3208421 ||| 404
https://watchesofmayfair.com/brand/jaeger-le-coultre/reverso-collection/jaeger-lecoultre-reverso-3213402 ||| 404
https://watchesofmayfair.com/brand/jaeger-le-coultre/reverso-collection/jaeger-lecoultre-reverso-3264420 ||| 404
https://watchesofmayfair.com/brand/jaeger-le-coultre/reverso-collection/jaeger-lecoultre-reverso-330242j ||| 404
https://watchesofmayfair.com/brand/jaeger-le-coultre/reverso-collection/jaeger-lecoultre-reverso-3313407 ||| 404
https://watchesofmayfair.com/brand/jaeger-le-coultre/reverso-collection/jaeger-lecoultre-reverso-3313490 ||| 404
https://watchesofmayfair.com/brand/jaeger-le-coultre/reverso-collection/jaeger-lecoultre-reverso-3363490 ||| 404
https://watchesofmayfair.com/brand/jaeger-le-coultre/reverso-collection/jaeger-lecoultre-reverso-3748421 ||| 404
https://watchesofmayfair.com/brand/jaeger-le-coultre/reverso-collection/jaeger-lecoultre-reverso-3758420 ||| 404
https://watchesofmayfair.com/brand/jaeger-le-coultre/reverso-collection/jaeger-lecoultre-reverso-381357j ||| 404
https://watchesofmayfair.com/brand/jaeger-le-coultre/reverso-collection/jaeger-lecoultre-reverso-7058130 ||| 404
https://watchesofmayfair.com/brand/jaquet-droz/all-jaquet-droz-watches/jaquet-droz-grande-seconde-jadeite-j014014295 ||| 404
https://watchesofmayfair.com/brand/jaquet-droz/all-jaquet-droz-watches/jaquet-droz-grande-seconde-meteorite-j003033339 ||| 404
https://watchesofmayfair.com/brand/jaquet-droz/all-jaquet-droz-watches/jaquet-droz-grande-seconde-meteorite-j003033340 ||| 404
https://watchesofmayfair.com/brand/jaquet-droz/all-jaquet-droz-watches/jaquet-droz-grande-seconde-tourbillon-jadeite-j013013281 ||| 404
https://watchesofmayfair.com/brand/jaquet-droz/all-jaquet-droz-watches/jaquet-droz-grande-seconde-tourbillon-mother-of-pearl-j013013580 ||| 404
https://watchesofmayfair.com/brand/jaquet-droz/all-jaquet-droz-watches/jaquet-droz-lady-8-flower-j032003220 ||| 404
https://watchesofmayfair.com/brand/jaquet-droz/all-jaquet-droz-watches/jaquet-droz-lady-8-flower-j032003271 ||| 404
https://watchesofmayfair.com/brand/jaquet-droz/all-jaquet-droz-watches/jaquet-droz-lady-8-flower-j032004221 ||| 404
https://watchesofmayfair.com/brand/jaquet-droz/all-jaquet-droz-watches/jaquet-droz-lady-8-petite-mother-of-pearl-j014600370 ||| 404
https://watchesofmayfair.com/brand/jaquet-droz/all-jaquet-droz-watches/jaquet-droz-loving-butterfly-automaton-j032534270 ||| 404
https://watchesofmayfair.com/brand/jaquet-droz/all-jaquet-droz-watches/jaquet-droz-loving-butterfly-automaton-j032534271 ||| 404
https://watchesofmayfair.com/brand/jaquet-droz/all-jaquet-droz-watches/jaquet-droz-parrot-repeater-pocket-watch-j080533000 ||| 404
https://watchesofmayfair.com/brand/jaquet-droz/all-jaquet-droz-watches/jaquet-droz-petite-heure-minute-astorite-j005003580 ||| 404
https://watchesofmayfair.com/brand/jaquet-droz/all-jaquet-droz-watches/jaquet-droz-petite-heure-minute-relief-rooster-j005023282 ||| 404
https://watchesofmayfair.com/brand/jaquet-droz/all-jaquet-droz-watches/jaquet-droz-petite-heure-minute-relief-rooster-j005024282 ||| 404
https://watchesofmayfair.com/brand/jaquet-droz/all-jaquet-droz-watches/jaquet-droz-petite-heure-minute-relief-seasons-j005023283 ||| 404
https://watchesofmayfair.com/brand/jaquet-droz/all-jaquet-droz-watches/jaquet-droz-petite-heure-minute-relief-seasons-j005024576 ||| 404
https://watchesofmayfair.com/brand/jaquet-droz/all-jaquet-droz-watches/jaquet-droz-tropical-bird-repeater-j033034200 ||| 404
https://watchesofmayfair.com/brand/longines/all-longines-watches/longines-l2-808-4-52-0 ||| 404
https://watchesofmayfair.com/brand/longines/all-longines-watches/longines-l2-808-4-52-0 ||| 404
https://watchesofmayfair.com/brand/longines/all-longines-watches/longines-l2-808-4-52-9 ||| 404
https://watchesofmayfair.com/brand/longines/all-longines-watches/longines-l2-808-4-52-9 ||| 404
https://watchesofmayfair.com/brand/longines/all-longines-watches/longines-l4-817-8-76-2 ||| 404
https://watchesofmayfair.com/brand/longines/all-longines-watches/longines-l4-817-8-76-2 ||| 404
https://watchesofmayfair.com/brand/longines/all-longines-watches/longines-l5-255-4-71-6 ||| 404
https://watchesofmayfair.com/brand/longines/all-longines-watches/longines-l5-255-4-71-6 ||| 404
https://watchesofmayfair.com/brand/longines/all-longines-watches/longines-l5-512-4-71-0 ||| 404
https://watchesofmayfair.com/brand/longines/all-longines-watches/longines-l5-512-4-71-0 ||| 404
https://watchesofmayfair.com/brand/longines/all-longines-watches/longines-l8-111-4-87-6 ||| 404
https://watchesofmayfair.com/brand/longines/elegance-collection/la-grande-classique-de-longines/longines-l4-512-1-97-8 ||| 404
https://watchesofmayfair.com/brand/longines/elegance-collection/la-grande-classique-de-longines/longines-l4-513-0-87-6 ||| 404
https://watchesofmayfair.com/brand/longines/elegance-collection/longines-dolcevita/longines-l5-512-9-87-0 ||| 404
https://watchesofmayfair.com/brand/longines/elegance-collection/longines-primaluna/longines-l8-110-4-87-6 ||| 404
https://watchesofmayfair.com/brand/longines/elegance-collection/longines-symphonette/longines-l2-305-5-83-7 ||| 404
https://watchesofmayfair.com/brand/longines/watchmaking-tradition-collection/conquest-classic/longines-l3-381-4-87-6 ||| 404
https://watchesofmayfair.com/brand/longines/watchmaking-tradition-collection/record/longines-l2-321-0-87-6 ||| 404
https://watchesofmayfair.com/brand/longines/watchmaking-tradition-collection/the-longines-elegant-collection/longines-l4-309-5-88-7 ||| 404
https://watchesofmayfair.com/brand/longines/watchmaking-tradition-collection/the-longines-elegant-collection/longines-l4-310-5-88-7 ||| 404
https://watchesofmayfair.com/brand/longines/watchmaking-tradition-collection/the-longines-master-collection/longines-l2-738-4-71-3 ||| 404
https://watchesofmayfair.com/brand/longines/watchmaking-tradition-collection/the-longines-master-collection/longines-l2-738-4-71-3 ||| 404
https://watchesofmayfair.com/brand/maurice-lacroix/masterpiece-collection/maurice-lacroix-mp6118-pvb01-130-1 ||| 404
https://watchesofmayfair.com/brand/maurice-lacroix/masterpiece-collection/maurice-lacroix-mp6118-ss001-112-1 ||| 404
https://watchesofmayfair.com/brand/maurice-lacroix/masterpiece-collection/maurice-lacroix-mp6118-ss001-112-1 ||| 404
https://watchesofmayfair.com/brand/maurice-lacroix/masterpiece-collection/maurice-lacroix-mp6118-ss001-112-2 ||| 404
https://watchesofmayfair.com/brand/maurice-lacroix/masterpiece-collection/maurice-lacroix-mp6118-ss001-112-2 ||| 404
https://watchesofmayfair.com/brand/maurice-lacroix/masterpiece-collection/maurice-lacroix-mp6528-ss001-430-1 ||| 404
https://watchesofmayfair.com/brand/montblanc-watches/all-montblanc-watches/montblanc-112442 ||| 404
https://watchesofmayfair.com/brand/montblanc-watches/all-montblanc-watches/montblanc-113704 ||| 404
https://watchesofmayfair.com/brand/montblanc-watches/all-montblanc-watches/montblanc-114086 ||| 404
https://watchesofmayfair.com/brand/montblanc-watches/all-montblanc-watches/montblanc-115515 ||| 404
https://watchesofmayfair.com/brand/montblanc-watches/all-montblanc-watches/montblanc-collection-villeret-1858-exo-tourbillon-109433 ||| 404
https://watchesofmayfair.com/brand/montblanc-watches/all-montblanc-watches/montblanc-heritage-chronometrie-exotourbillon-112542 ||| 404
https://watchesofmayfair.com/brand/montblanc-watches/all-montblanc-watches/montblanc-heritage-chronometrie-quantieme-112537 ||| 404
https://watchesofmayfair.com/brand/montblanc-watches/all-montblanc-watches/montblanc-heritage-chronometrie-quantieme-112539 ||| 404
https://watchesofmayfair.com/brand/montblanc-watches/all-montblanc-watches/montblanc-princesse-grace-de-monaco-107334 ||| 404
https://watchesofmayfair.com/brand/montblanc-watches/all-montblanc-watches/montblanc-princesse-grace-de-monaco-107335 ||| 404
https://watchesofmayfair.com/brand/montblanc-watches/montblanc-collection-villeret/montblanc-villeret-1858-metamorphosis-ii-52mm-112442 ||| 404
https://watchesofmayfair.com/brand/nomos/club-collection/nomos-club-automatic-40mm-753 ||| 404
https://watchesofmayfair.com/brand/omega/constellation-collection/omega-constellation-manhattan-co-axial-master-chronometer-29-mm-131-20-29-20-55-001 ||| 404
https://watchesofmayfair.com/brand/omega/constellation-collection/omega-constellation-manhattan-quartz-28-mm-131-15-28-60-55-001 ||| 404
https://watchesofmayfair.com/brand/omega/seamaster-collection/omega-planet-ocean-600m-omega-co-axial-master-chronometer-215-92-46-51-01-001 ||| 404
https://watchesofmayfair.com/brand/omega/seamaster-collection/omega-planet-ocean-600m-omega-co-axial-master-chronometer-215-92-46-51-01-001 ||| 404
https://watchesofmayfair.com/brand/oris/oris-all-models/oris-mare-nostrum-blu-limited-edition-01-754-7741-3185-set ||| 404
https://watchesofmayfair.com/brand/romain-jerome/air-moon-dna-collection/1969-collection/1969-heavy-metal-blue-silicium-rj-m-au-020-02 ||| 404
https://watchesofmayfair.com/brand/romain-jerome/air-moon-dna-collection/1969-collection/1969-heavy-metal-blue-silicium-rj-m-au-020-02 ||| 404
https://watchesofmayfair.com/brand/romain-jerome/air-moon-dna-collection/moon-dust-chrono/moon-dust-black-mood-chrono-rj-m-ch-001-01 ||| 404
https://watchesofmayfair.com/brand/romain-jerome/air-moon-dna-collection/moon-dust-chrono/moon-dust-red-mood-chrono-rj-m-ch-003-01 ||| 404
https://watchesofmayfair.com/brand/romain-jerome/air-moon-dna-collection/moon-invader-40/moon-invader-40-black-metal-auto-rj-m-au-in-020-02 ||| 404
https://watchesofmayfair.com/brand/romain-jerome/air-moon-dna-collection/moon-invader-40/moon-invader-40-black-metal-auto-rj-m-au-in-020-02 ||| 404
https://watchesofmayfair.com/brand/romain-jerome/air-moon-dna-collection/moon-invader-40/moon-invader-40-heavy-metal-auto-rj-m-au-in-020-01 ||| 404
https://watchesofmayfair.com/brand/romain-jerome/air-moon-dna-collection/moon-invader-40/moon-invader-40-heavy-metal-auto-rj-m-au-in-020-01 ||| 404
https://watchesofmayfair.com/brand/romain-jerome/air-moon-dna-collection/moon-invader-40/moon-invader-40-heavy-metal-auto-set-rj-m-au-in-020-12 ||| 404
https://watchesofmayfair.com/brand/romain-jerome/air-moon-dna-collection/moon-invader-40/moon-invader-40-heavy-metal-auto-set-rj-m-au-in-020-12 ||| 404
https://watchesofmayfair.com/brand/romain-jerome/air-moon-dna-collection/moon-invader/moon-invader-red-metal-auto-rj-m-au-in-004-02 ||| 404
https://watchesofmayfair.com/brand/romain-jerome/air-moon-dna-collection/moon-invader/moon-invader-red-metal-auto-rj-m-au-in-004-02 ||| 404
https://watchesofmayfair.com/brand/romain-jerome/air-moon-dna-collection/moon-orbiter/moon-orbiter-rj-m-to-mo-001-06 ||| 404
https://watchesofmayfair.com/brand/romain-jerome/air-moon-dna-collection/romain-jerome-moon-dna-rj-m-au-023-06 ||| 404
https://watchesofmayfair.com/brand/romain-jerome/air-moon-dna-collection/romain-jerome-moon-dna-rj-m-ch-001-04 ||| 404
https://watchesofmayfair.com/brand/romain-jerome/air-moon-dna-collection/romain-jerome-moon-dna-rj-m-ch-001-04 ||| 404
https://watchesofmayfair.com/brand/romain-jerome/air-moon-dna-collection/skylab-48-skull/skylab-48-speed-metal-black-skull-rj-m-au-030-21 ||| 404
https://watchesofmayfair.com/brand/romain-jerome/air-moon-dna-collection/skylab-48-skull/skylab-48-speed-metal-black-skull-rj-m-au-030-21 ||| 404
https://watchesofmayfair.com/brand/romain-jerome/air-moon-dna-collection/skylab-48-skull/skylab-48-speed-metal-blue-skull-rj-m-au-030-17 ||| 404
https://watchesofmayfair.com/brand/romain-jerome/air-moon-dna-collection/skylab-48-skull/skylab-48-speed-metal-blue-skull-rj-m-au-030-17 ||| 404
https://watchesofmayfair.com/brand/romain-jerome/air-moon-dna-collection/skylab/skylab-44-grey-metal-rj-m-au-026-01 ||| 404
https://watchesofmayfair.com/brand/romain-jerome/air-moon-dna-collection/skylab/skylab-44-red-metal-rj-m-au-027-01 ||| 404
https://watchesofmayfair.com/brand/romain-jerome/air-moon-dna-collection/skylab/skylab-44-red-rj-m-au-028-01 ||| 404
https://watchesofmayfair.com/brand/romain-jerome/air-moon-dna-collection/skylab/skylab-48-red-rj-m-au-031-01 ||| 404
https://watchesofmayfair.com/brand/romain-jerome/air-moon-dna-collection/skylab/skylab-48-skull-rj-m-au-030-03 ||| 404
https://watchesofmayfair.com/brand/romain-jerome/air-moon-dna-collection/skylab/skylab-48-skull-rj-m-au-030-03 ||| 404
https://watchesofmayfair.com/brand/romain-jerome/air-moon-dna-collection/skylab/skylab-48-speed-metal-rj-m-au-030-01 ||| 404
https://watchesofmayfair.com/brand/romain-jerome/air-moon-dna-collection/skylab/skylab-48-speed-metal-rj-m-au-030-01 ||| 404
https://watchesofmayfair.com/brand/romain-jerome/rj-collaborations-collection/generational-icons-collection/delorean-dna/delorean-dna-rj-m-ch-de-001-01 ||| 404
https://watchesofmayfair.com/brand/romain-jerome/rj-collaborations-collection/generational-icons-collection/delorean-dna/delorean-dna-rj-m-ch-de-001-01 ||| 404
https://watchesofmayfair.com/brand/romain-jerome/rj-collaborations-collection/horological-icons-collection/spacecraft/rj-m-au-sc-001-02 ||| 404
https://watchesofmayfair.com/brand/romain-jerome/rj-collaborations-collection/horological-icons-collection/spacecraft/rj-m-au-sc-001-03 ||| 404
https://watchesofmayfair.com/brand/romain-jerome/rj-collaborations-collection/horological-icons-collection/spacecraft/spacecraft-black-rj-m-au-sc-002-01 ||| 404
https://watchesofmayfair.com/brand/romain-jerome/rj-collaborations-collection/horological-icons-collection/spacecraft/spacecraft-rj-m-au-sc-001-01 ||| 404
https://watchesofmayfair.com/brand/romain-jerome/rj-collaborations-collection/horological-icons-collection/spacecraft/spacecraft-rj-m-au-sc-001-01 ||| 404
https://watchesofmayfair.com/brand/romain-jerome/sea-collection/steampunk-collection/steampunk-auto-46/steampunk-rj-t-au-sp-006-04 ||| 404
https://watchesofmayfair.com/brand/romain-jerome/sea-collection/steampunk-collection/steampunk-auto-46/steampunk-rj-t-au-sp-006-05 ||| 404
https://watchesofmayfair.com/brand/romain-jerome/sea-collection/steampunk-collection/steampunk-auto-46/steampunk-rj-t-au-sp-006-06 ||| 404
https://watchesofmayfair.com/brand/romain-jerome/sea-collection/steampunk-collection/steampunk-auto-46/steampunk-rj-t-au-sp-006-06 ||| 404
https://watchesofmayfair.com/brand/romain-jerome/sea-collection/steampunk-collection/steampunk-auto-46/steampunk-rj-t-au-sp-006-07 ||| 404
https://watchesofmayfair.com/brand/romain-jerome/sea-collection/steampunk-collection/steampunk-auto-46/steampunk-rj-t-au-sp-006-08 ||| 404
https://watchesofmayfair.com/brand/romain-jerome/sea-collection/steampunk-collection/steampunk-camo/steampunk-chrono-camo-rj-t-ch-sp-006-01 ||| 404
https://watchesofmayfair.com/brand/romain-jerome/sea-collection/steampunk-collection/steampunk-tourbillon/steampunk-rj-t-to-sp-003-04 ||| 404
https://watchesofmayfair.com/brand/romain-jerome/sea-collection/steampunk-collection/steampunk-tourbillon/steampunk-rj-t-to-sp-003-05 ||| 404
https://watchesofmayfair.com/brand/romain-jerome/sea-collection/steampunk-collection/steampunk-tourbillon/steampunk-rj-t-to-sp-003-06 ||| 404
https://watchesofmayfair.com/brand/romain-jerome/sea-collection/steampunk-collection/steampunk-tourbillon/steampunk-rj-t-to-sp-004-01 ||| 404
https://watchesofmayfair.com/brand/romain-jerome/sea-collection/steampunk-collection/steampunk-tourbillon/steampunk-rj-t-to-sp-004-02 ||| 404
https://watchesofmayfair.com/brand/romain-jerome/sea-collection/titanic-inside/steampunk-auto/steampunk-metal-auto-rj-t-au-sp-001-01 ||| 404
https://watchesofmayfair.com/brand/romain-jerome/sea-collection/titanic-inside/steampunk-auto/steampunk-metal-auto-rj-t-au-sp-001-01 ||| 404
https://watchesofmayfair.com/brand/romain-jerome/sea-collection/titanic-inside/steampunk-auto/steampunk-red-auto-set-rj-t-au-sp-003-03 ||| 404
https://watchesofmayfair.com/brand/romain-jerome/sea-collection/titanic-inside/steampunk-auto/steampunk-red-auto-set-rj-t-au-sp-003-03 ||| 404
https://watchesofmayfair.com/brand/romain-jerome/sea-collection/titanic-inside/steampunk-chrono/steampunk-metal-chrono-rj-t-ch-sp-001-01 ||| 404
https://watchesofmayfair.com/brand/romain-jerome/sea-collection/titanic-inside/steampunk-chrono/steampunk-metal-chrono-rj-t-ch-sp-001-01 ||| 404
https://watchesofmayfair.com/brand/romain-jerome/sea-collection/titanic-inside/steampunk-chrono/steampunk-red-chrono-set-rj-t-ch-sp-003-03 ||| 404
https://watchesofmayfair.com/brand/romain-jerome/sea-collection/titanic-inside/steampunk-chrono/steampunk-red-chrono-set-rj-t-ch-sp-003-03 ||| 404
https://watchesofmayfair.com/brand/seiko/all-seiko-watches/seiko-prospex-snr025j1 ||| 404
https://watchesofmayfair.com/brand/seiko/all-seiko-watches/seiko-prospex-snr027j1 ||| 404
https://watchesofmayfair.com/brand/seiko/all-seiko-watches/seiko-prospex-snr029j1 ||| 404
https://watchesofmayfair.com/brand/sinn/instrument-watches/sinn-classic-pilot-dark-blue-dial-steel-bracelet-104-st-sa-i-b-104-013 ||| 404
https://watchesofmayfair.com/brand/sinn/instrument-watches/sinn-classic-pilot-dark-blue-dial-steel-bracelet-104-st-sa-i-b-104-013 ||| 404
https://watchesofmayfair.com/brand/ulysse-nardin/all-ulysse-nardin-products/ulysse-nardin-8153-180e-3c-10 ||| 404
https://watchesofmayfair.com/brand/ulysse-nardin/classic-collection/ulysse-nardin-classico-paul-david-nardin-3202-900 ||| 404
https://watchesofmayfair.com/brand/vacheron-constantin/all-vacheron-constantin-watches/vacheron-constantin-1100a-000p-b026 ||| 404
https://watchesofmayfair.com/brand/vacheron-constantin/all-vacheron-constantin-watches/vacheron-constantin-17620-s11g-9478 ||| 404
https://watchesofmayfair.com/brand/vacheron-constantin/all-vacheron-constantin-watches/vacheron-constantin-17621-000g-9478 ||| 404
https://watchesofmayfair.com/brand/vacheron-constantin/all-vacheron-constantin-watches/vacheron-constantin-17625-s12g-9479 ||| 404
https://watchesofmayfair.com/brand/vacheron-constantin/all-vacheron-constantin-watches/vacheron-constantin-17626-s13g-9479 ||| 404
https://watchesofmayfair.com/brand/vacheron-constantin/all-vacheron-constantin-watches/vacheron-constantin-33059-000j-0000 ||| 404
https://watchesofmayfair.com/brand/vacheron-constantin/all-vacheron-constantin-watches/vacheron-constantin-33580-000g-9903 ||| 404
https://watchesofmayfair.com/brand/vacheron-constantin/all-vacheron-constantin-watches/vacheron-constantin-33580-000g-b008 ||| 404
https://watchesofmayfair.com/brand/vacheron-constantin/all-vacheron-constantin-watches/vacheron-constantin-33580-000g-b010 ||| 404
https://watchesofmayfair.com/brand/vacheron-constantin/all-vacheron-constantin-watches/vacheron-constantin-33580-000g-b011 ||| 404
https://watchesofmayfair.com/brand/vacheron-constantin/all-vacheron-constantin-watches/vacheron-constantin-33580-000r-9904 ||| 404
https://watchesofmayfair.com/brand/vacheron-constantin/all-vacheron-constantin-watches/vacheron-constantin-33580-000r-9906 ||| 404
https://watchesofmayfair.com/brand/vacheron-constantin/all-vacheron-constantin-watches/vacheron-constantin-33580-000r-9959 ||| 404
https://watchesofmayfair.com/brand/vacheron-constantin/all-vacheron-constantin-watches/vacheron-constantin-33580-000r-b009 ||| 404
https://watchesofmayfair.com/brand/vacheron-constantin/all-vacheron-constantin-watches/vacheron-constantin-4300v-120g-b102 ||| 404
https://watchesofmayfair.com/brand/vacheron-constantin/all-vacheron-constantin-watches/vacheron-constantin-47070-000j-9086 ||| 404
https://watchesofmayfair.com/brand/vacheron-constantin/all-vacheron-constantin-watches/vacheron-constantin-6000a-000p-b025 ||| 404
https://watchesofmayfair.com/brand/vacheron-constantin/all-vacheron-constantin-watches/vacheron-constantin-82020-000g-9924 ||| 404
https://watchesofmayfair.com/brand/vacheron-constantin/all-vacheron-constantin-watches/vacheron-constantin-82020-000g-9925 ||| 404
https://watchesofmayfair.com/brand/vacheron-constantin/all-vacheron-constantin-watches/vacheron-constantin-82020-000g-9926 ||| 404
https://watchesofmayfair.com/brand/vacheron-constantin/all-vacheron-constantin-watches/vacheron-constantin-82550-000g-9853 ||| 404
https://watchesofmayfair.com/brand/vacheron-constantin/all-vacheron-constantin-watches/vacheron-constantin-82550-000g-9854 ||| 404
https://watchesofmayfair.com/brand/vacheron-constantin/all-vacheron-constantin-watches/vacheron-constantin-82550-000g-9855 ||| 404
https://watchesofmayfair.com/brand/vacheron-constantin/all-vacheron-constantin-watches/vacheron-constantin-82550-000g-9917 ||| 404
https://watchesofmayfair.com/brand/vacheron-constantin/all-vacheron-constantin-watches/vacheron-constantin-82550-000g-9918 ||| 404
https://watchesofmayfair.com/brand/vacheron-constantin/all-vacheron-constantin-watches/vacheron-constantin-82550-000g-9919 ||| 404
https://watchesofmayfair.com/brand/vacheron-constantin/all-vacheron-constantin-watches/vacheron-constantin-82620-000g-9924 ||| 404
https://watchesofmayfair.com/brand/vacheron-constantin/all-vacheron-constantin-watches/vacheron-constantin-82650-000g-9853 ||| 404
https://watchesofmayfair.com/brand/vacheron-constantin/all-vacheron-constantin-watches/vacheron-constantin-82650-000g-9854 ||| 404
https://watchesofmayfair.com/brand/vacheron-constantin/all-vacheron-constantin-watches/vacheron-constantin-82650-000g-9855 ||| 404
https://watchesofmayfair.com/brand/vacheron-constantin/all-vacheron-constantin-watches/vacheron-constantin-82650-000g-9917 ||| 404
https://watchesofmayfair.com/brand/vacheron-constantin/all-vacheron-constantin-watches/vacheron-constantin-82650-000g-9918 ||| 404
https://watchesofmayfair.com/brand/vacheron-constantin/all-vacheron-constantin-watches/vacheron-constantin-82650-000g-9919 ||| 404
https://watchesofmayfair.com/brand/vacheron-constantin/all-vacheron-constantin-watches/vacheron-constantin-86073-000p-8972 ||| 404
https://watchesofmayfair.com/brand/vacheron-constantin/all-vacheron-constantin-watches/vacheron-constantin-86073-000r-8971 ||| 404
https://watchesofmayfair.com/brand/vacheron-constantin/all-vacheron-constantin-watches/vacheron-constantin-86222-000g-9804 ||| 404
https://watchesofmayfair.com/brand/vacheron-constantin/all-vacheron-constantin-watches/vacheron-constantin-86222-000g-9833 ||| 404
https://watchesofmayfair.com/brand/vacheron-constantin/all-vacheron-constantin-watches/vacheron-constantin-86222-000g-9834 ||| 404
https://watchesofmayfair.com/brand/vacheron-constantin/harmony-collection/vacheron-constantin-5400s-000p-b057 ||| 404
https://watchesofmayfair.com/brand/vacheron-constantin/heures-creatives-collection/vacheron-constantin-37531-f04g-b060 ||| 404
https://watchesofmayfair.com/brand/vacheron-constantin/heures-creatives-collection/vacheron-constantin-37560-000g-b028 ||| 404
https://watchesofmayfair.com/brand/vacheron-constantin/heures-creatives-collection/vacheron-constantin-37640-000g-b021 ||| 404
https://watchesofmayfair.com/brand/vacheron-constantin/heures-creatives-collection/vacheron-constantin-37641-f03g-b031 ||| 404
https://watchesofmayfair.com/brand/vacheron-constantin/heures-creatives-collection/vacheron-constantin-37660-000g-b028 ||| 404
https://watchesofmayfair.com/brand/vacheron-constantin/historiques-collection/vacheron-constantin-43043-000r-9592 ||| 404
https://watchesofmayfair.com/brand/vacheron-constantin/malte-collection/vacheron-constantin-30630-000g-9899 ||| 404
https://watchesofmayfair.com/brand/vacheron-constantin/malte-collection/vacheron-constantin-30630-s22g-9899 ||| 404
https://watchesofmayfair.com/brand/vacheron-constantin/malte-collection/vacheron-constantin-30635-000p-9842 ||| 404
https://watchesofmayfair.com/brand/vacheron-constantin/malte-collection/vacheron-constantin-81610-000g-b007 ||| 404
https://watchesofmayfair.com/brand/vacheron-constantin/malte-collection/vacheron-constantin-81611-s23g-b007 ||| 404
https://watchesofmayfair.com/brand/vacheron-constantin/patrimony-collection/vacheron-constantin-81180-000r-9283 ||| 404
https://watchesofmayfair.com/brand/vacheron-constantin/patrimony-collection/vacheron-constantin-82028-000r-9708 ||| 404
https://watchesofmayfair.com/brand/vacheron-constantin/patrimony-collection/vacheron-constantin-86020-000r-9239 ||| 404
https://watchesofmayfair.com/brand/vacheron-constantin/patrimony-collection/vacheron-constantin-86020-000r-9940 ||| 404
https://watchesofmayfair.com/brand/vacheron-constantin/traditionnelle-collection/vacheron-constantin-47192-000b-9828 ||| 404
https://watchesofmayfair.com/brand/vacheron-constantin/traditionnelle-collection/vacheron-constantin-81575-v02g-9274 ||| 404
https://watchesofmayfair.com/brand/vacheron-constantin/traditionnelle-collection/vacheron-constantin-81575-v02r-9275 ||| 404
https://watchesofmayfair.com/brand/vacheron-constantin/traditionnelle-collection/vacheron-constantin-81576-v01r-9695 ||| 404
https://watchesofmayfair.com/brand/vacheron-constantin/traditionnelle-collection/vacheron-constantin-81576-v03g-9823 ||| 404
https://watchesofmayfair.com/brand/vacheron-constantin/traditionnelle-collection/vacheron-constantin-81576-v03r-9695 ||| 404
https://watchesofmayfair.com/brand/vacheron-constantin/traditionnelle-collection/vacheron-constantin-81590-000r-9849 ||| 404
https://watchesofmayfair.com/brand/vacheron-constantin/traditionnelle-collection/vacheron-constantin-81760-000g-9862 ||| 404
https://watchesofmayfair.com/brand/vacheron-constantin/traditionnelle-collection/vacheron-constantin-81761-qb1g-9862 ||| 404
https://watchesofmayfair.com/brand/vacheron-constantin/traditionnelle-collection/vacheron-constantin-82573-000r-9815 ||| 404
https://watchesofmayfair.com/brand/vacheron-constantin/traditionnelle-collection/vacheron-constantin-82760-000g-9852 ||| 404
https://watchesofmayfair.com/brand/vacheron-constantin/traditionnelle-collection/vacheron-constantin-88172-000r-x0001 ||| 404
https://watchesofmayfair.com/brand/vacheron-constantin/traditionnelle-collection/vacheron-constantin-88172-000r-x0001 ||| 404
https://watchesofmayfair.com/brand/vacheron-constantin/traditionnelle-collection/vacheron-constantin-89010-000p-9935 ||| 404
https://watchesofmayfair.com/brand/zenith/defy-collections/zenith-defy-24-9000-9004-78-r582 ||| 404
https://watchesofmayfair.com/brand/zenith/defy-collections/zenith-defy-24-9000-9004-78-r582 ||| 404
https://watchesofmayfair.com/brand/zenith/el-primero-collection/zenith-chronomaster-16-2150-4062-81-c754 ||| 404
https://watchesofmayfair.com/brand/zenith/el-primero-collection/zenith-el-primero-03-2160-4047-01-m2160 ||| 404
https://watchesofmayfair.com/brand/zenith/elite-collection/zenith-elite-16-2320-692-80-c714 ||| 404
https://watchesofmayfair.com/brand/zenith/elite-collection/zenith-elite-18-2320-692-80-c713 ||| 404
https://watchesofmayfair.com/brand/zenith/elite-collection/zenith-elite-22-2320-692-80-c713 ||| 404
https://watchesofmayfair.com/brand/zenith/elite-collection/zenith-elite-22-2321-692-82-c713 ||| 404
https://watchesofmayfair.com/cartier-santos-dumont-xl-46-6-x-33-9-mm-wgsa0032 ||| 404
https://watchesofmayfair.com/catalog/product/view/id/13584/s/chopard-imperiale-automatic-384242-1011/ ||| 404
https://watchesofmayfair.com/catalog/product/view/id/14402/s/chopard-imperiale-automatic-36-mm-384242-5005/ ||| 404
https://watchesofmayfair.com/catalog/product/view/id/14507/s/chopard-imperiale-quartz-36-mm-384221-5001/ ||| 404
https://watchesofmayfair.com/catalog/product/view/id/14511/s/chopard-imperiale-automatic-40-mm-384241-5001/ ||| 404
https://watchesofmayfair.com/catalog/product/view/id/26282/s/glashutte-original-panomatic-luna-ladies-1-90-12-03-12-01/category/9/ ||| 404
https://watchesofmayfair.com/watches/desk-wall-clocks/piaget-polo-g0c36252 ||| 404
https://watchesofmayfair.com/watches/ladies-watches/chaumet-hortensia-eden-quartz-21-5-mm-w84253-001 ||| 404
