https://www.prestigetime.com/preowned/Audemars-Piguet-Royal-Oak-Automatic-41mm-15400st.oo.1220st.03-53068 ||| https://www.prestigetime.com/preowned/images/watches/2021/03/101856/Audemars Piguet_15400st-oo-1220st-03_53068_01.jpg
https://www.prestigetime.com/preowned/Breguet-Classique-Regulator-5187br~15~986-51250 ||| 404
https://www.prestigetime.com/preowned/Breitling--438X.A20D.1_Dark_Brown_Calfskin_-_Steel_Deployant_Buckle-101348 ||| 404
https://www.prestigetime.com/preowned/Breitling-Navitimer-8-B01-Chronograph-43-ab0117131b1p4-53139 ||| https://www.prestigetime.com/preowned/images/watches/2021/03/101839/Breitling_ab0117131b1p4_53139_01.jpg
https://www.prestigetime.com/preowned/Cartier-Ballon-Bleu-42mm-w69012Z4-53142 ||| https://www.prestigetime.com/preowned/images/watches/2021/03/101860/Cartier_w69012Z4_53142_01.jpg
https://www.prestigetime.com/preowned/Girard-Perregaux-1966-Automatic-36mm-49523-11-171-11a-53834 ||| https://www.prestigetime.com/preowned/images/watches/2021/03/101837/GP_49523-11-171-11a_53834_01-1.jpg
https://www.prestigetime.com/preowned/Girard-Perregaux-Laureato-Chronograph-42mm-81020-11-131-11a-52463 ||| https://www.prestigetime.com/preowned/images/watches/2021/01/101771/GP_81020-11-131-11a_52463_01.jpg
https://www.prestigetime.com/preowned/Glashutte-Original-PanoMaticLunar-1-90-02-46-32-35-52462 ||| https://www.prestigetime.com/preowned/images/watches/2021/01/101769/Glashutte_1-90-02-46-32-35_52462_01.jpg
https://www.prestigetime.com/preowned/Glashutte-Original-SeaQ-Panorama-Date-43-2mm-1-36-13-02-81-70-52808 ||| https://www.prestigetime.com/preowned/images/watches/2021/01/101762/Glashutte_1-36-13-02-81-70_52808_01.jpg
https://www.prestigetime.com/preowned/IWC-Pilot-039-Chrono-Saint-Exupery-Limited-IW387805-53302 ||| https://www.prestigetime.com/preowned/images/watches/2021/03/101838/IWC_IW387805_53302_01.jpg
https://www.prestigetime.com/preowned/Omega-Aqua-Terra-150m-GMT-Chronograph-43mm-231.10.43.52.03.001-53072 ||| https://www.prestigetime.com/preowned/images/watches/2021/03/101840/Omega_231-10-43-52-03-001_53072_01.jpg
https://www.prestigetime.com/preowned/Omega-Constellation-Co-Axial-Day-Date-38mm-123.20.38.22.02.002-53850 ||| https://www.prestigetime.com/preowned/images/watches/2021/03/101836/Omega_123-20-38-22-02-002_53850_01.jpg
https://www.prestigetime.com/preowned/Omega-JAMES-BOND-Limited-Set-Seamaster-Diver-300m-210.22.42.20.01.003_&_210.62.42.20.01.001-5012050121 ||| 404
https://www.prestigetime.com/preowned/Omega-Speedmaster-57-1957-Trilogy-311.10.39.30.01.001-40107 ||| https://www.prestigetime.com/preowned/images/watches/2021/04/101865/Omega_311-10-30-01-001_40107_01.jpg
https://www.prestigetime.com/preowned/Panerai-Luminor-GMT-44mm-pam00320-52806 ||| https://www.prestigetime.com/preowned/images/watches/2021/01/101763/Panerai_Pam00320_52806_01.jpg
https://www.prestigetime.com/preowned/Parmigiani-Tonda-GT-LIMITED-Automatic-Big-Date-pfc910-0000140-b00182-52910 ||| https://www.prestigetime.com/preowned/images/watches/2021/01/101760/Parmigiani_pfc910-0000140-b00182_52910_01.jpg
https://www.prestigetime.com/preowned/Rolex-Datejust-36mm-126200_Blue-53851 ||| https://www.prestigetime.com/preowned/images/watches/2021/03/101835/Rolex_126200 Blue_53851_01.jpg
https://www.prestigetime.com/preowned/Tag-Heuer-Monaco-Calibre-11-caw211p.fc6356-52804 ||| https://www.prestigetime.com/preowned/images/watches/2021/01/101765/Tag Heuer_caw211p-fc6356_52804_01.jpg
https://www.prestigetime.com/preowned/Tudor-Pelagos-42mm-m25600tb-0001-52461 ||| https://www.prestigetime.com/preowned/images/watches/2021/01/101770/Tudor_m25600tb-0001_52461_01.jpg
https://www.prestigetime.com/preowned/Vacheron-Constantin-1972-Cambree-25015~000g-9233-31729 ||| https://www.prestigetime.com/preowned/images/watches/2021/03/101846/Vacheron Constantin_25015-000g-9233_31729_01.jpg
https://www.prestigetime.com/preowned/Vacheron-Constantin-1972-Cambree-25515~000r-9254-29063 ||| https://www.prestigetime.com/preowned/images/watches/2021/03/101847/Vacheron_25515000r-9254_29063_01.jpg
https://www.prestigetime.com/preowned/Vacheron-Constantin-Metiers-d-Art-La-Symbolique-Des-Laques-33222~000g-9706_WINTER-31728 ||| https://www.prestigetime.com/preowned/images/watches/2021/03/101848/Vacheron_33222-000g-9706 WINTER_31728_01.jpg
https://www.prestigetime.com/preowned/Vacheron-Constantin-Metiers-d-Art-La-Symbolique-Des-Laques-33222~000r-9701_SPRING-31726 ||| https://www.prestigetime.com/preowned/images/watches/2021/03/101849/Vacheron_33222000r-9701-SPRING_31726_01.jpg
https://www.prestigetime.com/preowned/Vacheron-Constantin-Patrimony-Automatic-40mm-85180~000r-9248-53891 ||| https://www.prestigetime.com/preowned/images/watches/2021/04/101866/Vacheron Constantin_85180-000r-9248_53891_01.jpg
