https://www.kechiq.com/product/armani-exchange-watch-ax2625-93735 ||| https://www.kechiq.com/src/img/products/armani-exchange-ax2625-93735.jpg
https://www.kechiq.com/product/armani-exchange-watch-ax2636-93736 ||| https://www.kechiq.com/src/img/products/armani-exchange-ax2636-93736.jpg
https://www.kechiq.com/product/calvin-klein-watch-k2g2g1vn-98541 ||| https://www.kechiq.com/src/img/products/calvin-klein-k2g2g1vn-98541.jpg
https://www.kechiq.com/product/calvin-klein-watch-k2g2g1vx-98542 ||| https://www.kechiq.com/src/img/products/calvin-klein-k2g2g1vx-98542.jpg
https://www.kechiq.com/product/calvin-klein-watch-k3m221cs-98543 ||| https://www.kechiq.com/src/img/products/calvin-klein-k3m221cs-98543.jpg
https://www.kechiq.com/product/calvin-klein-watch-k3m23b26-98544 ||| https://www.kechiq.com/src/img/products/calvin-klein-k3m23b26-98544.jpg
https://www.kechiq.com/product/calvin-klein-watch-k3m51152-98545 ||| https://www.kechiq.com/src/img/products/calvin-klein-k3m51152-98545.jpg
https://www.kechiq.com/product/calvin-klein-watch-k4d231c6-98552 ||| https://www.kechiq.com/src/img/products/calvin-klein-k4d231c6-98552.jpg
https://www.kechiq.com/product/calvin-klein-watch-k4d231cy-98553 ||| https://www.kechiq.com/src/img/products/calvin-klein-k4d231cy-98553.jpg
https://www.kechiq.com/product/calvin-klein-watch-k4n2114y-98554 ||| https://www.kechiq.com/src/img/products/calvin-klein-k4n2114y-98554.jpg
https://www.kechiq.com/product/calvin-klein-watch-k4n211c1-98555 ||| https://www.kechiq.com/src/img/products/calvin-klein-k4n211c1-98555.jpg
https://www.kechiq.com/product/citizen-watch-aw1523-01e-10158 ||| https://www.kechiq.com/src/img/products/citizen-aw1523-01e-10158.jpeg
https://www.kechiq.com/product/emporio-armani-watch-ar11184-102196 ||| https://www.kechiq.com/src/img/products/emporio-armani-ar11184-102196.jpg
https://www.kechiq.com/product/emporio-armani-watch-ar11237-103721 ||| https://www.kechiq.com/src/img/products/emporio-armani-ar11237-103721.jpg
https://www.kechiq.com/product/emporio-armani-watch-ar11259-101689 ||| https://www.kechiq.com/src/img/products/emporio-armani-ar11259-101689.jpg
https://www.kechiq.com/product/emporio-armani-watch-ar11273-101691 ||| https://www.kechiq.com/src/img/products/emporio-armani-ar11273-101691.jpg
https://www.kechiq.com/product/emporio-armani-watch-ar11274-101692 ||| https://www.kechiq.com/src/img/products/emporio-armani-ar11274-101692.jpg
https://www.kechiq.com/product/emporio-armani-watch-ar11276-101693 ||| https://www.kechiq.com/src/img/products/emporio-armani-ar11276-101693.jpg
https://www.kechiq.com/product/emporio-armani-watch-ar11319-102847 ||| https://www.kechiq.com/src/img/products/emporio-armani-ar11319-102847.jpg
https://www.kechiq.com/product/emporio-armani-watch-ar60018-103737 ||| https://www.kechiq.com/src/img/products/emporio-armani-ar60018-103737.jpg
https://www.kechiq.com/product/emporio-armani-watch-ar60019-103738 ||| https://www.kechiq.com/src/img/products/emporio-armani-ar60019-103738.jpg
https://www.kechiq.com/product/emporio-armani-watch-ar60020-103739 ||| https://www.kechiq.com/src/img/products/emporio-armani-ar60020-103739.jpg
https://www.kechiq.com/product/emporio-armani-watch-ar60021-103740 ||| https://www.kechiq.com/src/img/products/emporio-armani-ar60021-103740.jpg
https://www.kechiq.com/product/emporio-armani-watch-ar60029-103743 ||| https://www.kechiq.com/src/img/products/emporio-armani-ar60029-103743.jpg
https://www.kechiq.com/product/emporio-armani-watch-ar60031-103745 ||| https://www.kechiq.com/src/img/products/emporio-armani-ar60031-103745.jpg
https://www.kechiq.com/product/ferrari-watch-830718-100329 ||| https://www.kechiq.com/src/img/products/ferrari-830718-100329.jpg
https://www.kechiq.com/product/ferrari-watch-830723-100330 ||| https://www.kechiq.com/src/img/products/ferrari-830723-100330.jpg
https://www.kechiq.com/product/ferrari-watch-830725-97487 ||| https://www.kechiq.com/src/img/products/ferrari-830725-97487.jpg
https://www.kechiq.com/product/ferrari-watch-830756-100331 ||| https://www.kechiq.com/src/img/products/ferrari-830756-100331.jpg
https://www.kechiq.com/product/fossil-watch-am4511-102907 ||| https://www.kechiq.com/src/img/products/fossil-am4511-102907.jpg
https://www.kechiq.com/product/frederique-constant-watch-fc-245n4s6-67430 ||| https://www.kechiq.com/src/img/products/frederique-constant-geneve-fc-245n4s6-67430.jpg
https://www.kechiq.com/product/good-year-watch-gs012170101-83442 ||| https://www.kechiq.com/src/img/products/good-year-gs012170101-83442.jpg
https://www.kechiq.com/product/good-year-watch-gs012280102-83480 ||| https://www.kechiq.com/src/img/products/good-year-gs012280102-83480.jpg
https://www.kechiq.com/product/gucci-watch-ya1264070-76842 ||| https://www.kechiq.com/src/img/products/gucci-ya1264070-76842.jpg
https://www.kechiq.com/product/jaguar-watch-j687d-102304 ||| https://www.kechiq.com/src/img/products/jaguar-j687d-102304.jpg
https://www.kechiq.com/product/jaguar-watch-j8211-102305 ||| https://www.kechiq.com/src/img/products/jaguar-j8211-102305.jpg
https://www.kechiq.com/product/jaguar-watch-j8322-102306 ||| https://www.kechiq.com/src/img/products/jaguar-j8322-102306.jpg
https://www.kechiq.com/product/jaguar-watch-j8961-102307 ||| https://www.kechiq.com/src/img/products/jaguar-j8961-102307.jpg
https://www.kechiq.com/product/jaguar-watch-j8983-102310 ||| https://www.kechiq.com/src/img/products/jaguar-j8983-102310.jpg
https://www.kechiq.com/product/komono-watch-kom-w4004-94623 ||| https://www.kechiq.com/src/img/products/komono-kom-w4004-94623.jpg
https://www.kechiq.com/product/komono-watch-kom-w4031-91137 ||| https://www.kechiq.com/src/img/products/komono-kom-w4031-91137.jpg
https://www.kechiq.com/product/komono-watch-kom-w4035-91139 ||| https://www.kechiq.com/src/img/products/komono-kom-w4035-91139.jpg
https://www.kechiq.com/product/mark-maddox-watch-mf2001-97-4165 ||| https://www.kechiq.com/src/img/products/mark-maddox-mf2001-97-4165.jpg
https://www.kechiq.com/product/maserati-watch-r8873640005-97948 ||| https://www.kechiq.com/src/img/products/maserati-r8873640005-97948.jpg
https://www.kechiq.com/product/meccaniche-veneziane-watch-1301018-103081 ||| https://www.kechiq.com/src/img/products/meccaniche-veneziane-1301018-103081.jpg
https://www.kechiq.com/product/meccaniche-veneziane-watch-1301019-103082 ||| https://www.kechiq.com/src/img/products/meccaniche-veneziane-1301019-103082.jpg
https://www.kechiq.com/product/meccaniche-veneziane-watch-1301020-103083 ||| https://www.kechiq.com/src/img/products/meccaniche-veneziane-1301020-103083.jpg
https://www.kechiq.com/product/meccaniche-veneziane-watch-1302001-103084 ||| https://www.kechiq.com/src/img/products/meccaniche-veneziane-1302001-103084.jpg
https://www.kechiq.com/product/meccaniche-veneziane-watch-1302001j-103085 ||| https://www.kechiq.com/src/img/products/meccaniche-veneziane-1302001j-103085.jpg
https://www.kechiq.com/product/meccaniche-veneziane-watch-1302002-103086 ||| https://www.kechiq.com/src/img/products/meccaniche-veneziane-1302002-103086.jpg
https://www.kechiq.com/product/meccaniche-veneziane-watch-1302003-103087 ||| https://www.kechiq.com/src/img/products/meccaniche-veneziane-1302003-103087.jpg
https://www.kechiq.com/product/meccaniche-veneziane-watch-1302003j-103088 ||| https://www.kechiq.com/src/img/products/meccaniche-veneziane-1302003j-103088.jpg
https://www.kechiq.com/product/meccaniche-veneziane-watch-1302004-103089 ||| https://www.kechiq.com/src/img/products/meccaniche-veneziane-1302004-103089.jpg
https://www.kechiq.com/product/meccaniche-veneziane-watch-1302004j-103090 ||| https://www.kechiq.com/src/img/products/meccaniche-veneziane-1302004j-103090.jpg
https://www.kechiq.com/product/meccaniche-veneziane-watch-1302005-103091 ||| https://www.kechiq.com/src/img/products/meccaniche-veneziane-1302005-103091.jpg
https://www.kechiq.com/product/meccaniche-veneziane-watch-1302005j-103092 ||| https://www.kechiq.com/src/img/products/meccaniche-veneziane-1302005j-103092.jpg
https://www.kechiq.com/product/meccaniche-veneziane-watch-1305001-103124 ||| https://www.kechiq.com/src/img/products/meccaniche-veneziane-1305001-103124.jpg
https://www.kechiq.com/product/morellato-watch-r0151137505-36421 ||| https://www.kechiq.com/src/img/products/morellato-r0151137505-36421.jpg
https://www.kechiq.com/product/nautica-watch-nad19553g-28165 ||| https://www.kechiq.com/src/img/products/nautica-nad19553g-28165.jpg
https://www.kechiq.com/product/nautica-watch-nai13502g-33213 ||| https://www.kechiq.com/src/img/products/nautica-nai13502g-33213.jpg
https://www.kechiq.com/product/nautica-watch-napbhs905-95707 ||| https://www.kechiq.com/src/img/products/nautica-napbhs905-95707.jpg
https://www.kechiq.com/product/nautica-watch-napcps012-95510 ||| https://www.kechiq.com/src/img/products/nautica-napcps012-95510.jpg
https://www.kechiq.com/product/nautica-watch-napfrb928-95708 ||| https://www.kechiq.com/src/img/products/nautica-napfrb928-95708.jpg
https://www.kechiq.com/product/nautica-watch-napics002-95709 ||| https://www.kechiq.com/src/img/products/nautica-napics002-95709.jpg
https://www.kechiq.com/product/nautica-watch-napprhs12-95711 ||| https://www.kechiq.com/src/img/products/nautica-napprhs12-95711.jpg
https://www.kechiq.com/product/nautica-watch-napssp903-94676 ||| https://www.kechiq.com/src/img/products/nautica-napssp903-94676.jpg
https://www.kechiq.com/product/nixon-watch-a045-000-00-126612 ||| https://www.kechiq.com/src/img/products/nixon-a045-000-00-126612.jpg
https://www.kechiq.com/product/orient-watch-ra-as0101s10b-123392 ||| https://www.kechiq.com/src/img/products/orient-ra-as0101s10b-123392.jpg
https://www.kechiq.com/product/oris-watch-01-733-7707-4354-07-5-20-45-78949 ||| https://www.kechiq.com/src/img/products/oris-01-733-7707-4354-07-5-20-45-78949.jpg
https://www.kechiq.com/product/oris-watch-781-7729-4031-07-5-21-31fc-77282 ||| https://www.kechiq.com/src/img/products/oris-781-7729-4031-07-5-21-31fc-77282.jpg
https://www.kechiq.com/product/superdry-watch-syg142u-8105 ||| https://www.kechiq.com/src/img/products/superdry-syg142u-8105.jpg
https://www.kechiq.com/product/temptation-watch-tea-2015-01-91052 ||| https://www.kechiq.com/src/img/products/temptation-tea-2015-01-91052.jpg
https://www.kechiq.com/product/tissot-watch-t52142112-92693 ||| https://www.kechiq.com/src/img/products/tissot-t52142112-92693.jpg
https://www.watchmaxx.com/breitling-watch-a17325211c1p1-sd ||| https://res.cloudinary.com/dp9dnliwc/image/upload/c_mfit,h_1200,w_1200/f_auto/q_auto/wmmedia/watch_images/large/a17325211c1p1sd_1616423093.jpg
https://www.watchmaxx.com/breitling-watch-ab0127211c1p2-po ||| https://res.cloudinary.com/dp9dnliwc/image/upload/c_mfit,h_1200,w_1200/f_auto/q_auto/wmmedia/watch_images/large/ab0127211c1p2po_1617647895.jpg
https://www.watchmaxx.com/franck-muller-watch-8880-sc-dt-rg-chocolate ||| https://res.cloudinary.com/dp9dnliwc/image/upload/c_mfit,h_1200,w_1200/f_auto/q_auto/wmmedia/watch_images/large/8880scdtrgchocolate_1616082231.jpg
https://www.watchmaxx.com/franck-muller-watch-v-45-ch-ac-nr ||| https://res.cloudinary.com/dp9dnliwc/image/upload/c_mfit,h_1200,w_1200/f_auto/q_auto/wmmedia/watch_images/large/v45chacnr_1616684728.jpg
https://www.watchmaxx.com/michele-watch-mww06a000779 ||| https://res.cloudinary.com/dp9dnliwc/image/upload/c_mfit,h_1200,w_1200/f_auto/q_auto/wmmedia/watch_images/large/mww06a000779_1616443589.jpg
https://www.watchmaxx.com/michele-watch-mww06a000780 ||| https://res.cloudinary.com/dp9dnliwc/image/upload/c_mfit,h_1200,w_1200/f_auto/q_auto/wmmedia/watch_images/large/mww06a000780_1616443651.jpg
https://www.watchmaxx.com/michele-watch-mww06k000044 ||| https://res.cloudinary.com/dp9dnliwc/image/upload/c_mfit,h_1200,w_1200/f_auto/q_auto/wmmedia/watch_images/large/mww06k000044_1616682955.jpg
https://www.watchmaxx.com/michele-watch-mww06k000049 ||| https://res.cloudinary.com/dp9dnliwc/image/upload/c_mfit,h_1200,w_1200/f_auto/q_auto/wmmedia/watch_images/large/mww06k000049_1616443379.jpg
https://www.watchmaxx.com/oris-watch-01-798-7754-4175-set-mb ||| https://res.cloudinary.com/dp9dnliwc/image/upload/c_mfit,h_1200,w_1200/f_auto/q_auto/wmmedia/watch_images/large/0179877544175setmb_1615930990.jpg
https://www.watchmaxx.com/salvatore-ferragamo-watch-ffo020017 ||| https://res.cloudinary.com/dp9dnliwc/image/upload/c_mfit,h_1200,w_1200/f_auto/q_auto/wmmedia/watch_images/large/ffo020017_1616537665.jpg
https://www.watchmaxx.com/seiko-watch-snk385k1 ||| https://res.cloudinary.com/dp9dnliwc/image/upload/c_mfit,h_1200,w_1200/f_auto/q_auto/wmmedia/watch_images/large/snk385k1_1617720826.jpg
https://www.watchmaxx.com/seiko-watch-snkk71k1 ||| https://res.cloudinary.com/dp9dnliwc/image/upload/c_mfit,h_1200,w_1200/f_auto/q_auto/wmmedia/watch_images/large/snkk71k1_1617720665.jpg
https://www.watchmaxx.com/tag-heuer-watch-caz1111-ba0878-po ||| https://res.cloudinary.com/dp9dnliwc/image/upload/c_mfit,h_1200,w_1200/f_auto/q_auto/wmmedia/watch_images/large/caz1111ba0878po_1614699353.jpg
https://www.watchmaxx.com/tag-heuer-watch-war1352-bd0779-po ||| https://res.cloudinary.com/dp9dnliwc/image/upload/c_mfit,h_1200,w_1200/f_auto/q_auto/wmmedia/watch_images/large/war1352bd0779po_1612980984.jpg
https://www.watchmaxx.com/tag-heuer-watch-waz1121-bb0879-po ||| https://res.cloudinary.com/dp9dnliwc/image/upload/c_mfit,h_1200,w_1200/f_auto/q_auto/wmmedia/watch_images/large/waz1121bb0879po_1614699228.jpg
