https://www.armani.com/sg/armanicom/emporio-armani/_cod50230691ef.html#dept=wtchs
https://www.armani.com/sg/armanicom/emporio-armani/_cod50232372hg.html#dept=wtchs
https://www.armani.com/sg/armanicom/emporio-armani/_cod50236379uh.html#dept=wtchs
https://www.armani.com/sg/armanicom/emporio-armani/_cod50239604lu.html#dept=wtchs
https://www.armani.com/sg/armanicom/emporio-armani/_cod50240639ke.html#dept=wtchs
https://www.armani.com/sg/armanicom/emporio-armani/_cod50252580xw.html#dept=wtchs
https://www.armani.com/sg/armanicom/emporio-armani/emporio-armani-man-leather-hybrid-smartwatch_cod50218775dh.html#dept=wtchs
https://www.armani.com/sg/armanicom/emporio-armani/emporio-armani-man-stainless-steel-hybrid-smartwatch_cod50219300fu.html#dept=wtchs
https://www.armani.com/sg/armanicom/emporio-armani/man-automatic-leather-watch_cod50207467mw.html#dept=wtchs
https://www.armani.com/sg/armanicom/emporio-armani/man-automatic-stainless-steel-watch_cod50207902jo.html#dept=wtchs
https://www.armani.com/sg/armanicom/emporio-armani/man-ceramic-cronograph_cod50220446kk.html#dept=wtchs
https://www.armani.com/sg/armanicom/emporio-armani/man-stainless-steel-cronograph_cod50218749nu.html#dept=wtchs
https://www.armani.com/sg/armanicom/emporio-armani/man-three-hands-leather-watch_cod50227126hf.html#dept=wtchs
https://www.armani.com/sg/armanicom/emporio-armani/men-s-stainless-steel-cronograph_cod50234896dv.html#dept=wtchs
https://www.armani.com/sg/armanicom/emporio-armani/men-s-swiss-made-classic-automatic-open-balance-wheel-watch_cod50198120rh.html#dept=wtchs
https://www.armani.com/sg/armanicom/emporio-armani/men-s-watch-with-visible-gears-and-leather-strap_cod50207466jk.html#dept=wtchs
https://www.armani.com/sg/armanicom/emporio-armani/pearl-and-rose-gold-tone-double-wrap-watch_cod50247260ul.html#dept=wtchs
https://www.armani.com/sg/armanicom/emporio-armani/smartwatch-3-matte-gold_cod50242715gg.html#dept=wtchs
https://www.armani.com/sg/armanicom/emporio-armani/three-hand-two-tone-stainless-steel-watch_cod50241608ai.html#dept=wtchs
https://www.armani.com/sg/armanicom/emporio-armani/two-hand-black-leather-watch_cod50241545nc.html#dept=wtchs
https://www.armani.com/sg/armanicom/emporio-armani/two-hand-freshwater-pearl-watch_cod50247261gc.html#dept=wtchs
https://www.armani.com/sg/armanicom/emporio-armani/two-hand-gold-tone-stainless-steel-watch_cod50246828ii.html#dept=wtchs
https://www.armani.com/sg/armanicom/emporio-armani/two-hand-rose-gold-tone-stainless-steel-watch_cod50246825xl.html#dept=wtchs
https://www.armani.com/sg/armanicom/emporio-armani/two-hand-rose-gold-tone-stainless-steel-watch_cod50246827ha.html#dept=wtchs
https://www.armani.com/sg/armanicom/emporio-armani/two-hand-stainless-steel-watch_cod50246826gc.html#dept=wtchs
https://www.armani.com/sg/armanicom/emporio-armani/watch-and-earrings-gift-set_cod50250440vv.html#dept=wtchs
https://www.armani.com/sg/armanicom/emporio-armani/women-s-leather-two-hand-watch_cod50234766eo.html#dept=wtchs
https://www.armani.com/sg/armanicom/emporio-armani/women-s-swiss-made-esedra-two-hand-watch_cod50230557mb.html#dept=wtchs
https://www.hublot.com/en-us/watches/big-bang-black-magic-44-mm
https://www.hublot.com/en-us/watches/big-bang-ceramic-blue-44-mm
https://www.hublot.com/en-us/watches/big-bang-e-black-ceramic-42-mm
https://www.hublot.com/en-us/watches/big-bang-e-premier-league-42-mm
https://www.hublot.com/en-us/watches/big-bang-e-uefa-champions-leaguetm-42-mm
https://www.hublot.com/en-us/watches/big-bang-ferrari-unico-carbon-red-ceramic-45-mm
https://www.hublot.com/en-us/watches/big-bang-gold-white-diamonds-38-mm
https://www.hublot.com/en-us/watches/big-bang-integral-king-gold-42-mm
https://www.hublot.com/en-us/watches/big-bang-integral-titanium-42-mm
https://www.hublot.com/en-us/watches/big-bang-meca-10-ceramic-blue-45-mm
https://www.hublot.com/en-us/watches/big-bang-meca-10-king-gold-45-mm
https://www.hublot.com/en-us/watches/big-bang-one-click-steel-diamonds-39-mm
https://www.hublot.com/en-us/watches/big-bang-sang-bleu-ii-king-gold-white-45-mm
https://www.hublot.com/en-us/watches/big-bang-sang-bleu-ii-king-gold-white-pave-45-mm
https://www.hublot.com/en-us/watches/big-bang-sang-bleu-ii-titanium-white-45-mm
https://www.hublot.com/en-us/watches/big-bang-sang-bleu-ii-titanium-white-pave-45-mm
https://www.hublot.com/en-us/watches/big-bang-unico-berluti-cold-brown-45-mm
https://www.hublot.com/en-us/watches/big-bang-unico-blue-magic-42-mm
https://www.hublot.com/en-us/watches/big-bang-unico-camo-yohji-yamamoto-45-mm
https://www.hublot.com/en-us/watches/big-bang-unico-king-gold-blue-42-mm
https://www.hublot.com/en-us/watches/big-bang-unico-red-carbon-alex-ovechkin-45-mm
https://www.hublot.com/en-us/watches/big-bang-unico-titanium-blue-42-mm
https://www.hublot.com/en-us/watches/classic-fusion-chronograph-titanium-rubber-42-mm
https://www.hublot.com/en-us/watches/classic-fusion-chronograph-titanium-rubber-45-mm
https://www.hublot.com/en-us/watches/classic-fusion-concrete-jungle-new-york-45-mm
https://www.hublot.com/en-us/watches/classic-fusion-ferrari-gt-titanium-45-mm
https://www.hublot.com/en-us/watches/classic-fusion-king-gold-33-mm
https://www.hublot.com/en-us/watches/classic-fusion-king-gold-38-mm
https://www.hublot.com/en-us/watches/classic-fusion-king-gold-42-mm
https://www.hublot.com/en-us/watches/classic-fusion-king-gold-45-mm
https://www.hublot.com/en-us/watches/classic-fusion-king-gold-diamonds-33-mm
https://www.hublot.com/en-us/watches/classic-fusion-king-gold-diamonds-38-mm
https://www.hublot.com/en-us/watches/classic-fusion-orlinski-king-gold-40-mm
https://www.hublot.com/en-us/watches/classic-fusion-orlinski-king-gold-pave-40-mm
https://www.hublot.com/en-us/watches/classic-fusion-orlinski-king-gold-white-40-mm
https://www.hublot.com/en-us/watches/classic-fusion-orlinski-king-gold-white-alternative-pave-40-mm
https://www.hublot.com/en-us/watches/classic-fusion-orlinski-king-gold-white-pave-40-mm
https://www.hublot.com/en-us/watches/classic-fusion-orlinski-titanium-40-mm
https://www.hublot.com/en-us/watches/classic-fusion-orlinski-titanium-pave-40-mm
https://www.hublot.com/en-us/watches/classic-fusion-orlinski-titanium-white-40-mm
https://www.hublot.com/en-us/watches/classic-fusion-orlinski-titanium-white-alternative-pave-40-mm
https://www.hublot.com/en-us/watches/classic-fusion-orlinski-titanium-white-pave-40-mm
https://www.hublot.com/en-us/watches/classic-fusion-titanium-diamonds-33-mm
https://www.hublot.com/en-us/watches/classic-fusion-titanium-diamonds-38-mm
https://www.hublot.com/en-us/watches/classic-fusion-titanium-king-gold-33-mm
https://www.hublot.com/en-us/watches/classic-fusion-titanium-king-gold-38-mm
https://www.hublot.com/en-us/watches/classic-fusion-titanium-king-gold-42-mm
https://www.hublot.com/en-us/watches/classic-fusion-titanium-king-gold-45-mm
https://www.hublot.com/en-us/watches/classic-fusion-titanium-rubber-33-mm
https://www.hublot.com/en-us/watches/classic-fusion-titanium-rubber-38-mm
https://www.hublot.com/en-us/watches/classic-fusion-titanium-rubber-42-mm
https://www.hublot.com/en-us/watches/classic-fusion-titanium-rubber-45-mm
https://www.hublot.com/en-us/watches/classic-fusion/classic-fusion-chronograph-las-vegas-boutiques-45-mm
https://www.hublot.com/en-us/watches/classic-fusion/classic-fusion-chronograph-las-vegas-boutiques-diamonds-45-mm
https://www.hublot.com/en-us/watches/spirit-of-big-bang-black-magic-42-mm
https://www.hublot.com/en-us/watches/spirit-of-big-bang-black-magic-45-mm
https://www.hublot.com/en-us/watches/spirit-of-big-bang-king-gold-diamonds-39-mm
https://www.hublot.com/en-us/watches/spirit-of-big-bang-king-gold-white-diamonds-39-mm
https://www.hublot.com/en-us/watches/spirit-of-big-bang-sapphire-42-mm
https://www.hublot.com/en-us/watches/spirit-of-big-bang-titanium-diamonds-39-mm
https://www.hublot.com/en-us/watches/spirit-of-big-bang-titanium-white-diamonds-39-mm
https://www.jaeger-lecoultre.com/us/en/watches/duometre/duometre-chronographe/6012421.html
https://www.jaeger-lecoultre.com/us/en/watches/duometre/duometre-quantieme-lunaire/6042421.html
https://www.jaeger-lecoultre.com/us/en/watches/duometre/duometre-quantieme-lunaire/6042422.html
https://www.jaeger-lecoultre.com/us/en/watches/duometre/duometre-quantieme-lunaire/6043420.html
https://www.jaeger-lecoultre.com/us/en/watches/duometre/duometre-unique-travel-time/6062420.html
https://www.jaeger-lecoultre.com/us/en/watches/jaeger-lecoultre-plrs/jaeger-lecoultre-plrs-automatic/9008170.html
https://www.jaeger-lecoultre.com/us/en/watches/jaeger-lecoultre-plrs/jaeger-lecoultre-plrs-automatic/9008180.html
https://www.jaeger-lecoultre.com/us/en/watches/jaeger-lecoultre-plrs/jaeger-lecoultre-plrs-automatic/9008471.html
https://www.jaeger-lecoultre.com/us/en/watches/jaeger-lecoultre-plrs/jaeger-lecoultre-plrs-automatic/9008480.html
https://www.jaeger-lecoultre.com/us/en/watches/jaeger-lecoultre-plrs/jaeger-lecoultre-plrs-chronograph-wt/905T470.html
https://www.jaeger-lecoultre.com/us/en/watches/jaeger-lecoultre-plrs/jaeger-lecoultre-plrs-chronograph-wt/905T471.html
https://www.jaeger-lecoultre.com/us/en/watches/jaeger-lecoultre-plrs/jaeger-lecoultre-plrs-chronograph-wt/905T480.html
https://www.jaeger-lecoultre.com/us/en/watches/jaeger-lecoultre-plrs/jaeger-lecoultre-plrs-chronograph/9022450.html
https://www.jaeger-lecoultre.com/us/en/watches/jaeger-lecoultre-plrs/jaeger-lecoultre-plrs-chronograph/9028170.html
https://www.jaeger-lecoultre.com/us/en/watches/jaeger-lecoultre-plrs/jaeger-lecoultre-plrs-chronograph/9028180.html
https://www.jaeger-lecoultre.com/us/en/watches/jaeger-lecoultre-plrs/jaeger-lecoultre-plrs-chronograph/9028471.html
https://www.jaeger-lecoultre.com/us/en/watches/jaeger-lecoultre-plrs/jaeger-lecoultre-plrs-chronograph/9028480.html
https://www.jaeger-lecoultre.com/us/en/watches/jaeger-lecoultre-plrs/jaeger-lecoultre-plrs-date/9068180.html
https://www.jaeger-lecoultre.com/us/en/watches/jaeger-lecoultre-plrs/jaeger-lecoultre-plrs-date/9068670.html
https://www.jaeger-lecoultre.com/us/en/watches/jaeger-lecoultre-plrs/jaeger-lecoultre-plrs-memovox/9038180.html
https://www.jaeger-lecoultre.com/us/en/watches/master/master-calendar/4142520.html
https://www.jaeger-lecoultre.com/us/en/watches/master/master-calendar/4148420.html
https://www.jaeger-lecoultre.com/us/en/watches/master/master-control-chronograph-calendar/4132520.html
https://www.jaeger-lecoultre.com/us/en/watches/master/master-control-chronograph-calendar/4138420.html
https://www.jaeger-lecoultre.com/us/en/watches/master/master-control-date/4018420.html
https://www.jaeger-lecoultre.com/us/en/watches/master/master-control-memovox-timer/410848J.html
https://www.jaeger-lecoultre.com/us/en/watches/master/master-geographic/4122520.html
https://www.jaeger-lecoultre.com/us/en/watches/master/master-geographic/4128420.html
https://www.jaeger-lecoultre.com/us/en/watches/master/master-grande-tradition-gyrotourbillon-3/5032441.html
https://www.jaeger-lecoultre.com/us/en/watches/master/master-grande-tradition-gyrotourbillon-3/5036420.html
https://www.jaeger-lecoultre.com/us/en/watches/master/master-grande-tradition-gyrotourbillon-westminster-perpetual/5253420.html
https://www.jaeger-lecoultre.com/us/en/watches/master/master-grande-tradition-repetition-minutes-quantieme-perpetuel/5233420.html
https://www.jaeger-lecoultre.com/us/en/watches/master/master-grande-tradition-repetition-minutes-quantieme-perpetuel/52334E1.html
https://www.jaeger-lecoultre.com/us/en/watches/master/master-grande-tradition-tourbillon-celeste0/5273480.html
https://www.jaeger-lecoultre.com/us/en/watches/master/master-grande-tradition-tourbillon-cylindrique-a-quantieme-perpe/5042420.html
https://www.jaeger-lecoultre.com/us/en/watches/master/master-grande-tradition-tourbillon-cylindrique-a-quantieme-perpe/5046520.html
https://www.jaeger-lecoultre.com/us/en/watches/master/master-grande-tradition-tourbillon-cylindrique/5082420.html
https://www.jaeger-lecoultre.com/us/en/watches/master/master-grande-tradition-tourbillon-cylindrique/5086420.html
https://www.jaeger-lecoultre.com/us/en/watches/master/master-memovox/4118420.html
https://www.jaeger-lecoultre.com/us/en/watches/master/master-tourbillon/1562401.html
https://www.jaeger-lecoultre.com/us/en/watches/master/master-tourbillon/1562421.html
https://www.jaeger-lecoultre.com/us/en/watches/master/master-tourbillon/1563480.html
https://www.jaeger-lecoultre.com/us/en/watches/master/master-ultra-thin-date/1232501.html
https://www.jaeger-lecoultre.com/us/en/watches/master/master-ultra-thin-date/1232510.html
https://www.jaeger-lecoultre.com/us/en/watches/master/master-ultra-thin-date/1238420.html
https://www.jaeger-lecoultre.com/us/en/watches/master/master-ultra-thin-knife/1152520.html
https://www.jaeger-lecoultre.com/us/en/watches/master/master-ultra-thin-minute-repeater-flying-tourbillon/1313520.html
https://www.jaeger-lecoultre.com/us/en/watches/master/master-ultra-thin-moon/1252501.html
https://www.jaeger-lecoultre.com/us/en/watches/master/master-ultra-thin-moon/1252520.html
https://www.jaeger-lecoultre.com/us/en/watches/master/master-ultra-thin-moon/1258401.html
https://www.jaeger-lecoultre.com/us/en/watches/master/master-ultra-thin-moon/1258420.html
https://www.jaeger-lecoultre.com/us/en/watches/master/master-ultra-thin-moon/1362501.html
https://www.jaeger-lecoultre.com/us/en/watches/master/master-ultra-thin-moon/1362520.html
https://www.jaeger-lecoultre.com/us/en/watches/master/master-ultra-thin-moon/136255J.html
https://www.jaeger-lecoultre.com/us/en/watches/master/master-ultra-thin-moon/1363540.html
https://www.jaeger-lecoultre.com/us/en/watches/master/master-ultra-thin-moon/1368420.html
https://www.jaeger-lecoultre.com/us/en/watches/master/master-ultra-thin-moon/1368470.html
https://www.jaeger-lecoultre.com/us/en/watches/master/master-ultra-thin-perpetual/1302501.html
https://www.jaeger-lecoultre.com/us/en/watches/master/master-ultra-thin-perpetual/1302520.html
https://www.jaeger-lecoultre.com/us/en/watches/master/master-ultra-thin-perpetual/1303501.html
https://www.jaeger-lecoultre.com/us/en/watches/master/master-ultra-thin-perpetual/1303520.html
https://www.jaeger-lecoultre.com/us/en/watches/master/master-ultra-thin-perpetual/130354J.html
https://www.jaeger-lecoultre.com/us/en/watches/master/master-ultra-thin-perpetual/130842J.html
https://www.jaeger-lecoultre.com/us/en/watches/master/master-ultra-thin-perpetual/1308470.html
https://www.jaeger-lecoultre.com/us/en/watches/master/master-ultra-thin-reserve-de-marche/1372501.html
https://www.jaeger-lecoultre.com/us/en/watches/master/master-ultra-thin-reserve-de-marche/1372520.html
https://www.jaeger-lecoultre.com/us/en/watches/master/master-ultra-thin-reserve-de-marche/1378420.html
https://www.jaeger-lecoultre.com/us/en/watches/master/master-ultra-thin-reserve-de-marche/1378480.html
https://www.jaeger-lecoultre.com/us/en/watches/master/master-ultra-thin-small-second/1212501.html
https://www.jaeger-lecoultre.com/us/en/watches/master/master-ultra-thin-small-second/1212510.html
https://www.jaeger-lecoultre.com/us/en/watches/master/master-ultra-thin-small-second/1218420.html
https://www.jaeger-lecoultre.com/us/en/watches/master/master-ultra-thin-tourbillon-moon/1692410.html
https://www.jaeger-lecoultre.com/us/en/watches/master/master-ultra-thin-tourbillon/1682401.html
https://www.jaeger-lecoultre.com/us/en/watches/master/master-ultra-thin-tourbillon/1682410.html
https://www.jaeger-lecoultre.com/us/en/watches/master/metiers-rares-master-grande-tradition-gyrotourbillon3/5033401.html
https://www.jaeger-lecoultre.com/us/en/watches/rendez-vous/rendez-vous-celestial/3482520.html
https://www.jaeger-lecoultre.com/us/en/watches/rendez-vous/rendez-vous-date-medium-quartz/3472530.html
https://www.jaeger-lecoultre.com/us/en/watches/rendez-vous/rendez-vous-date-small-quartz/3402530.html
https://www.jaeger-lecoultre.com/us/en/watches/rendez-vous/rendez-vous-date-small-quartz/3408530.html
https://www.jaeger-lecoultre.com/us/en/watches/rendez-vous/rendez-vous-moon-39/3532490.html
https://www.jaeger-lecoultre.com/us/en/watches/rendez-vous/rendez-vous-moon-39/3533490.html
https://www.jaeger-lecoultre.com/us/en/watches/rendez-vous/rendez-vous-moon-medium/3572430.html
https://www.jaeger-lecoultre.com/us/en/watches/rendez-vous/rendez-vous-moon-medium/3578430.html
https://www.jaeger-lecoultre.com/us/en/watches/rendez-vous/rendez-vous-moon/3522480.html
https://www.jaeger-lecoultre.com/us/en/watches/rendez-vous/rendez-vous-moon/3523490.html
https://www.jaeger-lecoultre.com/us/en/watches/rendez-vous/rendez-vous-moon/3523570.html
https://www.jaeger-lecoultre.com/us/en/watches/rendez-vous/rendez-vous-night-and-day-medium/3432570.html
https://www.jaeger-lecoultre.com/us/en/watches/rendez-vous/rendez-vous-night-and-day-medium/3433570.html
https://www.jaeger-lecoultre.com/us/en/watches/rendez-vous/rendez-vous-night-and-day-medium/3442130.html
https://www.jaeger-lecoultre.com/us/en/watches/rendez-vous/rendez-vous-night-and-day-medium/3442430.html
https://www.jaeger-lecoultre.com/us/en/watches/rendez-vous/rendez-vous-night-and-day-medium/3442440.html
https://www.jaeger-lecoultre.com/us/en/watches/rendez-vous/rendez-vous-night-and-day-medium/3448110.html
https://www.jaeger-lecoultre.com/us/en/watches/rendez-vous/rendez-vous-night-and-day-medium/3448130.html
https://www.jaeger-lecoultre.com/us/en/watches/rendez-vous/rendez-vous-night-and-day-medium/3448410.html
https://www.jaeger-lecoultre.com/us/en/watches/rendez-vous/rendez-vous-night-and-day-medium/3448430.html
https://www.jaeger-lecoultre.com/us/en/watches/rendez-vous/rendez-vous-night-and-day-medium/3448480.html
https://www.jaeger-lecoultre.com/us/en/watches/rendez-vous/rendez-vous-night-and-day/3462130.html
https://www.jaeger-lecoultre.com/us/en/watches/rendez-vous/rendez-vous-night-and-day/3462430.html
https://www.jaeger-lecoultre.com/us/en/watches/rendez-vous/rendez-vous-night-and-day/3468110.html
https://www.jaeger-lecoultre.com/us/en/watches/rendez-vous/rendez-vous-night-and-day/3468130.html
https://www.jaeger-lecoultre.com/us/en/watches/rendez-vous/rendez-vous-night-and-day/3468410.html
https://www.jaeger-lecoultre.com/us/en/watches/rendez-vous/rendez-vous-night-and-day/3468430.html
https://www.jaeger-lecoultre.com/us/en/watches/rendez-vous/rendez-vous-night-and-day/3468480.html
https://www.jaeger-lecoultre.com/us/en/watches/rendez-vous/rendez-vous-perpetual-calendar/3492420.html
https://www.jaeger-lecoultre.com/us/en/watches/rendez-vous/rendez-vous-perpetual-calendar/3493420.html
https://www.jaeger-lecoultre.com/us/en/watches/rendez-vous/rendez-vous-tourbillon/3412410.html
https://www.jaeger-lecoultre.com/us/en/watches/rendez-vous/rendez-vous-tourbillon/3413403.html
https://www.jaeger-lecoultre.com/us/en/watches/rendez-vous/rendez-vous-tourbillon/3413480.html
https://www.jaeger-lecoultre.com/us/en/watches/reverso/reverso-classic-large-duoface-manuel/3842520.html
https://www.jaeger-lecoultre.com/us/en/watches/reverso/reverso-classic-large-duoface-manuel/3848420.html
https://www.jaeger-lecoultre.com/us/en/watches/reverso/reverso-classic-large-duoface-manuel/3848422.html
https://www.jaeger-lecoultre.com/us/en/watches/reverso/reverso-classic-large-monoface-manuel/3858520.html
https://www.jaeger-lecoultre.com/us/en/watches/reverso/reverso-classic-large-monoface-manuel/3858520.html
https://www.jaeger-lecoultre.com/us/en/watches/reverso/reverso-classic-large-monoface-manuel/3858522.html
https://www.jaeger-lecoultre.com/us/en/watches/reverso/reverso-classic-large-monoface-manuel/3858522.html
https://www.jaeger-lecoultre.com/us/en/watches/reverso/reverso-classic-medium-duetto-manuel/2588120.html
https://www.jaeger-lecoultre.com/us/en/watches/reverso/reverso-classic-medium-duetto-manuel/2588422.html
https://www.jaeger-lecoultre.com/us/en/watches/reverso/reverso-classic-medium-duetto/2572420.html
https://www.jaeger-lecoultre.com/us/en/watches/reverso/reverso-classic-medium-duetto/2578120.html
https://www.jaeger-lecoultre.com/us/en/watches/reverso/reverso-classic-medium-duetto/2578422.html
https://www.jaeger-lecoultre.com/us/en/watches/reverso/reverso-classic-medium-duoface-manuel/2458420.html
https://www.jaeger-lecoultre.com/us/en/watches/reverso/reverso-classic-medium-duoface-manuel/2458422.html
https://www.jaeger-lecoultre.com/us/en/watches/reverso/reverso-classic-medium-monoface-manuel/2438520.html
https://www.jaeger-lecoultre.com/us/en/watches/reverso/reverso-classic-medium-monoface-manuel/2438520.html
https://www.jaeger-lecoultre.com/us/en/watches/reverso/reverso-classic-medium-monoface-manuel/2438522.html
https://www.jaeger-lecoultre.com/us/en/watches/reverso/reverso-classic-medium-monoface-manuel/2438522.html
https://www.jaeger-lecoultre.com/us/en/watches/reverso/reverso-classic-medium-thin-monoface-manuel/2542540.html
https://www.jaeger-lecoultre.com/us/en/watches/reverso/reverso-classic-medium-thin-monoface-manuel/2542540.html
https://www.jaeger-lecoultre.com/us/en/watches/reverso/reverso-classic-medium-thin-monoface-manuel/2548140.html
https://www.jaeger-lecoultre.com/us/en/watches/reverso/reverso-classic-medium-thin-monoface-manuel/2548140.html
https://www.jaeger-lecoultre.com/us/en/watches/reverso/reverso-classic-medium-thin-monoface-manuel/2548440.html
https://www.jaeger-lecoultre.com/us/en/watches/reverso/reverso-classic-medium-thin-monoface-manuel/2548440.html
https://www.jaeger-lecoultre.com/us/en/watches/reverso/reverso-classic-medium-thin-monoface-manuel/2548441.html
https://www.jaeger-lecoultre.com/us/en/watches/reverso/reverso-classic-medium-thin-monoface-manuel/2548441.html
https://www.jaeger-lecoultre.com/us/en/watches/reverso/reverso-classic-medium-thin-monoface-quartz/2518140.html
https://www.jaeger-lecoultre.com/us/en/watches/reverso/reverso-classic-medium-thin-monoface-quartz/2518140.html
https://www.jaeger-lecoultre.com/us/en/watches/reverso/reverso-classic-medium-thin-monoface-quartz/2518540.html
https://www.jaeger-lecoultre.com/us/en/watches/reverso/reverso-classic-medium-thin-monoface-quartz/2518540.html
https://www.jaeger-lecoultre.com/us/en/watches/reverso/reverso-classic-small-duetto/2662130.html
https://www.jaeger-lecoultre.com/us/en/watches/reverso/reverso-classic-small-duetto/2662430.html
https://www.jaeger-lecoultre.com/us/en/watches/reverso/reverso-classic-small-duetto/2668130.html
https://www.jaeger-lecoultre.com/us/en/watches/reverso/reverso-classic-small-duetto/2668432.html
https://www.jaeger-lecoultre.com/us/en/watches/reverso/reverso-classic-small-monoface-manual/2602540.html
https://www.jaeger-lecoultre.com/us/en/watches/reverso/reverso-classic-small-monoface-manual/2602540.html
https://www.jaeger-lecoultre.com/us/en/watches/reverso/reverso-classic-small-monoface-manual/2608140.html
https://www.jaeger-lecoultre.com/us/en/watches/reverso/reverso-classic-small-monoface-manual/2608140.html
https://www.jaeger-lecoultre.com/us/en/watches/reverso/reverso-classic-small-monoface-manual/2608440.html
https://www.jaeger-lecoultre.com/us/en/watches/reverso/reverso-classic-small-monoface-manual/2608440.html
https://www.jaeger-lecoultre.com/us/en/watches/reverso/reverso-classic-small-monoface-manual/2608441.html
https://www.jaeger-lecoultre.com/us/en/watches/reverso/reverso-classic-small-monoface-manual/2608441.html
https://www.jaeger-lecoultre.com/us/en/watches/reverso/reverso-classic-small/2618140.html
https://www.jaeger-lecoultre.com/us/en/watches/reverso/reverso-classic-small/2618140.html
https://www.jaeger-lecoultre.com/us/en/watches/reverso/reverso-classic-small/2618540.html
https://www.jaeger-lecoultre.com/us/en/watches/reverso/reverso-classic-small/2618540.html
https://www.jaeger-lecoultre.com/us/en/watches/reverso/reverso-one-duetto-jewelry/3362201.html
https://www.jaeger-lecoultre.com/us/en/watches/reverso/reverso-one-duetto-jewelry/3363401.html
https://www.jaeger-lecoultre.com/us/en/watches/reverso/reverso-one-duetto-jewelry/3363402.html
https://www.jaeger-lecoultre.com/us/en/watches/reverso/reverso-one-duetto-moon/3352120.html
https://www.jaeger-lecoultre.com/us/en/watches/reverso/reverso-one-duetto-moon/3352420.html
https://www.jaeger-lecoultre.com/us/en/watches/reverso/reverso-one-duetto-moon/3358120.html
https://www.jaeger-lecoultre.com/us/en/watches/reverso/reverso-one-duetto-moon/3358420.html
https://www.jaeger-lecoultre.com/us/en/watches/reverso/reverso-one-duetto/3342520.html
https://www.jaeger-lecoultre.com/us/en/watches/reverso/reverso-one-duetto/3348120.html
https://www.jaeger-lecoultre.com/us/en/watches/reverso/reverso-one-duetto/3348420.html
https://www.jaeger-lecoultre.com/us/en/watches/reverso/reverso-one-quartz/3288120.html
https://www.jaeger-lecoultre.com/us/en/watches/reverso/reverso-one-quartz/3288420.html
https://www.jaeger-lecoultre.com/us/en/watches/reverso/reverso-one-quartz/3288560.html
https://www.jaeger-lecoultre.com/us/en/watches/reverso/reverso-tribute-calendar/3912420.html
https://www.jaeger-lecoultre.com/us/en/watches/reverso/reverso-tribute-duoface-medium/3988482.html
https://www.jaeger-lecoultre.com/us/en/watches/reverso/reverso-tribute-gyrotourbillon/3946420.html
https://www.jaeger-lecoultre.com/us/en/watches/reverso/reverso-tribute-monoface/397846J.html
https://www.jaeger-lecoultre.com/us/en/watches/reverso/reverso-tribute-monoface/3978480.html
https://www.jaeger-lecoultre.com/us/en/watches/reverso/reverso-tribute-moon/3958420.html
https://www.jaeger-lecoultre.com/us/en/watches/reverso/reverso-tribute-tourbillon/3926480.html
https://www.mauricelacroix.com/ch_en/watches/watches-masterpiece/masterpiece-square-wheel-retrograde-43mm-mp6058-ss001-310-1
https://www.mauricelacroix.com/us_en/masterpiece-square-wheel-retrograde-43mm-mp6058-ss001-310-1
https://www.mauricelacroix.com/us_en/watches/watches-eliros/eliros-date-40mm-el1118-ss002-410-1
https://www.mauricelacroix.com/us_en/watches/watches-masterpiece/masterpiece-square-wheel-retrograde-43mm-mp6058-ss001-310-1
https://www.muehle-glashuette.de/en/watch/lunova-datum/
https://www.muehle-glashuette.de/en/watch/panova-gruen-leather-strap-embossed/
https://www.muehle-glashuette.de/en/wristwatches/functional-wristwatches/lunova-datum/
