 Self winding >>>>>  Self winding
Automatic >>>>>   Automatic
Automatic >>>>> AUTOMATIC
Automatic >>>>> Automatic
Automatic >>>>> Automatic Chronometer
Automatic >>>>> Automatic Digital
Automatic >>>>> Automatic chronograph, Swiss Made
Automatic >>>>> Automatic mechanical
Automatic >>>>> Automatic with manual winding capacity
Automatic >>>>> Automatic with manual winding mechanism
Automatic >>>>> Automatic, Swiss Made
Automatic >>>>> Automatic, self-winding
Automatic >>>>> Swiss Tissot automatic chronograph
Automatic >>>>> Swiss automatic
Automatic >>>>> automatic
Automatik >>>>> Automatik
Automatik-Chronometer >>>>> Automatik-Chronometer
Eco-Drive >>>>> Eco Drive
Eco-Drive >>>>> Eco-Drive
Eco-Drive >>>>> GPS Solar
Eco-Drive >>>>> Radio sync solar
Eco-Drive >>>>> Solar
Glashütte Original manufactory movement >>>>> Glashütte Original manufactory movement
Glashütte Original manufactory movement, German chronometer certificate (LMET/SLME) >>>>> Glashütte Original manufactory movement, German chronometer certificate (LMET/SLME)
Glashütte Original manufactory movement, Glashütte Original certificate >>>>> Glashütte Original manufactory movement, Glashütte Original certificate
Handaufzug >>>>> Handaufzug
Handaufzug über Drehmomentwerkzeug >>>>> Handaufzug über Drehmomentwerkzeug
Manual >>>>>   Manual-winding
Manual >>>>> Hand Wind
Manual >>>>> Hand Winding
Manual >>>>> Hand wind
Manual >>>>> Hand winding, Swiss Made
Manual >>>>> Hand-winding
Manual >>>>> Hand-wound mechanical
Manual >>>>> Handwound
Manual >>>>> MANUAL
Manual >>>>> MANUALFunctions: Hours, minutes
Manual >>>>> MANUALFunctions: Hours, minutes and seconds
Manual >>>>> Manual
Manual >>>>> Manual Wind
Manual >>>>> Manual using a dynamometric starter
Manual >>>>> Manual-winding
Manual >>>>> Mechanical manual winding
Manual >>>>> Mechanical manual-winding movement
Manual >>>>> hand wind
Manual >>>>> manual
Manual >>>>> manual-winding mechanical movement
Processor >>>>> Processor
Quartz >>>>> Auto-Quartz
Quartz >>>>> QUARTZ ANALOG
Quartz >>>>> QUARTZ ANALOGFunctions: Hours, minutes
Quartz >>>>> Quartz
Quartz >>>>> Quartz chronograph
Quartz >>>>> Quartz chronograph, Swiss Made
Quartz >>>>> Quartz, Swiss Made
Quartz >>>>> Swiss quartz
Quartz >>>>> quartz
Quarz >>>>> Quarz
Self-winding >>>>> Self-winding
Self-winding movement >>>>> Self-winding movement
Skeleton, Swiss Made >>>>> Skeleton, Swiss Made
Spring Drive >>>>> Spring Drive
Spring Drive >>>>> Spring drive
Tissot >>>>> Tissot
Tourbillon, Swiss Made >>>>> Tourbillon, Swiss Made
mechanical >>>>> mechanical
self-winding mechanical movement >>>>> self-winding mechanical movement
