



  
  
  
  
  
  
  
  
  
  
    
    
      
      
      
            Moon phases
            Split-second flyback chronograph
    ?
    ?
    ?
NO >>>>> “100th anniversary” style engraving
NO >>>>> “DeLorean” engraving
NO >>>>> “Lucha Libre” style engraving
NO >>>>> “Propeller” style engraving
NO >>>>> “Steampunk” style engraving
NO >>>>> “Tattoo” style engraving
NO >>>>> “The Brother Kiss” engraving, painting by Dmitri Vrubel
NO >>>>> “The first step on the Moon” engraving
NO >>>>> "Roulette"
NO >>>>> 18Kt White Gold
NO >>>>> 18k Pink Gold, engraved
NO >>>>> 18k Rose Gold
NO >>>>> 18k Rose Gold embossed with Mille Miglia route map
NO >>>>> 18k Rose Gold with Sapphire Crystal Exhibition
NO >>>>> 18k Rose Gold with engraving 'International Watch Co.' and Serial Number
NO >>>>> 18k Rose Gold, engraved
NO >>>>> 18k Yellow Gold
NO >>>>> 18k Yellow Gold Engraved
NO >>>>> 18kt Yellow Gold, engraved
NO >>>>> Additional 12 Hour Hand
NO >>>>> Aluminium
NO >>>>> Anti-reflective domed sapphire crystal
NO >>>>> Anti-reflective sapphire crystal
NO >>>>> Antireflective sapphire crystal
NO >>>>> Bathyscaphe Chronographe Flyback
NO >>>>> Batman medallion engraved on the case back with RJ
NO >>>>> Black
NO >>>>> Black Ceramic with Hublot Logo
NO >>>>> Black PVD
NO >>>>> Black PVD Coated Titanium
NO >>>>> Black PVD Titanium
NO >>>>> Black PVD coaeted titanium grade 2
NO >>>>> Black PVD coated Stainless Steel
NO >>>>> Black Plastic
NO >>>>> Blue Translucent
NO >>>>> Blued SDemi-translucent
NO >>>>> Brushed and Polished Solid 316L Surgical Grade Silvertone Stainless Steel
NO >>>>> Burnished see-through sapphire crystal
NO >>>>> Carbon fiber engraved "LIMITED EDITION + 100NUM" lacquered purple. Case back glass: Sapphire with interior anti-reflective treatment, printed logo "Womanity"
NO >>>>> Case-back sapphire crystal decorated with the logo of the Principality of Monaco
NO >>>>> Checker Flag Decorated
NO >>>>> Chronographe Flyback
NO >>>>> Chronographe Flyback Pulsomètre
NO >>>>> Clear
NO >>>>> Closed
NO >>>>> Closed and decorated with aguilloche pattern on both sides
NO >>>>> Closed back, stainless steel
NO >>>>> Commemorative Engraving
NO >>>>> Composite
NO >>>>> Crystal
NO >>>>> Crystal Plexi Glass
NO >>>>> DMC medallion engraved on the case back
NO >>>>> Display winning entry in the International Children's Drawing Competition
NO >>>>> Domed sapphire crystal glass back
NO >>>>> Double O-ring
NO >>>>> Double dial
NO >>>>> Double fond, transparent sapphire crystal
NO >>>>> Driven, Steel
NO >>>>> Embossed Solid
NO >>>>> Engraved
NO >>>>> Engraved GG
NO >>>>> Engraved Jaeger-LeCoultre and Aston Martin Logos
NO >>>>> Engraved Major Cities Time Zones
NO >>>>> Engraved Solid
NO >>>>> Engraved Stainless Steel
NO >>>>> Engraved Time Zones On Caseback
NO >>>>> Engraved Titanium
NO >>>>> Engraved Weight Conversion Scale
NO >>>>> Engraved Yves Behar Signature
NO >>>>> Engraved case back depicting the flame of the Liberty lighting up the stars and stripes of the American flag
NO >>>>> Engraved case-back
NO >>>>> Engraved times zones of world's major cities
NO >>>>> Engraved with anniversary inscription- outline of Aermacchi aircraft flown by Frecce Tricolori
NO >>>>> Engraved with the winning entry in the "Time to celebrate" drawing competition
NO >>>>> Engraved with time zones of world's major cities
NO >>>>> Erupting Eyjafjallajokull engraving
NO >>>>> Etched
NO >>>>> Exhibition
NO >>>>> Exhibition Caseback with sapphire crystal
NO >>>>> Exhibition See Through
NO >>>>> Exhibition Style See Through
NO >>>>> Full back
NO >>>>> Gold color stainless steel
NO >>>>> Gold plated stainless steel
NO >>>>> Gold-tone Stainless Steel
NO >>>>> Grainy-textured stellar-patterned back with Moon medallion in Moon SilverRJ
NO >>>>> Grainy-textured stellar-patterned back with moon silver medallion
NO >>>>> Grainy-textured stellar-patterned case back with moon silver
NO >>>>> Grainy-textured stellar-patterned case back with moon silver medallion
NO >>>>> Green Translucent
NO >>>>> Guilloche with Sapphire Window
NO >>>>> Gunmetal PVD
NO >>>>> Gunmetal PVD Stainless Steel
NO >>>>> High-intensity titanium and sapphire crystal
NO >>>>> Hinged Caseback Cover of Vitreous Enamel
NO >>>>> Hinged Solid
NO >>>>> Hunter
NO >>>>> Iceland map engraving
NO >>>>> Individual series number engraved on the case-back
NO >>>>> Interchangeable
NO >>>>> Interchangeable full back and sapphire crystal case back
NO >>>>> Latin Grammy Logo
NO >>>>> Light Blue
NO >>>>> Logo-Engraved Solid
NO >>>>> Luminous Green
NO >>>>> Luminous Transparent
NO >>>>> Luyminous White
NO >>>>> None
NO >>>>> Octopus engraving
NO >>>>> Official Blue Angels Insignia
NO >>>>> Opalescent Sapphire Crystal
NO >>>>> Open
NO >>>>> Open, sapphire crystal (glass)
NO >>>>> Orange
NO >>>>> Orange Transparent
NO >>>>> Other Dial
NO >>>>> Partial Exhibition
NO >>>>> Partial Exhibition Srew Down
NO >>>>> Perforated
NO >>>>> Perpetual Calendar
NO >>>>> Picture of Columbus Circle engraved with exhibition window
NO >>>>> Pink Translucent
NO >>>>> Plain - Black PVD coated steel
NO >>>>> Plain - Steel
NO >>>>> Plastic
NO >>>>> Platinum with Sapphire Crystal Exhibition
NO >>>>> Polished Steel
NO >>>>> Polished and satin-finished stainless steel. Sapphire glass (crystal) with interior anti-reflective coating.
NO >>>>> Polished stainless steel
NO >>>>> Polished stainless steel indicating model and production number
NO >>>>> Polished stainless steel with NFC chip embedded behind the globe
NO >>>>> Polished stainless steel with rose gold PVD treatment
NO >>>>> Polished stainless steel.
NO >>>>> Pressue Fitted Solid
NO >>>>> Pressure Fitted
NO >>>>> Pressure Fitted Solid
NO >>>>> Propeller engraving
NO >>>>> Propeller style engraving
NO >>>>> Purple Translucent
NO >>>>> Red Tinted Mineral Crystal
NO >>>>> Red gold and sapphire crystal
NO >>>>> Resonant Chamber
NO >>>>> Sapphire
NO >>>>> Sapphire - Black PVD coaeted titanium grade 2
NO >>>>> Sapphire - Black PVD coaeted titanium grade 5
NO >>>>> Sapphire - Black PVD coated steel
NO >>>>> Sapphire - Scratch-resistant
NO >>>>> Sapphire - Steel
NO >>>>> Sapphire - Titanium grade 5
NO >>>>> Sapphire Crystal
NO >>>>> Sapphire Crystal - Scratch Resistant, Transparent Exhibition Back. Transfer on case-back crystal.
NO >>>>> Sapphire Crystal - Transparent Exhibition
NO >>>>> Sapphire Crystal Case Back
NO >>>>> Sapphire Crystal Case back
NO >>>>> Sapphire Crystal Display
NO >>>>> Sapphire Crystal Display Back showing Guilloche Rotor and Movement
NO >>>>> Sapphire Crystal Exhibition
NO >>>>> Sapphire Crystal Exhibition Case
NO >>>>> Sapphire Crystal See Through
NO >>>>> Sapphire Crystal See-Through
NO >>>>> Sapphire Crystal Transparent
NO >>>>> Sapphire Crystal case back protected by a hinged cover
NO >>>>> Sapphire Crystal display
NO >>>>> Sapphire Crystal protected by an invisibly-hinged Dust Cover
NO >>>>> Sapphire Cyrstal Display
NO >>>>> Sapphire Exhibition
NO >>>>> Sapphire Exhibition Case
NO >>>>> Sapphire Glass
NO >>>>> Sapphire Transparent Exhibition
NO >>>>> Sapphire back
NO >>>>> Sapphire case back
NO >>>>> Sapphire case-back
NO >>>>> Sapphire crystal
NO >>>>> Sapphire crystal display
NO >>>>> Sapphire crystal exhibition
NO >>>>> Sapphire crystal glass
NO >>>>> Sapphire crystal glass back
NO >>>>> Sapphire glass
NO >>>>> Sapphire glass (crystal)
NO >>>>> Sapphire glass (crystal), convex, anti-reflective coating
NO >>>>> Sapphire glass (crystal), convex, anti-reflective coating.
NO >>>>> Sapphire window
NO >>>>> Sapphire, none-reflecting coating
NO >>>>> Sapphire-crystal
NO >>>>> Satin-finished and engraved with the Vintage 1945 Anniversary logo
NO >>>>> Satin-finished and engraved with the Vintage 1945 anniversary logo
NO >>>>> Satinless Steel
NO >>>>> Scratch Resistant Sapphire Crystal
NO >>>>> Scre Down Stainless Steel
NO >>>>> See Through
NO >>>>> See Through Sapphire
NO >>>>> See Through Sapphire Crystal
NO >>>>> See through
NO >>>>> See through exhibition crystal
NO >>>>> See through sapphire crystal
NO >>>>> See- Through
NO >>>>> See-Through
NO >>>>> See-through
NO >>>>> See-through sapphire
NO >>>>> See-through sapphire crystal
NO >>>>> See-through sapphire glass (crystal)
NO >>>>> See-through sapphire glass back, convex, anti-reflective coating
NO >>>>> See-through sapphire-glass (crystal) back with antireflective coating
NO >>>>> See-through sapphire-glass back
NO >>>>> Semi -Transparent
NO >>>>> Semi Transparent
NO >>>>> Semi-Transparent
NO >>>>> Semi-transparent
NO >>>>> SemiTransparent
NO >>>>> Signature Iconic Case Back Plate with Laser-Etched Serial Number
NO >>>>> Silver-Tone
NO >>>>> Skeletal
NO >>>>> Skeletal Sapphire
NO >>>>> Skeletom
NO >>>>> Smoked see-through sapphire crystal
NO >>>>> Soli
NO >>>>> Solid
NO >>>>> Solid (Bee Motif)
NO >>>>> Solid (Bentley GT Continental Engraved)
NO >>>>> Solid (Graphic Design)
NO >>>>> Solid (Silk-printed Glass)
NO >>>>> Solid (Skeletal Window)
NO >>>>> Solid (Transparent Outer)
NO >>>>> Solid (Window Display)
NO >>>>> Solid (engraveable)
NO >>>>> Solid (with Skeletal Window)
NO >>>>> Solid (with Transparent Outer)
NO >>>>> Solid - Embossed with Tiger Woods Signature
NO >>>>> Solid - Stainless Steel
NO >>>>> Solid - with sound signal resonance chamber
NO >>>>> Solid - with transparent sub-dial
NO >>>>> Solid 18kt Rose Gold engraved
NO >>>>> Solid 18kt White Gold
NO >>>>> Solid Asian Games logo
NO >>>>> Solid Back with Ferrari Prancing Horse Logo
NO >>>>> Solid Black Ion-plated
NO >>>>> Solid Black Polycarbonate
NO >>>>> Solid Bronze DLC Stainless Steel
NO >>>>> Solid Brown Wood
NO >>>>> Solid Brushed Steel
NO >>>>> Solid Burma Expresso Wood
NO >>>>> Solid Caribbean Map Motif
NO >>>>> Solid Dark Brown Wood
NO >>>>> Solid Engrave with the word 'LOVE'
NO >>>>> Solid Engraved
NO >>>>> Solid Engraved with Bridge Logo
NO >>>>> Solid Engraved with Zenith Aviation Instruments
NO >>>>> Solid Etched
NO >>>>> Solid Fixed Stainless Steel
NO >>>>> Solid Gold-tone
NO >>>>> Solid Gun Metal PVD Stainless Steel
NO >>>>> Solid Khaki Tan Wood
NO >>>>> Solid Logo-Engraved
NO >>>>> Solid Luminous
NO >>>>> Solid Mori Moss Wood
NO >>>>> Solid NBA Logo Engraved
NO >>>>> Solid Olive Wood
NO >>>>> Solid Platinum
NO >>>>> Solid Platinum engraved "PATEK PHILIPPE GENEVE 175th Anniversaire 1839 - 2014"
NO >>>>> Solid Pressure Fitted
NO >>>>> Solid Red Wood
NO >>>>> Solid Rose Gold
NO >>>>> Solid Sakai Natural Wood
NO >>>>> Solid Stainless Sreel
NO >>>>> Solid Stainless Steel
NO >>>>> Solid Stainless steel
NO >>>>> Solid Steel
NO >>>>> Solid Sumatra Wood
NO >>>>> Solid Titanium
NO >>>>> Solid Wood
NO >>>>> Solid and Transparent
NO >>>>> Solid case back
NO >>>>> Solid case back with 100th anniversary engraving
NO >>>>> Solid case back with engraving, based on a drawing by 16-year-old Eleni Partakki from Cyprus, show boys and girls playing with a ball.
NO >>>>> Solid engraved with Fish Symbol and diving mask
NO >>>>> Solid hand engraved with octopus design
NO >>>>> Solid with "Harbour at Portofino" engraving
NO >>>>> Solid with 2 Swiss Franc coins
NO >>>>> Solid with Constellation Observatory medallion
NO >>>>> Solid with Grammy Logo
NO >>>>> Solid with Grammy awards Logo
NO >>>>> Solid with Heuer coat-of-arms
NO >>>>> Solid with Latin Grammy logo and inscription
NO >>>>> Solid with Logo of the 17th Asian Games
NO >>>>> Solid with Skeletal Window
NO >>>>> Solid with Temperature Conversion Table
NO >>>>> Solid with Titanic engraving
NO >>>>> Solid with World Map engraved
NO >>>>> Solid with a Skeletal Window
NO >>>>> Solid with divers Helmet logo
NO >>>>> Solid with diving-helmet relief
NO >>>>> Solid with engraved Temperature Gauge
NO >>>>> Solid with engraved with Maurice Lacroix hallmarking, serial numbers and water resistance
NO >>>>> Solid with hand-engraved octopus
NO >>>>> Solid with special back engraving
NO >>>>> Solid with special engraving
NO >>>>> Solid with the Constellation Observatory medallion
NO >>>>> Solid, 18K Rose Gold
NO >>>>> Solid, Black Titaninm
NO >>>>> Solid, Engraved with Pershing Boat
NO >>>>> Solid, Stainless Steel, Engraved
NO >>>>> Solid, Steel
NO >>>>> Solid, Titanium. World Globe Logo Engraved In Center
NO >>>>> Solid, engraved 'Pasha de Cartier', 'Automatic', 'Water Resistant 100m/330ft', 'STAINLESS STEEL'
NO >>>>> Solid, engraved with Maurice Lacroix hallmarking, serial numbers and water resistance
NO >>>>> Solid, inscribed with "The last man on the moon - December 14, 1972" and "Apollo XVII 40th Anniversary"
NO >>>>> Solid. Time set button on case back
NO >>>>> Solied
NO >>>>> Solued
NO >>>>> Special back engraving
NO >>>>> Special engraving
NO >>>>> Spider web metallized on the sapphire crystal
NO >>>>> Sport
NO >>>>> Stainles Steel, brushed, engraved, 3mm thick
NO >>>>> Stainless Steel
NO >>>>> Stainless Steel 'OFFICINE PANERAI FIRENZE 1880 Automatique' engraved
NO >>>>> Stainless Steel Engraved Diver's Helmet motif
NO >>>>> Stainless Steel Engraved Pierced with Aston Martin Logo
NO >>>>> Stainless Steel Engraved with Prancing Horse
NO >>>>> Stainless Steel Solid
NO >>>>> Stainless Steel embossed with Mille Miglia route
NO >>>>> Stainless Steel embossed with Mille Miglia route map
NO >>>>> Stainless Steel engraved diver's helmet decorated
NO >>>>> Stainless Steel engraved with Limited Edition numbering and etching of Zinedine Zidane
NO >>>>> Stainless Steel with 'OFFICINE PANERAI' engraved
NO >>>>> Stainless Steel with Breitling Engraved Logo
NO >>>>> Stainless Steel with Checker Flag Decorated
NO >>>>> Stainless Steel with Checker Flag decorated
NO >>>>> Stainless Steel with Formula 1 Checkerboard patterning
NO >>>>> Stainless Steel with engraved 'OFFICINE PANERAI' engraving
NO >>>>> Stainless Steel, Engraved Batsman and '35 centuries', 'Limited Edition Sachin Tendulkar', 'ROO'
NO >>>>> Stainless Steel, Solid, Engraved
NO >>>>> Stainless Steel, engraved
NO >>>>> Stainless Steel, engraved 'INTERNATIONAL WATCH CO.', serial number
NO >>>>> Stainless Steel, engraved and engraveable
NO >>>>> Stainless steel
NO >>>>> Stainless steel and sapphire crystal
NO >>>>> Stainless steel medallion illustrating the Artemis Racing sailing boat in racing.
NO >>>>> Stainless steel, solid with Movado engravings
NO >>>>> Stainless steel/Sapphire
NO >>>>> Stamped case-back featuring a diver
NO >>>>> Stamped casebackUnidirectional sapphire bezel
NO >>>>> Steel
NO >>>>> Steel case back with solid 18K rose gold Corum key
NO >>>>> Stellar pattern back with Hello Kitty medallion
NO >>>>> Stopwatch-Feature
NO >>>>> Teak and Brushed Steel
NO >>>>> Tempered Transparent
NO >>>>> Three:24 Hours, 60 Minutes and 60 Seconds Sub-dials
NO >>>>> Titanium
NO >>>>> Titanium - with IWC/AMG engraving
NO >>>>> Titanium Case Back with Engraved Master Compressor Logo
NO >>>>> Titanium Glareproofed Sapphire
NO >>>>> Titanium case-back with Cafe Racer. Spirit engravings
NO >>>>> Titanium grade 2
NO >>>>> Titanium with Cafe Racer
NO >>>>> Titanium with Mercedes-AMG and IWC engraving
NO >>>>> Titanium with sapphire crystal, interior anti-reflection treatment with official UEFA logo
NO >>>>> Titanium, sapphire
NO >>>>> Translucent
NO >>>>> Translucent Plastic
NO >>>>> Transparen
NO >>>>> Transparent
NO >>>>> Transparent (Interchangeable Solid)
NO >>>>> Transparent (See Through)
NO >>>>> Transparent (See-Through)
NO >>>>> Transparent Blue
NO >>>>> Transparent Curved Sapphire
NO >>>>> Transparent Display Back
NO >>>>> Transparent E
NO >>>>> Transparent Exhibition
NO >>>>> Transparent Exhibition Case back
NO >>>>> Transparent Exhibition Display
NO >>>>> Transparent Exhibition Display Back
NO >>>>> Transparent Exhibition Display Back with gorgeous Guilloche patterned rotor
NO >>>>> Transparent Exhibition Sapphire Crystal
NO >>>>> Transparent Exhibition See Through
NO >>>>> Transparent Glareproof Sapphire
NO >>>>> Transparent Mineral
NO >>>>> Transparent Mineral Crystal
NO >>>>> Transparent Mineral Glass
NO >>>>> Transparent Offset Circle
NO >>>>> Transparent Roulette Spinning See Through
NO >>>>> Transparent S
NO >>>>> Transparent Sapphire
NO >>>>> Transparent Sapphire Crystal
NO >>>>> Transparent Sapphire Crystal Exhibition Back - Scratch Resistant
NO >>>>> Transparent Sapphire Crystal Exhibition Caseback
NO >>>>> Transparent Sapphire Crystal Exhibition back
NO >>>>> Transparent Sapphire Crystal See-Through
NO >>>>> Transparent Sapphire Exhibition
NO >>>>> Transparent Sapphire Exhibition Caseback showing gorgeous automatic movement
NO >>>>> Transparent Sapphire Glass
NO >>>>> Transparent See Through
NO >>>>> Transparent case back made of mineral glass
NO >>>>> Transparent case back made of sapphire crystal glass
NO >>>>> Transparent exhibition
NO >>>>> Transparent exhibition case back
NO >>>>> Transparent sapphire
NO >>>>> Transparent sapphire caseback.
NO >>>>> Transparent sapphire crystal
NO >>>>> Transparent see-through crystal
NO >>>>> Transparent with Brooklyn Bridge etching
NO >>>>> Transparent with Fold Down Cover
NO >>>>> Transparent with Solid Cover
NO >>>>> Transparent with sapphire crystal
NO >>>>> Transparent, protected by hinged dust cover
NO >>>>> Transparent, sapphire crystal
NO >>>>> Transperant Scratch resistant sapphire
NO >>>>> Transperent Sapphire
NO >>>>> Unique pin-up painting with sapphire glass
NO >>>>> Uniquely Embossed
NO >>>>> Uniquely Embossed Solid
NO >>>>> White Plastic
NO >>>>> aluminium bezel ring
NO >>>>> closed
NO >>>>> closed with a special engraving
NO >>>>> engraved case-back
NO >>>>> grey tinted sapphire crystal
NO >>>>> sapphire case back
NO >>>>> sapphire crystal
NO >>>>> sapphire crystal anti-reflective 'box'
NO >>>>> sapphire crystal exhibition
NO >>>>> see through
NO >>>>> see-through sapphire crystal
NO >>>>> semi-transparent
NO >>>>> smoky sapphire crystal
NO >>>>> solid
NO >>>>> solid stainless steel
NO >>>>> stainless steel and sapphire crystal
NO >>>>> transparent
NO >>>>> «Dia de los Muertos» engraving on the case back
NO >>>>> «Dia de los Muertos» medallion engraved
NO >>>>> «Dia de los Muertos» medallion engraved on the case back
Screw Down >>>>> Black Titanium Screw Down back with guilloche pattern
Screw Down >>>>> Exhibition Screw Down
Screw Down >>>>> Exhibition screw-down
Screw Down >>>>> Partial Exhibition Screw Down
Screw Down >>>>> Partial Exhibition screw-down
Screw Down >>>>> Plastic Screw Down
Screw Down >>>>> Plastic Screw-down
Screw Down >>>>> Screw Down
Screw Down >>>>> Screw Down Black Carbon Reinforced
Screw Down >>>>> Screw Down Closed
Screw Down >>>>> Screw Down Closed with Engraving
Screw Down >>>>> Screw Down Engraved Stainless Steel
Screw Down >>>>> Screw Down Engraved with UNITED STATES NAVY FIGHTER WEAPONS SCHOOL Logo, engraving 'Pilot's Watch' and 'INTERNATIONAL WATCH CO.'
Screw Down >>>>> Screw Down Sapphire Crystal
Screw Down >>>>> Screw Down Sapphire Crystal Exhibition
Screw Down >>>>> Screw Down Sapphire Crystal Skeleton
Screw Down >>>>> Screw Down See Through
Screw Down >>>>> Screw Down See Through skeleton
Screw Down >>>>> Screw Down See Through skeleton exhibition
Screw Down >>>>> Screw Down Skeletal
Screw Down >>>>> Screw Down Skeleton
Screw Down >>>>> Screw Down Skeleton See Through
Screw Down >>>>> Screw Down Skeleton See-through
Screw Down >>>>> Screw Down Skeleton with Small Cross-wind Graph
Screw Down >>>>> Screw Down Solid
Screw Down >>>>> Screw Down Stainless Steel
Screw Down >>>>> Screw Down Stainless Steel engraved
Screw Down >>>>> Screw Down Stainless Steel engraved with Leonhard Euler portrait
Screw Down >>>>> Screw Down Stainless steel
Screw Down >>>>> Screw Down Steel
Screw Down >>>>> Screw Down Transparent
Screw Down >>>>> Screw Down close
Screw Down >>>>> Screw Down exhibition
Screw Down >>>>> Screw Down skeletal
Screw Down >>>>> Screw Down solid
Screw Down >>>>> Screw Down with Checker Motif
Screw Down >>>>> Screw Down with Racing Flag motif
Screw Down >>>>> Screw Down with Racing Flag motif .
Screw Down >>>>> Screw Down with factory Engraved Logo
Screw Down >>>>> Screw Down with special Checked Decoration
Screw Down >>>>> Screw Down, with Sapphire Crystal
Screw Down >>>>> Screw down
Screw Down >>>>> Screw down Skeleton
Screw Down >>>>> Screw down Solid
Screw Down >>>>> Screw down stainless steel
Screw Down >>>>> Screw down stainless steel exhibition
Screw Down >>>>> Screw down, stainless steel
Screw Down >>>>> Screw-Down
Screw Down >>>>> Screw-down
Screw Down >>>>> Screw-down Exhibition
Screw Down >>>>> Screw-down High-Tech Ceramic
Screw Down >>>>> Screw-down Stainless Steel
Screw Down >>>>> Screw-down Steel
Screw Down >>>>> Screw-down see-through
Screw Down >>>>> Screw-down solid
Screw Down >>>>> Screw-down stainless steel
Screw Down >>>>> ScrewDown
Screw Down >>>>> Screwed Down
Screw Down >>>>> Screwed Down Solid
Screw Down >>>>> Screwed Down Stainless Steel
Screw Down >>>>> See Through Screw Down
Screw Down >>>>> Skeleton Screw Down Display Back, secured by 8 screws
Screw Down >>>>> Solid Logo Engraved Screw Down
Screw Down >>>>> Solid Screw Down
Screw Down >>>>> Solid Screw-down
Screw Down >>>>> Solid, Screw Down
Screw Down >>>>> Solid, screw-down
Screw Down >>>>> Stainless Steel Engraved Screw Down
Screw Down >>>>> Stainless Steel Screw Down
Screw Down >>>>> Stainless Steel engraved screw-down caseback
Screw Down >>>>> Stainless Steel screw-down
Screw Down >>>>> Stainless Steel with 'OFFICINE PANERAI' engraving, Screw Down
Screw Down >>>>> Stainless Steel, Screw Down
Screw Down >>>>> Stainless steel screw down exhibition
Screw Down >>>>> Stainless steel screw-down
Screw Down >>>>> Stainless steel, screw-down
Screw Down >>>>> Steel screw-down
Screw Down >>>>> Transparent Sapphire Crystal Screw Down
Screw Down >>>>> Transparent Screw Down
Screw Down >>>>> Transparent Screw-down
Screw Down >>>>> Transparent, Screw Down display back
Screw Down >>>>> Transparent, screw down
Screw Down >>>>> Transparent, screw-down
Screw Down >>>>> screw Down Stainless Steel
Screw Down >>>>> stainless Steel Screw Down
Screws >>>>> 18K Rose Gold, Solid, secured via 8 gold screws
Screws >>>>> 18k Rose Gold embossed with Mille Miglia route, secured by 8 steel screws
Screws >>>>> Black PVD sandblasted screwed case-back
Screws >>>>> Black Titanium Screw In back with guilloche pattern
Screws >>>>> Black Titanium Screw-in back with guilloche pattern
Screws >>>>> Case back with screws
Screws >>>>> Circular Steel fine-brushed Screw
Screws >>>>> Circular Steel fine-brushed Screw In with special checked decoration
Screws >>>>> Circular Steel fine-brushed Screwed In with special checked decoration
Screws >>>>> Closed with 6 screws
Screws >>>>> Grainy-textured stellar-patterned back with Moon SilverRJ medallion. RJ safety screw on the case back, exclusively accessible to watchmakers
Screws >>>>> Grainy-textured stellar-patterned back with Moon medallion in MOON SilverRJ. RJ safety screw on the case back, exclusively accessible to watchmakers
Screws >>>>> Grainy-textured stellar-patterned back with Moon medallion in Moon SilverRJ. RJ safety screw on the case back exclusively accessible to watchmakers
Screws >>>>> Grainy-textured stellar-patterned back with Moon medallion in Moon SilverRJ. RJ safety screw on the case back, exclusively accessible to watchmakers
Screws >>>>> Grainy-textured stellar-patterned back with PAC-MAN medallion. RJ safety screw on the case back, exclusively accessible to watchmakers
Screws >>>>> Grainy-textured stellar-patterned with Pokemon medallion in circular-brushed steel. RJ safety screw on the case back, exclusively accessible to watchmakers
Screws >>>>> Grainy-textured stellar-patterned with Super Mario Bros. medallion. RJ safety screw on the case-back, exclusively accessible to watchmakers
Screws >>>>> Grainy-textured stellar-patterned with Tetris medallion. RJ safety screw on the case back, exclusively accessible to watchmakers
Screws >>>>> Non screw-locked, two gaskets, integrated pushpiece
Screws >>>>> Open case back with sapphire crystal fixed with screws
Screws >>>>> Open case-back with sapphire crystal fixed with screws
Screws >>>>> Polished screw-in
Screws >>>>> Sapphire crystal, secured by 4 screws
Screws >>>>> Sapphire crystal, secured by 6 screws
Screws >>>>> Sapphire glass, secured with 6 screws, all inscriptions hand engraved
Screws >>>>> Scratch-resistant sapphire secured with 6 screws
Screws >>>>> Screw
Screws >>>>> Screw Back
Screws >>>>> Screw Dwn Stainless Steel
Screws >>>>> Screw In
Screws >>>>> Screw In Black Ceramic
Screws >>>>> Screw In Closed
Screws >>>>> Screw In Exhibition
Screws >>>>> Screw In Sapphire Crystal See Through
Screws >>>>> Screw In Skeleton
Screws >>>>> Screw In Solid
Screws >>>>> Screw In Solid with Cartier Roadster engraving and Serial Number
Screws >>>>> Screw In Stainless Steel
Screws >>>>> Screw In Stainless Steel with Prancing horse Logo and Geometric Guilloche Decoration
Screws >>>>> Screw In solid
Screws >>>>> Screw In, with sound signal resonance chamber
Screws >>>>> Screw Locked
Screws >>>>> Screw On
Screws >>>>> Screw back
Screws >>>>> Screw back cover in vulcanized rubber engraved with Admiral's Cup trophy medaillon in stainless steel
Screws >>>>> Screw fastened
Screws >>>>> Screw in
Screws >>>>> Screw, Brushed Steel
Screws >>>>> Screw, Steel
Screws >>>>> Screw, Titanium
Screws >>>>> Screw, Titanium with hard black coating
Screws >>>>> Screw, steel
Screws >>>>> Screw, titanium with black coating
Screws >>>>> Screw-In
Screws >>>>> Screw-In Closed
Screws >>>>> Screw-In Sapphire Crystal Skeletal
Screws >>>>> Screw-back
Screws >>>>> Screw-fastened
Screws >>>>> Screw-in
Screws >>>>> Screw-in Skeleton
Screws >>>>> Screw-in Stainless Steel
Screws >>>>> Screw-in with Blue engraving
Screws >>>>> Screw-in, with two sapphire crystal windows
Screws >>>>> Screwed
Screws >>>>> Screwed In
Screws >>>>> Screwed In Case back with Sound Signal Resonance Chamber
Screws >>>>> Screwed In Solid
Screws >>>>> Screwed In Stainless Steel
Screws >>>>> Screwed In with Sound Resonance Chamber
Screws >>>>> Screwed In, sound signal resonance chamber
Screws >>>>> Screwed case back
Screws >>>>> Screwed case back with wide sapphire crystal
Screws >>>>> Screwed caseback with wide sapphire crystal
Screws >>>>> Screwed cased back
Screws >>>>> Screwed in
Screws >>>>> Screwed in (Limited Edition: sapphire)
Screws >>>>> Screwed in (sapphire crystal)
Screws >>>>> Screwed in open back cover in 5N 18K red gold with glare proof sapphire crystal
Screws >>>>> Screwed in, with sound signal resonance chamber
Screws >>>>> Screw‑in crown
Screws >>>>> Secured by 4 screws
Screws >>>>> Secured by 6 screws
Screws >>>>> See Through Sealed with 6 External Screws
Screws >>>>> See-through fastened with 6 screws
Screws >>>>> Skeleton Screw-in
Screws >>>>> Solid 18kt Rose Gold secured by 8 screws
Screws >>>>> Solid Screw In
Screws >>>>> Solid Screwed In
Screws >>>>> Solid Stainless Steel Plate secured w/ screws
Screws >>>>> Solid Titanium Screw
Screws >>>>> Solid, 18k Yellow Gold secured by 8 screws
Screws >>>>> Solid, Black PVD secured via 8 screws
Screws >>>>> Solid, Black Steel PVD secured via 8 screws
Screws >>>>> Solid, Stainless Steel secured by 8 screws
Screws >>>>> Stainless Steel Screw In
Screws >>>>> Stainless Steel Screw-in
Screws >>>>> Stainless steel case back with screws
Screws >>>>> Stainless steel screw in
Screws >>>>> Stainless steel screw with hydraulic pressed marking
Screws >>>>> Stainless steel secured with screws
Screws >>>>> Stainless steel, Screw, See Through mineral glass
Screws >>>>> Stainless steel, Screwed, see-through mineral glass
Screws >>>>> Stainless steel, black DLC plated, screwed, special engravings
Screws >>>>> Stainless steel, fixed with screws, See Through mineral glass
Screws >>>>> Stainless steel, fixed with screws, see-through mineral glass
Screws >>>>> Stainless steel, grey PVD plated, screwed, special engravings
Screws >>>>> Stainless steel, screw-in with two sapphire crystal windows
Screws >>>>> Stainless steel, screwed
Screws >>>>> Stainless steel, screwed, see-through mineral glass
Screws >>>>> Stainless steel, screwed, special engravings
Screws >>>>> Stainless steel, screwed, special engravings and printings
Screws >>>>> Stainless steel, special engravings, screwed
Screws >>>>> Stainless steel, with two sapphire crystal window, screw-in
Screws >>>>> Steel Screw In back with Prancing Horse engraving and geometric pattern
Screws >>>>> Titanium, Screw, See Through mineral glass
Screws >>>>> Titanium, screwed, special engravings
Screws >>>>> Transparent Screw In
Screws >>>>> Transparent case back secured by six screws
Screws >>>>> With screws
Screws >>>>> closed, secured by 4 screws
Screws >>>>> screw, steel with PVD coating
Screws >>>>> screwed
Screws >>>>> screwed case back
Screws >>>>> secured by 4 screws. Available space for a special engraving.
Screws >>>>> secured by 6 screws
Screws >>>>> secured by 6 screws, engraved with Laureato Absolute logo
Skeleton >>>>> Half Skeleton
Skeleton >>>>> Half Stainless Steel / Skeleton
Skeleton >>>>> Mineral Crystal Skeleton
Skeleton >>>>> Orange Skeleton
Skeleton >>>>> Partial Skeleton
Skeleton >>>>> Pressure Fitted Skeleton
Skeleton >>>>> Sapphire Crystal Skeleton
Skeleton >>>>> See Through skeleton
Skeleton >>>>> See-through skeleton
Skeleton >>>>> Skeleton
Skeleton >>>>> Skeleton - Moon Phase
Skeleton >>>>> Skeleton Brooklyn Bridge etching
Skeleton >>>>> Skeleton Brooklyn bridge etching
Skeleton >>>>> Skeleton Exhibition
Skeleton >>>>> Skeleton Mineral Glass
Skeleton >>>>> Skeleton Plastic
Skeleton >>>>> Skeleton Saphire
Skeleton >>>>> Skeleton Sapphire
Skeleton >>>>> Skeleton Sapphire Crystal
Skeleton >>>>> Skeleton See Through
Skeleton >>>>> Skeleton See-through
Skeleton >>>>> Skeleton T
Skeleton >>>>> Skeleton Transparent
Skeleton >>>>> Skeleton Transparent Exhibition
Skeleton >>>>> Skeleton Transparent Exhibition See Through
Skeleton >>>>> Skeleton Window
Skeleton >>>>> Skeleton exhibition
Skeleton >>>>> Skeleton, Crystal Exhibition
Skeleton >>>>> Skeleton, See-through
Skeleton >>>>> Skeleton, exhibition case back, reveals the rotor.
Skeleton >>>>> Solid caseback with skeleton cut-outs
Skeleton >>>>> Solid with Skeleton Window
Skeleton >>>>> Solid with Skeleton display
Skeleton >>>>> Solid with a Skeleton Window
Skeleton >>>>> Solid with skeleton cut-outs
Skeleton >>>>> Stainless Steel Skeleton
Skeleton >>>>> Stainless Steel with Vertical Patterning and Skeleton Display at 12 o'clock
Skeleton >>>>> Transparent skeleton
Skeleton >>>>> skeleton
Skeleton >>>>> turbine styled Skeleton
Snap >>>>> Exhibition Snap Down
Snap >>>>> Snap Back Closed
Snap >>>>> Snap Back Solid
Snap >>>>> Snap Down
Snap >>>>> Snap Down Skeleton
Snap >>>>> Snap Down Stainless Steel
Snap >>>>> Snap Down stainless steel
Snap >>>>> Snap On Stainless Steel
Snap >>>>> Snap Solid
Snap >>>>> Snap-Down
Snap >>>>> Snap-down
Snap >>>>> Snap-down Stainless Steel
Snap >>>>> Snap-down Sterling Silver
Snap >>>>> Snap-in
Snap >>>>> Snapped
Snap >>>>> Snapped, Engraved Bee Motif
Snap >>>>> Solid Snap Down
Snap >>>>> Stainless Steel Snap back closed
Snap >>>>> Stainless Steel, Snap Down
Snap >>>>> Transparent Snap Down
Snap >>>>> Transparent, snap-down
