NO >>>>> 14kt Yellow Gold
NO >>>>> 18K BEIGE GOLD crown and onyx cabochon
NO >>>>> 18K Gold Octagon Crown Set With A Diamond
NO >>>>> 18K Rose Gold
NO >>>>> 18K Rose Gold  Set With Blue Sapphire
NO >>>>> 18K Rose Gold Crown  with a Cabochon Sapphire
NO >>>>> 18K Rose Gold Fluted Crown Set With Diamond
NO >>>>> 18K Rose Gold Octagon Set with Sapphire
NO >>>>> 18K Rose Gold set with a Blue Synthetic Cabochon
NO >>>>> 18K WHite Gold
NO >>>>> 18K White Gold
NO >>>>> 18K White Gold  Set With Blue Sapphire
NO >>>>> 18K White Gold Crown  with a Cabochon Sapphire
NO >>>>> 18K White Gold Fluted and  Set With Blue Sapphire
NO >>>>> 18K White Gold Fluted and  Set With Diamond
NO >>>>> 18K White Gold Octagon Set with Sapphire
NO >>>>> 18K White Gold set with 1 brilliant-cut diamond
NO >>>>> 18K White Gold with 37 snow-set diamonds and 1 ogive-cut pink sapphire
NO >>>>> 18K White Gold with Onyx Cabochon
NO >>>>> 18K White Gold, Set with 1 diamond
NO >>>>> 18K Yellow Gold
NO >>>>> 18K Yellow Gold Fluted Crown Set With Sapphire
NO >>>>> 18K Yellow Gold Octagon Set with Sapphire
NO >>>>> 18K Yellow Gold with Onyx Cabochon
NO >>>>> 18K beige gold crown and onyx cabochon
NO >>>>> 18K red gold
NO >>>>> 18K rose (pink) gold
NO >>>>> 18K rose gold
NO >>>>> 18K white gold
NO >>>>> 18K white gold beaded crown
NO >>>>> 18K white gold circular-grained crown
NO >>>>> 18K white gold crown and onyx cabochon
NO >>>>> 18K yellow gold set with a faceted sapphire
NO >>>>> 18KT Rose Gold set with Synthetic Blue Cabochon
NO >>>>> 18k Rose Gold
NO >>>>> 18k Rose Gold crown set with a pink sapphire cabochon
NO >>>>> 18k Rose Gold crown set with a sapphire cabochon
NO >>>>> 18k Rose Gold, circular grained set with sapphire cabochon
NO >>>>> 18k White Gold Octagonal Set with Sapphire
NO >>>>> 18k Yellow Gold Octagonal Set with Faceted Spinel
NO >>>>> 18k Yellow Gold Octagonal Set with Sapphire
NO >>>>> 18k white gold
NO >>>>> 18kt Rose Gold
NO >>>>> 18kt White Gold
NO >>>>> 18kt Yellow Gold
NO >>>>> 18kt pink gold crown set with a synthetic blue cabochon
NO >>>>> 18kt pink gold crown set with a synthetic cabochon
NO >>>>> 18kt rose gold crown set with synthetic blue cabochon
NO >>>>> Anti-reflective coating on inner surface
NO >>>>> Bead-blasted black PVD-coated steel with black rubber insert
NO >>>>> Beaded Crown
NO >>>>> Beaded crown in palladium set with a blue sapphire cabochon
NO >>>>> Beaded crown set with a sapphire cabochon
NO >>>>> Beaded crown set with a synthetic cabochon-shaped spinel
NO >>>>> Beaded crown set with one brilliant-cut diamond
NO >>>>> Black PVD
NO >>>>> Black PVD Stainless steel with black rubber insert
NO >>>>> Black PVD steel
NO >>>>> Blue sapphire ogive crown (~0.2 carat)
NO >>>>> Brilliant cut diamond crown (~0.09 carat)
NO >>>>> Brilliant cut diamond crown (~0.15 carat)
NO >>>>> Brushed Stainless Steel
NO >>>>> Brushed Titanium
NO >>>>> Cabochon crown in 18K beige gold
NO >>>>> Cabochon crown in 18K beige gold.
NO >>>>> Circular 18k Rose Gold Set with Cabochon
NO >>>>> Circular 18k Yelow Gold Set with Cabochon
NO >>>>> Circular Fluted 18K  rose Gold Set with a Sapphire Cabochon
NO >>>>> Circular Grained 18K  rose Gold Set with a Sapphire Cabochon
NO >>>>> Circular Set with Cabochon
NO >>>>> Circular-grained crown in 18K Rose Gold
NO >>>>> Crown 18k rose (pink) gold
NO >>>>> Crown cabochon in white mother-of-pearl
NO >>>>> Crown in titanium with rubber cast
NO >>>>> Crown is decorated with a blue sapphire cabochon
NO >>>>> Crown is set with a sapphire cabochon.
NO >>>>> Crown set With a Synthetic Blue Cabochon
NO >>>>> Crown set with a Blue Sapphire
NO >>>>> Crown set with a Diamond
NO >>>>> Crown set with a blue cabochon sapphire
NO >>>>> Crown set with a blue sapphire
NO >>>>> Crown set with a blue sapphire crystal insert
NO >>>>> Crown set with a briolette diamond
NO >>>>> Crown set with a briolette diamond (approx. 0,15 ct)
NO >>>>> Crown set with a briolette diamond (approx. 0.15 ct)
NO >>>>> Crown set with a briolette diamond (approx. 0.26 ct)
NO >>>>> Crown set with a briolette diamond (approx. 0.26 ct).
NO >>>>> Crown set with a diamond
NO >>>>> Crown set with a purple sapphire crystal insert
NO >>>>> Crown set with a red sapphire crystal insert
NO >>>>> Crown set with a single Top Wesselton quality diamond weighing approximately 0.05 carats.
NO >>>>> Crown set with a synthetic blue spinel
NO >>>>> Crown set with a synthetic cabochon-shaped spinel
NO >>>>> Crown set with an inverted diamond (approx. 0,15 ct)
NO >>>>> Crown set with an inverted diamond (approx. 0.15 ct)
NO >>>>> Crown set with baguette and princess diamonds
NO >>>>> Crown set with baguette and princess-cut diamonds
NO >>>>> Crown set with ceramic
NO >>>>> Crown set with diamond
NO >>>>> Crown set with diamonds
NO >>>>> Crown set with one diamond
NO >>>>> Crown set with onyx cabochon
NO >>>>> Crown with Brushed Titanium Crown Protector
NO >>>>> Crown with double G-logo
NO >>>>> Crown with ribbed rubber ring for a secure grip
NO >>>>> Crown with rubber cast
NO >>>>> Faceted crown set with a synthetic cabochon-shaped spinel
NO >>>>> Flush-mounted set with Blue Synthetic Spinel Cabochan
NO >>>>> Fluted Crown Set With Synthetic Cabochon-Shaped Spinel
NO >>>>> Fluted Crown set With a Cabochon Sapphire
NO >>>>> Fluted Crown set With a Synthetic Blue Cabochon
NO >>>>> Fluted Gold Set with Blue Sapphire Cabochon
NO >>>>> Fluted Gold Set with Synthetic Cabochon-Shaped Spinel
NO >>>>> Fluted Gold Triplock with Rolex Logo
NO >>>>> Fluted Set with Synthetic Cabochon-Shaped Spinel
NO >>>>> Fluted Stainless Steel Set with Blue Sapphire Cabochon
NO >>>>> Fluted, double-security screwed, white lacquer cabochon
NO >>>>> Fluted, set with an onyx cabochon
NO >>>>> Fluted, set with dark blue sapphire
NO >>>>> Fluted, with a black lacquer cabochon
NO >>>>> Gold and Kevlar
NO >>>>> Octagon Crown Set with a Diamond
NO >>>>> Octagon Set with Blue Sapphire Cabochon
NO >>>>> Octagonal 18k Rose Gold Set with Sapphire Cabochon
NO >>>>> Octagonal 18k Yellow Gold Set with Sapphire Cabochon
NO >>>>> Octagonal Set With a Brilliant-cut Diamond
NO >>>>> Octagonal Set with Cabochon
NO >>>>> Octagonal Set with Faceted Black Rubber
NO >>>>> Octagonal Set with Faceted Spinel
NO >>>>> Octagonal Set with Faceted White Rubber
NO >>>>> Octagonal Set with Green Faceted Spinel
NO >>>>> Octagonal Set with Pink Faceted Spinel
NO >>>>> Octagonal Set with Sapphire Cabochon
NO >>>>> Octagonal Set with Spinel
NO >>>>> Octagonal Set with a Diamond
NO >>>>> Octagonal crown set with a synthetic blue spinel
NO >>>>> Ogive cut blue sapphire crown (~0.29 carat)
NO >>>>> Onyx cabochon crown
NO >>>>> Paved with 38 white diamonds (~ 0.11 ct) and a unique Montblanc Diamond (~ 0.06 ct)
NO >>>>> Pink gold
NO >>>>> Platinum
NO >>>>> Polished 18K Rose Gold set with Diamonds
NO >>>>> Polished and bead-blasted steel with black rubber insert
NO >>>>> Polished stainless steel with Hublot logo and rubber insert
NO >>>>> Polished titanium crown with the Hublot logo
NO >>>>> Polished with red
NO >>>>> Polished with red "HyCeram" and set with a single diamond
NO >>>>> Protected
NO >>>>> Rose Gold
NO >>>>> Rose gold
NO >>>>> Rose gold crown
NO >>>>> Rose-gold crown is set with a sapphire cabochon
NO >>>>> Rubber & Rose gold fluted
NO >>>>> Scratch Resistant Sapphire Crystal
NO >>>>> Screwed crown
NO >>>>> Screw‑in crown
NO >>>>> Set With 14 Diamonds
NO >>>>> Set With Blue Sapphire
NO >>>>> Set with 1 Diamond
NO >>>>> Set with 14 diamonds (0.07 ct.)
NO >>>>> Set with Cabochon
NO >>>>> Set with Diamond
NO >>>>> Set with Faceted Sapphire
NO >>>>> Set with Single Diamond
NO >>>>> Set with Spinel Cabochon
NO >>>>> Set with a Diamond
NO >>>>> Set with a pink sapphire cabochon
NO >>>>> Seven-sided crown set with a faceted synthetic spinel
NO >>>>> Solid 18K Pink Gold
NO >>>>> Solid 18K White Gold
NO >>>>> Solid 18K Yellow Gold
NO >>>>> Solid 18kt (Sedna) Rose Gold
NO >>>>> Solid 18kt sedna (rose) gold crown
NO >>>>> Stainless Steel
NO >>>>> Stainless steel
NO >>>>> Stainless steel with a blue sapphire cabochon
NO >>>>> Steel cabochon crown
NO >>>>> Steel crown set with a synthetic cabochon-shaped spinel
NO >>>>> Steel crown with a blue synthetic Spinel cabochon
NO >>>>> Steel crown with black spinel cabochon
NO >>>>> Steel winding crown at 4 o'clock, engraved with the TUDOR rose  Steel winding crown at 2 o'clock for the alarm function, engraved with ADVISOR
NO >>>>> Textured Steel
NO >>>>> The crown is polished with red HyCeram and set with a single diamond.
NO >>>>> Titanium
NO >>>>> Water-resistant
NO >>>>> White Gold
NO >>>>> White Gold set with 7 Brilliant-Cut Diamonds
NO >>>>> White Gold with Onyx Cabochon
NO >>>>> Winding
NO >>>>> Winding Set with Blue Synthetic Faceted Spinel
NO >>>>> Winding in both directions
NO >>>>> With Montblanc emblem in mother-of-pearl
NO >>>>> With a cabochon
NO >>>>> Yellow Gold
NO >>>>> Yellow gold crown is set with a sapphire cabochon
NO >>>>> Zirconium ceramic crown
NO >>>>> beaded crown
NO >>>>> beaded steel crown set with a synthetic cabochon-shaped spinel
NO >>>>> circular-grained crown
NO >>>>> circular-grained crown in 18K Rose Gold
NO >>>>> circular-grained platinum crown
NO >>>>> crown set with a Diamond
NO >>>>> crown set with a Saphire
NO >>>>> crown set with a blue sapphire
NO >>>>> crown set with a synthetic blue spinel
NO >>>>> crown with diamond (approx. 0.1 ct, TW-vvs)
NO >>>>> crown with double G-logo
NO >>>>> diamond
NO >>>>> fluted 18K yellow gold crown set with a synthetic cabochon-shaped spinel
NO >>>>> fluted crown decorated with a synthetic cabochon-shaped spinel
NO >>>>> sc
NO >>>>> steel crown set with a pink sapphire cabochon
NO >>>>> steel fluted crown set with a synthetic cabochon-shaped spinel
NO >>>>> titanium circular-grained crown
Non-Screw >>>>> Non Screw Down
Non-Screw >>>>> Non Screw Down, Set with 1 brilliant-cut diamond
Non-Screw >>>>> Non Screw Down, Set with 1 round-faceted diamond
Non-Screw >>>>> Non screw down crow
Non-Screw >>>>> Non screw down crown
Non-Screw >>>>> Non screw down crown in 18K beige gold
Non-Screw >>>>> Non screw-locked, three gaskets
Non-Screw >>>>> Non screw-locked, two gaskets
Non-Screw >>>>> Non-screw crown, 1 O-ring
Non-Screw >>>>> Non-screw crown, 1 O-ring, 18 K red gold
Non-Screw >>>>> Non-screw crown, 1 O-ring, 18 K red gold with Montblanc emblem
Non-Screw >>>>> Non-screw crown, 1 O-ring, 18 K red gold with a Montblanc Diamond (patented Montblanc Diamond cut: ~ 0.1088 ct)
Non-Screw >>>>> Non-screw crown, 1 O-ring, 18 K red gold with mother-of-pearl Montblanc emblem
Non-Screw >>>>> Non-screw crown, 1 O-ring, 18 K white gold with a Montblanc Diamond
Non-Screw >>>>> Non-screw crown, 1 O-ring, 18K red gold
Non-Screw >>>>> Non-screw crown, 1 O-ring, Black DLC 18 K red gold
Non-Screw >>>>> Non-screw crown, 1 O-ring, black DLC - coated stainless steel
Non-Screw >>>>> Non-screw crown, 1 O-ring, black DLC- coated stainless steel
Non-Screw >>>>> Non-screw crown, 1 O-ring, black DLC-coated stainless steel
Non-Screw >>>>> Non-screw crown, 1 O-ring, black ceramic
Non-Screw >>>>> Non-screw crown, 1 O-ring, bronze
Non-Screw >>>>> Non-screw crown, 1 O-ring, microblasted black DLC-coated stainless steel
Non-Screw >>>>> Non-screw crown, 1 O-ring, microblasted stainless steel
Non-Screw >>>>> Non-screw crown, 1 O-ring, stainless stee
Non-Screw >>>>> Non-screw crown, 1 O-ring, stainless steel
Non-Screw >>>>> Non-screw crown, 1 O-ring, titanium
Non-Screw >>>>> Steel non screw down crown with a white ceramic cabochon
Pull/Push Crown >>>>> 18k Rose Gold Crown and Push-Buttons
Pull/Push Crown >>>>> Integrated chronograph pusher with Montblanc emblem in mother-of-pearl
Pull/Push Crown >>>>> Non screw-locked, two gaskets, integrated pushpiece
Pull/Push Crown >>>>> Pull
Pull/Push Crown >>>>> Pull & Push
Pull/Push Crown >>>>> Pull And Push
Pull/Push Crown >>>>> Pull Out
Pull/Push Crown >>>>> Pull and Push
Pull/Push Crown >>>>> Pull and Push Set With a .26 Carat Diamond
Pull/Push Crown >>>>> Pull and Push Set With a .26 Carat Ruby
Pull/Push Crown >>>>> Pull and Push Set With a Black Synthetic Spinel.
Pull/Push Crown >>>>> Pull and Push Set With a Blue Cabochon Synthetic Spinel.
Pull/Push Crown >>>>> Pull and Push Set With a Blue Synthetic Spinel.
Pull/Push Crown >>>>> Pull and Push Set With a Diamond
Pull/Push Crown >>>>> Pull and Push Set With a Sapphire Cabochon
Pull/Push Crown >>>>> Pull and Push Set With a Single Briolette cut Diamond
Pull/Push Crown >>>>> Pull and Push Set With a Steel Synthetic Spinel.
Pull/Push Crown >>>>> Pull out
Pull/Push Crown >>>>> Pull/Push
Pull/Push Crown >>>>> Pull/Push in
Pull/Push Crown >>>>> Pull/Push with Protective Bar
Pull/Push Crown >>>>> Push
Pull/Push Crown >>>>> Push & Pull
Pull/Push Crown >>>>> Push Button
Pull/Push Crown >>>>> Push Down
Pull/Push Crown >>>>> Push In
Pull/Push Crown >>>>> Push In Solid 18K Gold
Pull/Push Crown >>>>> Push in
Pull/Push Crown >>>>> Screw-down crown and push-buttons
Pull/Push Crown >>>>> Screw-down crown and push-buttons.
Pull/Push Crown >>>>> Screw-locked and pushpieces
Pull/Push Crown >>>>> Steel winding crown at 4 o'clock, engraved with the TUDOR rose  Steel winding crown at 2 o'clock for the alarm function, engraved with ADVISOR  Steel pusher at 8 o'clock to activate the alarm function
Pull/Push Crown >>>>> Titanium pushers and crown
Pull/Push Crown >>>>> polished steel crown with rubber grip edge and black ceramic chronograph pushers
Pull/Push Crown >>>>> push in
Screw Down >>>>> 18K White Gold Screw Down
Screw Down >>>>> 18K yellow gold screw down crown
Screw Down >>>>> 18KT Yellow Gold Screw Down Crown Cover
Screw Down >>>>> 18k Rose Gold Screw Down
Screw Down >>>>> 18k Rose Gold, Screw Down
Screw Down >>>>> 18k Yellow Gold Screw Down
Screw Down >>>>> Rose Gold, Screw Down
Screw Down >>>>> Screw Down
Screw Down >>>>> Screw Down Set with 14 Brilliant-Cut Diamonds
Screw Down >>>>> Screw Down, 18K Yellow Gold Plated
Screw Down >>>>> Screw down
Screw Down >>>>> Screw down crown
Screw Down >>>>> Screw down crowns
Screw Down >>>>> Screw down security crown
Screw Down >>>>> Screw-Down
Screw Down >>>>> Screw-down
Screw Down >>>>> Screw-down crown
Screw Down >>>>> Screw-down crown with rubber cast
Screw Down >>>>> Screw-down security crown
Screw Down >>>>> Screwed Down
Screw Down >>>>> screw-down
Screw In >>>>> Black PVD-coated steel and red gold screw-lock crown at 9 o'clock, inspired by the Titanic's portholes Steel screw-lock crown at 3 o'clock for the internal rotating bezel
Screw In >>>>> Black PVD-coated steel screw-lock crown at 9 o'clock, inspired by the Titanic's portholes Black PVD-coated steel screw-lock crown at 3 o'clock for the internal rotating bezel
Screw In >>>>> Black PVD-coated steel screw-lock crown with khaki rubber insert
Screw In >>>>> Fluted, double-security screwed, pink lacquer cabochon
Screw In >>>>> Fluted, screw-in with double safety device
Screw In >>>>> Not Screw In
Screw In >>>>> Polished screw-in
Screw In >>>>> Screw Down, Double Locking
Screw In >>>>> Screw In
Screw In >>>>> Screw down, double locking
Screw In >>>>> Screw in
Screw In >>>>> Screw in crown
Screw In >>>>> Screw-In crown
Screw In >>>>> Screw-down crown in steel, rubber coated
Screw In >>>>> Screw-down crown set with ceramic insert
Screw In >>>>> Screw-down, Twinlock double waterproofness system
Screw In >>>>> Screw-in
Screw In >>>>> Screw-in crown
Screw In >>>>> Screw-in crown 18K rose (pink) gold
Screw In >>>>> Screw-in crown adorned with an “M”
Screw In >>>>> Screw-lock in polished black PVD steel
Screw In >>>>> Screw-lock in steel with white rubber insert
Screw In >>>>> Screwed in
Screw In >>>>> Screwed-in
Screw In >>>>> Screwed-in crown
Screw In >>>>> Screwed-in crowns
Screw In >>>>> Stainless steel screw-in security crown
Screw In >>>>> Stainless steel screw-in security crown, grey PVD plated
Screw In >>>>> Steel screw-lock crown at 9 o'clock, inspired by the Titanic's portholes Steel screw-lock crown at 3 o'clock for the internal rotating bezel
Screw In >>>>> Yellow gold screw-down winding crown, with the TUDOR rose engraved and lacquered in black
Screw Lock >>>>> Bead-blasted titanium screw-lock crown
Screw Lock >>>>> Black PVD-coated and bead-blasted screw-lock crown with black rubber
Screw Lock >>>>> Black PVD-coated bead-blasted screw-lock crown with black rubber
Screw Lock >>>>> Black PVD-coated bead-blasted steel screw-lock crown
Screw Lock >>>>> Black PVD-coated satin-brushed steel screw-lock crown
Screw Lock >>>>> Black PVD-coated satin-finished steel screw-lock crown with black rubber
Screw Lock >>>>> Black PVD-coated screw- lock crown
Screw Lock >>>>> Black PVD-coated screw-lock crown
Screw Lock >>>>> Black PVD-coated steel screw-lock crown
Screw Lock >>>>> Black PVD-coated steel screw-lock crown with black rubber
Screw Lock >>>>> Black PVD-coated steel screw-lock crown with blue rubber
Screw Lock >>>>> Black PVD-coated steel screw-lock crown with green rubber
Screw Lock >>>>> Black PVD-coated steel screw-lock crown with khaki rubber
Screw Lock >>>>> Black PVD-coated steel screw-lock crown with orange rubber
Screw Lock >>>>> Black PVD-coated steel screw-lock crown with red rubber
Screw Lock >>>>> Black PVD-coated steel screw-lock crown with white rubber
Screw Lock >>>>> Black PVD-coated steel screw-lock crown with yellow rubber
Screw Lock >>>>> Black PVD-coated steel screw-lock crwon with black rubber
Screw Lock >>>>> Black PVD-coated titanium screw-lock crown, bead-blasted and polished, engraved RJ logo
Screw Lock >>>>> Black PVD-coated titanium, screw-lock crown bead-blasted, engraved RJ logo
Screw Lock >>>>> Black-PVD-coated steel screw-lock crown with black rubber
Screw Lock >>>>> Large Screw Lock
Screw Lock >>>>> Polished and bead-blasted red gold screw-lock crown with black rubber
Screw Lock >>>>> Polished steel screw-lock crown with back rubber
Screw Lock >>>>> Red gold screw-lock crown
Screw Lock >>>>> Red gold screw-lock crown with black rubber
Screw Lock >>>>> Screw Locked
Screw Lock >>>>> Screw-locked
Screw Lock >>>>> Screw-locked crown
Screw Lock >>>>> Screw-locked, two gaskets
Screw Lock >>>>> Steel screw-lock crown
Screw Lock >>>>> Steel screw-lock crown with black rubber
Screw Lock >>>>> Steel screw-lock crown with blue rubber
Screw Lock >>>>> Steel screw-lock crown with green rubber
Screw Lock >>>>> Steel screw-lock crown with orange rubber
Screw Lock >>>>> Steel screw-lock crown with red rubber
Screw Lock >>>>> Steel screw-lock crown with rubber
Screw Lock >>>>> Steel screw-lock crown with yellow rubber
Screw Lock >>>>> Steel screw-lock crwon with black rubber
Screw Lock >>>>> Titanium screw-lock crown with rubber
Screw Lock >>>>> steel screw-lock crown with black rubber
