Acrylic >>>>> 2.8 mm Thick Plexiglass
Acrylic >>>>> Acrylic
Acrylic >>>>> Acrylic Glass
Acrylic >>>>> Acrylic Safety
Acrylic >>>>> Acrylic glass
Acrylic >>>>> Anti-reflective Plexiglass
Acrylic >>>>> Arcylic
Acrylic >>>>> Blue Plexiglass
Acrylic >>>>> Coated Acrylic
Acrylic >>>>> Convex Hard Plexiglass
Acrylic >>>>> Convex Hard Plexiglass Crystal
Acrylic >>>>> Convex Hard Plexiglass With Sicralan Coating
Acrylic >>>>> Convex Hard Plexiglass with SICRALAN Coating
Acrylic >>>>> Convex Hard Plexiglass with SICRALAN coating
Acrylic >>>>> Convex Hard Plexiglass with a SICRALAN Coating
Acrylic >>>>> Convex Hard Plexiglass with a Sicralan Coating
Acrylic >>>>> Convex hard Plexiglass with SICRALAN coating
Acrylic >>>>> Convex hard plexiglass
Acrylic >>>>> Convex hard plexiglass with SICRALAN coating
Acrylic >>>>> Domed Acrylic
Acrylic >>>>> Domed Plexi Glass
Acrylic >>>>> Domed hardened Plastic
Acrylic >>>>> Hard Plexiglass with a Sicralan Coating
Acrylic >>>>> Hardened Plastic Glass
Acrylic >>>>> PLastic
Acrylic >>>>> PMMA Plastic
Acrylic >>>>> Pastic
Acrylic >>>>> Plactic
Acrylic >>>>> Plas
Acrylic >>>>> Plastic
Acrylic >>>>> Plastic Plexiglass
Acrylic >>>>> Plexi
Acrylic >>>>> Plexi with sicralan coating
Acrylic >>>>> Plexi-Glass
Acrylic >>>>> Plexi-glass with a Sicralan Coating
Acrylic >>>>> Plexiglaee
Acrylic >>>>> Plexiglas
Acrylic >>>>> Plexiglasds
Acrylic >>>>> Plexiglass
Acrylic >>>>> Plexiglass with SICRALAN Coating
Acrylic >>>>> Plexiglass with SICRALAN coating
Acrylic >>>>> Plexiglass with Sicralan Coating
Acrylic >>>>> Plexiglass with Sicralan coating
Acrylic >>>>> Plexiglass with a Sicralan Coating
Acrylic >>>>> Scratch Resistant Acrylic
Acrylic >>>>> Scratch Resistant Arcylic
Acrylic >>>>> Scratch Resistant Hard Plexiglass
Acrylic >>>>> Scratch Resistant Plexiglas
Acrylic >>>>> Scratch Resistant Plexiglass
Acrylic >>>>> Scratch Resistant plexiglas
Acrylic >>>>> Scratch resistant plastic
Acrylic >>>>> Shock-resistance acrylic glass
Acrylic >>>>> convex hard plexiglass with SICRALAN coating
Acrylic >>>>> raised acrylic crystal
Anti-reflective with magnifier >>>>> Anti-reflective with magnifier
Domed >>>>> Domed
Fixed >>>>> Fixed
Mineral >>>>> Aluminosilicate Glass
Mineral >>>>> Amber
Mineral >>>>> Amber Crystal
Mineral >>>>> Ant-Reflective Mineral
Mineral >>>>> Anti-Reflective Flame Fusion
Mineral >>>>> Anti-Reflective Flame Fusion Crystal
Mineral >>>>> Anti-Reflective K1
Mineral >>>>> Anti-Reflective Mineral
Mineral >>>>> Anti-Reflective Mineral Crystal
Mineral >>>>> Anti-Reflective Scratch Resistant K1
Mineral >>>>> Anti-reflective Flame Fusion
Mineral >>>>> Anti-reflective Mineral
Mineral >>>>> Anti-reflective mineral crystal
Mineral >>>>> Antiglare Mineral
Mineral >>>>> Blue Mineral Glass
Mineral >>>>> Box-shaped Hardlex
Mineral >>>>> Cambered Polycarbonate
Mineral >>>>> Crystal
Mineral >>>>> Crystals
Mineral >>>>> Curved Hardened Mineral
Mineral >>>>> Curved Hardlex
Mineral >>>>> Curved Hardlex Glass
Mineral >>>>> Curved Mineral
Mineral >>>>> Curved Mineral Crystal
Mineral >>>>> Curved Sapphire Coated Mineral
Mineral >>>>> Curved hardened Mineral
Mineral >>>>> Dome Mineral Glass With Sapphire Coating
Mineral >>>>> Dome Mineral with Sapphire Coating
Mineral >>>>> Domed Flame Fushion
Mineral >>>>> Domed Flame Fusion
Mineral >>>>> Domed Krysterna
Mineral >>>>> Domed Mineral
Mineral >>>>> Domed Mineral Crystal
Mineral >>>>> Domed Mineral Glass
Mineral >>>>> Doomed Flame Fusion
Mineral >>>>> Durable mineral
Mineral >>>>> Faceted Mineral
Mineral >>>>> Fixed bezel set with crystals
Mineral >>>>> Flame / Fusion
Mineral >>>>> Flame Fusion
Mineral >>>>> Flame Fusion Anti Reflective Coating
Mineral >>>>> Flame Fusion Crystal- Anti-Reflective X3 Layers
Mineral >>>>> Flame Fusion w/ Triple Layer of Anti Reflective
Mineral >>>>> Flame Fusion with Anti-Reflective Coating
Mineral >>>>> Flame Fusion with Proctectivd leaver
Mineral >>>>> Flame Fusion, Anti Reflective
Mineral >>>>> Flame fusion
Mineral >>>>> Flame fusion Dome shape
Mineral >>>>> Flame-Fusion
Mineral >>>>> Flame-fusion
Mineral >>>>> Flat Mineral
Mineral >>>>> Flat Mineral Crystal
Mineral >>>>> Glare Proof Mineral
Mineral >>>>> Glare Proof Mineral Glass
Mineral >>>>> Glass
Mineral >>>>> Glass Crystal Box
Mineral >>>>> Green Tinted Mineral Crystal
Mineral >>>>> Hardened Anti-reflective Mineral
Mineral >>>>> Hardened Domed Mineral Glass
Mineral >>>>> Hardened K1 Mineral
Mineral >>>>> Hardened K1 Mineral Glass
Mineral >>>>> Hardened K1 Mineral glass. One-layer anti-reflective coating
Mineral >>>>> Hardened K1 mineral glass, one-layer anti-reflective coating
Mineral >>>>> Hardened K1 mineral glass. One-layer anti-reflective coating
Mineral >>>>> Hardened K1 mineral glassbox. One layer anti-reflective coating
Mineral >>>>> Hardened Mineral
Mineral >>>>> Hardened Mineral Crystal
Mineral >>>>> Hardened Mineral with Sapphire Coating
Mineral >>>>> Hardened Minetal
Mineral >>>>> Hardened Polycarbonate
Mineral >>>>> Hardened mineral
Mineral >>>>> Hardex
Mineral >>>>> Hardles
Mineral >>>>> Hardlex
Mineral >>>>> Hardlex (used for Seiko only)
Mineral >>>>> Hardlex Crystal
Mineral >>>>> Hardlex Curved
Mineral >>>>> Hardlex Mineral
Mineral >>>>> Hardlex Mineral Crystal
Mineral >>>>> Hardlex with lenses
Mineral >>>>> Hesalit
Mineral >>>>> Hesalit Crystal
Mineral >>>>> Hesalite
Mineral >>>>> Hesalite Crystal
Mineral >>>>> Inorganic glass
Mineral >>>>> Iridescent Crystal
Mineral >>>>> Iridescent Mineral
Mineral >>>>> Iridescent crystal
Mineral >>>>> K-1
Mineral >>>>> K-1 Mineral
Mineral >>>>> K1
Mineral >>>>> K1 Anti- Reflective
Mineral >>>>> K1 Anti- Reflective Scratch Resistant
Mineral >>>>> K1 Anti-Reflective
Mineral >>>>> K1 Anti-Reflective Scratch Resistant
Mineral >>>>> K1 Anti-reflective, Scratch Resistant
Mineral >>>>> K1 Crystal
Mineral >>>>> K1 Crystals
Mineral >>>>> K1 Hardened Mineral
Mineral >>>>> K1 Hardened Mineral Crystal
Mineral >>>>> K1 Mineral
Mineral >>>>> K1 Mineral Crystal
Mineral >>>>> K1 Sapphire
Mineral >>>>> K1 Scratch Resistant Mineral
Mineral >>>>> K1 hardened mineral
Mineral >>>>> Krysterna
Mineral >>>>> Krysterna Crystal
Mineral >>>>> LCD Glass
Mineral >>>>> MIneral
Mineral >>>>> Metalized Domed Mineral Crysta
Mineral >>>>> Mienral
Mineral >>>>> Mimeral
Mineral >>>>> Min eral
Mineral >>>>> Mineeral
Mineral >>>>> Mineral
Mineral >>>>> Mineral Crystal
Mineral >>>>> Mineral Crystal with Hardened Coating
Mineral >>>>> Mineral Crystal with Sapphire Coating
Mineral >>>>> Mineral Crystal with Sapphire Layer
Mineral >>>>> Mineral Crystal with Sapphire coating
Mineral >>>>> Mineral Crystal with Sapphire layer
Mineral >>>>> Mineral Glass
Mineral >>>>> Mineral Glass / Spherical Glass
Mineral >>>>> Mineral Glass Flat Sapphire
Mineral >>>>> Mineral Glass Flat Sapphire Coated
Mineral >>>>> Mineral Glass Sapphire Coated
Mineral >>>>> Mineral Glass with Blue anti-reflex Coating
Mineral >>>>> Mineral Glass with Sapphire Coated
Mineral >>>>> Mineral Glass with Sapphire Coating
Mineral >>>>> Mineral Glass with Sapphire Treatment
Mineral >>>>> Mineral Glass with Sapphire coating
Mineral >>>>> Mineral Glass with blue anti-reflex coating
Mineral >>>>> Mineral Glass with sapphire coating
Mineral >>>>> Mineral Hardened Coating
Mineral >>>>> Mineral Lens
Mineral >>>>> Mineral Sapphire Coated
Mineral >>>>> Mineral Sapphire Coated Glass
Mineral >>>>> Mineral Sapphire-Coated
Mineral >>>>> Mineral Steel
Mineral >>>>> Mineral crystal with Sapphire coating
Mineral >>>>> Mineral crystal with hardened coating
Mineral >>>>> Mineral crystal with sapphire coating
Mineral >>>>> Mineral crystal, Hesalite crystal
Mineral >>>>> Mineral glass
Mineral >>>>> Mineral glass with sapphire coating
Mineral >>>>> Mineral w/ Sapphire Coating
Mineral >>>>> Mineral with Blue anti-reflex Coating
Mineral >>>>> Mineral with Hardened Coating
Mineral >>>>> Mineral with Hardening coating
Mineral >>>>> Mineral with Sapphire Coating
Mineral >>>>> Mineral with Sapphire Layer
Mineral >>>>> Mineral with Sapphire coating
Mineral >>>>> Mineral with Sapphire coating.
Mineral >>>>> Mineral with Sapphire layer
Mineral >>>>> Mineral with a Blue anti-reflex Coating
Mineral >>>>> Mineral with a Hardened Coating
Mineral >>>>> Mineral with a Sapphire Coating
Mineral >>>>> Mineral with anti-reflective coating
Mineral >>>>> Mineral with hardening coating
Mineral >>>>> Mineral with sapphire coating
Mineral >>>>> Mineral with sapphire coating.
Mineral >>>>> Mineral withSapphire coating
Mineral >>>>> Multi-Colored Mineral
Mineral >>>>> Nineral
Mineral >>>>> Non-Glare Mineral
Mineral >>>>> Non-Glare Scratch Resistant Mineral
Mineral >>>>> Non-Glare Scratch-Resistant Mineral
Mineral >>>>> Non-Reflective Mineral
Mineral >>>>> Orange tinted Hardened Mineral
Mineral >>>>> Pexiglass
Mineral >>>>> Plexy Glass
Mineral >>>>> Polyamide
Mineral >>>>> Polymide
Mineral >>>>> Quartz
Mineral >>>>> Red Crystal Lens
Mineral >>>>> Red Mineral
Mineral >>>>> Reflective Mineral
Mineral >>>>> Reinforced Mineral
Mineral >>>>> Reinforced Mineral Crystal
Mineral >>>>> Reinforced Mineral K1
Mineral >>>>> Reinforced Mineral K1 with Sapphire Coating
Mineral >>>>> Reinforced Mineral K1, with Sapphire Coating
Mineral >>>>> Resin Glass
Mineral >>>>> Rounded Mineral Crystal
Mineral >>>>> Sandblasted glass with roman number
Mineral >>>>> Sapphire Coated
Mineral >>>>> Sapphire Coated Crystal
Mineral >>>>> Sapphire Coated Flat Mineral
Mineral >>>>> Sapphire Coated Flat Mineral Glass
Mineral >>>>> Sapphire Coated Glass
Mineral >>>>> Sapphire Coated Mineral
Mineral >>>>> Sapphire Coated Mineral Glass
Mineral >>>>> Sapphire coated Mineral
Mineral >>>>> Sapphire coated mineral
Mineral >>>>> Sapphire coated mineral Glass
Mineral >>>>> Sapphire-Coated
Mineral >>>>> Sapphire-Coated Mineral
Mineral >>>>> Sapphire-Coated Mineral Crystal
Mineral >>>>> Sapphire-Coated Minetal
Mineral >>>>> Sapphire-Layered Mineral
Mineral >>>>> Sapphire-coated Mineral
Mineral >>>>> Sapphire-coated curved
Mineral >>>>> Sapphire-coated curved mineral
Mineral >>>>> Sapphire-coated mineral
Mineral >>>>> Scratch Resistant (Edge-to-Edge) Mineral
Mineral >>>>> Scratch Resistant (Multi-hued Iridescent) Mineral
Mineral >>>>> Scratch Resistant Amber Mineral
Mineral >>>>> Scratch Resistant Amber-tinted Mineral
Mineral >>>>> Scratch Resistant Anti-Reflective K1
Mineral >>>>> Scratch Resistant Blue Mineral
Mineral >>>>> Scratch Resistant Blue Tinged Mineral
Mineral >>>>> Scratch Resistant Blue-Tinted Mineral
Mineral >>>>> Scratch Resistant Convex Mineral
Mineral >>>>> Scratch Resistant Domed Mineral
Mineral >>>>> Scratch Resistant Flame Fusion
Mineral >>>>> Scratch Resistant Flmae fusion
Mineral >>>>> Scratch Resistant Green Mineral
Mineral >>>>> Scratch Resistant Hardened K1
Mineral >>>>> Scratch Resistant Hardened Mineral
Mineral >>>>> Scratch Resistant Hardlex
Mineral >>>>> Scratch Resistant Hardlex Mineral
Mineral >>>>> Scratch Resistant Hesalite
Mineral >>>>> Scratch Resistant Hesalite Crystal
Mineral >>>>> Scratch Resistant Iridescent Mineral
Mineral >>>>> Scratch Resistant Irridescent Mineral
Mineral >>>>> Scratch Resistant K!
Mineral >>>>> Scratch Resistant K1
Mineral >>>>> Scratch Resistant K1 Hardlex
Mineral >>>>> Scratch Resistant K1 Mineral
Mineral >>>>> Scratch Resistant K1 Mineral Crystal
Mineral >>>>> Scratch Resistant K1 mineral
Mineral >>>>> Scratch Resistant K1Mineral
Mineral >>>>> Scratch Resistant Krysterna
Mineral >>>>> Scratch Resistant Light Gold Mineral
Mineral >>>>> Scratch Resistant Magnifier Mineral
Mineral >>>>> Scratch Resistant Mineral
Mineral >>>>> Scratch Resistant Mineral K1
Mineral >>>>> Scratch Resistant Mineral with orange tint
Mineral >>>>> Scratch Resistant Mineral, Green-Tinted
Mineral >>>>> Scratch Resistant Reinforced Mineral
Mineral >>>>> Scratch Resistant Sapphire Coated
Mineral >>>>> Scratch Resistant Sapphire Coated Mineral
Mineral >>>>> Scratch Resistant Sapphire coated Mineral
Mineral >>>>> Scratch Resistant Sapphire- Coated Minetal
Mineral >>>>> Scratch Resistant Sapphire-Coated
Mineral >>>>> Scratch Resistant Sapphire-Coated Crystal
Mineral >>>>> Scratch Resistant Sapphire-Coated Mineral
Mineral >>>>> Scratch Resistant Sapphire-Coated Minertal
Mineral >>>>> Scratch Resistant Sapphire-Coated Minetal
Mineral >>>>> Scratch Resistant Sapphire-coated Mineral
Mineral >>>>> Scratch Resistant Tinted Mineral
Mineral >>>>> Scratch resistant Flame Fusion
Mineral >>>>> Scratch resistant Hardlex
Mineral >>>>> Scratch resistant K1 mineral
Mineral >>>>> Scratch resistant flame fusion
Mineral >>>>> Scratch resistant mineral
Mineral >>>>> Scratch resistant mineral with anti-reflective coa
Mineral >>>>> Scratch-resistant Beveled Mineral Crystal
Mineral >>>>> Shatter Resistant Krysterna
Mineral >>>>> Shatter resistant Krysterna
Mineral >>>>> Shatter-resistant Krysterna
Mineral >>>>> ShatterResistant Krysterna
Mineral >>>>> Shock Resistant Mineral
Mineral >>>>> Solidified Crystal Mineral
Mineral >>>>> Specially Hardened Domed Mineral
Mineral >>>>> Specially hardened anti-reflective mineral glass
Mineral >>>>> Specially hardened domed mineral glass
Mineral >>>>> Specially hardened domed mineral glass.
Mineral >>>>> Specially hardened mineral glass
Mineral >>>>> Specially hardened mineral glass with anti-reflective coating
Mineral >>>>> Specially hardened mineral glass with antireflective coating
Mineral >>>>> Spectrum Glass
Mineral >>>>> Spherical Crystal
Mineral >>>>> Spherical Glass
Mineral >>>>> Super Harden Mineral
Mineral >>>>> Syntheti cMineral
Mineral >>>>> Synthetic Mineral
Mineral >>>>> Synthetic mineral
Mineral >>>>> TapScreen Technology Mineral
Mineral >>>>> Tinted Flame Fusion
Mineral >>>>> Tinted Mineral
Mineral >>>>> Tinted Mineral Crystal
Mineral >>>>> Tinted Minerall
Mineral >>>>> Triple Anti-reflective Flame Fusion
Mineral >>>>> Triple Layer of Anti Reflective Flame Fusion
Mineral >>>>> Triple Layered Anti-reflective Coated Flame Fusion
Mineral >>>>> Triple layered Anti-Reflective Coated Flame Fusion
Mineral >>>>> flame fusion
Mineral >>>>> mineral
Mineral >>>>> ouble Curved Mineral
Perspex >>>>> Perspex
Reinforced >>>>> Reinforced
Resistant >>>>> Resistant
Round >>>>> Round
Sapphire >>>>>  Domed scratch‑resistant sapphire crystal with anti‑reflective treatment on both sides
Sapphire >>>>> Anit-Reflective Sapphire
Sapphire >>>>> Anit-glare Sapphire
Sapphire >>>>> Anit-reflective Sapphire
Sapphire >>>>> Anri-Reflective Sapphire
Sapphire >>>>> Ant-reflective Scratch Resistant Sapphire
Sapphire >>>>> Anti Reflective Sapphire
Sapphire >>>>> Anti Reflective Scratch Resistant Sapphire
Sapphire >>>>> Anti reflective Sapphire
Sapphire >>>>> Anti reflective sapphire
Sapphire >>>>> Anti- reflective Sapphire
Sapphire >>>>> Anti-Refective Sapphire
Sapphire >>>>> Anti-Reflection Sapphire
Sapphire >>>>> Anti-Reflective Saphire
Sapphire >>>>> Anti-Reflective Sapphire
Sapphire >>>>> Anti-Reflective Sapphitek
Sapphire >>>>> Anti-Reflective Scratch Resistant Sapphire
Sapphire >>>>> Anti-Reflective sapphire
Sapphire >>>>> Anti-Reflective, Scratch Resistant Sapphire
Sapphire >>>>> Anti-Refllective, Scratch Resistant Sapphire
Sapphire >>>>> Anti-Relective Sapphire
Sapphire >>>>> Anti-eflective Scratch Resistant Sapphire
Sapphire >>>>> Anti-glare Sapphire
Sapphire >>>>> Anti-glare Scratch Resistant Sapphire
Sapphire >>>>> Anti-reflctive Scratch Resistant Sapphire
Sapphire >>>>> Anti-reflectice Scratch Resistant Sapphire
Sapphire >>>>> Anti-reflection Sapphire
Sapphire >>>>> Anti-reflective Sapphire
Sapphire >>>>> Anti-reflective Scratch Resistant Sapphire
Sapphire >>>>> Anti-reflective sapphire
Sapphire >>>>> Anti-reflective sapphire crystal
Sapphire >>>>> Anti-reflectiveScratch Resistant Sapphire
Sapphire >>>>> Anti-relfective Sapphire
Sapphire >>>>> Anti-rflective Sapphire
Sapphire >>>>> AntiReflective Sapphire
Sapphire >>>>> AntiRelective Sapphire
Sapphire >>>>> Antireflective Sapphire
Sapphire >>>>> Antireflective-sapphire
Sapphire >>>>> Antireflex Sapphire
Sapphire >>>>> Box shaped sapphire
Sapphire >>>>> Box shaped sapphire crystal
Sapphire >>>>> Cambered Glareproof Sapphire
Sapphire >>>>> Cambered Glareproofed Sapphire
Sapphire >>>>> Cambered Glareproofed Sappphire
Sapphire >>>>> Cambered Saphire, Glareproof
Sapphire >>>>> Cambered Sapphire
Sapphire >>>>> Cambered Sapphire, Glareproof
Sapphire >>>>> Cambered Sapphire, Glareproofed both sides
Sapphire >>>>> Cambered sapphire, glareproofed both sides
Sapphire >>>>> Cambired Sapphire
Sapphire >>>>> Chambered Sapphire
Sapphire >>>>> Chambered Sapphire Crystal
Sapphire >>>>> Convew Sapphire
Sapphire >>>>> Convex Resistant Sapphire
Sapphire >>>>> Convex Resistant Sapphire Crystal
Sapphire >>>>> Convex Sapphire
Sapphire >>>>> Convex Sapphire Crystal
Sapphire >>>>> Curved sapphire
Sapphire >>>>> Domed Anti-reflective Sapphire
Sapphire >>>>> Domed Anti-reflective Scratch Resistant Sapphire
Sapphire >>>>> Domed Anti-reflective, Scratch Resistant Sapphire
Sapphire >>>>> Domed Sapphire
Sapphire >>>>> Domed Sapphire Crystal
Sapphire >>>>> Domed Scratch Resistant Antireflective Sapphire
Sapphire >>>>> Domed Scratch Resistant Sapphire
Sapphire >>>>> Domed Scratch Resistant Sapphire with anti-reflec
Sapphire >>>>> Domed scratch-resistant sapphire
Sapphire >>>>> Domed scratch-resistant sapphire crystal with anti
Sapphire >>>>> Domed, Anti-reflective, Scratch Resistant Sapphire
Sapphire >>>>> Double Antireflective Sapphire
Sapphire >>>>> Double Face Anti-Reflective Sapphire
Sapphire >>>>> Double Face Anti-reflective Sapphire
Sapphire >>>>> Double Face Anti-reflective sapphire
Sapphire >>>>> Double antireflective Sapphire
Sapphire >>>>> Double antireflective sapphire crystal
Sapphire >>>>> Double face Anti-reflective Sapphire
Sapphire >>>>> Double face anti-reflective sapphire
Sapphire >>>>> Dual-curved sapphire
Sapphire >>>>> Dual-curved sapphire crystal
Sapphire >>>>> Flat Sapphire
Sapphire >>>>> Flat Scratch-Resistant Sapphire Crystal
Sapphire >>>>> Flat Scratch-Resistant Sapphire Srystal
Sapphire >>>>> Glareproof Sapphire
Sapphire >>>>> Glareproof sapphire
Sapphire >>>>> Glareproofed Sapphire
Sapphire >>>>> Green Sapphire Crystal
Sapphire >>>>> Non-Reflective Sapphire
Sapphire >>>>> SAPPHITEK Crystal
Sapphire >>>>> Saphhire
Sapphire >>>>> Saphire
Sapphire >>>>> Saphire Crystal
Sapphire >>>>> Sapphie
Sapphire >>>>> Sapphire
Sapphire >>>>> Sapphire - Anti Reflective
Sapphire >>>>> Sapphire - Anti-reflective
Sapphire >>>>> Sapphire - Scratch Resistant
Sapphire >>>>> Sapphire Cryst
Sapphire >>>>> Sapphire Crystal
Sapphire >>>>> Sapphire Crystal - Scratch Resistant
Sapphire >>>>> Sapphire Crystal Scratch Resistant
Sapphire >>>>> Sapphire Crystal with Antireflex Treatment
Sapphire >>>>> Sapphire Glass
Sapphire >>>>> Sapphire Glass Scratch Anti Resistant
Sapphire >>>>> Sapphire Lens
Sapphire >>>>> Sapphire Made of Corundum
Sapphire >>>>> Sapphire Scratch Resistant
Sapphire >>>>> Sapphire With Antiglare Treatment
Sapphire >>>>> Sapphire cabochon
Sapphire >>>>> Sapphire crystal
Sapphire >>>>> Sapphire crystal formed of corundum
Sapphire >>>>> Sapphire formed of corundum
Sapphire >>>>> Sapphire with Anti-reflective Treatment
Sapphire >>>>> Sapphire with anti-reflective treatment
Sapphire >>>>> Sapphire with antiglare treatment
Sapphire >>>>> Sapphire with interior/exterior anti-reflection tr
Sapphire >>>>> Sapphire with magnifier
Sapphire >>>>> Sapphire, Anti-Reflective
Sapphire >>>>> Sapphire, Antiglare
Sapphire >>>>> Sapphire, Glareproofed
Sapphire >>>>> Sapphiree
Sapphire >>>>> Sapphirev
Sapphire >>>>> Sapphite
Sapphire >>>>> Sapphitek
Sapphire >>>>> Sapphitek Crystal
Sapphire >>>>> Sapphrie
Sapphire >>>>> Sappihre
Sapphire >>>>> Sappire
Sapphire >>>>> Sappitek
Sapphire >>>>> Sappphire
Sapphire >>>>> Scratch Convex Resistant Sapphire
Sapphire >>>>> Scratch Reistant Sapphire
Sapphire >>>>> Scratch Resiatant Sapphire
Sapphire >>>>> Scratch Resistant Anti-Reflective Sapphire
Sapphire >>>>> Scratch Resistant Anti-reflective Sapphire
Sapphire >>>>> Scratch Resistant Anti-reflectiveSapphire
Sapphire >>>>> Scratch Resistant Antireflective Sapphire
Sapphire >>>>> Scratch Resistant Convex Sapphire
Sapphire >>>>> Scratch Resistant Domed Sapphire
Sapphire >>>>> Scratch Resistant Glareproof Sapphire
Sapphire >>>>> Scratch Resistant Sapphier
Sapphire >>>>> Scratch Resistant Sapphire
Sapphire >>>>> Scratch Resistant Sapphire - antiglare treatmen
Sapphire >>>>> Scratch Resistant Sapphire Anti Reflective
Sapphire >>>>> Scratch Resistant Sapphire Crystal
Sapphire >>>>> Scratch Resistant Sapphire Touch
Sapphire >>>>> Scratch Resistant Sapphire with Anti-Reflective Tr
Sapphire >>>>> Scratch Resistant Sapphire with Anti-Reflective Treatment on Both Sides
Sapphire >>>>> Scratch Resistant Sapphire with Arabic Numerals (i
Sapphire >>>>> Scratch Resistant Sapphire with Frosted Color Trea
Sapphire >>>>> Scratch Resistant Sapphire, anti-glare treatment
Sapphire >>>>> Scratch Resistant Sapphitek
Sapphire >>>>> Scratch Resistant Scratch Resistant Sapphire
Sapphire >>>>> Scratch Resistant Scratch Resistant Sapphire Cryst
Sapphire >>>>> Scratch Resistant Stnthetic Sapphire
Sapphire >>>>> Scratch Resistant Synthetic Sapphire
Sapphire >>>>> Scratch Resistant TV Screen Sapphire
Sapphire >>>>> Scratch Resistant Tactile Sapphire
Sapphire >>>>> Scratch Resistant Touch Screen Sapphire
Sapphire >>>>> Scratch Resistant Touch-sensitive Sapphire
Sapphire >>>>> Scratch Resistant and Anti-reflective Sapphire
Sapphire >>>>> Scratch Resistant sapphire
Sapphire >>>>> Scratch Resistant, Anti-reflective Sapphire
Sapphire >>>>> Scratch Resitant Sapphire
Sapphire >>>>> Scratch resistant Sapphire
Sapphire >>>>> Scratch resistant Sapphire Crystal
Sapphire >>>>> Scratch resistant Sapphire anti-reflective
Sapphire >>>>> Scratch resistant sapphire
Sapphire >>>>> Scratch resistant sapphire crystal
Sapphire >>>>> Scratch-Resistant Sapphimax
Sapphire >>>>> Scratch-Resistant Sapphire
Sapphire >>>>> Scratch-resistant sapphire crystal
Sapphire >>>>> Solid Sapphire
Sapphire >>>>> Spphire
Sapphire >>>>> Ssapphire
Sapphire >>>>> Synthethic Sapphire
Sapphire >>>>> Synthetic Saphire
Sapphire >>>>> Synthetic Sapphire
Sapphire >>>>> Synthetic Sapphirre
Sapphire >>>>> Synthetic sapphire
Sapphire >>>>> Sythnetic Sapphire
Sapphire >>>>> TV Screen Anti-reflective Sapphire
Sapphire >>>>> Tactile Sapphire
Sapphire >>>>> Tactile Sapphire Crystal
Sapphire >>>>> Tactile Scratch Resistant Sapphire
Sapphire >>>>> Tactile Scratch-Resistant Sapphire Crystal
Sapphire >>>>> Tactile Scratch-resistant Sapphire Crystal
Sapphire >>>>> Tactile scratch-resistant Sapphire
Sapphire >>>>> Triple-coated Anti-reflective Sapphire
Sapphire >>>>> antireflective-sapphire
Sapphire >>>>> cambered sapphire
Sapphire >>>>> decorated sapphire
Sapphire >>>>> domed sapphire crystal glass
Sapphire >>>>> domed sapphire crystal glass with anti-reflective coating
Sapphire >>>>> domed sapphire crystal glass with anti-reflective coating on inner side
Sapphire >>>>> domed sapphire crystal with anti-reflective coating inside and out
Sapphire >>>>> sapphire
Sapphire >>>>> sapphire crystal
Sapphire >>>>> sapphire crystal glass
Sapphire >>>>> sapphire crystal glass with anti-reflective coating
Sapphire >>>>> sapphire crystal glass with anti-reflective coating on inner side
Sapphire >>>>> synthetic-sapphire
Scratch >>>>> Scratch
Scratch Resistant Titan >>>>> Scratch Resistant Titan
Scratch Resistant triple-coated. anti-reflective s >>>>> Scratch Resistant triple-coated. anti-reflective s
Silver-tone >>>>> Silver-tone
Spherical >>>>> Spherical
Titan >>>>> Titan
Triple-coated Anti-reflective Sa >>>>> Triple-coated Anti-reflective Sa
seven floating dials >>>>> seven floating dials
