Anti Reflective >>>>> Anit-Reflective Sapphire
Anti Reflective >>>>> Anit-glare Sapphire
Anti Reflective >>>>> Anit-reflective Sapphire
Anti Reflective >>>>> Anri-Reflective Sapphire
Anti Reflective >>>>> Ant-Reflective Mineral
Anti Reflective >>>>> Ant-reflective Scratch Resistant Sapphire
Anti Reflective >>>>> Anti Reflective Sapphire
Anti Reflective >>>>> Anti Reflective Scratch Resistant Sapphire
Anti Reflective >>>>> Anti reflective Sapphire
Anti Reflective >>>>> Anti reflective sapphire
Anti Reflective >>>>> Anti- reflective Sapphire
Anti Reflective >>>>> Anti-Refective Sapphire
Anti Reflective >>>>> Anti-Reflection Sapphire
Anti Reflective >>>>> Anti-Reflective Flame Fusion
Anti Reflective >>>>> Anti-Reflective Flame Fusion Crystal
Anti Reflective >>>>> Anti-Reflective K1
Anti Reflective >>>>> Anti-Reflective Mineral
Anti Reflective >>>>> Anti-Reflective Mineral Crystal
Anti Reflective >>>>> Anti-Reflective Saphire
Anti Reflective >>>>> Anti-Reflective Sapphire
Anti Reflective >>>>> Anti-Reflective Sapphitek
Anti Reflective >>>>> Anti-Reflective Scratch Resistant K1
Anti Reflective >>>>> Anti-Reflective Scratch Resistant Sapphire
Anti Reflective >>>>> Anti-Reflective sapphire
Anti Reflective >>>>> Anti-Reflective, Scratch Resistant Sapphire
Anti Reflective >>>>> Anti-Refllective, Scratch Resistant Sapphire
Anti Reflective >>>>> Anti-Relective Sapphire
Anti Reflective >>>>> Anti-eflective Scratch Resistant Sapphire
Anti Reflective >>>>> Anti-glare Sapphire
Anti Reflective >>>>> Anti-glare Scratch Resistant Sapphire
Anti Reflective >>>>> Anti-reflctive Scratch Resistant Sapphire
Anti Reflective >>>>> Anti-reflectice Scratch Resistant Sapphire
Anti Reflective >>>>> Anti-reflection Sapphire
Anti Reflective >>>>> Anti-reflective Flame Fusion
Anti Reflective >>>>> Anti-reflective Mineral
Anti Reflective >>>>> Anti-reflective Plexiglass
Anti Reflective >>>>> Anti-reflective Sapphire
Anti Reflective >>>>> Anti-reflective Scratch Resistant Sapphire
Anti Reflective >>>>> Anti-reflective mineral crystal
Anti Reflective >>>>> Anti-reflective sapphire
Anti Reflective >>>>> Anti-reflective sapphire crystal
Anti Reflective >>>>> Anti-reflective with magnifier
Anti Reflective >>>>> Anti-reflectiveScratch Resistant Sapphire
Anti Reflective >>>>> Anti-relfective Sapphire
Anti Reflective >>>>> Anti-rflective Sapphire
Anti Reflective >>>>> AntiReflective Sapphire
Anti Reflective >>>>> AntiRelective Sapphire
Anti Reflective >>>>> Antiglare Mineral
Anti Reflective >>>>> Antireflective Sapphire
Anti Reflective >>>>> Antireflective-sapphire
Anti Reflective >>>>> Antireflex Sapphire
Anti Reflective >>>>> Cambered Glareproof Sapphire
Anti Reflective >>>>> Cambered Glareproofed Sapphire
Anti Reflective >>>>> Cambered Glareproofed Sappphire
Anti Reflective >>>>> Cambered Saphire, Glareproof
Anti Reflective >>>>> Cambered Sapphire, Glareproof
Anti Reflective >>>>> Domed Anti-reflective Sapphire
Anti Reflective >>>>> Domed Anti-reflective Scratch Resistant Sapphire
Anti Reflective >>>>> Domed Anti-reflective, Scratch Resistant Sapphire
Anti Reflective >>>>> Domed Scratch Resistant Antireflective Sapphire
Anti Reflective >>>>> Domed, Anti-reflective, Scratch Resistant Sapphire
Anti Reflective >>>>> Double Antireflective Sapphire
Anti Reflective >>>>> Double Face Anti-Reflective Sapphire
Anti Reflective >>>>> Double Face Anti-reflective Sapphire
Anti Reflective >>>>> Double Face Anti-reflective sapphire
Anti Reflective >>>>> Double antireflective Sapphire
Anti Reflective >>>>> Double antireflective sapphire crystal
Anti Reflective >>>>> Double face Anti-reflective Sapphire
Anti Reflective >>>>> Double face anti-reflective sapphire
Anti Reflective >>>>> Flame Fusion Anti Reflective Coating
Anti Reflective >>>>> Flame Fusion Crystal- Anti-Reflective X3 Layers
Anti Reflective >>>>> Flame Fusion w/ Triple Layer of Anti Reflective
Anti Reflective >>>>> Flame Fusion with Anti-Reflective Coating
Anti Reflective >>>>> Flame Fusion, Anti Reflective
Anti Reflective >>>>> Glare Proof Mineral
Anti Reflective >>>>> Glare Proof Mineral Glass
Anti Reflective >>>>> Glareproof Sapphire
Anti Reflective >>>>> Glareproof sapphire
Anti Reflective >>>>> Glareproofed Sapphire
Anti Reflective >>>>> Hardened Anti-reflective Mineral
Anti Reflective >>>>> Hardened K1 Mineral glass. One-layer anti-reflective coating
Anti Reflective >>>>> Hardened K1 mineral glass, one-layer anti-reflective coating
Anti Reflective >>>>> Hardened K1 mineral glass. One-layer anti-reflective coating
Anti Reflective >>>>> Hardened K1 mineral glassbox. One layer anti-reflective coating
Anti Reflective >>>>> K1 Anti- Reflective
Anti Reflective >>>>> K1 Anti- Reflective Scratch Resistant
Anti Reflective >>>>> K1 Anti-Reflective
Anti Reflective >>>>> K1 Anti-Reflective Scratch Resistant
Anti Reflective >>>>> K1 Anti-reflective, Scratch Resistant
Anti Reflective >>>>> Mineral Glass with Blue anti-reflex Coating
Anti Reflective >>>>> Mineral Glass with blue anti-reflex coating
Anti Reflective >>>>> Mineral with Blue anti-reflex Coating
Anti Reflective >>>>> Mineral with a Blue anti-reflex Coating
Anti Reflective >>>>> Mineral with anti-reflective coating
Anti Reflective >>>>> Non-Glare Mineral
Anti Reflective >>>>> Non-Glare Scratch Resistant Mineral
Anti Reflective >>>>> Non-Glare Scratch-Resistant Mineral
Anti Reflective >>>>> Non-Reflective Mineral
Anti Reflective >>>>> Non-Reflective Sapphire
Anti Reflective >>>>> Sapphire - Anti Reflective
Anti Reflective >>>>> Sapphire - Anti-reflective
Anti Reflective >>>>> Sapphire Crystal with Antireflex Treatment
Anti Reflective >>>>> Sapphire With Antiglare Treatment
Anti Reflective >>>>> Sapphire with Anti-reflective Treatment
Anti Reflective >>>>> Sapphire with anti-reflective treatment
Anti Reflective >>>>> Sapphire with antiglare treatment
Anti Reflective >>>>> Sapphire with interior/exterior anti-reflection tr
Anti Reflective >>>>> Sapphire, Anti-Reflective
Anti Reflective >>>>> Sapphire, Antiglare
Anti Reflective >>>>> Sapphire, Glareproofed
Anti Reflective >>>>> Scratch Resistant Anti-Reflective K1
Anti Reflective >>>>> Scratch Resistant Anti-Reflective Sapphire
Anti Reflective >>>>> Scratch Resistant Anti-reflective Sapphire
Anti Reflective >>>>> Scratch Resistant Anti-reflectiveSapphire
Anti Reflective >>>>> Scratch Resistant Antireflective Sapphire
Anti Reflective >>>>> Scratch Resistant Glareproof Sapphire
Anti Reflective >>>>> Scratch Resistant Sapphire - antiglare treatmen
Anti Reflective >>>>> Scratch Resistant Sapphire Anti Reflective
Anti Reflective >>>>> Scratch Resistant Sapphire with Anti-Reflective Tr
Anti Reflective >>>>> Scratch Resistant Sapphire, anti-glare treatment
Anti Reflective >>>>> Scratch Resistant and Anti-reflective Sapphire
Anti Reflective >>>>> Scratch Resistant triple-coated. anti-reflective s
Anti Reflective >>>>> Scratch Resistant, Anti-reflective Sapphire
Anti Reflective >>>>> Scratch resistant Sapphire anti-reflective
Anti Reflective >>>>> Scratch resistant mineral with anti-reflective coa
Anti Reflective >>>>> Specially hardened anti-reflective mineral glass
Anti Reflective >>>>> Specially hardened mineral glass with anti-reflective coating
Anti Reflective >>>>> Specially hardened mineral glass with antireflective coating
Anti Reflective >>>>> TV Screen Anti-reflective Sapphire
Anti Reflective >>>>> Triple Anti-reflective Flame Fusion
Anti Reflective >>>>> Triple Layer of Anti Reflective Flame Fusion
Anti Reflective >>>>> Triple Layered Anti-reflective Coated Flame Fusion
Anti Reflective >>>>> Triple layered Anti-Reflective Coated Flame Fusion
Anti Reflective >>>>> Triple-coated Anti-reflective Sa
Anti Reflective >>>>> Triple-coated Anti-reflective Sapphire
Anti Reflective >>>>> antireflective-sapphire
Anti Reflective >>>>> domed sapphire crystal glass with anti-reflective coating
Anti Reflective >>>>> domed sapphire crystal glass with anti-reflective coating on inner side
Anti Reflective >>>>> sapphire crystal glass with anti-reflective coating
Anti Reflective >>>>> sapphire crystal glass with anti-reflective coating on inner side
Both Side Anti Reflective >>>>>  Domed scratch‑resistant sapphire crystal with anti‑reflective treatment on both sides
Both Side Anti Reflective >>>>> Cambered Sapphire, Glareproofed both sides
Both Side Anti Reflective >>>>> Cambered sapphire, glareproofed both sides
Both Side Anti Reflective >>>>> Scratch Resistant Sapphire with Anti-Reflective Treatment on Both Sides
Both Side Anti Reflective >>>>> domed sapphire crystal with anti-reflective coating inside and out
NO >>>>> 2.8 mm Thick Plexiglass
NO >>>>> Acrylic
NO >>>>> Acrylic Glass
NO >>>>> Acrylic Safety
NO >>>>> Acrylic glass
NO >>>>> Aluminosilicate Glass
NO >>>>> Amber
NO >>>>> Amber Crystal
NO >>>>> Arcylic
NO >>>>> Blue Mineral Glass
NO >>>>> Blue Plexiglass
NO >>>>> Box shaped sapphire
NO >>>>> Box shaped sapphire crystal
NO >>>>> Box-shaped Hardlex
NO >>>>> Cambered Polycarbonate
NO >>>>> Cambered Sapphire
NO >>>>> Cambired Sapphire
NO >>>>> Chambered Sapphire
NO >>>>> Chambered Sapphire Crystal
NO >>>>> Coated Acrylic
NO >>>>> Convew Sapphire
NO >>>>> Convex Hard Plexiglass
NO >>>>> Convex Hard Plexiglass Crystal
NO >>>>> Convex Hard Plexiglass With Sicralan Coating
NO >>>>> Convex Hard Plexiglass with SICRALAN Coating
NO >>>>> Convex Hard Plexiglass with SICRALAN coating
NO >>>>> Convex Hard Plexiglass with a SICRALAN Coating
NO >>>>> Convex Hard Plexiglass with a Sicralan Coating
NO >>>>> Convex Resistant Sapphire
NO >>>>> Convex Resistant Sapphire Crystal
NO >>>>> Convex Sapphire
NO >>>>> Convex Sapphire Crystal
NO >>>>> Convex hard Plexiglass with SICRALAN coating
NO >>>>> Convex hard plexiglass
NO >>>>> Convex hard plexiglass with SICRALAN coating
NO >>>>> Crystal
NO >>>>> Crystals
NO >>>>> Curved Hardened Mineral
NO >>>>> Curved Hardlex
NO >>>>> Curved Hardlex Glass
NO >>>>> Curved Mineral
NO >>>>> Curved Mineral Crystal
NO >>>>> Curved hardened Mineral
NO >>>>> Curved sapphire
NO >>>>> Domed
NO >>>>> Domed Acrylic
NO >>>>> Domed Flame Fushion
NO >>>>> Domed Flame Fusion
NO >>>>> Domed Krysterna
NO >>>>> Domed Mineral
NO >>>>> Domed Mineral Crystal
NO >>>>> Domed Mineral Glass
NO >>>>> Domed Plexi Glass
NO >>>>> Domed Sapphire
NO >>>>> Domed Sapphire Crystal
NO >>>>> Domed Scratch Resistant Sapphire
NO >>>>> Domed Scratch Resistant Sapphire with anti-reflec
NO >>>>> Domed hardened Plastic
NO >>>>> Domed scratch-resistant sapphire
NO >>>>> Domed scratch-resistant sapphire crystal with anti
NO >>>>> Doomed Flame Fusion
NO >>>>> Dual-curved sapphire
NO >>>>> Dual-curved sapphire crystal
NO >>>>> Durable mineral
NO >>>>> Faceted Mineral
NO >>>>> Fixed
NO >>>>> Fixed bezel set with crystals
NO >>>>> Flame / Fusion
NO >>>>> Flame Fusion
NO >>>>> Flame Fusion with Proctectivd leaver
NO >>>>> Flame fusion
NO >>>>> Flame fusion Dome shape
NO >>>>> Flame-Fusion
NO >>>>> Flame-fusion
NO >>>>> Flat Mineral
NO >>>>> Flat Mineral Crystal
NO >>>>> Flat Sapphire
NO >>>>> Flat Scratch-Resistant Sapphire Crystal
NO >>>>> Flat Scratch-Resistant Sapphire Srystal
NO >>>>> Glass
NO >>>>> Glass Crystal Box
NO >>>>> Green Sapphire Crystal
NO >>>>> Green Tinted Mineral Crystal
NO >>>>> Hard Plexiglass with a Sicralan Coating
NO >>>>> Hardened Domed Mineral Glass
NO >>>>> Hardened K1 Mineral
NO >>>>> Hardened K1 Mineral Glass
NO >>>>> Hardened Mineral
NO >>>>> Hardened Mineral Crystal
NO >>>>> Hardened Minetal
NO >>>>> Hardened Plastic Glass
NO >>>>> Hardened Polycarbonate
NO >>>>> Hardened mineral
NO >>>>> Hardex
NO >>>>> Hardles
NO >>>>> Hardlex
NO >>>>> Hardlex (used for Seiko only)
NO >>>>> Hardlex Crystal
NO >>>>> Hardlex Curved
NO >>>>> Hardlex Mineral
NO >>>>> Hardlex Mineral Crystal
NO >>>>> Hardlex with lenses
NO >>>>> Hesalit
NO >>>>> Hesalit Crystal
NO >>>>> Hesalite
NO >>>>> Hesalite Crystal
NO >>>>> Inorganic glass
NO >>>>> Iridescent Crystal
NO >>>>> Iridescent Mineral
NO >>>>> Iridescent crystal
NO >>>>> K-1
NO >>>>> K-1 Mineral
NO >>>>> K1
NO >>>>> K1 Crystal
NO >>>>> K1 Crystals
NO >>>>> K1 Hardened Mineral
NO >>>>> K1 Hardened Mineral Crystal
NO >>>>> K1 Mineral
NO >>>>> K1 Mineral Crystal
NO >>>>> K1 Sapphire
NO >>>>> K1 Scratch Resistant Mineral
NO >>>>> K1 hardened mineral
NO >>>>> Krysterna
NO >>>>> Krysterna Crystal
NO >>>>> LCD Glass
NO >>>>> MIneral
NO >>>>> Metalized Domed Mineral Crysta
NO >>>>> Mienral
NO >>>>> Mimeral
NO >>>>> Min eral
NO >>>>> Mineeral
NO >>>>> Mineral
NO >>>>> Mineral Crystal
NO >>>>> Mineral Crystal with Hardened Coating
NO >>>>> Mineral Glass
NO >>>>> Mineral Glass / Spherical Glass
NO >>>>> Mineral Glass Flat Sapphire
NO >>>>> Mineral Hardened Coating
NO >>>>> Mineral Lens
NO >>>>> Mineral Steel
NO >>>>> Mineral crystal with hardened coating
NO >>>>> Mineral crystal, Hesalite crystal
NO >>>>> Mineral glass
NO >>>>> Mineral with Hardened Coating
NO >>>>> Mineral with Hardening coating
NO >>>>> Mineral with a Hardened Coating
NO >>>>> Mineral with hardening coating
NO >>>>> Multi-Colored Mineral
NO >>>>> Nineral
NO >>>>> Orange tinted Hardened Mineral
NO >>>>> PLastic
NO >>>>> PMMA Plastic
NO >>>>> Pastic
NO >>>>> Perspex
NO >>>>> Pexiglass
NO >>>>> Plactic
NO >>>>> Plas
NO >>>>> Plastic
NO >>>>> Plastic Plexiglass
NO >>>>> Plexi
NO >>>>> Plexi with sicralan coating
NO >>>>> Plexi-Glass
NO >>>>> Plexi-glass with a Sicralan Coating
NO >>>>> Plexiglaee
NO >>>>> Plexiglas
NO >>>>> Plexiglasds
NO >>>>> Plexiglass
NO >>>>> Plexiglass with SICRALAN Coating
NO >>>>> Plexiglass with SICRALAN coating
NO >>>>> Plexiglass with Sicralan Coating
NO >>>>> Plexiglass with Sicralan coating
NO >>>>> Plexiglass with a Sicralan Coating
NO >>>>> Plexy Glass
NO >>>>> Polyamide
NO >>>>> Polymide
NO >>>>> Quartz
NO >>>>> Red Crystal Lens
NO >>>>> Red Mineral
NO >>>>> Reflective Mineral
NO >>>>> Reinforced
NO >>>>> Reinforced Mineral
NO >>>>> Reinforced Mineral Crystal
NO >>>>> Reinforced Mineral K1
NO >>>>> Resin Glass
NO >>>>> Resistant
NO >>>>> Round
NO >>>>> Rounded Mineral Crystal
NO >>>>> SAPPHITEK Crystal
NO >>>>> Sandblasted glass with roman number
NO >>>>> Saphhire
NO >>>>> Saphire
NO >>>>> Saphire Crystal
NO >>>>> Sapphie
NO >>>>> Sapphire
NO >>>>> Sapphire - Scratch Resistant
NO >>>>> Sapphire Cryst
NO >>>>> Sapphire Crystal
NO >>>>> Sapphire Crystal - Scratch Resistant
NO >>>>> Sapphire Crystal Scratch Resistant
NO >>>>> Sapphire Glass
NO >>>>> Sapphire Glass Scratch Anti Resistant
NO >>>>> Sapphire Lens
NO >>>>> Sapphire Made of Corundum
NO >>>>> Sapphire Scratch Resistant
NO >>>>> Sapphire cabochon
NO >>>>> Sapphire crystal
NO >>>>> Sapphire crystal formed of corundum
NO >>>>> Sapphire formed of corundum
NO >>>>> Sapphire with magnifier
NO >>>>> Sapphiree
NO >>>>> Sapphirev
NO >>>>> Sapphite
NO >>>>> Sapphitek
NO >>>>> Sapphitek Crystal
NO >>>>> Sapphrie
NO >>>>> Sappihre
NO >>>>> Sappire
NO >>>>> Sappitek
NO >>>>> Sappphire
NO >>>>> Scratch
NO >>>>> Scratch Convex Resistant Sapphire
NO >>>>> Scratch Reistant Sapphire
NO >>>>> Scratch Resiatant Sapphire
NO >>>>> Scratch Resistant (Edge-to-Edge) Mineral
NO >>>>> Scratch Resistant (Multi-hued Iridescent) Mineral
NO >>>>> Scratch Resistant Acrylic
NO >>>>> Scratch Resistant Amber Mineral
NO >>>>> Scratch Resistant Amber-tinted Mineral
NO >>>>> Scratch Resistant Arcylic
NO >>>>> Scratch Resistant Blue Mineral
NO >>>>> Scratch Resistant Blue Tinged Mineral
NO >>>>> Scratch Resistant Blue-Tinted Mineral
NO >>>>> Scratch Resistant Convex Mineral
NO >>>>> Scratch Resistant Convex Sapphire
NO >>>>> Scratch Resistant Domed Mineral
NO >>>>> Scratch Resistant Domed Sapphire
NO >>>>> Scratch Resistant Flame Fusion
NO >>>>> Scratch Resistant Flmae fusion
NO >>>>> Scratch Resistant Green Mineral
NO >>>>> Scratch Resistant Hard Plexiglass
NO >>>>> Scratch Resistant Hardened K1
NO >>>>> Scratch Resistant Hardened Mineral
NO >>>>> Scratch Resistant Hardlex
NO >>>>> Scratch Resistant Hardlex Mineral
NO >>>>> Scratch Resistant Hesalite
NO >>>>> Scratch Resistant Hesalite Crystal
NO >>>>> Scratch Resistant Iridescent Mineral
NO >>>>> Scratch Resistant Irridescent Mineral
NO >>>>> Scratch Resistant K!
NO >>>>> Scratch Resistant K1
NO >>>>> Scratch Resistant K1 Hardlex
NO >>>>> Scratch Resistant K1 Mineral
NO >>>>> Scratch Resistant K1 Mineral Crystal
NO >>>>> Scratch Resistant K1 mineral
NO >>>>> Scratch Resistant K1Mineral
NO >>>>> Scratch Resistant Krysterna
NO >>>>> Scratch Resistant Light Gold Mineral
NO >>>>> Scratch Resistant Magnifier Mineral
NO >>>>> Scratch Resistant Mineral
NO >>>>> Scratch Resistant Mineral K1
NO >>>>> Scratch Resistant Mineral with orange tint
NO >>>>> Scratch Resistant Mineral, Green-Tinted
NO >>>>> Scratch Resistant Plexiglas
NO >>>>> Scratch Resistant Plexiglass
NO >>>>> Scratch Resistant Reinforced Mineral
NO >>>>> Scratch Resistant Sapphier
NO >>>>> Scratch Resistant Sapphire
NO >>>>> Scratch Resistant Sapphire Crystal
NO >>>>> Scratch Resistant Sapphire Touch
NO >>>>> Scratch Resistant Sapphire with Arabic Numerals (i
NO >>>>> Scratch Resistant Sapphire with Frosted Color Trea
NO >>>>> Scratch Resistant Sapphitek
NO >>>>> Scratch Resistant Scratch Resistant Sapphire
NO >>>>> Scratch Resistant Scratch Resistant Sapphire Cryst
NO >>>>> Scratch Resistant Stnthetic Sapphire
NO >>>>> Scratch Resistant Synthetic Sapphire
NO >>>>> Scratch Resistant TV Screen Sapphire
NO >>>>> Scratch Resistant Tactile Sapphire
NO >>>>> Scratch Resistant Tinted Mineral
NO >>>>> Scratch Resistant Titan
NO >>>>> Scratch Resistant Touch Screen Sapphire
NO >>>>> Scratch Resistant Touch-sensitive Sapphire
NO >>>>> Scratch Resistant plexiglas
NO >>>>> Scratch Resistant sapphire
NO >>>>> Scratch Resitant Sapphire
NO >>>>> Scratch resistant Flame Fusion
NO >>>>> Scratch resistant Hardlex
NO >>>>> Scratch resistant K1 mineral
NO >>>>> Scratch resistant Sapphire
NO >>>>> Scratch resistant Sapphire Crystal
NO >>>>> Scratch resistant flame fusion
NO >>>>> Scratch resistant mineral
NO >>>>> Scratch resistant plastic
NO >>>>> Scratch resistant sapphire
NO >>>>> Scratch resistant sapphire crystal
NO >>>>> Scratch-Resistant Sapphimax
NO >>>>> Scratch-Resistant Sapphire
NO >>>>> Scratch-resistant Beveled Mineral Crystal
NO >>>>> Scratch-resistant sapphire crystal
NO >>>>> Shatter Resistant Krysterna
NO >>>>> Shatter resistant Krysterna
NO >>>>> Shatter-resistant Krysterna
NO >>>>> ShatterResistant Krysterna
NO >>>>> Shock Resistant Mineral
NO >>>>> Shock-resistance acrylic glass
NO >>>>> Silver-tone
NO >>>>> Solid Sapphire
NO >>>>> Solidified Crystal Mineral
NO >>>>> Specially Hardened Domed Mineral
NO >>>>> Specially hardened domed mineral glass
NO >>>>> Specially hardened domed mineral glass.
NO >>>>> Specially hardened mineral glass
NO >>>>> Spectrum Glass
NO >>>>> Spherical
NO >>>>> Spherical Crystal
NO >>>>> Spherical Glass
NO >>>>> Spphire
NO >>>>> Ssapphire
NO >>>>> Super Harden Mineral
NO >>>>> Synthethic Sapphire
NO >>>>> Syntheti cMineral
NO >>>>> Synthetic Mineral
NO >>>>> Synthetic Saphire
NO >>>>> Synthetic Sapphire
NO >>>>> Synthetic Sapphirre
NO >>>>> Synthetic mineral
NO >>>>> Synthetic sapphire
NO >>>>> Sythnetic Sapphire
NO >>>>> Tactile Sapphire
NO >>>>> Tactile Sapphire Crystal
NO >>>>> Tactile Scratch Resistant Sapphire
NO >>>>> Tactile Scratch-Resistant Sapphire Crystal
NO >>>>> Tactile Scratch-resistant Sapphire Crystal
NO >>>>> Tactile scratch-resistant Sapphire
NO >>>>> TapScreen Technology Mineral
NO >>>>> Tinted Flame Fusion
NO >>>>> Tinted Mineral
NO >>>>> Tinted Mineral Crystal
NO >>>>> Tinted Minerall
NO >>>>> Titan
NO >>>>> cambered sapphire
NO >>>>> convex hard plexiglass with SICRALAN coating
NO >>>>> decorated sapphire
NO >>>>> domed sapphire crystal glass
NO >>>>> flame fusion
NO >>>>> mineral
NO >>>>> ouble Curved Mineral
NO >>>>> raised acrylic crystal
NO >>>>> sapphire
NO >>>>> sapphire crystal
NO >>>>> sapphire crystal glass
NO >>>>> seven floating dials
NO >>>>> synthetic-sapphire
Sapphire >>>>> Curved Sapphire Coated Mineral
Sapphire >>>>> Dome Mineral Glass With Sapphire Coating
Sapphire >>>>> Dome Mineral with Sapphire Coating
Sapphire >>>>> Hardened Mineral with Sapphire Coating
Sapphire >>>>> Mineral Crystal with Sapphire Coating
Sapphire >>>>> Mineral Crystal with Sapphire Layer
Sapphire >>>>> Mineral Crystal with Sapphire coating
Sapphire >>>>> Mineral Crystal with Sapphire layer
Sapphire >>>>> Mineral Glass Flat Sapphire Coated
Sapphire >>>>> Mineral Glass Sapphire Coated
Sapphire >>>>> Mineral Glass with Sapphire Coated
Sapphire >>>>> Mineral Glass with Sapphire Coating
Sapphire >>>>> Mineral Glass with Sapphire Treatment
Sapphire >>>>> Mineral Glass with Sapphire coating
Sapphire >>>>> Mineral Glass with sapphire coating
Sapphire >>>>> Mineral Sapphire Coated
Sapphire >>>>> Mineral Sapphire Coated Glass
Sapphire >>>>> Mineral Sapphire-Coated
Sapphire >>>>> Mineral crystal with Sapphire coating
Sapphire >>>>> Mineral crystal with sapphire coating
Sapphire >>>>> Mineral glass with sapphire coating
Sapphire >>>>> Mineral w/ Sapphire Coating
Sapphire >>>>> Mineral with Sapphire Coating
Sapphire >>>>> Mineral with Sapphire Layer
Sapphire >>>>> Mineral with Sapphire coating
Sapphire >>>>> Mineral with Sapphire coating.
Sapphire >>>>> Mineral with Sapphire layer
Sapphire >>>>> Mineral with a Sapphire Coating
Sapphire >>>>> Mineral with sapphire coating
Sapphire >>>>> Mineral with sapphire coating.
Sapphire >>>>> Mineral withSapphire coating
Sapphire >>>>> Reinforced Mineral K1 with Sapphire Coating
Sapphire >>>>> Reinforced Mineral K1, with Sapphire Coating
Sapphire >>>>> Sapphire Coated
Sapphire >>>>> Sapphire Coated Crystal
Sapphire >>>>> Sapphire Coated Flat Mineral
Sapphire >>>>> Sapphire Coated Flat Mineral Glass
Sapphire >>>>> Sapphire Coated Glass
Sapphire >>>>> Sapphire Coated Mineral
Sapphire >>>>> Sapphire Coated Mineral Glass
Sapphire >>>>> Sapphire coated Mineral
Sapphire >>>>> Sapphire coated mineral
Sapphire >>>>> Sapphire coated mineral Glass
Sapphire >>>>> Sapphire-Coated
Sapphire >>>>> Sapphire-Coated Mineral
Sapphire >>>>> Sapphire-Coated Mineral Crystal
Sapphire >>>>> Sapphire-Coated Minetal
Sapphire >>>>> Sapphire-Layered Mineral
Sapphire >>>>> Sapphire-coated Mineral
Sapphire >>>>> Sapphire-coated curved
Sapphire >>>>> Sapphire-coated curved mineral
Sapphire >>>>> Sapphire-coated mineral
Sapphire >>>>> Scratch Resistant Sapphire Coated
Sapphire >>>>> Scratch Resistant Sapphire Coated Mineral
Sapphire >>>>> Scratch Resistant Sapphire coated Mineral
Sapphire >>>>> Scratch Resistant Sapphire- Coated Minetal
Sapphire >>>>> Scratch Resistant Sapphire-Coated
Sapphire >>>>> Scratch Resistant Sapphire-Coated Crystal
Sapphire >>>>> Scratch Resistant Sapphire-Coated Mineral
Sapphire >>>>> Scratch Resistant Sapphire-Coated Minertal
Sapphire >>>>> Scratch Resistant Sapphire-Coated Minetal
Sapphire >>>>> Scratch Resistant Sapphire-coated Mineral
