https://frederiqueconstant.com/it/products/art-deco-oval-fc-200mpw2v2b
https://frederiqueconstant.com/it/products/art-deco-oval-fc-200mpw2v6
https://frederiqueconstant.com/it/products/automatic-fc-303mc4p5
https://frederiqueconstant.com/it/products/automatic-fc-303mc4p6
https://frederiqueconstant.com/it/products/automatic-fc-303rmn5b6
https://frederiqueconstant.com/it/products/automatic-fc-306mr4s4
https://frederiqueconstant.com/it/products/business-timer-fc-270em4p5
https://frederiqueconstant.com/it/products/business-timer-fc-270m4p6
https://frederiqueconstant.com/it/products/business-timer-fc-270sw4p6
https://frederiqueconstant.com/it/products/carree-automatic-fc-310mc4s34
https://frederiqueconstant.com/it/products/carree-automatic-fc-310mc4s36
https://frederiqueconstant.com/it/products/carree-ladies-fc-200mc14
https://frederiqueconstant.com/it/products/carree-ladies-fc-200mc16
https://frederiqueconstant.com/it/products/carree-ladies-fc-200mc16b
https://frederiqueconstant.com/it/products/carree-ladies-fc-200mcd14
https://frederiqueconstant.com/it/products/classic-fc-710mc4h4
https://frederiqueconstant.com/it/products/classic-fc-710mc4h6
https://frederiqueconstant.com/it/products/classic-moonphase-fc-712mn4h6
https://frederiqueconstant.com/it/products/classic-moonphase-fc-712ms4h4
https://frederiqueconstant.com/it/products/classic-moonphase-fc-712ms4h6
https://frederiqueconstant.com/it/products/classic-worldtimer-fc-718nwm4h6
https://frederiqueconstant.com/it/products/classic-worldtimer-fc-718wm4h4
https://frederiqueconstant.com/it/products/classic-worldtimer-fc-718wm4h6
https://frederiqueconstant.com/it/products/classic-worldtimer-manufacture-fc-718nrwm4h9
https://frederiqueconstant.com/it/products/classics-art-deco-round-fc-200mpn2ar2d6
https://frederiqueconstant.com/it/products/classics-art-deco-round-fc-200mpn2ar6b
https://frederiqueconstant.com/it/products/classics-art-deco-round-fc-200mpw2ar2b
https://frederiqueconstant.com/it/products/classics-art-deco-round-fc-200mpw2ar6b
https://frederiqueconstant.com/it/products/classics-art-deco-round-fc-200mpwn2ar2d6
https://frederiqueconstant.com/it/products/classics-quartz-fc-220mb3b4
https://frederiqueconstant.com/it/products/classics-quartz-fc-220mn3bd6b
https://frederiqueconstant.com/it/products/classics-quartz-fc-220mpw3bd26
https://frederiqueconstant.com/it/products/double-heart-beat-fc-310lgdhb3b4
https://frederiqueconstant.com/it/products/double-heart-beat-fc-310ndhb3b6
https://frederiqueconstant.com/it/products/double-heart-beat-fc-310wdhb3bd6b
https://frederiqueconstant.com/it/products/fc-286bg3b2b
https://frederiqueconstant.com/it/products/fc-286cd3b4
https://frederiqueconstant.com/it/products/fc-286n3b6b
https://frederiqueconstant.com/it/products/fc-286nd3b4
https://frederiqueconstant.com/it/products/fc-287b5b6
https://frederiqueconstant.com/it/products/fc-287bg5b4
https://frederiqueconstant.com/it/products/fc-287n5b6b
https://frederiqueconstant.com/it/products/fc-287s5b6
https://frederiqueconstant.com/it/products/fc-303lgd3b6
https://frederiqueconstant.com/it/products/fc-350nt4h6
https://frederiqueconstant.com/it/products/fc-392rmg5b6
https://frederiqueconstant.com/it/products/fc-392rms5b6
https://frederiqueconstant.com/it/products/fc-strapset-nh
https://frederiqueconstant.com/it/products/flyback-chronograph-fc-760v4h4
https://frederiqueconstant.com/it/products/flyback-chronograph-manufacture-fc-760chc4h4
https://frederiqueconstant.com/it/products/flyback-chronograph-manufacture-fc-760ns4h6
https://frederiqueconstant.com/it/products/gents-classics-fc-285lgs5b6
https://frederiqueconstant.com/it/products/gents-classics-fc-285lns5b6
https://frederiqueconstant.com/it/products/gents-classics-fc-285v5b4
https://frederiqueconstant.com/it/products/gents-small-seconds-fc-235m4s4
https://frederiqueconstant.com/it/products/gents-small-seconds-fc-245m5s5
https://frederiqueconstant.com/it/products/gents-small-seconds-fc-245m5s6
https://frederiqueconstant.com/it/products/gmt-fc-350vt4h4
https://frederiqueconstant.com/it/products/heart-beat-automatic-fc-310ms5b6
https://frederiqueconstant.com/it/products/heart-beat-automatic-fc-310mv5b4
https://frederiqueconstant.com/it/products/heart-beat-automatic-fc-312n4s6
https://frederiqueconstant.com/it/products/heart-beat-automatic-fc-312s4s6
https://frederiqueconstant.com/it/products/heart-beat-automatic-fc-312v4s4
https://frederiqueconstant.com/it/products/heart-beat-moonphase-fc-335mc4p5
https://frederiqueconstant.com/it/products/heart-beat-moonphase-fc-335mc4p6
https://frederiqueconstant.com/it/products/heart-beat-moonphase-fc-335mc4p6b2
https://frederiqueconstant.com/it/products/highlife-automatic-cosc-fc-303b4nh4
https://frederiqueconstant.com/it/products/highlife-automatic-cosc-fc-303n4nh6b
https://frederiqueconstant.com/it/products/highlife-automatic-cosc-fc-303s4nh6
https://frederiqueconstant.com/it/products/highlife-heart-beat-fc-310b4nh6b
https://frederiqueconstant.com/it/products/highlife-heart-beat-fc-310n4nh6b
https://frederiqueconstant.com/it/products/highlife-heart-beat-fc-310v4nh4
https://frederiqueconstant.com/it/products/highlife-perpetual-calendar-manufacture
https://frederiqueconstant.com/it/products/highlife-perpetual-calendar-manufacture-fc-775n4nh6b
https://frederiqueconstant.com/it/products/highlife-perpetual-calendar-manufacture-fc-775s4nh6
https://frederiqueconstant.com/it/products/highlife-perpetual-calendar-manufacture-fc-775v4nh2b
https://frederiqueconstant.com/it/products/ladies-automatic-small-seconds-fc-318mpc3b4
https://frederiqueconstant.com/it/products/ladies-automatic-small-seconds-fc-318mpn3b6
https://frederiqueconstant.com/it/products/ladies-automatic-small-seconds-fc-318mpwn3b4
https://frederiqueconstant.com/it/products/ladies-automatic-small-seconds-fc-318mpwn3b6
https://frederiqueconstant.com/it/products/ladies-moonphase-fc-206mpwd1s2b
https://frederiqueconstant.com/it/products/ladies-moonphase-fc-206mpwd1s3b
https://frederiqueconstant.com/it/products/ladies-moonphase-fc-206mpwd1s6
https://frederiqueconstant.com/it/products/ladies-moonphase-fc-206mpwd1s6b
https://frederiqueconstant.com/it/products/ladies-moonphase-fc-206mpwd1sd6b
https://frederiqueconstant.com/it/products/ladies-small-seconds-fc-235m1s4
https://frederiqueconstant.com/it/products/ladies-small-seconds-fc-235m1s5
https://frederiqueconstant.com/it/products/ladies-small-seconds-fc-235m1s6
https://frederiqueconstant.com/it/products/quartz-chronograph-fc-292mc4p5
https://frederiqueconstant.com/it/products/quartz-chronograph-fc-292mc4p6
https://frederiqueconstant.com/it/products/quartz-chronograph-fc-292mg5b6b
https://frederiqueconstant.com/it/products/quartz-chronograph-fc-292ms5b6
https://frederiqueconstant.com/it/products/quartz-chronograph-fc-292mv5b4
https://frederiqueconstant.com/it/products/quartz-ladies-fc-220ms3b4
https://frederiqueconstant.com/it/products/quartz-ladies-fc-220ms3b6
https://frederiqueconstant.com/it/products/quartz-ladies-fc-220ms3b6b
https://frederiqueconstant.com/it/products/slimline-moonphase-fc-705n4s6
https://frederiqueconstant.com/it/products/slimline-moonphase-fc-705v4s4
https://frederiqueconstant.com/it/products/slimline-moonphase-manufacture-fc-705s4s6
https://frederiqueconstant.com/it/products/slimline-moonphase-stars-fc-701nsd3sd4
https://frederiqueconstant.com/it/products/slimline-perpetual-calendar-fc-775g4s4
https://frederiqueconstant.com/it/products/slimline-perpetual-calendar-fc-775g4s6
https://frederiqueconstant.com/it/products/slimline-perpetual-calendar-fc-775s4s6
https://frederiqueconstant.com/it/products/slimline-perpetual-calendar-fc-775v4s4
https://frederiqueconstant.com/it/products/slimline-power-reserve-manufacture-fc-723nr3s6
https://frederiqueconstant.com/it/products/slimline-power-reserve-manufacture-fc-723wr3s4
https://frederiqueconstant.com/it/products/slimline-power-reserve-manufacture-fc-723wr3s6
https://frederiqueconstant.com/it/products/strapset-vitality-ladies
https://frederiqueconstant.com/it/products/yacht-timer-regatta-countdown-fc-380gt4h6b
https://frederiqueconstant.com/products/art-deco-oval-fc-200mpw2v4
https://frederiqueconstant.com/products/classics-art-deco-oval-fc-200mpw2v26
https://frederiqueconstant.com/products/classics-index-automatic
https://frederiqueconstant.com/products/classics-index-automatic-fc-303mr5b4
https://frederiqueconstant.com/products/classics-index-automatic-fc-303mr5b6
https://frederiqueconstant.com/products/classics-quartz-chronograph-serie-speciale-france-fc-292mb5tb6
https://frederiqueconstant.com/products/highlife-automatic-cosc-fc-303s4nh6b
https://frederiqueconstant.com/products/highlife-perpetual-calendar-manufacture-fc-775s4nh6b
https://frederiqueconstant.com/products/index-automatic-fc-303bb5tb6
https://frederiqueconstant.com/products/index-automatic-fc-303bn5b26
https://frederiqueconstant.com/products/index-automatic-fc-310mn5b6
https://frederiqueconstant.com/products/index-automatique-fc-310mb5tb6
https://frederiqueconstant.com/products/ladies-moonphase-fc-206mpwd1s4
https://frederiqueconstant.com/products/quartz-chronograph-fc-292mg5b26
https://frederiqueconstant.com/products/quartz-chronograph-fc-292mnb5b6
https://meistersinger.us/shop/n03-40mm-sunburst-blue/
https://nomos-glashuette.com/en/ahoi/ahoi-atlantic-552
https://shop.ballwatch.ch/en/SkindiverHeritage?model=DM3208B-P1-BE
https://shop.ballwatch.ch/en/SkindiverHeritage?model=DM3208B-S1-BE
https://shop.ballwatch.ch/en/SkindiverHeritageCOSC?model=DM3208B-P1C-BE
https://shop.ballwatch.ch/en/SkindiverHeritageCOSC?model=DM3208B-S1C-BE
https://shop.hamiltonwatch.com/hamilton-collection/american-classic/american-classic-timeless-bagley-quartz-quartz-h12341555.html
https://shop.hamiltonwatch.com/hamilton-collection/american-classic/american-classic-timeless-classic-pulsomatic-h52585339.html
https://shop.hamiltonwatch.com/hamilton-collection/american-classic/h40311121-railroad-lady-quartz.html
https://shop.hamiltonwatch.com/hamilton-collection/american-classic/railroad-lady-automatic-h40405121.html
https://shop.hamiltonwatch.com/hamilton-collection/field/h69429901-khaki-field-mechanical.html
https://shop.hamiltonwatch.com/hamilton-collection/jazzmaster/american-classic-jazzmaster-chrono-quartz-h32612735.html
https://shop.hamiltonwatch.com/hamilton-collection/jazzmaster/american-classic-jazzmaster-lady-quartz-h32261137.html
https://shop.hamiltonwatch.com/hamilton-collection/jazzmaster/american-classic-jazzmaster-maestro-auto-chrono-h32576555.html
https://shop.hamiltonwatch.com/hamilton-collection/jazzmaster/american-classic-jazzmaster-square-lady-quartz-h32291114.html
https://shop.hamiltonwatch.com/hamilton-collection/jazzmaster/american-classic-jazzmaster-viewmatic-auto-h32305195.html
https://shop.hamiltonwatch.com/hamilton-collection/jazzmaster/h38525121-jazzmaster-thinline-auto.html
https://shop.hamiltonwatch.com/hamilton-collection/jazzmaster/h42215651-jazzmaster-lady-auto.html
https://shop.hamiltonwatch.com/hamilton-collection/jazzmaster/h42245191-jazzmaster-lady-auto.html
https://shop.hamiltonwatch.com/hamilton-collection/ventura-watch/ventura-h24211941.html
https://shop.us.longines.com/longines-collections/classic/l42743217-flagship-26mm-stainless-steel-pvd-automatic.html
https://shop.us.longines.com/longines-collections/classic/l42744116-flagship-26mm-stainless-steel-automatic.html
https://shop.us.longines.com/longines-collections/classic/l42744966-flagship-26mm-stainless-steel-automatic.html
https://shop.us.longines.com/longines-collections/classic/l47743377-flagship-35mm-stainless-steel-pvd-automatic.html
https://shop.us.longines.com/longines-collections/classic/l47744526-flagship-35mm-stainless-steel-automatic.html
https://shop.us.longines.com/longines-collections/classic/l47994126-flagship-35mm-stainless-steel-automatic.html
https://shop.us.longines.com/longines-collections/classic/l48044112-presences-34mm-stainless-steel-automatic.html
https://shop.us.longines.com/longines-collections/classic/l48044116-presences-34mm-stainless-steel-automatic.html
https://shop.us.longines.com/longines-collections/classic/l48994572-flagship-38mm-stainless-steel-automatic.html
https://shop.us.longines.com/longines-collections/classic/l49212528-presences-38mm-pvd-automatic.html
https://shop.us.longines.com/longines-collections/classic/l49743227-flagship-38mm-stainless-steel-pvd-automatic.html
https://shop.us.longines.com/longines-collections/classic/l49744216-flagship-38mm-stainless-steel-automatic.html
https://shop.us.longines.com/longines-collections/classic/l49744522-flagship-38mm-stainless-steel-automatic.html
https://shop.us.longines.com/longines-collections/longines-collections-elegance/l22854876-conquest-classic-29mm-stainless-steel-automatic.html
https://shop.us.longines.com/longines-collections/longines-collections-elegance/l23855567-conquest-classic-34mm-stainless-steel-gold-cap-200-automatic.html
https://shop.us.longines.com/longines-collections/longines-collections-elegance/l27864566-conquest-classic-41mm-stainless-steel-automatic.html
https://shop.us.longines.com/longines-collections/longines-collections-elegance/l61294736-equestrian-collection-etrier-23mm-stainless-steel.html
https://shop.us.longines.com/longines-collections/longines-collections-elegance/l61310712-the-longines-equestrian-collection-30mm-stainless-steel.html
https://shop.us.longines.com/longines-collections/longines-collections-elegance/l61310892-the-longines-equestrian-collection-30mm-stainless-steel.html
https://shop.us.longines.com/longines-collections/longines-collections-elegance/l61360872-the-longines-equestrian-collection-26mm-stainless-steel.html
https://shop.us.longines.com/longines-collections/longines-collections-elegance/l61370570-the-longines-equestrian-collection-30mm-stainless-steel.html
https://shop.us.longines.com/longines-collections/longines-collections-elegance/l61370712-the-longines-equestrian-collection-30mm-stainless-steel.html
https://shop.us.longines.com/longines-collections/longines-collections-elegance/l61414576-equestrian-collection-boucle-22mm-stainless-steel.html
https://shop.us.longines.com/longines-collections/longines-collections-elegance/l61414776-equestrian-collection-boucle-22mm-stainless-steel.html
https://shop.us.longines.com/longines-collections/longines-collections-elegance/l61420570-equestrian-collection-boucle-24mm-stainless-steel.html
https://shop.us.longines.com/longines-collections/longines-collections-elegance/l61420576-equestrian-collection-boucle-24mm-stainless-steel.html
https://shop.us.longines.com/longines-collections/longines-collections-elegance/l61420712-equestrian-collection-boucle-24mm-stainless-steel.html
https://shop.us.longines.com/longines-collections/longines-collections-elegance/l61420776-equestrian-collection-boucle-24mm-stainless-steel.html
https://shop.us.longines.com/longines-collections/longines-collections-elegance/l61420872-equestrian-collection-boucle-24mm-stainless-steel.html
https://shop.us.longines.com/longines-collections/longines-collections-elegance/l61420876-equestrian-collection-boucle-24mm-stainless-steel.html
https://shop.us.longines.com/longines-collections/longines-collections-elegance/l61424570-equestrian-collection-boucle-24mm-stainless-steel.html
https://shop.us.longines.com/longines-collections/longines-collections-elegance/l61424712-equestrian-collection-boucle-24mm-stainless-steel.html
https://shop.us.longines.com/longines-collections/longines-collections-elegance/l61424872-equestrian-collection-boucle-24mm-stainless-steel.html
https://shop.us.longines.com/longines-collections/longines-collections-sport/hydroconquest-44mm-blue-dial-automatic-diving-watch.html
https://shop.us.longines.com/longines-collections/longines-collections-sport/hydroconquest-ceramic-43mm-automatic.html
https://shop.us.longines.com/longines-collections/longines-collections-sport/l33403587-hydroconquest-34mm-stainless-steel-pvd-diving-watch.html
https://shop.us.longines.com/longines-collections/longines-collections-sport/l33403967-hydroconquest-34mm-stainless-steel-pvd-diving-watch.html
https://shop.us.longines.com/longines-collections/longines-collections-sport/l33403987-hydroconquest-34mm-stainless-steel-pvd-diving-watch.html
https://shop.us.longines.com/longines-collections/longines-collections-sport/l33804586-conquest-29mm-stainless-steel.html
https://shop.us.longines.com/longines-collections/longines-collections-sport/l33814876-conquest-34mm-stainless-steel.html
https://shop.us.longines.com/longines-collections/longines-collections-sport/l37824566-hydroconquest-43mm-stainless-steel-and-ceramic-automatic-diving-watch.html
https://shop.us.longines.com/longines-collections/longines-collections-sport/l37834766-hydroconquest-41mm-stainless-steel-and-ceramic-chronograph.html
https://shop.us.longines.com/longines-collections/longines-collections-sport/l38434562-hydroconquest-47mm-stainless-steel-chronograph.html
https://shop.us.longines.com/longines-collections/longines-collections-watchmaking-heritage/l26784110-lindbergh-47mm-stainless-steel-automatic.html
https://shop.us.longines.com/longines-collections/longines-collections-watchmaking-heritage/l28084526-the-longines-heritage-diver-1967-42mm-stainless-steel-automatic.html
https://shop.us.longines.com/longines-collections/longines-collections-watchmaking-heritage/l28114530-the-longines-heritage-military-44mm-stainless-steel-automatic.html
https://shop.us.longines.com/longines-collections/longines-collections-watchmaking-heritage/l28224569-the-longines-skin-diver-watch-42mm-stainless-steel-pvd-automatic.html
https://shop.us.longines.com/longines-collections/longines-collections-watchmaking-heritage/l33744600-legend-diver-36mm-stainless-steel-automatic.html
https://shop.us.longines.com/longines-collections/longines-collections-watchmaking-heritage/l33744606-legend-diver-36mm-stainless-steel-automatic.html
https://shop.us.longines.com/longines-collections/longines-collections-watchmaking-heritage/l36744506-heritage-1945.html
https://shop.us.longines.com/longines-collections/longines-collections-watchmaking/l22574713-the-longines-master-collection-29mm-stainless-steel-automatic.html
https://shop.us.longines.com/longines-collections/longines-collections-watchmaking/l23200876-record-26mm-stainless-steel-automatic.html
https://shop.us.longines.com/longines-collections/longines-collections-watchmaking/l23424516-evidenza-30mm-stainless-steel-automatic.html
https://shop.us.longines.com/longines-collections/longines-collections-watchmaking/l23424734-evidenza-30mm-stainless-steel-automatic.html
https://shop.us.longines.com/longines-collections/longines-collections-watchmaking/l23424736-evidenza-30mm-stainless-steel-automatic.html
https://shop.us.longines.com/longines-collections/longines-collections-watchmaking/l23855877-conquest-classic-34mm-stainless-steel-gold-cap-200-automatic.html
https://shop.us.longines.com/longines-collections/longines-collections-watchmaking/l27934922-the-longines-master-collection-40mm-stainless-steel-automatic.html
https://shop.us.longines.com/longines-collections/longines-collections-watchmaking/l28934922-the-longines-master-collection-42mm-stainless-steel-automatic.html
https://shop.us.longines.com/longines-collections/longines-collections-watchmaking/longines-collections-watchmaking-master/l27934516-the-longines-master-collection-40mm-stainless-steel-automatic.html
https://shop.us.longines.com/longines-collections/longines-collections-watchmaking/the-longines-master-collection-40mm-blue-dial-automatic-1-1.html
https://www.armani.com/sg/armanicom/emporio-armani/_cod50198045bo.html#dept=wtchs
https://www.armani.com/sg/armanicom/emporio-armani/_cod50231154pv.html#dept=wtchs
https://www.armani.com/sg/armanicom/emporio-armani/_cod50232372hg.html#dept=wtchs
https://www.armani.com/sg/armanicom/emporio-armani/_cod50236380ox.html#dept=wtchs
https://www.armani.com/sg/armanicom/emporio-armani/_cod50236424ln.html#dept=wtchs
https://www.armani.com/sg/armanicom/emporio-armani/_cod50236425hf.html#dept=wtchs
https://www.armani.com/sg/armanicom/emporio-armani/_cod50236582bv.html#dept=wtchs
https://www.armani.com/sg/armanicom/emporio-armani/_cod50237187gw.html#dept=wtchs
https://www.armani.com/sg/armanicom/emporio-armani/_cod50240021kx.html#dept=wtchs
https://www.armani.com/sg/armanicom/emporio-armani/_cod50240639ke.html#dept=wtchs
https://www.armani.com/sg/armanicom/emporio-armani/_cod50243277bw.html#dept=wtchs
https://www.armani.com/sg/armanicom/emporio-armani/_cod50252585pw.html#dept=wtchs
https://www.armani.com/sg/armanicom/emporio-armani/_cod50252588gv.html#dept=wtchs
https://www.armani.com/sg/armanicom/emporio-armani/_cod50252592iu.html#dept=wtchs
https://www.armani.com/sg/armanicom/emporio-armani/orologio-con-cinturino-in-pelle-e-movimento-al-quarzo_cod50249837sq.html#dept=wtchs
https://www.armani.com/sg/armanicom/emporio-armani/orologio-con-cinturino-in-pelle-e-movimento-automatico_cod50232372hg.html#dept=wtchs
https://www.armani.com/sg/armanicom/emporio-armani/orologio-con-movimento-meccanico-e-quadrante-con-fondo-trasparente_cod50240639ke.html#dept=wtchs
https://www.armani.com/sg/armanicom/emporio-armani/orologio-da-donna-al-quarzo-in-acciaio-inox_cod50249838on.html#dept=wtchs
https://www.armani.com/sg/armanicom/emporio-armani/orologio-in-acciaio-con-movimento-al-quarzo_cod50249385ul.html#dept=wtchs
https://www.armani.com/sg/armanicom/emporio-armani/orologio-swiss-made-in-acciaio_cod50232371tb.html#dept=wtchs
https://www.armani.com/sg/armanicom/emporio-armani/steel-quartz-watch_cod50249385ul.html#dept=wtchs
https://www.armani.com/sg/armanicom/emporio-armani/three-hand-automatic-stainless-steel-watch_cod50249385ul.html#dept=wtchs
https://www.audemarspiguet.com/com/en/watch-collection/millenary/15320BC.OO.D002CR.01.html
https://www.audemarspiguet.com/com/en/watch-collection/millenary/15320OR.OO.D002CR.01.html
https://www.audemarspiguet.com/com/en/watch-collection/millenary/15320OR.OO.D093CR.01.html
https://www.audemarspiguet.com/com/en/watch-collection/millenary/15320OR.OO.D095CR.01.html
https://www.audemarspiguet.com/com/en/watch-collection/millenary/15326BC.ZZ.D102CR.01.html
https://www.audemarspiguet.com/com/en/watch-collection/millenary/15331OR.OO.D102CR.01.html
https://www.audemarspiguet.com/com/en/watch-collection/millenary/26371OR.OO.D803CR.01.html
https://www.audemarspiguet.com/com/en/watch-collection/millenary/77226OR.ZZ.A012SU.01.html
https://www.audemarspiguet.com/com/en/watch-collection/millenary/77227BC.ZD.A007SU.01.html
https://www.audemarspiguet.com/com/en/watch-collection/millenary/77227OR.ZZ.A012SU.01.html
https://www.audemarspiguet.com/com/en/watch-collection/millenary/77247BC.ZZ.1272BC.01.html
https://www.audemarspiguet.com/com/en/watch-collection/millenary/77247BC.ZZ.A813CR.01.html
https://www.audemarspiguet.com/com/en/watch-collection/millenary/77247OR.ZZ.1272OR.01.html
https://www.audemarspiguet.com/com/en/watch-collection/millenary/77249BC.ZZ.A102CR.01.html
https://www.audemarspiguet.com/com/en/watch-collection/millenary/77266BC.GG.A326CR.01.html
https://www.audemarspiguet.com/com/en/watch-collection/millenary/77301BA.ZZ.D097CR.01.html
https://www.audemarspiguet.com/com/en/watch-collection/millenary/77301ST.ZZ.D015CR.01.html
https://www.audemarspiguet.com/com/en/watch-collection/millenary/77302BA.ZZ.D094CR.01.html
https://www.audemarspiguet.com/com/en/watch-collection/millenary/77303BC.ZZ.D007SU.01.html
https://www.audemarspiguet.com/com/en/watch-collection/millenary/77303OR.ZZ.D009SU.01.html
https://www.audemarspiguet.com/com/en/watch-collection/millenary/77306BC.ZZ.D007SU.01.html
https://www.audemarspiguet.com/com/en/watch-collection/millenary/77316BC.ZZ.D007SU.01.html
https://www.audemarspiguet.com/com/en/watch-collection/royal-oak-concept/26593BA.ZZ.D002CA.01.html
https://www.audemarspiguet.com/com/en/watch-collection/royal-oak-offshore/15703ST.OO.A002CA.01.html
https://www.audemarspiguet.com/com/en/watch-collection/royal-oak-offshore/15707CB.OO.A010CA.01.html
https://www.audemarspiguet.com/com/en/watch-collection/royal-oak-offshore/15710ST.OO.A002CA.01.html
https://www.audemarspiguet.com/com/en/watch-collection/royal-oak-offshore/15710ST.OO.A002CA.02.html
https://www.audemarspiguet.com/com/en/watch-collection/royal-oak-offshore/15710ST.OO.A038CA.01.html
https://www.audemarspiguet.com/com/en/watch-collection/royal-oak-offshore/15710ST.OO.A051CA.01.html
https://www.audemarspiguet.com/com/en/watch-collection/royal-oak-offshore/15710ST.OO.A052CA.01.html
https://www.audemarspiguet.com/com/en/watch-collection/royal-oak-offshore/15710ST.OO.A070CA.01.html
https://www.audemarspiguet.com/com/en/watch-collection/royal-oak-offshore/15710ST.OO.A085CA.01.html
https://www.audemarspiguet.com/com/en/watch-collection/royal-oak-offshore/15711OI.OO.A006CA.01.html
https://www.audemarspiguet.com/com/en/watch-collection/royal-oak-offshore/25940OK.OO.D002CA.02.html
https://www.audemarspiguet.com/com/en/watch-collection/royal-oak-offshore/25940SK.OO.D002CA.01.html
https://www.audemarspiguet.com/com/en/watch-collection/royal-oak-offshore/26048OK.ZZ.D010CA.01.html
https://www.audemarspiguet.com/com/en/watch-collection/royal-oak-offshore/26048SK.ZZ.D002CA.01.html
https://www.audemarspiguet.com/com/en/watch-collection/royal-oak-offshore/26048SK.ZZ.D010CA.01.html
https://www.audemarspiguet.com/com/en/watch-collection/royal-oak-offshore/26067BA.ZZ.D088CR.01.html
https://www.audemarspiguet.com/com/en/watch-collection/royal-oak-offshore/26067OR.ZZ.D002CR.01.html
https://www.audemarspiguet.com/com/en/watch-collection/royal-oak-offshore/26170OR.OO.1000OR.01.html
https://www.audemarspiguet.com/com/en/watch-collection/royal-oak-offshore/26215BC.ZZ.A101CR.01.html
https://www.audemarspiguet.com/com/en/watch-collection/royal-oak-offshore/26231BA.ZZ.D027CA.01.html
https://www.audemarspiguet.com/com/en/watch-collection/royal-oak-offshore/26231OR.ZZ.D003CA.01.html
https://www.audemarspiguet.com/com/en/watch-collection/royal-oak-offshore/26231ST.ZZ.D010CA.01.html
https://www.audemarspiguet.com/com/en/watch-collection/royal-oak-offshore/26234SR.ZZ.D202CR.01.html
https://www.audemarspiguet.com/com/en/watch-collection/royal-oak-offshore/26283ST.OO.D002CA.01.html
https://www.audemarspiguet.com/com/en/watch-collection/royal-oak-offshore/26290IO.OO.A001VE.01.html
https://www.audemarspiguet.com/com/en/watch-collection/royal-oak-offshore/26400IO.OO.A004CA.01.html
https://www.audemarspiguet.com/com/en/watch-collection/royal-oak-offshore/26400SO.OO.A002CA.01.html
https://www.audemarspiguet.com/com/en/watch-collection/royal-oak-offshore/26400SO.OO.A054CA.01.html
https://www.audemarspiguet.com/com/en/watch-collection/royal-oak-offshore/26400SO.OO.A055CA.01.html
https://www.audemarspiguet.com/com/en/watch-collection/royal-oak-offshore/26400SO.OO.A335CA.01.html
https://www.audemarspiguet.com/com/en/watch-collection/royal-oak-offshore/26401PO.OO.A018CR.01.html
https://www.audemarspiguet.com/com/en/watch-collection/royal-oak-offshore/26401RO.OO.A002CA.01.html
https://www.audemarspiguet.com/com/en/watch-collection/royal-oak-offshore/26401RO.OO.A087CA.01.html
https://www.audemarspiguet.com/com/en/watch-collection/royal-oak-offshore/26402CE.OO.A002CA.02.html
https://www.audemarspiguet.com/com/en/watch-collection/royal-oak-offshore/26403BC.ZZ.D102CR.01.html
https://www.audemarspiguet.com/com/en/watch-collection/royal-oak-offshore/26405CE.OO.A002CA.01.html
https://www.audemarspiguet.com/com/en/watch-collection/royal-oak-offshore/26405CE.OO.A002CA.02.html
https://www.audemarspiguet.com/com/en/watch-collection/royal-oak-offshore/26407TI.GG.A002CA.01.html
https://www.audemarspiguet.com/com/en/watch-collection/royal-oak-offshore/26415CE.OO.A002CA.01.html
https://www.audemarspiguet.com/com/en/watch-collection/royal-oak-offshore/26470BA.OO.1000BA.01.html
https://www.audemarspiguet.com/com/en/watch-collection/royal-oak-offshore/26470IO.OO.A006CA.01.html
https://www.audemarspiguet.com/com/en/watch-collection/royal-oak-offshore/26470OR.OO.1000OR.03.html
https://www.audemarspiguet.com/com/en/watch-collection/royal-oak-offshore/26470OR.OO.A002CR.01.html
https://www.audemarspiguet.com/com/en/watch-collection/royal-oak-offshore/26470OR.OO.A099CR.01.html
https://www.audemarspiguet.com/com/en/watch-collection/royal-oak-offshore/26470OR.OO.A125CR.01.html
https://www.audemarspiguet.com/com/en/watch-collection/royal-oak-offshore/26470SO.OO.A002CA.01.html
https://www.audemarspiguet.com/com/en/watch-collection/royal-oak-offshore/26470ST.OO.A027CA.01.html
https://www.audemarspiguet.com/com/en/watch-collection/royal-oak-offshore/26470ST.OO.A028CR.01.html
https://www.audemarspiguet.com/com/en/watch-collection/royal-oak-offshore/26470ST.OO.A099CR.01.html
https://www.audemarspiguet.com/com/en/watch-collection/royal-oak-offshore/26470ST.OO.A104CR.01.html
https://www.audemarspiguet.com/com/en/watch-collection/royal-oak-offshore/26470ST.OO.A801CR.01.html
https://www.audemarspiguet.com/com/en/watch-collection/royal-oak-offshore/26471SR.OO.D101CR.01.html
https://www.audemarspiguet.com/com/en/watch-collection/royal-oak-offshore/26480TI.OO.A027CA.01.html
https://www.audemarspiguet.com/com/en/watch-collection/royal-oak-offshore/26571BC.OO.A002CA.01.html
https://www.audemarspiguet.com/com/en/watch-collection/royal-oak-offshore/26571IO.OO.A002CA.01.html
https://www.audemarspiguet.com/com/en/watch-collection/royal-oak-offshore/26571IO.OO.A010CA.01.html
https://www.audemarspiguet.com/com/en/watch-collection/royal-oak-offshore/26571OR.OO.A002CA.01.html
https://www.audemarspiguet.com/com/en/watch-collection/royal-oak-offshore/26582CB.OO.A010CA.01.html
https://www.audemarspiguet.com/com/en/watch-collection/royal-oak-offshore/26582CE.OO.A002CA.01.html
https://www.audemarspiguet.com/com/en/watch-collection/royal-oak-offshore/26703ST.OO.A038CA.01.html
https://www.audemarspiguet.com/com/en/watch-collection/royal-oak-offshore/26703ST.OO.A070CA.01.html
https://www.audemarspiguet.com/com/en/watch-collection/royal-oak-offshore/67540OK.ZZ.A010CA.01.html
https://www.audemarspiguet.com/com/en/watch-collection/royal-oak-offshore/67540SK.ZZ.A010CA.01.html
https://www.audemarspiguet.com/com/en/watch-collection/royal-oak-offshore/67543BC.ZZ.D023CR.01.html
https://www.audemarspiguet.com/com/en/watch-collection/royal-oak-offshore/67543BC.ZZ.D314CR.01.html
https://www.audemarspiguet.com/com/en/watch-collection/royal-oak-offshore/67543BC.ZZ.DXXXCR.01.html
https://www.baume-et-mercier.com/us/en/collections/clifton-men/watch-clifton-10306-month.html
https://www.blancpain.com/en/fifty-fathoms/automatique-5008-1130-71s
https://www.blancpain.com/en/fifty-fathoms/automatique-5008-1130-b52a
https://www.blancpain.com/en/fifty-fathoms/automatique-5008-1130-naba
https://www.blancpain.com/en/fifty-fathoms/barakuda
https://www.blancpain.com/en/fifty-fathoms/bathyscaphe-quantieme-complet-phase-lune-5054-1110-70b
https://www.blancpain.com/en/fifty-fathoms/bathyscaphe-quantieme-complet-phase-lune-5054-1110-b52a
https://www.blancpain.com/en/fifty-fathoms/bathyscaphe-quantieme-complet-phase-lune-5054-1110-naba
https://www.blancpain.com/en/fifty-fathoms/chronographe-flyback-5085f-1130-52a
https://www.blancpain.com/en/fifty-fathoms/chronographe-flyback-5085f-1130-71s
https://www.blancpain.com/en/fifty-fathoms/chronographe-flyback-5085f-3630-52a
https://www.blancpain.com/en/fifty-fathoms/chronographe-flyback-5085fa-3630-63b
https://www.blancpain.com/en/fifty-fathoms/chronographe-flyback-5085fb-1140-52b
https://www.blancpain.com/en/fifty-fathoms/chronographe-flyback-5085fb-1140-71b
https://www.blancpain.com/en/fifty-fathoms/chronographe-flyback-quantieme-complet-5066f-1140-52b
https://www.blancpain.com/en/fifty-fathoms/nageurs-combat-automatique
https://www.blancpain.com/en/fifty-fathoms/tourbillon-8-jours-5025-3630-52a
https://www.blancpain.com/en/villeret/calendrier-chinois-traditionnel-00888i-3431-55b
https://www.blancpain.com/en/villeret/demi-fuseau-horaire-demi-savonette-6665-3642-55b
https://www.blancpain.com/en/villeret/large-date-jour-retrograde-6668-1127-55b
https://www.blancpain.com/en/villeret/large-date-jour-retrograde-6668-1127-mmb
https://www.blancpain.com/en/villeret/large-date-jour-retrograde-6668-3642-55a
https://www.blancpain.com/en/villeret/large-date-jour-retrograde-6668-3642-mmb
https://www.blancpain.com/en/villeret/quantieme-complet
https://www.blancpain.com/en/villeret/villeret-ultraplate-6224-3642-55a
https://www.blancpain.com/en/women/saint-valentin-2020
https://www.casio.com/products/watches/baby-g/ba112-2a
https://www.casio.com/products/watches/baby-g/ba130-1a4
https://www.casio.com/products/watches/baby-g/bg169r-7c
https://www.casio.com/products/watches/baby-g/msgs500g-2a
https://www.casio.com/products/watches/baby-g/msgs500g-2a2
https://www.casio.com/products/watches/classic/la20wh-8a
https://www.casio.com/products/watches/databank/aw80-7av
https://www.casio.com/products/watches/databank/ca506b-1avt
https://www.casio.com/products/watches/databank/ca506g-9avt
https://www.casio.com/products/watches/dress/ef106d-2av
https://www.casio.com/products/watches/dress/efa120d-1av
https://www.casio.com/products/watches/edifice/ecb10d-2a
https://www.casio.com/products/watches/edifice/ecb10p-1a
https://www.casio.com/products/watches/edifice/ecb10pb-1a
https://www.casio.com/products/watches/edifice/ecb20at-2a
https://www.casio.com/products/watches/edifice/ecb20d-1a
https://www.casio.com/products/watches/edifice/ecb20db-1a
https://www.casio.com/products/watches/edifice/ecb20dc-1a
https://www.casio.com/products/watches/edifice/ecb800db-1a
https://www.casio.com/products/watches/edifice/ecb900db-1a
https://www.casio.com/products/watches/edifice/ecb900db-1b
https://www.casio.com/products/watches/edifice/ecb900db-1c
https://www.casio.com/products/watches/edifice/ecb900pb-1a
https://www.casio.com/products/watches/edifice/ef305-1av
https://www.casio.com/products/watches/edifice/ef527d-1av
https://www.casio.com/products/watches/edifice/ef539d-2av
https://www.casio.com/products/watches/edifice/efr564d-1a
https://www.casio.com/products/watches/edifice/efr564d-2av
https://www.casio.com/products/watches/edifice/efrs567d-1av
https://www.casio.com/products/watches/edifice/efs500db-1bv
https://www.casio.com/products/watches/edifice/efss510d-2av
https://www.casio.com/products/watches/edifice/efv550d-1av
https://www.casio.com/products/watches/edifice/efv550d-7av
https://www.casio.com/products/watches/edifice/efv590d-1av
https://www.casio.com/products/watches/edifice/efv590d-2av
https://www.casio.com/products/watches/edifice/eqb1000d-1a
https://www.casio.com/products/watches/edifice/eqb1000xd-1a
https://www.casio.com/products/watches/edifice/eqb501xbl-2a
https://www.casio.com/products/watches/edifice/eqb501xbr-1a
https://www.casio.com/products/watches/edifice/eqb501xd-1a
https://www.casio.com/products/watches/edifice/eqb501xdb-1a
https://www.casio.com/products/watches/edifice/eqb800br-1a
https://www.casio.com/products/watches/edifice/eqb800db-1a
https://www.casio.com/products/watches/edifice/eqb900db-2a
https://www.casio.com/products/watches/edifice/eqs500db-1a1
https://www.casio.com/products/watches/g-shock/dw5600ms-1
https://www.casio.com/products/watches/g-shock/dw5600sc-4
https://www.casio.com/products/watches/g-shock/ga110ls-1a
https://www.casio.com/products/watches/g-shock/gbd800sf-1
https://www.casio.com/products/watches/g-shock/gm5600-1
https://www.casio.com/products/watches/g-shock/gwb5600gz-1
https://www.casio.com/products/watches/pro-trek/prg600y-l
https://www.casio.com/products/watches/sports/b650wd-1a
https://www.casio.com/products/watches/sports/w87h-1v
https://www.casio.com/products/watches/vintage/a168wg-9vt
https://www.chopard.com/us/happy-sport-italy-special-edition-278559-6020
https://www.chopard.com/us/happy-sport-italy-special-edition-278573-6028
https://www.chopard.com/us/l-u-c-xp-urushi-year-of-the-dog-161902-5067
https://www.chopard.com/us/l-u-c-xps-1860-azur-161946-1002
https://www.chopard.com/us/mille-miglia-2018-race-edition-168589-3006
https://www.chopard.com/us/watches/ladies-watches/classic/classic-124200-5001
https://www.chopard.com/us/watches/ladies-watches/classic/classic-127387-5201
https://www.chopard.com/us/watches/ladies-watches/classic/classic-134200-5001
https://www.chopard.com/us/watches/ladies-watches/happy-sport/happy-sport-278573-3003
https://www.chopard.com/us/watches/ladies-watches/l-u-c/l-u-c-xp-esprit-de-fleurier-peony-131944-5003
https://www.chopard.com/us/watches/ladies-watches/l-u-c/l-u-c-xps-esprit-de-fleurier-peony-131968-1002
https://www.chopard.com/us/watches/ladies-watches/la-strada/la-strada-419402-1004
https://www.chopard.com/us/watches/ladies-watches/la-strada/la-strada-419403-5007
https://www.chopard.com/us/watches/mens-watches/classic-racing/superfast/superfast-chrono-168535-3001
https://www.chopard.com/us/watches/mens-watches/classic-racing/superfast/superfast-chrono-porsche-919-edition-168535-3002
https://www.chopard.com/us/watches/mens-watches/classic-racing/superfast/superfast-power-control-168537-3001
https://www.chopard.com/us/watches/mens-watches/classic/classic-161278-5005
https://www.chopard.com/us/watches/mens-watches/classic/classic-163154-5201
https://www.chopard.com/us/watches/mens-watches/l-u-c/hour-minute/l-u-c-xps-twist-qf-fairmined-161945-5001
https://www.chopard.com/us/watches/mens-watches/l-u-c/moon-phases/l-u-c-chronograph-heritage-161964-5001
https://www.chopard.com/us/watches/mens-watches/l-u-c/moon-phases/l-u-c-chronograph-heritage-purists-edition-168556-3001
https://www.chopard.com/us/watches/mens-watches/l-u-c/moon-phases/l-u-c-quattro-tourbillon-heritage-161970-5001
https://www.fossil.com/en-us/products/flynn-mechanical-brown-leather-watch/BQ2215.html
https://www.fossil.com/en-us/products/hutton-mini-three-hand-blush-leather-watch/BQ3494.html
https://www.fossil.com/en-us/products/neutra-chronograph-watch-and-bracelet-product-set/HOL19PRODSET10.html
https://www.girard-perregaux.com/en/1966/30-mm-49528-52-771-ck6a
https://www.girard-perregaux.com/en/1966/36-mm-49523-11-171-11a
https://www.girard-perregaux.com/en/1966/38-mm-49525-52-131-bk6a
https://www.girard-perregaux.com/en/1966/38-mm-49525d52a1a1-52a
https://www.girard-perregaux.com/en/1966/38-mm-49525d52a1a1-bk6a
https://www.girard-perregaux.com/en/1966/40-mm-49555-11-1a1-11a
https://www.girard-perregaux.com/en/1966/40-mm-49555-11-1a1-bb60
https://www.girard-perregaux.com/en/1966/40-mm-49555-11-231-bb60
https://www.girard-perregaux.com/en/1966/40-mm-49555d11a131-11a
https://www.girard-perregaux.com/en/1966/40-mm-49555d11a131-bb60
https://www.girard-perregaux.com/en/1966/44-mm-49551-11-132-bb60
https://www.girard-perregaux.com/en/1966/44-mm-49551-52-231-bb60
https://www.girard-perregaux.com/en/1966/date-and-moon-phases-49545-11-131-bb60
https://www.girard-perregaux.com/en/1966/date-and-moon-phases-49545-11-1a1-bb60
https://www.girard-perregaux.com/en/1966/date-and-moon-phases-49545d11a131-bb60
https://www.girard-perregaux.com/en/1966/full-calendar-49535-11-1a2-bb60
https://www.girard-perregaux.com/en/1966/full-calendar-49535d11a131-bb60
https://www.girard-perregaux.com/en/1966/large-date-and-moon-phases-49556-52-131-bb6c
https://www.girard-perregaux.com/en/1966/moon-phases-49524d11a171-ck6a
https://www.girard-perregaux.com/en/1966/moon-phases-49524d52a751-ck6a
https://www.girard-perregaux.com/en/1966/wwtc-49557-11-132-11a
https://www.girard-perregaux.com/en/1966/wwtc-49557-11-132-bb6c
https://www.girard-perregaux.com/en/1966/wwtc-49557-52-131-bb6c
https://www.girard-perregaux.com/en/bridges/constant-escapement-lm-93505-21-631-ba6e
https://www.girard-perregaux.com/en/bridges/constant-escapement-lm-93505-39-633-ba6j
https://www.girard-perregaux.com/en/bridges/constant-escapement-lm-93505-52-233-ba6f
https://www.girard-perregaux.com/en/bridges/constant-escapement-lm-93505-53-232-ba6f
https://www.girard-perregaux.com/en/bridges/minute-repeater-tourbillon-bridges-99820-53-002-ba6a
https://www.girard-perregaux.com/en/bridges/tourbillon-three-gold-bridges-45-mm-99280-52-000-ba6e
https://www.girard-perregaux.com/en/bridges/tourbillon-three-gold-bridges-lady-99242d52b401-ck4a
https://www.girard-perregaux.com/en/laureato/laureato-42-mm-81010-26-1834-26a
https://www.girard-perregaux.com/en/laureato/laureato-chronograph-42-mm-81020-52-432-bb4a
https://www.girard-perregaux.com/en/laureato/laureato-chronograph-lady-81040d11a771-bb7b
https://www.girard-perregaux.com/en/laureato/laureato-flying-tourbillon-skeleton-99110-52-000-52a
https://www.girard-perregaux.com/en/laureato/laureato-flying-tourbillon-skeleton-99110-53-001-53a
https://www.girard-perregaux.com/en/laureato/laureato-perpetual-calendar-81035-11-431-11a
https://www.girard-perregaux.com/en/vintage-1945/earth-sky-edition-25882-21-423-bb4a
https://www.girard-perregaux.com/en/vintage-1945/xxl-large-date-and-moon-phases-25882-11-421-bb4a
https://www.girard-perregaux.com/en/vintage-1945/xxl-large-date-and-moon-phases-25882-21-223-bf6a
https://www.girard-perregaux.com/en/vintage-1945/xxl-large-date-and-moon-phases-25882-52-121-bb6b
https://www.girard-perregaux.com/en/vintage-1945/xxl-large-date-and-moon-phases-25882-52-1829bb4a
https://www.girard-perregaux.com/en/vintage-1945/xxl-large-date-and-moon-phases-25882-52-222-bb6b
https://www.glashuette-original.com/en/watches/spezialist/seaq-1-39-11-13-83-33/
https://www.glashuette-original.com/en/watches/spezialist/seaq-1-39-11-13-83-34/
https://www.glashuette-original.com/en/watches/spezialist/seaq-1-39-11-13-83-70/
https://www.marcjacobs.com/peanuts-x-marc-jacobs-the-cuff-watch/M8000757.html?dwvar_M8000757_color=801
https://www.marcjacobs.com/peanuts-x-marc-jacobs-the-round-watch/M8000755.html?dwvar_M8000755_color=102
https://www.marcjacobs.com/the-apple-pendant-watch/M8000758.html?dwvar_M8000758_color=406
https://www.marcjacobs.com/the-apple-watch/M8000742.html?dwvar_M8000742_color=600
https://www.marcjacobs.com/the-chain-watch/M8000735.html?dwvar_M8000735_color=712
https://www.marcjacobs.com/the-chain-watch/M8000735.html?dwvar_M8000735_color=713
https://www.marcjacobs.com/the-cuff-watch/M8000729.html?dwvar_M8000729_color=003
https://www.marcjacobs.com/the-cuff-watch/M8000729.html?dwvar_M8000729_color=004
https://www.marcjacobs.com/the-cuff-watch/M8000729.html?dwvar_M8000729_color=103
https://www.marcjacobs.com/the-cuff-watch/M8000729.html?dwvar_M8000729_color=332
https://www.marcjacobs.com/the-cuff-watch/M8000729.html?dwvar_M8000729_color=412
https://www.marcjacobs.com/the-cuff-watch/M8000729.html?dwvar_M8000729_color=416
https://www.marcjacobs.com/the-cuff-watch/M8000730.html?dwvar_M8000730_color=405
https://www.marcjacobs.com/the-cuff-watch/M8000730.html?dwvar_M8000730_color=511
https://www.marcjacobs.com/the-cuff-watch/M8000731.html?dwvar_M8000731_color=001
https://www.marcjacobs.com/the-cuff-watch/M8000731.html?dwvar_M8000731_color=102
https://www.marcjacobs.com/the-cuff-watch/M8000731.html?dwvar_M8000731_color=656
https://www.marcjacobs.com/the-cuff-watch/M8000756.html?dwvar_M8000756_color=657
https://www.marcjacobs.com/the-cushion-watch/M8000732.html?dwvar_M8000732_color=025
https://www.marcjacobs.com/the-cushion-watch/M8000732.html?dwvar_M8000732_color=660
https://www.marcjacobs.com/the-cushion-watch/M8000732.html?dwvar_M8000732_color=711
https://www.marcjacobs.com/the-cushion-watch/M8000733.html?dwvar_M8000733_color=004
https://www.marcjacobs.com/the-cushion-watch/M8000733.html?dwvar_M8000733_color=006
https://www.marcjacobs.com/the-cushion-watch/M8000733.html?dwvar_M8000733_color=404
https://www.marcjacobs.com/the-cushion-watch/M8000733.html?dwvar_M8000733_color=702
https://www.marcjacobs.com/the-cushion-watch/M8000737.html?dwvar_M8000737_color=001
https://www.marcjacobs.com/the-cushion-watch/M8000737.html?dwvar_M8000737_color=100
https://www.marcjacobs.com/the-cushion-watch/M8000737.html?dwvar_M8000737_color=650
https://www.marcjacobs.com/the-cushion-watch/M8000738.html?dwvar_M8000738_color=022
https://www.marcjacobs.com/the-cushion-watch/M8000738.html?dwvar_M8000738_color=660
https://www.marcjacobs.com/the-cushion-watch/M8000738.html?dwvar_M8000738_color=710
https://www.marcjacobs.com/the-donut-watch/M8000741.html?dwvar_M8000741_color=600
https://www.marcjacobs.com/the-donut-watch/M8000741.html?dwvar_M8000741_color=650
https://www.marcjacobs.com/the-pendant-watch/M8000734.html?dwvar_M8000734_color=022
https://www.marcjacobs.com/the-pendant-watch/M8000734.html?dwvar_M8000734_color=710
https://www.marcjacobs.com/the-round-watch/M8000726.html?dwvar_M8000726_color=022
https://www.marcjacobs.com/the-round-watch/M8000726.html?dwvar_M8000726_color=660
https://www.marcjacobs.com/the-round-watch/M8000726.html?dwvar_M8000726_color=711
https://www.marcjacobs.com/the-round-watch/M8000727.html?dwvar_M8000727_color=003
https://www.marcjacobs.com/the-round-watch/M8000727.html?dwvar_M8000727_color=004
https://www.marcjacobs.com/the-round-watch/M8000727.html?dwvar_M8000727_color=005
https://www.marcjacobs.com/the-round-watch/M8000728.html?dwvar_M8000728_color=312
https://www.marcjacobs.com/the-round-watch/M8000728.html?dwvar_M8000728_color=652
https://www.marcjacobs.com/the-round-watch/M8000739.html?dwvar_M8000739_color=022
https://www.marcjacobs.com/the-round-watch/M8000739.html?dwvar_M8000739_color=660
https://www.marcjacobs.com/the-round-watch/M8000740.html?dwvar_M8000740_color=003
https://www.marcjacobs.com/the-round-watch/M8000740.html?dwvar_M8000740_color=103
https://www.marcjacobs.com/the-round-watch/M8000740.html?dwvar_M8000740_color=652
https://www.mauricelacroix.com/ch_en/watches/watches-aikon-quartz/aikon-chronograph-44mm-ai1018-pvb21-330-1
https://www.mauricelacroix.com/ch_en/watches/watches-aikon/aikon-automatic-35mm-ai6006-ss002-450-1
https://www.mauricelacroix.com/ch_en/watches/watches-aikon/aikon-automatic-35mm-ai6006-ss002-450-4
https://www.mauricelacroix.com/ch_en/watches/watches-aikon/aikon-automatic-42mm-ai-6008-ss001-331-1
https://www.mauricelacroix.com/ch_en/watches/watches-aikon/aikon-automatic-42mm-ai6008-pvb01-330-2
https://www.mauricelacroix.com/ch_en/watches/watches-aikon/aikon-automatic-gmt-43mm-ai6158-ss00f-130-a
https://www.mauricelacroix.com/ch_en/watches/watches-aikon/aikon-automatic-limited-edition-label-noir-ai6008-dlb01-230-2
https://www.mauricelacroix.com/ch_en/watches/watches-aikon/aikon-automatic-mercury-44mm
https://www.mauricelacroix.com/ch_en/watches/watches-aikon/aikon-chronograph-44mm-ai1018-ss001-333-1
https://www.mauricelacroix.com/ch_en/watches/watches-eliros/eliros-chronograph-40mm-el1098-ss001-114-1
https://www.mauricelacroix.com/ch_en/watches/watches-eliros/eliros-chronograph-44mm-el1098-pvb01-310-1
https://www.mauricelacroix.com/ch_en/watches/watches-eliros/eliros-date-30mm-el1094-pvp01-450-1
https://www.mauricelacroix.com/ch_en/watches/watches-eliros/eliros-date-30mm-el1094-ss001-110-1
https://www.mauricelacroix.com/ch_en/watches/watches-eliros/eliros-date-30mm-el1094-ss002-110-1
https://www.mauricelacroix.com/ch_en/watches/watches-eliros/eliros-date-40mm-el1118-ss00e-120-c
https://www.mauricelacroix.com/ch_en/watches/watches-eliros/eliros-date-40mm-el1118-ss00e-420-c
https://www.mauricelacroix.com/ch_en/watches/watches-eliros/eliros-green-smoked-40mm-el1118-pvp01-610-1
https://www.mauricelacroix.com/ch_en/watches/watches-eliros/eliros-moonphase-35mm-el1096-ss001-150-1
https://www.mauricelacroix.com/ch_en/watches/watches-eliros/eliros-moonphase-35mm-el1096-ss002-150-1
https://www.mauricelacroix.com/ch_en/watches/watches-pontos/pontos-chronograph-monopusher-41mm-pt6428-dlb01
https://www.mauricelacroix.com/us_en/aikon-automatic-35-mm-ai6006-ss002-170-1
https://www.mauricelacroix.com/us_en/aikon-automatic-35mm-ai6006-ss002-450-1
https://www.mauricelacroix.com/us_en/aikon-automatic-39mm-ai6007-ss001-330-1
https://www.mauricelacroix.com/us_en/aikon-automatic-39mm-ai6007-ss001-430-1
https://www.mauricelacroix.com/us_en/aikon-automatic-42mm
https://www.mauricelacroix.com/us_en/aikon-automatic-42mm-ai6008-ss002-331-1
https://www.mauricelacroix.com/us_en/aikon-automatic-bronze-42mm-ai6008-brz01-420-1
https://www.mauricelacroix.com/us_en/aikon-automatic-chronograph-44mm-limited-edition
https://www.mauricelacroix.com/us_en/aikon-automatic-mercury-44mm
https://www.mauricelacroix.com/us_en/aikon-automatic-skeleton-manufacture-45mm
https://www.mauricelacroix.com/us_en/aikon-chronograph-44mm
https://www.mauricelacroix.com/us_en/aikon-chronograph-44mm-ai1018-pvb01-334-1
https://www.mauricelacroix.com/us_en/aikon-date-42mm-ai1008-pvy11-432-1
https://www.mauricelacroix.com/us_en/aikon-venturer-43mm
https://www.mauricelacroix.com/us_en/aikon-venturer-43mm-ai6058-ss002-431-1
https://www.mauricelacroix.com/us_en/eliros-chronograph-40mm
https://www.mauricelacroix.com/us_en/eliros-date-30mm-el1094-pvp01-450-1
https://www.mauricelacroix.com/us_en/fiaba-date-fa1003-sd502-170-1
https://www.mauricelacroix.com/us_en/les-classiques-date-40mm-lc6098-ss001-120-1
https://www.mauricelacroix.com/us_en/les-classiques-date-40mm-lc6098-ss001-121-1
https://www.mauricelacroix.com/us_en/masterpiece-moonphase-retrograde-43mm-mp6608-ss001-110-1
https://www.mauricelacroix.com/us_en/pontos-chronograph-43mm-pt6388-ss001-430-1
https://www.mauricelacroix.com/us_en/watches/watches-aikon-quartz/aikon-chronograph-44mm-ai1018-pvb21-330-1
https://www.mauricelacroix.com/us_en/watches/watches-aikon/aikon-automatic-35-mm-ai6006-ss002-170-1
https://www.mauricelacroix.com/us_en/watches/watches-aikon/aikon-automatic-35mm-ai6006-ss002-450-1
https://www.mauricelacroix.com/us_en/watches/watches-aikon/aikon-automatic-42mm
https://www.mauricelacroix.com/us_en/watches/watches-aikon/aikon-automatic-bronze-42mm-ai6008-brz01-420-1
https://www.mauricelacroix.com/us_en/watches/watches-aikon/aikon-automatic-chronograph-44mm-limited-edition
https://www.mauricelacroix.com/us_en/watches/watches-aikon/aikon-automatic-mercury-44mm
https://www.mauricelacroix.com/us_en/watches/watches-aikon/aikon-automatic-skeleton-manufacture-45mm
https://www.mauricelacroix.com/us_en/watches/watches-aikon/aikon-chronograph-44mm-ai1018-ss001-333-1
https://www.mauricelacroix.com/us_en/watches/watches-aikon/aikon-venturer-43mm
https://www.mauricelacroix.com/us_en/watches/watches-aikon/aikon-venturer-43mm-ai6058-ss002-431-1
https://www.mauricelacroix.com/us_en/watches/watches-eliros/eliros-chronograph-40mm
https://www.mauricelacroix.com/us_en/watches/watches-eliros/eliros-chronograph-40mm-el1098-ss001-114-1
https://www.mauricelacroix.com/us_en/watches/watches-eliros/eliros-date-30mm-el1094-pvp01-450-1
https://www.mauricelacroix.com/us_en/watches/watches-eliros/eliros-green-smoked-40mm-el1118-pvp01-610-1
https://www.mauricelacroix.com/us_en/watches/watches-fiaba/fiaba-date-fa1003-sd502-170-1
https://www.mauricelacroix.com/us_en/watches/watches-masterpiece/masterpiece-moonphase-retrograde-43mm-mp6608-ss001-110-1
https://www.mauricelacroix.com/us_en/watches/watches-masterpiece/masterpiece-moonphase-retrograde-43mm-mp6608-ss001-410-1
https://www.mauricelacroix.com/us_en/watches/watches-pontos/pontos-chronograph-43mm-pt6388-ss001-430-1
https://www.mauricelacroix.com/us_en/watches/watches-pontos/pontos-chronograph-monopusher-41mm-pt6428-ss001
https://www.michaelkors.global/en_SG/blair-rose-gold-tone-stainless-steel-chronograph-watch/_/R-MK5263
https://www.midowatches.com/us/m037-207-11-031-01.html
https://www.midowatches.com/us/rainflower-coloris-m0432073310900.html
https://www.muehle-glashuette.de/en/watch/promare-go/
https://www.nixon.com/us/en/arrow-custom/A1091-2800-00.html
https://www.nixon.com/us/en/arrow/A1090-2800-00.html
https://www.nixon.com/us/en/sentry-custom/A105-2800-00.html
https://www.nixon.com/us/en/sentry-stainless-steel/A356-2800-00.html
https://www.nixon.com/us/en/time-teller-custom/A045-2800-00.html
https://www.omegawatches.com.hk/zh/watch-omega-constellation-quartz-24-mm-12310246002001
https://www.omegawatches.com.hk/zh/watch-omega-constellation-quartz-24-mm-12310246002002
https://www.omegawatches.com.hk/zh/watch-omega-constellation-quartz-24-mm-12310246005001
https://www.omegawatches.com.hk/zh/watch-omega-constellation-quartz-24-mm-12310246005002
https://www.omegawatches.com.hk/zh/watch-omega-constellation-quartz-24-mm-12310246051001
https://www.omegawatches.com.hk/zh/watch-omega-constellation-quartz-24-mm-12310246051002
https://www.omegawatches.com.hk/zh/watch-omega-constellation-quartz-24-mm-12310246055001
https://www.omegawatches.com.hk/zh/watch-omega-constellation-quartz-24-mm-12310246055002
https://www.omegawatches.com.hk/zh/watch-omega-constellation-quartz-24-mm-12310246055003
https://www.omegawatches.com.hk/zh/watch-omega-constellation-quartz-24-mm-12310246057001
https://www.omegawatches.com.hk/zh/watch-omega-constellation-quartz-24-mm-12310246057002
https://www.omegawatches.com.hk/zh/watch-omega-constellation-quartz-24-mm-12310246057003
https://www.omegawatches.com.hk/zh/watch-omega-constellation-quartz-24-mm-12315246001001
https://www.omegawatches.com.hk/zh/watch-omega-constellation-quartz-24-mm-12315246003001
https://www.omegawatches.com.hk/zh/watch-omega-constellation-quartz-24-mm-12315246005001
https://www.omegawatches.com.hk/zh/watch-omega-constellation-quartz-24-mm-12315246005002
https://www.omegawatches.com.hk/zh/watch-omega-constellation-quartz-24-mm-12315246005003
https://www.omegawatches.com.hk/zh/watch-omega-constellation-quartz-24-mm-12315246051001
https://www.omegawatches.com.hk/zh/watch-omega-constellation-quartz-24-mm-12315246051002
https://www.omegawatches.com.hk/zh/watch-omega-constellation-quartz-24-mm-12315246055001
https://www.omegawatches.com.hk/zh/watch-omega-constellation-quartz-24-mm-12315246055002
https://www.omegawatches.com.hk/zh/watch-omega-constellation-quartz-24-mm-12315246055004
https://www.omegawatches.com.hk/zh/watch-omega-constellation-quartz-24-mm-12315246055005
https://www.omegawatches.com.hk/zh/watch-omega-constellation-quartz-24-mm-12315246055006
https://www.omegawatches.com.hk/zh/watch-omega-constellation-quartz-24-mm-12315246057001
https://www.omegawatches.com.hk/zh/watch-omega-constellation-quartz-24-mm-12320246002002
https://www.omegawatches.com.hk/zh/watch-omega-constellation-quartz-24-mm-12320246002003
https://www.omegawatches.com.hk/zh/watch-omega-constellation-quartz-24-mm-12320246002004
https://www.omegawatches.com.hk/zh/watch-omega-constellation-quartz-24-mm-12320246005001
https://www.omegawatches.com.hk/zh/watch-omega-constellation-quartz-24-mm-12320246005002
https://www.omegawatches.com.hk/zh/watch-omega-constellation-quartz-24-mm-12320246005003
https://www.omegawatches.com.hk/zh/watch-omega-constellation-quartz-24-mm-12320246005004
https://www.omegawatches.com.hk/zh/watch-omega-constellation-quartz-24-mm-12320246008001
https://www.omegawatches.com.hk/zh/watch-omega-constellation-quartz-24-mm-12320246008002
https://www.omegawatches.com.hk/zh/watch-omega-constellation-quartz-24-mm-12320246053001
https://www.omegawatches.com.hk/zh/watch-omega-constellation-quartz-24-mm-12320246055001
https://www.omegawatches.com.hk/zh/watch-omega-constellation-quartz-24-mm-12320246055002
https://www.omegawatches.com.hk/zh/watch-omega-constellation-quartz-24-mm-12320246055003
https://www.omegawatches.com.hk/zh/watch-omega-constellation-quartz-24-mm-12320246055004
https://www.omegawatches.com.hk/zh/watch-omega-constellation-quartz-24-mm-12320246055007
https://www.omegawatches.com.hk/zh/watch-omega-constellation-quartz-24-mm-12320246055008
https://www.omegawatches.com.hk/zh/watch-omega-constellation-quartz-24-mm-12320246057001
https://www.omegawatches.com.hk/zh/watch-omega-constellation-quartz-24-mm-12320246057002
https://www.omegawatches.com.hk/zh/watch-omega-constellation-quartz-24-mm-12320246057003
https://www.omegawatches.com.hk/zh/watch-omega-constellation-quartz-24-mm-12320246057004
https://www.omegawatches.com.hk/zh/watch-omega-constellation-quartz-24-mm-12320246057005
https://www.omegawatches.com.hk/zh/watch-omega-constellation-quartz-24-mm-12320246057006
https://www.omegawatches.com.hk/zh/watch-omega-constellation-quartz-24-mm-12320246058001
https://www.omegawatches.com.hk/zh/watch-omega-constellation-quartz-24-mm-12320246058002
https://www.omegawatches.com.hk/zh/watch-omega-constellation-quartz-24-mm-12320246063001
https://www.omegawatches.com.hk/zh/watch-omega-constellation-quartz-24-mm-12320246063002
https://www.omegawatches.com.hk/zh/watch-omega-constellation-quartz-24-mm-12325246005001
https://www.omegawatches.com.hk/zh/watch-omega-constellation-quartz-24-mm-12325246005002
https://www.omegawatches.com.hk/zh/watch-omega-constellation-quartz-24-mm-12325246055002
https://www.omegawatches.com.hk/zh/watch-omega-constellation-quartz-24-mm-12325246055003
https://www.omegawatches.com.hk/zh/watch-omega-constellation-quartz-24-mm-12325246055004
https://www.omegawatches.com.hk/zh/watch-omega-constellation-quartz-24-mm-12325246055005
https://www.omegawatches.com.hk/zh/watch-omega-constellation-quartz-24-mm-12325246055006
https://www.omegawatches.com.hk/zh/watch-omega-constellation-quartz-24-mm-12325246055007
https://www.omegawatches.com.hk/zh/watch-omega-constellation-quartz-24-mm-12325246055008
https://www.omegawatches.com.hk/zh/watch-omega-constellation-quartz-24-mm-12325246055010
https://www.omegawatches.com.hk/zh/watch-omega-constellation-quartz-24-mm-12325246055011
https://www.omegawatches.com.hk/zh/watch-omega-constellation-quartz-24-mm-12325246055012
https://www.omegawatches.com.hk/zh/watch-omega-constellation-quartz-24-mm-12325246057001
https://www.omegawatches.com.hk/zh/watch-omega-constellation-quartz-24-mm-12325246057002
https://www.omegawatches.com.hk/zh/watch-omega-constellation-quartz-24-mm-12325246058001
https://www.omegawatches.com.hk/zh/watch-omega-constellation-quartz-24-mm-12325246058002
https://www.omegawatches.com.hk/zh/watch-omega-constellation-quartz-24-mm-12325246063001
https://www.omegawatches.com.hk/zh/watch-omega-constellation-quartz-24-mm-12325246063002
https://www.omegawatches.com.hk/zh/watch-omega-constellation-quartz-24-mm-12350246005001
https://www.omegawatches.com.hk/zh/watch-omega-constellation-quartz-24-mm-12350246008001
https://www.omegawatches.com.hk/zh/watch-omega-constellation-quartz-24-mm-12350246053001
https://www.omegawatches.com.hk/zh/watch-omega-constellation-quartz-24-mm-12350246057001
https://www.omegawatches.com.hk/zh/watch-omega-constellation-quartz-24-mm-12350246058001
https://www.omegawatches.com.hk/zh/watch-omega-constellation-quartz-24-mm-12350246063001
https://www.omegawatches.com.hk/zh/watch-omega-constellation-quartz-24-mm-12355246005001
https://www.omegawatches.com.hk/zh/watch-omega-constellation-quartz-24-mm-12355246005003
https://www.omegawatches.com.hk/zh/watch-omega-constellation-quartz-24-mm-12355246005004
https://www.omegawatches.com.hk/zh/watch-omega-constellation-quartz-24-mm-12355246055001
https://www.omegawatches.com.hk/zh/watch-omega-constellation-quartz-24-mm-12355246055003
https://www.omegawatches.com.hk/zh/watch-omega-constellation-quartz-24-mm-12355246055005
https://www.omegawatches.com.hk/zh/watch-omega-constellation-quartz-24-mm-12355246055009
https://www.omegawatches.com.hk/zh/watch-omega-constellation-quartz-24-mm-12355246055010
https://www.omegawatches.com.hk/zh/watch-omega-constellation-quartz-24-mm-12355246055011
https://www.omegawatches.com.hk/zh/watch-omega-constellation-quartz-24-mm-12355246055012
https://www.omegawatches.com.hk/zh/watch-omega-constellation-quartz-24-mm-12355246055013
https://www.omegawatches.com.hk/zh/watch-omega-constellation-quartz-24-mm-12355246055014
https://www.omegawatches.com.hk/zh/watch-omega-constellation-quartz-24-mm-12355246055017
https://www.omegawatches.com.hk/zh/watch-omega-constellation-quartz-24-mm-12355246057001
https://www.omegawatches.com.hk/zh/watch-omega-constellation-quartz-24-mm-12355246058001
https://www.omegawatches.com.hk/zh/watch-omega-constellation-quartz-24-mm-12355246063001
https://www.omegawatches.com.hk/zh/watch-omega-constellation-quartz-25-mm-13110256002001
https://www.omegawatches.com.hk/zh/watch-omega-constellation-quartz-25-mm-13110256005001
https://www.omegawatches.com.hk/zh/watch-omega-constellation-quartz-25-mm-13110256006001
https://www.omegawatches.com.hk/zh/watch-omega-constellation-quartz-25-mm-13110256052001
https://www.omegawatches.com.hk/zh/watch-omega-constellation-quartz-25-mm-13110256053001
https://www.omegawatches.com.hk/zh/watch-omega-constellation-quartz-25-mm-13110256055001
https://www.omegawatches.com.hk/zh/watch-omega-constellation-quartz-25-mm-13110256056001
https://www.omegawatches.com.hk/zh/watch-omega-constellation-quartz-25-mm-13115256052001
https://www.omegawatches.com.hk/zh/watch-omega-constellation-quartz-25-mm-13115256053001
https://www.omegawatches.com.hk/zh/watch-omega-constellation-quartz-25-mm-13115256055001
https://www.omegawatches.com.hk/zh/watch-omega-constellation-quartz-25-mm-13115256056001
https://www.omegawatches.com.hk/zh/watch-omega-constellation-quartz-25-mm-13120256002001
https://www.omegawatches.com.hk/zh/watch-omega-constellation-quartz-25-mm-13120256002002
https://www.omegawatches.com.hk/zh/watch-omega-constellation-quartz-25-mm-13120256005001
https://www.omegawatches.com.hk/zh/watch-omega-constellation-quartz-25-mm-13120256005002
https://www.omegawatches.com.hk/zh/watch-omega-constellation-quartz-25-mm-13120256008001
https://www.omegawatches.com.hk/zh/watch-omega-constellation-quartz-25-mm-13120256013001
https://www.omegawatches.com.hk/zh/watch-omega-constellation-quartz-25-mm-13120256052001
https://www.omegawatches.com.hk/zh/watch-omega-constellation-quartz-25-mm-13120256052002
https://www.omegawatches.com.hk/zh/watch-omega-constellation-quartz-25-mm-13120256053001
https://www.omegawatches.com.hk/zh/watch-omega-constellation-quartz-25-mm-13120256053002
https://www.omegawatches.com.hk/zh/watch-omega-constellation-quartz-25-mm-13120256055001
https://www.omegawatches.com.hk/zh/watch-omega-constellation-quartz-25-mm-13120256055002
https://www.omegawatches.com.hk/zh/watch-omega-constellation-quartz-25-mm-13120256058001
https://www.omegawatches.com.hk/zh/watch-omega-constellation-quartz-25-mm-13120256063001
https://www.omegawatches.com.hk/zh/watch-omega-constellation-quartz-25-mm-13125256052001
https://www.omegawatches.com.hk/zh/watch-omega-constellation-quartz-25-mm-13125256052002
https://www.omegawatches.com.hk/zh/watch-omega-constellation-quartz-25-mm-13125256053001
https://www.omegawatches.com.hk/zh/watch-omega-constellation-quartz-25-mm-13125256053002
https://www.omegawatches.com.hk/zh/watch-omega-constellation-quartz-25-mm-13125256055001
https://www.omegawatches.com.hk/zh/watch-omega-constellation-quartz-25-mm-13125256055002
https://www.omegawatches.com.hk/zh/watch-omega-constellation-quartz-25-mm-13125256058001
https://www.omegawatches.com.hk/zh/watch-omega-constellation-quartz-25-mm-13125256063001
https://www.omegawatches.com.hk/zh/watch-omega-constellation-quartz-25-mm-13150256053001
https://www.omegawatches.com.hk/zh/watch-omega-constellation-quartz-25-mm-13150256053002
https://www.omegawatches.com.hk/zh/watch-omega-constellation-quartz-25-mm-13150256055001
https://www.omegawatches.com.hk/zh/watch-omega-constellation-quartz-25-mm-13150256055002
https://www.omegawatches.com.hk/zh/watch-omega-constellation-quartz-25-mm-13155256053001
https://www.omegawatches.com.hk/zh/watch-omega-constellation-quartz-25-mm-13155256053002
https://www.omegawatches.com.hk/zh/watch-omega-constellation-quartz-25-mm-13155256055001
https://www.omegawatches.com.hk/zh/watch-omega-constellation-quartz-25-mm-13155256055002
https://www.omegawatches.com.hk/zh/watch-omega-constellation-quartz-27-mm-12310276002002
https://www.omegawatches.com.hk/zh/watch-omega-constellation-quartz-27-mm-12310276002004
https://www.omegawatches.com.hk/zh/watch-omega-constellation-quartz-27-mm-12310276005001
https://www.omegawatches.com.hk/zh/watch-omega-constellation-quartz-27-mm-12310276005002
https://www.omegawatches.com.hk/zh/watch-omega-constellation-quartz-27-mm-12310276051001
https://www.omegawatches.com.hk/zh/watch-omega-constellation-quartz-27-mm-12310276051002
https://www.omegawatches.com.hk/zh/watch-omega-constellation-quartz-27-mm-12310276053001
https://www.omegawatches.com.hk/zh/watch-omega-constellation-quartz-27-mm-12310276055001
https://www.omegawatches.com.hk/zh/watch-omega-constellation-quartz-27-mm-12310276055002
https://www.omegawatches.com.hk/zh/watch-omega-constellation-quartz-27-mm-12310276055003
https://www.omegawatches.com.hk/zh/watch-omega-constellation-quartz-27-mm-12310276055004
https://www.omegawatches.com.hk/zh/watch-omega-constellation-quartz-27-mm-12310276056001
https://www.omegawatches.com.hk/zh/watch-omega-constellation-quartz-27-mm-12310276057002
https://www.omegawatches.com.hk/zh/watch-omega-constellation-quartz-27-mm-12310276057003
https://www.omegawatches.com.hk/zh/watch-omega-constellation-quartz-27-mm-12315276005001
https://www.omegawatches.com.hk/zh/watch-omega-constellation-quartz-27-mm-12315276005002
https://www.omegawatches.com.hk/zh/watch-omega-constellation-quartz-27-mm-12315276051001
https://www.omegawatches.com.hk/zh/watch-omega-constellation-quartz-27-mm-12315276051002
https://www.omegawatches.com.hk/zh/watch-omega-constellation-quartz-27-mm-12315276055001
https://www.omegawatches.com.hk/zh/watch-omega-constellation-quartz-27-mm-12315276055002
https://www.omegawatches.com.hk/zh/watch-omega-constellation-quartz-27-mm-12315276055005
https://www.omegawatches.com.hk/zh/watch-omega-constellation-quartz-27-mm-12320276002001
https://www.omegawatches.com.hk/zh/watch-omega-constellation-quartz-27-mm-12320276002002
https://www.omegawatches.com.hk/zh/watch-omega-constellation-quartz-27-mm-12320276002003
https://www.omegawatches.com.hk/zh/watch-omega-constellation-quartz-27-mm-12320276002004
https://www.omegawatches.com.hk/zh/watch-omega-constellation-quartz-27-mm-12320276005001
https://www.omegawatches.com.hk/zh/watch-omega-constellation-quartz-27-mm-12320276005002
https://www.omegawatches.com.hk/zh/watch-omega-constellation-quartz-27-mm-12320276005003
https://www.omegawatches.com.hk/zh/watch-omega-constellation-quartz-27-mm-12320276005004
https://www.omegawatches.com.hk/zh/watch-omega-constellation-quartz-27-mm-12320276008001
https://www.omegawatches.com.hk/zh/watch-omega-constellation-quartz-27-mm-12320276008002
https://www.omegawatches.com.hk/zh/watch-omega-constellation-quartz-27-mm-12320276052002
https://www.omegawatches.com.hk/zh/watch-omega-constellation-quartz-27-mm-12320276055003
https://www.omegawatches.com.hk/zh/watch-omega-constellation-quartz-27-mm-12320276055004
https://www.omegawatches.com.hk/zh/watch-omega-constellation-quartz-27-mm-12320276055005
https://www.omegawatches.com.hk/zh/watch-omega-constellation-quartz-27-mm-12320276055006
https://www.omegawatches.com.hk/zh/watch-omega-constellation-quartz-27-mm-12320276055007
https://www.omegawatches.com.hk/zh/watch-omega-constellation-quartz-27-mm-12320276055008
https://www.omegawatches.com.hk/zh/watch-omega-constellation-quartz-27-mm-12320276057001
https://www.omegawatches.com.hk/zh/watch-omega-constellation-quartz-27-mm-12320276057002
https://www.omegawatches.com.hk/zh/watch-omega-constellation-quartz-27-mm-12320276057004
https://www.omegawatches.com.hk/zh/watch-omega-constellation-quartz-27-mm-12320276057005
https://www.omegawatches.com.hk/zh/watch-omega-constellation-quartz-27-mm-12320276057006
https://www.omegawatches.com.hk/zh/watch-omega-constellation-quartz-27-mm-12320276057007
https://www.omegawatches.com.hk/zh/watch-omega-constellation-quartz-27-mm-12320276058001
https://www.omegawatches.com.hk/zh/watch-omega-constellation-quartz-27-mm-12320276058002
https://www.omegawatches.com.hk/zh/watch-omega-constellation-quartz-27-mm-12320276058003
https://www.omegawatches.com.hk/zh/watch-omega-constellation-quartz-27-mm-12320276063002
https://www.omegawatches.com.hk/zh/watch-omega-constellation-quartz-27-mm-12320276063003
https://www.omegawatches.com.hk/zh/watch-omega-constellation-quartz-27-mm-12325276055001
https://www.omegawatches.com.hk/zh/watch-omega-constellation-quartz-27-mm-12325276055002
https://www.omegawatches.com.hk/zh/watch-omega-constellation-quartz-27-mm-12325276055004
https://www.omegawatches.com.hk/zh/watch-omega-constellation-quartz-27-mm-12325276055005
https://www.omegawatches.com.hk/zh/watch-omega-constellation-quartz-27-mm-12325276055006
https://www.omegawatches.com.hk/zh/watch-omega-constellation-quartz-27-mm-12325276055007
https://www.omegawatches.com.hk/zh/watch-omega-constellation-quartz-27-mm-12325276055008
https://www.omegawatches.com.hk/zh/watch-omega-constellation-quartz-27-mm-12325276055010
https://www.omegawatches.com.hk/zh/watch-omega-constellation-quartz-27-mm-12325276058002
https://www.omegawatches.com.hk/zh/watch-omega-constellation-quartz-27-mm-12325276063001
https://www.omegawatches.com.hk/zh/watch-omega-constellation-quartz-27-mm-12325276063002
https://www.omegawatches.com.hk/zh/watch-omega-constellation-quartz-27-mm-12350276005001
https://www.omegawatches.com.hk/zh/watch-omega-constellation-quartz-27-mm-12350276005002
https://www.omegawatches.com.hk/zh/watch-omega-constellation-quartz-27-mm-12350276008001
https://www.omegawatches.com.hk/zh/watch-omega-constellation-quartz-27-mm-12350276063001
https://www.omegawatches.com.hk/zh/watch-omega-constellation-quartz-27-mm-12355276055003
https://www.omegawatches.com.hk/zh/watch-omega-constellation-quartz-27-mm-12355276055009
https://www.omegawatches.com.hk/zh/watch-omega-constellation-quartz-27-mm-12355276055010
https://www.omegawatches.com.hk/zh/watch-omega-constellation-quartz-27-mm-12355276055011
https://www.omegawatches.com.hk/zh/watch-omega-constellation-quartz-27-mm-12355276055012
https://www.omegawatches.com.hk/zh/watch-omega-constellation-quartz-27-mm-12355276055013
https://www.omegawatches.com.hk/zh/watch-omega-constellation-quartz-27-mm-12355276055014
https://www.omegawatches.com.hk/zh/watch-omega-constellation-quartz-27-mm-12355276055015
https://www.omegawatches.com.hk/zh/watch-omega-constellation-quartz-27-mm-12355276058001
https://www.omegawatches.com.hk/zh/watch-omega-constellation-quartz-27-mm-12355276063001
https://www.omegawatches.com.hk/zh/watch-omega-constellation-quartz-27-mm-12355276099001
https://www.omegawatches.com.hk/zh/watch-omega-constellation-quartz-27-mm-12355276099004
https://www.omegawatches.com.hk/zh/watch-omega-constellation-quartz-28-mm-13110286002001
https://www.omegawatches.com.hk/zh/watch-omega-constellation-quartz-28-mm-13110286005001
https://www.omegawatches.com.hk/zh/watch-omega-constellation-quartz-28-mm-13110286006001
https://www.omegawatches.com.hk/zh/watch-omega-constellation-quartz-28-mm-13110286052001
https://www.omegawatches.com.hk/zh/watch-omega-constellation-quartz-28-mm-13110286055001
https://www.omegawatches.com.hk/zh/watch-omega-constellation-quartz-28-mm-13110286056001
https://www.omegawatches.com.hk/zh/watch-omega-constellation-quartz-28-mm-13115286052001
https://www.omegawatches.com.hk/zh/watch-omega-constellation-quartz-28-mm-13115286055001
https://www.omegawatches.com.hk/zh/watch-omega-constellation-quartz-28-mm-13115286056001
https://www.omegawatches.com.hk/zh/watch-omega-constellation-quartz-28-mm-13120286002001
https://www.omegawatches.com.hk/zh/watch-omega-constellation-quartz-28-mm-13120286002002
https://www.omegawatches.com.hk/zh/watch-omega-constellation-quartz-28-mm-13120286005001
https://www.omegawatches.com.hk/zh/watch-omega-constellation-quartz-28-mm-13120286005002
https://www.omegawatches.com.hk/zh/watch-omega-constellation-quartz-28-mm-13120286008001
https://www.omegawatches.com.hk/zh/watch-omega-constellation-quartz-28-mm-13120286013001
https://www.omegawatches.com.hk/zh/watch-omega-constellation-quartz-28-mm-13120286052001
https://www.omegawatches.com.hk/zh/watch-omega-constellation-quartz-28-mm-13120286052002
https://www.omegawatches.com.hk/zh/watch-omega-constellation-quartz-28-mm-13120286055001
https://www.omegawatches.com.hk/zh/watch-omega-constellation-quartz-28-mm-13120286055002
https://www.omegawatches.com.hk/zh/watch-omega-constellation-quartz-28-mm-13120286058001
https://www.omegawatches.com.hk/zh/watch-omega-constellation-quartz-28-mm-13120286063001
https://www.omegawatches.com.hk/zh/watch-omega-constellation-quartz-28-mm-13125286052001
https://www.omegawatches.com.hk/zh/watch-omega-constellation-quartz-28-mm-13125286052002
https://www.omegawatches.com.hk/zh/watch-omega-constellation-quartz-28-mm-13125286055001
https://www.omegawatches.com.hk/zh/watch-omega-constellation-quartz-28-mm-13125286055002
https://www.omegawatches.com.hk/zh/watch-omega-constellation-quartz-28-mm-13125286058001
https://www.omegawatches.com.hk/zh/watch-omega-constellation-quartz-28-mm-13125286063001
https://www.omegawatches.com.hk/zh/watch-omega-constellation-quartz-28-mm-13150286055001
https://www.omegawatches.com.hk/zh/watch-omega-constellation-quartz-28-mm-13150286055002
https://www.omegawatches.com.hk/zh/watch-omega-constellation-quartz-28-mm-13155286055001
https://www.omegawatches.com.hk/zh/watch-omega-constellation-quartz-28-mm-13155286055002
https://www.omegawatches.com.hk/zh/watch-omega-constellation-quartz-28-mm-13155286055003
https://www.omegawatches.com.hk/zh/watch-omega-constellation-quartz-28-mm-13155286055004
https://www.omegawatches.com.hk/zh/watch-omega-constellation-quartz-28-mm-13155286055005
https://www.omegawatches.com.hk/zh/watch-omega-constellation-quartz-28-mm-13155286055007
https://www.omegawatches.com.hk/zh/watch-omega-constellation-quartz-28-mm-13155286099001
https://www.omegawatches.com.hk/zh/watch-omega-constellation-quartz-28-mm-13155286099002
https://www.omegawatches.com.hk/zh/watch-omega-constellation-quartz-28-mm-13155286099003
https://www.omegawatches.com.hk/zh/watch-omega-constellation-quartz-28-mm-13155286099004
https://www.omegawatches.com.hk/zh/watch-omega-constellation-quartz-35-mm-12310356001001
https://www.omegawatches.com.hk/zh/watch-omega-constellation-quartz-35-mm-12310356002001
https://www.omegawatches.com.hk/zh/watch-omega-constellation-quartz-35-mm-12313356052001
https://www.omegawatches.com.hk/zh/watch-omega-constellation-quartz-35-mm-12313356060001
https://www.omegawatches.com.hk/zh/watch-omega-constellation-quartz-35-mm-12320356002001
https://www.omegawatches.com.hk/zh/watch-omega-constellation-quartz-35-mm-12320356002002
https://www.omegawatches.com.hk/zh/watch-omega-constellation-quartz-35-mm-12320356008001
https://www.omegawatches.com.hk/zh/watch-omega-constellation-quartz-35-mm-12353356052001
https://www.omegawatches.com.hk/zh/watch-omega-constellation-quartz-35-mm-12353356063001
https://www.omegawatches.com.hk/zh/watch-omega-de-ville-prestige-co-axial-chronograph-41-4-mm-42413415002001
https://www.omegawatches.com.hk/zh/watch-omega-de-ville-prestige-quartz-24-4-mm-42410246001001
https://www.omegawatches.com.hk/zh/watch-omega-de-ville-prestige-quartz-24-4-mm-42410246005001
https://www.omegawatches.com.hk/zh/watch-omega-de-ville-prestige-quartz-24-4-mm-42410246055001
https://www.omegawatches.com.hk/zh/watch-omega-de-ville-prestige-quartz-24-4-mm-42415246052001
https://www.omegawatches.com.hk/zh/watch-omega-de-ville-prestige-quartz-24-4-mm-42415246055001
https://www.omegawatches.com.hk/zh/watch-omega-de-ville-prestige-quartz-24-4-mm-42420246005001
https://www.omegawatches.com.hk/zh/watch-omega-de-ville-prestige-quartz-24-4-mm-42420246005002
https://www.omegawatches.com.hk/zh/watch-omega-de-ville-prestige-quartz-24-4-mm-42420246008001
https://www.omegawatches.com.hk/zh/watch-omega-de-ville-prestige-quartz-24-4-mm-42420246055001
https://www.omegawatches.com.hk/zh/watch-omega-de-ville-prestige-quartz-24-4-mm-42420246058001
https://www.omegawatches.com.hk/zh/watch-omega-de-ville-prestige-quartz-24-4-mm-42425246055001
https://www.omegawatches.com.hk/zh/watch-omega-de-ville-prestige-quartz-24-4-mm-42425246055002
https://www.omegawatches.com.hk/zh/watch-omega-de-ville-prestige-quartz-24-4-mm-42425246058001
https://www.omegawatches.com.hk/zh/watch-omega-de-ville-prestige-quartz-24-4-mm-42450246005001
https://www.omegawatches.com.hk/zh/watch-omega-de-ville-prestige-quartz-24-4-mm-42450246005002
https://www.omegawatches.com.hk/zh/watch-omega-de-ville-prestige-quartz-24-4-mm-42450246008001
https://www.omegawatches.com.hk/zh/watch-omega-de-ville-prestige-quartz-24-4-mm-42455246055001
https://www.omegawatches.com.hk/zh/watch-omega-de-ville-prestige-quartz-24-4-mm-42455246055002
https://www.omegawatches.com.hk/zh/watch-omega-de-ville-prestige-quartz-24-4-mm-42455246055003
https://www.omegawatches.com.hk/zh/watch-omega-de-ville-prestige-quartz-24-4-mm-42455246058001
https://www.omegawatches.com.hk/zh/watch-omega-de-ville-prestige-quartz-27-4-mm-42410276001001
https://www.omegawatches.com.hk/zh/watch-omega-de-ville-prestige-quartz-27-4-mm-42410276004001
https://www.omegawatches.com.hk/zh/watch-omega-de-ville-prestige-quartz-27-4-mm-42410276005001
https://www.omegawatches.com.hk/zh/watch-omega-de-ville-prestige-quartz-27-4-mm-42410276052001
https://www.omegawatches.com.hk/zh/watch-omega-de-ville-prestige-quartz-27-4-mm-42410276052002
https://www.omegawatches.com.hk/zh/watch-omega-de-ville-prestige-quartz-27-4-mm-42410276053001
https://www.omegawatches.com.hk/zh/watch-omega-de-ville-prestige-quartz-27-4-mm-42410276053003
https://www.omegawatches.com.hk/zh/watch-omega-de-ville-prestige-quartz-27-4-mm-42410276055001
https://www.omegawatches.com.hk/zh/watch-omega-de-ville-prestige-quartz-27-4-mm-42410276056002
https://www.omegawatches.com.hk/zh/watch-omega-de-ville-prestige-quartz-27-4-mm-42410276057001
https://www.omegawatches.com.hk/zh/watch-omega-de-ville-prestige-quartz-27-4-mm-42413276051001
https://www.omegawatches.com.hk/zh/watch-omega-de-ville-prestige-quartz-27-4-mm-42413276052001
https://www.omegawatches.com.hk/zh/watch-omega-de-ville-prestige-quartz-27-4-mm-42413276055001
https://www.omegawatches.com.hk/zh/watch-omega-de-ville-prestige-quartz-27-4-mm-42413276056001
https://www.omegawatches.com.hk/zh/watch-omega-de-ville-prestige-quartz-27-4-mm-42415276052001
https://www.omegawatches.com.hk/zh/watch-omega-de-ville-prestige-quartz-27-4-mm-42415276055001
https://www.omegawatches.com.hk/zh/watch-omega-de-ville-prestige-quartz-27-4-mm-42418276051001
https://www.omegawatches.com.hk/zh/watch-omega-de-ville-prestige-quartz-27-4-mm-42418276052001
https://www.omegawatches.com.hk/zh/watch-omega-de-ville-prestige-quartz-27-4-mm-42418276055001
https://www.omegawatches.com.hk/zh/watch-omega-de-ville-prestige-quartz-27-4-mm-42420276005001
https://www.omegawatches.com.hk/zh/watch-omega-de-ville-prestige-quartz-27-4-mm-42420276005002
https://www.omegawatches.com.hk/zh/watch-omega-de-ville-prestige-quartz-27-4-mm-42420276008001
https://www.omegawatches.com.hk/zh/watch-omega-de-ville-prestige-quartz-27-4-mm-42420276013001
https://www.omegawatches.com.hk/zh/watch-omega-de-ville-prestige-quartz-27-4-mm-42420276052002
https://www.omegawatches.com.hk/zh/watch-omega-de-ville-prestige-quartz-27-4-mm-42420276052003
https://www.omegawatches.com.hk/zh/watch-omega-de-ville-prestige-quartz-27-4-mm-42420276053001
https://www.omegawatches.com.hk/zh/watch-omega-de-ville-prestige-quartz-27-4-mm-42420276053002
https://www.omegawatches.com.hk/zh/watch-omega-de-ville-prestige-quartz-27-4-mm-42420276055001
https://www.omegawatches.com.hk/zh/watch-omega-de-ville-prestige-quartz-27-4-mm-42420276058001
https://www.omegawatches.com.hk/zh/watch-omega-de-ville-prestige-quartz-27-4-mm-42420276058002
https://www.omegawatches.com.hk/zh/watch-omega-de-ville-prestige-quartz-27-4-mm-42420276058003
https://www.omegawatches.com.hk/zh/watch-omega-de-ville-prestige-quartz-27-4-mm-42420276058004
https://www.omegawatches.com.hk/zh/watch-omega-de-ville-prestige-quartz-27-4-mm-42423276009001
https://www.omegawatches.com.hk/zh/watch-omega-de-ville-prestige-quartz-27-4-mm-42423276052001
https://www.omegawatches.com.hk/zh/watch-omega-de-ville-prestige-quartz-27-4-mm-42423276058001
https://www.omegawatches.com.hk/zh/watch-omega-de-ville-prestige-quartz-27-4-mm-42425276052001
https://www.omegawatches.com.hk/zh/watch-omega-de-ville-prestige-quartz-27-4-mm-42425276055001
https://www.omegawatches.com.hk/zh/watch-omega-de-ville-prestige-quartz-27-4-mm-42425276055002
https://www.omegawatches.com.hk/zh/watch-omega-de-ville-prestige-quartz-27-4-mm-42425276058001
https://www.omegawatches.com.hk/zh/watch-omega-de-ville-prestige-quartz-27-4-mm-42425276058002
https://www.omegawatches.com.hk/zh/watch-omega-de-ville-prestige-quartz-27-4-mm-42450276005001
https://www.omegawatches.com.hk/zh/watch-omega-de-ville-prestige-quartz-27-4-mm-42453276055001
https://www.omegawatches.com.hk/zh/watch-omega-de-ville-prestige-quartz-27-4-mm-42453276055002
https://www.omegawatches.com.hk/zh/watch-omega-de-ville-prestige-quartz-27-4-mm-42455276055001
https://www.omegawatches.com.hk/zh/watch-omega-de-ville-prestige-quartz-27-4-mm-42455276055002
https://www.omegawatches.com.hk/zh/watch-omega-de-ville-prestige-quartz-27-4-mm-42455276055003
https://www.omegawatches.com.hk/zh/watch-omega-de-ville-prestige-quartz-27-4-mm-42455276055004
https://www.omegawatches.com.hk/zh/watch-omega-de-ville-prestige-quartz-27-4-mm-42455276055005
https://www.omegawatches.com.hk/zh/watch-omega-de-ville-prestige-quartz-27-4-mm-42455276055006
https://www.omegawatches.com.hk/zh/watch-omega-de-ville-prestige-quartz-27-4-mm-42455276058001
https://www.omegawatches.com.hk/zh/watch-omega-de-ville-prestige-quartz-27-4-mm-42458276055002
https://www.omegawatches.com.hk/zh/watch-omega-de-ville-prestige-quartz-32-7-mm-42410336052001
https://www.omegawatches.com.hk/zh/watch-omega-de-ville-prestige-quartz-32-7-mm-42412336052001
https://www.omegawatches.com.hk/zh/watch-omega-de-ville-prestige-quartz-32-7-mm-42420336052001
https://www.omegawatches.com.hk/zh/watch-omega-de-ville-prestige-quartz-32-7-mm-42420336058001
https://www.omegawatches.com.hk/zh/watch-omega-de-ville-prestige-quartz-32-7-mm-42422336052001
https://www.omegawatches.com.hk/zh/watch-omega-de-ville-prestige-quartz-32-7-mm-42422336058001
https://www.omegawatches.com.hk/zh/watch-omega-de-ville-prestige-quartz-32-7-mm-42425336052001
https://www.omegawatches.com.hk/zh/watch-omega-de-ville-prestige-quartz-32-7-mm-42425336058001
https://www.omegawatches.com.hk/zh/watch-omega-de-ville-prestige-quartz-32-7-mm-42427336052001
https://www.omegawatches.com.hk/zh/watch-omega-de-ville-prestige-quartz-32-7-mm-42427336058001
https://www.omegawatches.com.hk/zh/watch-omega-de-ville-tresor-quartz-36-mm-42817366004001
https://www.omegawatches.com.hk/zh/watch-omega-de-ville-tresor-quartz-36-mm-42817366005001
https://www.omegawatches.com.hk/zh/watch-omega-de-ville-tresor-quartz-36-mm-42818366003001
https://www.omegawatches.com.hk/zh/watch-omega-de-ville-tresor-quartz-36-mm-42818366004002
https://www.omegawatches.com.hk/zh/watch-omega-de-ville-tresor-quartz-36-mm-42818366011001
https://www.omegawatches.com.hk/zh/watch-omega-de-ville-tresor-quartz-36-mm-42858366002001
https://www.omegawatches.com.hk/zh/watch-omega-de-ville-tresor-quartz-36-mm-42858366011001
https://www.omegawatches.com.hk/zh/watch-omega-de-ville-tresor-quartz-36-mm-42858366013001
https://www.omegawatches.com.hk/zh/watch-omega-de-ville-tresor-quartz-36-mm-42858366053001
https://www.omegawatches.com.hk/zh/watch-omega-de-ville-tresor-quartz-36-mm-42858366055001
https://www.omegawatches.com.hk/zh/watch-omega-de-ville-tresor-quartz-39-mm-42817396001001
https://www.omegawatches.com.hk/zh/watch-omega-de-ville-tresor-quartz-39-mm-42817396002001
https://www.omegawatches.com.hk/zh/watch-omega-de-ville-tresor-quartz-39-mm-42818396003001
https://www.omegawatches.com.hk/zh/watch-omega-de-ville-tresor-quartz-39-mm-42818396004001
https://www.omegawatches.com.hk/zh/watch-omega-de-ville-tresor-quartz-39-mm-42818396005001
https://www.omegawatches.com.hk/zh/watch-omega-de-ville-tresor-quartz-39-mm-42818396013001
https://www.omegawatches.com.hk/zh/watch-omega-seamaster-aqua-terra-150m-omega-co-axial-master-chronometer-41-mm-22012412102004
https://www.omegawatches.com.hk/zh/watch-omega-seamaster-aqua-terra-150m-quartz-28-mm-22010286051001
https://www.omegawatches.com.hk/zh/watch-omega-seamaster-aqua-terra-150m-quartz-28-mm-22010286053001
https://www.omegawatches.com.hk/zh/watch-omega-seamaster-aqua-terra-150m-quartz-28-mm-22010286054001
https://www.omegawatches.com.hk/zh/watch-omega-seamaster-aqua-terra-150m-quartz-28-mm-22010286055001
https://www.omegawatches.com.hk/zh/watch-omega-seamaster-aqua-terra-150m-quartz-28-mm-22010286060001
https://www.omegawatches.com.hk/zh/watch-omega-specialities-first-omega-wrist-chronograph-51652483004001
https://www.omegawatches.com.hk/zh/watch-omega-specialities-museum-51653385001001
https://www.omegawatches.com.hk/zh/watch-omega-specialities-museum-51653395002001
https://www.omegawatches.com.hk/zh/watch-omega-specialities-museum-51653395009001
https://www.omegawatches.com.hk/zh/watch-omega-specialities-olympic-official-timekeeper-52253385004001
https://www.omegawatches.com.hk/zh/watch-omega-specialities-olympic-official-timekeeper-52253395004001
https://www.omegawatches.com.hk/zh/watch-omega-specialities-olympic-official-timekeeper-52253395004002
https://www.omegawatches.com.hk/zh/watch-omega-specialities-olympic-pocket-watch-1932-51082000
https://www.omegawatches.com.hk/zh/watch-omega-specialities-olympic-pocket-watch-1932-51092000
https://www.omegawatches.com.hk/zh/watch-omega-specialities-olympic-pocket-watch-1932-51102000
https://www.omegawatches.com.hk/zh/watch-omega-speedmaster-57-chronograph-38-6-mm-31110393001001
https://www.omegawatches.com.hk/zh/watch-omega-speedmaster-moonwatch-professional-chronograph-42-mm-31130423001005
https://www.omegawatches.com.hk/zh/watch-omega-speedmaster-moonwatch-professional-chronograph-42-mm-31130423001006
https://www.omegawatches.com.hk/zh/watch-omega-speedmaster-moonwatch-professional-chronograph-42-mm-31133423001002
https://www.omegawatches.com.hk/zh/watch-omega-speedmaster-skywalker-x-33-chronograph-45-mm-31890457901001
https://www.omegawatches.com.hk/zh/watch-omega-speedmaster-skywalker-x-33-chronograph-45-mm-31892457903001
https://www.omegawatches.com.hk/zh/watch-omega-speedmaster-spacemaster-z-33-chronograph-43-x-53-mm-32592437901001
https://www.omegawatches.com.hk/zh/watch-omega-speedmaster-spacemaster-z-33-chronograph-43-x-53-mm-32592437901002
https://www.omegawatches.com.hk/zh/watch-omega-speedmaster-x-33-regatta-chronograph-45-mm-31892457901001
